<?xml version="1.0" encoding="UTF-8"?>
<testsuites name="Regression" time="716" tests="16" failures="35" errors="0">
   <testsuite name="Regression" tests="16" failures="35" errors="0" time="716" timestamp="2019-01-22 21:56:55" hostname="david avalos - TDG-MBL-MTY0359.tiempodev.local" id="Test Suites/UI/Regression">
      <properties>
         <property name="deviceName" value=""/>
         <property name="devicePlatform" value=""/>
         <property name="logFolder" value="C:\\Users\\David Avalos\\git\\AMPSAutRegression\\Reports\\UI\\Regression\\20190122_215637"/>
         <property name="logFiles" value="C:\\Users\\David Avalos\\git\\AMPSAutRegression\\Reports\\UI\\Regression\\20190122_215637\\execution0.log"/>
         <property name="attachments" value="C:\\Users\\David Avalos\\git\\AMPSAutRegression\\Reports\\UI\\Regression\\20190122_215637\\1548215852137.png, C:\\Users\\David Avalos\\git\\AMPSAutRegression\\Reports\\UI\\Regression\\20190122_215637\\1548216002717.png, C:\\Users\\David Avalos\\git\\AMPSAutRegression\\Reports\\UI\\Regression\\20190122_215637\\1548216046826.png, C:\\Users\\David Avalos\\git\\AMPSAutRegression\\Reports\\UI\\Regression\\20190122_215637\\1548216098347.png, C:\\Users\\David Avalos\\git\\AMPSAutRegression\\Reports\\UI\\Regression\\20190122_215637\\1548216262203.png, C:\\Users\\David Avalos\\git\\AMPSAutRegression\\Reports\\UI\\Regression\\20190122_215637\\1548216364218.png, C:\\Users\\David Avalos\\git\\AMPSAutRegression\\Reports\\UI\\Regression\\20190122_215637\\1548216385475.png, C:\\Users\\David Avalos\\git\\AMPSAutRegression\\Reports\\UI\\Regression\\20190122_215637\\1548216435802.png, C:\\Users\\David Avalos\\git\\AMPSAutRegression\\Reports\\UI\\Regression\\20190122_215637\\1548216531767.png"/>
         <property name="hostName" value="david avalos - TDG-MBL-MTY0359.tiempodev.local"/>
         <property name="os" value="Windows 10 64bit"/>
         <property name="katalonVersion" value="5.10.1.1"/>
         <property name="browser" value="Chrome 71.0.3578.98"/>
         <property name="hostAddress" value="192.168.1.97"/>
         <property name="sessionId" value="16ce238422dbda37c835a3eb5b76bfb0"/>
         <property name="seleniumVersion" value="3.7.1"/>
         <property name="proxyInformation" value="ProxyInformation{proxyOption=NO_PROXY, proxyServerType=HTTP, password=, proxyServerAddress=, proxyServerPort=0}"/>
         <property name="platform" value="Windows 10"/>
      </properties>
      <testcase name="Test Cases/UI/Client/Claim Services/Add_NewClaim" classname="Test Cases/UI/Client/Claim Services/Add_NewClaim" status="FAILED">
         <failure type="FAILED" message="Test Cases/UI/Client/Claim Services/Add_NewClaim FAILED.
Reason:
com.kms.katalon.core.exception.StepFailedException: Unable to click on object 'Object Repository/UI/Client/Claim Services/NewClaim/a_addClaim' (Root cause: org.openqa.selenium.WebDriverException: unknown error: Element &lt;a class=&quot;btn btn-default btn-palegreen&quot; href=&quot;/clients/203/claims/new&quot;>...&lt;/a> is not clickable at point (314, 443). Other element would receive the click: &lt;div class=&quot;loader-wrapper&quot;>...&lt;/div>
  (Session info: chrome=71.0.3578.98)
  (Driver info: chromedriver=2.43.600210 (68dcf5eebde37173d4027fa8635e332711d2874a),platform=Windows NT 10.0.15063 x86_64) (WARNING: The server did not provide any stacktrace information)
Command duration or timeout: 0 milliseconds
Build info: version: '3.7.1', revision: '8a0099a', time: '2017-11-06T21:07:36.161Z'
System info: host: 'TDG-MBL-MTY0359', ip: '192.168.1.97', os.name: 'Windows 10', os.arch: 'amd64', os.version: '10.0', java.version: '1.8.0_181'
Driver info: com.kms.katalon.selenium.driver.CChromeDriver
Capabilities {acceptInsecureCerts: false, acceptSslCerts: false, applicationCacheEnabled: false, browserConnectionEnabled: false, browserName: chrome, chrome: {chromedriverVersion: 2.43.600210 (68dcf5eebde371..., userDataDir: C:\Users\DAVIDA~1\AppData\L...}, cssSelectorsEnabled: true, databaseEnabled: false, goog:chromeOptions: {debuggerAddress: localhost:58250}, handlesAlerts: true, hasTouchScreen: false, javascriptEnabled: true, locationContextEnabled: true, mobileEmulationEnabled: false, nativeEvents: true, networkConnectionEnabled: false, pageLoadStrategy: normal, platform: XP, platformName: XP, rotatable: false, setWindowRect: true, takesHeapSnapshot: true, takesScreenshot: true, unexpectedAlertBehaviour: , unhandledPromptBehavior: , version: 71.0.3578.98, webStorageEnabled: true}
Session ID: 2a5af29936e9808d995943db6a2062f5)
	at com.kms.katalon.core.keyword.internal.KeywordMain.stepFailed(KeywordMain.groovy:36)
	at com.kms.katalon.core.webui.keyword.internal.WebUIKeywordMain.stepFailed(WebUIKeywordMain.groovy:65)
	at com.kms.katalon.core.webui.keyword.internal.WebUIKeywordMain.runKeyword(WebUIKeywordMain.groovy:27)
	at com.kms.katalon.core.webui.keyword.builtin.ClickKeyword.click(ClickKeyword.groovy:86)
	at com.kms.katalon.core.webui.keyword.builtin.ClickKeyword.execute(ClickKeyword.groovy:67)
	at com.kms.katalon.core.keyword.internal.KeywordExecutor.executeKeywordForPlatform(KeywordExecutor.groovy:53)
	at com.kms.katalon.core.webui.keyword.WebUiBuiltInKeywords.click(WebUiBuiltInKeywords.groovy:616)
	at com.kms.katalon.core.webui.keyword.WebUiBuiltInKeywords$click$5.call(Unknown Source)
	at Add_NewClaim.run(Add_NewClaim:52)
	at com.kms.katalon.core.main.ScriptEngine.run(ScriptEngine.java:194)
	at com.kms.katalon.core.main.ScriptEngine.runScriptAsRawText(ScriptEngine.java:119)
	at com.kms.katalon.core.main.TestCaseExecutor.runScript(TestCaseExecutor.java:328)
	at com.kms.katalon.core.main.TestCaseExecutor.doExecute(TestCaseExecutor.java:319)
	at com.kms.katalon.core.main.TestCaseExecutor.processExecutionPhase(TestCaseExecutor.java:298)
	at com.kms.katalon.core.main.TestCaseExecutor.accessMainPhase(TestCaseExecutor.java:290)
	at com.kms.katalon.core.main.TestCaseExecutor.execute(TestCaseExecutor.java:224)
	at com.kms.katalon.core.main.TestSuiteExecutor.accessTestCaseMainPhase(TestSuiteExecutor.java:129)
	at com.kms.katalon.core.main.TestSuiteExecutor.accessTestSuiteMainPhase(TestSuiteExecutor.java:112)
	at com.kms.katalon.core.main.TestSuiteExecutor.execute(TestSuiteExecutor.java:81)
	at com.kms.katalon.core.main.TestCaseMain.startTestSuite(TestCaseMain.java:149)
	at com.kms.katalon.core.main.TestCaseMain$startTestSuite$0.call(Unknown Source)
	at TempTestSuite1548215797467.run(TempTestSuite1548215797467.groovy:36)
"/>
         <system-out><![CDATA[2019-01-22 21:56:56 - [TEST_CASE][FAILED] - Test Cases/UI/Client/Claim Services/Add_NewClaim: Test Cases/UI/Client/Claim Services/Add_NewClaim FAILED.
Reason:
com.kms.katalon.core.exception.StepFailedException: Unable to click on object 'Object Repository/UI/Client/Claim Services/NewClaim/a_addClaim' (Root cause: org.openqa.selenium.WebDriverException: unknown error: Element <a class="btn btn-default btn-palegreen" href="/clients/203/claims/new">...</a> is not clickable at point (314, 443). Other element would receive the click: <div class="loader-wrapper">...</div>
  (Session info: chrome=71.0.3578.98)
  (Driver info: chromedriver=2.43.600210 (68dcf5eebde37173d4027fa8635e332711d2874a),platform=Windows NT 10.0.15063 x86_64) (WARNING: The server did not provide any stacktrace information)
Command duration or timeout: 0 milliseconds
Build info: version: '3.7.1', revision: '8a0099a', time: '2017-11-06T21:07:36.161Z'
System info: host: 'TDG-MBL-MTY0359', ip: '192.168.1.97', os.name: 'Windows 10', os.arch: 'amd64', os.version: '10.0', java.version: '1.8.0_181'
Driver info: com.kms.katalon.selenium.driver.CChromeDriver
Capabilities {acceptInsecureCerts: false, acceptSslCerts: false, applicationCacheEnabled: false, browserConnectionEnabled: false, browserName: chrome, chrome: {chromedriverVersion: 2.43.600210 (68dcf5eebde371..., userDataDir: C:\Users\DAVIDA~1\AppData\L...}, cssSelectorsEnabled: true, databaseEnabled: false, goog:chromeOptions: {debuggerAddress: localhost:58250}, handlesAlerts: true, hasTouchScreen: false, javascriptEnabled: true, locationContextEnabled: true, mobileEmulationEnabled: false, nativeEvents: true, networkConnectionEnabled: false, pageLoadStrategy: normal, platform: XP, platformName: XP, rotatable: false, setWindowRect: true, takesHeapSnapshot: true, takesScreenshot: true, unexpectedAlertBehaviour: , unhandledPromptBehavior: , version: 71.0.3578.98, webStorageEnabled: true}
Session ID: 2a5af29936e9808d995943db6a2062f5)
	at com.kms.katalon.core.keyword.internal.KeywordMain.stepFailed(KeywordMain.groovy:36)
	at com.kms.katalon.core.webui.keyword.internal.WebUIKeywordMain.stepFailed(WebUIKeywordMain.groovy:65)
	at com.kms.katalon.core.webui.keyword.internal.WebUIKeywordMain.runKeyword(WebUIKeywordMain.groovy:27)
	at com.kms.katalon.core.webui.keyword.builtin.ClickKeyword.click(ClickKeyword.groovy:86)
	at com.kms.katalon.core.webui.keyword.builtin.ClickKeyword.execute(ClickKeyword.groovy:67)
	at com.kms.katalon.core.keyword.internal.KeywordExecutor.executeKeywordForPlatform(KeywordExecutor.groovy:53)
	at com.kms.katalon.core.webui.keyword.WebUiBuiltInKeywords.click(WebUiBuiltInKeywords.groovy:616)
	at com.kms.katalon.core.webui.keyword.WebUiBuiltInKeywords$click$5.call(Unknown Source)
	at Add_NewClaim.run(Add_NewClaim:52)
	at com.kms.katalon.core.main.ScriptEngine.run(ScriptEngine.java:194)
	at com.kms.katalon.core.main.ScriptEngine.runScriptAsRawText(ScriptEngine.java:119)
	at com.kms.katalon.core.main.TestCaseExecutor.runScript(TestCaseExecutor.java:328)
	at com.kms.katalon.core.main.TestCaseExecutor.doExecute(TestCaseExecutor.java:319)
	at com.kms.katalon.core.main.TestCaseExecutor.processExecutionPhase(TestCaseExecutor.java:298)
	at com.kms.katalon.core.main.TestCaseExecutor.accessMainPhase(TestCaseExecutor.java:290)
	at com.kms.katalon.core.main.TestCaseExecutor.execute(TestCaseExecutor.java:224)
	at com.kms.katalon.core.main.TestSuiteExecutor.accessTestCaseMainPhase(TestSuiteExecutor.java:129)
	at com.kms.katalon.core.main.TestSuiteExecutor.accessTestSuiteMainPhase(TestSuiteExecutor.java:112)
	at com.kms.katalon.core.main.TestSuiteExecutor.execute(TestSuiteExecutor.java:81)
	at com.kms.katalon.core.main.TestCaseMain.startTestSuite(TestCaseMain.java:149)
	at com.kms.katalon.core.main.TestCaseMain$startTestSuite$0.call(Unknown Source)
	at TempTestSuite1548215797467.run(TempTestSuite1548215797467.groovy:36)


2019-01-22 21:56:56 - [TEST_STEP][PASSED] - UAT = "https://uat.advancedpricing.com": null

2019-01-22 21:56:56 - [TEST_STEP][PASSED] - USER = "qaAuto": null

2019-01-22 21:56:56 - [TEST_STEP][PASSED] - PASSWD = "a9yk100dD": null

2019-01-22 21:56:56 - [TEST_STEP][PASSED] - CLAIMNUMBER = "22222": null

2019-01-22 21:56:56 - [TEST_STEP][PASSED] - RXDATE = "01/18/2019": null

2019-01-22 21:56:56 - [TEST_STEP][PASSED] - BILLCHRG = "182019": null

2019-01-22 21:56:56 - [TEST_STEP][PASSED] - PPONAME = "None": null

2019-01-22 21:56:56 - [TEST_STEP][PASSED] - UPFILE = "C:\uploadAMPS\MedRecords-Demo.png": null

2019-01-22 21:56:56 - [TEST_STEP][PASSED] - openBrowser(""): Browser is opened with url: ''

2019-01-22 21:56:56 - [MESSAGE][INFO] - Starting 'Chrome' driver

2019-01-22 21:56:56 - [MESSAGE][INFO] - Action delay is set to 0 seconds

2019-01-22 21:56:59 - [MESSAGE][PASSED] - Browser is opened with url: ''

2019-01-22 21:56:59 - [TEST_STEP][PASSED] - maximizeWindow(): Current window maximized

2019-01-22 21:57:00 - [MESSAGE][PASSED] - Current window maximized

2019-01-22 21:57:00 - [TEST_STEP][PASSED] - navigateToUrl(UAT): Navigate to 'https://uat.advancedpricing.com' successfully

2019-01-22 21:57:29 - [MESSAGE][PASSED] - Navigate to 'https://uat.advancedpricing.com' successfully

2019-01-22 21:57:29 - [TEST_STEP][PASSED] - waitForPageLoad(5): Wait for page load successfully

2019-01-22 21:57:29 - [MESSAGE][PASSED] - Wait for page load successfully

2019-01-22 21:57:29 - [TEST_STEP][PASSED] - setText(findTestObject("UI/Client/Claim Services/input_userCode"), USER): Text 'qaAuto' is set on object 'Object Repository/UI/Client/Claim Services/input_userCode'

2019-01-22 21:57:29 - [MESSAGE][PASSED] - Text 'qaAuto' is set on object 'Object Repository/UI/Client/Claim Services/input_userCode'

2019-01-22 21:57:29 - [TEST_STEP][PASSED] - setText(findTestObject("UI/Client/Claim Services/input_userPassword"), PASSWD): Text 'a9yk100dD' is set on object 'Object Repository/UI/Client/Claim Services/input_userPassword'

2019-01-22 21:57:29 - [MESSAGE][PASSED] - Text 'a9yk100dD' is set on object 'Object Repository/UI/Client/Claim Services/input_userPassword'

2019-01-22 21:57:29 - [TEST_STEP][PASSED] - waitForElementClickable(findTestObject("UI/Client/Claim Services/input_loginButton"), 5): Object 'Object Repository/UI/Client/Claim Services/input_loginButton' is clickable

2019-01-22 21:57:29 - [MESSAGE][PASSED] - Object 'Object Repository/UI/Client/Claim Services/input_loginButton' is clickable

2019-01-22 21:57:29 - [TEST_STEP][PASSED] - click(findTestObject("UI/Client/Claim Services/input_loginButton")): Object: 'Object Repository/UI/Client/Claim Services/input_loginButton' is clicked on

2019-01-22 21:57:30 - [MESSAGE][PASSED] - Object: 'Object Repository/UI/Client/Claim Services/input_loginButton' is clicked on

2019-01-22 21:57:30 - [TEST_STEP][PASSED] - waitForPageLoad(5): Wait for page load successfully

2019-01-22 21:57:30 - [MESSAGE][PASSED] - Wait for page load successfully

2019-01-22 21:57:30 - [TEST_STEP][PASSED] - waitForElementClickable(findTestObject("UI/Client/Claim Services/span_ABMSClient"), 5): Object 'Object Repository/UI/Client/Claim Services/span_ABMSClient' is clickable

2019-01-22 21:57:31 - [MESSAGE][PASSED] - Object 'Object Repository/UI/Client/Claim Services/span_ABMSClient' is clickable

2019-01-22 21:57:31 - [TEST_STEP][PASSED] - click(findTestObject("UI/Client/Claim Services/span_ABMSClient")): Object: 'Object Repository/UI/Client/Claim Services/span_ABMSClient' is clicked on

2019-01-22 21:57:31 - [MESSAGE][PASSED] - Object: 'Object Repository/UI/Client/Claim Services/span_ABMSClient' is clicked on

2019-01-22 21:57:31 - [TEST_STEP][PASSED] - waitForPageLoad(5): Wait for page load successfully

2019-01-22 21:57:32 - [MESSAGE][PASSED] - Wait for page load successfully

2019-01-22 21:57:32 - [TEST_STEP][PASSED] - waitForElementClickable(findTestObject("UI/Client/Claim Services/NewClaim/a_addClaim"), 5): Object 'Object Repository/UI/Client/Claim Services/NewClaim/a_addClaim' is clickable

2019-01-22 21:57:32 - [MESSAGE][PASSED] - Object 'Object Repository/UI/Client/Claim Services/NewClaim/a_addClaim' is clickable

2019-01-22 21:57:32 - [TEST_STEP][FAILED] - click(findTestObject("UI/Client/Claim Services/NewClaim/a_addClaim")): click(findTestObject("UI/Client/Claim Services/NewClaim/a_addClaim")) FAILED.
Reason:
com.kms.katalon.core.exception.StepFailedException: Unable to click on object 'Object Repository/UI/Client/Claim Services/NewClaim/a_addClaim' (Root cause: org.openqa.selenium.WebDriverException: unknown error: Element <a class="btn btn-default btn-palegreen" href="/clients/203/claims/new">...</a> is not clickable at point (314, 443). Other element would receive the click: <div class="loader-wrapper">...</div>
  (Session info: chrome=71.0.3578.98)
  (Driver info: chromedriver=2.43.600210 (68dcf5eebde37173d4027fa8635e332711d2874a),platform=Windows NT 10.0.15063 x86_64) (WARNING: The server did not provide any stacktrace information)
Command duration or timeout: 0 milliseconds
Build info: version: '3.7.1', revision: '8a0099a', time: '2017-11-06T21:07:36.161Z'
System info: host: 'TDG-MBL-MTY0359', ip: '192.168.1.97', os.name: 'Windows 10', os.arch: 'amd64', os.version: '10.0', java.version: '1.8.0_181'
Driver info: com.kms.katalon.selenium.driver.CChromeDriver
Capabilities {acceptInsecureCerts: false, acceptSslCerts: false, applicationCacheEnabled: false, browserConnectionEnabled: false, browserName: chrome, chrome: {chromedriverVersion: 2.43.600210 (68dcf5eebde371..., userDataDir: C:\Users\DAVIDA~1\AppData\L...}, cssSelectorsEnabled: true, databaseEnabled: false, goog:chromeOptions: {debuggerAddress: localhost:58250}, handlesAlerts: true, hasTouchScreen: false, javascriptEnabled: true, locationContextEnabled: true, mobileEmulationEnabled: false, nativeEvents: true, networkConnectionEnabled: false, pageLoadStrategy: normal, platform: XP, platformName: XP, rotatable: false, setWindowRect: true, takesHeapSnapshot: true, takesScreenshot: true, unexpectedAlertBehaviour: , unhandledPromptBehavior: , version: 71.0.3578.98, webStorageEnabled: true}
Session ID: 2a5af29936e9808d995943db6a2062f5)
	at com.kms.katalon.core.keyword.internal.KeywordMain.stepFailed(KeywordMain.groovy:36)
	at com.kms.katalon.core.webui.keyword.internal.WebUIKeywordMain.stepFailed(WebUIKeywordMain.groovy:65)
	at com.kms.katalon.core.webui.keyword.internal.WebUIKeywordMain.runKeyword(WebUIKeywordMain.groovy:27)
	at com.kms.katalon.core.webui.keyword.builtin.ClickKeyword.click(ClickKeyword.groovy:86)
	at com.kms.katalon.core.webui.keyword.builtin.ClickKeyword.execute(ClickKeyword.groovy:67)
	at com.kms.katalon.core.keyword.internal.KeywordExecutor.executeKeywordForPlatform(KeywordExecutor.groovy:53)
	at com.kms.katalon.core.webui.keyword.WebUiBuiltInKeywords.click(WebUiBuiltInKeywords.groovy:616)
	at com.kms.katalon.core.webui.keyword.WebUiBuiltInKeywords$click$5.call(Unknown Source)
	at Add_NewClaim.run(Add_NewClaim:52)
	at com.kms.katalon.core.main.ScriptEngine.run(ScriptEngine.java:194)
	at com.kms.katalon.core.main.ScriptEngine.runScriptAsRawText(ScriptEngine.java:119)
	at com.kms.katalon.core.main.TestCaseExecutor.runScript(TestCaseExecutor.java:328)
	at com.kms.katalon.core.main.TestCaseExecutor.doExecute(TestCaseExecutor.java:319)
	at com.kms.katalon.core.main.TestCaseExecutor.processExecutionPhase(TestCaseExecutor.java:298)
	at com.kms.katalon.core.main.TestCaseExecutor.accessMainPhase(TestCaseExecutor.java:290)
	at com.kms.katalon.core.main.TestCaseExecutor.execute(TestCaseExecutor.java:224)
	at com.kms.katalon.core.main.TestSuiteExecutor.accessTestCaseMainPhase(TestSuiteExecutor.java:129)
	at com.kms.katalon.core.main.TestSuiteExecutor.accessTestSuiteMainPhase(TestSuiteExecutor.java:112)
	at com.kms.katalon.core.main.TestSuiteExecutor.execute(TestSuiteExecutor.java:81)
	at com.kms.katalon.core.main.TestCaseMain.startTestSuite(TestCaseMain.java:149)
	at com.kms.katalon.core.main.TestCaseMain$startTestSuite$0.call(Unknown Source)
	at TempTestSuite1548215797467.run(TempTestSuite1548215797467.groovy:36)


2019-01-22 21:57:32 - [MESSAGE][FAILED] - Unable to click on object 'Object Repository/UI/Client/Claim Services/NewClaim/a_addClaim' (Root cause: org.openqa.selenium.WebDriverException: unknown error: Element <a class="btn btn-default btn-palegreen" href="/clients/203/claims/new">...</a> is not clickable at point (314, 443). Other element would receive the click: <div class="loader-wrapper">...</div>
  (Session info: chrome=71.0.3578.98)
  (Driver info: chromedriver=2.43.600210 (68dcf5eebde37173d4027fa8635e332711d2874a),platform=Windows NT 10.0.15063 x86_64) (WARNING: The server did not provide any stacktrace information)
Command duration or timeout: 0 milliseconds
Build info: version: '3.7.1', revision: '8a0099a', time: '2017-11-06T21:07:36.161Z'
System info: host: 'TDG-MBL-MTY0359', ip: '192.168.1.97', os.name: 'Windows 10', os.arch: 'amd64', os.version: '10.0', java.version: '1.8.0_181'
Driver info: com.kms.katalon.selenium.driver.CChromeDriver
Capabilities {acceptInsecureCerts: false, acceptSslCerts: false, applicationCacheEnabled: false, browserConnectionEnabled: false, browserName: chrome, chrome: {chromedriverVersion: 2.43.600210 (68dcf5eebde371..., userDataDir: C:\Users\DAVIDA~1\AppData\L...}, cssSelectorsEnabled: true, databaseEnabled: false, goog:chromeOptions: {debuggerAddress: localhost:58250}, handlesAlerts: true, hasTouchScreen: false, javascriptEnabled: true, locationContextEnabled: true, mobileEmulationEnabled: false, nativeEvents: true, networkConnectionEnabled: false, pageLoadStrategy: normal, platform: XP, platformName: XP, rotatable: false, setWindowRect: true, takesHeapSnapshot: true, takesScreenshot: true, unexpectedAlertBehaviour: , unhandledPromptBehavior: , version: 71.0.3578.98, webStorageEnabled: true}
Session ID: 2a5af29936e9808d995943db6a2062f5)
[[ATTACHMENT|C:\\Users\\David Avalos\\git\\AMPSAutRegression\\Reports\\UI\\Regression\\20190122_215637\\1548215852137.png]]

2019-01-22 21:57:32 - [MESSAGE][FAILED] - click(findTestObject("UI/Client/Claim Services/NewClaim/a_addClaim")) FAILED.
Reason:
com.kms.katalon.core.exception.StepFailedException: Unable to click on object 'Object Repository/UI/Client/Claim Services/NewClaim/a_addClaim' (Root cause: org.openqa.selenium.WebDriverException: unknown error: Element <a class="btn btn-default btn-palegreen" href="/clients/203/claims/new">...</a> is not clickable at point (314, 443). Other element would receive the click: <div class="loader-wrapper">...</div>
  (Session info: chrome=71.0.3578.98)
  (Driver info: chromedriver=2.43.600210 (68dcf5eebde37173d4027fa8635e332711d2874a),platform=Windows NT 10.0.15063 x86_64) (WARNING: The server did not provide any stacktrace information)
Command duration or timeout: 0 milliseconds
Build info: version: '3.7.1', revision: '8a0099a', time: '2017-11-06T21:07:36.161Z'
System info: host: 'TDG-MBL-MTY0359', ip: '192.168.1.97', os.name: 'Windows 10', os.arch: 'amd64', os.version: '10.0', java.version: '1.8.0_181'
Driver info: com.kms.katalon.selenium.driver.CChromeDriver
Capabilities {acceptInsecureCerts: false, acceptSslCerts: false, applicationCacheEnabled: false, browserConnectionEnabled: false, browserName: chrome, chrome: {chromedriverVersion: 2.43.600210 (68dcf5eebde371..., userDataDir: C:\Users\DAVIDA~1\AppData\L...}, cssSelectorsEnabled: true, databaseEnabled: false, goog:chromeOptions: {debuggerAddress: localhost:58250}, handlesAlerts: true, hasTouchScreen: false, javascriptEnabled: true, locationContextEnabled: true, mobileEmulationEnabled: false, nativeEvents: true, networkConnectionEnabled: false, pageLoadStrategy: normal, platform: XP, platformName: XP, rotatable: false, setWindowRect: true, takesHeapSnapshot: true, takesScreenshot: true, unexpectedAlertBehaviour: , unhandledPromptBehavior: , version: 71.0.3578.98, webStorageEnabled: true}
Session ID: 2a5af29936e9808d995943db6a2062f5)
	at com.kms.katalon.core.keyword.internal.KeywordMain.stepFailed(KeywordMain.groovy:36)
	at com.kms.katalon.core.webui.keyword.internal.WebUIKeywordMain.stepFailed(WebUIKeywordMain.groovy:65)
	at com.kms.katalon.core.webui.keyword.internal.WebUIKeywordMain.runKeyword(WebUIKeywordMain.groovy:27)
	at com.kms.katalon.core.webui.keyword.builtin.ClickKeyword.click(ClickKeyword.groovy:86)
	at com.kms.katalon.core.webui.keyword.builtin.ClickKeyword.execute(ClickKeyword.groovy:67)
	at com.kms.katalon.core.keyword.internal.KeywordExecutor.executeKeywordForPlatform(KeywordExecutor.groovy:53)
	at com.kms.katalon.core.webui.keyword.WebUiBuiltInKeywords.click(WebUiBuiltInKeywords.groovy:616)
	at com.kms.katalon.core.webui.keyword.WebUiBuiltInKeywords$click$5.call(Unknown Source)
	at Add_NewClaim.run(Add_NewClaim:52)
	at com.kms.katalon.core.main.ScriptEngine.run(ScriptEngine.java:194)
	at com.kms.katalon.core.main.ScriptEngine.runScriptAsRawText(ScriptEngine.java:119)
	at com.kms.katalon.core.main.TestCaseExecutor.runScript(TestCaseExecutor.java:328)
	at com.kms.katalon.core.main.TestCaseExecutor.doExecute(TestCaseExecutor.java:319)
	at com.kms.katalon.core.main.TestCaseExecutor.processExecutionPhase(TestCaseExecutor.java:298)
	at com.kms.katalon.core.main.TestCaseExecutor.accessMainPhase(TestCaseExecutor.java:290)
	at com.kms.katalon.core.main.TestCaseExecutor.execute(TestCaseExecutor.java:224)
	at com.kms.katalon.core.main.TestSuiteExecutor.accessTestCaseMainPhase(TestSuiteExecutor.java:129)
	at com.kms.katalon.core.main.TestSuiteExecutor.accessTestSuiteMainPhase(TestSuiteExecutor.java:112)
	at com.kms.katalon.core.main.TestSuiteExecutor.execute(TestSuiteExecutor.java:81)
	at com.kms.katalon.core.main.TestCaseMain.startTestSuite(TestCaseMain.java:149)
	at com.kms.katalon.core.main.TestCaseMain$startTestSuite$0.call(Unknown Source)
	at TempTestSuite1548215797467.run(TempTestSuite1548215797467.groovy:36)]]></system-out>
         <system-err><![CDATA[2019-01-22 21:56:56 - [TEST_CASE][FAILED] - Test Cases/UI/Client/Claim Services/Add_NewClaim: Test Cases/UI/Client/Claim Services/Add_NewClaim FAILED.
Reason:
com.kms.katalon.core.exception.StepFailedException: Unable to click on object 'Object Repository/UI/Client/Claim Services/NewClaim/a_addClaim' (Root cause: org.openqa.selenium.WebDriverException: unknown error: Element <a class="btn btn-default btn-palegreen" href="/clients/203/claims/new">...</a> is not clickable at point (314, 443). Other element would receive the click: <div class="loader-wrapper">...</div>
  (Session info: chrome=71.0.3578.98)
  (Driver info: chromedriver=2.43.600210 (68dcf5eebde37173d4027fa8635e332711d2874a),platform=Windows NT 10.0.15063 x86_64) (WARNING: The server did not provide any stacktrace information)
Command duration or timeout: 0 milliseconds
Build info: version: '3.7.1', revision: '8a0099a', time: '2017-11-06T21:07:36.161Z'
System info: host: 'TDG-MBL-MTY0359', ip: '192.168.1.97', os.name: 'Windows 10', os.arch: 'amd64', os.version: '10.0', java.version: '1.8.0_181'
Driver info: com.kms.katalon.selenium.driver.CChromeDriver
Capabilities {acceptInsecureCerts: false, acceptSslCerts: false, applicationCacheEnabled: false, browserConnectionEnabled: false, browserName: chrome, chrome: {chromedriverVersion: 2.43.600210 (68dcf5eebde371..., userDataDir: C:\Users\DAVIDA~1\AppData\L...}, cssSelectorsEnabled: true, databaseEnabled: false, goog:chromeOptions: {debuggerAddress: localhost:58250}, handlesAlerts: true, hasTouchScreen: false, javascriptEnabled: true, locationContextEnabled: true, mobileEmulationEnabled: false, nativeEvents: true, networkConnectionEnabled: false, pageLoadStrategy: normal, platform: XP, platformName: XP, rotatable: false, setWindowRect: true, takesHeapSnapshot: true, takesScreenshot: true, unexpectedAlertBehaviour: , unhandledPromptBehavior: , version: 71.0.3578.98, webStorageEnabled: true}
Session ID: 2a5af29936e9808d995943db6a2062f5)
	at com.kms.katalon.core.keyword.internal.KeywordMain.stepFailed(KeywordMain.groovy:36)
	at com.kms.katalon.core.webui.keyword.internal.WebUIKeywordMain.stepFailed(WebUIKeywordMain.groovy:65)
	at com.kms.katalon.core.webui.keyword.internal.WebUIKeywordMain.runKeyword(WebUIKeywordMain.groovy:27)
	at com.kms.katalon.core.webui.keyword.builtin.ClickKeyword.click(ClickKeyword.groovy:86)
	at com.kms.katalon.core.webui.keyword.builtin.ClickKeyword.execute(ClickKeyword.groovy:67)
	at com.kms.katalon.core.keyword.internal.KeywordExecutor.executeKeywordForPlatform(KeywordExecutor.groovy:53)
	at com.kms.katalon.core.webui.keyword.WebUiBuiltInKeywords.click(WebUiBuiltInKeywords.groovy:616)
	at com.kms.katalon.core.webui.keyword.WebUiBuiltInKeywords$click$5.call(Unknown Source)
	at Add_NewClaim.run(Add_NewClaim:52)
	at com.kms.katalon.core.main.ScriptEngine.run(ScriptEngine.java:194)
	at com.kms.katalon.core.main.ScriptEngine.runScriptAsRawText(ScriptEngine.java:119)
	at com.kms.katalon.core.main.TestCaseExecutor.runScript(TestCaseExecutor.java:328)
	at com.kms.katalon.core.main.TestCaseExecutor.doExecute(TestCaseExecutor.java:319)
	at com.kms.katalon.core.main.TestCaseExecutor.processExecutionPhase(TestCaseExecutor.java:298)
	at com.kms.katalon.core.main.TestCaseExecutor.accessMainPhase(TestCaseExecutor.java:290)
	at com.kms.katalon.core.main.TestCaseExecutor.execute(TestCaseExecutor.java:224)
	at com.kms.katalon.core.main.TestSuiteExecutor.accessTestCaseMainPhase(TestSuiteExecutor.java:129)
	at com.kms.katalon.core.main.TestSuiteExecutor.accessTestSuiteMainPhase(TestSuiteExecutor.java:112)
	at com.kms.katalon.core.main.TestSuiteExecutor.execute(TestSuiteExecutor.java:81)
	at com.kms.katalon.core.main.TestCaseMain.startTestSuite(TestCaseMain.java:149)
	at com.kms.katalon.core.main.TestCaseMain$startTestSuite$0.call(Unknown Source)
	at TempTestSuite1548215797467.run(TempTestSuite1548215797467.groovy:36)]]></system-err>
      </testcase>
      <testcase name="Test Cases/UI/Client/Claim Services/Claim_Details" classname="Test Cases/UI/Client/Claim Services/Claim_Details" status="PASSED">
         <system-out><![CDATA[2019-01-22 21:57:32 - [TEST_CASE][PASSED] - Test Cases/UI/Client/Claim Services/Claim_Details: Test Cases/UI/Client/Claim Services/Claim_Details

2019-01-22 21:57:32 - [TEST_STEP][PASSED] - UAT = "https://uat.advancedpricing.com": null

2019-01-22 21:57:32 - [TEST_STEP][PASSED] - USER = "qaAuto": null

2019-01-22 21:57:32 - [TEST_STEP][PASSED] - PASSWD = "a9yk100dD": null

2019-01-22 21:57:32 - [TEST_STEP][PASSED] - openBrowser(""): Browser is opened with url: ''

2019-01-22 21:57:32 - [MESSAGE][WARNING] - A browser is already opened. Closing browser and opening a new one

2019-01-22 21:57:33 - [MESSAGE][INFO] - Starting 'Chrome' driver

2019-01-22 21:57:35 - [MESSAGE][PASSED] - Browser is opened with url: ''

2019-01-22 21:57:35 - [TEST_STEP][PASSED] - maximizeWindow(): Current window maximized

2019-01-22 21:57:36 - [MESSAGE][PASSED] - Current window maximized

2019-01-22 21:57:36 - [TEST_STEP][PASSED] - navigateToUrl(UAT): Navigate to 'https://uat.advancedpricing.com' successfully

2019-01-22 21:57:39 - [MESSAGE][PASSED] - Navigate to 'https://uat.advancedpricing.com' successfully

2019-01-22 21:57:39 - [TEST_STEP][PASSED] - waitForPageLoad(5): Wait for page load successfully

2019-01-22 21:57:39 - [MESSAGE][PASSED] - Wait for page load successfully

2019-01-22 21:57:39 - [TEST_STEP][PASSED] - setText(findTestObject("UI/Client/Claim Services/input_userCode"), USER): Text 'qaAuto' is set on object 'Object Repository/UI/Client/Claim Services/input_userCode'

2019-01-22 21:57:39 - [MESSAGE][PASSED] - Text 'qaAuto' is set on object 'Object Repository/UI/Client/Claim Services/input_userCode'

2019-01-22 21:57:39 - [TEST_STEP][PASSED] - setText(findTestObject("UI/Client/Claim Services/input_userPassword"), PASSWD): Text 'a9yk100dD' is set on object 'Object Repository/UI/Client/Claim Services/input_userPassword'

2019-01-22 21:57:39 - [MESSAGE][PASSED] - Text 'a9yk100dD' is set on object 'Object Repository/UI/Client/Claim Services/input_userPassword'

2019-01-22 21:57:39 - [TEST_STEP][PASSED] - waitForElementClickable(findTestObject("UI/Client/Claim Services/input_loginButton"), 5): Object 'Object Repository/UI/Client/Claim Services/input_loginButton' is clickable

2019-01-22 21:57:39 - [MESSAGE][PASSED] - Object 'Object Repository/UI/Client/Claim Services/input_loginButton' is clickable

2019-01-22 21:57:39 - [TEST_STEP][PASSED] - click(findTestObject("UI/Client/Claim Services/input_loginButton")): Object: 'Object Repository/UI/Client/Claim Services/input_loginButton' is clicked on

2019-01-22 21:57:39 - [MESSAGE][PASSED] - Object: 'Object Repository/UI/Client/Claim Services/input_loginButton' is clicked on

2019-01-22 21:57:39 - [TEST_STEP][PASSED] - waitForPageLoad(5): Wait for page load successfully

2019-01-22 21:57:39 - [MESSAGE][PASSED] - Wait for page load successfully

2019-01-22 21:57:39 - [TEST_STEP][PASSED] - waitForElementClickable(findTestObject("UI/Client/Claim Services/span_ABMSClient"), 5): Object 'Object Repository/UI/Client/Claim Services/span_ABMSClient' is clickable

2019-01-22 21:57:40 - [MESSAGE][PASSED] - Object 'Object Repository/UI/Client/Claim Services/span_ABMSClient' is clickable

2019-01-22 21:57:40 - [TEST_STEP][PASSED] - click(findTestObject("UI/Client/Claim Services/span_ABMSClient")): Object: 'Object Repository/UI/Client/Claim Services/span_ABMSClient' is clicked on

2019-01-22 21:57:41 - [MESSAGE][PASSED] - Object: 'Object Repository/UI/Client/Claim Services/span_ABMSClient' is clicked on

2019-01-22 21:57:41 - [TEST_STEP][PASSED] - waitForPageLoad(5): Wait for page load successfully

2019-01-22 21:57:41 - [MESSAGE][PASSED] - Wait for page load successfully

2019-01-22 21:57:41 - [TEST_STEP][PASSED] - waitForElementClickable(findTestObject("UI/Client/Claim Services/span_firstClaim"), 5): Object 'Object Repository/UI/Client/Claim Services/span_firstClaim' is clickable

2019-01-22 21:57:41 - [MESSAGE][PASSED] - Object 'Object Repository/UI/Client/Claim Services/span_firstClaim' is clickable

2019-01-22 21:57:41 - [TEST_STEP][PASSED] - click(findTestObject("UI/Client/Claim Services/span_firstClaim")): Object: 'Object Repository/UI/Client/Claim Services/span_firstClaim' is clicked on

2019-01-22 21:57:42 - [MESSAGE][PASSED] - Object: 'Object Repository/UI/Client/Claim Services/span_firstClaim' is clicked on

2019-01-22 21:57:42 - [TEST_STEP][PASSED] - waitForPageLoad(5): Wait for page load successfully

2019-01-22 21:57:42 - [MESSAGE][PASSED] - Wait for page load successfully

2019-01-22 21:57:42 - [TEST_STEP][PASSED] - waitForElementVisible(findTestObject("UI/Client/Claim Services/span_ClaimHeader"), 5): Object 'Object Repository/UI/Client/Claim Services/span_ClaimHeader' is visible

2019-01-22 21:57:42 - [MESSAGE][PASSED] - Object 'Object Repository/UI/Client/Claim Services/span_ClaimHeader' is visible

2019-01-22 21:57:42 - [TEST_STEP][PASSED] - claimHeader = getText(findTestObject("UI/Client/Claim Services/span_ClaimHeader")): Text of object 'Object Repository/UI/Client/Claim Services/span_ClaimHeader' is: 'Edit: 22222 (1084797) - Clerk - Received'

2019-01-22 21:57:42 - [MESSAGE][PASSED] - Text of object 'Object Repository/UI/Client/Claim Services/span_ClaimHeader' is: 'Edit: 22222 (1084797) - Clerk - Received'

2019-01-22 21:57:42 - [TEST_STEP][PASSED] - delay(3): Delayed 3 second(s)

2019-01-22 21:57:45 - [MESSAGE][PASSED] - Delayed 3 second(s)

2019-01-22 21:57:45 - [TEST_STEP][PASSED] - waitForElementClickable(findTestObject("UI/General/Log/span_logoutAsClient"), 5): Object 'Object Repository/UI/General/Log/span_logoutAsClient' is clickable

2019-01-22 21:57:45 - [MESSAGE][PASSED] - Object 'Object Repository/UI/General/Log/span_logoutAsClient' is clickable

2019-01-22 21:57:45 - [TEST_STEP][PASSED] - click(findTestObject("UI/General/Log/span_logoutAsClient")): Object: 'Object Repository/UI/General/Log/span_logoutAsClient' is clicked on

2019-01-22 21:57:45 - [MESSAGE][PASSED] - Object: 'Object Repository/UI/General/Log/span_logoutAsClient' is clicked on

2019-01-22 21:57:45 - [TEST_STEP][PASSED] - delay(1): Delayed 1 second(s)

2019-01-22 21:57:46 - [MESSAGE][PASSED] - Delayed 1 second(s)

2019-01-22 21:57:46 - [TEST_STEP][PASSED] - waitForElementClickable(findTestObject("UI/General/Log/a_userAvatar"), 5): Object 'Object Repository/UI/General/Log/a_userAvatar' is clickable

2019-01-22 21:57:46 - [MESSAGE][PASSED] - Object 'Object Repository/UI/General/Log/a_userAvatar' is clickable

2019-01-22 21:57:46 - [TEST_STEP][PASSED] - click(findTestObject("UI/General/Log/a_userAvatar")): Object: 'Object Repository/UI/General/Log/a_userAvatar' is clicked on

2019-01-22 21:57:46 - [MESSAGE][PASSED] - Object: 'Object Repository/UI/General/Log/a_userAvatar' is clicked on

2019-01-22 21:57:46 - [TEST_STEP][PASSED] - delay(1): Delayed 1 second(s)

2019-01-22 21:57:47 - [MESSAGE][PASSED] - Delayed 1 second(s)

2019-01-22 21:57:47 - [TEST_STEP][PASSED] - waitForElementClickable(findTestObject("UI/General/Log/a_signOutAMPS"), 5): Object 'Object Repository/UI/General/Log/a_signOutAMPS' is clickable

2019-01-22 21:57:47 - [MESSAGE][PASSED] - Object 'Object Repository/UI/General/Log/a_signOutAMPS' is clickable

2019-01-22 21:57:47 - [TEST_STEP][PASSED] - click(findTestObject("UI/General/Log/a_signOutAMPS")): Object: 'Object Repository/UI/General/Log/a_signOutAMPS' is clicked on

2019-01-22 21:57:47 - [MESSAGE][PASSED] - Object: 'Object Repository/UI/General/Log/a_signOutAMPS' is clicked on

2019-01-22 21:57:47 - [TEST_STEP][PASSED] - delay(1): Delayed 1 second(s)

2019-01-22 21:57:48 - [MESSAGE][PASSED] - Delayed 1 second(s)

2019-01-22 21:57:48 - [TEST_STEP][PASSED] - closeBrowser(): Browser is closed

2019-01-22 21:57:49 - [MESSAGE][PASSED] - Browser is closed]]></system-out>
         <system-err><![CDATA[]]></system-err>
      </testcase>
      <testcase name="Test Cases/UI/Client/Claim Services/Download_successful" classname="Test Cases/UI/Client/Claim Services/Download_successful" status="PASSED">
         <system-out><![CDATA[2019-01-22 21:57:49 - [TEST_CASE][PASSED] - Test Cases/UI/Client/Claim Services/Download_successful: Test Cases/UI/Client/Claim Services/Download_successful

2019-01-22 21:57:49 - [TEST_STEP][PASSED] - UAT = "https://uat.advancedpricing.com": null

2019-01-22 21:57:49 - [TEST_STEP][PASSED] - USER = "qaAuto": null

2019-01-22 21:57:49 - [TEST_STEP][PASSED] - PASSWD = "a9yk100dD": null

2019-01-22 21:57:49 - [TEST_STEP][PASSED] - downloadPath = "C:\Users\David Avalos\Downloads": null

2019-01-22 21:57:49 - [TEST_STEP][PASSED] - FILEDOWN = "MedRecords-Demo.png": null

2019-01-22 21:57:49 - [TEST_STEP][PASSED] - openBrowser(""): Browser is opened with url: ''

2019-01-22 21:57:49 - [MESSAGE][INFO] - Starting 'Chrome' driver

2019-01-22 21:57:52 - [MESSAGE][PASSED] - Browser is opened with url: ''

2019-01-22 21:57:52 - [TEST_STEP][PASSED] - maximizeWindow(): Current window maximized

2019-01-22 21:57:53 - [MESSAGE][PASSED] - Current window maximized

2019-01-22 21:57:53 - [TEST_STEP][PASSED] - navigateToUrl(UAT): Navigate to 'https://uat.advancedpricing.com' successfully

2019-01-22 21:57:54 - [MESSAGE][PASSED] - Navigate to 'https://uat.advancedpricing.com' successfully

2019-01-22 21:57:54 - [TEST_STEP][PASSED] - waitForPageLoad(5): Wait for page load successfully

2019-01-22 21:57:54 - [MESSAGE][PASSED] - Wait for page load successfully

2019-01-22 21:57:54 - [TEST_STEP][PASSED] - setText(findTestObject("UI/Client/Claim Services/input_userCode"), USER): Text 'qaAuto' is set on object 'Object Repository/UI/Client/Claim Services/input_userCode'

2019-01-22 21:57:54 - [MESSAGE][PASSED] - Text 'qaAuto' is set on object 'Object Repository/UI/Client/Claim Services/input_userCode'

2019-01-22 21:57:54 - [TEST_STEP][PASSED] - setText(findTestObject("UI/Client/Claim Services/input_userPassword"), PASSWD): Text 'a9yk100dD' is set on object 'Object Repository/UI/Client/Claim Services/input_userPassword'

2019-01-22 21:57:55 - [MESSAGE][PASSED] - Text 'a9yk100dD' is set on object 'Object Repository/UI/Client/Claim Services/input_userPassword'

2019-01-22 21:57:55 - [TEST_STEP][PASSED] - waitForElementClickable(findTestObject("UI/Client/Claim Services/input_loginButton"), 5): Object 'Object Repository/UI/Client/Claim Services/input_loginButton' is clickable

2019-01-22 21:57:55 - [MESSAGE][PASSED] - Object 'Object Repository/UI/Client/Claim Services/input_loginButton' is clickable

2019-01-22 21:57:55 - [TEST_STEP][PASSED] - click(findTestObject("UI/Client/Claim Services/input_loginButton")): Object: 'Object Repository/UI/Client/Claim Services/input_loginButton' is clicked on

2019-01-22 21:57:55 - [MESSAGE][PASSED] - Object: 'Object Repository/UI/Client/Claim Services/input_loginButton' is clicked on

2019-01-22 21:57:55 - [TEST_STEP][PASSED] - waitForPageLoad(5): Wait for page load successfully

2019-01-22 21:57:55 - [MESSAGE][PASSED] - Wait for page load successfully

2019-01-22 21:57:55 - [TEST_STEP][PASSED] - waitForElementClickable(findTestObject("UI/Client/Claim Services/span_ABMSClient"), 5): Object 'Object Repository/UI/Client/Claim Services/span_ABMSClient' is clickable

2019-01-22 21:57:56 - [MESSAGE][PASSED] - Object 'Object Repository/UI/Client/Claim Services/span_ABMSClient' is clickable

2019-01-22 21:57:56 - [TEST_STEP][PASSED] - click(findTestObject("UI/Client/Claim Services/span_ABMSClient")): Object: 'Object Repository/UI/Client/Claim Services/span_ABMSClient' is clicked on

2019-01-22 21:57:56 - [MESSAGE][PASSED] - Object: 'Object Repository/UI/Client/Claim Services/span_ABMSClient' is clicked on

2019-01-22 21:57:56 - [TEST_STEP][PASSED] - waitForPageLoad(5): Wait for page load successfully

2019-01-22 21:57:56 - [MESSAGE][PASSED] - Wait for page load successfully

2019-01-22 21:57:56 - [TEST_STEP][PASSED] - waitForElementClickable(findTestObject("UI/Client/Claim Services/span_firstClaim"), 5): Object 'Object Repository/UI/Client/Claim Services/span_firstClaim' is clickable

2019-01-22 21:57:57 - [MESSAGE][PASSED] - Object 'Object Repository/UI/Client/Claim Services/span_firstClaim' is clickable

2019-01-22 21:57:57 - [TEST_STEP][PASSED] - click(findTestObject("UI/Client/Claim Services/span_firstClaim")): Object: 'Object Repository/UI/Client/Claim Services/span_firstClaim' is clicked on

2019-01-22 21:57:57 - [MESSAGE][PASSED] - Object: 'Object Repository/UI/Client/Claim Services/span_firstClaim' is clicked on

2019-01-22 21:57:57 - [TEST_STEP][PASSED] - waitForPageLoad(5): Wait for page load successfully

2019-01-22 21:57:57 - [MESSAGE][PASSED] - Wait for page load successfully

2019-01-22 21:57:57 - [TEST_STEP][PASSED] - waitForElementClickable(findTestObject("UI/Client/Claim Services/a_FilesTab"), 5): Object 'Object Repository/UI/Client/Claim Services/a_FilesTab' is clickable

2019-01-22 21:57:57 - [MESSAGE][PASSED] - Object 'Object Repository/UI/Client/Claim Services/a_FilesTab' is clickable

2019-01-22 21:57:57 - [TEST_STEP][PASSED] - click(findTestObject("UI/Client/Claim Services/a_FilesTab")): Object: 'Object Repository/UI/Client/Claim Services/a_FilesTab' is clicked on

2019-01-22 21:57:57 - [MESSAGE][PASSED] - Object: 'Object Repository/UI/Client/Claim Services/a_FilesTab' is clicked on

2019-01-22 21:57:57 - [TEST_STEP][PASSED] - waitForPageLoad(5): Wait for page load successfully

2019-01-22 21:57:57 - [MESSAGE][PASSED] - Wait for page load successfully

2019-01-22 21:57:57 - [TEST_STEP][PASSED] - fileName = getText(findTestObject("UI/Client/Claim Services/a_firstExistingFile")): Text of object 'Object Repository/UI/Client/Claim Services/a_firstExistingFile' is: 'MedRecords-Demo.png'

2019-01-22 21:57:58 - [MESSAGE][PASSED] - Text of object 'Object Repository/UI/Client/Claim Services/a_firstExistingFile' is: 'MedRecords-Demo.png'

2019-01-22 21:57:58 - [TEST_STEP][PASSED] - verifyMatch(fileName, FILEDOWN, false): Actual text 'MedRecords-Demo.png' and expected text 'MedRecords-Demo.png' are matched 

2019-01-22 21:57:58 - [MESSAGE][PASSED] - Actual text 'MedRecords-Demo.png' and expected text 'MedRecords-Demo.png' are matched 

2019-01-22 21:57:58 - [TEST_STEP][PASSED] - waitForElementClickable(findTestObject("UI/Client/Claim Services/a_firstExistingFile"), 5): Object 'Object Repository/UI/Client/Claim Services/a_firstExistingFile' is clickable

2019-01-22 21:57:58 - [MESSAGE][PASSED] - Object 'Object Repository/UI/Client/Claim Services/a_firstExistingFile' is clickable

2019-01-22 21:57:58 - [TEST_STEP][PASSED] - click(findTestObject("UI/Client/Claim Services/a_firstExistingFile")): Object: 'Object Repository/UI/Client/Claim Services/a_firstExistingFile' is clicked on

2019-01-22 21:57:58 - [MESSAGE][PASSED] - Object: 'Object Repository/UI/Client/Claim Services/a_firstExistingFile' is clicked on

2019-01-22 21:57:58 - [TEST_STEP][PASSED] - delay(10): Delayed 10 second(s)

2019-01-22 21:58:08 - [MESSAGE][PASSED] - Delayed 10 second(s)

2019-01-22 21:58:08 - [TEST_STEP][PASSED] - driver = getWebDriver(): null

2019-01-22 21:58:08 - [TEST_STEP][PASSED] - Assert.assertTrue(isFileDownloaded(downloadPath, FILEDOWN), "Failed to download Expected document"): null

2019-01-22 21:58:08 - [TEST_STEP][PASSED] - flag = false: null

2019-01-22 21:58:08 - [TEST_STEP][PASSED] - dir = new java.io.File(downloadPath): null

2019-01-22 21:58:08 - [TEST_STEP][PASSED] - dir_contents = dir.listFiles(): null

2019-01-22 21:58:08 - [TEST_STEP][PASSED] - for ([i = 0, i < length, (i++)]): null

2019-01-22 21:58:08 - [TEST_STEP][PASSED] - println("File Name at 0 is : " + dir_contents[i].getName()): null

2019-01-22 21:58:08 - [TEST_STEP][PASSED] - if (getName().equals(fileName)): null

2019-01-22 21:58:08 - [TEST_STEP][PASSED] - println("File Name at 0 is : " + dir_contents[i].getName()): null

2019-01-22 21:58:08 - [TEST_STEP][PASSED] - if (getName().equals(fileName)): null

2019-01-22 21:58:08 - [TEST_STEP][PASSED] - println("File Name at 0 is : " + dir_contents[i].getName()): null

2019-01-22 21:58:08 - [TEST_STEP][PASSED] - if (getName().equals(fileName)): null

2019-01-22 21:58:08 - [TEST_STEP][PASSED] - println("File Name at 0 is : " + dir_contents[i].getName()): null

2019-01-22 21:58:08 - [TEST_STEP][PASSED] - if (getName().equals(fileName)): null

2019-01-22 21:58:08 - [TEST_STEP][PASSED] - println("File Name at 0 is : " + dir_contents[i].getName()): null

2019-01-22 21:58:08 - [TEST_STEP][PASSED] - if (getName().equals(fileName)): null

2019-01-22 21:58:08 - [TEST_STEP][PASSED] - println("File Name at 0 is : " + dir_contents[i].getName()): null

2019-01-22 21:58:08 - [TEST_STEP][PASSED] - if (getName().equals(fileName)): null

2019-01-22 21:58:08 - [TEST_STEP][PASSED] - flag = true: null

2019-01-22 21:58:08 - [TEST_STEP][PASSED] - return flag: null

2019-01-22 21:58:08 - [TEST_STEP][PASSED] - waitForElementClickable(findTestObject("UI/General/Log/span_logoutAsClient"), 5): Object 'Object Repository/UI/General/Log/span_logoutAsClient' is clickable

2019-01-22 21:58:08 - [MESSAGE][PASSED] - Object 'Object Repository/UI/General/Log/span_logoutAsClient' is clickable

2019-01-22 21:58:08 - [TEST_STEP][PASSED] - click(findTestObject("UI/General/Log/span_logoutAsClient")): Object: 'Object Repository/UI/General/Log/span_logoutAsClient' is clicked on

2019-01-22 21:58:08 - [MESSAGE][PASSED] - Object: 'Object Repository/UI/General/Log/span_logoutAsClient' is clicked on

2019-01-22 21:58:08 - [TEST_STEP][PASSED] - delay(1): Delayed 1 second(s)

2019-01-22 21:58:09 - [MESSAGE][PASSED] - Delayed 1 second(s)

2019-01-22 21:58:09 - [TEST_STEP][PASSED] - waitForElementClickable(findTestObject("UI/General/Log/a_userAvatar"), 5): Object 'Object Repository/UI/General/Log/a_userAvatar' is clickable

2019-01-22 21:58:10 - [MESSAGE][PASSED] - Object 'Object Repository/UI/General/Log/a_userAvatar' is clickable

2019-01-22 21:58:10 - [TEST_STEP][PASSED] - click(findTestObject("UI/General/Log/a_userAvatar")): Object: 'Object Repository/UI/General/Log/a_userAvatar' is clicked on

2019-01-22 21:58:10 - [MESSAGE][PASSED] - Object: 'Object Repository/UI/General/Log/a_userAvatar' is clicked on

2019-01-22 21:58:10 - [TEST_STEP][PASSED] - delay(1): Delayed 1 second(s)

2019-01-22 21:58:11 - [MESSAGE][PASSED] - Delayed 1 second(s)

2019-01-22 21:58:11 - [TEST_STEP][PASSED] - waitForElementClickable(findTestObject("UI/General/Log/a_signOutAMPS"), 5): Object 'Object Repository/UI/General/Log/a_signOutAMPS' is clickable

2019-01-22 21:58:11 - [MESSAGE][PASSED] - Object 'Object Repository/UI/General/Log/a_signOutAMPS' is clickable

2019-01-22 21:58:11 - [TEST_STEP][PASSED] - click(findTestObject("UI/General/Log/a_signOutAMPS")): Object: 'Object Repository/UI/General/Log/a_signOutAMPS' is clicked on

2019-01-22 21:58:11 - [MESSAGE][PASSED] - Object: 'Object Repository/UI/General/Log/a_signOutAMPS' is clicked on

2019-01-22 21:58:11 - [TEST_STEP][PASSED] - delay(1): Delayed 1 second(s)

2019-01-22 21:58:12 - [MESSAGE][PASSED] - Delayed 1 second(s)

2019-01-22 21:58:12 - [TEST_STEP][PASSED] - closeBrowser(): Browser is closed

2019-01-22 21:58:12 - [MESSAGE][PASSED] - Browser is closed

2019-01-22 21:58:12 - [TEST_STEP][PASSED] - closeBrowser(): Browser is closed

2019-01-22 21:58:12 - [MESSAGE][PASSED] - Browser is closed]]></system-out>
         <system-err><![CDATA[]]></system-err>
      </testcase>
      <testcase name="Test Cases/UI/Client/Claim Services/Search_Successful" classname="Test Cases/UI/Client/Claim Services/Search_Successful" status="PASSED">
         <system-out><![CDATA[2019-01-22 21:58:13 - [TEST_CASE][PASSED] - Test Cases/UI/Client/Claim Services/Search_Successful: Test Cases/UI/Client/Claim Services/Search_Successful

2019-01-22 21:58:13 - [TEST_STEP][PASSED] - UAT = "https://uat.advancedpricing.com": null

2019-01-22 21:58:13 - [TEST_STEP][PASSED] - USER = "qaAuto": null

2019-01-22 21:58:13 - [TEST_STEP][PASSED] - PASSWD = "a9yk100dD": null

2019-01-22 21:58:13 - [TEST_STEP][PASSED] - UPFILE = "C:\uploadAMPS\UpFile.txt": null

2019-01-22 21:58:13 - [TEST_STEP][PASSED] - openBrowser(""): Browser is opened with url: ''

2019-01-22 21:58:13 - [MESSAGE][INFO] - Starting 'Chrome' driver

2019-01-22 21:58:15 - [MESSAGE][PASSED] - Browser is opened with url: ''

2019-01-22 21:58:15 - [TEST_STEP][PASSED] - maximizeWindow(): Current window maximized

2019-01-22 21:58:16 - [MESSAGE][PASSED] - Current window maximized

2019-01-22 21:58:16 - [TEST_STEP][PASSED] - navigateToUrl(UAT): Navigate to 'https://uat.advancedpricing.com' successfully

2019-01-22 21:58:17 - [MESSAGE][PASSED] - Navigate to 'https://uat.advancedpricing.com' successfully

2019-01-22 21:58:17 - [TEST_STEP][PASSED] - waitForPageLoad(5): Wait for page load successfully

2019-01-22 21:58:17 - [MESSAGE][PASSED] - Wait for page load successfully

2019-01-22 21:58:17 - [TEST_STEP][PASSED] - setText(findTestObject("UI/Client/Claim Services/input_userCode"), USER): Text 'qaAuto' is set on object 'Object Repository/UI/Client/Claim Services/input_userCode'

2019-01-22 21:58:18 - [MESSAGE][PASSED] - Text 'qaAuto' is set on object 'Object Repository/UI/Client/Claim Services/input_userCode'

2019-01-22 21:58:18 - [TEST_STEP][PASSED] - setText(findTestObject("UI/Client/Claim Services/input_userPassword"), PASSWD): Text 'a9yk100dD' is set on object 'Object Repository/UI/Client/Claim Services/input_userPassword'

2019-01-22 21:58:18 - [MESSAGE][PASSED] - Text 'a9yk100dD' is set on object 'Object Repository/UI/Client/Claim Services/input_userPassword'

2019-01-22 21:58:18 - [TEST_STEP][PASSED] - waitForElementClickable(findTestObject("UI/Client/Claim Services/input_loginButton"), 5): Object 'Object Repository/UI/Client/Claim Services/input_loginButton' is clickable

2019-01-22 21:58:18 - [MESSAGE][PASSED] - Object 'Object Repository/UI/Client/Claim Services/input_loginButton' is clickable

2019-01-22 21:58:18 - [TEST_STEP][PASSED] - click(findTestObject("UI/Client/Claim Services/input_loginButton")): Object: 'Object Repository/UI/Client/Claim Services/input_loginButton' is clicked on

2019-01-22 21:58:18 - [MESSAGE][PASSED] - Object: 'Object Repository/UI/Client/Claim Services/input_loginButton' is clicked on

2019-01-22 21:58:18 - [TEST_STEP][PASSED] - waitForPageLoad(5): Wait for page load successfully

2019-01-22 21:58:18 - [MESSAGE][PASSED] - Wait for page load successfully

2019-01-22 21:58:18 - [TEST_STEP][PASSED] - waitForElementClickable(findTestObject("UI/Client/Claim Services/span_ABMSClient"), 5): Object 'Object Repository/UI/Client/Claim Services/span_ABMSClient' is clickable

2019-01-22 21:58:19 - [MESSAGE][PASSED] - Object 'Object Repository/UI/Client/Claim Services/span_ABMSClient' is clickable

2019-01-22 21:58:19 - [TEST_STEP][PASSED] - click(findTestObject("UI/Client/Claim Services/span_ABMSClient")): Object: 'Object Repository/UI/Client/Claim Services/span_ABMSClient' is clicked on

2019-01-22 21:58:19 - [MESSAGE][PASSED] - Object: 'Object Repository/UI/Client/Claim Services/span_ABMSClient' is clicked on

2019-01-22 21:58:19 - [TEST_STEP][PASSED] - waitForPageLoad(5): Wait for page load successfully

2019-01-22 21:58:19 - [MESSAGE][PASSED] - Wait for page load successfully

2019-01-22 21:58:19 - [TEST_STEP][PASSED] - verifyElementPresent(findTestObject("UI/Client/Claim Services/span_firstClaim"), 5): Object 'Object Repository/UI/Client/Claim Services/span_firstClaim' is present

2019-01-22 21:58:20 - [MESSAGE][PASSED] - Object 'Object Repository/UI/Client/Claim Services/span_firstClaim' is present

2019-01-22 21:58:20 - [TEST_STEP][PASSED] - verifyElementPresent(findTestObject("UI/Client/Claim Services/span_secondClaim"), 5): Object 'Object Repository/UI/Client/Claim Services/span_secondClaim' is present

2019-01-22 21:58:20 - [MESSAGE][PASSED] - Object 'Object Repository/UI/Client/Claim Services/span_secondClaim' is present

2019-01-22 21:58:20 - [TEST_STEP][PASSED] - verifyElementPresent(findTestObject("UI/Client/Claim Services/li_pageTwo"), 5): Object 'Object Repository/UI/Client/Claim Services/li_pageTwo' is present

2019-01-22 21:58:20 - [MESSAGE][PASSED] - Object 'Object Repository/UI/Client/Claim Services/li_pageTwo' is present

2019-01-22 21:58:20 - [TEST_STEP][PASSED] - CLAIM = getText(findTestObject("UI/Client/Claim Services/span_firstClaim")): Text of object 'Object Repository/UI/Client/Claim Services/span_firstClaim' is: '1084797'

2019-01-22 21:58:20 - [MESSAGE][PASSED] - Text of object 'Object Repository/UI/Client/Claim Services/span_firstClaim' is: '1084797'

2019-01-22 21:58:20 - [TEST_STEP][PASSED] - waitForElementVisible(findTestObject("UI/Client/Claim Services/input_ampsClaimID"), 5): Object 'Object Repository/UI/Client/Claim Services/input_ampsClaimID' is visible

2019-01-22 21:58:20 - [MESSAGE][PASSED] - Object 'Object Repository/UI/Client/Claim Services/input_ampsClaimID' is visible

2019-01-22 21:58:20 - [TEST_STEP][PASSED] - setText(findTestObject("UI/Client/Claim Services/input_ampsClaimID"), CLAIM): Text '1084797' is set on object 'Object Repository/UI/Client/Claim Services/input_ampsClaimID'

2019-01-22 21:58:20 - [MESSAGE][PASSED] - Text '1084797' is set on object 'Object Repository/UI/Client/Claim Services/input_ampsClaimID'

2019-01-22 21:58:20 - [TEST_STEP][PASSED] - delay(2): Delayed 2 second(s)

2019-01-22 21:58:22 - [MESSAGE][PASSED] - Delayed 2 second(s)

2019-01-22 21:58:22 - [TEST_STEP][PASSED] - waitForElementClickable(findTestObject("UI/Client/Claim Services/button_filter"), 5): Object 'Object Repository/UI/Client/Claim Services/button_filter' is clickable

2019-01-22 21:58:22 - [MESSAGE][PASSED] - Object 'Object Repository/UI/Client/Claim Services/button_filter' is clickable

2019-01-22 21:58:22 - [TEST_STEP][PASSED] - click(findTestObject("UI/Client/Claim Services/button_filter")): Object: 'Object Repository/UI/Client/Claim Services/button_filter' is clicked on

2019-01-22 21:58:22 - [MESSAGE][PASSED] - Object: 'Object Repository/UI/Client/Claim Services/button_filter' is clicked on

2019-01-22 21:58:22 - [TEST_STEP][PASSED] - waitForPageLoad(5): Wait for page load successfully

2019-01-22 21:58:22 - [MESSAGE][PASSED] - Wait for page load successfully

2019-01-22 21:58:22 - [TEST_STEP][PASSED] - verifyElementPresent(findTestObject("UI/Client/Claim Services/span_firstClaim"), 5): Object 'Object Repository/UI/Client/Claim Services/span_firstClaim' is present

2019-01-22 21:58:22 - [MESSAGE][PASSED] - Object 'Object Repository/UI/Client/Claim Services/span_firstClaim' is present

2019-01-22 21:58:22 - [TEST_STEP][PASSED] - verifyElementNotPresent(findTestObject("UI/Client/Claim Services/span_secondClaim"), 5): Web element with id: 'Object Repository/UI/Client/Claim Services/span_secondClaim' located by 'By.xpath: //*[@id="content"]//table/tbody/tr[2]/td[1]/a/span' is not present after '5' second(s)

2019-01-22 21:58:23 - [MESSAGE][PASSED] - Web element with id: 'Object Repository/UI/Client/Claim Services/span_secondClaim' located by 'By.xpath: //*[@id="content"]//table/tbody/tr[2]/td[1]/a/span' is not present after '5' second(s)

2019-01-22 21:58:23 - [TEST_STEP][PASSED] - verifyElementNotPresent(findTestObject("UI/Client/Claim Services/li_pageTwo"), 5): Web element with id: 'Object Repository/UI/Client/Claim Services/li_pageTwo' located by 'By.xpath: //*[@class="pagination"]/li[3]/a[contains(text(), "2")]' is not present after '5' second(s)

2019-01-22 21:58:23 - [MESSAGE][PASSED] - Web element with id: 'Object Repository/UI/Client/Claim Services/li_pageTwo' located by 'By.xpath: //*[@class="pagination"]/li[3]/a[contains(text(), "2")]' is not present after '5' second(s)

2019-01-22 21:58:23 - [TEST_STEP][PASSED] - waitForElementVisible(findTestObject("UI/Client/Claim Services/li_nextPage"), 5): Object 'Object Repository/UI/Client/Claim Services/li_nextPage' is visible

2019-01-22 21:58:23 - [MESSAGE][PASSED] - Object 'Object Repository/UI/Client/Claim Services/li_nextPage' is visible

2019-01-22 21:58:23 - [TEST_STEP][PASSED] - verifyElementVisible(findTestObject("UI/Client/Claim Services/li_nextPage")): Object 'Object Repository/UI/Client/Claim Services/li_nextPage' is visible

2019-01-22 21:58:23 - [MESSAGE][PASSED] - Object 'Object Repository/UI/Client/Claim Services/li_nextPage' is visible

2019-01-22 21:58:23 - [TEST_STEP][PASSED] - delay(3): Delayed 3 second(s)

2019-01-22 21:58:26 - [MESSAGE][PASSED] - Delayed 3 second(s)

2019-01-22 21:58:26 - [TEST_STEP][PASSED] - waitForElementClickable(findTestObject("UI/Client/Claim Services/button_clear"), 5): Object 'Object Repository/UI/Client/Claim Services/button_clear' is clickable

2019-01-22 21:58:26 - [MESSAGE][PASSED] - Object 'Object Repository/UI/Client/Claim Services/button_clear' is clickable

2019-01-22 21:58:26 - [TEST_STEP][PASSED] - click(findTestObject("UI/Client/Claim Services/button_clear")): Object: 'Object Repository/UI/Client/Claim Services/button_clear' is clicked on

2019-01-22 21:58:26 - [MESSAGE][PASSED] - Object: 'Object Repository/UI/Client/Claim Services/button_clear' is clicked on

2019-01-22 21:58:26 - [TEST_STEP][PASSED] - waitForPageLoad(5): Wait for page load successfully

2019-01-22 21:58:26 - [MESSAGE][PASSED] - Wait for page load successfully

2019-01-22 21:58:26 - [TEST_STEP][PASSED] - verifyElementPresent(findTestObject("UI/Client/Claim Services/span_firstClaim"), 5): Object 'Object Repository/UI/Client/Claim Services/span_firstClaim' is present

2019-01-22 21:58:26 - [MESSAGE][PASSED] - Object 'Object Repository/UI/Client/Claim Services/span_firstClaim' is present

2019-01-22 21:58:26 - [TEST_STEP][PASSED] - verifyElementPresent(findTestObject("UI/Client/Claim Services/span_secondClaim"), 5): Object 'Object Repository/UI/Client/Claim Services/span_secondClaim' is present

2019-01-22 21:58:28 - [MESSAGE][PASSED] - Object 'Object Repository/UI/Client/Claim Services/span_secondClaim' is present

2019-01-22 21:58:28 - [TEST_STEP][PASSED] - verifyElementPresent(findTestObject("UI/Client/Claim Services/li_pageTwo"), 5): Object 'Object Repository/UI/Client/Claim Services/li_pageTwo' is present

2019-01-22 21:58:28 - [MESSAGE][PASSED] - Object 'Object Repository/UI/Client/Claim Services/li_pageTwo' is present

2019-01-22 21:58:28 - [TEST_STEP][PASSED] - waitForElementClickable(findTestObject("UI/General/Log/span_logoutAsClient"), 5): Object 'Object Repository/UI/General/Log/span_logoutAsClient' is clickable

2019-01-22 21:58:28 - [MESSAGE][PASSED] - Object 'Object Repository/UI/General/Log/span_logoutAsClient' is clickable

2019-01-22 21:58:28 - [TEST_STEP][PASSED] - click(findTestObject("UI/General/Log/span_logoutAsClient")): Object: 'Object Repository/UI/General/Log/span_logoutAsClient' is clicked on

2019-01-22 21:58:28 - [MESSAGE][PASSED] - Object: 'Object Repository/UI/General/Log/span_logoutAsClient' is clicked on

2019-01-22 21:58:28 - [TEST_STEP][PASSED] - delay(1): Delayed 1 second(s)

2019-01-22 21:58:29 - [MESSAGE][PASSED] - Delayed 1 second(s)

2019-01-22 21:58:29 - [TEST_STEP][PASSED] - waitForElementClickable(findTestObject("UI/General/Log/a_userAvatar"), 5): Object 'Object Repository/UI/General/Log/a_userAvatar' is clickable

2019-01-22 21:58:29 - [MESSAGE][PASSED] - Object 'Object Repository/UI/General/Log/a_userAvatar' is clickable

2019-01-22 21:58:29 - [TEST_STEP][PASSED] - click(findTestObject("UI/General/Log/a_userAvatar")): Object: 'Object Repository/UI/General/Log/a_userAvatar' is clicked on

2019-01-22 21:58:29 - [MESSAGE][PASSED] - Object: 'Object Repository/UI/General/Log/a_userAvatar' is clicked on

2019-01-22 21:58:29 - [TEST_STEP][PASSED] - delay(1): Delayed 1 second(s)

2019-01-22 21:58:30 - [MESSAGE][PASSED] - Delayed 1 second(s)

2019-01-22 21:58:30 - [TEST_STEP][PASSED] - waitForElementClickable(findTestObject("UI/General/Log/a_signOutAMPS"), 5): Object 'Object Repository/UI/General/Log/a_signOutAMPS' is clickable

2019-01-22 21:58:30 - [MESSAGE][PASSED] - Object 'Object Repository/UI/General/Log/a_signOutAMPS' is clickable

2019-01-22 21:58:30 - [TEST_STEP][PASSED] - click(findTestObject("UI/General/Log/a_signOutAMPS")): Object: 'Object Repository/UI/General/Log/a_signOutAMPS' is clicked on

2019-01-22 21:58:31 - [MESSAGE][PASSED] - Object: 'Object Repository/UI/General/Log/a_signOutAMPS' is clicked on

2019-01-22 21:58:31 - [TEST_STEP][PASSED] - delay(1): Delayed 1 second(s)

2019-01-22 21:58:32 - [MESSAGE][PASSED] - Delayed 1 second(s)

2019-01-22 21:58:32 - [TEST_STEP][PASSED] - closeBrowser(): Browser is closed

2019-01-22 21:58:32 - [MESSAGE][PASSED] - Browser is closed]]></system-out>
         <system-err><![CDATA[]]></system-err>
      </testcase>
      <testcase name="Test Cases/UI/Client/Claim Services/Search_Unsuccessful" classname="Test Cases/UI/Client/Claim Services/Search_Unsuccessful" status="PASSED">
         <system-out><![CDATA[2019-01-22 21:58:32 - [TEST_CASE][PASSED] - Test Cases/UI/Client/Claim Services/Search_Unsuccessful: Test Cases/UI/Client/Claim Services/Search_Unsuccessful

2019-01-22 21:58:32 - [TEST_STEP][PASSED] - UAT = "https://uat.advancedpricing.com": null

2019-01-22 21:58:32 - [TEST_STEP][PASSED] - USER = "qaAuto": null

2019-01-22 21:58:32 - [TEST_STEP][PASSED] - PASSWD = "a9yk100dD": null

2019-01-22 21:58:32 - [TEST_STEP][PASSED] - UPFILE = "C:\uploadAMPS\UpFile.txt": null

2019-01-22 21:58:32 - [TEST_STEP][PASSED] - INVALIDCLAIM = "0000000": null

2019-01-22 21:58:32 - [TEST_STEP][PASSED] - openBrowser(""): Browser is opened with url: ''

2019-01-22 21:58:32 - [MESSAGE][INFO] - Starting 'Chrome' driver

2019-01-22 21:58:35 - [MESSAGE][PASSED] - Browser is opened with url: ''

2019-01-22 21:58:35 - [TEST_STEP][PASSED] - maximizeWindow(): Current window maximized

2019-01-22 21:58:36 - [MESSAGE][PASSED] - Current window maximized

2019-01-22 21:58:36 - [TEST_STEP][PASSED] - navigateToUrl(UAT): Navigate to 'https://uat.advancedpricing.com' successfully

2019-01-22 21:58:37 - [MESSAGE][PASSED] - Navigate to 'https://uat.advancedpricing.com' successfully

2019-01-22 21:58:37 - [TEST_STEP][PASSED] - waitForPageLoad(5): Wait for page load successfully

2019-01-22 21:58:37 - [MESSAGE][PASSED] - Wait for page load successfully

2019-01-22 21:58:37 - [TEST_STEP][PASSED] - setText(findTestObject("UI/Client/Claim Services/input_userCode"), USER): Text 'qaAuto' is set on object 'Object Repository/UI/Client/Claim Services/input_userCode'

2019-01-22 21:58:38 - [MESSAGE][PASSED] - Text 'qaAuto' is set on object 'Object Repository/UI/Client/Claim Services/input_userCode'

2019-01-22 21:58:38 - [TEST_STEP][PASSED] - setText(findTestObject("UI/Client/Claim Services/input_userPassword"), PASSWD): Text 'a9yk100dD' is set on object 'Object Repository/UI/Client/Claim Services/input_userPassword'

2019-01-22 21:58:38 - [MESSAGE][PASSED] - Text 'a9yk100dD' is set on object 'Object Repository/UI/Client/Claim Services/input_userPassword'

2019-01-22 21:58:38 - [TEST_STEP][PASSED] - waitForElementClickable(findTestObject("UI/Client/Claim Services/input_loginButton"), 5): Object 'Object Repository/UI/Client/Claim Services/input_loginButton' is clickable

2019-01-22 21:58:38 - [MESSAGE][PASSED] - Object 'Object Repository/UI/Client/Claim Services/input_loginButton' is clickable

2019-01-22 21:58:38 - [TEST_STEP][PASSED] - click(findTestObject("UI/Client/Claim Services/input_loginButton")): Object: 'Object Repository/UI/Client/Claim Services/input_loginButton' is clicked on

2019-01-22 21:58:38 - [MESSAGE][PASSED] - Object: 'Object Repository/UI/Client/Claim Services/input_loginButton' is clicked on

2019-01-22 21:58:38 - [TEST_STEP][PASSED] - waitForPageLoad(5): Wait for page load successfully

2019-01-22 21:58:38 - [MESSAGE][PASSED] - Wait for page load successfully

2019-01-22 21:58:38 - [TEST_STEP][PASSED] - waitForElementClickable(findTestObject("UI/Client/Claim Services/span_ABMSClient"), 5): Object 'Object Repository/UI/Client/Claim Services/span_ABMSClient' is clickable

2019-01-22 21:58:39 - [MESSAGE][PASSED] - Object 'Object Repository/UI/Client/Claim Services/span_ABMSClient' is clickable

2019-01-22 21:58:39 - [TEST_STEP][PASSED] - click(findTestObject("UI/Client/Claim Services/span_ABMSClient")): Object: 'Object Repository/UI/Client/Claim Services/span_ABMSClient' is clicked on

2019-01-22 21:58:39 - [MESSAGE][PASSED] - Object: 'Object Repository/UI/Client/Claim Services/span_ABMSClient' is clicked on

2019-01-22 21:58:39 - [TEST_STEP][PASSED] - waitForPageLoad(5): Wait for page load successfully

2019-01-22 21:58:39 - [MESSAGE][PASSED] - Wait for page load successfully

2019-01-22 21:58:39 - [TEST_STEP][PASSED] - verifyElementPresent(findTestObject("UI/Client/Claim Services/span_firstClaim"), 5): Object 'Object Repository/UI/Client/Claim Services/span_firstClaim' is present

2019-01-22 21:58:40 - [MESSAGE][PASSED] - Object 'Object Repository/UI/Client/Claim Services/span_firstClaim' is present

2019-01-22 21:58:40 - [TEST_STEP][PASSED] - verifyElementPresent(findTestObject("UI/Client/Claim Services/span_secondClaim"), 5): Object 'Object Repository/UI/Client/Claim Services/span_secondClaim' is present

2019-01-22 21:58:40 - [MESSAGE][PASSED] - Object 'Object Repository/UI/Client/Claim Services/span_secondClaim' is present

2019-01-22 21:58:40 - [TEST_STEP][PASSED] - verifyElementPresent(findTestObject("UI/Client/Claim Services/li_pageTwo"), 5): Object 'Object Repository/UI/Client/Claim Services/li_pageTwo' is present

2019-01-22 21:58:40 - [MESSAGE][PASSED] - Object 'Object Repository/UI/Client/Claim Services/li_pageTwo' is present

2019-01-22 21:58:40 - [TEST_STEP][PASSED] - waitForElementVisible(findTestObject("UI/Client/Claim Services/input_ampsClaimID"), 5): Object 'Object Repository/UI/Client/Claim Services/input_ampsClaimID' is visible

2019-01-22 21:58:40 - [MESSAGE][PASSED] - Object 'Object Repository/UI/Client/Claim Services/input_ampsClaimID' is visible

2019-01-22 21:58:40 - [TEST_STEP][PASSED] - setText(findTestObject("UI/Client/Claim Services/input_ampsClaimID"), INVALIDCLAIM): Text '0000000' is set on object 'Object Repository/UI/Client/Claim Services/input_ampsClaimID'

2019-01-22 21:58:40 - [MESSAGE][PASSED] - Text '0000000' is set on object 'Object Repository/UI/Client/Claim Services/input_ampsClaimID'

2019-01-22 21:58:40 - [TEST_STEP][PASSED] - delay(3): Delayed 3 second(s)

2019-01-22 21:58:43 - [MESSAGE][PASSED] - Delayed 3 second(s)

2019-01-22 21:58:43 - [TEST_STEP][PASSED] - waitForElementClickable(findTestObject("UI/Client/Claim Services/button_filter"), 5): Object 'Object Repository/UI/Client/Claim Services/button_filter' is clickable

2019-01-22 21:58:43 - [MESSAGE][PASSED] - Object 'Object Repository/UI/Client/Claim Services/button_filter' is clickable

2019-01-22 21:58:43 - [TEST_STEP][PASSED] - click(findTestObject("UI/Client/Claim Services/button_filter")): Object: 'Object Repository/UI/Client/Claim Services/button_filter' is clicked on

2019-01-22 21:58:43 - [MESSAGE][PASSED] - Object: 'Object Repository/UI/Client/Claim Services/button_filter' is clicked on

2019-01-22 21:58:43 - [TEST_STEP][PASSED] - waitForPageLoad(5): Wait for page load successfully

2019-01-22 21:58:43 - [MESSAGE][PASSED] - Wait for page load successfully

2019-01-22 21:58:43 - [TEST_STEP][PASSED] - verifyElementVisible(findTestObject("UI/Client/Claim Services/div_noDataMessage")): Object 'Object Repository/UI/Client/Claim Services/div_noDataMessage' is visible

2019-01-22 21:58:44 - [MESSAGE][PASSED] - Object 'Object Repository/UI/Client/Claim Services/div_noDataMessage' is visible

2019-01-22 21:58:44 - [TEST_STEP][PASSED] - verifyElementNotPresent(findTestObject("UI/Client/Claim Services/span_firstClaim"), 5): Web element with id: 'Object Repository/UI/Client/Claim Services/span_firstClaim' located by 'By.xpath: //*[@id="content"]//table/tbody/tr[1]/td[1]/a/span' is not present after '5' second(s)

2019-01-22 21:58:44 - [MESSAGE][PASSED] - Web element with id: 'Object Repository/UI/Client/Claim Services/span_firstClaim' located by 'By.xpath: //*[@id="content"]//table/tbody/tr[1]/td[1]/a/span' is not present after '5' second(s)

2019-01-22 21:58:44 - [TEST_STEP][PASSED] - verifyElementNotPresent(findTestObject("UI/Client/Claim Services/span_secondClaim"), 5): Web element with id: 'Object Repository/UI/Client/Claim Services/span_secondClaim' located by 'By.xpath: //*[@id="content"]//table/tbody/tr[2]/td[1]/a/span' is not present after '5' second(s)

2019-01-22 21:58:44 - [MESSAGE][PASSED] - Web element with id: 'Object Repository/UI/Client/Claim Services/span_secondClaim' located by 'By.xpath: //*[@id="content"]//table/tbody/tr[2]/td[1]/a/span' is not present after '5' second(s)

2019-01-22 21:58:44 - [TEST_STEP][PASSED] - delay(3): Delayed 3 second(s)

2019-01-22 21:58:47 - [MESSAGE][PASSED] - Delayed 3 second(s)

2019-01-22 21:58:47 - [TEST_STEP][PASSED] - waitForElementClickable(findTestObject("UI/Client/Claim Services/button_clear"), 5): Object 'Object Repository/UI/Client/Claim Services/button_clear' is clickable

2019-01-22 21:58:47 - [MESSAGE][PASSED] - Object 'Object Repository/UI/Client/Claim Services/button_clear' is clickable

2019-01-22 21:58:47 - [TEST_STEP][PASSED] - click(findTestObject("UI/Client/Claim Services/button_clear")): Object: 'Object Repository/UI/Client/Claim Services/button_clear' is clicked on

2019-01-22 21:58:47 - [MESSAGE][PASSED] - Object: 'Object Repository/UI/Client/Claim Services/button_clear' is clicked on

2019-01-22 21:58:47 - [TEST_STEP][PASSED] - waitForPageLoad(5): Wait for page load successfully

2019-01-22 21:58:47 - [MESSAGE][PASSED] - Wait for page load successfully

2019-01-22 21:58:47 - [TEST_STEP][PASSED] - verifyElementPresent(findTestObject("UI/Client/Claim Services/span_firstClaim"), 5): Object 'Object Repository/UI/Client/Claim Services/span_firstClaim' is present

2019-01-22 21:58:49 - [MESSAGE][PASSED] - Object 'Object Repository/UI/Client/Claim Services/span_firstClaim' is present

2019-01-22 21:58:49 - [TEST_STEP][PASSED] - verifyElementPresent(findTestObject("UI/Client/Claim Services/span_secondClaim"), 5): Object 'Object Repository/UI/Client/Claim Services/span_secondClaim' is present

2019-01-22 21:58:49 - [MESSAGE][PASSED] - Object 'Object Repository/UI/Client/Claim Services/span_secondClaim' is present

2019-01-22 21:58:49 - [TEST_STEP][PASSED] - verifyElementPresent(findTestObject("UI/Client/Claim Services/li_pageTwo"), 5): Object 'Object Repository/UI/Client/Claim Services/li_pageTwo' is present

2019-01-22 21:58:49 - [MESSAGE][PASSED] - Object 'Object Repository/UI/Client/Claim Services/li_pageTwo' is present

2019-01-22 21:58:49 - [TEST_STEP][PASSED] - waitForElementClickable(findTestObject("UI/General/Log/span_logoutAsClient"), 5): Object 'Object Repository/UI/General/Log/span_logoutAsClient' is clickable

2019-01-22 21:58:49 - [MESSAGE][PASSED] - Object 'Object Repository/UI/General/Log/span_logoutAsClient' is clickable

2019-01-22 21:58:49 - [TEST_STEP][PASSED] - click(findTestObject("UI/General/Log/span_logoutAsClient")): Object: 'Object Repository/UI/General/Log/span_logoutAsClient' is clicked on

2019-01-22 21:58:49 - [MESSAGE][PASSED] - Object: 'Object Repository/UI/General/Log/span_logoutAsClient' is clicked on

2019-01-22 21:58:49 - [TEST_STEP][PASSED] - delay(1): Delayed 1 second(s)

2019-01-22 21:58:50 - [MESSAGE][PASSED] - Delayed 1 second(s)

2019-01-22 21:58:50 - [TEST_STEP][PASSED] - waitForElementClickable(findTestObject("UI/General/Log/a_userAvatar"), 5): Object 'Object Repository/UI/General/Log/a_userAvatar' is clickable

2019-01-22 21:58:50 - [MESSAGE][PASSED] - Object 'Object Repository/UI/General/Log/a_userAvatar' is clickable

2019-01-22 21:58:50 - [TEST_STEP][PASSED] - click(findTestObject("UI/General/Log/a_userAvatar")): Object: 'Object Repository/UI/General/Log/a_userAvatar' is clicked on

2019-01-22 21:58:50 - [MESSAGE][PASSED] - Object: 'Object Repository/UI/General/Log/a_userAvatar' is clicked on

2019-01-22 21:58:50 - [TEST_STEP][PASSED] - delay(1): Delayed 1 second(s)

2019-01-22 21:58:51 - [MESSAGE][PASSED] - Delayed 1 second(s)

2019-01-22 21:58:51 - [TEST_STEP][PASSED] - waitForElementClickable(findTestObject("UI/General/Log/a_signOutAMPS"), 5): Object 'Object Repository/UI/General/Log/a_signOutAMPS' is clickable

2019-01-22 21:58:51 - [MESSAGE][PASSED] - Object 'Object Repository/UI/General/Log/a_signOutAMPS' is clickable

2019-01-22 21:58:51 - [TEST_STEP][PASSED] - click(findTestObject("UI/General/Log/a_signOutAMPS")): Object: 'Object Repository/UI/General/Log/a_signOutAMPS' is clicked on

2019-01-22 21:58:51 - [MESSAGE][PASSED] - Object: 'Object Repository/UI/General/Log/a_signOutAMPS' is clicked on

2019-01-22 21:58:51 - [TEST_STEP][PASSED] - delay(1): Delayed 1 second(s)

2019-01-22 21:58:52 - [MESSAGE][PASSED] - Delayed 1 second(s)

2019-01-22 21:58:52 - [TEST_STEP][PASSED] - closeBrowser(): Browser is closed

2019-01-22 21:58:53 - [MESSAGE][PASSED] - Browser is closed]]></system-out>
         <system-err><![CDATA[]]></system-err>
      </testcase>
      <testcase name="Test Cases/UI/Client/Claim Services/UploadFile_MedicalRecords" classname="Test Cases/UI/Client/Claim Services/UploadFile_MedicalRecords" status="PASSED">
         <system-out><![CDATA[2019-01-22 21:58:53 - [TEST_CASE][PASSED] - Test Cases/UI/Client/Claim Services/UploadFile_MedicalRecords: Test Cases/UI/Client/Claim Services/UploadFile_MedicalRecords

2019-01-22 21:58:53 - [TEST_STEP][PASSED] - UAT = "https://uat.advancedpricing.com": null

2019-01-22 21:58:53 - [TEST_STEP][PASSED] - USER = "qaAuto": null

2019-01-22 21:58:53 - [TEST_STEP][PASSED] - PASSWD = "a9yk100dD": null

2019-01-22 21:58:53 - [TEST_STEP][PASSED] - UPFILE = "C:\uploadAMPS\Upload-Demo.txt": null

2019-01-22 21:58:53 - [TEST_STEP][PASSED] - openBrowser(""): Browser is opened with url: ''

2019-01-22 21:58:53 - [MESSAGE][INFO] - Starting 'Chrome' driver

2019-01-22 21:58:55 - [MESSAGE][PASSED] - Browser is opened with url: ''

2019-01-22 21:58:55 - [TEST_STEP][PASSED] - maximizeWindow(): Current window maximized

2019-01-22 21:58:57 - [MESSAGE][PASSED] - Current window maximized

2019-01-22 21:58:57 - [TEST_STEP][PASSED] - navigateToUrl(UAT): Navigate to 'https://uat.advancedpricing.com' successfully

2019-01-22 21:58:59 - [MESSAGE][PASSED] - Navigate to 'https://uat.advancedpricing.com' successfully

2019-01-22 21:58:59 - [TEST_STEP][PASSED] - waitForPageLoad(5): Wait for page load successfully

2019-01-22 21:58:59 - [MESSAGE][PASSED] - Wait for page load successfully

2019-01-22 21:58:59 - [TEST_STEP][PASSED] - setText(findTestObject("UI/Client/Claim Services/input_userCode"), USER): Text 'qaAuto' is set on object 'Object Repository/UI/Client/Claim Services/input_userCode'

2019-01-22 21:58:59 - [MESSAGE][PASSED] - Text 'qaAuto' is set on object 'Object Repository/UI/Client/Claim Services/input_userCode'

2019-01-22 21:58:59 - [TEST_STEP][PASSED] - setText(findTestObject("UI/Client/Claim Services/input_userPassword"), PASSWD): Text 'a9yk100dD' is set on object 'Object Repository/UI/Client/Claim Services/input_userPassword'

2019-01-22 21:58:59 - [MESSAGE][PASSED] - Text 'a9yk100dD' is set on object 'Object Repository/UI/Client/Claim Services/input_userPassword'

2019-01-22 21:58:59 - [TEST_STEP][PASSED] - waitForElementClickable(findTestObject("UI/Client/Claim Services/input_loginButton"), 5): Object 'Object Repository/UI/Client/Claim Services/input_loginButton' is clickable

2019-01-22 21:58:59 - [MESSAGE][PASSED] - Object 'Object Repository/UI/Client/Claim Services/input_loginButton' is clickable

2019-01-22 21:58:59 - [TEST_STEP][PASSED] - click(findTestObject("UI/Client/Claim Services/input_loginButton")): Object: 'Object Repository/UI/Client/Claim Services/input_loginButton' is clicked on

2019-01-22 21:58:59 - [MESSAGE][PASSED] - Object: 'Object Repository/UI/Client/Claim Services/input_loginButton' is clicked on

2019-01-22 21:58:59 - [TEST_STEP][PASSED] - waitForPageLoad(5): Wait for page load successfully

2019-01-22 21:58:59 - [MESSAGE][PASSED] - Wait for page load successfully

2019-01-22 21:58:59 - [TEST_STEP][PASSED] - waitForElementClickable(findTestObject("UI/Client/Claim Services/span_ABMSClient"), 5): Object 'Object Repository/UI/Client/Claim Services/span_ABMSClient' is clickable

2019-01-22 21:59:00 - [MESSAGE][PASSED] - Object 'Object Repository/UI/Client/Claim Services/span_ABMSClient' is clickable

2019-01-22 21:59:00 - [TEST_STEP][PASSED] - click(findTestObject("UI/Client/Claim Services/span_ABMSClient")): Object: 'Object Repository/UI/Client/Claim Services/span_ABMSClient' is clicked on

2019-01-22 21:59:00 - [MESSAGE][PASSED] - Object: 'Object Repository/UI/Client/Claim Services/span_ABMSClient' is clicked on

2019-01-22 21:59:00 - [TEST_STEP][PASSED] - waitForPageLoad(5): Wait for page load successfully

2019-01-22 21:59:00 - [MESSAGE][PASSED] - Wait for page load successfully

2019-01-22 21:59:00 - [TEST_STEP][PASSED] - waitForElementClickable(findTestObject("UI/Client/Claim Services/span_secondClaim"), 5): Object 'Object Repository/UI/Client/Claim Services/span_secondClaim' is clickable

2019-01-22 21:59:01 - [MESSAGE][PASSED] - Object 'Object Repository/UI/Client/Claim Services/span_secondClaim' is clickable

2019-01-22 21:59:01 - [TEST_STEP][PASSED] - click(findTestObject("UI/Client/Claim Services/span_secondClaim")): Object: 'Object Repository/UI/Client/Claim Services/span_secondClaim' is clicked on

2019-01-22 21:59:02 - [MESSAGE][PASSED] - Object: 'Object Repository/UI/Client/Claim Services/span_secondClaim' is clicked on

2019-01-22 21:59:02 - [TEST_STEP][PASSED] - waitForPageLoad(5): Wait for page load successfully

2019-01-22 21:59:02 - [MESSAGE][PASSED] - Wait for page load successfully

2019-01-22 21:59:02 - [TEST_STEP][PASSED] - waitForElementClickable(findTestObject("UI/Client/Claim Services/a_FilesTab"), 5): Object 'Object Repository/UI/Client/Claim Services/a_FilesTab' is clickable

2019-01-22 21:59:02 - [MESSAGE][PASSED] - Object 'Object Repository/UI/Client/Claim Services/a_FilesTab' is clickable

2019-01-22 21:59:02 - [TEST_STEP][PASSED] - click(findTestObject("UI/Client/Claim Services/a_FilesTab")): Object: 'Object Repository/UI/Client/Claim Services/a_FilesTab' is clicked on

2019-01-22 21:59:02 - [MESSAGE][PASSED] - Object: 'Object Repository/UI/Client/Claim Services/a_FilesTab' is clicked on

2019-01-22 21:59:02 - [TEST_STEP][PASSED] - waitForPageLoad(5): Wait for page load successfully

2019-01-22 21:59:02 - [MESSAGE][PASSED] - Wait for page load successfully

2019-01-22 21:59:02 - [TEST_STEP][PASSED] - waitForElementPresent(findTestObject("UI/Client/Claim Services/input_NewFile"), 5): Object 'Object Repository/UI/Client/Claim Services/input_NewFile' is present

2019-01-22 21:59:02 - [MESSAGE][PASSED] - Object 'Object Repository/UI/Client/Claim Services/input_NewFile' is present

2019-01-22 21:59:02 - [TEST_STEP][PASSED] - uploadFile(findTestObject("UI/Client/Claim Services/input_NewFile"), UPFILE): File 'C:\uploadAMPS\Upload-Demo.txt' sent to object: 'Object Repository/UI/Client/Claim Services/input_NewFile'

2019-01-22 21:59:02 - [MESSAGE][PASSED] - File 'C:\uploadAMPS\Upload-Demo.txt' sent to object: 'Object Repository/UI/Client/Claim Services/input_NewFile'

2019-01-22 21:59:02 - [TEST_STEP][PASSED] - delay(3): Delayed 3 second(s)

2019-01-22 21:59:05 - [MESSAGE][PASSED] - Delayed 3 second(s)

2019-01-22 21:59:05 - [TEST_STEP][PASSED] - waitForElementClickable(findTestObject("UI/Client/Claim Services/selectFileNameDropDown"), 5): Object 'Object Repository/UI/Client/Claim Services/selectFileNameDropDown' is clickable

2019-01-22 21:59:05 - [MESSAGE][PASSED] - Object 'Object Repository/UI/Client/Claim Services/selectFileNameDropDown' is clickable

2019-01-22 21:59:05 - [TEST_STEP][PASSED] - click(findTestObject("UI/Client/Claim Services/selectFileNameDropDown")): Object: 'Object Repository/UI/Client/Claim Services/selectFileNameDropDown' is clicked on

2019-01-22 21:59:05 - [MESSAGE][PASSED] - Object: 'Object Repository/UI/Client/Claim Services/selectFileNameDropDown' is clicked on

2019-01-22 21:59:05 - [TEST_STEP][PASSED] - delay(2): Delayed 2 second(s)

2019-01-22 21:59:07 - [MESSAGE][PASSED] - Delayed 2 second(s)

2019-01-22 21:59:07 - [TEST_STEP][PASSED] - click(findTestObject("UI/Client/Claim Services/option_providerSignOff")): Object: 'Object Repository/UI/Client/Claim Services/option_providerSignOff' is clicked on

2019-01-22 21:59:07 - [MESSAGE][PASSED] - Object: 'Object Repository/UI/Client/Claim Services/option_providerSignOff' is clicked on

2019-01-22 21:59:07 - [TEST_STEP][PASSED] - delay(2): Delayed 2 second(s)

2019-01-22 21:59:09 - [MESSAGE][PASSED] - Delayed 2 second(s)

2019-01-22 21:59:09 - [TEST_STEP][PASSED] - waitForElementClickable(findTestObject("UI/Client/Claim Services/buttonSaveUpload"), 5): Object 'Object Repository/UI/Client/Claim Services/buttonSaveUpload' is clickable

2019-01-22 21:59:09 - [MESSAGE][PASSED] - Object 'Object Repository/UI/Client/Claim Services/buttonSaveUpload' is clickable

2019-01-22 21:59:09 - [TEST_STEP][PASSED] - click(findTestObject("UI/Client/Claim Services/buttonSaveUpload")): Object: 'Object Repository/UI/Client/Claim Services/buttonSaveUpload' is clicked on

2019-01-22 21:59:09 - [MESSAGE][PASSED] - Object: 'Object Repository/UI/Client/Claim Services/buttonSaveUpload' is clicked on

2019-01-22 21:59:09 - [TEST_STEP][PASSED] - waitForPageLoad(5): Wait for page load successfully

2019-01-22 21:59:09 - [MESSAGE][PASSED] - Wait for page load successfully

2019-01-22 21:59:09 - [TEST_STEP][PASSED] - verifyElementVisible(findTestObject("UI/Client/Claim Services/strong_uploadedFileMessage")): Object 'Object Repository/UI/Client/Claim Services/strong_uploadedFileMessage' is visible

2019-01-22 21:59:10 - [MESSAGE][PASSED] - Object 'Object Repository/UI/Client/Claim Services/strong_uploadedFileMessage' is visible

2019-01-22 21:59:10 - [TEST_STEP][PASSED] - waitForPageLoad(5): Wait for page load successfully

2019-01-22 21:59:10 - [MESSAGE][PASSED] - Wait for page load successfully

2019-01-22 21:59:10 - [TEST_STEP][PASSED] - waitForElementClickable(findTestObject("UI/General/Log/span_logoutAsClient"), 5): Object 'Object Repository/UI/General/Log/span_logoutAsClient' is clickable

2019-01-22 21:59:10 - [MESSAGE][PASSED] - Object 'Object Repository/UI/General/Log/span_logoutAsClient' is clickable

2019-01-22 21:59:10 - [TEST_STEP][PASSED] - click(findTestObject("UI/General/Log/span_logoutAsClient")): Object: 'Object Repository/UI/General/Log/span_logoutAsClient' is clicked on

2019-01-22 21:59:10 - [MESSAGE][PASSED] - Object: 'Object Repository/UI/General/Log/span_logoutAsClient' is clicked on

2019-01-22 21:59:10 - [TEST_STEP][PASSED] - delay(1): Delayed 1 second(s)

2019-01-22 21:59:11 - [MESSAGE][PASSED] - Delayed 1 second(s)

2019-01-22 21:59:11 - [TEST_STEP][PASSED] - waitForElementClickable(findTestObject("UI/General/Log/a_userAvatar"), 5): Object 'Object Repository/UI/General/Log/a_userAvatar' is clickable

2019-01-22 21:59:11 - [MESSAGE][PASSED] - Object 'Object Repository/UI/General/Log/a_userAvatar' is clickable

2019-01-22 21:59:11 - [TEST_STEP][PASSED] - click(findTestObject("UI/General/Log/a_userAvatar")): Object: 'Object Repository/UI/General/Log/a_userAvatar' is clicked on

2019-01-22 21:59:11 - [MESSAGE][PASSED] - Object: 'Object Repository/UI/General/Log/a_userAvatar' is clicked on

2019-01-22 21:59:11 - [TEST_STEP][PASSED] - delay(1): Delayed 1 second(s)

2019-01-22 21:59:12 - [MESSAGE][PASSED] - Delayed 1 second(s)

2019-01-22 21:59:12 - [TEST_STEP][PASSED] - waitForElementClickable(findTestObject("UI/General/Log/a_signOutAMPS"), 5): Object 'Object Repository/UI/General/Log/a_signOutAMPS' is clickable

2019-01-22 21:59:12 - [MESSAGE][PASSED] - Object 'Object Repository/UI/General/Log/a_signOutAMPS' is clickable

2019-01-22 21:59:12 - [TEST_STEP][PASSED] - click(findTestObject("UI/General/Log/a_signOutAMPS")): Object: 'Object Repository/UI/General/Log/a_signOutAMPS' is clicked on

2019-01-22 21:59:13 - [MESSAGE][PASSED] - Object: 'Object Repository/UI/General/Log/a_signOutAMPS' is clicked on

2019-01-22 21:59:13 - [TEST_STEP][PASSED] - delay(1): Delayed 1 second(s)

2019-01-22 21:59:14 - [MESSAGE][PASSED] - Delayed 1 second(s)

2019-01-22 21:59:14 - [TEST_STEP][PASSED] - closeBrowser(): Browser is closed

2019-01-22 21:59:14 - [MESSAGE][PASSED] - Browser is closed]]></system-out>
         <system-err><![CDATA[]]></system-err>
      </testcase>
      <testcase name="Test Cases/UI/Client/Claim Services/UploadFile_Other" classname="Test Cases/UI/Client/Claim Services/UploadFile_Other" status="PASSED">
         <system-out><![CDATA[2019-01-22 21:59:14 - [TEST_CASE][PASSED] - Test Cases/UI/Client/Claim Services/UploadFile_Other: Test Cases/UI/Client/Claim Services/UploadFile_Other

2019-01-22 21:59:14 - [TEST_STEP][PASSED] - UAT = "https://uat.advancedpricing.com": null

2019-01-22 21:59:14 - [TEST_STEP][PASSED] - USER = "qaAuto": null

2019-01-22 21:59:14 - [TEST_STEP][PASSED] - PASSWD = "a9yk100dD": null

2019-01-22 21:59:14 - [TEST_STEP][PASSED] - UPFILE = "C:\uploadAMPS\Upload-Demo.txt": null

2019-01-22 21:59:14 - [TEST_STEP][PASSED] - openBrowser(""): Browser is opened with url: ''

2019-01-22 21:59:14 - [MESSAGE][INFO] - Starting 'Chrome' driver

2019-01-22 21:59:17 - [MESSAGE][PASSED] - Browser is opened with url: ''

2019-01-22 21:59:17 - [TEST_STEP][PASSED] - maximizeWindow(): Current window maximized

2019-01-22 21:59:18 - [MESSAGE][PASSED] - Current window maximized

2019-01-22 21:59:18 - [TEST_STEP][PASSED] - navigateToUrl(UAT): Navigate to 'https://uat.advancedpricing.com' successfully

2019-01-22 21:59:19 - [MESSAGE][PASSED] - Navigate to 'https://uat.advancedpricing.com' successfully

2019-01-22 21:59:19 - [TEST_STEP][PASSED] - waitForPageLoad(5): Wait for page load successfully

2019-01-22 21:59:19 - [MESSAGE][PASSED] - Wait for page load successfully

2019-01-22 21:59:19 - [TEST_STEP][PASSED] - setText(findTestObject("UI/Client/Claim Services/input_userCode"), USER): Text 'qaAuto' is set on object 'Object Repository/UI/Client/Claim Services/input_userCode'

2019-01-22 21:59:19 - [MESSAGE][PASSED] - Text 'qaAuto' is set on object 'Object Repository/UI/Client/Claim Services/input_userCode'

2019-01-22 21:59:19 - [TEST_STEP][PASSED] - setText(findTestObject("UI/Client/Claim Services/input_userPassword"), PASSWD): Text 'a9yk100dD' is set on object 'Object Repository/UI/Client/Claim Services/input_userPassword'

2019-01-22 21:59:20 - [MESSAGE][PASSED] - Text 'a9yk100dD' is set on object 'Object Repository/UI/Client/Claim Services/input_userPassword'

2019-01-22 21:59:20 - [TEST_STEP][PASSED] - waitForElementClickable(findTestObject("UI/Client/Claim Services/input_loginButton"), 5): Object 'Object Repository/UI/Client/Claim Services/input_loginButton' is clickable

2019-01-22 21:59:20 - [MESSAGE][PASSED] - Object 'Object Repository/UI/Client/Claim Services/input_loginButton' is clickable

2019-01-22 21:59:20 - [TEST_STEP][PASSED] - click(findTestObject("UI/Client/Claim Services/input_loginButton")): Object: 'Object Repository/UI/Client/Claim Services/input_loginButton' is clicked on

2019-01-22 21:59:20 - [MESSAGE][PASSED] - Object: 'Object Repository/UI/Client/Claim Services/input_loginButton' is clicked on

2019-01-22 21:59:20 - [TEST_STEP][PASSED] - waitForPageLoad(5): Wait for page load successfully

2019-01-22 21:59:20 - [MESSAGE][PASSED] - Wait for page load successfully

2019-01-22 21:59:20 - [TEST_STEP][PASSED] - waitForElementClickable(findTestObject("UI/Client/Claim Services/span_ABMSClient"), 5): Object 'Object Repository/UI/Client/Claim Services/span_ABMSClient' is clickable

2019-01-22 21:59:21 - [MESSAGE][PASSED] - Object 'Object Repository/UI/Client/Claim Services/span_ABMSClient' is clickable

2019-01-22 21:59:21 - [TEST_STEP][PASSED] - click(findTestObject("UI/Client/Claim Services/span_ABMSClient")): Object: 'Object Repository/UI/Client/Claim Services/span_ABMSClient' is clicked on

2019-01-22 21:59:21 - [MESSAGE][PASSED] - Object: 'Object Repository/UI/Client/Claim Services/span_ABMSClient' is clicked on

2019-01-22 21:59:21 - [TEST_STEP][PASSED] - waitForPageLoad(5): Wait for page load successfully

2019-01-22 21:59:21 - [MESSAGE][PASSED] - Wait for page load successfully

2019-01-22 21:59:21 - [TEST_STEP][PASSED] - waitForElementClickable(findTestObject("UI/Client/Claim Services/span_firstClaim"), 5): Object 'Object Repository/UI/Client/Claim Services/span_firstClaim' is clickable

2019-01-22 21:59:22 - [MESSAGE][PASSED] - Object 'Object Repository/UI/Client/Claim Services/span_firstClaim' is clickable

2019-01-22 21:59:22 - [TEST_STEP][PASSED] - click(findTestObject("UI/Client/Claim Services/span_firstClaim")): Object: 'Object Repository/UI/Client/Claim Services/span_firstClaim' is clicked on

2019-01-22 21:59:22 - [MESSAGE][PASSED] - Object: 'Object Repository/UI/Client/Claim Services/span_firstClaim' is clicked on

2019-01-22 21:59:22 - [TEST_STEP][PASSED] - waitForPageLoad(5): Wait for page load successfully

2019-01-22 21:59:22 - [MESSAGE][PASSED] - Wait for page load successfully

2019-01-22 21:59:22 - [TEST_STEP][PASSED] - waitForElementClickable(findTestObject("UI/Client/Claim Services/a_FilesTab"), 5): Object 'Object Repository/UI/Client/Claim Services/a_FilesTab' is clickable

2019-01-22 21:59:23 - [MESSAGE][PASSED] - Object 'Object Repository/UI/Client/Claim Services/a_FilesTab' is clickable

2019-01-22 21:59:23 - [TEST_STEP][PASSED] - click(findTestObject("UI/Client/Claim Services/a_FilesTab")): Object: 'Object Repository/UI/Client/Claim Services/a_FilesTab' is clicked on

2019-01-22 21:59:23 - [MESSAGE][PASSED] - Object: 'Object Repository/UI/Client/Claim Services/a_FilesTab' is clicked on

2019-01-22 21:59:23 - [TEST_STEP][PASSED] - waitForPageLoad(5): Wait for page load successfully

2019-01-22 21:59:23 - [MESSAGE][PASSED] - Wait for page load successfully

2019-01-22 21:59:23 - [TEST_STEP][PASSED] - uploadFile(findTestObject("UI/Client/Claim Services/input_NewFile"), UPFILE): File 'C:\uploadAMPS\Upload-Demo.txt' sent to object: 'Object Repository/UI/Client/Claim Services/input_NewFile'

2019-01-22 21:59:23 - [MESSAGE][PASSED] - File 'C:\uploadAMPS\Upload-Demo.txt' sent to object: 'Object Repository/UI/Client/Claim Services/input_NewFile'

2019-01-22 21:59:23 - [TEST_STEP][PASSED] - delay(3): Delayed 3 second(s)

2019-01-22 21:59:26 - [MESSAGE][PASSED] - Delayed 3 second(s)

2019-01-22 21:59:26 - [TEST_STEP][PASSED] - waitForElementClickable(findTestObject("UI/Client/Claim Services/selectFileNameDropDown"), 5): Object 'Object Repository/UI/Client/Claim Services/selectFileNameDropDown' is clickable

2019-01-22 21:59:26 - [MESSAGE][PASSED] - Object 'Object Repository/UI/Client/Claim Services/selectFileNameDropDown' is clickable

2019-01-22 21:59:26 - [TEST_STEP][PASSED] - click(findTestObject("UI/Client/Claim Services/selectFileNameDropDown")): Object: 'Object Repository/UI/Client/Claim Services/selectFileNameDropDown' is clicked on

2019-01-22 21:59:26 - [MESSAGE][PASSED] - Object: 'Object Repository/UI/Client/Claim Services/selectFileNameDropDown' is clicked on

2019-01-22 21:59:26 - [TEST_STEP][PASSED] - delay(2): Delayed 2 second(s)

2019-01-22 21:59:28 - [MESSAGE][PASSED] - Delayed 2 second(s)

2019-01-22 21:59:28 - [TEST_STEP][PASSED] - click(findTestObject("UI/Client/Claim Services/option_otherFile")): Object: 'Object Repository/UI/Client/Claim Services/option_otherFile' is clicked on

2019-01-22 21:59:28 - [MESSAGE][PASSED] - Object: 'Object Repository/UI/Client/Claim Services/option_otherFile' is clicked on

2019-01-22 21:59:28 - [TEST_STEP][PASSED] - delay(3): Delayed 3 second(s)

2019-01-22 21:59:31 - [MESSAGE][PASSED] - Delayed 3 second(s)

2019-01-22 21:59:31 - [TEST_STEP][PASSED] - waitForElementClickable(findTestObject("UI/Client/Claim Services/buttonSaveUpload"), 5): Object 'Object Repository/UI/Client/Claim Services/buttonSaveUpload' is clickable

2019-01-22 21:59:31 - [MESSAGE][PASSED] - Object 'Object Repository/UI/Client/Claim Services/buttonSaveUpload' is clickable

2019-01-22 21:59:31 - [TEST_STEP][PASSED] - click(findTestObject("UI/Client/Claim Services/buttonSaveUpload")): Object: 'Object Repository/UI/Client/Claim Services/buttonSaveUpload' is clicked on

2019-01-22 21:59:31 - [MESSAGE][PASSED] - Object: 'Object Repository/UI/Client/Claim Services/buttonSaveUpload' is clicked on

2019-01-22 21:59:31 - [TEST_STEP][PASSED] - waitForPageLoad(5): Wait for page load successfully

2019-01-22 21:59:31 - [MESSAGE][PASSED] - Wait for page load successfully

2019-01-22 21:59:31 - [TEST_STEP][PASSED] - verifyElementVisible(findTestObject("UI/Client/Claim Services/strong_uploadedFileMessage")): Object 'Object Repository/UI/Client/Claim Services/strong_uploadedFileMessage' is visible

2019-01-22 21:59:32 - [MESSAGE][PASSED] - Object 'Object Repository/UI/Client/Claim Services/strong_uploadedFileMessage' is visible

2019-01-22 21:59:32 - [TEST_STEP][PASSED] - waitForElementClickable(findTestObject("UI/General/Log/span_logoutAsClient"), 5): Object 'Object Repository/UI/General/Log/span_logoutAsClient' is clickable

2019-01-22 21:59:32 - [MESSAGE][PASSED] - Object 'Object Repository/UI/General/Log/span_logoutAsClient' is clickable

2019-01-22 21:59:32 - [TEST_STEP][PASSED] - click(findTestObject("UI/General/Log/span_logoutAsClient")): Object: 'Object Repository/UI/General/Log/span_logoutAsClient' is clicked on

2019-01-22 21:59:32 - [MESSAGE][PASSED] - Object: 'Object Repository/UI/General/Log/span_logoutAsClient' is clicked on

2019-01-22 21:59:32 - [TEST_STEP][PASSED] - delay(1): Delayed 1 second(s)

2019-01-22 21:59:33 - [MESSAGE][PASSED] - Delayed 1 second(s)

2019-01-22 21:59:33 - [TEST_STEP][PASSED] - waitForElementClickable(findTestObject("UI/General/Log/a_userAvatar"), 5): Object 'Object Repository/UI/General/Log/a_userAvatar' is clickable

2019-01-22 21:59:33 - [MESSAGE][PASSED] - Object 'Object Repository/UI/General/Log/a_userAvatar' is clickable

2019-01-22 21:59:33 - [TEST_STEP][PASSED] - click(findTestObject("UI/General/Log/a_userAvatar")): Object: 'Object Repository/UI/General/Log/a_userAvatar' is clicked on

2019-01-22 21:59:33 - [MESSAGE][PASSED] - Object: 'Object Repository/UI/General/Log/a_userAvatar' is clicked on

2019-01-22 21:59:33 - [TEST_STEP][PASSED] - delay(1): Delayed 1 second(s)

2019-01-22 21:59:34 - [MESSAGE][PASSED] - Delayed 1 second(s)

2019-01-22 21:59:34 - [TEST_STEP][PASSED] - waitForElementClickable(findTestObject("UI/General/Log/a_signOutAMPS"), 5): Object 'Object Repository/UI/General/Log/a_signOutAMPS' is clickable

2019-01-22 21:59:34 - [MESSAGE][PASSED] - Object 'Object Repository/UI/General/Log/a_signOutAMPS' is clickable

2019-01-22 21:59:34 - [TEST_STEP][PASSED] - click(findTestObject("UI/General/Log/a_signOutAMPS")): Object: 'Object Repository/UI/General/Log/a_signOutAMPS' is clicked on

2019-01-22 21:59:34 - [MESSAGE][PASSED] - Object: 'Object Repository/UI/General/Log/a_signOutAMPS' is clicked on

2019-01-22 21:59:34 - [TEST_STEP][PASSED] - delay(1): Delayed 1 second(s)

2019-01-22 21:59:35 - [MESSAGE][PASSED] - Delayed 1 second(s)

2019-01-22 21:59:35 - [TEST_STEP][PASSED] - closeBrowser(): Browser is closed

2019-01-22 21:59:36 - [MESSAGE][PASSED] - Browser is closed]]></system-out>
         <system-err><![CDATA[]]></system-err>
      </testcase>
      <testcase name="Test Cases/UI/Client/Client Services/Account Maintenance/Account - Change password" classname="Test Cases/UI/Client/Client Services/Account Maintenance/Account - Change password" status="FAILED">
         <failure type="FAILED" message="Test Cases/UI/Client/Client Services/Account Maintenance/Account - Change password FAILED.
Reason:
com.kms.katalon.core.exception.StepFailedException: Unable to scroll to object 'Object Repository/UI/Client/Client Services/Account/h1_Account Title' (Root cause: com.kms.katalon.core.webui.exception.BrowserNotOpenedException: Browser is not opened
Build info: version: '3.7.1', revision: '8a0099a', time: '2017-11-06T21:07:36.161Z'
System info: host: 'TDG-MBL-MTY0359', ip: '192.168.1.97', os.name: 'Windows 10', os.arch: 'amd64', os.version: '10.0', java.version: '1.8.0_181'
Driver info: driver.version: unknown)
	at com.kms.katalon.core.keyword.internal.KeywordMain.stepFailed(KeywordMain.groovy:36)
	at com.kms.katalon.core.webui.keyword.internal.WebUIKeywordMain.stepFailed(WebUIKeywordMain.groovy:65)
	at com.kms.katalon.core.webui.keyword.internal.WebUIKeywordMain.runKeyword(WebUIKeywordMain.groovy:27)
	at com.kms.katalon.core.webui.keyword.builtin.ScrollToElementKeyword.scrollToElement(ScrollToElementKeyword.groovy:88)
	at com.kms.katalon.core.webui.keyword.builtin.ScrollToElementKeyword.execute(ScrollToElementKeyword.groovy:68)
	at com.kms.katalon.core.keyword.internal.KeywordExecutor.executeKeywordForPlatform(KeywordExecutor.groovy:53)
	at com.kms.katalon.core.webui.keyword.WebUiBuiltInKeywords.scrollToElement(WebUiBuiltInKeywords.groovy:2975)
	at com.kms.katalon.core.webui.keyword.WebUiBuiltInKeywords$scrollToElement$14.call(Unknown Source)
	at Account - Change password.run(Account - Change password:26)
	at com.kms.katalon.core.main.ScriptEngine.run(ScriptEngine.java:194)
	at com.kms.katalon.core.main.ScriptEngine.runScriptAsRawText(ScriptEngine.java:119)
	at com.kms.katalon.core.main.TestCaseExecutor.runScript(TestCaseExecutor.java:328)
	at com.kms.katalon.core.main.TestCaseExecutor.doExecute(TestCaseExecutor.java:319)
	at com.kms.katalon.core.main.TestCaseExecutor.processExecutionPhase(TestCaseExecutor.java:298)
	at com.kms.katalon.core.main.TestCaseExecutor.accessMainPhase(TestCaseExecutor.java:290)
	at com.kms.katalon.core.main.TestCaseExecutor.execute(TestCaseExecutor.java:224)
	at com.kms.katalon.core.main.TestSuiteExecutor.accessTestCaseMainPhase(TestSuiteExecutor.java:129)
	at com.kms.katalon.core.main.TestSuiteExecutor.accessTestSuiteMainPhase(TestSuiteExecutor.java:112)
	at com.kms.katalon.core.main.TestSuiteExecutor.execute(TestSuiteExecutor.java:81)
	at com.kms.katalon.core.main.TestCaseMain.startTestSuite(TestCaseMain.java:149)
	at com.kms.katalon.core.main.TestCaseMain$startTestSuite$0.call(Unknown Source)
	at TempTestSuite1548215797467.run(TempTestSuite1548215797467.groovy:36)
"/>
         <system-out><![CDATA[2019-01-22 21:59:36 - [TEST_CASE][FAILED] - Test Cases/UI/Client/Client Services/Account Maintenance/Account - Change password: Test Cases/UI/Client/Client Services/Account Maintenance/Account - Change password FAILED.
Reason:
com.kms.katalon.core.exception.StepFailedException: Unable to scroll to object 'Object Repository/UI/Client/Client Services/Account/h1_Account Title' (Root cause: com.kms.katalon.core.webui.exception.BrowserNotOpenedException: Browser is not opened
Build info: version: '3.7.1', revision: '8a0099a', time: '2017-11-06T21:07:36.161Z'
System info: host: 'TDG-MBL-MTY0359', ip: '192.168.1.97', os.name: 'Windows 10', os.arch: 'amd64', os.version: '10.0', java.version: '1.8.0_181'
Driver info: driver.version: unknown)
	at com.kms.katalon.core.keyword.internal.KeywordMain.stepFailed(KeywordMain.groovy:36)
	at com.kms.katalon.core.webui.keyword.internal.WebUIKeywordMain.stepFailed(WebUIKeywordMain.groovy:65)
	at com.kms.katalon.core.webui.keyword.internal.WebUIKeywordMain.runKeyword(WebUIKeywordMain.groovy:27)
	at com.kms.katalon.core.webui.keyword.builtin.ScrollToElementKeyword.scrollToElement(ScrollToElementKeyword.groovy:88)
	at com.kms.katalon.core.webui.keyword.builtin.ScrollToElementKeyword.execute(ScrollToElementKeyword.groovy:68)
	at com.kms.katalon.core.keyword.internal.KeywordExecutor.executeKeywordForPlatform(KeywordExecutor.groovy:53)
	at com.kms.katalon.core.webui.keyword.WebUiBuiltInKeywords.scrollToElement(WebUiBuiltInKeywords.groovy:2975)
	at com.kms.katalon.core.webui.keyword.WebUiBuiltInKeywords$scrollToElement$14.call(Unknown Source)
	at Account - Change password.run(Account - Change password:26)
	at com.kms.katalon.core.main.ScriptEngine.run(ScriptEngine.java:194)
	at com.kms.katalon.core.main.ScriptEngine.runScriptAsRawText(ScriptEngine.java:119)
	at com.kms.katalon.core.main.TestCaseExecutor.runScript(TestCaseExecutor.java:328)
	at com.kms.katalon.core.main.TestCaseExecutor.doExecute(TestCaseExecutor.java:319)
	at com.kms.katalon.core.main.TestCaseExecutor.processExecutionPhase(TestCaseExecutor.java:298)
	at com.kms.katalon.core.main.TestCaseExecutor.accessMainPhase(TestCaseExecutor.java:290)
	at com.kms.katalon.core.main.TestCaseExecutor.execute(TestCaseExecutor.java:224)
	at com.kms.katalon.core.main.TestSuiteExecutor.accessTestCaseMainPhase(TestSuiteExecutor.java:129)
	at com.kms.katalon.core.main.TestSuiteExecutor.accessTestSuiteMainPhase(TestSuiteExecutor.java:112)
	at com.kms.katalon.core.main.TestSuiteExecutor.execute(TestSuiteExecutor.java:81)
	at com.kms.katalon.core.main.TestCaseMain.startTestSuite(TestCaseMain.java:149)
	at com.kms.katalon.core.main.TestCaseMain$startTestSuite$0.call(Unknown Source)
	at TempTestSuite1548215797467.run(TempTestSuite1548215797467.groovy:36)


2019-01-22 21:59:36 - [TEST_STEP][NOT_RUN] - click(findTestObject("UI/Client/Client Services/Account/a_SettingsMenu")): NOT_RUN: click(findTestObject("UI/Client/Client Services/Account/a_SettingsMenu"))

2019-01-22 21:59:36 - [MESSAGE][NOT_RUN] - NOT_RUN: click(findTestObject("UI/Client/Client Services/Account/a_SettingsMenu"))

2019-01-22 21:59:36 - [TEST_STEP][NOT_RUN] - scrollToElement(findTestObject("UI/Client/Client Services/Account/a_SettingsMenu"), 5): NOT_RUN: scrollToElement(findTestObject("UI/Client/Client Services/Account/a_SettingsMenu"), 5)

2019-01-22 21:59:36 - [MESSAGE][NOT_RUN] - NOT_RUN: scrollToElement(findTestObject("UI/Client/Client Services/Account/a_SettingsMenu"), 5)

2019-01-22 21:59:36 - [TEST_STEP][NOT_RUN] - click(findTestObject("UI/Client/Client Services/Account/span_AccountSubMenu")): NOT_RUN: click(findTestObject("UI/Client/Client Services/Account/span_AccountSubMenu"))

2019-01-22 21:59:36 - [MESSAGE][NOT_RUN] - NOT_RUN: click(findTestObject("UI/Client/Client Services/Account/span_AccountSubMenu"))

2019-01-22 21:59:36 - [TEST_STEP][NOT_RUN] - waitForElementPresent(findTestObject("UI/Client/Client Services/Account/h1_Account Title"), 5): NOT_RUN: waitForElementPresent(findTestObject("UI/Client/Client Services/Account/h1_Account Title"), 5)

2019-01-22 21:59:36 - [MESSAGE][NOT_RUN] - NOT_RUN: waitForElementPresent(findTestObject("UI/Client/Client Services/Account/h1_Account Title"), 5)

2019-01-22 21:59:36 - [TEST_STEP][NOT_RUN] - waitForElementVisible(findTestObject("UI/Client/Client Services/Account/h1_Account Title"), 5): NOT_RUN: waitForElementVisible(findTestObject("UI/Client/Client Services/Account/h1_Account Title"), 5)

2019-01-22 21:59:36 - [MESSAGE][NOT_RUN] - NOT_RUN: waitForElementVisible(findTestObject("UI/Client/Client Services/Account/h1_Account Title"), 5)

2019-01-22 21:59:36 - [TEST_STEP][FAILED] - scrollToElement(findTestObject("UI/Client/Client Services/Account/h1_Account Title"), 5): scrollToElement(findTestObject("UI/Client/Client Services/Account/h1_Account Title"), 5) FAILED.
Reason:
com.kms.katalon.core.exception.StepFailedException: Unable to scroll to object 'Object Repository/UI/Client/Client Services/Account/h1_Account Title' (Root cause: com.kms.katalon.core.webui.exception.BrowserNotOpenedException: Browser is not opened
Build info: version: '3.7.1', revision: '8a0099a', time: '2017-11-06T21:07:36.161Z'
System info: host: 'TDG-MBL-MTY0359', ip: '192.168.1.97', os.name: 'Windows 10', os.arch: 'amd64', os.version: '10.0', java.version: '1.8.0_181'
Driver info: driver.version: unknown)
	at com.kms.katalon.core.keyword.internal.KeywordMain.stepFailed(KeywordMain.groovy:36)
	at com.kms.katalon.core.webui.keyword.internal.WebUIKeywordMain.stepFailed(WebUIKeywordMain.groovy:65)
	at com.kms.katalon.core.webui.keyword.internal.WebUIKeywordMain.runKeyword(WebUIKeywordMain.groovy:27)
	at com.kms.katalon.core.webui.keyword.builtin.ScrollToElementKeyword.scrollToElement(ScrollToElementKeyword.groovy:88)
	at com.kms.katalon.core.webui.keyword.builtin.ScrollToElementKeyword.execute(ScrollToElementKeyword.groovy:68)
	at com.kms.katalon.core.keyword.internal.KeywordExecutor.executeKeywordForPlatform(KeywordExecutor.groovy:53)
	at com.kms.katalon.core.webui.keyword.WebUiBuiltInKeywords.scrollToElement(WebUiBuiltInKeywords.groovy:2975)
	at com.kms.katalon.core.webui.keyword.WebUiBuiltInKeywords$scrollToElement$14.call(Unknown Source)
	at Account - Change password.run(Account - Change password:26)
	at com.kms.katalon.core.main.ScriptEngine.run(ScriptEngine.java:194)
	at com.kms.katalon.core.main.ScriptEngine.runScriptAsRawText(ScriptEngine.java:119)
	at com.kms.katalon.core.main.TestCaseExecutor.runScript(TestCaseExecutor.java:328)
	at com.kms.katalon.core.main.TestCaseExecutor.doExecute(TestCaseExecutor.java:319)
	at com.kms.katalon.core.main.TestCaseExecutor.processExecutionPhase(TestCaseExecutor.java:298)
	at com.kms.katalon.core.main.TestCaseExecutor.accessMainPhase(TestCaseExecutor.java:290)
	at com.kms.katalon.core.main.TestCaseExecutor.execute(TestCaseExecutor.java:224)
	at com.kms.katalon.core.main.TestSuiteExecutor.accessTestCaseMainPhase(TestSuiteExecutor.java:129)
	at com.kms.katalon.core.main.TestSuiteExecutor.accessTestSuiteMainPhase(TestSuiteExecutor.java:112)
	at com.kms.katalon.core.main.TestSuiteExecutor.execute(TestSuiteExecutor.java:81)
	at com.kms.katalon.core.main.TestCaseMain.startTestSuite(TestCaseMain.java:149)
	at com.kms.katalon.core.main.TestCaseMain$startTestSuite$0.call(Unknown Source)
	at TempTestSuite1548215797467.run(TempTestSuite1548215797467.groovy:36)


2019-01-22 21:59:36 - [MESSAGE][WARNING] - Cannot take screenshot

2019-01-22 21:59:36 - [MESSAGE][FAILED] - Unable to scroll to object 'Object Repository/UI/Client/Client Services/Account/h1_Account Title' (Root cause: com.kms.katalon.core.webui.exception.BrowserNotOpenedException: Browser is not opened
Build info: version: '3.7.1', revision: '8a0099a', time: '2017-11-06T21:07:36.161Z'
System info: host: 'TDG-MBL-MTY0359', ip: '192.168.1.97', os.name: 'Windows 10', os.arch: 'amd64', os.version: '10.0', java.version: '1.8.0_181'
Driver info: driver.version: unknown)

2019-01-22 21:59:36 - [MESSAGE][FAILED] - scrollToElement(findTestObject("UI/Client/Client Services/Account/h1_Account Title"), 5) FAILED.
Reason:
com.kms.katalon.core.exception.StepFailedException: Unable to scroll to object 'Object Repository/UI/Client/Client Services/Account/h1_Account Title' (Root cause: com.kms.katalon.core.webui.exception.BrowserNotOpenedException: Browser is not opened
Build info: version: '3.7.1', revision: '8a0099a', time: '2017-11-06T21:07:36.161Z'
System info: host: 'TDG-MBL-MTY0359', ip: '192.168.1.97', os.name: 'Windows 10', os.arch: 'amd64', os.version: '10.0', java.version: '1.8.0_181'
Driver info: driver.version: unknown)
	at com.kms.katalon.core.keyword.internal.KeywordMain.stepFailed(KeywordMain.groovy:36)
	at com.kms.katalon.core.webui.keyword.internal.WebUIKeywordMain.stepFailed(WebUIKeywordMain.groovy:65)
	at com.kms.katalon.core.webui.keyword.internal.WebUIKeywordMain.runKeyword(WebUIKeywordMain.groovy:27)
	at com.kms.katalon.core.webui.keyword.builtin.ScrollToElementKeyword.scrollToElement(ScrollToElementKeyword.groovy:88)
	at com.kms.katalon.core.webui.keyword.builtin.ScrollToElementKeyword.execute(ScrollToElementKeyword.groovy:68)
	at com.kms.katalon.core.keyword.internal.KeywordExecutor.executeKeywordForPlatform(KeywordExecutor.groovy:53)
	at com.kms.katalon.core.webui.keyword.WebUiBuiltInKeywords.scrollToElement(WebUiBuiltInKeywords.groovy:2975)
	at com.kms.katalon.core.webui.keyword.WebUiBuiltInKeywords$scrollToElement$14.call(Unknown Source)
	at Account - Change password.run(Account - Change password:26)
	at com.kms.katalon.core.main.ScriptEngine.run(ScriptEngine.java:194)
	at com.kms.katalon.core.main.ScriptEngine.runScriptAsRawText(ScriptEngine.java:119)
	at com.kms.katalon.core.main.TestCaseExecutor.runScript(TestCaseExecutor.java:328)
	at com.kms.katalon.core.main.TestCaseExecutor.doExecute(TestCaseExecutor.java:319)
	at com.kms.katalon.core.main.TestCaseExecutor.processExecutionPhase(TestCaseExecutor.java:298)
	at com.kms.katalon.core.main.TestCaseExecutor.accessMainPhase(TestCaseExecutor.java:290)
	at com.kms.katalon.core.main.TestCaseExecutor.execute(TestCaseExecutor.java:224)
	at com.kms.katalon.core.main.TestSuiteExecutor.accessTestCaseMainPhase(TestSuiteExecutor.java:129)
	at com.kms.katalon.core.main.TestSuiteExecutor.accessTestSuiteMainPhase(TestSuiteExecutor.java:112)
	at com.kms.katalon.core.main.TestSuiteExecutor.execute(TestSuiteExecutor.java:81)
	at com.kms.katalon.core.main.TestCaseMain.startTestSuite(TestCaseMain.java:149)
	at com.kms.katalon.core.main.TestCaseMain$startTestSuite$0.call(Unknown Source)
	at TempTestSuite1548215797467.run(TempTestSuite1548215797467.groovy:36)]]></system-out>
         <system-err><![CDATA[2019-01-22 21:59:36 - [TEST_CASE][FAILED] - Test Cases/UI/Client/Client Services/Account Maintenance/Account - Change password: Test Cases/UI/Client/Client Services/Account Maintenance/Account - Change password FAILED.
Reason:
com.kms.katalon.core.exception.StepFailedException: Unable to scroll to object 'Object Repository/UI/Client/Client Services/Account/h1_Account Title' (Root cause: com.kms.katalon.core.webui.exception.BrowserNotOpenedException: Browser is not opened
Build info: version: '3.7.1', revision: '8a0099a', time: '2017-11-06T21:07:36.161Z'
System info: host: 'TDG-MBL-MTY0359', ip: '192.168.1.97', os.name: 'Windows 10', os.arch: 'amd64', os.version: '10.0', java.version: '1.8.0_181'
Driver info: driver.version: unknown)
	at com.kms.katalon.core.keyword.internal.KeywordMain.stepFailed(KeywordMain.groovy:36)
	at com.kms.katalon.core.webui.keyword.internal.WebUIKeywordMain.stepFailed(WebUIKeywordMain.groovy:65)
	at com.kms.katalon.core.webui.keyword.internal.WebUIKeywordMain.runKeyword(WebUIKeywordMain.groovy:27)
	at com.kms.katalon.core.webui.keyword.builtin.ScrollToElementKeyword.scrollToElement(ScrollToElementKeyword.groovy:88)
	at com.kms.katalon.core.webui.keyword.builtin.ScrollToElementKeyword.execute(ScrollToElementKeyword.groovy:68)
	at com.kms.katalon.core.keyword.internal.KeywordExecutor.executeKeywordForPlatform(KeywordExecutor.groovy:53)
	at com.kms.katalon.core.webui.keyword.WebUiBuiltInKeywords.scrollToElement(WebUiBuiltInKeywords.groovy:2975)
	at com.kms.katalon.core.webui.keyword.WebUiBuiltInKeywords$scrollToElement$14.call(Unknown Source)
	at Account - Change password.run(Account - Change password:26)
	at com.kms.katalon.core.main.ScriptEngine.run(ScriptEngine.java:194)
	at com.kms.katalon.core.main.ScriptEngine.runScriptAsRawText(ScriptEngine.java:119)
	at com.kms.katalon.core.main.TestCaseExecutor.runScript(TestCaseExecutor.java:328)
	at com.kms.katalon.core.main.TestCaseExecutor.doExecute(TestCaseExecutor.java:319)
	at com.kms.katalon.core.main.TestCaseExecutor.processExecutionPhase(TestCaseExecutor.java:298)
	at com.kms.katalon.core.main.TestCaseExecutor.accessMainPhase(TestCaseExecutor.java:290)
	at com.kms.katalon.core.main.TestCaseExecutor.execute(TestCaseExecutor.java:224)
	at com.kms.katalon.core.main.TestSuiteExecutor.accessTestCaseMainPhase(TestSuiteExecutor.java:129)
	at com.kms.katalon.core.main.TestSuiteExecutor.accessTestSuiteMainPhase(TestSuiteExecutor.java:112)
	at com.kms.katalon.core.main.TestSuiteExecutor.execute(TestSuiteExecutor.java:81)
	at com.kms.katalon.core.main.TestCaseMain.startTestSuite(TestCaseMain.java:149)
	at com.kms.katalon.core.main.TestCaseMain$startTestSuite$0.call(Unknown Source)
	at TempTestSuite1548215797467.run(TempTestSuite1548215797467.groovy:36)]]></system-err>
      </testcase>
      <testcase name="Test Cases/UI/Client/Client Services/Account Maintenance/Account - Fields and buttons validation" classname="Test Cases/UI/Client/Client Services/Account Maintenance/Account - Fields and buttons validation" status="FAILED">
         <failure type="FAILED" message="Test Cases/UI/Client/Client Services/Account Maintenance/Account - Fields and buttons validation FAILED.
Reason:
com.kms.katalon.core.exception.StepFailedException: Unable to click on object 'Object Repository/UI/Client/Client Services/Account/a_SettingsMenu' (Root cause: com.kms.katalon.core.webui.exception.BrowserNotOpenedException: Browser is not opened
Build info: version: '3.7.1', revision: '8a0099a', time: '2017-11-06T21:07:36.161Z'
System info: host: 'TDG-MBL-MTY0359', ip: '192.168.1.97', os.name: 'Windows 10', os.arch: 'amd64', os.version: '10.0', java.version: '1.8.0_181'
Driver info: driver.version: unknown)
	at com.kms.katalon.core.keyword.internal.KeywordMain.stepFailed(KeywordMain.groovy:36)
	at com.kms.katalon.core.webui.keyword.internal.WebUIKeywordMain.stepFailed(WebUIKeywordMain.groovy:65)
	at com.kms.katalon.core.webui.keyword.internal.WebUIKeywordMain.runKeyword(WebUIKeywordMain.groovy:27)
	at com.kms.katalon.core.webui.keyword.builtin.ClickKeyword.click(ClickKeyword.groovy:86)
	at com.kms.katalon.core.webui.keyword.builtin.ClickKeyword.execute(ClickKeyword.groovy:67)
	at com.kms.katalon.core.keyword.internal.KeywordExecutor.executeKeywordForPlatform(KeywordExecutor.groovy:53)
	at com.kms.katalon.core.webui.keyword.WebUiBuiltInKeywords.click(WebUiBuiltInKeywords.groovy:616)
	at com.kms.katalon.core.webui.keyword.WebUiBuiltInKeywords$click$5.call(Unknown Source)
	at Account - Fields and buttons validation.run(Account - Fields and buttons validation:16)
	at com.kms.katalon.core.main.ScriptEngine.run(ScriptEngine.java:194)
	at com.kms.katalon.core.main.ScriptEngine.runScriptAsRawText(ScriptEngine.java:119)
	at com.kms.katalon.core.main.TestCaseExecutor.runScript(TestCaseExecutor.java:328)
	at com.kms.katalon.core.main.TestCaseExecutor.doExecute(TestCaseExecutor.java:319)
	at com.kms.katalon.core.main.TestCaseExecutor.processExecutionPhase(TestCaseExecutor.java:298)
	at com.kms.katalon.core.main.TestCaseExecutor.accessMainPhase(TestCaseExecutor.java:290)
	at com.kms.katalon.core.main.TestCaseExecutor.execute(TestCaseExecutor.java:224)
	at com.kms.katalon.core.main.TestSuiteExecutor.accessTestCaseMainPhase(TestSuiteExecutor.java:129)
	at com.kms.katalon.core.main.TestSuiteExecutor.accessTestSuiteMainPhase(TestSuiteExecutor.java:112)
	at com.kms.katalon.core.main.TestSuiteExecutor.execute(TestSuiteExecutor.java:81)
	at com.kms.katalon.core.main.TestCaseMain.startTestSuite(TestCaseMain.java:149)
	at com.kms.katalon.core.main.TestCaseMain$startTestSuite$0.call(Unknown Source)
	at TempTestSuite1548215797467.run(TempTestSuite1548215797467.groovy:36)
"/>
         <system-out><![CDATA[2019-01-22 21:59:36 - [TEST_CASE][FAILED] - Test Cases/UI/Client/Client Services/Account Maintenance/Account - Fields and buttons validation: Test Cases/UI/Client/Client Services/Account Maintenance/Account - Fields and buttons validation FAILED.
Reason:
com.kms.katalon.core.exception.StepFailedException: Unable to click on object 'Object Repository/UI/Client/Client Services/Account/a_SettingsMenu' (Root cause: com.kms.katalon.core.webui.exception.BrowserNotOpenedException: Browser is not opened
Build info: version: '3.7.1', revision: '8a0099a', time: '2017-11-06T21:07:36.161Z'
System info: host: 'TDG-MBL-MTY0359', ip: '192.168.1.97', os.name: 'Windows 10', os.arch: 'amd64', os.version: '10.0', java.version: '1.8.0_181'
Driver info: driver.version: unknown)
	at com.kms.katalon.core.keyword.internal.KeywordMain.stepFailed(KeywordMain.groovy:36)
	at com.kms.katalon.core.webui.keyword.internal.WebUIKeywordMain.stepFailed(WebUIKeywordMain.groovy:65)
	at com.kms.katalon.core.webui.keyword.internal.WebUIKeywordMain.runKeyword(WebUIKeywordMain.groovy:27)
	at com.kms.katalon.core.webui.keyword.builtin.ClickKeyword.click(ClickKeyword.groovy:86)
	at com.kms.katalon.core.webui.keyword.builtin.ClickKeyword.execute(ClickKeyword.groovy:67)
	at com.kms.katalon.core.keyword.internal.KeywordExecutor.executeKeywordForPlatform(KeywordExecutor.groovy:53)
	at com.kms.katalon.core.webui.keyword.WebUiBuiltInKeywords.click(WebUiBuiltInKeywords.groovy:616)
	at com.kms.katalon.core.webui.keyword.WebUiBuiltInKeywords$click$5.call(Unknown Source)
	at Account - Fields and buttons validation.run(Account - Fields and buttons validation:16)
	at com.kms.katalon.core.main.ScriptEngine.run(ScriptEngine.java:194)
	at com.kms.katalon.core.main.ScriptEngine.runScriptAsRawText(ScriptEngine.java:119)
	at com.kms.katalon.core.main.TestCaseExecutor.runScript(TestCaseExecutor.java:328)
	at com.kms.katalon.core.main.TestCaseExecutor.doExecute(TestCaseExecutor.java:319)
	at com.kms.katalon.core.main.TestCaseExecutor.processExecutionPhase(TestCaseExecutor.java:298)
	at com.kms.katalon.core.main.TestCaseExecutor.accessMainPhase(TestCaseExecutor.java:290)
	at com.kms.katalon.core.main.TestCaseExecutor.execute(TestCaseExecutor.java:224)
	at com.kms.katalon.core.main.TestSuiteExecutor.accessTestCaseMainPhase(TestSuiteExecutor.java:129)
	at com.kms.katalon.core.main.TestSuiteExecutor.accessTestSuiteMainPhase(TestSuiteExecutor.java:112)
	at com.kms.katalon.core.main.TestSuiteExecutor.execute(TestSuiteExecutor.java:81)
	at com.kms.katalon.core.main.TestCaseMain.startTestSuite(TestCaseMain.java:149)
	at com.kms.katalon.core.main.TestCaseMain$startTestSuite$0.call(Unknown Source)
	at TempTestSuite1548215797467.run(TempTestSuite1548215797467.groovy:36)


2019-01-22 21:59:36 - [TEST_STEP][FAILED] - click(findTestObject("UI/Client/Client Services/Account/a_SettingsMenu")): click(findTestObject("UI/Client/Client Services/Account/a_SettingsMenu")) FAILED.
Reason:
com.kms.katalon.core.exception.StepFailedException: Unable to click on object 'Object Repository/UI/Client/Client Services/Account/a_SettingsMenu' (Root cause: com.kms.katalon.core.webui.exception.BrowserNotOpenedException: Browser is not opened
Build info: version: '3.7.1', revision: '8a0099a', time: '2017-11-06T21:07:36.161Z'
System info: host: 'TDG-MBL-MTY0359', ip: '192.168.1.97', os.name: 'Windows 10', os.arch: 'amd64', os.version: '10.0', java.version: '1.8.0_181'
Driver info: driver.version: unknown)
	at com.kms.katalon.core.keyword.internal.KeywordMain.stepFailed(KeywordMain.groovy:36)
	at com.kms.katalon.core.webui.keyword.internal.WebUIKeywordMain.stepFailed(WebUIKeywordMain.groovy:65)
	at com.kms.katalon.core.webui.keyword.internal.WebUIKeywordMain.runKeyword(WebUIKeywordMain.groovy:27)
	at com.kms.katalon.core.webui.keyword.builtin.ClickKeyword.click(ClickKeyword.groovy:86)
	at com.kms.katalon.core.webui.keyword.builtin.ClickKeyword.execute(ClickKeyword.groovy:67)
	at com.kms.katalon.core.keyword.internal.KeywordExecutor.executeKeywordForPlatform(KeywordExecutor.groovy:53)
	at com.kms.katalon.core.webui.keyword.WebUiBuiltInKeywords.click(WebUiBuiltInKeywords.groovy:616)
	at com.kms.katalon.core.webui.keyword.WebUiBuiltInKeywords$click$5.call(Unknown Source)
	at Account - Fields and buttons validation.run(Account - Fields and buttons validation:16)
	at com.kms.katalon.core.main.ScriptEngine.run(ScriptEngine.java:194)
	at com.kms.katalon.core.main.ScriptEngine.runScriptAsRawText(ScriptEngine.java:119)
	at com.kms.katalon.core.main.TestCaseExecutor.runScript(TestCaseExecutor.java:328)
	at com.kms.katalon.core.main.TestCaseExecutor.doExecute(TestCaseExecutor.java:319)
	at com.kms.katalon.core.main.TestCaseExecutor.processExecutionPhase(TestCaseExecutor.java:298)
	at com.kms.katalon.core.main.TestCaseExecutor.accessMainPhase(TestCaseExecutor.java:290)
	at com.kms.katalon.core.main.TestCaseExecutor.execute(TestCaseExecutor.java:224)
	at com.kms.katalon.core.main.TestSuiteExecutor.accessTestCaseMainPhase(TestSuiteExecutor.java:129)
	at com.kms.katalon.core.main.TestSuiteExecutor.accessTestSuiteMainPhase(TestSuiteExecutor.java:112)
	at com.kms.katalon.core.main.TestSuiteExecutor.execute(TestSuiteExecutor.java:81)
	at com.kms.katalon.core.main.TestCaseMain.startTestSuite(TestCaseMain.java:149)
	at com.kms.katalon.core.main.TestCaseMain$startTestSuite$0.call(Unknown Source)
	at TempTestSuite1548215797467.run(TempTestSuite1548215797467.groovy:36)


2019-01-22 21:59:36 - [MESSAGE][WARNING] - Cannot take screenshot

2019-01-22 21:59:36 - [MESSAGE][FAILED] - Unable to click on object 'Object Repository/UI/Client/Client Services/Account/a_SettingsMenu' (Root cause: com.kms.katalon.core.webui.exception.BrowserNotOpenedException: Browser is not opened
Build info: version: '3.7.1', revision: '8a0099a', time: '2017-11-06T21:07:36.161Z'
System info: host: 'TDG-MBL-MTY0359', ip: '192.168.1.97', os.name: 'Windows 10', os.arch: 'amd64', os.version: '10.0', java.version: '1.8.0_181'
Driver info: driver.version: unknown)

2019-01-22 21:59:36 - [MESSAGE][FAILED] - click(findTestObject("UI/Client/Client Services/Account/a_SettingsMenu")) FAILED.
Reason:
com.kms.katalon.core.exception.StepFailedException: Unable to click on object 'Object Repository/UI/Client/Client Services/Account/a_SettingsMenu' (Root cause: com.kms.katalon.core.webui.exception.BrowserNotOpenedException: Browser is not opened
Build info: version: '3.7.1', revision: '8a0099a', time: '2017-11-06T21:07:36.161Z'
System info: host: 'TDG-MBL-MTY0359', ip: '192.168.1.97', os.name: 'Windows 10', os.arch: 'amd64', os.version: '10.0', java.version: '1.8.0_181'
Driver info: driver.version: unknown)
	at com.kms.katalon.core.keyword.internal.KeywordMain.stepFailed(KeywordMain.groovy:36)
	at com.kms.katalon.core.webui.keyword.internal.WebUIKeywordMain.stepFailed(WebUIKeywordMain.groovy:65)
	at com.kms.katalon.core.webui.keyword.internal.WebUIKeywordMain.runKeyword(WebUIKeywordMain.groovy:27)
	at com.kms.katalon.core.webui.keyword.builtin.ClickKeyword.click(ClickKeyword.groovy:86)
	at com.kms.katalon.core.webui.keyword.builtin.ClickKeyword.execute(ClickKeyword.groovy:67)
	at com.kms.katalon.core.keyword.internal.KeywordExecutor.executeKeywordForPlatform(KeywordExecutor.groovy:53)
	at com.kms.katalon.core.webui.keyword.WebUiBuiltInKeywords.click(WebUiBuiltInKeywords.groovy:616)
	at com.kms.katalon.core.webui.keyword.WebUiBuiltInKeywords$click$5.call(Unknown Source)
	at Account - Fields and buttons validation.run(Account - Fields and buttons validation:16)
	at com.kms.katalon.core.main.ScriptEngine.run(ScriptEngine.java:194)
	at com.kms.katalon.core.main.ScriptEngine.runScriptAsRawText(ScriptEngine.java:119)
	at com.kms.katalon.core.main.TestCaseExecutor.runScript(TestCaseExecutor.java:328)
	at com.kms.katalon.core.main.TestCaseExecutor.doExecute(TestCaseExecutor.java:319)
	at com.kms.katalon.core.main.TestCaseExecutor.processExecutionPhase(TestCaseExecutor.java:298)
	at com.kms.katalon.core.main.TestCaseExecutor.accessMainPhase(TestCaseExecutor.java:290)
	at com.kms.katalon.core.main.TestCaseExecutor.execute(TestCaseExecutor.java:224)
	at com.kms.katalon.core.main.TestSuiteExecutor.accessTestCaseMainPhase(TestSuiteExecutor.java:129)
	at com.kms.katalon.core.main.TestSuiteExecutor.accessTestSuiteMainPhase(TestSuiteExecutor.java:112)
	at com.kms.katalon.core.main.TestSuiteExecutor.execute(TestSuiteExecutor.java:81)
	at com.kms.katalon.core.main.TestCaseMain.startTestSuite(TestCaseMain.java:149)
	at com.kms.katalon.core.main.TestCaseMain$startTestSuite$0.call(Unknown Source)
	at TempTestSuite1548215797467.run(TempTestSuite1548215797467.groovy:36)]]></system-out>
         <system-err><![CDATA[2019-01-22 21:59:36 - [TEST_CASE][FAILED] - Test Cases/UI/Client/Client Services/Account Maintenance/Account - Fields and buttons validation: Test Cases/UI/Client/Client Services/Account Maintenance/Account - Fields and buttons validation FAILED.
Reason:
com.kms.katalon.core.exception.StepFailedException: Unable to click on object 'Object Repository/UI/Client/Client Services/Account/a_SettingsMenu' (Root cause: com.kms.katalon.core.webui.exception.BrowserNotOpenedException: Browser is not opened
Build info: version: '3.7.1', revision: '8a0099a', time: '2017-11-06T21:07:36.161Z'
System info: host: 'TDG-MBL-MTY0359', ip: '192.168.1.97', os.name: 'Windows 10', os.arch: 'amd64', os.version: '10.0', java.version: '1.8.0_181'
Driver info: driver.version: unknown)
	at com.kms.katalon.core.keyword.internal.KeywordMain.stepFailed(KeywordMain.groovy:36)
	at com.kms.katalon.core.webui.keyword.internal.WebUIKeywordMain.stepFailed(WebUIKeywordMain.groovy:65)
	at com.kms.katalon.core.webui.keyword.internal.WebUIKeywordMain.runKeyword(WebUIKeywordMain.groovy:27)
	at com.kms.katalon.core.webui.keyword.builtin.ClickKeyword.click(ClickKeyword.groovy:86)
	at com.kms.katalon.core.webui.keyword.builtin.ClickKeyword.execute(ClickKeyword.groovy:67)
	at com.kms.katalon.core.keyword.internal.KeywordExecutor.executeKeywordForPlatform(KeywordExecutor.groovy:53)
	at com.kms.katalon.core.webui.keyword.WebUiBuiltInKeywords.click(WebUiBuiltInKeywords.groovy:616)
	at com.kms.katalon.core.webui.keyword.WebUiBuiltInKeywords$click$5.call(Unknown Source)
	at Account - Fields and buttons validation.run(Account - Fields and buttons validation:16)
	at com.kms.katalon.core.main.ScriptEngine.run(ScriptEngine.java:194)
	at com.kms.katalon.core.main.ScriptEngine.runScriptAsRawText(ScriptEngine.java:119)
	at com.kms.katalon.core.main.TestCaseExecutor.runScript(TestCaseExecutor.java:328)
	at com.kms.katalon.core.main.TestCaseExecutor.doExecute(TestCaseExecutor.java:319)
	at com.kms.katalon.core.main.TestCaseExecutor.processExecutionPhase(TestCaseExecutor.java:298)
	at com.kms.katalon.core.main.TestCaseExecutor.accessMainPhase(TestCaseExecutor.java:290)
	at com.kms.katalon.core.main.TestCaseExecutor.execute(TestCaseExecutor.java:224)
	at com.kms.katalon.core.main.TestSuiteExecutor.accessTestCaseMainPhase(TestSuiteExecutor.java:129)
	at com.kms.katalon.core.main.TestSuiteExecutor.accessTestSuiteMainPhase(TestSuiteExecutor.java:112)
	at com.kms.katalon.core.main.TestSuiteExecutor.execute(TestSuiteExecutor.java:81)
	at com.kms.katalon.core.main.TestCaseMain.startTestSuite(TestCaseMain.java:149)
	at com.kms.katalon.core.main.TestCaseMain$startTestSuite$0.call(Unknown Source)
	at TempTestSuite1548215797467.run(TempTestSuite1548215797467.groovy:36)]]></system-err>
      </testcase>
      <testcase name="Test Cases/UI/Client/Client Services/Account Maintenance/Account - Fields can be modified and saved" classname="Test Cases/UI/Client/Client Services/Account Maintenance/Account - Fields can be modified and saved" status="FAILED">
         <failure type="FAILED" message="Test Cases/UI/Client/Client Services/Account Maintenance/Account - Fields can be modified and saved FAILED.
Reason:
com.kms.katalon.core.exception.StepFailedException: Unable to scroll to object 'Object Repository/UI/Client/Client Services/Account/h1_Account Title' (Root cause: com.kms.katalon.core.webui.exception.BrowserNotOpenedException: Browser is not opened
Build info: version: '3.7.1', revision: '8a0099a', time: '2017-11-06T21:07:36.161Z'
System info: host: 'TDG-MBL-MTY0359', ip: '192.168.1.97', os.name: 'Windows 10', os.arch: 'amd64', os.version: '10.0', java.version: '1.8.0_181'
Driver info: driver.version: unknown)
	at com.kms.katalon.core.keyword.internal.KeywordMain.stepFailed(KeywordMain.groovy:36)
	at com.kms.katalon.core.webui.keyword.internal.WebUIKeywordMain.stepFailed(WebUIKeywordMain.groovy:65)
	at com.kms.katalon.core.webui.keyword.internal.WebUIKeywordMain.runKeyword(WebUIKeywordMain.groovy:27)
	at com.kms.katalon.core.webui.keyword.builtin.ScrollToElementKeyword.scrollToElement(ScrollToElementKeyword.groovy:88)
	at com.kms.katalon.core.webui.keyword.builtin.ScrollToElementKeyword.execute(ScrollToElementKeyword.groovy:68)
	at com.kms.katalon.core.keyword.internal.KeywordExecutor.executeKeywordForPlatform(KeywordExecutor.groovy:53)
	at com.kms.katalon.core.webui.keyword.WebUiBuiltInKeywords.scrollToElement(WebUiBuiltInKeywords.groovy:2975)
	at com.kms.katalon.core.webui.keyword.WebUiBuiltInKeywords$scrollToElement$14.call(Unknown Source)
	at Account - Fields can be modified and saved.run(Account - Fields can be modified and saved:26)
	at com.kms.katalon.core.main.ScriptEngine.run(ScriptEngine.java:194)
	at com.kms.katalon.core.main.ScriptEngine.runScriptAsRawText(ScriptEngine.java:119)
	at com.kms.katalon.core.main.TestCaseExecutor.runScript(TestCaseExecutor.java:328)
	at com.kms.katalon.core.main.TestCaseExecutor.doExecute(TestCaseExecutor.java:319)
	at com.kms.katalon.core.main.TestCaseExecutor.processExecutionPhase(TestCaseExecutor.java:298)
	at com.kms.katalon.core.main.TestCaseExecutor.accessMainPhase(TestCaseExecutor.java:290)
	at com.kms.katalon.core.main.TestCaseExecutor.execute(TestCaseExecutor.java:224)
	at com.kms.katalon.core.main.TestSuiteExecutor.accessTestCaseMainPhase(TestSuiteExecutor.java:129)
	at com.kms.katalon.core.main.TestSuiteExecutor.accessTestSuiteMainPhase(TestSuiteExecutor.java:112)
	at com.kms.katalon.core.main.TestSuiteExecutor.execute(TestSuiteExecutor.java:81)
	at com.kms.katalon.core.main.TestCaseMain.startTestSuite(TestCaseMain.java:149)
	at com.kms.katalon.core.main.TestCaseMain$startTestSuite$0.call(Unknown Source)
	at TempTestSuite1548215797467.run(TempTestSuite1548215797467.groovy:36)
"/>
         <system-out><![CDATA[2019-01-22 21:59:36 - [TEST_CASE][FAILED] - Test Cases/UI/Client/Client Services/Account Maintenance/Account - Fields can be modified and saved: Test Cases/UI/Client/Client Services/Account Maintenance/Account - Fields can be modified and saved FAILED.
Reason:
com.kms.katalon.core.exception.StepFailedException: Unable to scroll to object 'Object Repository/UI/Client/Client Services/Account/h1_Account Title' (Root cause: com.kms.katalon.core.webui.exception.BrowserNotOpenedException: Browser is not opened
Build info: version: '3.7.1', revision: '8a0099a', time: '2017-11-06T21:07:36.161Z'
System info: host: 'TDG-MBL-MTY0359', ip: '192.168.1.97', os.name: 'Windows 10', os.arch: 'amd64', os.version: '10.0', java.version: '1.8.0_181'
Driver info: driver.version: unknown)
	at com.kms.katalon.core.keyword.internal.KeywordMain.stepFailed(KeywordMain.groovy:36)
	at com.kms.katalon.core.webui.keyword.internal.WebUIKeywordMain.stepFailed(WebUIKeywordMain.groovy:65)
	at com.kms.katalon.core.webui.keyword.internal.WebUIKeywordMain.runKeyword(WebUIKeywordMain.groovy:27)
	at com.kms.katalon.core.webui.keyword.builtin.ScrollToElementKeyword.scrollToElement(ScrollToElementKeyword.groovy:88)
	at com.kms.katalon.core.webui.keyword.builtin.ScrollToElementKeyword.execute(ScrollToElementKeyword.groovy:68)
	at com.kms.katalon.core.keyword.internal.KeywordExecutor.executeKeywordForPlatform(KeywordExecutor.groovy:53)
	at com.kms.katalon.core.webui.keyword.WebUiBuiltInKeywords.scrollToElement(WebUiBuiltInKeywords.groovy:2975)
	at com.kms.katalon.core.webui.keyword.WebUiBuiltInKeywords$scrollToElement$14.call(Unknown Source)
	at Account - Fields can be modified and saved.run(Account - Fields can be modified and saved:26)
	at com.kms.katalon.core.main.ScriptEngine.run(ScriptEngine.java:194)
	at com.kms.katalon.core.main.ScriptEngine.runScriptAsRawText(ScriptEngine.java:119)
	at com.kms.katalon.core.main.TestCaseExecutor.runScript(TestCaseExecutor.java:328)
	at com.kms.katalon.core.main.TestCaseExecutor.doExecute(TestCaseExecutor.java:319)
	at com.kms.katalon.core.main.TestCaseExecutor.processExecutionPhase(TestCaseExecutor.java:298)
	at com.kms.katalon.core.main.TestCaseExecutor.accessMainPhase(TestCaseExecutor.java:290)
	at com.kms.katalon.core.main.TestCaseExecutor.execute(TestCaseExecutor.java:224)
	at com.kms.katalon.core.main.TestSuiteExecutor.accessTestCaseMainPhase(TestSuiteExecutor.java:129)
	at com.kms.katalon.core.main.TestSuiteExecutor.accessTestSuiteMainPhase(TestSuiteExecutor.java:112)
	at com.kms.katalon.core.main.TestSuiteExecutor.execute(TestSuiteExecutor.java:81)
	at com.kms.katalon.core.main.TestCaseMain.startTestSuite(TestCaseMain.java:149)
	at com.kms.katalon.core.main.TestCaseMain$startTestSuite$0.call(Unknown Source)
	at TempTestSuite1548215797467.run(TempTestSuite1548215797467.groovy:36)


2019-01-22 21:59:37 - [TEST_STEP][NOT_RUN] - click(findTestObject("UI/Client/Client Services/Account/a_SettingsMenu")): NOT_RUN: click(findTestObject("UI/Client/Client Services/Account/a_SettingsMenu"))

2019-01-22 21:59:37 - [MESSAGE][NOT_RUN] - NOT_RUN: click(findTestObject("UI/Client/Client Services/Account/a_SettingsMenu"))

2019-01-22 21:59:37 - [TEST_STEP][NOT_RUN] - scrollToElement(findTestObject("UI/Client/Client Services/Account/a_SettingsMenu"), 5): NOT_RUN: scrollToElement(findTestObject("UI/Client/Client Services/Account/a_SettingsMenu"), 5)

2019-01-22 21:59:37 - [MESSAGE][NOT_RUN] - NOT_RUN: scrollToElement(findTestObject("UI/Client/Client Services/Account/a_SettingsMenu"), 5)

2019-01-22 21:59:37 - [TEST_STEP][NOT_RUN] - click(findTestObject("UI/Client/Client Services/Account/span_AccountSubMenu")): NOT_RUN: click(findTestObject("UI/Client/Client Services/Account/span_AccountSubMenu"))

2019-01-22 21:59:37 - [MESSAGE][NOT_RUN] - NOT_RUN: click(findTestObject("UI/Client/Client Services/Account/span_AccountSubMenu"))

2019-01-22 21:59:37 - [TEST_STEP][NOT_RUN] - waitForElementPresent(findTestObject("UI/Client/Client Services/Account/h1_Account Title"), 5): NOT_RUN: waitForElementPresent(findTestObject("UI/Client/Client Services/Account/h1_Account Title"), 5)

2019-01-22 21:59:37 - [MESSAGE][NOT_RUN] - NOT_RUN: waitForElementPresent(findTestObject("UI/Client/Client Services/Account/h1_Account Title"), 5)

2019-01-22 21:59:37 - [TEST_STEP][NOT_RUN] - waitForElementVisible(findTestObject("UI/Client/Client Services/Account/h1_Account Title"), 5): NOT_RUN: waitForElementVisible(findTestObject("UI/Client/Client Services/Account/h1_Account Title"), 5)

2019-01-22 21:59:37 - [MESSAGE][NOT_RUN] - NOT_RUN: waitForElementVisible(findTestObject("UI/Client/Client Services/Account/h1_Account Title"), 5)

2019-01-22 21:59:37 - [TEST_STEP][FAILED] - scrollToElement(findTestObject("UI/Client/Client Services/Account/h1_Account Title"), 5): scrollToElement(findTestObject("UI/Client/Client Services/Account/h1_Account Title"), 5) FAILED.
Reason:
com.kms.katalon.core.exception.StepFailedException: Unable to scroll to object 'Object Repository/UI/Client/Client Services/Account/h1_Account Title' (Root cause: com.kms.katalon.core.webui.exception.BrowserNotOpenedException: Browser is not opened
Build info: version: '3.7.1', revision: '8a0099a', time: '2017-11-06T21:07:36.161Z'
System info: host: 'TDG-MBL-MTY0359', ip: '192.168.1.97', os.name: 'Windows 10', os.arch: 'amd64', os.version: '10.0', java.version: '1.8.0_181'
Driver info: driver.version: unknown)
	at com.kms.katalon.core.keyword.internal.KeywordMain.stepFailed(KeywordMain.groovy:36)
	at com.kms.katalon.core.webui.keyword.internal.WebUIKeywordMain.stepFailed(WebUIKeywordMain.groovy:65)
	at com.kms.katalon.core.webui.keyword.internal.WebUIKeywordMain.runKeyword(WebUIKeywordMain.groovy:27)
	at com.kms.katalon.core.webui.keyword.builtin.ScrollToElementKeyword.scrollToElement(ScrollToElementKeyword.groovy:88)
	at com.kms.katalon.core.webui.keyword.builtin.ScrollToElementKeyword.execute(ScrollToElementKeyword.groovy:68)
	at com.kms.katalon.core.keyword.internal.KeywordExecutor.executeKeywordForPlatform(KeywordExecutor.groovy:53)
	at com.kms.katalon.core.webui.keyword.WebUiBuiltInKeywords.scrollToElement(WebUiBuiltInKeywords.groovy:2975)
	at com.kms.katalon.core.webui.keyword.WebUiBuiltInKeywords$scrollToElement$14.call(Unknown Source)
	at Account - Fields can be modified and saved.run(Account - Fields can be modified and saved:26)
	at com.kms.katalon.core.main.ScriptEngine.run(ScriptEngine.java:194)
	at com.kms.katalon.core.main.ScriptEngine.runScriptAsRawText(ScriptEngine.java:119)
	at com.kms.katalon.core.main.TestCaseExecutor.runScript(TestCaseExecutor.java:328)
	at com.kms.katalon.core.main.TestCaseExecutor.doExecute(TestCaseExecutor.java:319)
	at com.kms.katalon.core.main.TestCaseExecutor.processExecutionPhase(TestCaseExecutor.java:298)
	at com.kms.katalon.core.main.TestCaseExecutor.accessMainPhase(TestCaseExecutor.java:290)
	at com.kms.katalon.core.main.TestCaseExecutor.execute(TestCaseExecutor.java:224)
	at com.kms.katalon.core.main.TestSuiteExecutor.accessTestCaseMainPhase(TestSuiteExecutor.java:129)
	at com.kms.katalon.core.main.TestSuiteExecutor.accessTestSuiteMainPhase(TestSuiteExecutor.java:112)
	at com.kms.katalon.core.main.TestSuiteExecutor.execute(TestSuiteExecutor.java:81)
	at com.kms.katalon.core.main.TestCaseMain.startTestSuite(TestCaseMain.java:149)
	at com.kms.katalon.core.main.TestCaseMain$startTestSuite$0.call(Unknown Source)
	at TempTestSuite1548215797467.run(TempTestSuite1548215797467.groovy:36)


2019-01-22 21:59:37 - [MESSAGE][WARNING] - Cannot take screenshot

2019-01-22 21:59:37 - [MESSAGE][FAILED] - Unable to scroll to object 'Object Repository/UI/Client/Client Services/Account/h1_Account Title' (Root cause: com.kms.katalon.core.webui.exception.BrowserNotOpenedException: Browser is not opened
Build info: version: '3.7.1', revision: '8a0099a', time: '2017-11-06T21:07:36.161Z'
System info: host: 'TDG-MBL-MTY0359', ip: '192.168.1.97', os.name: 'Windows 10', os.arch: 'amd64', os.version: '10.0', java.version: '1.8.0_181'
Driver info: driver.version: unknown)

2019-01-22 21:59:37 - [MESSAGE][FAILED] - scrollToElement(findTestObject("UI/Client/Client Services/Account/h1_Account Title"), 5) FAILED.
Reason:
com.kms.katalon.core.exception.StepFailedException: Unable to scroll to object 'Object Repository/UI/Client/Client Services/Account/h1_Account Title' (Root cause: com.kms.katalon.core.webui.exception.BrowserNotOpenedException: Browser is not opened
Build info: version: '3.7.1', revision: '8a0099a', time: '2017-11-06T21:07:36.161Z'
System info: host: 'TDG-MBL-MTY0359', ip: '192.168.1.97', os.name: 'Windows 10', os.arch: 'amd64', os.version: '10.0', java.version: '1.8.0_181'
Driver info: driver.version: unknown)
	at com.kms.katalon.core.keyword.internal.KeywordMain.stepFailed(KeywordMain.groovy:36)
	at com.kms.katalon.core.webui.keyword.internal.WebUIKeywordMain.stepFailed(WebUIKeywordMain.groovy:65)
	at com.kms.katalon.core.webui.keyword.internal.WebUIKeywordMain.runKeyword(WebUIKeywordMain.groovy:27)
	at com.kms.katalon.core.webui.keyword.builtin.ScrollToElementKeyword.scrollToElement(ScrollToElementKeyword.groovy:88)
	at com.kms.katalon.core.webui.keyword.builtin.ScrollToElementKeyword.execute(ScrollToElementKeyword.groovy:68)
	at com.kms.katalon.core.keyword.internal.KeywordExecutor.executeKeywordForPlatform(KeywordExecutor.groovy:53)
	at com.kms.katalon.core.webui.keyword.WebUiBuiltInKeywords.scrollToElement(WebUiBuiltInKeywords.groovy:2975)
	at com.kms.katalon.core.webui.keyword.WebUiBuiltInKeywords$scrollToElement$14.call(Unknown Source)
	at Account - Fields can be modified and saved.run(Account - Fields can be modified and saved:26)
	at com.kms.katalon.core.main.ScriptEngine.run(ScriptEngine.java:194)
	at com.kms.katalon.core.main.ScriptEngine.runScriptAsRawText(ScriptEngine.java:119)
	at com.kms.katalon.core.main.TestCaseExecutor.runScript(TestCaseExecutor.java:328)
	at com.kms.katalon.core.main.TestCaseExecutor.doExecute(TestCaseExecutor.java:319)
	at com.kms.katalon.core.main.TestCaseExecutor.processExecutionPhase(TestCaseExecutor.java:298)
	at com.kms.katalon.core.main.TestCaseExecutor.accessMainPhase(TestCaseExecutor.java:290)
	at com.kms.katalon.core.main.TestCaseExecutor.execute(TestCaseExecutor.java:224)
	at com.kms.katalon.core.main.TestSuiteExecutor.accessTestCaseMainPhase(TestSuiteExecutor.java:129)
	at com.kms.katalon.core.main.TestSuiteExecutor.accessTestSuiteMainPhase(TestSuiteExecutor.java:112)
	at com.kms.katalon.core.main.TestSuiteExecutor.execute(TestSuiteExecutor.java:81)
	at com.kms.katalon.core.main.TestCaseMain.startTestSuite(TestCaseMain.java:149)
	at com.kms.katalon.core.main.TestCaseMain$startTestSuite$0.call(Unknown Source)
	at TempTestSuite1548215797467.run(TempTestSuite1548215797467.groovy:36)]]></system-out>
         <system-err><![CDATA[2019-01-22 21:59:36 - [TEST_CASE][FAILED] - Test Cases/UI/Client/Client Services/Account Maintenance/Account - Fields can be modified and saved: Test Cases/UI/Client/Client Services/Account Maintenance/Account - Fields can be modified and saved FAILED.
Reason:
com.kms.katalon.core.exception.StepFailedException: Unable to scroll to object 'Object Repository/UI/Client/Client Services/Account/h1_Account Title' (Root cause: com.kms.katalon.core.webui.exception.BrowserNotOpenedException: Browser is not opened
Build info: version: '3.7.1', revision: '8a0099a', time: '2017-11-06T21:07:36.161Z'
System info: host: 'TDG-MBL-MTY0359', ip: '192.168.1.97', os.name: 'Windows 10', os.arch: 'amd64', os.version: '10.0', java.version: '1.8.0_181'
Driver info: driver.version: unknown)
	at com.kms.katalon.core.keyword.internal.KeywordMain.stepFailed(KeywordMain.groovy:36)
	at com.kms.katalon.core.webui.keyword.internal.WebUIKeywordMain.stepFailed(WebUIKeywordMain.groovy:65)
	at com.kms.katalon.core.webui.keyword.internal.WebUIKeywordMain.runKeyword(WebUIKeywordMain.groovy:27)
	at com.kms.katalon.core.webui.keyword.builtin.ScrollToElementKeyword.scrollToElement(ScrollToElementKeyword.groovy:88)
	at com.kms.katalon.core.webui.keyword.builtin.ScrollToElementKeyword.execute(ScrollToElementKeyword.groovy:68)
	at com.kms.katalon.core.keyword.internal.KeywordExecutor.executeKeywordForPlatform(KeywordExecutor.groovy:53)
	at com.kms.katalon.core.webui.keyword.WebUiBuiltInKeywords.scrollToElement(WebUiBuiltInKeywords.groovy:2975)
	at com.kms.katalon.core.webui.keyword.WebUiBuiltInKeywords$scrollToElement$14.call(Unknown Source)
	at Account - Fields can be modified and saved.run(Account - Fields can be modified and saved:26)
	at com.kms.katalon.core.main.ScriptEngine.run(ScriptEngine.java:194)
	at com.kms.katalon.core.main.ScriptEngine.runScriptAsRawText(ScriptEngine.java:119)
	at com.kms.katalon.core.main.TestCaseExecutor.runScript(TestCaseExecutor.java:328)
	at com.kms.katalon.core.main.TestCaseExecutor.doExecute(TestCaseExecutor.java:319)
	at com.kms.katalon.core.main.TestCaseExecutor.processExecutionPhase(TestCaseExecutor.java:298)
	at com.kms.katalon.core.main.TestCaseExecutor.accessMainPhase(TestCaseExecutor.java:290)
	at com.kms.katalon.core.main.TestCaseExecutor.execute(TestCaseExecutor.java:224)
	at com.kms.katalon.core.main.TestSuiteExecutor.accessTestCaseMainPhase(TestSuiteExecutor.java:129)
	at com.kms.katalon.core.main.TestSuiteExecutor.accessTestSuiteMainPhase(TestSuiteExecutor.java:112)
	at com.kms.katalon.core.main.TestSuiteExecutor.execute(TestSuiteExecutor.java:81)
	at com.kms.katalon.core.main.TestCaseMain.startTestSuite(TestCaseMain.java:149)
	at com.kms.katalon.core.main.TestCaseMain$startTestSuite$0.call(Unknown Source)
	at TempTestSuite1548215797467.run(TempTestSuite1548215797467.groovy:36)]]></system-err>
      </testcase>
      <testcase name="Test Cases/UI/Client/Client Services/Login/Login - Successful Client" classname="Test Cases/UI/Client/Client Services/Login/Login - Successful Client" status="FAILED">
         <failure type="FAILED" message="Test Cases/UI/Client/Client Services/Login/Login - Successful Client FAILED.
Reason:
com.kms.katalon.core.exception.StepFailedException: Unable to set text 'qaAuto' of object 'Object Repository/UI/General/Page_LoginPage/input_User' (Root cause: com.kms.katalon.core.webui.exception.BrowserNotOpenedException: Browser is not opened
Build info: version: '3.7.1', revision: '8a0099a', time: '2017-11-06T21:07:36.161Z'
System info: host: 'TDG-MBL-MTY0359', ip: '192.168.1.97', os.name: 'Windows 10', os.arch: 'amd64', os.version: '10.0', java.version: '1.8.0_181'
Driver info: driver.version: unknown)
	at com.kms.katalon.core.keyword.internal.KeywordMain.stepFailed(KeywordMain.groovy:36)
	at com.kms.katalon.core.webui.keyword.internal.WebUIKeywordMain.stepFailed(WebUIKeywordMain.groovy:65)
	at com.kms.katalon.core.webui.keyword.internal.WebUIKeywordMain.runKeyword(WebUIKeywordMain.groovy:27)
	at com.kms.katalon.core.webui.keyword.builtin.SetTextKeyword.setText(SetTextKeyword.groovy:65)
	at com.kms.katalon.core.webui.keyword.builtin.SetTextKeyword.execute(SetTextKeyword.groovy:37)
	at com.kms.katalon.core.keyword.internal.KeywordExecutor.executeKeywordForPlatform(KeywordExecutor.groovy:53)
	at com.kms.katalon.core.webui.keyword.WebUiBuiltInKeywords.setText(WebUiBuiltInKeywords.groovy:950)
	at com.kms.katalon.core.webui.keyword.WebUiBuiltInKeywords$setText$3.call(Unknown Source)
	at Login - Successful Client.run(Login - Successful Client:16)
	at com.kms.katalon.core.main.ScriptEngine.run(ScriptEngine.java:194)
	at com.kms.katalon.core.main.ScriptEngine.runScriptAsRawText(ScriptEngine.java:119)
	at com.kms.katalon.core.main.TestCaseExecutor.runScript(TestCaseExecutor.java:328)
	at com.kms.katalon.core.main.TestCaseExecutor.doExecute(TestCaseExecutor.java:319)
	at com.kms.katalon.core.main.TestCaseExecutor.processExecutionPhase(TestCaseExecutor.java:298)
	at com.kms.katalon.core.main.TestCaseExecutor.accessMainPhase(TestCaseExecutor.java:290)
	at com.kms.katalon.core.main.TestCaseExecutor.execute(TestCaseExecutor.java:224)
	at com.kms.katalon.core.main.TestSuiteExecutor.accessTestCaseMainPhase(TestSuiteExecutor.java:129)
	at com.kms.katalon.core.main.TestSuiteExecutor.accessTestSuiteMainPhase(TestSuiteExecutor.java:112)
	at com.kms.katalon.core.main.TestSuiteExecutor.execute(TestSuiteExecutor.java:81)
	at com.kms.katalon.core.main.TestCaseMain.startTestSuite(TestCaseMain.java:149)
	at com.kms.katalon.core.main.TestCaseMain$startTestSuite$0.call(Unknown Source)
	at TempTestSuite1548215797467.run(TempTestSuite1548215797467.groovy:36)
"/>
         <system-out><![CDATA[2019-01-22 21:59:37 - [TEST_CASE][FAILED] - Test Cases/UI/Client/Client Services/Login/Login - Successful Client: Test Cases/UI/Client/Client Services/Login/Login - Successful Client FAILED.
Reason:
com.kms.katalon.core.exception.StepFailedException: Unable to set text 'qaAuto' of object 'Object Repository/UI/General/Page_LoginPage/input_User' (Root cause: com.kms.katalon.core.webui.exception.BrowserNotOpenedException: Browser is not opened
Build info: version: '3.7.1', revision: '8a0099a', time: '2017-11-06T21:07:36.161Z'
System info: host: 'TDG-MBL-MTY0359', ip: '192.168.1.97', os.name: 'Windows 10', os.arch: 'amd64', os.version: '10.0', java.version: '1.8.0_181'
Driver info: driver.version: unknown)
	at com.kms.katalon.core.keyword.internal.KeywordMain.stepFailed(KeywordMain.groovy:36)
	at com.kms.katalon.core.webui.keyword.internal.WebUIKeywordMain.stepFailed(WebUIKeywordMain.groovy:65)
	at com.kms.katalon.core.webui.keyword.internal.WebUIKeywordMain.runKeyword(WebUIKeywordMain.groovy:27)
	at com.kms.katalon.core.webui.keyword.builtin.SetTextKeyword.setText(SetTextKeyword.groovy:65)
	at com.kms.katalon.core.webui.keyword.builtin.SetTextKeyword.execute(SetTextKeyword.groovy:37)
	at com.kms.katalon.core.keyword.internal.KeywordExecutor.executeKeywordForPlatform(KeywordExecutor.groovy:53)
	at com.kms.katalon.core.webui.keyword.WebUiBuiltInKeywords.setText(WebUiBuiltInKeywords.groovy:950)
	at com.kms.katalon.core.webui.keyword.WebUiBuiltInKeywords$setText$3.call(Unknown Source)
	at Login - Successful Client.run(Login - Successful Client:16)
	at com.kms.katalon.core.main.ScriptEngine.run(ScriptEngine.java:194)
	at com.kms.katalon.core.main.ScriptEngine.runScriptAsRawText(ScriptEngine.java:119)
	at com.kms.katalon.core.main.TestCaseExecutor.runScript(TestCaseExecutor.java:328)
	at com.kms.katalon.core.main.TestCaseExecutor.doExecute(TestCaseExecutor.java:319)
	at com.kms.katalon.core.main.TestCaseExecutor.processExecutionPhase(TestCaseExecutor.java:298)
	at com.kms.katalon.core.main.TestCaseExecutor.accessMainPhase(TestCaseExecutor.java:290)
	at com.kms.katalon.core.main.TestCaseExecutor.execute(TestCaseExecutor.java:224)
	at com.kms.katalon.core.main.TestSuiteExecutor.accessTestCaseMainPhase(TestSuiteExecutor.java:129)
	at com.kms.katalon.core.main.TestSuiteExecutor.accessTestSuiteMainPhase(TestSuiteExecutor.java:112)
	at com.kms.katalon.core.main.TestSuiteExecutor.execute(TestSuiteExecutor.java:81)
	at com.kms.katalon.core.main.TestCaseMain.startTestSuite(TestCaseMain.java:149)
	at com.kms.katalon.core.main.TestCaseMain$startTestSuite$0.call(Unknown Source)
	at TempTestSuite1548215797467.run(TempTestSuite1548215797467.groovy:36)


2019-01-22 21:59:37 - [TEST_STEP][FAILED] - setText(findTestObject("UI/General/Page_LoginPage/input_User"), user): setText(findTestObject("UI/General/Page_LoginPage/input_User"), user) FAILED.
Reason:
com.kms.katalon.core.exception.StepFailedException: Unable to set text 'qaAuto' of object 'Object Repository/UI/General/Page_LoginPage/input_User' (Root cause: com.kms.katalon.core.webui.exception.BrowserNotOpenedException: Browser is not opened
Build info: version: '3.7.1', revision: '8a0099a', time: '2017-11-06T21:07:36.161Z'
System info: host: 'TDG-MBL-MTY0359', ip: '192.168.1.97', os.name: 'Windows 10', os.arch: 'amd64', os.version: '10.0', java.version: '1.8.0_181'
Driver info: driver.version: unknown)
	at com.kms.katalon.core.keyword.internal.KeywordMain.stepFailed(KeywordMain.groovy:36)
	at com.kms.katalon.core.webui.keyword.internal.WebUIKeywordMain.stepFailed(WebUIKeywordMain.groovy:65)
	at com.kms.katalon.core.webui.keyword.internal.WebUIKeywordMain.runKeyword(WebUIKeywordMain.groovy:27)
	at com.kms.katalon.core.webui.keyword.builtin.SetTextKeyword.setText(SetTextKeyword.groovy:65)
	at com.kms.katalon.core.webui.keyword.builtin.SetTextKeyword.execute(SetTextKeyword.groovy:37)
	at com.kms.katalon.core.keyword.internal.KeywordExecutor.executeKeywordForPlatform(KeywordExecutor.groovy:53)
	at com.kms.katalon.core.webui.keyword.WebUiBuiltInKeywords.setText(WebUiBuiltInKeywords.groovy:950)
	at com.kms.katalon.core.webui.keyword.WebUiBuiltInKeywords$setText$3.call(Unknown Source)
	at Login - Successful Client.run(Login - Successful Client:16)
	at com.kms.katalon.core.main.ScriptEngine.run(ScriptEngine.java:194)
	at com.kms.katalon.core.main.ScriptEngine.runScriptAsRawText(ScriptEngine.java:119)
	at com.kms.katalon.core.main.TestCaseExecutor.runScript(TestCaseExecutor.java:328)
	at com.kms.katalon.core.main.TestCaseExecutor.doExecute(TestCaseExecutor.java:319)
	at com.kms.katalon.core.main.TestCaseExecutor.processExecutionPhase(TestCaseExecutor.java:298)
	at com.kms.katalon.core.main.TestCaseExecutor.accessMainPhase(TestCaseExecutor.java:290)
	at com.kms.katalon.core.main.TestCaseExecutor.execute(TestCaseExecutor.java:224)
	at com.kms.katalon.core.main.TestSuiteExecutor.accessTestCaseMainPhase(TestSuiteExecutor.java:129)
	at com.kms.katalon.core.main.TestSuiteExecutor.accessTestSuiteMainPhase(TestSuiteExecutor.java:112)
	at com.kms.katalon.core.main.TestSuiteExecutor.execute(TestSuiteExecutor.java:81)
	at com.kms.katalon.core.main.TestCaseMain.startTestSuite(TestCaseMain.java:149)
	at com.kms.katalon.core.main.TestCaseMain$startTestSuite$0.call(Unknown Source)
	at TempTestSuite1548215797467.run(TempTestSuite1548215797467.groovy:36)


2019-01-22 21:59:37 - [MESSAGE][WARNING] - Cannot take screenshot

2019-01-22 21:59:37 - [MESSAGE][FAILED] - Unable to set text 'qaAuto' of object 'Object Repository/UI/General/Page_LoginPage/input_User' (Root cause: com.kms.katalon.core.webui.exception.BrowserNotOpenedException: Browser is not opened
Build info: version: '3.7.1', revision: '8a0099a', time: '2017-11-06T21:07:36.161Z'
System info: host: 'TDG-MBL-MTY0359', ip: '192.168.1.97', os.name: 'Windows 10', os.arch: 'amd64', os.version: '10.0', java.version: '1.8.0_181'
Driver info: driver.version: unknown)

2019-01-22 21:59:37 - [MESSAGE][FAILED] - setText(findTestObject("UI/General/Page_LoginPage/input_User"), user) FAILED.
Reason:
com.kms.katalon.core.exception.StepFailedException: Unable to set text 'qaAuto' of object 'Object Repository/UI/General/Page_LoginPage/input_User' (Root cause: com.kms.katalon.core.webui.exception.BrowserNotOpenedException: Browser is not opened
Build info: version: '3.7.1', revision: '8a0099a', time: '2017-11-06T21:07:36.161Z'
System info: host: 'TDG-MBL-MTY0359', ip: '192.168.1.97', os.name: 'Windows 10', os.arch: 'amd64', os.version: '10.0', java.version: '1.8.0_181'
Driver info: driver.version: unknown)
	at com.kms.katalon.core.keyword.internal.KeywordMain.stepFailed(KeywordMain.groovy:36)
	at com.kms.katalon.core.webui.keyword.internal.WebUIKeywordMain.stepFailed(WebUIKeywordMain.groovy:65)
	at com.kms.katalon.core.webui.keyword.internal.WebUIKeywordMain.runKeyword(WebUIKeywordMain.groovy:27)
	at com.kms.katalon.core.webui.keyword.builtin.SetTextKeyword.setText(SetTextKeyword.groovy:65)
	at com.kms.katalon.core.webui.keyword.builtin.SetTextKeyword.execute(SetTextKeyword.groovy:37)
	at com.kms.katalon.core.keyword.internal.KeywordExecutor.executeKeywordForPlatform(KeywordExecutor.groovy:53)
	at com.kms.katalon.core.webui.keyword.WebUiBuiltInKeywords.setText(WebUiBuiltInKeywords.groovy:950)
	at com.kms.katalon.core.webui.keyword.WebUiBuiltInKeywords$setText$3.call(Unknown Source)
	at Login - Successful Client.run(Login - Successful Client:16)
	at com.kms.katalon.core.main.ScriptEngine.run(ScriptEngine.java:194)
	at com.kms.katalon.core.main.ScriptEngine.runScriptAsRawText(ScriptEngine.java:119)
	at com.kms.katalon.core.main.TestCaseExecutor.runScript(TestCaseExecutor.java:328)
	at com.kms.katalon.core.main.TestCaseExecutor.doExecute(TestCaseExecutor.java:319)
	at com.kms.katalon.core.main.TestCaseExecutor.processExecutionPhase(TestCaseExecutor.java:298)
	at com.kms.katalon.core.main.TestCaseExecutor.accessMainPhase(TestCaseExecutor.java:290)
	at com.kms.katalon.core.main.TestCaseExecutor.execute(TestCaseExecutor.java:224)
	at com.kms.katalon.core.main.TestSuiteExecutor.accessTestCaseMainPhase(TestSuiteExecutor.java:129)
	at com.kms.katalon.core.main.TestSuiteExecutor.accessTestSuiteMainPhase(TestSuiteExecutor.java:112)
	at com.kms.katalon.core.main.TestSuiteExecutor.execute(TestSuiteExecutor.java:81)
	at com.kms.katalon.core.main.TestCaseMain.startTestSuite(TestCaseMain.java:149)
	at com.kms.katalon.core.main.TestCaseMain$startTestSuite$0.call(Unknown Source)
	at TempTestSuite1548215797467.run(TempTestSuite1548215797467.groovy:36)]]></system-out>
         <system-err><![CDATA[2019-01-22 21:59:37 - [TEST_CASE][FAILED] - Test Cases/UI/Client/Client Services/Login/Login - Successful Client: Test Cases/UI/Client/Client Services/Login/Login - Successful Client FAILED.
Reason:
com.kms.katalon.core.exception.StepFailedException: Unable to set text 'qaAuto' of object 'Object Repository/UI/General/Page_LoginPage/input_User' (Root cause: com.kms.katalon.core.webui.exception.BrowserNotOpenedException: Browser is not opened
Build info: version: '3.7.1', revision: '8a0099a', time: '2017-11-06T21:07:36.161Z'
System info: host: 'TDG-MBL-MTY0359', ip: '192.168.1.97', os.name: 'Windows 10', os.arch: 'amd64', os.version: '10.0', java.version: '1.8.0_181'
Driver info: driver.version: unknown)
	at com.kms.katalon.core.keyword.internal.KeywordMain.stepFailed(KeywordMain.groovy:36)
	at com.kms.katalon.core.webui.keyword.internal.WebUIKeywordMain.stepFailed(WebUIKeywordMain.groovy:65)
	at com.kms.katalon.core.webui.keyword.internal.WebUIKeywordMain.runKeyword(WebUIKeywordMain.groovy:27)
	at com.kms.katalon.core.webui.keyword.builtin.SetTextKeyword.setText(SetTextKeyword.groovy:65)
	at com.kms.katalon.core.webui.keyword.builtin.SetTextKeyword.execute(SetTextKeyword.groovy:37)
	at com.kms.katalon.core.keyword.internal.KeywordExecutor.executeKeywordForPlatform(KeywordExecutor.groovy:53)
	at com.kms.katalon.core.webui.keyword.WebUiBuiltInKeywords.setText(WebUiBuiltInKeywords.groovy:950)
	at com.kms.katalon.core.webui.keyword.WebUiBuiltInKeywords$setText$3.call(Unknown Source)
	at Login - Successful Client.run(Login - Successful Client:16)
	at com.kms.katalon.core.main.ScriptEngine.run(ScriptEngine.java:194)
	at com.kms.katalon.core.main.ScriptEngine.runScriptAsRawText(ScriptEngine.java:119)
	at com.kms.katalon.core.main.TestCaseExecutor.runScript(TestCaseExecutor.java:328)
	at com.kms.katalon.core.main.TestCaseExecutor.doExecute(TestCaseExecutor.java:319)
	at com.kms.katalon.core.main.TestCaseExecutor.processExecutionPhase(TestCaseExecutor.java:298)
	at com.kms.katalon.core.main.TestCaseExecutor.accessMainPhase(TestCaseExecutor.java:290)
	at com.kms.katalon.core.main.TestCaseExecutor.execute(TestCaseExecutor.java:224)
	at com.kms.katalon.core.main.TestSuiteExecutor.accessTestCaseMainPhase(TestSuiteExecutor.java:129)
	at com.kms.katalon.core.main.TestSuiteExecutor.accessTestSuiteMainPhase(TestSuiteExecutor.java:112)
	at com.kms.katalon.core.main.TestSuiteExecutor.execute(TestSuiteExecutor.java:81)
	at com.kms.katalon.core.main.TestCaseMain.startTestSuite(TestCaseMain.java:149)
	at com.kms.katalon.core.main.TestCaseMain$startTestSuite$0.call(Unknown Source)
	at TempTestSuite1548215797467.run(TempTestSuite1548215797467.groovy:36)]]></system-err>
      </testcase>
      <testcase name="Test Cases/UI/Client/Rule Editor/Create New Rule Set" classname="Test Cases/UI/Client/Rule Editor/Create New Rule Set" status="FAILED">
         <failure type="FAILED" message="Test Cases/UI/Client/Rule Editor/Create New Rule Set FAILED.
Reason:
com.kms.katalon.core.exception.StepFailedException: Unable to click on object 'Object Repository/UI/Client/Rule Editor/Create Rule Set/select_ruleSetType' (Root cause: org.openqa.selenium.WebDriverException: unknown error: Element &lt;div class=&quot;Select-placeholder&quot;>...&lt;/div> is not clickable at point (1029, 309). Other element would receive the click: &lt;div class=&quot;loader-wrapper&quot;>...&lt;/div>
  (Session info: chrome=71.0.3578.98)
  (Driver info: chromedriver=2.43.600210 (68dcf5eebde37173d4027fa8635e332711d2874a),platform=Windows NT 10.0.15063 x86_64) (WARNING: The server did not provide any stacktrace information)
Command duration or timeout: 0 milliseconds
Build info: version: '3.7.1', revision: '8a0099a', time: '2017-11-06T21:07:36.161Z'
System info: host: 'TDG-MBL-MTY0359', ip: '192.168.1.97', os.name: 'Windows 10', os.arch: 'amd64', os.version: '10.0', java.version: '1.8.0_181'
Driver info: com.kms.katalon.selenium.driver.CChromeDriver
Capabilities {acceptInsecureCerts: false, acceptSslCerts: false, applicationCacheEnabled: false, browserConnectionEnabled: false, browserName: chrome, chrome: {chromedriverVersion: 2.43.600210 (68dcf5eebde371..., userDataDir: C:\Users\DAVIDA~1\AppData\L...}, cssSelectorsEnabled: true, databaseEnabled: false, goog:chromeOptions: {debuggerAddress: localhost:58715}, handlesAlerts: true, hasTouchScreen: false, javascriptEnabled: true, locationContextEnabled: true, mobileEmulationEnabled: false, nativeEvents: true, networkConnectionEnabled: false, pageLoadStrategy: normal, platform: XP, platformName: XP, rotatable: false, setWindowRect: true, takesHeapSnapshot: true, takesScreenshot: true, unexpectedAlertBehaviour: , unhandledPromptBehavior: , version: 71.0.3578.98, webStorageEnabled: true}
Session ID: 622c95fe1263b5237ab0e18657d9ad57)
	at com.kms.katalon.core.keyword.internal.KeywordMain.stepFailed(KeywordMain.groovy:36)
	at com.kms.katalon.core.webui.keyword.internal.WebUIKeywordMain.stepFailed(WebUIKeywordMain.groovy:65)
	at com.kms.katalon.core.webui.keyword.internal.WebUIKeywordMain.runKeyword(WebUIKeywordMain.groovy:27)
	at com.kms.katalon.core.webui.keyword.builtin.ClickKeyword.click(ClickKeyword.groovy:86)
	at com.kms.katalon.core.webui.keyword.builtin.ClickKeyword.execute(ClickKeyword.groovy:67)
	at com.kms.katalon.core.keyword.internal.KeywordExecutor.executeKeywordForPlatform(KeywordExecutor.groovy:53)
	at com.kms.katalon.core.webui.keyword.WebUiBuiltInKeywords.click(WebUiBuiltInKeywords.groovy:616)
	at com.kms.katalon.core.webui.keyword.WebUiBuiltInKeywords$click$5.call(Unknown Source)
	at Create New Rule Set.run(Create New Rule Set:92)
	at com.kms.katalon.core.main.ScriptEngine.run(ScriptEngine.java:194)
	at com.kms.katalon.core.main.ScriptEngine.runScriptAsRawText(ScriptEngine.java:119)
	at com.kms.katalon.core.main.TestCaseExecutor.runScript(TestCaseExecutor.java:328)
	at com.kms.katalon.core.main.TestCaseExecutor.doExecute(TestCaseExecutor.java:319)
	at com.kms.katalon.core.main.TestCaseExecutor.processExecutionPhase(TestCaseExecutor.java:298)
	at com.kms.katalon.core.main.TestCaseExecutor.accessMainPhase(TestCaseExecutor.java:290)
	at com.kms.katalon.core.main.TestCaseExecutor.execute(TestCaseExecutor.java:224)
	at com.kms.katalon.core.main.TestSuiteExecutor.accessTestCaseMainPhase(TestSuiteExecutor.java:129)
	at com.kms.katalon.core.main.TestSuiteExecutor.accessTestSuiteMainPhase(TestSuiteExecutor.java:112)
	at com.kms.katalon.core.main.TestSuiteExecutor.execute(TestSuiteExecutor.java:81)
	at com.kms.katalon.core.main.TestCaseMain.startTestSuite(TestCaseMain.java:149)
	at com.kms.katalon.core.main.TestCaseMain$startTestSuite$0.call(Unknown Source)
	at TempTestSuite1548215797467.run(TempTestSuite1548215797467.groovy:36)
"/>
         <system-out><![CDATA[2019-01-22 21:59:37 - [TEST_CASE][FAILED] - Test Cases/UI/Client/Rule Editor/Create New Rule Set: Test Cases/UI/Client/Rule Editor/Create New Rule Set FAILED.
Reason:
com.kms.katalon.core.exception.StepFailedException: Unable to click on object 'Object Repository/UI/Client/Rule Editor/Create Rule Set/select_ruleSetType' (Root cause: org.openqa.selenium.WebDriverException: unknown error: Element <div class="Select-placeholder">...</div> is not clickable at point (1029, 309). Other element would receive the click: <div class="loader-wrapper">...</div>
  (Session info: chrome=71.0.3578.98)
  (Driver info: chromedriver=2.43.600210 (68dcf5eebde37173d4027fa8635e332711d2874a),platform=Windows NT 10.0.15063 x86_64) (WARNING: The server did not provide any stacktrace information)
Command duration or timeout: 0 milliseconds
Build info: version: '3.7.1', revision: '8a0099a', time: '2017-11-06T21:07:36.161Z'
System info: host: 'TDG-MBL-MTY0359', ip: '192.168.1.97', os.name: 'Windows 10', os.arch: 'amd64', os.version: '10.0', java.version: '1.8.0_181'
Driver info: com.kms.katalon.selenium.driver.CChromeDriver
Capabilities {acceptInsecureCerts: false, acceptSslCerts: false, applicationCacheEnabled: false, browserConnectionEnabled: false, browserName: chrome, chrome: {chromedriverVersion: 2.43.600210 (68dcf5eebde371..., userDataDir: C:\Users\DAVIDA~1\AppData\L...}, cssSelectorsEnabled: true, databaseEnabled: false, goog:chromeOptions: {debuggerAddress: localhost:58715}, handlesAlerts: true, hasTouchScreen: false, javascriptEnabled: true, locationContextEnabled: true, mobileEmulationEnabled: false, nativeEvents: true, networkConnectionEnabled: false, pageLoadStrategy: normal, platform: XP, platformName: XP, rotatable: false, setWindowRect: true, takesHeapSnapshot: true, takesScreenshot: true, unexpectedAlertBehaviour: , unhandledPromptBehavior: , version: 71.0.3578.98, webStorageEnabled: true}
Session ID: 622c95fe1263b5237ab0e18657d9ad57)
	at com.kms.katalon.core.keyword.internal.KeywordMain.stepFailed(KeywordMain.groovy:36)
	at com.kms.katalon.core.webui.keyword.internal.WebUIKeywordMain.stepFailed(WebUIKeywordMain.groovy:65)
	at com.kms.katalon.core.webui.keyword.internal.WebUIKeywordMain.runKeyword(WebUIKeywordMain.groovy:27)
	at com.kms.katalon.core.webui.keyword.builtin.ClickKeyword.click(ClickKeyword.groovy:86)
	at com.kms.katalon.core.webui.keyword.builtin.ClickKeyword.execute(ClickKeyword.groovy:67)
	at com.kms.katalon.core.keyword.internal.KeywordExecutor.executeKeywordForPlatform(KeywordExecutor.groovy:53)
	at com.kms.katalon.core.webui.keyword.WebUiBuiltInKeywords.click(WebUiBuiltInKeywords.groovy:616)
	at com.kms.katalon.core.webui.keyword.WebUiBuiltInKeywords$click$5.call(Unknown Source)
	at Create New Rule Set.run(Create New Rule Set:92)
	at com.kms.katalon.core.main.ScriptEngine.run(ScriptEngine.java:194)
	at com.kms.katalon.core.main.ScriptEngine.runScriptAsRawText(ScriptEngine.java:119)
	at com.kms.katalon.core.main.TestCaseExecutor.runScript(TestCaseExecutor.java:328)
	at com.kms.katalon.core.main.TestCaseExecutor.doExecute(TestCaseExecutor.java:319)
	at com.kms.katalon.core.main.TestCaseExecutor.processExecutionPhase(TestCaseExecutor.java:298)
	at com.kms.katalon.core.main.TestCaseExecutor.accessMainPhase(TestCaseExecutor.java:290)
	at com.kms.katalon.core.main.TestCaseExecutor.execute(TestCaseExecutor.java:224)
	at com.kms.katalon.core.main.TestSuiteExecutor.accessTestCaseMainPhase(TestSuiteExecutor.java:129)
	at com.kms.katalon.core.main.TestSuiteExecutor.accessTestSuiteMainPhase(TestSuiteExecutor.java:112)
	at com.kms.katalon.core.main.TestSuiteExecutor.execute(TestSuiteExecutor.java:81)
	at com.kms.katalon.core.main.TestCaseMain.startTestSuite(TestCaseMain.java:149)
	at com.kms.katalon.core.main.TestCaseMain$startTestSuite$0.call(Unknown Source)
	at TempTestSuite1548215797467.run(TempTestSuite1548215797467.groovy:36)


2019-01-22 21:59:37 - [TEST_STEP][PASSED] - UAT = "https://uat.advancedpricing.com": null

2019-01-22 21:59:37 - [TEST_STEP][PASSED] - USER = "qaAuto": null

2019-01-22 21:59:37 - [TEST_STEP][PASSED] - PASSWD = "a9yk100dD": null

2019-01-22 21:59:37 - [TEST_STEP][PASSED] - RULESETNAME = "AAAA Rule Set": null

2019-01-22 21:59:37 - [TEST_STEP][PASSED] - VALIDFROM = "01/18/2019": null

2019-01-22 21:59:37 - [TEST_STEP][PASSED] - VALIDTO = "01/30/2019": null

2019-01-22 21:59:37 - [TEST_STEP][PASSED] - RULESETTYPE = "Claim": null

2019-01-22 21:59:37 - [TEST_STEP][PASSED] - RULENAME = "First Rule": null

2019-01-22 21:59:37 - [TEST_STEP][PASSED] - openBrowser(""): Browser is opened with url: ''

2019-01-22 21:59:37 - [MESSAGE][INFO] - Starting 'Chrome' driver

2019-01-22 21:59:39 - [MESSAGE][PASSED] - Browser is opened with url: ''

2019-01-22 21:59:39 - [TEST_STEP][PASSED] - maximizeWindow(): Current window maximized

2019-01-22 21:59:40 - [MESSAGE][PASSED] - Current window maximized

2019-01-22 21:59:40 - [TEST_STEP][PASSED] - navigateToUrl(UAT): Navigate to 'https://uat.advancedpricing.com' successfully

2019-01-22 21:59:42 - [MESSAGE][PASSED] - Navigate to 'https://uat.advancedpricing.com' successfully

2019-01-22 21:59:42 - [TEST_STEP][PASSED] - waitForPageLoad(5): Wait for page load successfully

2019-01-22 21:59:42 - [MESSAGE][PASSED] - Wait for page load successfully

2019-01-22 21:59:42 - [TEST_STEP][PASSED] - setText(findTestObject("UI/Client/Claim Services/input_userCode"), USER): Text 'qaAuto' is set on object 'Object Repository/UI/Client/Claim Services/input_userCode'

2019-01-22 21:59:42 - [MESSAGE][PASSED] - Text 'qaAuto' is set on object 'Object Repository/UI/Client/Claim Services/input_userCode'

2019-01-22 21:59:42 - [TEST_STEP][PASSED] - setText(findTestObject("UI/Client/Claim Services/input_userPassword"), PASSWD): Text 'a9yk100dD' is set on object 'Object Repository/UI/Client/Claim Services/input_userPassword'

2019-01-22 21:59:42 - [MESSAGE][PASSED] - Text 'a9yk100dD' is set on object 'Object Repository/UI/Client/Claim Services/input_userPassword'

2019-01-22 21:59:42 - [TEST_STEP][PASSED] - waitForElementClickable(findTestObject("UI/Client/Claim Services/input_loginButton"), 5): Object 'Object Repository/UI/Client/Claim Services/input_loginButton' is clickable

2019-01-22 21:59:42 - [MESSAGE][PASSED] - Object 'Object Repository/UI/Client/Claim Services/input_loginButton' is clickable

2019-01-22 21:59:42 - [TEST_STEP][PASSED] - click(findTestObject("UI/Client/Claim Services/input_loginButton")): Object: 'Object Repository/UI/Client/Claim Services/input_loginButton' is clicked on

2019-01-22 21:59:42 - [MESSAGE][PASSED] - Object: 'Object Repository/UI/Client/Claim Services/input_loginButton' is clicked on

2019-01-22 21:59:42 - [TEST_STEP][PASSED] - delay(1): Delayed 1 second(s)

2019-01-22 21:59:43 - [MESSAGE][PASSED] - Delayed 1 second(s)

2019-01-22 21:59:43 - [TEST_STEP][PASSED] - waitForPageLoad(5): Wait for page load successfully

2019-01-22 21:59:43 - [MESSAGE][PASSED] - Wait for page load successfully

2019-01-22 21:59:43 - [TEST_STEP][PASSED] - waitForElementPresent(findTestObject("UI/Client/Rule Editor/h1_Clients"), 5): Object 'Object Repository/UI/Client/Rule Editor/h1_Clients' is present

2019-01-22 21:59:43 - [MESSAGE][PASSED] - Object 'Object Repository/UI/Client/Rule Editor/h1_Clients' is present

2019-01-22 21:59:43 - [TEST_STEP][PASSED] - pageTitle = getText(findTestObject("UI/Client/Rule Editor/h1_Clients")): Text of object 'Object Repository/UI/Client/Rule Editor/h1_Clients' is: 'Clients'

2019-01-22 21:59:44 - [MESSAGE][PASSED] - Text of object 'Object Repository/UI/Client/Rule Editor/h1_Clients' is: 'Clients'

2019-01-22 21:59:44 - [TEST_STEP][PASSED] - verifyMatch(pageTitle, "Clients", false): Actual text 'Clients' and expected text 'Clients' are matched 

2019-01-22 21:59:44 - [MESSAGE][PASSED] - Actual text 'Clients' and expected text 'Clients' are matched 

2019-01-22 21:59:44 - [TEST_STEP][PASSED] - delay(3): Delayed 3 second(s)

2019-01-22 21:59:47 - [MESSAGE][PASSED] - Delayed 3 second(s)

2019-01-22 21:59:47 - [TEST_STEP][PASSED] - waitForElementClickable(findTestObject("UI/Client/Rule Editor/span_ruleEditorMenu"), 5): Object 'Object Repository/UI/Client/Rule Editor/span_ruleEditorMenu' is clickable

2019-01-22 21:59:47 - [MESSAGE][PASSED] - Object 'Object Repository/UI/Client/Rule Editor/span_ruleEditorMenu' is clickable

2019-01-22 21:59:47 - [TEST_STEP][PASSED] - click(findTestObject("UI/Client/Rule Editor/span_ruleEditorMenu")): Object: 'Object Repository/UI/Client/Rule Editor/span_ruleEditorMenu' is clicked on

2019-01-22 21:59:47 - [MESSAGE][PASSED] - Object: 'Object Repository/UI/Client/Rule Editor/span_ruleEditorMenu' is clicked on

2019-01-22 21:59:47 - [TEST_STEP][PASSED] - delay(1): Delayed 1 second(s)

2019-01-22 21:59:48 - [MESSAGE][PASSED] - Delayed 1 second(s)

2019-01-22 21:59:48 - [TEST_STEP][PASSED] - waitForPageLoad(5): Wait for page load successfully

2019-01-22 21:59:48 - [MESSAGE][PASSED] - Wait for page load successfully

2019-01-22 21:59:48 - [TEST_STEP][PASSED] - waitForElementPresent(findTestObject("UI/Client/Rule Editor/h1_ruleEditor"), 5): Object 'Object Repository/UI/Client/Rule Editor/h1_ruleEditor' is present

2019-01-22 21:59:48 - [MESSAGE][PASSED] - Object 'Object Repository/UI/Client/Rule Editor/h1_ruleEditor' is present

2019-01-22 21:59:48 - [TEST_STEP][PASSED] - pageTitle = getText(findTestObject("UI/Client/Rule Editor/h1_ruleEditor")): Text of object 'Object Repository/UI/Client/Rule Editor/h1_ruleEditor' is: 'Rule Editor'

2019-01-22 21:59:48 - [MESSAGE][PASSED] - Text of object 'Object Repository/UI/Client/Rule Editor/h1_ruleEditor' is: 'Rule Editor'

2019-01-22 21:59:48 - [TEST_STEP][PASSED] - verifyMatch(pageTitle, "Rule Editor", false): Actual text 'Rule Editor' and expected text 'Rule Editor' are matched 

2019-01-22 21:59:48 - [MESSAGE][PASSED] - Actual text 'Rule Editor' and expected text 'Rule Editor' are matched 

2019-01-22 21:59:48 - [TEST_STEP][PASSED] - delay(3): Delayed 3 second(s)

2019-01-22 21:59:51 - [MESSAGE][PASSED] - Delayed 3 second(s)

2019-01-22 21:59:51 - [TEST_STEP][PASSED] - waitForElementClickable(findTestObject("UI/Client/Rule Editor/Create Rule Set/a_createNewRuleSet"), 5): Object 'Object Repository/UI/Client/Rule Editor/Create Rule Set/a_createNewRuleSet' is clickable

2019-01-22 21:59:51 - [MESSAGE][PASSED] - Object 'Object Repository/UI/Client/Rule Editor/Create Rule Set/a_createNewRuleSet' is clickable

2019-01-22 21:59:51 - [TEST_STEP][PASSED] - click(findTestObject("UI/Client/Rule Editor/Create Rule Set/a_createNewRuleSet")): Object: 'Object Repository/UI/Client/Rule Editor/Create Rule Set/a_createNewRuleSet' is clicked on

2019-01-22 21:59:51 - [MESSAGE][PASSED] - Object: 'Object Repository/UI/Client/Rule Editor/Create Rule Set/a_createNewRuleSet' is clicked on

2019-01-22 21:59:51 - [TEST_STEP][PASSED] - delay(1): Delayed 1 second(s)

2019-01-22 21:59:52 - [MESSAGE][PASSED] - Delayed 1 second(s)

2019-01-22 21:59:52 - [TEST_STEP][PASSED] - waitForPageLoad(5): Wait for page load successfully

2019-01-22 21:59:52 - [MESSAGE][PASSED] - Wait for page load successfully

2019-01-22 21:59:52 - [TEST_STEP][PASSED] - waitForElementPresent(findTestObject("UI/Client/Rule Editor/Create Rule Set/h2_newRulesetForm"), 5): Object 'Object Repository/UI/Client/Rule Editor/Create Rule Set/h2_newRulesetForm' is present

2019-01-22 21:59:52 - [MESSAGE][PASSED] - Object 'Object Repository/UI/Client/Rule Editor/Create Rule Set/h2_newRulesetForm' is present

2019-01-22 21:59:52 - [TEST_STEP][PASSED] - formTitle = getText(findTestObject("UI/Client/Rule Editor/Create Rule Set/h2_newRulesetForm")): Text of object 'Object Repository/UI/Client/Rule Editor/Create Rule Set/h2_newRulesetForm' is: 'New Ruleset'

2019-01-22 21:59:52 - [MESSAGE][PASSED] - Text of object 'Object Repository/UI/Client/Rule Editor/Create Rule Set/h2_newRulesetForm' is: 'New Ruleset'

2019-01-22 21:59:52 - [TEST_STEP][PASSED] - verifyMatch(formTitle, "New Ruleset", false): Actual text 'New Ruleset' and expected text 'New Ruleset' are matched 

2019-01-22 21:59:52 - [MESSAGE][PASSED] - Actual text 'New Ruleset' and expected text 'New Ruleset' are matched 

2019-01-22 21:59:52 - [TEST_STEP][PASSED] - delay(3): Delayed 3 second(s)

2019-01-22 21:59:55 - [MESSAGE][PASSED] - Delayed 3 second(s)

2019-01-22 21:59:55 - [TEST_STEP][PASSED] - waitForElementVisible(findTestObject("UI/Client/Rule Editor/Create Rule Set/input_ruleSetName"), 5): Object 'Object Repository/UI/Client/Rule Editor/Create Rule Set/input_ruleSetName' is visible

2019-01-22 21:59:55 - [MESSAGE][PASSED] - Object 'Object Repository/UI/Client/Rule Editor/Create Rule Set/input_ruleSetName' is visible

2019-01-22 21:59:55 - [TEST_STEP][PASSED] - setText(findTestObject("UI/Client/Rule Editor/Create Rule Set/input_ruleSetName"), RULESETNAME): Text 'AAAA Rule Set' is set on object 'Object Repository/UI/Client/Rule Editor/Create Rule Set/input_ruleSetName'

2019-01-22 21:59:56 - [MESSAGE][PASSED] - Text 'AAAA Rule Set' is set on object 'Object Repository/UI/Client/Rule Editor/Create Rule Set/input_ruleSetName'

2019-01-22 21:59:56 - [TEST_STEP][PASSED] - delay(2): Delayed 2 second(s)

2019-01-22 21:59:58 - [MESSAGE][PASSED] - Delayed 2 second(s)

2019-01-22 21:59:58 - [TEST_STEP][PASSED] - waitForElementVisible(findTestObject("UI/Client/Rule Editor/Create Rule Set/input_validFromDate"), 5): Object 'Object Repository/UI/Client/Rule Editor/Create Rule Set/input_validFromDate' is visible

2019-01-22 21:59:58 - [MESSAGE][PASSED] - Object 'Object Repository/UI/Client/Rule Editor/Create Rule Set/input_validFromDate' is visible

2019-01-22 21:59:58 - [TEST_STEP][PASSED] - setText(findTestObject("UI/Client/Rule Editor/Create Rule Set/input_validFromDate"), VALIDFROM): Text '01/18/2019' is set on object 'Object Repository/UI/Client/Rule Editor/Create Rule Set/input_validFromDate'

2019-01-22 21:59:58 - [MESSAGE][PASSED] - Text '01/18/2019' is set on object 'Object Repository/UI/Client/Rule Editor/Create Rule Set/input_validFromDate'

2019-01-22 21:59:58 - [TEST_STEP][PASSED] - delay(2): Delayed 2 second(s)

2019-01-22 22:00:00 - [MESSAGE][PASSED] - Delayed 2 second(s)

2019-01-22 22:00:00 - [TEST_STEP][PASSED] - waitForElementVisible(findTestObject("UI/Client/Rule Editor/Create Rule Set/input_validToDate"), 5): Object 'Object Repository/UI/Client/Rule Editor/Create Rule Set/input_validToDate' is visible

2019-01-22 22:00:00 - [MESSAGE][PASSED] - Object 'Object Repository/UI/Client/Rule Editor/Create Rule Set/input_validToDate' is visible

2019-01-22 22:00:00 - [TEST_STEP][PASSED] - setText(findTestObject("UI/Client/Rule Editor/Create Rule Set/input_validToDate"), VALIDTO): Text '01/30/2019' is set on object 'Object Repository/UI/Client/Rule Editor/Create Rule Set/input_validToDate'

2019-01-22 22:00:00 - [MESSAGE][PASSED] - Text '01/30/2019' is set on object 'Object Repository/UI/Client/Rule Editor/Create Rule Set/input_validToDate'

2019-01-22 22:00:00 - [TEST_STEP][PASSED] - delay(2): Delayed 2 second(s)

2019-01-22 22:00:02 - [MESSAGE][PASSED] - Delayed 2 second(s)

2019-01-22 22:00:02 - [TEST_STEP][PASSED] - waitForElementClickable(findTestObject("UI/Client/Rule Editor/Create Rule Set/select_ruleSetType"), 5): Object 'Object Repository/UI/Client/Rule Editor/Create Rule Set/select_ruleSetType' is clickable

2019-01-22 22:00:02 - [MESSAGE][PASSED] - Object 'Object Repository/UI/Client/Rule Editor/Create Rule Set/select_ruleSetType' is clickable

2019-01-22 22:00:02 - [TEST_STEP][FAILED] - click(findTestObject("UI/Client/Rule Editor/Create Rule Set/select_ruleSetType")): click(findTestObject("UI/Client/Rule Editor/Create Rule Set/select_ruleSetType")) FAILED.
Reason:
com.kms.katalon.core.exception.StepFailedException: Unable to click on object 'Object Repository/UI/Client/Rule Editor/Create Rule Set/select_ruleSetType' (Root cause: org.openqa.selenium.WebDriverException: unknown error: Element <div class="Select-placeholder">...</div> is not clickable at point (1029, 309). Other element would receive the click: <div class="loader-wrapper">...</div>
  (Session info: chrome=71.0.3578.98)
  (Driver info: chromedriver=2.43.600210 (68dcf5eebde37173d4027fa8635e332711d2874a),platform=Windows NT 10.0.15063 x86_64) (WARNING: The server did not provide any stacktrace information)
Command duration or timeout: 0 milliseconds
Build info: version: '3.7.1', revision: '8a0099a', time: '2017-11-06T21:07:36.161Z'
System info: host: 'TDG-MBL-MTY0359', ip: '192.168.1.97', os.name: 'Windows 10', os.arch: 'amd64', os.version: '10.0', java.version: '1.8.0_181'
Driver info: com.kms.katalon.selenium.driver.CChromeDriver
Capabilities {acceptInsecureCerts: false, acceptSslCerts: false, applicationCacheEnabled: false, browserConnectionEnabled: false, browserName: chrome, chrome: {chromedriverVersion: 2.43.600210 (68dcf5eebde371..., userDataDir: C:\Users\DAVIDA~1\AppData\L...}, cssSelectorsEnabled: true, databaseEnabled: false, goog:chromeOptions: {debuggerAddress: localhost:58715}, handlesAlerts: true, hasTouchScreen: false, javascriptEnabled: true, locationContextEnabled: true, mobileEmulationEnabled: false, nativeEvents: true, networkConnectionEnabled: false, pageLoadStrategy: normal, platform: XP, platformName: XP, rotatable: false, setWindowRect: true, takesHeapSnapshot: true, takesScreenshot: true, unexpectedAlertBehaviour: , unhandledPromptBehavior: , version: 71.0.3578.98, webStorageEnabled: true}
Session ID: 622c95fe1263b5237ab0e18657d9ad57)
	at com.kms.katalon.core.keyword.internal.KeywordMain.stepFailed(KeywordMain.groovy:36)
	at com.kms.katalon.core.webui.keyword.internal.WebUIKeywordMain.stepFailed(WebUIKeywordMain.groovy:65)
	at com.kms.katalon.core.webui.keyword.internal.WebUIKeywordMain.runKeyword(WebUIKeywordMain.groovy:27)
	at com.kms.katalon.core.webui.keyword.builtin.ClickKeyword.click(ClickKeyword.groovy:86)
	at com.kms.katalon.core.webui.keyword.builtin.ClickKeyword.execute(ClickKeyword.groovy:67)
	at com.kms.katalon.core.keyword.internal.KeywordExecutor.executeKeywordForPlatform(KeywordExecutor.groovy:53)
	at com.kms.katalon.core.webui.keyword.WebUiBuiltInKeywords.click(WebUiBuiltInKeywords.groovy:616)
	at com.kms.katalon.core.webui.keyword.WebUiBuiltInKeywords$click$5.call(Unknown Source)
	at Create New Rule Set.run(Create New Rule Set:92)
	at com.kms.katalon.core.main.ScriptEngine.run(ScriptEngine.java:194)
	at com.kms.katalon.core.main.ScriptEngine.runScriptAsRawText(ScriptEngine.java:119)
	at com.kms.katalon.core.main.TestCaseExecutor.runScript(TestCaseExecutor.java:328)
	at com.kms.katalon.core.main.TestCaseExecutor.doExecute(TestCaseExecutor.java:319)
	at com.kms.katalon.core.main.TestCaseExecutor.processExecutionPhase(TestCaseExecutor.java:298)
	at com.kms.katalon.core.main.TestCaseExecutor.accessMainPhase(TestCaseExecutor.java:290)
	at com.kms.katalon.core.main.TestCaseExecutor.execute(TestCaseExecutor.java:224)
	at com.kms.katalon.core.main.TestSuiteExecutor.accessTestCaseMainPhase(TestSuiteExecutor.java:129)
	at com.kms.katalon.core.main.TestSuiteExecutor.accessTestSuiteMainPhase(TestSuiteExecutor.java:112)
	at com.kms.katalon.core.main.TestSuiteExecutor.execute(TestSuiteExecutor.java:81)
	at com.kms.katalon.core.main.TestCaseMain.startTestSuite(TestCaseMain.java:149)
	at com.kms.katalon.core.main.TestCaseMain$startTestSuite$0.call(Unknown Source)
	at TempTestSuite1548215797467.run(TempTestSuite1548215797467.groovy:36)


2019-01-22 22:00:03 - [MESSAGE][FAILED] - Unable to click on object 'Object Repository/UI/Client/Rule Editor/Create Rule Set/select_ruleSetType' (Root cause: org.openqa.selenium.WebDriverException: unknown error: Element <div class="Select-placeholder">...</div> is not clickable at point (1029, 309). Other element would receive the click: <div class="loader-wrapper">...</div>
  (Session info: chrome=71.0.3578.98)
  (Driver info: chromedriver=2.43.600210 (68dcf5eebde37173d4027fa8635e332711d2874a),platform=Windows NT 10.0.15063 x86_64) (WARNING: The server did not provide any stacktrace information)
Command duration or timeout: 0 milliseconds
Build info: version: '3.7.1', revision: '8a0099a', time: '2017-11-06T21:07:36.161Z'
System info: host: 'TDG-MBL-MTY0359', ip: '192.168.1.97', os.name: 'Windows 10', os.arch: 'amd64', os.version: '10.0', java.version: '1.8.0_181'
Driver info: com.kms.katalon.selenium.driver.CChromeDriver
Capabilities {acceptInsecureCerts: false, acceptSslCerts: false, applicationCacheEnabled: false, browserConnectionEnabled: false, browserName: chrome, chrome: {chromedriverVersion: 2.43.600210 (68dcf5eebde371..., userDataDir: C:\Users\DAVIDA~1\AppData\L...}, cssSelectorsEnabled: true, databaseEnabled: false, goog:chromeOptions: {debuggerAddress: localhost:58715}, handlesAlerts: true, hasTouchScreen: false, javascriptEnabled: true, locationContextEnabled: true, mobileEmulationEnabled: false, nativeEvents: true, networkConnectionEnabled: false, pageLoadStrategy: normal, platform: XP, platformName: XP, rotatable: false, setWindowRect: true, takesHeapSnapshot: true, takesScreenshot: true, unexpectedAlertBehaviour: , unhandledPromptBehavior: , version: 71.0.3578.98, webStorageEnabled: true}
Session ID: 622c95fe1263b5237ab0e18657d9ad57)
[[ATTACHMENT|C:\\Users\\David Avalos\\git\\AMPSAutRegression\\Reports\\UI\\Regression\\20190122_215637\\1548216002717.png]]

2019-01-22 22:00:03 - [MESSAGE][FAILED] - click(findTestObject("UI/Client/Rule Editor/Create Rule Set/select_ruleSetType")) FAILED.
Reason:
com.kms.katalon.core.exception.StepFailedException: Unable to click on object 'Object Repository/UI/Client/Rule Editor/Create Rule Set/select_ruleSetType' (Root cause: org.openqa.selenium.WebDriverException: unknown error: Element <div class="Select-placeholder">...</div> is not clickable at point (1029, 309). Other element would receive the click: <div class="loader-wrapper">...</div>
  (Session info: chrome=71.0.3578.98)
  (Driver info: chromedriver=2.43.600210 (68dcf5eebde37173d4027fa8635e332711d2874a),platform=Windows NT 10.0.15063 x86_64) (WARNING: The server did not provide any stacktrace information)
Command duration or timeout: 0 milliseconds
Build info: version: '3.7.1', revision: '8a0099a', time: '2017-11-06T21:07:36.161Z'
System info: host: 'TDG-MBL-MTY0359', ip: '192.168.1.97', os.name: 'Windows 10', os.arch: 'amd64', os.version: '10.0', java.version: '1.8.0_181'
Driver info: com.kms.katalon.selenium.driver.CChromeDriver
Capabilities {acceptInsecureCerts: false, acceptSslCerts: false, applicationCacheEnabled: false, browserConnectionEnabled: false, browserName: chrome, chrome: {chromedriverVersion: 2.43.600210 (68dcf5eebde371..., userDataDir: C:\Users\DAVIDA~1\AppData\L...}, cssSelectorsEnabled: true, databaseEnabled: false, goog:chromeOptions: {debuggerAddress: localhost:58715}, handlesAlerts: true, hasTouchScreen: false, javascriptEnabled: true, locationContextEnabled: true, mobileEmulationEnabled: false, nativeEvents: true, networkConnectionEnabled: false, pageLoadStrategy: normal, platform: XP, platformName: XP, rotatable: false, setWindowRect: true, takesHeapSnapshot: true, takesScreenshot: true, unexpectedAlertBehaviour: , unhandledPromptBehavior: , version: 71.0.3578.98, webStorageEnabled: true}
Session ID: 622c95fe1263b5237ab0e18657d9ad57)
	at com.kms.katalon.core.keyword.internal.KeywordMain.stepFailed(KeywordMain.groovy:36)
	at com.kms.katalon.core.webui.keyword.internal.WebUIKeywordMain.stepFailed(WebUIKeywordMain.groovy:65)
	at com.kms.katalon.core.webui.keyword.internal.WebUIKeywordMain.runKeyword(WebUIKeywordMain.groovy:27)
	at com.kms.katalon.core.webui.keyword.builtin.ClickKeyword.click(ClickKeyword.groovy:86)
	at com.kms.katalon.core.webui.keyword.builtin.ClickKeyword.execute(ClickKeyword.groovy:67)
	at com.kms.katalon.core.keyword.internal.KeywordExecutor.executeKeywordForPlatform(KeywordExecutor.groovy:53)
	at com.kms.katalon.core.webui.keyword.WebUiBuiltInKeywords.click(WebUiBuiltInKeywords.groovy:616)
	at com.kms.katalon.core.webui.keyword.WebUiBuiltInKeywords$click$5.call(Unknown Source)
	at Create New Rule Set.run(Create New Rule Set:92)
	at com.kms.katalon.core.main.ScriptEngine.run(ScriptEngine.java:194)
	at com.kms.katalon.core.main.ScriptEngine.runScriptAsRawText(ScriptEngine.java:119)
	at com.kms.katalon.core.main.TestCaseExecutor.runScript(TestCaseExecutor.java:328)
	at com.kms.katalon.core.main.TestCaseExecutor.doExecute(TestCaseExecutor.java:319)
	at com.kms.katalon.core.main.TestCaseExecutor.processExecutionPhase(TestCaseExecutor.java:298)
	at com.kms.katalon.core.main.TestCaseExecutor.accessMainPhase(TestCaseExecutor.java:290)
	at com.kms.katalon.core.main.TestCaseExecutor.execute(TestCaseExecutor.java:224)
	at com.kms.katalon.core.main.TestSuiteExecutor.accessTestCaseMainPhase(TestSuiteExecutor.java:129)
	at com.kms.katalon.core.main.TestSuiteExecutor.accessTestSuiteMainPhase(TestSuiteExecutor.java:112)
	at com.kms.katalon.core.main.TestSuiteExecutor.execute(TestSuiteExecutor.java:81)
	at com.kms.katalon.core.main.TestCaseMain.startTestSuite(TestCaseMain.java:149)
	at com.kms.katalon.core.main.TestCaseMain$startTestSuite$0.call(Unknown Source)
	at TempTestSuite1548215797467.run(TempTestSuite1548215797467.groovy:36)]]></system-out>
         <system-err><![CDATA[2019-01-22 21:59:37 - [TEST_CASE][FAILED] - Test Cases/UI/Client/Rule Editor/Create New Rule Set: Test Cases/UI/Client/Rule Editor/Create New Rule Set FAILED.
Reason:
com.kms.katalon.core.exception.StepFailedException: Unable to click on object 'Object Repository/UI/Client/Rule Editor/Create Rule Set/select_ruleSetType' (Root cause: org.openqa.selenium.WebDriverException: unknown error: Element <div class="Select-placeholder">...</div> is not clickable at point (1029, 309). Other element would receive the click: <div class="loader-wrapper">...</div>
  (Session info: chrome=71.0.3578.98)
  (Driver info: chromedriver=2.43.600210 (68dcf5eebde37173d4027fa8635e332711d2874a),platform=Windows NT 10.0.15063 x86_64) (WARNING: The server did not provide any stacktrace information)
Command duration or timeout: 0 milliseconds
Build info: version: '3.7.1', revision: '8a0099a', time: '2017-11-06T21:07:36.161Z'
System info: host: 'TDG-MBL-MTY0359', ip: '192.168.1.97', os.name: 'Windows 10', os.arch: 'amd64', os.version: '10.0', java.version: '1.8.0_181'
Driver info: com.kms.katalon.selenium.driver.CChromeDriver
Capabilities {acceptInsecureCerts: false, acceptSslCerts: false, applicationCacheEnabled: false, browserConnectionEnabled: false, browserName: chrome, chrome: {chromedriverVersion: 2.43.600210 (68dcf5eebde371..., userDataDir: C:\Users\DAVIDA~1\AppData\L...}, cssSelectorsEnabled: true, databaseEnabled: false, goog:chromeOptions: {debuggerAddress: localhost:58715}, handlesAlerts: true, hasTouchScreen: false, javascriptEnabled: true, locationContextEnabled: true, mobileEmulationEnabled: false, nativeEvents: true, networkConnectionEnabled: false, pageLoadStrategy: normal, platform: XP, platformName: XP, rotatable: false, setWindowRect: true, takesHeapSnapshot: true, takesScreenshot: true, unexpectedAlertBehaviour: , unhandledPromptBehavior: , version: 71.0.3578.98, webStorageEnabled: true}
Session ID: 622c95fe1263b5237ab0e18657d9ad57)
	at com.kms.katalon.core.keyword.internal.KeywordMain.stepFailed(KeywordMain.groovy:36)
	at com.kms.katalon.core.webui.keyword.internal.WebUIKeywordMain.stepFailed(WebUIKeywordMain.groovy:65)
	at com.kms.katalon.core.webui.keyword.internal.WebUIKeywordMain.runKeyword(WebUIKeywordMain.groovy:27)
	at com.kms.katalon.core.webui.keyword.builtin.ClickKeyword.click(ClickKeyword.groovy:86)
	at com.kms.katalon.core.webui.keyword.builtin.ClickKeyword.execute(ClickKeyword.groovy:67)
	at com.kms.katalon.core.keyword.internal.KeywordExecutor.executeKeywordForPlatform(KeywordExecutor.groovy:53)
	at com.kms.katalon.core.webui.keyword.WebUiBuiltInKeywords.click(WebUiBuiltInKeywords.groovy:616)
	at com.kms.katalon.core.webui.keyword.WebUiBuiltInKeywords$click$5.call(Unknown Source)
	at Create New Rule Set.run(Create New Rule Set:92)
	at com.kms.katalon.core.main.ScriptEngine.run(ScriptEngine.java:194)
	at com.kms.katalon.core.main.ScriptEngine.runScriptAsRawText(ScriptEngine.java:119)
	at com.kms.katalon.core.main.TestCaseExecutor.runScript(TestCaseExecutor.java:328)
	at com.kms.katalon.core.main.TestCaseExecutor.doExecute(TestCaseExecutor.java:319)
	at com.kms.katalon.core.main.TestCaseExecutor.processExecutionPhase(TestCaseExecutor.java:298)
	at com.kms.katalon.core.main.TestCaseExecutor.accessMainPhase(TestCaseExecutor.java:290)
	at com.kms.katalon.core.main.TestCaseExecutor.execute(TestCaseExecutor.java:224)
	at com.kms.katalon.core.main.TestSuiteExecutor.accessTestCaseMainPhase(TestSuiteExecutor.java:129)
	at com.kms.katalon.core.main.TestSuiteExecutor.accessTestSuiteMainPhase(TestSuiteExecutor.java:112)
	at com.kms.katalon.core.main.TestSuiteExecutor.execute(TestSuiteExecutor.java:81)
	at com.kms.katalon.core.main.TestCaseMain.startTestSuite(TestCaseMain.java:149)
	at com.kms.katalon.core.main.TestCaseMain$startTestSuite$0.call(Unknown Source)
	at TempTestSuite1548215797467.run(TempTestSuite1548215797467.groovy:36)]]></system-err>
      </testcase>
      <testcase name="Test Cases/UI/Client/Rule Editor/Delete Rule Set" classname="Test Cases/UI/Client/Rule Editor/Delete Rule Set" status="FAILED">
         <failure type="FAILED" message="Test Cases/UI/Client/Rule Editor/Delete Rule Set FAILED.
Reason:
com.kms.katalon.core.exception.StepFailedException: Unable to get text of object 'Object Repository/UI/Client/Rule Editor/h1_Clients' (Root cause: com.kms.katalon.core.webui.exception.WebElementNotFoundException: Web element with id: 'Object Repository/UI/Client/Rule Editor/h1_Clients' located by 'By.xpath: //h1[(text() = ' Clients ' or . = ' Clients ')]' not found)
	at com.kms.katalon.core.keyword.internal.KeywordMain.stepFailed(KeywordMain.groovy:36)
	at com.kms.katalon.core.webui.keyword.internal.WebUIKeywordMain.stepFailed(WebUIKeywordMain.groovy:65)
	at com.kms.katalon.core.webui.keyword.internal.WebUIKeywordMain.runKeyword(WebUIKeywordMain.groovy:27)
	at com.kms.katalon.core.webui.keyword.builtin.GetTextKeyword.getText(GetTextKeyword.groovy:88)
	at com.kms.katalon.core.webui.keyword.builtin.GetTextKeyword.execute(GetTextKeyword.groovy:67)
	at com.kms.katalon.core.keyword.internal.KeywordExecutor.executeKeywordForPlatform(KeywordExecutor.groovy:53)
	at com.kms.katalon.core.webui.keyword.WebUiBuiltInKeywords.getText(WebUiBuiltInKeywords.groovy:888)
	at com.kms.katalon.core.webui.keyword.WebUiBuiltInKeywords$getText$7.call(Unknown Source)
	at Delete Rule Set.run(Delete Rule Set:49)
	at com.kms.katalon.core.main.ScriptEngine.run(ScriptEngine.java:194)
	at com.kms.katalon.core.main.ScriptEngine.runScriptAsRawText(ScriptEngine.java:119)
	at com.kms.katalon.core.main.TestCaseExecutor.runScript(TestCaseExecutor.java:328)
	at com.kms.katalon.core.main.TestCaseExecutor.doExecute(TestCaseExecutor.java:319)
	at com.kms.katalon.core.main.TestCaseExecutor.processExecutionPhase(TestCaseExecutor.java:298)
	at com.kms.katalon.core.main.TestCaseExecutor.accessMainPhase(TestCaseExecutor.java:290)
	at com.kms.katalon.core.main.TestCaseExecutor.execute(TestCaseExecutor.java:224)
	at com.kms.katalon.core.main.TestSuiteExecutor.accessTestCaseMainPhase(TestSuiteExecutor.java:129)
	at com.kms.katalon.core.main.TestSuiteExecutor.accessTestSuiteMainPhase(TestSuiteExecutor.java:112)
	at com.kms.katalon.core.main.TestSuiteExecutor.execute(TestSuiteExecutor.java:81)
	at com.kms.katalon.core.main.TestCaseMain.startTestSuite(TestCaseMain.java:149)
	at com.kms.katalon.core.main.TestCaseMain$startTestSuite$0.call(Unknown Source)
	at TempTestSuite1548215797467.run(TempTestSuite1548215797467.groovy:36)
"/>
         <system-out><![CDATA[2019-01-22 22:00:03 - [TEST_CASE][FAILED] - Test Cases/UI/Client/Rule Editor/Delete Rule Set: Test Cases/UI/Client/Rule Editor/Delete Rule Set FAILED.
Reason:
com.kms.katalon.core.exception.StepFailedException: Unable to get text of object 'Object Repository/UI/Client/Rule Editor/h1_Clients' (Root cause: com.kms.katalon.core.webui.exception.WebElementNotFoundException: Web element with id: 'Object Repository/UI/Client/Rule Editor/h1_Clients' located by 'By.xpath: //h1[(text() = ' Clients ' or . = ' Clients ')]' not found)
	at com.kms.katalon.core.keyword.internal.KeywordMain.stepFailed(KeywordMain.groovy:36)
	at com.kms.katalon.core.webui.keyword.internal.WebUIKeywordMain.stepFailed(WebUIKeywordMain.groovy:65)
	at com.kms.katalon.core.webui.keyword.internal.WebUIKeywordMain.runKeyword(WebUIKeywordMain.groovy:27)
	at com.kms.katalon.core.webui.keyword.builtin.GetTextKeyword.getText(GetTextKeyword.groovy:88)
	at com.kms.katalon.core.webui.keyword.builtin.GetTextKeyword.execute(GetTextKeyword.groovy:67)
	at com.kms.katalon.core.keyword.internal.KeywordExecutor.executeKeywordForPlatform(KeywordExecutor.groovy:53)
	at com.kms.katalon.core.webui.keyword.WebUiBuiltInKeywords.getText(WebUiBuiltInKeywords.groovy:888)
	at com.kms.katalon.core.webui.keyword.WebUiBuiltInKeywords$getText$7.call(Unknown Source)
	at Delete Rule Set.run(Delete Rule Set:49)
	at com.kms.katalon.core.main.ScriptEngine.run(ScriptEngine.java:194)
	at com.kms.katalon.core.main.ScriptEngine.runScriptAsRawText(ScriptEngine.java:119)
	at com.kms.katalon.core.main.TestCaseExecutor.runScript(TestCaseExecutor.java:328)
	at com.kms.katalon.core.main.TestCaseExecutor.doExecute(TestCaseExecutor.java:319)
	at com.kms.katalon.core.main.TestCaseExecutor.processExecutionPhase(TestCaseExecutor.java:298)
	at com.kms.katalon.core.main.TestCaseExecutor.accessMainPhase(TestCaseExecutor.java:290)
	at com.kms.katalon.core.main.TestCaseExecutor.execute(TestCaseExecutor.java:224)
	at com.kms.katalon.core.main.TestSuiteExecutor.accessTestCaseMainPhase(TestSuiteExecutor.java:129)
	at com.kms.katalon.core.main.TestSuiteExecutor.accessTestSuiteMainPhase(TestSuiteExecutor.java:112)
	at com.kms.katalon.core.main.TestSuiteExecutor.execute(TestSuiteExecutor.java:81)
	at com.kms.katalon.core.main.TestCaseMain.startTestSuite(TestCaseMain.java:149)
	at com.kms.katalon.core.main.TestCaseMain$startTestSuite$0.call(Unknown Source)
	at TempTestSuite1548215797467.run(TempTestSuite1548215797467.groovy:36)


2019-01-22 22:00:03 - [TEST_STEP][PASSED] - UAT = "https://uat.advancedpricing.com": null

2019-01-22 22:00:03 - [TEST_STEP][PASSED] - USER = "qaAuto": null

2019-01-22 22:00:03 - [TEST_STEP][PASSED] - PASSWD = "a9yk100dD": null

2019-01-22 22:00:03 - [TEST_STEP][PASSED] - RULESETNAME = "AAAA Rule Set EDITED": null

2019-01-22 22:00:03 - [TEST_STEP][PASSED] - VALIDFROM = "01/02/2019": null

2019-01-22 22:00:03 - [TEST_STEP][PASSED] - VALIDTO = "12/31/2019": null

2019-01-22 22:00:03 - [TEST_STEP][PASSED] - RULESETTYPE = "Claim": null

2019-01-22 22:00:03 - [TEST_STEP][PASSED] - RULENAME = "Second Rule": null

2019-01-22 22:00:03 - [TEST_STEP][PASSED] - openBrowser(""): Browser is opened with url: ''

2019-01-22 22:00:03 - [MESSAGE][WARNING] - A browser is already opened. Closing browser and opening a new one

2019-01-22 22:00:03 - [MESSAGE][INFO] - Starting 'Chrome' driver

2019-01-22 22:00:06 - [MESSAGE][PASSED] - Browser is opened with url: ''

2019-01-22 22:00:06 - [TEST_STEP][PASSED] - maximizeWindow(): Current window maximized

2019-01-22 22:00:07 - [MESSAGE][PASSED] - Current window maximized

2019-01-22 22:00:07 - [TEST_STEP][PASSED] - navigateToUrl(UAT): Navigate to 'https://uat.advancedpricing.com' successfully

2019-01-22 22:00:08 - [MESSAGE][PASSED] - Navigate to 'https://uat.advancedpricing.com' successfully

2019-01-22 22:00:08 - [TEST_STEP][PASSED] - waitForPageLoad(5): Wait for page load successfully

2019-01-22 22:00:08 - [MESSAGE][PASSED] - Wait for page load successfully

2019-01-22 22:00:08 - [TEST_STEP][PASSED] - setText(findTestObject("UI/Client/Claim Services/input_userCode"), USER): Text 'qaAuto' is set on object 'Object Repository/UI/Client/Claim Services/input_userCode'

2019-01-22 22:00:09 - [MESSAGE][PASSED] - Text 'qaAuto' is set on object 'Object Repository/UI/Client/Claim Services/input_userCode'

2019-01-22 22:00:09 - [TEST_STEP][PASSED] - setText(findTestObject("UI/Client/Claim Services/input_userPassword"), PASSWD): Text 'a9yk100dD' is set on object 'Object Repository/UI/Client/Claim Services/input_userPassword'

2019-01-22 22:00:09 - [MESSAGE][PASSED] - Text 'a9yk100dD' is set on object 'Object Repository/UI/Client/Claim Services/input_userPassword'

2019-01-22 22:00:09 - [TEST_STEP][PASSED] - waitForElementClickable(findTestObject("UI/Client/Claim Services/input_loginButton"), 5): Object 'Object Repository/UI/Client/Claim Services/input_loginButton' is clickable

2019-01-22 22:00:09 - [MESSAGE][PASSED] - Object 'Object Repository/UI/Client/Claim Services/input_loginButton' is clickable

2019-01-22 22:00:09 - [TEST_STEP][PASSED] - click(findTestObject("UI/Client/Claim Services/input_loginButton")): Object: 'Object Repository/UI/Client/Claim Services/input_loginButton' is clicked on

2019-01-22 22:00:09 - [MESSAGE][PASSED] - Object: 'Object Repository/UI/Client/Claim Services/input_loginButton' is clicked on

2019-01-22 22:00:09 - [TEST_STEP][PASSED] - delay(1): Delayed 1 second(s)

2019-01-22 22:00:10 - [MESSAGE][PASSED] - Delayed 1 second(s)

2019-01-22 22:00:10 - [TEST_STEP][PASSED] - waitForPageLoad(5): Wait for page load successfully

2019-01-22 22:00:10 - [MESSAGE][PASSED] - Wait for page load successfully

2019-01-22 22:00:10 - [TEST_STEP][PASSED] - waitForElementPresent(findTestObject("UI/Client/Rule Editor/h1_Clients"), 5): Object 'Object Repository/UI/Client/Rule Editor/h1_Clients' is not present after 5 second(s)

2019-01-22 22:00:15 - [MESSAGE][INFO] - Unable to find the element located by 'By.xpath: //h1[(text() = ' Clients ' or . = ' Clients ')]'. Please recheck the objects properties to make sure the desired element is located. 

2019-01-22 22:00:15 - [MESSAGE][WARNING] - Object 'Object Repository/UI/Client/Rule Editor/h1_Clients' is not present after 5 second(s)

2019-01-22 22:00:15 - [TEST_STEP][FAILED] - pageTitle = getText(findTestObject("UI/Client/Rule Editor/h1_Clients")): pageTitle = getText(findTestObject("UI/Client/Rule Editor/h1_Clients")) FAILED.
Reason:
com.kms.katalon.core.exception.StepFailedException: Unable to get text of object 'Object Repository/UI/Client/Rule Editor/h1_Clients' (Root cause: com.kms.katalon.core.webui.exception.WebElementNotFoundException: Web element with id: 'Object Repository/UI/Client/Rule Editor/h1_Clients' located by 'By.xpath: //h1[(text() = ' Clients ' or . = ' Clients ')]' not found)
	at com.kms.katalon.core.keyword.internal.KeywordMain.stepFailed(KeywordMain.groovy:36)
	at com.kms.katalon.core.webui.keyword.internal.WebUIKeywordMain.stepFailed(WebUIKeywordMain.groovy:65)
	at com.kms.katalon.core.webui.keyword.internal.WebUIKeywordMain.runKeyword(WebUIKeywordMain.groovy:27)
	at com.kms.katalon.core.webui.keyword.builtin.GetTextKeyword.getText(GetTextKeyword.groovy:88)
	at com.kms.katalon.core.webui.keyword.builtin.GetTextKeyword.execute(GetTextKeyword.groovy:67)
	at com.kms.katalon.core.keyword.internal.KeywordExecutor.executeKeywordForPlatform(KeywordExecutor.groovy:53)
	at com.kms.katalon.core.webui.keyword.WebUiBuiltInKeywords.getText(WebUiBuiltInKeywords.groovy:888)
	at com.kms.katalon.core.webui.keyword.WebUiBuiltInKeywords$getText$7.call(Unknown Source)
	at Delete Rule Set.run(Delete Rule Set:49)
	at com.kms.katalon.core.main.ScriptEngine.run(ScriptEngine.java:194)
	at com.kms.katalon.core.main.ScriptEngine.runScriptAsRawText(ScriptEngine.java:119)
	at com.kms.katalon.core.main.TestCaseExecutor.runScript(TestCaseExecutor.java:328)
	at com.kms.katalon.core.main.TestCaseExecutor.doExecute(TestCaseExecutor.java:319)
	at com.kms.katalon.core.main.TestCaseExecutor.processExecutionPhase(TestCaseExecutor.java:298)
	at com.kms.katalon.core.main.TestCaseExecutor.accessMainPhase(TestCaseExecutor.java:290)
	at com.kms.katalon.core.main.TestCaseExecutor.execute(TestCaseExecutor.java:224)
	at com.kms.katalon.core.main.TestSuiteExecutor.accessTestCaseMainPhase(TestSuiteExecutor.java:129)
	at com.kms.katalon.core.main.TestSuiteExecutor.accessTestSuiteMainPhase(TestSuiteExecutor.java:112)
	at com.kms.katalon.core.main.TestSuiteExecutor.execute(TestSuiteExecutor.java:81)
	at com.kms.katalon.core.main.TestCaseMain.startTestSuite(TestCaseMain.java:149)
	at com.kms.katalon.core.main.TestCaseMain$startTestSuite$0.call(Unknown Source)
	at TempTestSuite1548215797467.run(TempTestSuite1548215797467.groovy:36)


2019-01-22 22:00:46 - [MESSAGE][INFO] - Unable to find the element located by 'By.xpath: //h1[(text() = ' Clients ' or . = ' Clients ')]'. Please recheck the objects properties to make sure the desired element is located. 

2019-01-22 22:00:47 - [MESSAGE][FAILED] - Unable to get text of object 'Object Repository/UI/Client/Rule Editor/h1_Clients' (Root cause: com.kms.katalon.core.webui.exception.WebElementNotFoundException: Web element with id: 'Object Repository/UI/Client/Rule Editor/h1_Clients' located by 'By.xpath: //h1[(text() = ' Clients ' or . = ' Clients ')]' not found)
[[ATTACHMENT|C:\\Users\\David Avalos\\git\\AMPSAutRegression\\Reports\\UI\\Regression\\20190122_215637\\1548216046826.png]]

2019-01-22 22:00:47 - [MESSAGE][FAILED] - pageTitle = getText(findTestObject("UI/Client/Rule Editor/h1_Clients")) FAILED.
Reason:
com.kms.katalon.core.exception.StepFailedException: Unable to get text of object 'Object Repository/UI/Client/Rule Editor/h1_Clients' (Root cause: com.kms.katalon.core.webui.exception.WebElementNotFoundException: Web element with id: 'Object Repository/UI/Client/Rule Editor/h1_Clients' located by 'By.xpath: //h1[(text() = ' Clients ' or . = ' Clients ')]' not found)
	at com.kms.katalon.core.keyword.internal.KeywordMain.stepFailed(KeywordMain.groovy:36)
	at com.kms.katalon.core.webui.keyword.internal.WebUIKeywordMain.stepFailed(WebUIKeywordMain.groovy:65)
	at com.kms.katalon.core.webui.keyword.internal.WebUIKeywordMain.runKeyword(WebUIKeywordMain.groovy:27)
	at com.kms.katalon.core.webui.keyword.builtin.GetTextKeyword.getText(GetTextKeyword.groovy:88)
	at com.kms.katalon.core.webui.keyword.builtin.GetTextKeyword.execute(GetTextKeyword.groovy:67)
	at com.kms.katalon.core.keyword.internal.KeywordExecutor.executeKeywordForPlatform(KeywordExecutor.groovy:53)
	at com.kms.katalon.core.webui.keyword.WebUiBuiltInKeywords.getText(WebUiBuiltInKeywords.groovy:888)
	at com.kms.katalon.core.webui.keyword.WebUiBuiltInKeywords$getText$7.call(Unknown Source)
	at Delete Rule Set.run(Delete Rule Set:49)
	at com.kms.katalon.core.main.ScriptEngine.run(ScriptEngine.java:194)
	at com.kms.katalon.core.main.ScriptEngine.runScriptAsRawText(ScriptEngine.java:119)
	at com.kms.katalon.core.main.TestCaseExecutor.runScript(TestCaseExecutor.java:328)
	at com.kms.katalon.core.main.TestCaseExecutor.doExecute(TestCaseExecutor.java:319)
	at com.kms.katalon.core.main.TestCaseExecutor.processExecutionPhase(TestCaseExecutor.java:298)
	at com.kms.katalon.core.main.TestCaseExecutor.accessMainPhase(TestCaseExecutor.java:290)
	at com.kms.katalon.core.main.TestCaseExecutor.execute(TestCaseExecutor.java:224)
	at com.kms.katalon.core.main.TestSuiteExecutor.accessTestCaseMainPhase(TestSuiteExecutor.java:129)
	at com.kms.katalon.core.main.TestSuiteExecutor.accessTestSuiteMainPhase(TestSuiteExecutor.java:112)
	at com.kms.katalon.core.main.TestSuiteExecutor.execute(TestSuiteExecutor.java:81)
	at com.kms.katalon.core.main.TestCaseMain.startTestSuite(TestCaseMain.java:149)
	at com.kms.katalon.core.main.TestCaseMain$startTestSuite$0.call(Unknown Source)
	at TempTestSuite1548215797467.run(TempTestSuite1548215797467.groovy:36)]]></system-out>
         <system-err><![CDATA[2019-01-22 22:00:03 - [TEST_CASE][FAILED] - Test Cases/UI/Client/Rule Editor/Delete Rule Set: Test Cases/UI/Client/Rule Editor/Delete Rule Set FAILED.
Reason:
com.kms.katalon.core.exception.StepFailedException: Unable to get text of object 'Object Repository/UI/Client/Rule Editor/h1_Clients' (Root cause: com.kms.katalon.core.webui.exception.WebElementNotFoundException: Web element with id: 'Object Repository/UI/Client/Rule Editor/h1_Clients' located by 'By.xpath: //h1[(text() = ' Clients ' or . = ' Clients ')]' not found)
	at com.kms.katalon.core.keyword.internal.KeywordMain.stepFailed(KeywordMain.groovy:36)
	at com.kms.katalon.core.webui.keyword.internal.WebUIKeywordMain.stepFailed(WebUIKeywordMain.groovy:65)
	at com.kms.katalon.core.webui.keyword.internal.WebUIKeywordMain.runKeyword(WebUIKeywordMain.groovy:27)
	at com.kms.katalon.core.webui.keyword.builtin.GetTextKeyword.getText(GetTextKeyword.groovy:88)
	at com.kms.katalon.core.webui.keyword.builtin.GetTextKeyword.execute(GetTextKeyword.groovy:67)
	at com.kms.katalon.core.keyword.internal.KeywordExecutor.executeKeywordForPlatform(KeywordExecutor.groovy:53)
	at com.kms.katalon.core.webui.keyword.WebUiBuiltInKeywords.getText(WebUiBuiltInKeywords.groovy:888)
	at com.kms.katalon.core.webui.keyword.WebUiBuiltInKeywords$getText$7.call(Unknown Source)
	at Delete Rule Set.run(Delete Rule Set:49)
	at com.kms.katalon.core.main.ScriptEngine.run(ScriptEngine.java:194)
	at com.kms.katalon.core.main.ScriptEngine.runScriptAsRawText(ScriptEngine.java:119)
	at com.kms.katalon.core.main.TestCaseExecutor.runScript(TestCaseExecutor.java:328)
	at com.kms.katalon.core.main.TestCaseExecutor.doExecute(TestCaseExecutor.java:319)
	at com.kms.katalon.core.main.TestCaseExecutor.processExecutionPhase(TestCaseExecutor.java:298)
	at com.kms.katalon.core.main.TestCaseExecutor.accessMainPhase(TestCaseExecutor.java:290)
	at com.kms.katalon.core.main.TestCaseExecutor.execute(TestCaseExecutor.java:224)
	at com.kms.katalon.core.main.TestSuiteExecutor.accessTestCaseMainPhase(TestSuiteExecutor.java:129)
	at com.kms.katalon.core.main.TestSuiteExecutor.accessTestSuiteMainPhase(TestSuiteExecutor.java:112)
	at com.kms.katalon.core.main.TestSuiteExecutor.execute(TestSuiteExecutor.java:81)
	at com.kms.katalon.core.main.TestCaseMain.startTestSuite(TestCaseMain.java:149)
	at com.kms.katalon.core.main.TestCaseMain$startTestSuite$0.call(Unknown Source)
	at TempTestSuite1548215797467.run(TempTestSuite1548215797467.groovy:36)]]></system-err>
      </testcase>
      <testcase name="Test Cases/UI/Client/Rule Editor/Edit Rule Set" classname="Test Cases/UI/Client/Rule Editor/Edit Rule Set" status="FAILED">
         <failure type="FAILED" message="Test Cases/UI/Client/Rule Editor/Edit Rule Set FAILED.
Reason:
com.kms.katalon.core.exception.StepFailedException: Unable to click on object 'Object Repository/UI/Client/Rule Editor/Edit Rule Set/a_editRuleSetIcon' (Root cause: com.kms.katalon.core.webui.exception.WebElementNotFoundException: Web element with id: 'Object Repository/UI/Client/Rule Editor/Edit Rule Set/a_editRuleSetIcon' located by 'By.xpath: //*[@id=&quot;content&quot;]//table/tbody/tr[1]/td[8]/div/a' not found)
	at com.kms.katalon.core.keyword.internal.KeywordMain.stepFailed(KeywordMain.groovy:36)
	at com.kms.katalon.core.webui.keyword.internal.WebUIKeywordMain.stepFailed(WebUIKeywordMain.groovy:65)
	at com.kms.katalon.core.webui.keyword.internal.WebUIKeywordMain.runKeyword(WebUIKeywordMain.groovy:27)
	at com.kms.katalon.core.webui.keyword.builtin.ClickKeyword.click(ClickKeyword.groovy:86)
	at com.kms.katalon.core.webui.keyword.builtin.ClickKeyword.execute(ClickKeyword.groovy:67)
	at com.kms.katalon.core.keyword.internal.KeywordExecutor.executeKeywordForPlatform(KeywordExecutor.groovy:53)
	at com.kms.katalon.core.webui.keyword.WebUiBuiltInKeywords.click(WebUiBuiltInKeywords.groovy:616)
	at com.kms.katalon.core.webui.keyword.WebUiBuiltInKeywords$click$5.call(Unknown Source)
	at Edit Rule Set.run(Edit Rule Set:70)
	at com.kms.katalon.core.main.ScriptEngine.run(ScriptEngine.java:194)
	at com.kms.katalon.core.main.ScriptEngine.runScriptAsRawText(ScriptEngine.java:119)
	at com.kms.katalon.core.main.TestCaseExecutor.runScript(TestCaseExecutor.java:328)
	at com.kms.katalon.core.main.TestCaseExecutor.doExecute(TestCaseExecutor.java:319)
	at com.kms.katalon.core.main.TestCaseExecutor.processExecutionPhase(TestCaseExecutor.java:298)
	at com.kms.katalon.core.main.TestCaseExecutor.accessMainPhase(TestCaseExecutor.java:290)
	at com.kms.katalon.core.main.TestCaseExecutor.execute(TestCaseExecutor.java:224)
	at com.kms.katalon.core.main.TestSuiteExecutor.accessTestCaseMainPhase(TestSuiteExecutor.java:129)
	at com.kms.katalon.core.main.TestSuiteExecutor.accessTestSuiteMainPhase(TestSuiteExecutor.java:112)
	at com.kms.katalon.core.main.TestSuiteExecutor.execute(TestSuiteExecutor.java:81)
	at com.kms.katalon.core.main.TestCaseMain.startTestSuite(TestCaseMain.java:149)
	at com.kms.katalon.core.main.TestCaseMain$startTestSuite$0.call(Unknown Source)
	at TempTestSuite1548215797467.run(TempTestSuite1548215797467.groovy:36)
"/>
         <system-out><![CDATA[2019-01-22 22:00:47 - [TEST_CASE][FAILED] - Test Cases/UI/Client/Rule Editor/Edit Rule Set: Test Cases/UI/Client/Rule Editor/Edit Rule Set FAILED.
Reason:
com.kms.katalon.core.exception.StepFailedException: Unable to click on object 'Object Repository/UI/Client/Rule Editor/Edit Rule Set/a_editRuleSetIcon' (Root cause: com.kms.katalon.core.webui.exception.WebElementNotFoundException: Web element with id: 'Object Repository/UI/Client/Rule Editor/Edit Rule Set/a_editRuleSetIcon' located by 'By.xpath: //*[@id="content"]//table/tbody/tr[1]/td[8]/div/a' not found)
	at com.kms.katalon.core.keyword.internal.KeywordMain.stepFailed(KeywordMain.groovy:36)
	at com.kms.katalon.core.webui.keyword.internal.WebUIKeywordMain.stepFailed(WebUIKeywordMain.groovy:65)
	at com.kms.katalon.core.webui.keyword.internal.WebUIKeywordMain.runKeyword(WebUIKeywordMain.groovy:27)
	at com.kms.katalon.core.webui.keyword.builtin.ClickKeyword.click(ClickKeyword.groovy:86)
	at com.kms.katalon.core.webui.keyword.builtin.ClickKeyword.execute(ClickKeyword.groovy:67)
	at com.kms.katalon.core.keyword.internal.KeywordExecutor.executeKeywordForPlatform(KeywordExecutor.groovy:53)
	at com.kms.katalon.core.webui.keyword.WebUiBuiltInKeywords.click(WebUiBuiltInKeywords.groovy:616)
	at com.kms.katalon.core.webui.keyword.WebUiBuiltInKeywords$click$5.call(Unknown Source)
	at Edit Rule Set.run(Edit Rule Set:70)
	at com.kms.katalon.core.main.ScriptEngine.run(ScriptEngine.java:194)
	at com.kms.katalon.core.main.ScriptEngine.runScriptAsRawText(ScriptEngine.java:119)
	at com.kms.katalon.core.main.TestCaseExecutor.runScript(TestCaseExecutor.java:328)
	at com.kms.katalon.core.main.TestCaseExecutor.doExecute(TestCaseExecutor.java:319)
	at com.kms.katalon.core.main.TestCaseExecutor.processExecutionPhase(TestCaseExecutor.java:298)
	at com.kms.katalon.core.main.TestCaseExecutor.accessMainPhase(TestCaseExecutor.java:290)
	at com.kms.katalon.core.main.TestCaseExecutor.execute(TestCaseExecutor.java:224)
	at com.kms.katalon.core.main.TestSuiteExecutor.accessTestCaseMainPhase(TestSuiteExecutor.java:129)
	at com.kms.katalon.core.main.TestSuiteExecutor.accessTestSuiteMainPhase(TestSuiteExecutor.java:112)
	at com.kms.katalon.core.main.TestSuiteExecutor.execute(TestSuiteExecutor.java:81)
	at com.kms.katalon.core.main.TestCaseMain.startTestSuite(TestCaseMain.java:149)
	at com.kms.katalon.core.main.TestCaseMain$startTestSuite$0.call(Unknown Source)
	at TempTestSuite1548215797467.run(TempTestSuite1548215797467.groovy:36)


2019-01-22 22:00:47 - [TEST_STEP][PASSED] - UAT = "https://uat.advancedpricing.com": null

2019-01-22 22:00:47 - [TEST_STEP][PASSED] - USER = "qaAuto": null

2019-01-22 22:00:47 - [TEST_STEP][PASSED] - PASSWD = "a9yk100dD": null

2019-01-22 22:00:47 - [TEST_STEP][PASSED] - RULESETNAME = "AAAA Rule Set EDITED": null

2019-01-22 22:00:47 - [TEST_STEP][PASSED] - VALIDFROM = "01/02/2019": null

2019-01-22 22:00:47 - [TEST_STEP][PASSED] - VALIDTO = "12/31/2019": null

2019-01-22 22:00:47 - [TEST_STEP][PASSED] - RULESETTYPE = "Claim": null

2019-01-22 22:00:47 - [TEST_STEP][PASSED] - RULENAME = "Second Rule": null

2019-01-22 22:00:47 - [TEST_STEP][PASSED] - openBrowser(""): Browser is opened with url: ''

2019-01-22 22:00:47 - [MESSAGE][WARNING] - A browser is already opened. Closing browser and opening a new one

2019-01-22 22:00:48 - [MESSAGE][INFO] - Starting 'Chrome' driver

2019-01-22 22:00:50 - [MESSAGE][PASSED] - Browser is opened with url: ''

2019-01-22 22:00:50 - [TEST_STEP][PASSED] - maximizeWindow(): Current window maximized

2019-01-22 22:00:51 - [MESSAGE][PASSED] - Current window maximized

2019-01-22 22:00:51 - [TEST_STEP][PASSED] - navigateToUrl(UAT): Navigate to 'https://uat.advancedpricing.com' successfully

2019-01-22 22:00:52 - [MESSAGE][PASSED] - Navigate to 'https://uat.advancedpricing.com' successfully

2019-01-22 22:00:52 - [TEST_STEP][PASSED] - waitForPageLoad(5): Wait for page load successfully

2019-01-22 22:00:52 - [MESSAGE][PASSED] - Wait for page load successfully

2019-01-22 22:00:52 - [TEST_STEP][PASSED] - setText(findTestObject("UI/Client/Claim Services/input_userCode"), USER): Text 'qaAuto' is set on object 'Object Repository/UI/Client/Claim Services/input_userCode'

2019-01-22 22:00:53 - [MESSAGE][PASSED] - Text 'qaAuto' is set on object 'Object Repository/UI/Client/Claim Services/input_userCode'

2019-01-22 22:00:53 - [TEST_STEP][PASSED] - setText(findTestObject("UI/Client/Claim Services/input_userPassword"), PASSWD): Text 'a9yk100dD' is set on object 'Object Repository/UI/Client/Claim Services/input_userPassword'

2019-01-22 22:00:53 - [MESSAGE][PASSED] - Text 'a9yk100dD' is set on object 'Object Repository/UI/Client/Claim Services/input_userPassword'

2019-01-22 22:00:53 - [TEST_STEP][PASSED] - waitForElementClickable(findTestObject("UI/Client/Claim Services/input_loginButton"), 5): Object 'Object Repository/UI/Client/Claim Services/input_loginButton' is clickable

2019-01-22 22:00:53 - [MESSAGE][PASSED] - Object 'Object Repository/UI/Client/Claim Services/input_loginButton' is clickable

2019-01-22 22:00:53 - [TEST_STEP][PASSED] - click(findTestObject("UI/Client/Claim Services/input_loginButton")): Object: 'Object Repository/UI/Client/Claim Services/input_loginButton' is clicked on

2019-01-22 22:00:53 - [MESSAGE][PASSED] - Object: 'Object Repository/UI/Client/Claim Services/input_loginButton' is clicked on

2019-01-22 22:00:53 - [TEST_STEP][PASSED] - delay(1): Delayed 1 second(s)

2019-01-22 22:00:54 - [MESSAGE][PASSED] - Delayed 1 second(s)

2019-01-22 22:00:54 - [TEST_STEP][PASSED] - waitForPageLoad(5): Wait for page load successfully

2019-01-22 22:00:54 - [MESSAGE][PASSED] - Wait for page load successfully

2019-01-22 22:00:54 - [TEST_STEP][PASSED] - waitForElementPresent(findTestObject("UI/Client/Rule Editor/h1_Clients"), 5): Object 'Object Repository/UI/Client/Rule Editor/h1_Clients' is present

2019-01-22 22:00:54 - [MESSAGE][PASSED] - Object 'Object Repository/UI/Client/Rule Editor/h1_Clients' is present

2019-01-22 22:00:54 - [TEST_STEP][PASSED] - pageTitle = getText(findTestObject("UI/Client/Rule Editor/h1_Clients")): Text of object 'Object Repository/UI/Client/Rule Editor/h1_Clients' is: 'Clients'

2019-01-22 22:00:54 - [MESSAGE][PASSED] - Text of object 'Object Repository/UI/Client/Rule Editor/h1_Clients' is: 'Clients'

2019-01-22 22:00:54 - [TEST_STEP][PASSED] - verifyMatch(pageTitle, "Clients", false): Actual text 'Clients' and expected text 'Clients' are matched 

2019-01-22 22:00:54 - [MESSAGE][PASSED] - Actual text 'Clients' and expected text 'Clients' are matched 

2019-01-22 22:00:54 - [TEST_STEP][PASSED] - delay(3): Delayed 3 second(s)

2019-01-22 22:00:57 - [MESSAGE][PASSED] - Delayed 3 second(s)

2019-01-22 22:00:57 - [TEST_STEP][PASSED] - waitForElementClickable(findTestObject("UI/Client/Rule Editor/span_ruleEditorMenu"), 5): Object 'Object Repository/UI/Client/Rule Editor/span_ruleEditorMenu' is clickable

2019-01-22 22:00:57 - [MESSAGE][PASSED] - Object 'Object Repository/UI/Client/Rule Editor/span_ruleEditorMenu' is clickable

2019-01-22 22:00:57 - [TEST_STEP][PASSED] - click(findTestObject("UI/Client/Rule Editor/span_ruleEditorMenu")): Object: 'Object Repository/UI/Client/Rule Editor/span_ruleEditorMenu' is clicked on

2019-01-22 22:00:57 - [MESSAGE][PASSED] - Object: 'Object Repository/UI/Client/Rule Editor/span_ruleEditorMenu' is clicked on

2019-01-22 22:00:57 - [TEST_STEP][PASSED] - delay(1): Delayed 1 second(s)

2019-01-22 22:00:58 - [MESSAGE][PASSED] - Delayed 1 second(s)

2019-01-22 22:00:58 - [TEST_STEP][PASSED] - waitForPageLoad(5): Wait for page load successfully

2019-01-22 22:00:58 - [MESSAGE][PASSED] - Wait for page load successfully

2019-01-22 22:00:58 - [TEST_STEP][PASSED] - waitForElementPresent(findTestObject("UI/Client/Rule Editor/h1_ruleEditor"), 5): Object 'Object Repository/UI/Client/Rule Editor/h1_ruleEditor' is present

2019-01-22 22:00:58 - [MESSAGE][PASSED] - Object 'Object Repository/UI/Client/Rule Editor/h1_ruleEditor' is present

2019-01-22 22:00:58 - [TEST_STEP][PASSED] - pageTitle = getText(findTestObject("UI/Client/Rule Editor/h1_ruleEditor")): Text of object 'Object Repository/UI/Client/Rule Editor/h1_ruleEditor' is: 'Rule Editor'

2019-01-22 22:00:58 - [MESSAGE][PASSED] - Text of object 'Object Repository/UI/Client/Rule Editor/h1_ruleEditor' is: 'Rule Editor'

2019-01-22 22:00:58 - [TEST_STEP][PASSED] - verifyMatch(pageTitle, "Rule Editor", false): Actual text 'Rule Editor' and expected text 'Rule Editor' are matched 

2019-01-22 22:00:58 - [MESSAGE][PASSED] - Actual text 'Rule Editor' and expected text 'Rule Editor' are matched 

2019-01-22 22:00:58 - [TEST_STEP][PASSED] - delay(3): Delayed 3 second(s)

2019-01-22 22:01:01 - [MESSAGE][PASSED] - Delayed 3 second(s)

2019-01-22 22:01:01 - [TEST_STEP][PASSED] - waitForElementClickable(findTestObject("UI/Client/Rule Editor/Edit Rule Set/a_editRuleSetIcon"), 5): Web element with id: 'Object Repository/UI/Client/Rule Editor/Edit Rule Set/a_editRuleSetIcon' located by 'By.xpath: //*[@id="content"]//table/tbody/tr[1]/td[8]/div/a' not found

2019-01-22 22:01:07 - [MESSAGE][INFO] - Unable to find the element located by 'By.xpath: //*[@id="content"]//table/tbody/tr[1]/td[8]/div/a'. Please recheck the objects properties to make sure the desired element is located. 

2019-01-22 22:01:07 - [MESSAGE][WARNING] - Web element with id: 'Object Repository/UI/Client/Rule Editor/Edit Rule Set/a_editRuleSetIcon' located by 'By.xpath: //*[@id="content"]//table/tbody/tr[1]/td[8]/div/a' not found

2019-01-22 22:01:07 - [TEST_STEP][FAILED] - click(findTestObject("UI/Client/Rule Editor/Edit Rule Set/a_editRuleSetIcon")): click(findTestObject("UI/Client/Rule Editor/Edit Rule Set/a_editRuleSetIcon")) FAILED.
Reason:
com.kms.katalon.core.exception.StepFailedException: Unable to click on object 'Object Repository/UI/Client/Rule Editor/Edit Rule Set/a_editRuleSetIcon' (Root cause: com.kms.katalon.core.webui.exception.WebElementNotFoundException: Web element with id: 'Object Repository/UI/Client/Rule Editor/Edit Rule Set/a_editRuleSetIcon' located by 'By.xpath: //*[@id="content"]//table/tbody/tr[1]/td[8]/div/a' not found)
	at com.kms.katalon.core.keyword.internal.KeywordMain.stepFailed(KeywordMain.groovy:36)
	at com.kms.katalon.core.webui.keyword.internal.WebUIKeywordMain.stepFailed(WebUIKeywordMain.groovy:65)
	at com.kms.katalon.core.webui.keyword.internal.WebUIKeywordMain.runKeyword(WebUIKeywordMain.groovy:27)
	at com.kms.katalon.core.webui.keyword.builtin.ClickKeyword.click(ClickKeyword.groovy:86)
	at com.kms.katalon.core.webui.keyword.builtin.ClickKeyword.execute(ClickKeyword.groovy:67)
	at com.kms.katalon.core.keyword.internal.KeywordExecutor.executeKeywordForPlatform(KeywordExecutor.groovy:53)
	at com.kms.katalon.core.webui.keyword.WebUiBuiltInKeywords.click(WebUiBuiltInKeywords.groovy:616)
	at com.kms.katalon.core.webui.keyword.WebUiBuiltInKeywords$click$5.call(Unknown Source)
	at Edit Rule Set.run(Edit Rule Set:70)
	at com.kms.katalon.core.main.ScriptEngine.run(ScriptEngine.java:194)
	at com.kms.katalon.core.main.ScriptEngine.runScriptAsRawText(ScriptEngine.java:119)
	at com.kms.katalon.core.main.TestCaseExecutor.runScript(TestCaseExecutor.java:328)
	at com.kms.katalon.core.main.TestCaseExecutor.doExecute(TestCaseExecutor.java:319)
	at com.kms.katalon.core.main.TestCaseExecutor.processExecutionPhase(TestCaseExecutor.java:298)
	at com.kms.katalon.core.main.TestCaseExecutor.accessMainPhase(TestCaseExecutor.java:290)
	at com.kms.katalon.core.main.TestCaseExecutor.execute(TestCaseExecutor.java:224)
	at com.kms.katalon.core.main.TestSuiteExecutor.accessTestCaseMainPhase(TestSuiteExecutor.java:129)
	at com.kms.katalon.core.main.TestSuiteExecutor.accessTestSuiteMainPhase(TestSuiteExecutor.java:112)
	at com.kms.katalon.core.main.TestSuiteExecutor.execute(TestSuiteExecutor.java:81)
	at com.kms.katalon.core.main.TestCaseMain.startTestSuite(TestCaseMain.java:149)
	at com.kms.katalon.core.main.TestCaseMain$startTestSuite$0.call(Unknown Source)
	at TempTestSuite1548215797467.run(TempTestSuite1548215797467.groovy:36)


2019-01-22 22:01:38 - [MESSAGE][INFO] - Unable to find the element located by 'By.xpath: //*[@id="content"]//table/tbody/tr[1]/td[8]/div/a'. Please recheck the objects properties to make sure the desired element is located. 

2019-01-22 22:01:38 - [MESSAGE][FAILED] - Unable to click on object 'Object Repository/UI/Client/Rule Editor/Edit Rule Set/a_editRuleSetIcon' (Root cause: com.kms.katalon.core.webui.exception.WebElementNotFoundException: Web element with id: 'Object Repository/UI/Client/Rule Editor/Edit Rule Set/a_editRuleSetIcon' located by 'By.xpath: //*[@id="content"]//table/tbody/tr[1]/td[8]/div/a' not found)
[[ATTACHMENT|C:\\Users\\David Avalos\\git\\AMPSAutRegression\\Reports\\UI\\Regression\\20190122_215637\\1548216098347.png]]

2019-01-22 22:01:38 - [MESSAGE][FAILED] - click(findTestObject("UI/Client/Rule Editor/Edit Rule Set/a_editRuleSetIcon")) FAILED.
Reason:
com.kms.katalon.core.exception.StepFailedException: Unable to click on object 'Object Repository/UI/Client/Rule Editor/Edit Rule Set/a_editRuleSetIcon' (Root cause: com.kms.katalon.core.webui.exception.WebElementNotFoundException: Web element with id: 'Object Repository/UI/Client/Rule Editor/Edit Rule Set/a_editRuleSetIcon' located by 'By.xpath: //*[@id="content"]//table/tbody/tr[1]/td[8]/div/a' not found)
	at com.kms.katalon.core.keyword.internal.KeywordMain.stepFailed(KeywordMain.groovy:36)
	at com.kms.katalon.core.webui.keyword.internal.WebUIKeywordMain.stepFailed(WebUIKeywordMain.groovy:65)
	at com.kms.katalon.core.webui.keyword.internal.WebUIKeywordMain.runKeyword(WebUIKeywordMain.groovy:27)
	at com.kms.katalon.core.webui.keyword.builtin.ClickKeyword.click(ClickKeyword.groovy:86)
	at com.kms.katalon.core.webui.keyword.builtin.ClickKeyword.execute(ClickKeyword.groovy:67)
	at com.kms.katalon.core.keyword.internal.KeywordExecutor.executeKeywordForPlatform(KeywordExecutor.groovy:53)
	at com.kms.katalon.core.webui.keyword.WebUiBuiltInKeywords.click(WebUiBuiltInKeywords.groovy:616)
	at com.kms.katalon.core.webui.keyword.WebUiBuiltInKeywords$click$5.call(Unknown Source)
	at Edit Rule Set.run(Edit Rule Set:70)
	at com.kms.katalon.core.main.ScriptEngine.run(ScriptEngine.java:194)
	at com.kms.katalon.core.main.ScriptEngine.runScriptAsRawText(ScriptEngine.java:119)
	at com.kms.katalon.core.main.TestCaseExecutor.runScript(TestCaseExecutor.java:328)
	at com.kms.katalon.core.main.TestCaseExecutor.doExecute(TestCaseExecutor.java:319)
	at com.kms.katalon.core.main.TestCaseExecutor.processExecutionPhase(TestCaseExecutor.java:298)
	at com.kms.katalon.core.main.TestCaseExecutor.accessMainPhase(TestCaseExecutor.java:290)
	at com.kms.katalon.core.main.TestCaseExecutor.execute(TestCaseExecutor.java:224)
	at com.kms.katalon.core.main.TestSuiteExecutor.accessTestCaseMainPhase(TestSuiteExecutor.java:129)
	at com.kms.katalon.core.main.TestSuiteExecutor.accessTestSuiteMainPhase(TestSuiteExecutor.java:112)
	at com.kms.katalon.core.main.TestSuiteExecutor.execute(TestSuiteExecutor.java:81)
	at com.kms.katalon.core.main.TestCaseMain.startTestSuite(TestCaseMain.java:149)
	at com.kms.katalon.core.main.TestCaseMain$startTestSuite$0.call(Unknown Source)
	at TempTestSuite1548215797467.run(TempTestSuite1548215797467.groovy:36)]]></system-out>
         <system-err><![CDATA[2019-01-22 22:00:47 - [TEST_CASE][FAILED] - Test Cases/UI/Client/Rule Editor/Edit Rule Set: Test Cases/UI/Client/Rule Editor/Edit Rule Set FAILED.
Reason:
com.kms.katalon.core.exception.StepFailedException: Unable to click on object 'Object Repository/UI/Client/Rule Editor/Edit Rule Set/a_editRuleSetIcon' (Root cause: com.kms.katalon.core.webui.exception.WebElementNotFoundException: Web element with id: 'Object Repository/UI/Client/Rule Editor/Edit Rule Set/a_editRuleSetIcon' located by 'By.xpath: //*[@id="content"]//table/tbody/tr[1]/td[8]/div/a' not found)
	at com.kms.katalon.core.keyword.internal.KeywordMain.stepFailed(KeywordMain.groovy:36)
	at com.kms.katalon.core.webui.keyword.internal.WebUIKeywordMain.stepFailed(WebUIKeywordMain.groovy:65)
	at com.kms.katalon.core.webui.keyword.internal.WebUIKeywordMain.runKeyword(WebUIKeywordMain.groovy:27)
	at com.kms.katalon.core.webui.keyword.builtin.ClickKeyword.click(ClickKeyword.groovy:86)
	at com.kms.katalon.core.webui.keyword.builtin.ClickKeyword.execute(ClickKeyword.groovy:67)
	at com.kms.katalon.core.keyword.internal.KeywordExecutor.executeKeywordForPlatform(KeywordExecutor.groovy:53)
	at com.kms.katalon.core.webui.keyword.WebUiBuiltInKeywords.click(WebUiBuiltInKeywords.groovy:616)
	at com.kms.katalon.core.webui.keyword.WebUiBuiltInKeywords$click$5.call(Unknown Source)
	at Edit Rule Set.run(Edit Rule Set:70)
	at com.kms.katalon.core.main.ScriptEngine.run(ScriptEngine.java:194)
	at com.kms.katalon.core.main.ScriptEngine.runScriptAsRawText(ScriptEngine.java:119)
	at com.kms.katalon.core.main.TestCaseExecutor.runScript(TestCaseExecutor.java:328)
	at com.kms.katalon.core.main.TestCaseExecutor.doExecute(TestCaseExecutor.java:319)
	at com.kms.katalon.core.main.TestCaseExecutor.processExecutionPhase(TestCaseExecutor.java:298)
	at com.kms.katalon.core.main.TestCaseExecutor.accessMainPhase(TestCaseExecutor.java:290)
	at com.kms.katalon.core.main.TestCaseExecutor.execute(TestCaseExecutor.java:224)
	at com.kms.katalon.core.main.TestSuiteExecutor.accessTestCaseMainPhase(TestSuiteExecutor.java:129)
	at com.kms.katalon.core.main.TestSuiteExecutor.accessTestSuiteMainPhase(TestSuiteExecutor.java:112)
	at com.kms.katalon.core.main.TestSuiteExecutor.execute(TestSuiteExecutor.java:81)
	at com.kms.katalon.core.main.TestCaseMain.startTestSuite(TestCaseMain.java:149)
	at com.kms.katalon.core.main.TestCaseMain$startTestSuite$0.call(Unknown Source)
	at TempTestSuite1548215797467.run(TempTestSuite1548215797467.groovy:36)]]></system-err>
      </testcase>
      <testcase name="Test Cases/UI/Client/Rule Editor/Search for Rule Set" classname="Test Cases/UI/Client/Rule Editor/Search for Rule Set" status="PASSED">
         <system-out><![CDATA[2019-01-22 22:01:38 - [TEST_CASE][PASSED] - Test Cases/UI/Client/Rule Editor/Search for Rule Set: Test Cases/UI/Client/Rule Editor/Search for Rule Set

2019-01-22 22:01:38 - [TEST_STEP][PASSED] - UAT = "https://uat.advancedpricing.com": null

2019-01-22 22:01:38 - [TEST_STEP][PASSED] - USER = "qaAuto": null

2019-01-22 22:01:38 - [TEST_STEP][PASSED] - PASSWD = "a9yk100dD": null

2019-01-22 22:01:38 - [TEST_STEP][PASSED] - CLEAR = "": null

2019-01-22 22:01:38 - [TEST_STEP][PASSED] - RULESETNAME = "Arkansas": null

2019-01-22 22:01:38 - [TEST_STEP][PASSED] - RULESETNAME2 = "a": null

2019-01-22 22:01:38 - [TEST_STEP][PASSED] - INVALIDNAME = "QWERTY": null

2019-01-22 22:01:38 - [TEST_STEP][PASSED] - INVALIDNAME2 = "0000": null

2019-01-22 22:01:38 - [TEST_STEP][PASSED] - openBrowser(""): Browser is opened with url: ''

2019-01-22 22:01:38 - [MESSAGE][WARNING] - A browser is already opened. Closing browser and opening a new one

2019-01-22 22:01:39 - [MESSAGE][INFO] - Starting 'Chrome' driver

2019-01-22 22:01:41 - [MESSAGE][PASSED] - Browser is opened with url: ''

2019-01-22 22:01:41 - [TEST_STEP][PASSED] - maximizeWindow(): Current window maximized

2019-01-22 22:01:42 - [MESSAGE][PASSED] - Current window maximized

2019-01-22 22:01:42 - [TEST_STEP][PASSED] - navigateToUrl(UAT): Navigate to 'https://uat.advancedpricing.com' successfully

2019-01-22 22:02:20 - [MESSAGE][PASSED] - Navigate to 'https://uat.advancedpricing.com' successfully

2019-01-22 22:02:20 - [TEST_STEP][PASSED] - waitForPageLoad(5): Wait for page load successfully

2019-01-22 22:02:20 - [MESSAGE][PASSED] - Wait for page load successfully

2019-01-22 22:02:20 - [TEST_STEP][PASSED] - setText(findTestObject("UI/Client/Claim Services/input_userCode"), USER): Text 'qaAuto' is set on object 'Object Repository/UI/Client/Claim Services/input_userCode'

2019-01-22 22:02:21 - [MESSAGE][PASSED] - Text 'qaAuto' is set on object 'Object Repository/UI/Client/Claim Services/input_userCode'

2019-01-22 22:02:21 - [TEST_STEP][PASSED] - setText(findTestObject("UI/Client/Claim Services/input_userPassword"), PASSWD): Text 'a9yk100dD' is set on object 'Object Repository/UI/Client/Claim Services/input_userPassword'

2019-01-22 22:02:21 - [MESSAGE][PASSED] - Text 'a9yk100dD' is set on object 'Object Repository/UI/Client/Claim Services/input_userPassword'

2019-01-22 22:02:21 - [TEST_STEP][PASSED] - waitForElementClickable(findTestObject("UI/Client/Claim Services/input_loginButton"), 5): Object 'Object Repository/UI/Client/Claim Services/input_loginButton' is clickable

2019-01-22 22:02:21 - [MESSAGE][PASSED] - Object 'Object Repository/UI/Client/Claim Services/input_loginButton' is clickable

2019-01-22 22:02:21 - [TEST_STEP][PASSED] - click(findTestObject("UI/Client/Claim Services/input_loginButton")): Object: 'Object Repository/UI/Client/Claim Services/input_loginButton' is clicked on

2019-01-22 22:02:21 - [MESSAGE][PASSED] - Object: 'Object Repository/UI/Client/Claim Services/input_loginButton' is clicked on

2019-01-22 22:02:21 - [TEST_STEP][PASSED] - delay(1): Delayed 1 second(s)

2019-01-22 22:02:22 - [MESSAGE][PASSED] - Delayed 1 second(s)

2019-01-22 22:02:22 - [TEST_STEP][PASSED] - waitForPageLoad(5): Wait for page load successfully

2019-01-22 22:02:22 - [MESSAGE][PASSED] - Wait for page load successfully

2019-01-22 22:02:22 - [TEST_STEP][PASSED] - waitForElementPresent(findTestObject("UI/Client/Rule Editor/h1_Clients"), 5): Object 'Object Repository/UI/Client/Rule Editor/h1_Clients' is present

2019-01-22 22:02:22 - [MESSAGE][PASSED] - Object 'Object Repository/UI/Client/Rule Editor/h1_Clients' is present

2019-01-22 22:02:22 - [TEST_STEP][PASSED] - pageTitle = getText(findTestObject("UI/Client/Rule Editor/h1_Clients")): Text of object 'Object Repository/UI/Client/Rule Editor/h1_Clients' is: 'Clients'

2019-01-22 22:02:23 - [MESSAGE][PASSED] - Text of object 'Object Repository/UI/Client/Rule Editor/h1_Clients' is: 'Clients'

2019-01-22 22:02:23 - [TEST_STEP][PASSED] - verifyMatch(pageTitle, "Clients", false): Actual text 'Clients' and expected text 'Clients' are matched 

2019-01-22 22:02:23 - [MESSAGE][PASSED] - Actual text 'Clients' and expected text 'Clients' are matched 

2019-01-22 22:02:23 - [TEST_STEP][PASSED] - delay(3): Delayed 3 second(s)

2019-01-22 22:02:26 - [MESSAGE][PASSED] - Delayed 3 second(s)

2019-01-22 22:02:26 - [TEST_STEP][PASSED] - waitForElementClickable(findTestObject("UI/Client/Rule Editor/span_ruleEditorMenu"), 5): Object 'Object Repository/UI/Client/Rule Editor/span_ruleEditorMenu' is clickable

2019-01-22 22:02:26 - [MESSAGE][PASSED] - Object 'Object Repository/UI/Client/Rule Editor/span_ruleEditorMenu' is clickable

2019-01-22 22:02:26 - [TEST_STEP][PASSED] - click(findTestObject("UI/Client/Rule Editor/span_ruleEditorMenu")): Object: 'Object Repository/UI/Client/Rule Editor/span_ruleEditorMenu' is clicked on

2019-01-22 22:02:26 - [MESSAGE][PASSED] - Object: 'Object Repository/UI/Client/Rule Editor/span_ruleEditorMenu' is clicked on

2019-01-22 22:02:26 - [TEST_STEP][PASSED] - delay(1): Delayed 1 second(s)

2019-01-22 22:02:27 - [MESSAGE][PASSED] - Delayed 1 second(s)

2019-01-22 22:02:27 - [TEST_STEP][PASSED] - waitForPageLoad(5): Wait for page load successfully

2019-01-22 22:02:27 - [MESSAGE][PASSED] - Wait for page load successfully

2019-01-22 22:02:27 - [TEST_STEP][PASSED] - waitForElementPresent(findTestObject("UI/Client/Rule Editor/h1_ruleEditor"), 5): Object 'Object Repository/UI/Client/Rule Editor/h1_ruleEditor' is present

2019-01-22 22:02:27 - [MESSAGE][PASSED] - Object 'Object Repository/UI/Client/Rule Editor/h1_ruleEditor' is present

2019-01-22 22:02:27 - [TEST_STEP][PASSED] - pageTitle = getText(findTestObject("UI/Client/Rule Editor/h1_ruleEditor")): Text of object 'Object Repository/UI/Client/Rule Editor/h1_ruleEditor' is: 'Rule Editor'

2019-01-22 22:02:27 - [MESSAGE][PASSED] - Text of object 'Object Repository/UI/Client/Rule Editor/h1_ruleEditor' is: 'Rule Editor'

2019-01-22 22:02:27 - [TEST_STEP][PASSED] - verifyMatch(pageTitle, "Rule Editor", false): Actual text 'Rule Editor' and expected text 'Rule Editor' are matched 

2019-01-22 22:02:27 - [MESSAGE][PASSED] - Actual text 'Rule Editor' and expected text 'Rule Editor' are matched 

2019-01-22 22:02:27 - [TEST_STEP][PASSED] - delay(3): Delayed 3 second(s)

2019-01-22 22:02:30 - [MESSAGE][PASSED] - Delayed 3 second(s)

2019-01-22 22:02:30 - [TEST_STEP][PASSED] - waitForElementVisible(findTestObject("UI/Client/Rule Editor/Search Rule Set/input_searchRuleSet"), 5): Object 'Object Repository/UI/Client/Rule Editor/Search Rule Set/input_searchRuleSet' is visible

2019-01-22 22:02:30 - [MESSAGE][PASSED] - Object 'Object Repository/UI/Client/Rule Editor/Search Rule Set/input_searchRuleSet' is visible

2019-01-22 22:02:30 - [TEST_STEP][PASSED] - setText(findTestObject("UI/Client/Rule Editor/Search Rule Set/input_searchRuleSet"), RULESETNAME): Text 'Arkansas' is set on object 'Object Repository/UI/Client/Rule Editor/Search Rule Set/input_searchRuleSet'

2019-01-22 22:02:30 - [MESSAGE][PASSED] - Text 'Arkansas' is set on object 'Object Repository/UI/Client/Rule Editor/Search Rule Set/input_searchRuleSet'

2019-01-22 22:02:30 - [TEST_STEP][PASSED] - delay(3): Delayed 3 second(s)

2019-01-22 22:02:33 - [MESSAGE][PASSED] - Delayed 3 second(s)

2019-01-22 22:02:33 - [TEST_STEP][PASSED] - verifyElementNotPresent(findTestObject("UI/Client/Rule Editor/Search Rule Set/div_noSearchResults"), 5): Web element with id: 'Object Repository/UI/Client/Rule Editor/Search Rule Set/div_noSearchResults' located by 'By.xpath: //*[@id="content"]//div[contains(text(), "No Data")]' is not present after '5' second(s)

2019-01-22 22:02:33 - [MESSAGE][PASSED] - Web element with id: 'Object Repository/UI/Client/Rule Editor/Search Rule Set/div_noSearchResults' located by 'By.xpath: //*[@id="content"]//div[contains(text(), "No Data")]' is not present after '5' second(s)

2019-01-22 22:02:33 - [TEST_STEP][PASSED] - setText(findTestObject("UI/Client/Rule Editor/Search Rule Set/input_searchRuleSet"), CLEAR): Text '' is set on object 'Object Repository/UI/Client/Rule Editor/Search Rule Set/input_searchRuleSet'

2019-01-22 22:02:33 - [MESSAGE][PASSED] - Text '' is set on object 'Object Repository/UI/Client/Rule Editor/Search Rule Set/input_searchRuleSet'

2019-01-22 22:02:33 - [TEST_STEP][PASSED] - delay(3): Delayed 3 second(s)

2019-01-22 22:02:36 - [MESSAGE][PASSED] - Delayed 3 second(s)

2019-01-22 22:02:36 - [TEST_STEP][PASSED] - setText(findTestObject("UI/Client/Rule Editor/Search Rule Set/input_searchRuleSet"), RULESETNAME2): Text 'a' is set on object 'Object Repository/UI/Client/Rule Editor/Search Rule Set/input_searchRuleSet'

2019-01-22 22:02:36 - [MESSAGE][PASSED] - Text 'a' is set on object 'Object Repository/UI/Client/Rule Editor/Search Rule Set/input_searchRuleSet'

2019-01-22 22:02:36 - [TEST_STEP][PASSED] - delay(3): Delayed 3 second(s)

2019-01-22 22:02:39 - [MESSAGE][PASSED] - Delayed 3 second(s)

2019-01-22 22:02:39 - [TEST_STEP][PASSED] - verifyElementNotPresent(findTestObject("UI/Client/Rule Editor/Search Rule Set/div_noSearchResults"), 5): Web element with id: 'Object Repository/UI/Client/Rule Editor/Search Rule Set/div_noSearchResults' located by 'By.xpath: //*[@id="content"]//div[contains(text(), "No Data")]' is not present after '5' second(s)

2019-01-22 22:02:40 - [MESSAGE][PASSED] - Web element with id: 'Object Repository/UI/Client/Rule Editor/Search Rule Set/div_noSearchResults' located by 'By.xpath: //*[@id="content"]//div[contains(text(), "No Data")]' is not present after '5' second(s)

2019-01-22 22:02:40 - [TEST_STEP][PASSED] - setText(findTestObject("UI/Client/Rule Editor/Search Rule Set/input_searchRuleSet"), CLEAR): Text '' is set on object 'Object Repository/UI/Client/Rule Editor/Search Rule Set/input_searchRuleSet'

2019-01-22 22:02:40 - [MESSAGE][PASSED] - Text '' is set on object 'Object Repository/UI/Client/Rule Editor/Search Rule Set/input_searchRuleSet'

2019-01-22 22:02:40 - [TEST_STEP][PASSED] - delay(3): Delayed 3 second(s)

2019-01-22 22:02:43 - [MESSAGE][PASSED] - Delayed 3 second(s)

2019-01-22 22:02:43 - [TEST_STEP][PASSED] - setText(findTestObject("UI/Client/Rule Editor/Search Rule Set/input_searchRuleSet"), INVALIDNAME): Text 'QWERTY' is set on object 'Object Repository/UI/Client/Rule Editor/Search Rule Set/input_searchRuleSet'

2019-01-22 22:02:43 - [MESSAGE][PASSED] - Text 'QWERTY' is set on object 'Object Repository/UI/Client/Rule Editor/Search Rule Set/input_searchRuleSet'

2019-01-22 22:02:43 - [TEST_STEP][PASSED] - delay(3): Delayed 3 second(s)

2019-01-22 22:02:46 - [MESSAGE][PASSED] - Delayed 3 second(s)

2019-01-22 22:02:46 - [TEST_STEP][PASSED] - verifyElementPresent(findTestObject("UI/Client/Rule Editor/Search Rule Set/div_noSearchResults"), 5): Object 'Object Repository/UI/Client/Rule Editor/Search Rule Set/div_noSearchResults' is present

2019-01-22 22:02:46 - [MESSAGE][PASSED] - Object 'Object Repository/UI/Client/Rule Editor/Search Rule Set/div_noSearchResults' is present

2019-01-22 22:02:46 - [TEST_STEP][PASSED] - setText(findTestObject("UI/Client/Rule Editor/Search Rule Set/input_searchRuleSet"), CLEAR): Text '' is set on object 'Object Repository/UI/Client/Rule Editor/Search Rule Set/input_searchRuleSet'

2019-01-22 22:02:46 - [MESSAGE][PASSED] - Text '' is set on object 'Object Repository/UI/Client/Rule Editor/Search Rule Set/input_searchRuleSet'

2019-01-22 22:02:46 - [TEST_STEP][PASSED] - delay(3): Delayed 3 second(s)

2019-01-22 22:02:49 - [MESSAGE][PASSED] - Delayed 3 second(s)

2019-01-22 22:02:49 - [TEST_STEP][PASSED] - setText(findTestObject("UI/Client/Rule Editor/Search Rule Set/input_searchRuleSet"), INVALIDNAME2): Text '0000' is set on object 'Object Repository/UI/Client/Rule Editor/Search Rule Set/input_searchRuleSet'

2019-01-22 22:02:49 - [MESSAGE][PASSED] - Text '0000' is set on object 'Object Repository/UI/Client/Rule Editor/Search Rule Set/input_searchRuleSet'

2019-01-22 22:02:49 - [TEST_STEP][PASSED] - delay(3): Delayed 3 second(s)

2019-01-22 22:02:52 - [MESSAGE][PASSED] - Delayed 3 second(s)

2019-01-22 22:02:52 - [TEST_STEP][PASSED] - verifyElementPresent(findTestObject("UI/Client/Rule Editor/Search Rule Set/div_noSearchResults"), 5): Object 'Object Repository/UI/Client/Rule Editor/Search Rule Set/div_noSearchResults' is present

2019-01-22 22:02:52 - [MESSAGE][PASSED] - Object 'Object Repository/UI/Client/Rule Editor/Search Rule Set/div_noSearchResults' is present

2019-01-22 22:02:52 - [TEST_STEP][PASSED] - setText(findTestObject("UI/Client/Rule Editor/Search Rule Set/input_searchRuleSet"), CLEAR): Text '' is set on object 'Object Repository/UI/Client/Rule Editor/Search Rule Set/input_searchRuleSet'

2019-01-22 22:02:52 - [MESSAGE][PASSED] - Text '' is set on object 'Object Repository/UI/Client/Rule Editor/Search Rule Set/input_searchRuleSet'

2019-01-22 22:02:52 - [TEST_STEP][PASSED] - delay(3): Delayed 3 second(s)

2019-01-22 22:02:55 - [MESSAGE][PASSED] - Delayed 3 second(s)

2019-01-22 22:02:55 - [TEST_STEP][PASSED] - waitForElementClickable(findTestObject("UI/General/Log/a_userAvatar"), 5): Object 'Object Repository/UI/General/Log/a_userAvatar' is clickable

2019-01-22 22:02:55 - [MESSAGE][PASSED] - Object 'Object Repository/UI/General/Log/a_userAvatar' is clickable

2019-01-22 22:02:55 - [TEST_STEP][PASSED] - click(findTestObject("UI/General/Log/a_userAvatar")): Object: 'Object Repository/UI/General/Log/a_userAvatar' is clicked on

2019-01-22 22:02:55 - [MESSAGE][PASSED] - Object: 'Object Repository/UI/General/Log/a_userAvatar' is clicked on

2019-01-22 22:02:55 - [TEST_STEP][PASSED] - delay(1): Delayed 1 second(s)

2019-01-22 22:02:56 - [MESSAGE][PASSED] - Delayed 1 second(s)

2019-01-22 22:02:56 - [TEST_STEP][PASSED] - waitForElementClickable(findTestObject("UI/General/Log/a_signOutAMPS"), 5): Object 'Object Repository/UI/General/Log/a_signOutAMPS' is clickable

2019-01-22 22:02:57 - [MESSAGE][PASSED] - Object 'Object Repository/UI/General/Log/a_signOutAMPS' is clickable

2019-01-22 22:02:57 - [TEST_STEP][PASSED] - click(findTestObject("UI/General/Log/a_signOutAMPS")): Object: 'Object Repository/UI/General/Log/a_signOutAMPS' is clicked on

2019-01-22 22:02:57 - [MESSAGE][PASSED] - Object: 'Object Repository/UI/General/Log/a_signOutAMPS' is clicked on

2019-01-22 22:02:57 - [TEST_STEP][PASSED] - delay(1): Delayed 1 second(s)

2019-01-22 22:02:58 - [MESSAGE][PASSED] - Delayed 1 second(s)

2019-01-22 22:02:58 - [TEST_STEP][PASSED] - closeBrowser(): Browser is closed

2019-01-22 22:02:58 - [MESSAGE][PASSED] - Browser is closed]]></system-out>
         <system-err><![CDATA[]]></system-err>
      </testcase>
      <testcase name="Test Cases/UI/Client/Turn Around Tracker/Filtering" classname="Test Cases/UI/Client/Turn Around Tracker/Filtering" status="PASSED">
         <system-out><![CDATA[2019-01-22 22:02:58 - [TEST_CASE][PASSED] - Test Cases/UI/Client/Turn Around Tracker/Filtering: Test Cases/UI/Client/Turn Around Tracker/Filtering

2019-01-22 22:02:59 - [TEST_STEP][PASSED] - UAT = "https://uat.advancedpricing.com": null

2019-01-22 22:02:59 - [TEST_STEP][PASSED] - USER = "qaAuto": null

2019-01-22 22:02:59 - [TEST_STEP][PASSED] - PASSWD = "a9yk100dD": null

2019-01-22 22:02:59 - [TEST_STEP][PASSED] - openBrowser(""): Browser is opened with url: ''

2019-01-22 22:02:59 - [MESSAGE][INFO] - Starting 'Chrome' driver

2019-01-22 22:03:01 - [MESSAGE][PASSED] - Browser is opened with url: ''

2019-01-22 22:03:01 - [TEST_STEP][PASSED] - maximizeWindow(): Current window maximized

2019-01-22 22:03:02 - [MESSAGE][PASSED] - Current window maximized

2019-01-22 22:03:02 - [TEST_STEP][PASSED] - navigateToUrl(UAT): Navigate to 'https://uat.advancedpricing.com' successfully

2019-01-22 22:03:04 - [MESSAGE][PASSED] - Navigate to 'https://uat.advancedpricing.com' successfully

2019-01-22 22:03:04 - [TEST_STEP][PASSED] - waitForPageLoad(5): Wait for page load successfully

2019-01-22 22:03:04 - [MESSAGE][PASSED] - Wait for page load successfully

2019-01-22 22:03:04 - [TEST_STEP][PASSED] - setText(findTestObject("UI/Client/Claim Services/input_userCode"), USER): Text 'qaAuto' is set on object 'Object Repository/UI/Client/Claim Services/input_userCode'

2019-01-22 22:03:04 - [MESSAGE][PASSED] - Text 'qaAuto' is set on object 'Object Repository/UI/Client/Claim Services/input_userCode'

2019-01-22 22:03:04 - [TEST_STEP][PASSED] - setText(findTestObject("UI/Client/Claim Services/input_userPassword"), PASSWD): Text 'a9yk100dD' is set on object 'Object Repository/UI/Client/Claim Services/input_userPassword'

2019-01-22 22:03:04 - [MESSAGE][PASSED] - Text 'a9yk100dD' is set on object 'Object Repository/UI/Client/Claim Services/input_userPassword'

2019-01-22 22:03:04 - [TEST_STEP][PASSED] - waitForElementClickable(findTestObject("UI/Client/Claim Services/input_loginButton"), 5): Object 'Object Repository/UI/Client/Claim Services/input_loginButton' is clickable

2019-01-22 22:03:04 - [MESSAGE][PASSED] - Object 'Object Repository/UI/Client/Claim Services/input_loginButton' is clickable

2019-01-22 22:03:04 - [TEST_STEP][PASSED] - click(findTestObject("UI/Client/Claim Services/input_loginButton")): Object: 'Object Repository/UI/Client/Claim Services/input_loginButton' is clicked on

2019-01-22 22:03:04 - [MESSAGE][PASSED] - Object: 'Object Repository/UI/Client/Claim Services/input_loginButton' is clicked on

2019-01-22 22:03:04 - [TEST_STEP][PASSED] - waitForPageLoad(5): Wait for page load successfully

2019-01-22 22:03:04 - [MESSAGE][PASSED] - Wait for page load successfully

2019-01-22 22:03:04 - [TEST_STEP][PASSED] - waitForElementClickable(findTestObject("UI/Client/Claim Services/span_ABMSClient"), 5): Object 'Object Repository/UI/Client/Claim Services/span_ABMSClient' is clickable

2019-01-22 22:03:06 - [MESSAGE][PASSED] - Object 'Object Repository/UI/Client/Claim Services/span_ABMSClient' is clickable

2019-01-22 22:03:06 - [TEST_STEP][PASSED] - click(findTestObject("UI/Client/Claim Services/span_ABMSClient")): Object: 'Object Repository/UI/Client/Claim Services/span_ABMSClient' is clicked on

2019-01-22 22:03:06 - [MESSAGE][PASSED] - Object: 'Object Repository/UI/Client/Claim Services/span_ABMSClient' is clicked on

2019-01-22 22:03:06 - [TEST_STEP][PASSED] - waitForPageLoad(5): Wait for page load successfully

2019-01-22 22:03:06 - [MESSAGE][PASSED] - Wait for page load successfully

2019-01-22 22:03:06 - [TEST_STEP][PASSED] - waitForElementClickable(findTestObject("UI/Client/Turn Around Tracker/a_turnAroundTracker"), 5): Object 'Object Repository/UI/Client/Turn Around Tracker/a_turnAroundTracker' is clickable

2019-01-22 22:03:06 - [MESSAGE][PASSED] - Object 'Object Repository/UI/Client/Turn Around Tracker/a_turnAroundTracker' is clickable

2019-01-22 22:03:06 - [TEST_STEP][PASSED] - click(findTestObject("UI/Client/Turn Around Tracker/a_turnAroundTracker")): Object: 'Object Repository/UI/Client/Turn Around Tracker/a_turnAroundTracker' is clicked on

2019-01-22 22:03:06 - [MESSAGE][PASSED] - Object: 'Object Repository/UI/Client/Turn Around Tracker/a_turnAroundTracker' is clicked on

2019-01-22 22:03:06 - [TEST_STEP][PASSED] - waitForPageLoad(5): Wait for page load successfully

2019-01-22 22:03:06 - [MESSAGE][PASSED] - Wait for page load successfully

2019-01-22 22:03:06 - [TEST_STEP][PASSED] - waitForElementVisible(findTestObject("UI/Client/Turn Around Tracker/h1_turnAroundTrackerHeader"), 5): Object 'Object Repository/UI/Client/Turn Around Tracker/h1_turnAroundTrackerHeader' is visible

2019-01-22 22:03:06 - [MESSAGE][PASSED] - Object 'Object Repository/UI/Client/Turn Around Tracker/h1_turnAroundTrackerHeader' is visible

2019-01-22 22:03:06 - [TEST_STEP][PASSED] - pageHeader = getText(findTestObject("UI/Client/Turn Around Tracker/h1_turnAroundTrackerHeader")): Text of object 'Object Repository/UI/Client/Turn Around Tracker/h1_turnAroundTrackerHeader' is: 'Turn Around Tracker'

2019-01-22 22:03:06 - [MESSAGE][PASSED] - Text of object 'Object Repository/UI/Client/Turn Around Tracker/h1_turnAroundTrackerHeader' is: 'Turn Around Tracker'

2019-01-22 22:03:06 - [TEST_STEP][PASSED] - verifyMatch(pageHeader, "Turn Around Tracker", false): Actual text 'Turn Around Tracker' and expected text 'Turn Around Tracker' are matched 

2019-01-22 22:03:06 - [MESSAGE][PASSED] - Actual text 'Turn Around Tracker' and expected text 'Turn Around Tracker' are matched 

2019-01-22 22:03:06 - [TEST_STEP][PASSED] - delay(3): Delayed 3 second(s)

2019-01-22 22:03:09 - [MESSAGE][PASSED] - Delayed 3 second(s)

2019-01-22 22:03:09 - [TEST_STEP][PASSED] - waitForElementPresent(findTestObject("UI/Client/Turn Around Tracker/div_tatChart"), 5): Object 'Object Repository/UI/Client/Turn Around Tracker/div_tatChart' is present

2019-01-22 22:03:09 - [MESSAGE][PASSED] - Object 'Object Repository/UI/Client/Turn Around Tracker/div_tatChart' is present

2019-01-22 22:03:09 - [TEST_STEP][PASSED] - verifyElementVisible(findTestObject("UI/Client/Turn Around Tracker/div_tatChart")): Object 'Object Repository/UI/Client/Turn Around Tracker/div_tatChart' is visible

2019-01-22 22:03:09 - [MESSAGE][PASSED] - Object 'Object Repository/UI/Client/Turn Around Tracker/div_tatChart' is visible

2019-01-22 22:03:09 - [TEST_STEP][PASSED] - waitForElementClickable(findTestObject("UI/Client/Turn Around Tracker/select_groupFilter"), 5): Object 'Object Repository/UI/Client/Turn Around Tracker/select_groupFilter' is clickable

2019-01-22 22:03:09 - [MESSAGE][PASSED] - Object 'Object Repository/UI/Client/Turn Around Tracker/select_groupFilter' is clickable

2019-01-22 22:03:09 - [TEST_STEP][PASSED] - click(findTestObject("UI/Client/Turn Around Tracker/select_groupFilter")): Object: 'Object Repository/UI/Client/Turn Around Tracker/select_groupFilter' is clicked on

2019-01-22 22:03:09 - [MESSAGE][PASSED] - Object: 'Object Repository/UI/Client/Turn Around Tracker/select_groupFilter' is clicked on

2019-01-22 22:03:09 - [TEST_STEP][PASSED] - delay(2): Delayed 2 second(s)

2019-01-22 22:03:11 - [MESSAGE][PASSED] - Delayed 2 second(s)

2019-01-22 22:03:11 - [TEST_STEP][PASSED] - click(findTestObject("UI/Client/Turn Around Tracker/option_sevenKeystone")): Object: 'Object Repository/UI/Client/Turn Around Tracker/option_sevenKeystone' is clicked on

2019-01-22 22:03:11 - [MESSAGE][PASSED] - Object: 'Object Repository/UI/Client/Turn Around Tracker/option_sevenKeystone' is clicked on

2019-01-22 22:03:11 - [TEST_STEP][PASSED] - delay(2): Delayed 2 second(s)

2019-01-22 22:03:13 - [MESSAGE][PASSED] - Delayed 2 second(s)

2019-01-22 22:03:13 - [TEST_STEP][PASSED] - waitForElementPresent(findTestObject("UI/Client/Turn Around Tracker/div_tatChart"), 5): Object 'Object Repository/UI/Client/Turn Around Tracker/div_tatChart' is present

2019-01-22 22:03:13 - [MESSAGE][PASSED] - Object 'Object Repository/UI/Client/Turn Around Tracker/div_tatChart' is present

2019-01-22 22:03:13 - [TEST_STEP][PASSED] - verifyElementVisible(findTestObject("UI/Client/Turn Around Tracker/div_tatChart")): Object 'Object Repository/UI/Client/Turn Around Tracker/div_tatChart' is visible

2019-01-22 22:03:14 - [MESSAGE][PASSED] - Object 'Object Repository/UI/Client/Turn Around Tracker/div_tatChart' is visible

2019-01-22 22:03:14 - [TEST_STEP][PASSED] - delay(3): Delayed 3 second(s)

2019-01-22 22:03:17 - [MESSAGE][PASSED] - Delayed 3 second(s)

2019-01-22 22:03:17 - [TEST_STEP][PASSED] - waitForElementClickable(findTestObject("UI/General/Log/span_logoutAsClient"), 5): Object 'Object Repository/UI/General/Log/span_logoutAsClient' is clickable

2019-01-22 22:03:17 - [MESSAGE][PASSED] - Object 'Object Repository/UI/General/Log/span_logoutAsClient' is clickable

2019-01-22 22:03:17 - [TEST_STEP][PASSED] - click(findTestObject("UI/General/Log/span_logoutAsClient")): Object: 'Object Repository/UI/General/Log/span_logoutAsClient' is clicked on

2019-01-22 22:03:17 - [MESSAGE][PASSED] - Object: 'Object Repository/UI/General/Log/span_logoutAsClient' is clicked on

2019-01-22 22:03:17 - [TEST_STEP][PASSED] - waitForElementClickable(findTestObject("UI/General/Log/a_userAvatar"), 5): Object 'Object Repository/UI/General/Log/a_userAvatar' is clickable

2019-01-22 22:03:17 - [MESSAGE][PASSED] - Object 'Object Repository/UI/General/Log/a_userAvatar' is clickable

2019-01-22 22:03:17 - [TEST_STEP][PASSED] - click(findTestObject("UI/General/Log/a_userAvatar")): Object: 'Object Repository/UI/General/Log/a_userAvatar' is clicked on

2019-01-22 22:03:17 - [MESSAGE][PASSED] - Object: 'Object Repository/UI/General/Log/a_userAvatar' is clicked on

2019-01-22 22:03:17 - [TEST_STEP][PASSED] - delay(1): Delayed 1 second(s)

2019-01-22 22:03:18 - [MESSAGE][PASSED] - Delayed 1 second(s)

2019-01-22 22:03:18 - [TEST_STEP][PASSED] - waitForElementClickable(findTestObject("UI/General/Log/a_signOutAMPS"), 5): Object 'Object Repository/UI/General/Log/a_signOutAMPS' is clickable

2019-01-22 22:03:18 - [MESSAGE][PASSED] - Object 'Object Repository/UI/General/Log/a_signOutAMPS' is clickable

2019-01-22 22:03:18 - [TEST_STEP][PASSED] - click(findTestObject("UI/General/Log/a_signOutAMPS")): Object: 'Object Repository/UI/General/Log/a_signOutAMPS' is clicked on

2019-01-22 22:03:18 - [MESSAGE][PASSED] - Object: 'Object Repository/UI/General/Log/a_signOutAMPS' is clicked on

2019-01-22 22:03:18 - [TEST_STEP][PASSED] - delay(1): Delayed 1 second(s)

2019-01-22 22:03:19 - [MESSAGE][PASSED] - Delayed 1 second(s)

2019-01-22 22:03:19 - [TEST_STEP][PASSED] - closeBrowser(): Browser is closed

2019-01-22 22:03:20 - [MESSAGE][PASSED] - Browser is closed]]></system-out>
         <system-err><![CDATA[]]></system-err>
      </testcase>
      <testcase name="Test Cases/UI/Client/Turn Around Tracker/General_Display" classname="Test Cases/UI/Client/Turn Around Tracker/General_Display" status="PASSED">
         <system-out><![CDATA[2019-01-22 22:03:20 - [TEST_CASE][PASSED] - Test Cases/UI/Client/Turn Around Tracker/General_Display: Test Cases/UI/Client/Turn Around Tracker/General_Display

2019-01-22 22:03:20 - [TEST_STEP][PASSED] - UAT = "https://uat.advancedpricing.com": null

2019-01-22 22:03:20 - [TEST_STEP][PASSED] - USER = "qaAuto": null

2019-01-22 22:03:20 - [TEST_STEP][PASSED] - PASSWD = "a9yk100dD": null

2019-01-22 22:03:20 - [TEST_STEP][PASSED] - openBrowser(""): Browser is opened with url: ''

2019-01-22 22:03:20 - [MESSAGE][INFO] - Starting 'Chrome' driver

2019-01-22 22:03:22 - [MESSAGE][PASSED] - Browser is opened with url: ''

2019-01-22 22:03:22 - [TEST_STEP][PASSED] - maximizeWindow(): Current window maximized

2019-01-22 22:03:23 - [MESSAGE][PASSED] - Current window maximized

2019-01-22 22:03:23 - [TEST_STEP][PASSED] - navigateToUrl(UAT): Navigate to 'https://uat.advancedpricing.com' successfully

2019-01-22 22:03:25 - [MESSAGE][PASSED] - Navigate to 'https://uat.advancedpricing.com' successfully

2019-01-22 22:03:25 - [TEST_STEP][PASSED] - waitForPageLoad(5): Wait for page load successfully

2019-01-22 22:03:25 - [MESSAGE][PASSED] - Wait for page load successfully

2019-01-22 22:03:25 - [TEST_STEP][PASSED] - setText(findTestObject("UI/Client/Claim Services/input_userCode"), USER): Text 'qaAuto' is set on object 'Object Repository/UI/Client/Claim Services/input_userCode'

2019-01-22 22:03:25 - [MESSAGE][PASSED] - Text 'qaAuto' is set on object 'Object Repository/UI/Client/Claim Services/input_userCode'

2019-01-22 22:03:25 - [TEST_STEP][PASSED] - setText(findTestObject("UI/Client/Claim Services/input_userPassword"), PASSWD): Text 'a9yk100dD' is set on object 'Object Repository/UI/Client/Claim Services/input_userPassword'

2019-01-22 22:03:25 - [MESSAGE][PASSED] - Text 'a9yk100dD' is set on object 'Object Repository/UI/Client/Claim Services/input_userPassword'

2019-01-22 22:03:25 - [TEST_STEP][PASSED] - waitForElementClickable(findTestObject("UI/Client/Claim Services/input_loginButton"), 5): Object 'Object Repository/UI/Client/Claim Services/input_loginButton' is clickable

2019-01-22 22:03:25 - [MESSAGE][PASSED] - Object 'Object Repository/UI/Client/Claim Services/input_loginButton' is clickable

2019-01-22 22:03:25 - [TEST_STEP][PASSED] - click(findTestObject("UI/Client/Claim Services/input_loginButton")): Object: 'Object Repository/UI/Client/Claim Services/input_loginButton' is clicked on

2019-01-22 22:03:25 - [MESSAGE][PASSED] - Object: 'Object Repository/UI/Client/Claim Services/input_loginButton' is clicked on

2019-01-22 22:03:25 - [TEST_STEP][PASSED] - waitForPageLoad(5): Wait for page load successfully

2019-01-22 22:03:25 - [MESSAGE][PASSED] - Wait for page load successfully

2019-01-22 22:03:25 - [TEST_STEP][PASSED] - waitForElementClickable(findTestObject("UI/Client/Claim Services/span_ABMSClient"), 5): Object 'Object Repository/UI/Client/Claim Services/span_ABMSClient' is clickable

2019-01-22 22:03:26 - [MESSAGE][PASSED] - Object 'Object Repository/UI/Client/Claim Services/span_ABMSClient' is clickable

2019-01-22 22:03:26 - [TEST_STEP][PASSED] - click(findTestObject("UI/Client/Claim Services/span_ABMSClient")): Object: 'Object Repository/UI/Client/Claim Services/span_ABMSClient' is clicked on

2019-01-22 22:03:27 - [MESSAGE][PASSED] - Object: 'Object Repository/UI/Client/Claim Services/span_ABMSClient' is clicked on

2019-01-22 22:03:27 - [TEST_STEP][PASSED] - waitForPageLoad(5): Wait for page load successfully

2019-01-22 22:03:27 - [MESSAGE][PASSED] - Wait for page load successfully

2019-01-22 22:03:27 - [TEST_STEP][PASSED] - waitForElementClickable(findTestObject("UI/Client/Turn Around Tracker/a_turnAroundTracker"), 5): Object 'Object Repository/UI/Client/Turn Around Tracker/a_turnAroundTracker' is clickable

2019-01-22 22:03:27 - [MESSAGE][PASSED] - Object 'Object Repository/UI/Client/Turn Around Tracker/a_turnAroundTracker' is clickable

2019-01-22 22:03:27 - [TEST_STEP][PASSED] - click(findTestObject("UI/Client/Turn Around Tracker/a_turnAroundTracker")): Object: 'Object Repository/UI/Client/Turn Around Tracker/a_turnAroundTracker' is clicked on

2019-01-22 22:03:27 - [MESSAGE][PASSED] - Object: 'Object Repository/UI/Client/Turn Around Tracker/a_turnAroundTracker' is clicked on

2019-01-22 22:03:27 - [TEST_STEP][PASSED] - waitForPageLoad(5): Wait for page load successfully

2019-01-22 22:03:27 - [MESSAGE][PASSED] - Wait for page load successfully

2019-01-22 22:03:27 - [TEST_STEP][PASSED] - waitForElementVisible(findTestObject("UI/Client/Turn Around Tracker/h1_turnAroundTrackerHeader"), 5): Object 'Object Repository/UI/Client/Turn Around Tracker/h1_turnAroundTrackerHeader' is visible

2019-01-22 22:03:27 - [MESSAGE][PASSED] - Object 'Object Repository/UI/Client/Turn Around Tracker/h1_turnAroundTrackerHeader' is visible

2019-01-22 22:03:27 - [TEST_STEP][PASSED] - pageHeader = getText(findTestObject("UI/Client/Turn Around Tracker/h1_turnAroundTrackerHeader")): Text of object 'Object Repository/UI/Client/Turn Around Tracker/h1_turnAroundTrackerHeader' is: 'Turn Around Tracker'

2019-01-22 22:03:27 - [MESSAGE][PASSED] - Text of object 'Object Repository/UI/Client/Turn Around Tracker/h1_turnAroundTrackerHeader' is: 'Turn Around Tracker'

2019-01-22 22:03:27 - [TEST_STEP][PASSED] - verifyMatch(pageHeader, "Turn Around Tracker", false): Actual text 'Turn Around Tracker' and expected text 'Turn Around Tracker' are matched 

2019-01-22 22:03:27 - [MESSAGE][PASSED] - Actual text 'Turn Around Tracker' and expected text 'Turn Around Tracker' are matched 

2019-01-22 22:03:27 - [TEST_STEP][PASSED] - delay(3): Delayed 3 second(s)

2019-01-22 22:03:30 - [MESSAGE][PASSED] - Delayed 3 second(s)

2019-01-22 22:03:30 - [TEST_STEP][PASSED] - waitForElementClickable(findTestObject("UI/General/Log/span_logoutAsClient"), 5): Object 'Object Repository/UI/General/Log/span_logoutAsClient' is clickable

2019-01-22 22:03:30 - [MESSAGE][PASSED] - Object 'Object Repository/UI/General/Log/span_logoutAsClient' is clickable

2019-01-22 22:03:30 - [TEST_STEP][PASSED] - click(findTestObject("UI/General/Log/span_logoutAsClient")): Object: 'Object Repository/UI/General/Log/span_logoutAsClient' is clicked on

2019-01-22 22:03:30 - [MESSAGE][PASSED] - Object: 'Object Repository/UI/General/Log/span_logoutAsClient' is clicked on

2019-01-22 22:03:30 - [TEST_STEP][PASSED] - waitForElementClickable(findTestObject("UI/General/Log/a_userAvatar"), 5): Object 'Object Repository/UI/General/Log/a_userAvatar' is clickable

2019-01-22 22:03:30 - [MESSAGE][PASSED] - Object 'Object Repository/UI/General/Log/a_userAvatar' is clickable

2019-01-22 22:03:30 - [TEST_STEP][PASSED] - click(findTestObject("UI/General/Log/a_userAvatar")): Object: 'Object Repository/UI/General/Log/a_userAvatar' is clicked on

2019-01-22 22:03:30 - [MESSAGE][PASSED] - Object: 'Object Repository/UI/General/Log/a_userAvatar' is clicked on

2019-01-22 22:03:30 - [TEST_STEP][PASSED] - delay(1): Delayed 1 second(s)

2019-01-22 22:03:31 - [MESSAGE][PASSED] - Delayed 1 second(s)

2019-01-22 22:03:31 - [TEST_STEP][PASSED] - waitForElementClickable(findTestObject("UI/General/Log/a_signOutAMPS"), 5): Object 'Object Repository/UI/General/Log/a_signOutAMPS' is clickable

2019-01-22 22:03:31 - [MESSAGE][PASSED] - Object 'Object Repository/UI/General/Log/a_signOutAMPS' is clickable

2019-01-22 22:03:31 - [TEST_STEP][PASSED] - click(findTestObject("UI/General/Log/a_signOutAMPS")): Object: 'Object Repository/UI/General/Log/a_signOutAMPS' is clicked on

2019-01-22 22:03:31 - [MESSAGE][PASSED] - Object: 'Object Repository/UI/General/Log/a_signOutAMPS' is clicked on

2019-01-22 22:03:31 - [TEST_STEP][PASSED] - delay(1): Delayed 1 second(s)

2019-01-22 22:03:32 - [MESSAGE][PASSED] - Delayed 1 second(s)

2019-01-22 22:03:32 - [TEST_STEP][PASSED] - closeBrowser(): Browser is closed

2019-01-22 22:03:33 - [MESSAGE][PASSED] - Browser is closed]]></system-out>
         <system-err><![CDATA[]]></system-err>
      </testcase>
      <testcase name="Test Cases/UI/Employee/Care Navigator/Care Navigator Test Cases" classname="Test Cases/UI/Employee/Care Navigator/Care Navigator Test Cases" status="PASSED">
         <system-out><![CDATA[2019-01-22 22:03:33 - [TEST_CASE][PASSED] - Test Cases/UI/Employee/Care Navigator/Care Navigator Test Cases: Test Cases/UI/Employee/Care Navigator/Care Navigator Test Cases

2019-01-22 22:03:33 - [TEST_STEP][PASSED] - openBrowser(""): Browser is opened with url: ''

2019-01-22 22:03:33 - [MESSAGE][INFO] - Starting 'Chrome' driver

2019-01-22 22:03:36 - [MESSAGE][PASSED] - Browser is opened with url: ''

2019-01-22 22:03:36 - [TEST_STEP][PASSED] - navigateToUrl("https://uat.advancedpricing.com/"): Navigate to 'https://uat.advancedpricing.com/' successfully

2019-01-22 22:03:37 - [MESSAGE][PASSED] - Navigate to 'https://uat.advancedpricing.com/' successfully

2019-01-22 22:03:37 - [TEST_STEP][PASSED] - setText(findTestObject("UI/Employee/Files/input_AMPS Portal Sign In_code"), "qaAuto"): Text 'qaAuto' is set on object 'Object Repository/UI/Employee/Files/input_AMPS Portal Sign In_code'

2019-01-22 22:03:37 - [MESSAGE][PASSED] - Text 'qaAuto' is set on object 'Object Repository/UI/Employee/Files/input_AMPS Portal Sign In_code'

2019-01-22 22:03:37 - [TEST_STEP][PASSED] - setEncryptedText(findTestObject("UI/Employee/Files/input_AMPS Portal Sign In_pass"), "yjiIhAfFXTz0yohvbOLmCA=="): Text ****** has been set on object 'Object Repository/UI/Employee/Files/input_AMPS Portal Sign In_pass'

2019-01-22 22:03:37 - [MESSAGE][PASSED] - Text ****** has been set on object 'Object Repository/UI/Employee/Files/input_AMPS Portal Sign In_pass'

2019-01-22 22:03:37 - [TEST_STEP][PASSED] - click(findTestObject("UI/Employee/Files/input_Forgot Password_btn btn-")): Object: 'Object Repository/UI/Employee/Files/input_Forgot Password_btn btn-' is clicked on

2019-01-22 22:03:38 - [MESSAGE][PASSED] - Object: 'Object Repository/UI/Employee/Files/input_Forgot Password_btn btn-' is clicked on

2019-01-22 22:03:38 - [TEST_STEP][PASSED] - click(findTestObject("UI/Employee/Care Navigator/span_Care Navigator")): Object: 'Object Repository/UI/Employee/Care Navigator/span_Care Navigator' is clicked on

2019-01-22 22:03:38 - [MESSAGE][PASSED] - Object: 'Object Repository/UI/Employee/Care Navigator/span_Care Navigator' is clicked on

2019-01-22 22:03:38 - [TEST_STEP][PASSED] - click(findTestObject("UI/Employee/Care Navigator/Arrow to Write (1)")): Object: 'Object Repository/UI/Employee/Care Navigator/Arrow to Write (1)' is clicked on

2019-01-22 22:03:39 - [MESSAGE][PASSED] - Object: 'Object Repository/UI/Employee/Care Navigator/Arrow to Write (1)' is clicked on

2019-01-22 22:03:39 - [TEST_STEP][PASSED] - setText(findTestObject("UI/Employee/Care Navigator/input_Results_form-control inp"), "The Benefit Group"): Text 'The Benefit Group' is set on object 'Object Repository/UI/Employee/Care Navigator/input_Results_form-control inp'

2019-01-22 22:03:40 - [MESSAGE][PASSED] - Text 'The Benefit Group' is set on object 'Object Repository/UI/Employee/Care Navigator/input_Results_form-control inp'

2019-01-22 22:03:40 - [TEST_STEP][PASSED] - click(findTestObject("UI/Employee/Care Navigator/Arrow to Write")): Object: 'Object Repository/UI/Employee/Care Navigator/Arrow to Write' is clicked on

2019-01-22 22:03:40 - [MESSAGE][PASSED] - Object: 'Object Repository/UI/Employee/Care Navigator/Arrow to Write' is clicked on

2019-01-22 22:03:40 - [TEST_STEP][PASSED] - setText(findTestObject("UI/Employee/Care Navigator/input"), "Review"): Text 'Review' is set on object 'Object Repository/UI/Employee/Care Navigator/input'

2019-01-22 22:03:40 - [MESSAGE][PASSED] - Text 'Review' is set on object 'Object Repository/UI/Employee/Care Navigator/input'

2019-01-22 22:03:40 - [TEST_STEP][PASSED] - delay(1): Delayed 1 second(s)

2019-01-22 22:03:41 - [MESSAGE][PASSED] - Delayed 1 second(s)

2019-01-22 22:03:41 - [TEST_STEP][PASSED] - sendKeys(findTestObject("UI/Employee/Care Navigator/input"), Keys.chord(ENTER)): Keys 'ENTER + ' sent to object: 'Object Repository/UI/Employee/Care Navigator/input'

2019-01-22 22:03:41 - [MESSAGE][PASSED] - Keys 'ENTER + ' sent to object: 'Object Repository/UI/Employee/Care Navigator/input'

2019-01-22 22:03:41 - [TEST_STEP][PASSED] - delay(1): Delayed 1 second(s)

2019-01-22 22:03:42 - [MESSAGE][PASSED] - Delayed 1 second(s)

2019-01-22 22:03:42 - [TEST_STEP][PASSED] - click(findTestObject("UI/Employee/Care Navigator/td_1 In Review")): Object: 'Object Repository/UI/Employee/Care Navigator/td_1 In Review' is clicked on

2019-01-22 22:03:42 - [MESSAGE][PASSED] - Object: 'Object Repository/UI/Employee/Care Navigator/td_1 In Review' is clicked on

2019-01-22 22:03:42 - [TEST_STEP][PASSED] - click(findTestObject("UI/Employee/Care Navigator/td_1 In Review")): Object: 'Object Repository/UI/Employee/Care Navigator/td_1 In Review' is clicked on

2019-01-22 22:03:42 - [MESSAGE][PASSED] - Object: 'Object Repository/UI/Employee/Care Navigator/td_1 In Review' is clicked on

2019-01-22 22:03:42 - [TEST_STEP][PASSED] - click(findTestObject("UI/Employee/Care Navigator/td_1 In Review")): Object: 'Object Repository/UI/Employee/Care Navigator/td_1 In Review' is clicked on

2019-01-22 22:03:42 - [MESSAGE][PASSED] - Object: 'Object Repository/UI/Employee/Care Navigator/td_1 In Review' is clicked on

2019-01-22 22:03:42 - [TEST_STEP][PASSED] - click(findTestObject("UI/Employee/Care Navigator/td_1 In Review")): Object: 'Object Repository/UI/Employee/Care Navigator/td_1 In Review' is clicked on

2019-01-22 22:03:42 - [MESSAGE][PASSED] - Object: 'Object Repository/UI/Employee/Care Navigator/td_1 In Review' is clicked on

2019-01-22 22:03:42 - [TEST_STEP][PASSED] - click(findTestObject("UI/Employee/Care Navigator/Arrow to Write")): Object: 'Object Repository/UI/Employee/Care Navigator/Arrow to Write' is clicked on

2019-01-22 22:03:42 - [MESSAGE][PASSED] - Object: 'Object Repository/UI/Employee/Care Navigator/Arrow to Write' is clicked on

2019-01-22 22:03:42 - [TEST_STEP][PASSED] - setText(findTestObject("UI/Employee/Care Navigator/input"), "Local"): Text 'Local' is set on object 'Object Repository/UI/Employee/Care Navigator/input'

2019-01-22 22:03:42 - [MESSAGE][PASSED] - Text 'Local' is set on object 'Object Repository/UI/Employee/Care Navigator/input'

2019-01-22 22:03:42 - [TEST_STEP][PASSED] - delay(1): Delayed 1 second(s)

2019-01-22 22:03:43 - [MESSAGE][PASSED] - Delayed 1 second(s)

2019-01-22 22:03:43 - [TEST_STEP][PASSED] - sendKeys(findTestObject("UI/Employee/Care Navigator/input"), Keys.chord(ENTER)): Keys 'ENTER + ' sent to object: 'Object Repository/UI/Employee/Care Navigator/input'

2019-01-22 22:03:43 - [MESSAGE][PASSED] - Keys 'ENTER + ' sent to object: 'Object Repository/UI/Employee/Care Navigator/input'

2019-01-22 22:03:43 - [TEST_STEP][PASSED] - delay(1): Delayed 1 second(s)

2019-01-22 22:03:44 - [MESSAGE][PASSED] - Delayed 1 second(s)

2019-01-22 22:03:44 - [TEST_STEP][PASSED] - click(findTestObject("UI/Employee/Care Navigator/td_2. Locating Facility")): Object: 'Object Repository/UI/Employee/Care Navigator/td_2. Locating Facility' is clicked on

2019-01-22 22:03:45 - [MESSAGE][PASSED] - Object: 'Object Repository/UI/Employee/Care Navigator/td_2. Locating Facility' is clicked on

2019-01-22 22:03:45 - [TEST_STEP][PASSED] - click(findTestObject("UI/Employee/Care Navigator/td_2. Locating Facility")): Object: 'Object Repository/UI/Employee/Care Navigator/td_2. Locating Facility' is clicked on

2019-01-22 22:03:45 - [MESSAGE][PASSED] - Object: 'Object Repository/UI/Employee/Care Navigator/td_2. Locating Facility' is clicked on

2019-01-22 22:03:45 - [TEST_STEP][PASSED] - click(findTestObject("UI/Employee/Care Navigator/td_2. Locating Facility")): Object: 'Object Repository/UI/Employee/Care Navigator/td_2. Locating Facility' is clicked on

2019-01-22 22:03:45 - [MESSAGE][PASSED] - Object: 'Object Repository/UI/Employee/Care Navigator/td_2. Locating Facility' is clicked on

2019-01-22 22:03:45 - [TEST_STEP][PASSED] - click(findTestObject("UI/Employee/Care Navigator/Arrow to Write")): Object: 'Object Repository/UI/Employee/Care Navigator/Arrow to Write' is clicked on

2019-01-22 22:03:45 - [MESSAGE][PASSED] - Object: 'Object Repository/UI/Employee/Care Navigator/Arrow to Write' is clicked on

2019-01-22 22:03:45 - [TEST_STEP][PASSED] - setText(findTestObject("UI/Employee/Care Navigator/input"), "Schedule"): Text 'Schedule' is set on object 'Object Repository/UI/Employee/Care Navigator/input'

2019-01-22 22:03:45 - [MESSAGE][PASSED] - Text 'Schedule' is set on object 'Object Repository/UI/Employee/Care Navigator/input'

2019-01-22 22:03:45 - [TEST_STEP][PASSED] - delay(1): Delayed 1 second(s)

2019-01-22 22:03:46 - [MESSAGE][PASSED] - Delayed 1 second(s)

2019-01-22 22:03:46 - [TEST_STEP][PASSED] - sendKeys(findTestObject("UI/Employee/Care Navigator/input"), Keys.chord(ENTER)): Keys 'ENTER + ' sent to object: 'Object Repository/UI/Employee/Care Navigator/input'

2019-01-22 22:03:46 - [MESSAGE][PASSED] - Keys 'ENTER + ' sent to object: 'Object Repository/UI/Employee/Care Navigator/input'

2019-01-22 22:03:46 - [TEST_STEP][PASSED] - delay(1): Delayed 1 second(s)

2019-01-22 22:03:47 - [MESSAGE][PASSED] - Delayed 1 second(s)

2019-01-22 22:03:47 - [TEST_STEP][PASSED] - click(findTestObject("UI/Employee/Care Navigator/td_4. Scheduled")): Object: 'Object Repository/UI/Employee/Care Navigator/td_4. Scheduled' is clicked on

2019-01-22 22:03:47 - [MESSAGE][PASSED] - Object: 'Object Repository/UI/Employee/Care Navigator/td_4. Scheduled' is clicked on

2019-01-22 22:03:47 - [TEST_STEP][PASSED] - click(findTestObject("UI/Employee/Care Navigator/td_4. Scheduled")): Object: 'Object Repository/UI/Employee/Care Navigator/td_4. Scheduled' is clicked on

2019-01-22 22:03:47 - [MESSAGE][PASSED] - Object: 'Object Repository/UI/Employee/Care Navigator/td_4. Scheduled' is clicked on

2019-01-22 22:03:47 - [TEST_STEP][PASSED] - click(findTestObject("UI/Employee/Care Navigator/td_4. Scheduled")): Object: 'Object Repository/UI/Employee/Care Navigator/td_4. Scheduled' is clicked on

2019-01-22 22:03:47 - [MESSAGE][PASSED] - Object: 'Object Repository/UI/Employee/Care Navigator/td_4. Scheduled' is clicked on

2019-01-22 22:03:47 - [TEST_STEP][PASSED] - click(findTestObject("UI/Employee/Care Navigator/td_4. Scheduled")): Object: 'Object Repository/UI/Employee/Care Navigator/td_4. Scheduled' is clicked on

2019-01-22 22:03:47 - [MESSAGE][PASSED] - Object: 'Object Repository/UI/Employee/Care Navigator/td_4. Scheduled' is clicked on

2019-01-22 22:03:47 - [TEST_STEP][PASSED] - click(findTestObject("UI/Employee/Care Navigator/td_4. Scheduled")): Object: 'Object Repository/UI/Employee/Care Navigator/td_4. Scheduled' is clicked on

2019-01-22 22:03:47 - [MESSAGE][PASSED] - Object: 'Object Repository/UI/Employee/Care Navigator/td_4. Scheduled' is clicked on

2019-01-22 22:03:47 - [TEST_STEP][PASSED] - click(findTestObject("UI/Employee/Care Navigator/Arrow to Write")): Object: 'Object Repository/UI/Employee/Care Navigator/Arrow to Write' is clicked on

2019-01-22 22:03:47 - [MESSAGE][PASSED] - Object: 'Object Repository/UI/Employee/Care Navigator/Arrow to Write' is clicked on

2019-01-22 22:03:47 - [TEST_STEP][PASSED] - delay(2): Delayed 2 second(s)

2019-01-22 22:03:49 - [MESSAGE][PASSED] - Delayed 2 second(s)

2019-01-22 22:03:49 - [TEST_STEP][PASSED] - setText(findTestObject("UI/Employee/Care Navigator/input_Results_form-control inp_13"), "The Benefit Group"): Text 'The Benefit Group' is set on object 'Object Repository/UI/Employee/Care Navigator/input_Results_form-control inp_13'

2019-01-22 22:03:50 - [MESSAGE][PASSED] - Text 'The Benefit Group' is set on object 'Object Repository/UI/Employee/Care Navigator/input_Results_form-control inp_13'

2019-01-22 22:03:50 - [TEST_STEP][PASSED] - driver = getWebDriver(): null

2019-01-22 22:03:50 - [TEST_STEP][PASSED] - delay(1): Delayed 1 second(s)

2019-01-22 22:03:51 - [MESSAGE][PASSED] - Delayed 1 second(s)

2019-01-22 22:03:51 - [TEST_STEP][PASSED] - stage = xpath("//*[@id="DataTable6"]/tbody/tr[1]/td[2]")).getText(): null

2019-01-22 22:03:51 - [TEST_STEP][PASSED] - CurrentStatus = xpath("//*[@id="DataTable6"]/tbody/tr[1]/td[3]")).getText(): null

2019-01-22 22:03:51 - [TEST_STEP][PASSED] - Followup = xpath("//*[@id="DataTable6"]/tbody/tr[1]/td[4]")).getText(): null

2019-01-22 22:03:51 - [TEST_STEP][PASSED] - Patient = xpath("//*[@id="DataTable6"]/tbody/tr[1]/td[5]")).getText(): null

2019-01-22 22:03:51 - [TEST_STEP][PASSED] - Client = xpath("//*[@id="DataTable6"]/tbody/tr[1]/td[6]")).getText(): null

2019-01-22 22:03:51 - [TEST_STEP][PASSED] - Group = xpath("//*[@id="DataTable6"]/tbody/tr[1]/td[7]")).getText(): null

2019-01-22 22:03:51 - [TEST_STEP][PASSED] - click(findTestObject("UI/Employee/Care Navigator/a_1477")): Object: 'Object Repository/UI/Employee/Care Navigator/a_1477' is clicked on

2019-01-22 22:03:51 - [MESSAGE][PASSED] - Object: 'Object Repository/UI/Employee/Care Navigator/a_1477' is clicked on

2019-01-22 22:03:51 - [TEST_STEP][PASSED] - click(findTestObject("UI/Employee/Care Navigator/a_Connex Events")): Object: 'Object Repository/UI/Employee/Care Navigator/a_Connex Events' is clicked on

2019-01-22 22:03:51 - [MESSAGE][PASSED] - Object: 'Object Repository/UI/Employee/Care Navigator/a_Connex Events' is clicked on

2019-01-22 22:03:51 - [TEST_STEP][PASSED] - Patient2 = xpath("//*[@id="content"]/div/div/div/div[3]/div/div[1]/div[1]/h1")).getText(): null

2019-01-22 22:03:51 - [TEST_STEP][PASSED] - Client2 = xpath("//*[@id="patientProfileTab"]/div/div[1]/p/strong")).getText(): null

2019-01-22 22:03:51 - [TEST_STEP][PASSED] - Group2 = xpath("//*[@id="patientProfileTab"]/div/div[2]/p/strong")).getText(): null

2019-01-22 22:03:51 - [TEST_STEP][PASSED] - Client2.contains(Client): null

2019-01-22 22:03:51 - [TEST_STEP][PASSED] - Patient2.contains(Patient): null

2019-01-22 22:03:51 - [TEST_STEP][PASSED] - Group2.contains(Group): null

2019-01-22 22:03:51 - [TEST_STEP][PASSED] - click(findTestObject("UI/Employee/Care Navigator/label_Client")): Object: 'Object Repository/UI/Employee/Care Navigator/label_Client' is clicked on

2019-01-22 22:03:51 - [MESSAGE][PASSED] - Object: 'Object Repository/UI/Employee/Care Navigator/label_Client' is clicked on

2019-01-22 22:03:51 - [TEST_STEP][PASSED] - delay(1): Delayed 1 second(s)

2019-01-22 22:03:52 - [MESSAGE][PASSED] - Delayed 1 second(s)

2019-01-22 22:03:52 - [TEST_STEP][PASSED] - click(findTestObject("UI/Employee/Care Navigator/strong_The Benefit Group")): Object: 'Object Repository/UI/Employee/Care Navigator/strong_The Benefit Group' is clicked on

2019-01-22 22:03:52 - [MESSAGE][PASSED] - Object: 'Object Repository/UI/Employee/Care Navigator/strong_The Benefit Group' is clicked on

2019-01-22 22:03:52 - [TEST_STEP][PASSED] - delay(1): Delayed 1 second(s)

2019-01-22 22:03:53 - [MESSAGE][PASSED] - Delayed 1 second(s)

2019-01-22 22:03:53 - [TEST_STEP][PASSED] - click(findTestObject("UI/Employee/Care Navigator/label_Phone")): Object: 'Object Repository/UI/Employee/Care Navigator/label_Phone' is clicked on

2019-01-22 22:03:54 - [MESSAGE][PASSED] - Object: 'Object Repository/UI/Employee/Care Navigator/label_Phone' is clicked on

2019-01-22 22:03:54 - [TEST_STEP][PASSED] - click(findTestObject("UI/Employee/Care Navigator/strong_(582) 555-4747")): Object: 'Object Repository/UI/Employee/Care Navigator/strong_(582) 555-4747' is clicked on

2019-01-22 22:03:54 - [MESSAGE][PASSED] - Object: 'Object Repository/UI/Employee/Care Navigator/strong_(582) 555-4747' is clicked on

2019-01-22 22:03:54 - [TEST_STEP][PASSED] - click(findTestObject("UI/Employee/Care Navigator/label_Client Group")): Object: 'Object Repository/UI/Employee/Care Navigator/label_Client Group' is clicked on

2019-01-22 22:03:54 - [MESSAGE][PASSED] - Object: 'Object Repository/UI/Employee/Care Navigator/label_Client Group' is clicked on

2019-01-22 22:03:54 - [TEST_STEP][PASSED] - click(findTestObject("UI/Employee/Care Navigator/strong_PeopleServices Inc. (RB")): Object: 'Object Repository/UI/Employee/Care Navigator/strong_PeopleServices Inc. (RB' is clicked on

2019-01-22 22:03:54 - [MESSAGE][PASSED] - Object: 'Object Repository/UI/Employee/Care Navigator/strong_PeopleServices Inc. (RB' is clicked on

2019-01-22 22:03:54 - [TEST_STEP][PASSED] - click(findTestObject("UI/Employee/Care Navigator/label_Email")): Object: 'Object Repository/UI/Employee/Care Navigator/label_Email' is clicked on

2019-01-22 22:03:54 - [MESSAGE][PASSED] - Object: 'Object Repository/UI/Employee/Care Navigator/label_Email' is clicked on

2019-01-22 22:03:54 - [TEST_STEP][PASSED] - click(findTestObject("UI/Employee/Care Navigator/a_nothingnobody.com")): Object: 'Object Repository/UI/Employee/Care Navigator/a_nothingnobody.com' is clicked on

2019-01-22 22:03:54 - [MESSAGE][PASSED] - Object: 'Object Repository/UI/Employee/Care Navigator/a_nothingnobody.com' is clicked on

2019-01-22 22:03:54 - [TEST_STEP][PASSED] - click(findTestObject("UI/Employee/Care Navigator/label_Date of Birth")): Object: 'Object Repository/UI/Employee/Care Navigator/label_Date of Birth' is clicked on

2019-01-22 22:03:54 - [MESSAGE][PASSED] - Object: 'Object Repository/UI/Employee/Care Navigator/label_Date of Birth' is clicked on

2019-01-22 22:03:54 - [TEST_STEP][PASSED] - delay(1): Delayed 1 second(s)

2019-01-22 22:03:55 - [MESSAGE][PASSED] - Delayed 1 second(s)

2019-01-22 22:03:55 - [TEST_STEP][PASSED] - click(findTestObject("UI/Employee/Care Navigator/strong_10091946")): Object: 'Object Repository/UI/Employee/Care Navigator/strong_10091946' is clicked on

2019-01-22 22:03:55 - [MESSAGE][PASSED] - Object: 'Object Repository/UI/Employee/Care Navigator/strong_10091946' is clicked on

2019-01-22 22:03:55 - [TEST_STEP][PASSED] - delay(1): Delayed 1 second(s)

2019-01-22 22:03:56 - [MESSAGE][PASSED] - Delayed 1 second(s)

2019-01-22 22:03:56 - [TEST_STEP][PASSED] - click(findTestObject("UI/Employee/Care Navigator/i_Showing 0 to 0 of 0 entries_")): Object: 'Object Repository/UI/Employee/Care Navigator/i_Showing 0 to 0 of 0 entries_' is clicked on

2019-01-22 22:03:56 - [MESSAGE][PASSED] - Object: 'Object Repository/UI/Employee/Care Navigator/i_Showing 0 to 0 of 0 entries_' is clicked on

2019-01-22 22:03:56 - [TEST_STEP][PASSED] - delay(1): Delayed 1 second(s)

2019-01-22 22:03:57 - [MESSAGE][PASSED] - Delayed 1 second(s)

2019-01-22 22:03:57 - [TEST_STEP][PASSED] - click(findTestObject("UI/Employee/Care Navigator/a_Other")): Object: 'Object Repository/UI/Employee/Care Navigator/a_Other' is clicked on

2019-01-22 22:03:57 - [MESSAGE][PASSED] - Object: 'Object Repository/UI/Employee/Care Navigator/a_Other' is clicked on

2019-01-22 22:03:57 - [TEST_STEP][PASSED] - click(findTestObject("UI/Employee/Care Navigator/label_Note")): Object: 'Object Repository/UI/Employee/Care Navigator/label_Note' is clicked on

2019-01-22 22:03:57 - [MESSAGE][PASSED] - Object: 'Object Repository/UI/Employee/Care Navigator/label_Note' is clicked on

2019-01-22 22:03:57 - [TEST_STEP][PASSED] - click(findTestObject("UI/Employee/Care Navigator/label_Current Status")): Object: 'Object Repository/UI/Employee/Care Navigator/label_Current Status' is clicked on

2019-01-22 22:03:57 - [MESSAGE][PASSED] - Object: 'Object Repository/UI/Employee/Care Navigator/label_Current Status' is clicked on

2019-01-22 22:03:57 - [TEST_STEP][PASSED] - click(findTestObject("UI/Employee/Care Navigator/label_Follow-up")): Object: 'Object Repository/UI/Employee/Care Navigator/label_Follow-up' is clicked on

2019-01-22 22:03:58 - [MESSAGE][PASSED] - Object: 'Object Repository/UI/Employee/Care Navigator/label_Follow-up' is clicked on

2019-01-22 22:03:58 - [TEST_STEP][PASSED] - setText(findTestObject("UI/Employee/Care Navigator/textarea_Test automation"), "Test automation"): Text 'Test automation' is set on object 'Object Repository/UI/Employee/Care Navigator/textarea_Test automation'

2019-01-22 22:03:58 - [MESSAGE][PASSED] - Text 'Test automation' is set on object 'Object Repository/UI/Employee/Care Navigator/textarea_Test automation'

2019-01-22 22:03:58 - [TEST_STEP][PASSED] - selectOptionByValue(findTestObject("UI/Employee/Care Navigator/select_1 In Review2. Locating"), "10", true): All options with value '10' are selected in object 'Object Repository/UI/Employee/Care Navigator/select_1 In Review2. Locating'  using regular expression

2019-01-22 22:03:58 - [MESSAGE][PASSED] - All options with value '10' are selected in object 'Object Repository/UI/Employee/Care Navigator/select_1 In Review2. Locating'  using regular expression

2019-01-22 22:03:58 - [TEST_STEP][PASSED] - selectOptionByValue(findTestObject("UI/Employee/Care Navigator/select_Gathering InformationVe"), "7", true): All options with value '7' are selected in object 'Object Repository/UI/Employee/Care Navigator/select_Gathering InformationVe'  using regular expression

2019-01-22 22:03:58 - [MESSAGE][PASSED] - All options with value '7' are selected in object 'Object Repository/UI/Employee/Care Navigator/select_Gathering InformationVe'  using regular expression

2019-01-22 22:03:58 - [TEST_STEP][PASSED] - delay(2): Delayed 2 second(s)

2019-01-22 22:04:00 - [MESSAGE][PASSED] - Delayed 2 second(s)

2019-01-22 22:04:00 - [TEST_STEP][PASSED] - click(findTestObject("UI/Employee/Care Navigator/div_Follow-upJanuary 2019SunMo")): Object: 'Object Repository/UI/Employee/Care Navigator/div_Follow-upJanuary 2019SunMo' is clicked on

2019-01-22 22:04:00 - [MESSAGE][PASSED] - Object: 'Object Repository/UI/Employee/Care Navigator/div_Follow-upJanuary 2019SunMo' is clicked on

2019-01-22 22:04:00 - [TEST_STEP][PASSED] - setText(findTestObject("UI/Employee/Care Navigator/Calendar"), "12/12/2020"): Text '12/12/2020' is set on object 'Object Repository/UI/Employee/Care Navigator/Calendar'

2019-01-22 22:04:00 - [MESSAGE][PASSED] - Text '12/12/2020' is set on object 'Object Repository/UI/Employee/Care Navigator/Calendar'

2019-01-22 22:04:00 - [TEST_STEP][PASSED] - setText(findTestObject("UI/Employee/Care Navigator/input_Follow-up_form-control f"), "12/12/2020"): Text '12/12/2020' is set on object 'Object Repository/UI/Employee/Care Navigator/input_Follow-up_form-control f'

2019-01-22 22:04:01 - [MESSAGE][PASSED] - Text '12/12/2020' is set on object 'Object Repository/UI/Employee/Care Navigator/input_Follow-up_form-control f'

2019-01-22 22:04:01 - [TEST_STEP][PASSED] - click(findTestObject("UI/Employee/Care Navigator/div_Stage1 In Review2. Locatin")): Object: 'Object Repository/UI/Employee/Care Navigator/div_Stage1 In Review2. Locatin' is clicked on

2019-01-22 22:04:01 - [MESSAGE][PASSED] - Object: 'Object Repository/UI/Employee/Care Navigator/div_Stage1 In Review2. Locatin' is clicked on

2019-01-22 22:04:01 - [TEST_STEP][PASSED] - delay(1): Delayed 1 second(s)

2019-01-22 22:04:02 - [MESSAGE][PASSED] - Delayed 1 second(s)

2019-01-22 22:04:02 - [TEST_STEP][PASSED] - click(findTestObject("UI/Employee/Care Navigator/button_Save")): Object: 'Object Repository/UI/Employee/Care Navigator/button_Save' is clicked on

2019-01-22 22:04:02 - [MESSAGE][PASSED] - Object: 'Object Repository/UI/Employee/Care Navigator/button_Save' is clicked on

2019-01-22 22:04:02 - [TEST_STEP][PASSED] - delay(1): Delayed 1 second(s)

2019-01-22 22:04:03 - [MESSAGE][PASSED] - Delayed 1 second(s)

2019-01-22 22:04:03 - [TEST_STEP][PASSED] - setText(findTestObject("UI/Employee/Care Navigator/input_Transfer Provider Call_f"), "other"): Text 'other' is set on object 'Object Repository/UI/Employee/Care Navigator/input_Transfer Provider Call_f'

2019-01-22 22:04:03 - [MESSAGE][PASSED] - Text 'other' is set on object 'Object Repository/UI/Employee/Care Navigator/input_Transfer Provider Call_f'

2019-01-22 22:04:03 - [TEST_STEP][PASSED] - sendKeys(findTestObject("UI/Employee/Care Navigator/input_Transfer Provider Call_f"), Keys.chord(ENTER)): Keys 'ENTER + ' sent to object: 'Object Repository/UI/Employee/Care Navigator/input_Transfer Provider Call_f'

2019-01-22 22:04:03 - [MESSAGE][PASSED] - Keys 'ENTER + ' sent to object: 'Object Repository/UI/Employee/Care Navigator/input_Transfer Provider Call_f'

2019-01-22 22:04:03 - [TEST_STEP][PASSED] - click(findTestObject("UI/Employee/Care Navigator/td_Other")): Object: 'Object Repository/UI/Employee/Care Navigator/td_Other' is clicked on

2019-01-22 22:04:03 - [MESSAGE][PASSED] - Object: 'Object Repository/UI/Employee/Care Navigator/td_Other' is clicked on

2019-01-22 22:04:03 - [TEST_STEP][PASSED] - click(findTestObject("UI/Employee/Care Navigator/span_2. Locating Facility")): Object: 'Object Repository/UI/Employee/Care Navigator/span_2. Locating Facility' is clicked on

2019-01-22 22:04:03 - [MESSAGE][PASSED] - Object: 'Object Repository/UI/Employee/Care Navigator/span_2. Locating Facility' is clicked on

2019-01-22 22:04:03 - [TEST_STEP][PASSED] - closeBrowser(): Browser is closed

2019-01-22 22:04:04 - [MESSAGE][PASSED] - Browser is closed]]></system-out>
         <system-err><![CDATA[]]></system-err>
      </testcase>
      <testcase name="Test Cases/UI/Employee/Client Selector/Client selector - Filter works correctly" classname="Test Cases/UI/Employee/Client Selector/Client selector - Filter works correctly" status="FAILED">
         <failure type="FAILED" message="Test Cases/UI/Employee/Client Selector/Client selector - Filter works correctly FAILED.
Reason:
com.kms.katalon.core.exception.StepFailedException: Unable to click on object 'Object Repository/UI/Employee/Client Selector/span_ClientsMenu' (Root cause: com.kms.katalon.core.webui.exception.BrowserNotOpenedException: Browser is not opened
Build info: version: '3.7.1', revision: '8a0099a', time: '2017-11-06T21:07:36.161Z'
System info: host: 'TDG-MBL-MTY0359', ip: '192.168.1.97', os.name: 'Windows 10', os.arch: 'amd64', os.version: '10.0', java.version: '1.8.0_181'
Driver info: driver.version: unknown)
	at com.kms.katalon.core.keyword.internal.KeywordMain.stepFailed(KeywordMain.groovy:32)
	at com.kms.katalon.core.webui.keyword.internal.WebUIKeywordMain.stepFailed(WebUIKeywordMain.groovy:65)
	at com.kms.katalon.core.webui.keyword.internal.WebUIKeywordMain.runKeyword(WebUIKeywordMain.groovy:27)
	at com.kms.katalon.core.webui.keyword.builtin.ClickKeyword.click(ClickKeyword.groovy:86)
	at com.kms.katalon.core.webui.keyword.builtin.ClickKeyword.execute(ClickKeyword.groovy:67)
	at com.kms.katalon.core.keyword.internal.KeywordExecutor.executeKeywordForPlatform(KeywordExecutor.groovy:53)
	at com.kms.katalon.core.webui.keyword.WebUiBuiltInKeywords.click(WebUiBuiltInKeywords.groovy:604)
	at com.kms.katalon.core.webui.keyword.WebUiBuiltInKeywords$click$18.call(Unknown Source)
	at Client selector - Filter works correctly.run(Client selector - Filter works correctly:16)
	at com.kms.katalon.core.main.ScriptEngine.run(ScriptEngine.java:194)
	at com.kms.katalon.core.main.ScriptEngine.runScriptAsRawText(ScriptEngine.java:119)
	at com.kms.katalon.core.main.TestCaseExecutor.runScript(TestCaseExecutor.java:328)
	at com.kms.katalon.core.main.TestCaseExecutor.doExecute(TestCaseExecutor.java:319)
	at com.kms.katalon.core.main.TestCaseExecutor.processExecutionPhase(TestCaseExecutor.java:298)
	at com.kms.katalon.core.main.TestCaseExecutor.accessMainPhase(TestCaseExecutor.java:290)
	at com.kms.katalon.core.main.TestCaseExecutor.execute(TestCaseExecutor.java:224)
	at com.kms.katalon.core.main.TestSuiteExecutor.accessTestCaseMainPhase(TestSuiteExecutor.java:129)
	at com.kms.katalon.core.main.TestSuiteExecutor.accessTestSuiteMainPhase(TestSuiteExecutor.java:112)
	at com.kms.katalon.core.main.TestSuiteExecutor.execute(TestSuiteExecutor.java:81)
	at com.kms.katalon.core.main.TestCaseMain.startTestSuite(TestCaseMain.java:149)
	at com.kms.katalon.core.main.TestCaseMain$startTestSuite$0.call(Unknown Source)
	at TempTestSuite1548215797467.run(TempTestSuite1548215797467.groovy:36)
"/>
         <system-out><![CDATA[2019-01-22 22:04:04 - [TEST_CASE][FAILED] - Test Cases/UI/Employee/Client Selector/Client selector - Filter works correctly: Test Cases/UI/Employee/Client Selector/Client selector - Filter works correctly FAILED.
Reason:
com.kms.katalon.core.exception.StepFailedException: Unable to click on object 'Object Repository/UI/Employee/Client Selector/span_ClientsMenu' (Root cause: com.kms.katalon.core.webui.exception.BrowserNotOpenedException: Browser is not opened
Build info: version: '3.7.1', revision: '8a0099a', time: '2017-11-06T21:07:36.161Z'
System info: host: 'TDG-MBL-MTY0359', ip: '192.168.1.97', os.name: 'Windows 10', os.arch: 'amd64', os.version: '10.0', java.version: '1.8.0_181'
Driver info: driver.version: unknown)
	at com.kms.katalon.core.keyword.internal.KeywordMain.stepFailed(KeywordMain.groovy:32)
	at com.kms.katalon.core.webui.keyword.internal.WebUIKeywordMain.stepFailed(WebUIKeywordMain.groovy:65)
	at com.kms.katalon.core.webui.keyword.internal.WebUIKeywordMain.runKeyword(WebUIKeywordMain.groovy:27)
	at com.kms.katalon.core.webui.keyword.builtin.ClickKeyword.click(ClickKeyword.groovy:86)
	at com.kms.katalon.core.webui.keyword.builtin.ClickKeyword.execute(ClickKeyword.groovy:67)
	at com.kms.katalon.core.keyword.internal.KeywordExecutor.executeKeywordForPlatform(KeywordExecutor.groovy:53)
	at com.kms.katalon.core.webui.keyword.WebUiBuiltInKeywords.click(WebUiBuiltInKeywords.groovy:604)
	at com.kms.katalon.core.webui.keyword.WebUiBuiltInKeywords$click$18.call(Unknown Source)
	at Client selector - Filter works correctly.run(Client selector - Filter works correctly:16)
	at com.kms.katalon.core.main.ScriptEngine.run(ScriptEngine.java:194)
	at com.kms.katalon.core.main.ScriptEngine.runScriptAsRawText(ScriptEngine.java:119)
	at com.kms.katalon.core.main.TestCaseExecutor.runScript(TestCaseExecutor.java:328)
	at com.kms.katalon.core.main.TestCaseExecutor.doExecute(TestCaseExecutor.java:319)
	at com.kms.katalon.core.main.TestCaseExecutor.processExecutionPhase(TestCaseExecutor.java:298)
	at com.kms.katalon.core.main.TestCaseExecutor.accessMainPhase(TestCaseExecutor.java:290)
	at com.kms.katalon.core.main.TestCaseExecutor.execute(TestCaseExecutor.java:224)
	at com.kms.katalon.core.main.TestSuiteExecutor.accessTestCaseMainPhase(TestSuiteExecutor.java:129)
	at com.kms.katalon.core.main.TestSuiteExecutor.accessTestSuiteMainPhase(TestSuiteExecutor.java:112)
	at com.kms.katalon.core.main.TestSuiteExecutor.execute(TestSuiteExecutor.java:81)
	at com.kms.katalon.core.main.TestCaseMain.startTestSuite(TestCaseMain.java:149)
	at com.kms.katalon.core.main.TestCaseMain$startTestSuite$0.call(Unknown Source)
	at TempTestSuite1548215797467.run(TempTestSuite1548215797467.groovy:36)


2019-01-22 22:04:04 - [TEST_STEP][FAILED] - click(findTestObject("UI/Employee/Client Selector/span_ClientsMenu"), CONTINUE_ON_FAILURE): Unable to click on object 'Object Repository/UI/Employee/Client Selector/span_ClientsMenu' (Root cause: com.kms.katalon.core.webui.exception.BrowserNotOpenedException: Browser is not opened
Build info: version: '3.7.1', revision: '8a0099a', time: '2017-11-06T21:07:36.161Z'
System info: host: 'TDG-MBL-MTY0359', ip: '192.168.1.97', os.name: 'Windows 10', os.arch: 'amd64', os.version: '10.0', java.version: '1.8.0_181'
Driver info: driver.version: unknown)

2019-01-22 22:04:04 - [MESSAGE][WARNING] - Cannot take screenshot

2019-01-22 22:04:04 - [MESSAGE][FAILED] - Unable to click on object 'Object Repository/UI/Employee/Client Selector/span_ClientsMenu' (Root cause: com.kms.katalon.core.webui.exception.BrowserNotOpenedException: Browser is not opened
Build info: version: '3.7.1', revision: '8a0099a', time: '2017-11-06T21:07:36.161Z'
System info: host: 'TDG-MBL-MTY0359', ip: '192.168.1.97', os.name: 'Windows 10', os.arch: 'amd64', os.version: '10.0', java.version: '1.8.0_181'
Driver info: driver.version: unknown)

2019-01-22 22:04:04 - [TEST_STEP][FAILED] - waitForElementPresent(findTestObject("UI/Employee/Client Selector/h1_ClientsTitle"), 5): waitForElementPresent(findTestObject("UI/Employee/Client Selector/h1_ClientsTitle"), 5) FAILED.
Reason:
com.kms.katalon.core.exception.StepFailedException: Unable to click on object 'Object Repository/UI/Employee/Client Selector/span_ClientsMenu' (Root cause: com.kms.katalon.core.webui.exception.BrowserNotOpenedException: Browser is not opened
Build info: version: '3.7.1', revision: '8a0099a', time: '2017-11-06T21:07:36.161Z'
System info: host: 'TDG-MBL-MTY0359', ip: '192.168.1.97', os.name: 'Windows 10', os.arch: 'amd64', os.version: '10.0', java.version: '1.8.0_181'
Driver info: driver.version: unknown)
	at com.kms.katalon.core.keyword.internal.KeywordMain.stepFailed(KeywordMain.groovy:32)
	at com.kms.katalon.core.webui.keyword.internal.WebUIKeywordMain.stepFailed(WebUIKeywordMain.groovy:65)
	at com.kms.katalon.core.webui.keyword.internal.WebUIKeywordMain.runKeyword(WebUIKeywordMain.groovy:27)
	at com.kms.katalon.core.webui.keyword.builtin.ClickKeyword.click(ClickKeyword.groovy:86)
	at com.kms.katalon.core.webui.keyword.builtin.ClickKeyword.execute(ClickKeyword.groovy:67)
	at com.kms.katalon.core.keyword.internal.KeywordExecutor.executeKeywordForPlatform(KeywordExecutor.groovy:53)
	at com.kms.katalon.core.webui.keyword.WebUiBuiltInKeywords.click(WebUiBuiltInKeywords.groovy:604)
	at com.kms.katalon.core.webui.keyword.WebUiBuiltInKeywords$click$18.call(Unknown Source)
	at Client selector - Filter works correctly.run(Client selector - Filter works correctly:16)
	at com.kms.katalon.core.main.ScriptEngine.run(ScriptEngine.java:194)
	at com.kms.katalon.core.main.ScriptEngine.runScriptAsRawText(ScriptEngine.java:119)
	at com.kms.katalon.core.main.TestCaseExecutor.runScript(TestCaseExecutor.java:328)
	at com.kms.katalon.core.main.TestCaseExecutor.doExecute(TestCaseExecutor.java:319)
	at com.kms.katalon.core.main.TestCaseExecutor.processExecutionPhase(TestCaseExecutor.java:298)
	at com.kms.katalon.core.main.TestCaseExecutor.accessMainPhase(TestCaseExecutor.java:290)
	at com.kms.katalon.core.main.TestCaseExecutor.execute(TestCaseExecutor.java:224)
	at com.kms.katalon.core.main.TestSuiteExecutor.accessTestCaseMainPhase(TestSuiteExecutor.java:129)
	at com.kms.katalon.core.main.TestSuiteExecutor.accessTestSuiteMainPhase(TestSuiteExecutor.java:112)
	at com.kms.katalon.core.main.TestSuiteExecutor.execute(TestSuiteExecutor.java:81)
	at com.kms.katalon.core.main.TestCaseMain.startTestSuite(TestCaseMain.java:149)
	at com.kms.katalon.core.main.TestCaseMain$startTestSuite$0.call(Unknown Source)
	at TempTestSuite1548215797467.run(TempTestSuite1548215797467.groovy:36)


2019-01-22 22:04:04 - [MESSAGE][WARNING] - Cannot take screenshot

2019-01-22 22:04:04 - [MESSAGE][FAILED] - Unable to wait for object 'Object Repository/UI/Employee/Client Selector/h1_ClientsTitle' to be present (Root cause: com.kms.katalon.core.webui.exception.BrowserNotOpenedException: Browser is not opened
Build info: version: '3.7.1', revision: '8a0099a', time: '2017-11-06T21:07:36.161Z'
System info: host: 'TDG-MBL-MTY0359', ip: '192.168.1.97', os.name: 'Windows 10', os.arch: 'amd64', os.version: '10.0', java.version: '1.8.0_181'
Driver info: driver.version: unknown)

2019-01-22 22:04:04 - [MESSAGE][FAILED] - waitForElementPresent(findTestObject("UI/Employee/Client Selector/h1_ClientsTitle"), 5) FAILED.
Reason:
com.kms.katalon.core.exception.StepFailedException: Unable to click on object 'Object Repository/UI/Employee/Client Selector/span_ClientsMenu' (Root cause: com.kms.katalon.core.webui.exception.BrowserNotOpenedException: Browser is not opened
Build info: version: '3.7.1', revision: '8a0099a', time: '2017-11-06T21:07:36.161Z'
System info: host: 'TDG-MBL-MTY0359', ip: '192.168.1.97', os.name: 'Windows 10', os.arch: 'amd64', os.version: '10.0', java.version: '1.8.0_181'
Driver info: driver.version: unknown)
	at com.kms.katalon.core.keyword.internal.KeywordMain.stepFailed(KeywordMain.groovy:32)
	at com.kms.katalon.core.webui.keyword.internal.WebUIKeywordMain.stepFailed(WebUIKeywordMain.groovy:65)
	at com.kms.katalon.core.webui.keyword.internal.WebUIKeywordMain.runKeyword(WebUIKeywordMain.groovy:27)
	at com.kms.katalon.core.webui.keyword.builtin.ClickKeyword.click(ClickKeyword.groovy:86)
	at com.kms.katalon.core.webui.keyword.builtin.ClickKeyword.execute(ClickKeyword.groovy:67)
	at com.kms.katalon.core.keyword.internal.KeywordExecutor.executeKeywordForPlatform(KeywordExecutor.groovy:53)
	at com.kms.katalon.core.webui.keyword.WebUiBuiltInKeywords.click(WebUiBuiltInKeywords.groovy:604)
	at com.kms.katalon.core.webui.keyword.WebUiBuiltInKeywords$click$18.call(Unknown Source)
	at Client selector - Filter works correctly.run(Client selector - Filter works correctly:16)
	at com.kms.katalon.core.main.ScriptEngine.run(ScriptEngine.java:194)
	at com.kms.katalon.core.main.ScriptEngine.runScriptAsRawText(ScriptEngine.java:119)
	at com.kms.katalon.core.main.TestCaseExecutor.runScript(TestCaseExecutor.java:328)
	at com.kms.katalon.core.main.TestCaseExecutor.doExecute(TestCaseExecutor.java:319)
	at com.kms.katalon.core.main.TestCaseExecutor.processExecutionPhase(TestCaseExecutor.java:298)
	at com.kms.katalon.core.main.TestCaseExecutor.accessMainPhase(TestCaseExecutor.java:290)
	at com.kms.katalon.core.main.TestCaseExecutor.execute(TestCaseExecutor.java:224)
	at com.kms.katalon.core.main.TestSuiteExecutor.accessTestCaseMainPhase(TestSuiteExecutor.java:129)
	at com.kms.katalon.core.main.TestSuiteExecutor.accessTestSuiteMainPhase(TestSuiteExecutor.java:112)
	at com.kms.katalon.core.main.TestSuiteExecutor.execute(TestSuiteExecutor.java:81)
	at com.kms.katalon.core.main.TestCaseMain.startTestSuite(TestCaseMain.java:149)
	at com.kms.katalon.core.main.TestCaseMain$startTestSuite$0.call(Unknown Source)
	at TempTestSuite1548215797467.run(TempTestSuite1548215797467.groovy:36)]]></system-out>
         <system-err><![CDATA[2019-01-22 22:04:04 - [TEST_CASE][FAILED] - Test Cases/UI/Employee/Client Selector/Client selector - Filter works correctly: Test Cases/UI/Employee/Client Selector/Client selector - Filter works correctly FAILED.
Reason:
com.kms.katalon.core.exception.StepFailedException: Unable to click on object 'Object Repository/UI/Employee/Client Selector/span_ClientsMenu' (Root cause: com.kms.katalon.core.webui.exception.BrowserNotOpenedException: Browser is not opened
Build info: version: '3.7.1', revision: '8a0099a', time: '2017-11-06T21:07:36.161Z'
System info: host: 'TDG-MBL-MTY0359', ip: '192.168.1.97', os.name: 'Windows 10', os.arch: 'amd64', os.version: '10.0', java.version: '1.8.0_181'
Driver info: driver.version: unknown)
	at com.kms.katalon.core.keyword.internal.KeywordMain.stepFailed(KeywordMain.groovy:32)
	at com.kms.katalon.core.webui.keyword.internal.WebUIKeywordMain.stepFailed(WebUIKeywordMain.groovy:65)
	at com.kms.katalon.core.webui.keyword.internal.WebUIKeywordMain.runKeyword(WebUIKeywordMain.groovy:27)
	at com.kms.katalon.core.webui.keyword.builtin.ClickKeyword.click(ClickKeyword.groovy:86)
	at com.kms.katalon.core.webui.keyword.builtin.ClickKeyword.execute(ClickKeyword.groovy:67)
	at com.kms.katalon.core.keyword.internal.KeywordExecutor.executeKeywordForPlatform(KeywordExecutor.groovy:53)
	at com.kms.katalon.core.webui.keyword.WebUiBuiltInKeywords.click(WebUiBuiltInKeywords.groovy:604)
	at com.kms.katalon.core.webui.keyword.WebUiBuiltInKeywords$click$18.call(Unknown Source)
	at Client selector - Filter works correctly.run(Client selector - Filter works correctly:16)
	at com.kms.katalon.core.main.ScriptEngine.run(ScriptEngine.java:194)
	at com.kms.katalon.core.main.ScriptEngine.runScriptAsRawText(ScriptEngine.java:119)
	at com.kms.katalon.core.main.TestCaseExecutor.runScript(TestCaseExecutor.java:328)
	at com.kms.katalon.core.main.TestCaseExecutor.doExecute(TestCaseExecutor.java:319)
	at com.kms.katalon.core.main.TestCaseExecutor.processExecutionPhase(TestCaseExecutor.java:298)
	at com.kms.katalon.core.main.TestCaseExecutor.accessMainPhase(TestCaseExecutor.java:290)
	at com.kms.katalon.core.main.TestCaseExecutor.execute(TestCaseExecutor.java:224)
	at com.kms.katalon.core.main.TestSuiteExecutor.accessTestCaseMainPhase(TestSuiteExecutor.java:129)
	at com.kms.katalon.core.main.TestSuiteExecutor.accessTestSuiteMainPhase(TestSuiteExecutor.java:112)
	at com.kms.katalon.core.main.TestSuiteExecutor.execute(TestSuiteExecutor.java:81)
	at com.kms.katalon.core.main.TestCaseMain.startTestSuite(TestCaseMain.java:149)
	at com.kms.katalon.core.main.TestCaseMain$startTestSuite$0.call(Unknown Source)
	at TempTestSuite1548215797467.run(TempTestSuite1548215797467.groovy:36)]]></system-err>
      </testcase>
      <testcase name="Test Cases/UI/Employee/Client Selector/Client selector - Search and select an active client" classname="Test Cases/UI/Employee/Client Selector/Client selector - Search and select an active client" status="FAILED">
         <failure type="FAILED" message="Test Cases/UI/Employee/Client Selector/Client selector - Search and select an active client FAILED.
Reason:
com.kms.katalon.core.exception.StepFailedException: Unable to click on object 'Object Repository/UI/Employee/Client Selector/span_ClientsMenu' (Root cause: com.kms.katalon.core.webui.exception.BrowserNotOpenedException: Browser is not opened
Build info: version: '3.7.1', revision: '8a0099a', time: '2017-11-06T21:07:36.161Z'
System info: host: 'TDG-MBL-MTY0359', ip: '192.168.1.97', os.name: 'Windows 10', os.arch: 'amd64', os.version: '10.0', java.version: '1.8.0_181'
Driver info: driver.version: unknown)
	at com.kms.katalon.core.keyword.internal.KeywordMain.stepFailed(KeywordMain.groovy:36)
	at com.kms.katalon.core.webui.keyword.internal.WebUIKeywordMain.stepFailed(WebUIKeywordMain.groovy:65)
	at com.kms.katalon.core.webui.keyword.internal.WebUIKeywordMain.runKeyword(WebUIKeywordMain.groovy:27)
	at com.kms.katalon.core.webui.keyword.builtin.ClickKeyword.click(ClickKeyword.groovy:86)
	at com.kms.katalon.core.webui.keyword.builtin.ClickKeyword.execute(ClickKeyword.groovy:67)
	at com.kms.katalon.core.keyword.internal.KeywordExecutor.executeKeywordForPlatform(KeywordExecutor.groovy:53)
	at com.kms.katalon.core.webui.keyword.WebUiBuiltInKeywords.click(WebUiBuiltInKeywords.groovy:616)
	at com.kms.katalon.core.webui.keyword.WebUiBuiltInKeywords$click$5.call(Unknown Source)
	at Client selector - Search and select an active client.run(Client selector - Search and select an active client:16)
	at com.kms.katalon.core.main.ScriptEngine.run(ScriptEngine.java:194)
	at com.kms.katalon.core.main.ScriptEngine.runScriptAsRawText(ScriptEngine.java:119)
	at com.kms.katalon.core.main.TestCaseExecutor.runScript(TestCaseExecutor.java:328)
	at com.kms.katalon.core.main.TestCaseExecutor.doExecute(TestCaseExecutor.java:319)
	at com.kms.katalon.core.main.TestCaseExecutor.processExecutionPhase(TestCaseExecutor.java:298)
	at com.kms.katalon.core.main.TestCaseExecutor.accessMainPhase(TestCaseExecutor.java:290)
	at com.kms.katalon.core.main.TestCaseExecutor.execute(TestCaseExecutor.java:224)
	at com.kms.katalon.core.main.TestSuiteExecutor.accessTestCaseMainPhase(TestSuiteExecutor.java:129)
	at com.kms.katalon.core.main.TestSuiteExecutor.accessTestSuiteMainPhase(TestSuiteExecutor.java:112)
	at com.kms.katalon.core.main.TestSuiteExecutor.execute(TestSuiteExecutor.java:81)
	at com.kms.katalon.core.main.TestCaseMain.startTestSuite(TestCaseMain.java:149)
	at com.kms.katalon.core.main.TestCaseMain$startTestSuite$0.call(Unknown Source)
	at TempTestSuite1548215797467.run(TempTestSuite1548215797467.groovy:36)
"/>
         <system-out><![CDATA[2019-01-22 22:04:04 - [TEST_CASE][FAILED] - Test Cases/UI/Employee/Client Selector/Client selector - Search and select an active client: Test Cases/UI/Employee/Client Selector/Client selector - Search and select an active client FAILED.
Reason:
com.kms.katalon.core.exception.StepFailedException: Unable to click on object 'Object Repository/UI/Employee/Client Selector/span_ClientsMenu' (Root cause: com.kms.katalon.core.webui.exception.BrowserNotOpenedException: Browser is not opened
Build info: version: '3.7.1', revision: '8a0099a', time: '2017-11-06T21:07:36.161Z'
System info: host: 'TDG-MBL-MTY0359', ip: '192.168.1.97', os.name: 'Windows 10', os.arch: 'amd64', os.version: '10.0', java.version: '1.8.0_181'
Driver info: driver.version: unknown)
	at com.kms.katalon.core.keyword.internal.KeywordMain.stepFailed(KeywordMain.groovy:36)
	at com.kms.katalon.core.webui.keyword.internal.WebUIKeywordMain.stepFailed(WebUIKeywordMain.groovy:65)
	at com.kms.katalon.core.webui.keyword.internal.WebUIKeywordMain.runKeyword(WebUIKeywordMain.groovy:27)
	at com.kms.katalon.core.webui.keyword.builtin.ClickKeyword.click(ClickKeyword.groovy:86)
	at com.kms.katalon.core.webui.keyword.builtin.ClickKeyword.execute(ClickKeyword.groovy:67)
	at com.kms.katalon.core.keyword.internal.KeywordExecutor.executeKeywordForPlatform(KeywordExecutor.groovy:53)
	at com.kms.katalon.core.webui.keyword.WebUiBuiltInKeywords.click(WebUiBuiltInKeywords.groovy:616)
	at com.kms.katalon.core.webui.keyword.WebUiBuiltInKeywords$click$5.call(Unknown Source)
	at Client selector - Search and select an active client.run(Client selector - Search and select an active client:16)
	at com.kms.katalon.core.main.ScriptEngine.run(ScriptEngine.java:194)
	at com.kms.katalon.core.main.ScriptEngine.runScriptAsRawText(ScriptEngine.java:119)
	at com.kms.katalon.core.main.TestCaseExecutor.runScript(TestCaseExecutor.java:328)
	at com.kms.katalon.core.main.TestCaseExecutor.doExecute(TestCaseExecutor.java:319)
	at com.kms.katalon.core.main.TestCaseExecutor.processExecutionPhase(TestCaseExecutor.java:298)
	at com.kms.katalon.core.main.TestCaseExecutor.accessMainPhase(TestCaseExecutor.java:290)
	at com.kms.katalon.core.main.TestCaseExecutor.execute(TestCaseExecutor.java:224)
	at com.kms.katalon.core.main.TestSuiteExecutor.accessTestCaseMainPhase(TestSuiteExecutor.java:129)
	at com.kms.katalon.core.main.TestSuiteExecutor.accessTestSuiteMainPhase(TestSuiteExecutor.java:112)
	at com.kms.katalon.core.main.TestSuiteExecutor.execute(TestSuiteExecutor.java:81)
	at com.kms.katalon.core.main.TestCaseMain.startTestSuite(TestCaseMain.java:149)
	at com.kms.katalon.core.main.TestCaseMain$startTestSuite$0.call(Unknown Source)
	at TempTestSuite1548215797467.run(TempTestSuite1548215797467.groovy:36)


2019-01-22 22:04:04 - [TEST_STEP][FAILED] - click(findTestObject("UI/Employee/Client Selector/span_ClientsMenu")): click(findTestObject("UI/Employee/Client Selector/span_ClientsMenu")) FAILED.
Reason:
com.kms.katalon.core.exception.StepFailedException: Unable to click on object 'Object Repository/UI/Employee/Client Selector/span_ClientsMenu' (Root cause: com.kms.katalon.core.webui.exception.BrowserNotOpenedException: Browser is not opened
Build info: version: '3.7.1', revision: '8a0099a', time: '2017-11-06T21:07:36.161Z'
System info: host: 'TDG-MBL-MTY0359', ip: '192.168.1.97', os.name: 'Windows 10', os.arch: 'amd64', os.version: '10.0', java.version: '1.8.0_181'
Driver info: driver.version: unknown)
	at com.kms.katalon.core.keyword.internal.KeywordMain.stepFailed(KeywordMain.groovy:36)
	at com.kms.katalon.core.webui.keyword.internal.WebUIKeywordMain.stepFailed(WebUIKeywordMain.groovy:65)
	at com.kms.katalon.core.webui.keyword.internal.WebUIKeywordMain.runKeyword(WebUIKeywordMain.groovy:27)
	at com.kms.katalon.core.webui.keyword.builtin.ClickKeyword.click(ClickKeyword.groovy:86)
	at com.kms.katalon.core.webui.keyword.builtin.ClickKeyword.execute(ClickKeyword.groovy:67)
	at com.kms.katalon.core.keyword.internal.KeywordExecutor.executeKeywordForPlatform(KeywordExecutor.groovy:53)
	at com.kms.katalon.core.webui.keyword.WebUiBuiltInKeywords.click(WebUiBuiltInKeywords.groovy:616)
	at com.kms.katalon.core.webui.keyword.WebUiBuiltInKeywords$click$5.call(Unknown Source)
	at Client selector - Search and select an active client.run(Client selector - Search and select an active client:16)
	at com.kms.katalon.core.main.ScriptEngine.run(ScriptEngine.java:194)
	at com.kms.katalon.core.main.ScriptEngine.runScriptAsRawText(ScriptEngine.java:119)
	at com.kms.katalon.core.main.TestCaseExecutor.runScript(TestCaseExecutor.java:328)
	at com.kms.katalon.core.main.TestCaseExecutor.doExecute(TestCaseExecutor.java:319)
	at com.kms.katalon.core.main.TestCaseExecutor.processExecutionPhase(TestCaseExecutor.java:298)
	at com.kms.katalon.core.main.TestCaseExecutor.accessMainPhase(TestCaseExecutor.java:290)
	at com.kms.katalon.core.main.TestCaseExecutor.execute(TestCaseExecutor.java:224)
	at com.kms.katalon.core.main.TestSuiteExecutor.accessTestCaseMainPhase(TestSuiteExecutor.java:129)
	at com.kms.katalon.core.main.TestSuiteExecutor.accessTestSuiteMainPhase(TestSuiteExecutor.java:112)
	at com.kms.katalon.core.main.TestSuiteExecutor.execute(TestSuiteExecutor.java:81)
	at com.kms.katalon.core.main.TestCaseMain.startTestSuite(TestCaseMain.java:149)
	at com.kms.katalon.core.main.TestCaseMain$startTestSuite$0.call(Unknown Source)
	at TempTestSuite1548215797467.run(TempTestSuite1548215797467.groovy:36)


2019-01-22 22:04:04 - [MESSAGE][WARNING] - Cannot take screenshot

2019-01-22 22:04:04 - [MESSAGE][FAILED] - Unable to click on object 'Object Repository/UI/Employee/Client Selector/span_ClientsMenu' (Root cause: com.kms.katalon.core.webui.exception.BrowserNotOpenedException: Browser is not opened
Build info: version: '3.7.1', revision: '8a0099a', time: '2017-11-06T21:07:36.161Z'
System info: host: 'TDG-MBL-MTY0359', ip: '192.168.1.97', os.name: 'Windows 10', os.arch: 'amd64', os.version: '10.0', java.version: '1.8.0_181'
Driver info: driver.version: unknown)

2019-01-22 22:04:04 - [MESSAGE][FAILED] - click(findTestObject("UI/Employee/Client Selector/span_ClientsMenu")) FAILED.
Reason:
com.kms.katalon.core.exception.StepFailedException: Unable to click on object 'Object Repository/UI/Employee/Client Selector/span_ClientsMenu' (Root cause: com.kms.katalon.core.webui.exception.BrowserNotOpenedException: Browser is not opened
Build info: version: '3.7.1', revision: '8a0099a', time: '2017-11-06T21:07:36.161Z'
System info: host: 'TDG-MBL-MTY0359', ip: '192.168.1.97', os.name: 'Windows 10', os.arch: 'amd64', os.version: '10.0', java.version: '1.8.0_181'
Driver info: driver.version: unknown)
	at com.kms.katalon.core.keyword.internal.KeywordMain.stepFailed(KeywordMain.groovy:36)
	at com.kms.katalon.core.webui.keyword.internal.WebUIKeywordMain.stepFailed(WebUIKeywordMain.groovy:65)
	at com.kms.katalon.core.webui.keyword.internal.WebUIKeywordMain.runKeyword(WebUIKeywordMain.groovy:27)
	at com.kms.katalon.core.webui.keyword.builtin.ClickKeyword.click(ClickKeyword.groovy:86)
	at com.kms.katalon.core.webui.keyword.builtin.ClickKeyword.execute(ClickKeyword.groovy:67)
	at com.kms.katalon.core.keyword.internal.KeywordExecutor.executeKeywordForPlatform(KeywordExecutor.groovy:53)
	at com.kms.katalon.core.webui.keyword.WebUiBuiltInKeywords.click(WebUiBuiltInKeywords.groovy:616)
	at com.kms.katalon.core.webui.keyword.WebUiBuiltInKeywords$click$5.call(Unknown Source)
	at Client selector - Search and select an active client.run(Client selector - Search and select an active client:16)
	at com.kms.katalon.core.main.ScriptEngine.run(ScriptEngine.java:194)
	at com.kms.katalon.core.main.ScriptEngine.runScriptAsRawText(ScriptEngine.java:119)
	at com.kms.katalon.core.main.TestCaseExecutor.runScript(TestCaseExecutor.java:328)
	at com.kms.katalon.core.main.TestCaseExecutor.doExecute(TestCaseExecutor.java:319)
	at com.kms.katalon.core.main.TestCaseExecutor.processExecutionPhase(TestCaseExecutor.java:298)
	at com.kms.katalon.core.main.TestCaseExecutor.accessMainPhase(TestCaseExecutor.java:290)
	at com.kms.katalon.core.main.TestCaseExecutor.execute(TestCaseExecutor.java:224)
	at com.kms.katalon.core.main.TestSuiteExecutor.accessTestCaseMainPhase(TestSuiteExecutor.java:129)
	at com.kms.katalon.core.main.TestSuiteExecutor.accessTestSuiteMainPhase(TestSuiteExecutor.java:112)
	at com.kms.katalon.core.main.TestSuiteExecutor.execute(TestSuiteExecutor.java:81)
	at com.kms.katalon.core.main.TestCaseMain.startTestSuite(TestCaseMain.java:149)
	at com.kms.katalon.core.main.TestCaseMain$startTestSuite$0.call(Unknown Source)
	at TempTestSuite1548215797467.run(TempTestSuite1548215797467.groovy:36)]]></system-out>
         <system-err><![CDATA[2019-01-22 22:04:04 - [TEST_CASE][FAILED] - Test Cases/UI/Employee/Client Selector/Client selector - Search and select an active client: Test Cases/UI/Employee/Client Selector/Client selector - Search and select an active client FAILED.
Reason:
com.kms.katalon.core.exception.StepFailedException: Unable to click on object 'Object Repository/UI/Employee/Client Selector/span_ClientsMenu' (Root cause: com.kms.katalon.core.webui.exception.BrowserNotOpenedException: Browser is not opened
Build info: version: '3.7.1', revision: '8a0099a', time: '2017-11-06T21:07:36.161Z'
System info: host: 'TDG-MBL-MTY0359', ip: '192.168.1.97', os.name: 'Windows 10', os.arch: 'amd64', os.version: '10.0', java.version: '1.8.0_181'
Driver info: driver.version: unknown)
	at com.kms.katalon.core.keyword.internal.KeywordMain.stepFailed(KeywordMain.groovy:36)
	at com.kms.katalon.core.webui.keyword.internal.WebUIKeywordMain.stepFailed(WebUIKeywordMain.groovy:65)
	at com.kms.katalon.core.webui.keyword.internal.WebUIKeywordMain.runKeyword(WebUIKeywordMain.groovy:27)
	at com.kms.katalon.core.webui.keyword.builtin.ClickKeyword.click(ClickKeyword.groovy:86)
	at com.kms.katalon.core.webui.keyword.builtin.ClickKeyword.execute(ClickKeyword.groovy:67)
	at com.kms.katalon.core.keyword.internal.KeywordExecutor.executeKeywordForPlatform(KeywordExecutor.groovy:53)
	at com.kms.katalon.core.webui.keyword.WebUiBuiltInKeywords.click(WebUiBuiltInKeywords.groovy:616)
	at com.kms.katalon.core.webui.keyword.WebUiBuiltInKeywords$click$5.call(Unknown Source)
	at Client selector - Search and select an active client.run(Client selector - Search and select an active client:16)
	at com.kms.katalon.core.main.ScriptEngine.run(ScriptEngine.java:194)
	at com.kms.katalon.core.main.ScriptEngine.runScriptAsRawText(ScriptEngine.java:119)
	at com.kms.katalon.core.main.TestCaseExecutor.runScript(TestCaseExecutor.java:328)
	at com.kms.katalon.core.main.TestCaseExecutor.doExecute(TestCaseExecutor.java:319)
	at com.kms.katalon.core.main.TestCaseExecutor.processExecutionPhase(TestCaseExecutor.java:298)
	at com.kms.katalon.core.main.TestCaseExecutor.accessMainPhase(TestCaseExecutor.java:290)
	at com.kms.katalon.core.main.TestCaseExecutor.execute(TestCaseExecutor.java:224)
	at com.kms.katalon.core.main.TestSuiteExecutor.accessTestCaseMainPhase(TestSuiteExecutor.java:129)
	at com.kms.katalon.core.main.TestSuiteExecutor.accessTestSuiteMainPhase(TestSuiteExecutor.java:112)
	at com.kms.katalon.core.main.TestSuiteExecutor.execute(TestSuiteExecutor.java:81)
	at com.kms.katalon.core.main.TestCaseMain.startTestSuite(TestCaseMain.java:149)
	at com.kms.katalon.core.main.TestCaseMain$startTestSuite$0.call(Unknown Source)
	at TempTestSuite1548215797467.run(TempTestSuite1548215797467.groovy:36)]]></system-err>
      </testcase>
      <testcase name="Test Cases/UI/Employee/Client Selector/Client selector - Verify presence of elements" classname="Test Cases/UI/Employee/Client Selector/Client selector - Verify presence of elements" status="FAILED">
         <failure type="FAILED" message="Test Cases/UI/Employee/Client Selector/Client selector - Verify presence of elements FAILED.
Reason:
com.kms.katalon.core.exception.StepFailedException: Unable to click on object 'Object Repository/UI/Employee/Client Selector/span_ClientsMenu' (Root cause: com.kms.katalon.core.webui.exception.BrowserNotOpenedException: Browser is not opened
Build info: version: '3.7.1', revision: '8a0099a', time: '2017-11-06T21:07:36.161Z'
System info: host: 'TDG-MBL-MTY0359', ip: '192.168.1.97', os.name: 'Windows 10', os.arch: 'amd64', os.version: '10.0', java.version: '1.8.0_181'
Driver info: driver.version: unknown)
	at com.kms.katalon.core.keyword.internal.KeywordMain.stepFailed(KeywordMain.groovy:32)
	at com.kms.katalon.core.webui.keyword.internal.WebUIKeywordMain.stepFailed(WebUIKeywordMain.groovy:65)
	at com.kms.katalon.core.webui.keyword.internal.WebUIKeywordMain.runKeyword(WebUIKeywordMain.groovy:27)
	at com.kms.katalon.core.webui.keyword.builtin.ClickKeyword.click(ClickKeyword.groovy:86)
	at com.kms.katalon.core.webui.keyword.builtin.ClickKeyword.execute(ClickKeyword.groovy:67)
	at com.kms.katalon.core.keyword.internal.KeywordExecutor.executeKeywordForPlatform(KeywordExecutor.groovy:53)
	at com.kms.katalon.core.webui.keyword.WebUiBuiltInKeywords.click(WebUiBuiltInKeywords.groovy:604)
	at com.kms.katalon.core.webui.keyword.WebUiBuiltInKeywords$click$18.call(Unknown Source)
	at Client selector - Verify presence of elements.run(Client selector - Verify presence of elements:16)
	at com.kms.katalon.core.main.ScriptEngine.run(ScriptEngine.java:194)
	at com.kms.katalon.core.main.ScriptEngine.runScriptAsRawText(ScriptEngine.java:119)
	at com.kms.katalon.core.main.TestCaseExecutor.runScript(TestCaseExecutor.java:328)
	at com.kms.katalon.core.main.TestCaseExecutor.doExecute(TestCaseExecutor.java:319)
	at com.kms.katalon.core.main.TestCaseExecutor.processExecutionPhase(TestCaseExecutor.java:298)
	at com.kms.katalon.core.main.TestCaseExecutor.accessMainPhase(TestCaseExecutor.java:290)
	at com.kms.katalon.core.main.TestCaseExecutor.execute(TestCaseExecutor.java:224)
	at com.kms.katalon.core.main.TestSuiteExecutor.accessTestCaseMainPhase(TestSuiteExecutor.java:129)
	at com.kms.katalon.core.main.TestSuiteExecutor.accessTestSuiteMainPhase(TestSuiteExecutor.java:112)
	at com.kms.katalon.core.main.TestSuiteExecutor.execute(TestSuiteExecutor.java:81)
	at com.kms.katalon.core.main.TestCaseMain.startTestSuite(TestCaseMain.java:149)
	at com.kms.katalon.core.main.TestCaseMain$startTestSuite$0.call(Unknown Source)
	at TempTestSuite1548215797467.run(TempTestSuite1548215797467.groovy:36)
"/>
         <system-out><![CDATA[2019-01-22 22:04:04 - [TEST_CASE][FAILED] - Test Cases/UI/Employee/Client Selector/Client selector - Verify presence of elements: Test Cases/UI/Employee/Client Selector/Client selector - Verify presence of elements FAILED.
Reason:
com.kms.katalon.core.exception.StepFailedException: Unable to click on object 'Object Repository/UI/Employee/Client Selector/span_ClientsMenu' (Root cause: com.kms.katalon.core.webui.exception.BrowserNotOpenedException: Browser is not opened
Build info: version: '3.7.1', revision: '8a0099a', time: '2017-11-06T21:07:36.161Z'
System info: host: 'TDG-MBL-MTY0359', ip: '192.168.1.97', os.name: 'Windows 10', os.arch: 'amd64', os.version: '10.0', java.version: '1.8.0_181'
Driver info: driver.version: unknown)
	at com.kms.katalon.core.keyword.internal.KeywordMain.stepFailed(KeywordMain.groovy:32)
	at com.kms.katalon.core.webui.keyword.internal.WebUIKeywordMain.stepFailed(WebUIKeywordMain.groovy:65)
	at com.kms.katalon.core.webui.keyword.internal.WebUIKeywordMain.runKeyword(WebUIKeywordMain.groovy:27)
	at com.kms.katalon.core.webui.keyword.builtin.ClickKeyword.click(ClickKeyword.groovy:86)
	at com.kms.katalon.core.webui.keyword.builtin.ClickKeyword.execute(ClickKeyword.groovy:67)
	at com.kms.katalon.core.keyword.internal.KeywordExecutor.executeKeywordForPlatform(KeywordExecutor.groovy:53)
	at com.kms.katalon.core.webui.keyword.WebUiBuiltInKeywords.click(WebUiBuiltInKeywords.groovy:604)
	at com.kms.katalon.core.webui.keyword.WebUiBuiltInKeywords$click$18.call(Unknown Source)
	at Client selector - Verify presence of elements.run(Client selector - Verify presence of elements:16)
	at com.kms.katalon.core.main.ScriptEngine.run(ScriptEngine.java:194)
	at com.kms.katalon.core.main.ScriptEngine.runScriptAsRawText(ScriptEngine.java:119)
	at com.kms.katalon.core.main.TestCaseExecutor.runScript(TestCaseExecutor.java:328)
	at com.kms.katalon.core.main.TestCaseExecutor.doExecute(TestCaseExecutor.java:319)
	at com.kms.katalon.core.main.TestCaseExecutor.processExecutionPhase(TestCaseExecutor.java:298)
	at com.kms.katalon.core.main.TestCaseExecutor.accessMainPhase(TestCaseExecutor.java:290)
	at com.kms.katalon.core.main.TestCaseExecutor.execute(TestCaseExecutor.java:224)
	at com.kms.katalon.core.main.TestSuiteExecutor.accessTestCaseMainPhase(TestSuiteExecutor.java:129)
	at com.kms.katalon.core.main.TestSuiteExecutor.accessTestSuiteMainPhase(TestSuiteExecutor.java:112)
	at com.kms.katalon.core.main.TestSuiteExecutor.execute(TestSuiteExecutor.java:81)
	at com.kms.katalon.core.main.TestCaseMain.startTestSuite(TestCaseMain.java:149)
	at com.kms.katalon.core.main.TestCaseMain$startTestSuite$0.call(Unknown Source)
	at TempTestSuite1548215797467.run(TempTestSuite1548215797467.groovy:36)


2019-01-22 22:04:04 - [TEST_STEP][FAILED] - click(findTestObject("UI/Employee/Client Selector/span_ClientsMenu"), CONTINUE_ON_FAILURE): Unable to click on object 'Object Repository/UI/Employee/Client Selector/span_ClientsMenu' (Root cause: com.kms.katalon.core.webui.exception.BrowserNotOpenedException: Browser is not opened
Build info: version: '3.7.1', revision: '8a0099a', time: '2017-11-06T21:07:36.161Z'
System info: host: 'TDG-MBL-MTY0359', ip: '192.168.1.97', os.name: 'Windows 10', os.arch: 'amd64', os.version: '10.0', java.version: '1.8.0_181'
Driver info: driver.version: unknown)

2019-01-22 22:04:04 - [MESSAGE][WARNING] - Cannot take screenshot

2019-01-22 22:04:04 - [MESSAGE][FAILED] - Unable to click on object 'Object Repository/UI/Employee/Client Selector/span_ClientsMenu' (Root cause: com.kms.katalon.core.webui.exception.BrowserNotOpenedException: Browser is not opened
Build info: version: '3.7.1', revision: '8a0099a', time: '2017-11-06T21:07:36.161Z'
System info: host: 'TDG-MBL-MTY0359', ip: '192.168.1.97', os.name: 'Windows 10', os.arch: 'amd64', os.version: '10.0', java.version: '1.8.0_181'
Driver info: driver.version: unknown)

2019-01-22 22:04:04 - [TEST_STEP][FAILED] - waitForElementPresent(findTestObject("UI/Employee/Client Selector/h1_ClientsTitle"), 5): waitForElementPresent(findTestObject("UI/Employee/Client Selector/h1_ClientsTitle"), 5) FAILED.
Reason:
com.kms.katalon.core.exception.StepFailedException: Unable to click on object 'Object Repository/UI/Employee/Client Selector/span_ClientsMenu' (Root cause: com.kms.katalon.core.webui.exception.BrowserNotOpenedException: Browser is not opened
Build info: version: '3.7.1', revision: '8a0099a', time: '2017-11-06T21:07:36.161Z'
System info: host: 'TDG-MBL-MTY0359', ip: '192.168.1.97', os.name: 'Windows 10', os.arch: 'amd64', os.version: '10.0', java.version: '1.8.0_181'
Driver info: driver.version: unknown)
	at com.kms.katalon.core.keyword.internal.KeywordMain.stepFailed(KeywordMain.groovy:32)
	at com.kms.katalon.core.webui.keyword.internal.WebUIKeywordMain.stepFailed(WebUIKeywordMain.groovy:65)
	at com.kms.katalon.core.webui.keyword.internal.WebUIKeywordMain.runKeyword(WebUIKeywordMain.groovy:27)
	at com.kms.katalon.core.webui.keyword.builtin.ClickKeyword.click(ClickKeyword.groovy:86)
	at com.kms.katalon.core.webui.keyword.builtin.ClickKeyword.execute(ClickKeyword.groovy:67)
	at com.kms.katalon.core.keyword.internal.KeywordExecutor.executeKeywordForPlatform(KeywordExecutor.groovy:53)
	at com.kms.katalon.core.webui.keyword.WebUiBuiltInKeywords.click(WebUiBuiltInKeywords.groovy:604)
	at com.kms.katalon.core.webui.keyword.WebUiBuiltInKeywords$click$18.call(Unknown Source)
	at Client selector - Verify presence of elements.run(Client selector - Verify presence of elements:16)
	at com.kms.katalon.core.main.ScriptEngine.run(ScriptEngine.java:194)
	at com.kms.katalon.core.main.ScriptEngine.runScriptAsRawText(ScriptEngine.java:119)
	at com.kms.katalon.core.main.TestCaseExecutor.runScript(TestCaseExecutor.java:328)
	at com.kms.katalon.core.main.TestCaseExecutor.doExecute(TestCaseExecutor.java:319)
	at com.kms.katalon.core.main.TestCaseExecutor.processExecutionPhase(TestCaseExecutor.java:298)
	at com.kms.katalon.core.main.TestCaseExecutor.accessMainPhase(TestCaseExecutor.java:290)
	at com.kms.katalon.core.main.TestCaseExecutor.execute(TestCaseExecutor.java:224)
	at com.kms.katalon.core.main.TestSuiteExecutor.accessTestCaseMainPhase(TestSuiteExecutor.java:129)
	at com.kms.katalon.core.main.TestSuiteExecutor.accessTestSuiteMainPhase(TestSuiteExecutor.java:112)
	at com.kms.katalon.core.main.TestSuiteExecutor.execute(TestSuiteExecutor.java:81)
	at com.kms.katalon.core.main.TestCaseMain.startTestSuite(TestCaseMain.java:149)
	at com.kms.katalon.core.main.TestCaseMain$startTestSuite$0.call(Unknown Source)
	at TempTestSuite1548215797467.run(TempTestSuite1548215797467.groovy:36)


2019-01-22 22:04:04 - [MESSAGE][WARNING] - Cannot take screenshot

2019-01-22 22:04:04 - [MESSAGE][FAILED] - Unable to wait for object 'Object Repository/UI/Employee/Client Selector/h1_ClientsTitle' to be present (Root cause: com.kms.katalon.core.webui.exception.BrowserNotOpenedException: Browser is not opened
Build info: version: '3.7.1', revision: '8a0099a', time: '2017-11-06T21:07:36.161Z'
System info: host: 'TDG-MBL-MTY0359', ip: '192.168.1.97', os.name: 'Windows 10', os.arch: 'amd64', os.version: '10.0', java.version: '1.8.0_181'
Driver info: driver.version: unknown)

2019-01-22 22:04:04 - [MESSAGE][FAILED] - waitForElementPresent(findTestObject("UI/Employee/Client Selector/h1_ClientsTitle"), 5) FAILED.
Reason:
com.kms.katalon.core.exception.StepFailedException: Unable to click on object 'Object Repository/UI/Employee/Client Selector/span_ClientsMenu' (Root cause: com.kms.katalon.core.webui.exception.BrowserNotOpenedException: Browser is not opened
Build info: version: '3.7.1', revision: '8a0099a', time: '2017-11-06T21:07:36.161Z'
System info: host: 'TDG-MBL-MTY0359', ip: '192.168.1.97', os.name: 'Windows 10', os.arch: 'amd64', os.version: '10.0', java.version: '1.8.0_181'
Driver info: driver.version: unknown)
	at com.kms.katalon.core.keyword.internal.KeywordMain.stepFailed(KeywordMain.groovy:32)
	at com.kms.katalon.core.webui.keyword.internal.WebUIKeywordMain.stepFailed(WebUIKeywordMain.groovy:65)
	at com.kms.katalon.core.webui.keyword.internal.WebUIKeywordMain.runKeyword(WebUIKeywordMain.groovy:27)
	at com.kms.katalon.core.webui.keyword.builtin.ClickKeyword.click(ClickKeyword.groovy:86)
	at com.kms.katalon.core.webui.keyword.builtin.ClickKeyword.execute(ClickKeyword.groovy:67)
	at com.kms.katalon.core.keyword.internal.KeywordExecutor.executeKeywordForPlatform(KeywordExecutor.groovy:53)
	at com.kms.katalon.core.webui.keyword.WebUiBuiltInKeywords.click(WebUiBuiltInKeywords.groovy:604)
	at com.kms.katalon.core.webui.keyword.WebUiBuiltInKeywords$click$18.call(Unknown Source)
	at Client selector - Verify presence of elements.run(Client selector - Verify presence of elements:16)
	at com.kms.katalon.core.main.ScriptEngine.run(ScriptEngine.java:194)
	at com.kms.katalon.core.main.ScriptEngine.runScriptAsRawText(ScriptEngine.java:119)
	at com.kms.katalon.core.main.TestCaseExecutor.runScript(TestCaseExecutor.java:328)
	at com.kms.katalon.core.main.TestCaseExecutor.doExecute(TestCaseExecutor.java:319)
	at com.kms.katalon.core.main.TestCaseExecutor.processExecutionPhase(TestCaseExecutor.java:298)
	at com.kms.katalon.core.main.TestCaseExecutor.accessMainPhase(TestCaseExecutor.java:290)
	at com.kms.katalon.core.main.TestCaseExecutor.execute(TestCaseExecutor.java:224)
	at com.kms.katalon.core.main.TestSuiteExecutor.accessTestCaseMainPhase(TestSuiteExecutor.java:129)
	at com.kms.katalon.core.main.TestSuiteExecutor.accessTestSuiteMainPhase(TestSuiteExecutor.java:112)
	at com.kms.katalon.core.main.TestSuiteExecutor.execute(TestSuiteExecutor.java:81)
	at com.kms.katalon.core.main.TestCaseMain.startTestSuite(TestCaseMain.java:149)
	at com.kms.katalon.core.main.TestCaseMain$startTestSuite$0.call(Unknown Source)
	at TempTestSuite1548215797467.run(TempTestSuite1548215797467.groovy:36)]]></system-out>
         <system-err><![CDATA[2019-01-22 22:04:04 - [TEST_CASE][FAILED] - Test Cases/UI/Employee/Client Selector/Client selector - Verify presence of elements: Test Cases/UI/Employee/Client Selector/Client selector - Verify presence of elements FAILED.
Reason:
com.kms.katalon.core.exception.StepFailedException: Unable to click on object 'Object Repository/UI/Employee/Client Selector/span_ClientsMenu' (Root cause: com.kms.katalon.core.webui.exception.BrowserNotOpenedException: Browser is not opened
Build info: version: '3.7.1', revision: '8a0099a', time: '2017-11-06T21:07:36.161Z'
System info: host: 'TDG-MBL-MTY0359', ip: '192.168.1.97', os.name: 'Windows 10', os.arch: 'amd64', os.version: '10.0', java.version: '1.8.0_181'
Driver info: driver.version: unknown)
	at com.kms.katalon.core.keyword.internal.KeywordMain.stepFailed(KeywordMain.groovy:32)
	at com.kms.katalon.core.webui.keyword.internal.WebUIKeywordMain.stepFailed(WebUIKeywordMain.groovy:65)
	at com.kms.katalon.core.webui.keyword.internal.WebUIKeywordMain.runKeyword(WebUIKeywordMain.groovy:27)
	at com.kms.katalon.core.webui.keyword.builtin.ClickKeyword.click(ClickKeyword.groovy:86)
	at com.kms.katalon.core.webui.keyword.builtin.ClickKeyword.execute(ClickKeyword.groovy:67)
	at com.kms.katalon.core.keyword.internal.KeywordExecutor.executeKeywordForPlatform(KeywordExecutor.groovy:53)
	at com.kms.katalon.core.webui.keyword.WebUiBuiltInKeywords.click(WebUiBuiltInKeywords.groovy:604)
	at com.kms.katalon.core.webui.keyword.WebUiBuiltInKeywords$click$18.call(Unknown Source)
	at Client selector - Verify presence of elements.run(Client selector - Verify presence of elements:16)
	at com.kms.katalon.core.main.ScriptEngine.run(ScriptEngine.java:194)
	at com.kms.katalon.core.main.ScriptEngine.runScriptAsRawText(ScriptEngine.java:119)
	at com.kms.katalon.core.main.TestCaseExecutor.runScript(TestCaseExecutor.java:328)
	at com.kms.katalon.core.main.TestCaseExecutor.doExecute(TestCaseExecutor.java:319)
	at com.kms.katalon.core.main.TestCaseExecutor.processExecutionPhase(TestCaseExecutor.java:298)
	at com.kms.katalon.core.main.TestCaseExecutor.accessMainPhase(TestCaseExecutor.java:290)
	at com.kms.katalon.core.main.TestCaseExecutor.execute(TestCaseExecutor.java:224)
	at com.kms.katalon.core.main.TestSuiteExecutor.accessTestCaseMainPhase(TestSuiteExecutor.java:129)
	at com.kms.katalon.core.main.TestSuiteExecutor.accessTestSuiteMainPhase(TestSuiteExecutor.java:112)
	at com.kms.katalon.core.main.TestSuiteExecutor.execute(TestSuiteExecutor.java:81)
	at com.kms.katalon.core.main.TestCaseMain.startTestSuite(TestCaseMain.java:149)
	at com.kms.katalon.core.main.TestCaseMain$startTestSuite$0.call(Unknown Source)
	at TempTestSuite1548215797467.run(TempTestSuite1548215797467.groovy:36)]]></system-err>
      </testcase>
      <testcase name="Test Cases/UI/Employee/Client Services/Account Maintenance/Account - Change password" classname="Test Cases/UI/Employee/Client Services/Account Maintenance/Account - Change password" status="FAILED">
         <failure type="FAILED" message="Test Cases/UI/Employee/Client Services/Account Maintenance/Account - Change password FAILED.
Reason:
com.kms.katalon.core.exception.StepFailedException: Unable to click on object 'Object Repository/UI/Employee/Client Services/Account/a_SettingsMenu' (Root cause: com.kms.katalon.core.webui.exception.BrowserNotOpenedException: Browser is not opened
Build info: version: '3.7.1', revision: '8a0099a', time: '2017-11-06T21:07:36.161Z'
System info: host: 'TDG-MBL-MTY0359', ip: '192.168.1.97', os.name: 'Windows 10', os.arch: 'amd64', os.version: '10.0', java.version: '1.8.0_181'
Driver info: driver.version: unknown)
	at com.kms.katalon.core.keyword.internal.KeywordMain.stepFailed(KeywordMain.groovy:36)
	at com.kms.katalon.core.webui.keyword.internal.WebUIKeywordMain.stepFailed(WebUIKeywordMain.groovy:65)
	at com.kms.katalon.core.webui.keyword.internal.WebUIKeywordMain.runKeyword(WebUIKeywordMain.groovy:27)
	at com.kms.katalon.core.webui.keyword.builtin.ClickKeyword.click(ClickKeyword.groovy:86)
	at com.kms.katalon.core.webui.keyword.builtin.ClickKeyword.execute(ClickKeyword.groovy:67)
	at com.kms.katalon.core.keyword.internal.KeywordExecutor.executeKeywordForPlatform(KeywordExecutor.groovy:53)
	at com.kms.katalon.core.webui.keyword.WebUiBuiltInKeywords.click(WebUiBuiltInKeywords.groovy:616)
	at com.kms.katalon.core.webui.keyword.WebUiBuiltInKeywords$click$5.call(Unknown Source)
	at Account - Change password.run(Account - Change password:16)
	at com.kms.katalon.core.main.ScriptEngine.run(ScriptEngine.java:194)
	at com.kms.katalon.core.main.ScriptEngine.runScriptAsRawText(ScriptEngine.java:119)
	at com.kms.katalon.core.main.TestCaseExecutor.runScript(TestCaseExecutor.java:328)
	at com.kms.katalon.core.main.TestCaseExecutor.doExecute(TestCaseExecutor.java:319)
	at com.kms.katalon.core.main.TestCaseExecutor.processExecutionPhase(TestCaseExecutor.java:298)
	at com.kms.katalon.core.main.TestCaseExecutor.accessMainPhase(TestCaseExecutor.java:290)
	at com.kms.katalon.core.main.TestCaseExecutor.execute(TestCaseExecutor.java:224)
	at com.kms.katalon.core.main.TestSuiteExecutor.accessTestCaseMainPhase(TestSuiteExecutor.java:129)
	at com.kms.katalon.core.main.TestSuiteExecutor.accessTestSuiteMainPhase(TestSuiteExecutor.java:112)
	at com.kms.katalon.core.main.TestSuiteExecutor.execute(TestSuiteExecutor.java:81)
	at com.kms.katalon.core.main.TestCaseMain.startTestSuite(TestCaseMain.java:149)
	at com.kms.katalon.core.main.TestCaseMain$startTestSuite$0.call(Unknown Source)
	at TempTestSuite1548215797467.run(TempTestSuite1548215797467.groovy:36)
"/>
         <system-out><![CDATA[2019-01-22 22:04:04 - [TEST_CASE][FAILED] - Test Cases/UI/Employee/Client Services/Account Maintenance/Account - Change password: Test Cases/UI/Employee/Client Services/Account Maintenance/Account - Change password FAILED.
Reason:
com.kms.katalon.core.exception.StepFailedException: Unable to click on object 'Object Repository/UI/Employee/Client Services/Account/a_SettingsMenu' (Root cause: com.kms.katalon.core.webui.exception.BrowserNotOpenedException: Browser is not opened
Build info: version: '3.7.1', revision: '8a0099a', time: '2017-11-06T21:07:36.161Z'
System info: host: 'TDG-MBL-MTY0359', ip: '192.168.1.97', os.name: 'Windows 10', os.arch: 'amd64', os.version: '10.0', java.version: '1.8.0_181'
Driver info: driver.version: unknown)
	at com.kms.katalon.core.keyword.internal.KeywordMain.stepFailed(KeywordMain.groovy:36)
	at com.kms.katalon.core.webui.keyword.internal.WebUIKeywordMain.stepFailed(WebUIKeywordMain.groovy:65)
	at com.kms.katalon.core.webui.keyword.internal.WebUIKeywordMain.runKeyword(WebUIKeywordMain.groovy:27)
	at com.kms.katalon.core.webui.keyword.builtin.ClickKeyword.click(ClickKeyword.groovy:86)
	at com.kms.katalon.core.webui.keyword.builtin.ClickKeyword.execute(ClickKeyword.groovy:67)
	at com.kms.katalon.core.keyword.internal.KeywordExecutor.executeKeywordForPlatform(KeywordExecutor.groovy:53)
	at com.kms.katalon.core.webui.keyword.WebUiBuiltInKeywords.click(WebUiBuiltInKeywords.groovy:616)
	at com.kms.katalon.core.webui.keyword.WebUiBuiltInKeywords$click$5.call(Unknown Source)
	at Account - Change password.run(Account - Change password:16)
	at com.kms.katalon.core.main.ScriptEngine.run(ScriptEngine.java:194)
	at com.kms.katalon.core.main.ScriptEngine.runScriptAsRawText(ScriptEngine.java:119)
	at com.kms.katalon.core.main.TestCaseExecutor.runScript(TestCaseExecutor.java:328)
	at com.kms.katalon.core.main.TestCaseExecutor.doExecute(TestCaseExecutor.java:319)
	at com.kms.katalon.core.main.TestCaseExecutor.processExecutionPhase(TestCaseExecutor.java:298)
	at com.kms.katalon.core.main.TestCaseExecutor.accessMainPhase(TestCaseExecutor.java:290)
	at com.kms.katalon.core.main.TestCaseExecutor.execute(TestCaseExecutor.java:224)
	at com.kms.katalon.core.main.TestSuiteExecutor.accessTestCaseMainPhase(TestSuiteExecutor.java:129)
	at com.kms.katalon.core.main.TestSuiteExecutor.accessTestSuiteMainPhase(TestSuiteExecutor.java:112)
	at com.kms.katalon.core.main.TestSuiteExecutor.execute(TestSuiteExecutor.java:81)
	at com.kms.katalon.core.main.TestCaseMain.startTestSuite(TestCaseMain.java:149)
	at com.kms.katalon.core.main.TestCaseMain$startTestSuite$0.call(Unknown Source)
	at TempTestSuite1548215797467.run(TempTestSuite1548215797467.groovy:36)


2019-01-22 22:04:05 - [TEST_STEP][FAILED] - click(findTestObject("UI/Employee/Client Services/Account/a_SettingsMenu")): click(findTestObject("UI/Employee/Client Services/Account/a_SettingsMenu")) FAILED.
Reason:
com.kms.katalon.core.exception.StepFailedException: Unable to click on object 'Object Repository/UI/Employee/Client Services/Account/a_SettingsMenu' (Root cause: com.kms.katalon.core.webui.exception.BrowserNotOpenedException: Browser is not opened
Build info: version: '3.7.1', revision: '8a0099a', time: '2017-11-06T21:07:36.161Z'
System info: host: 'TDG-MBL-MTY0359', ip: '192.168.1.97', os.name: 'Windows 10', os.arch: 'amd64', os.version: '10.0', java.version: '1.8.0_181'
Driver info: driver.version: unknown)
	at com.kms.katalon.core.keyword.internal.KeywordMain.stepFailed(KeywordMain.groovy:36)
	at com.kms.katalon.core.webui.keyword.internal.WebUIKeywordMain.stepFailed(WebUIKeywordMain.groovy:65)
	at com.kms.katalon.core.webui.keyword.internal.WebUIKeywordMain.runKeyword(WebUIKeywordMain.groovy:27)
	at com.kms.katalon.core.webui.keyword.builtin.ClickKeyword.click(ClickKeyword.groovy:86)
	at com.kms.katalon.core.webui.keyword.builtin.ClickKeyword.execute(ClickKeyword.groovy:67)
	at com.kms.katalon.core.keyword.internal.KeywordExecutor.executeKeywordForPlatform(KeywordExecutor.groovy:53)
	at com.kms.katalon.core.webui.keyword.WebUiBuiltInKeywords.click(WebUiBuiltInKeywords.groovy:616)
	at com.kms.katalon.core.webui.keyword.WebUiBuiltInKeywords$click$5.call(Unknown Source)
	at Account - Change password.run(Account - Change password:16)
	at com.kms.katalon.core.main.ScriptEngine.run(ScriptEngine.java:194)
	at com.kms.katalon.core.main.ScriptEngine.runScriptAsRawText(ScriptEngine.java:119)
	at com.kms.katalon.core.main.TestCaseExecutor.runScript(TestCaseExecutor.java:328)
	at com.kms.katalon.core.main.TestCaseExecutor.doExecute(TestCaseExecutor.java:319)
	at com.kms.katalon.core.main.TestCaseExecutor.processExecutionPhase(TestCaseExecutor.java:298)
	at com.kms.katalon.core.main.TestCaseExecutor.accessMainPhase(TestCaseExecutor.java:290)
	at com.kms.katalon.core.main.TestCaseExecutor.execute(TestCaseExecutor.java:224)
	at com.kms.katalon.core.main.TestSuiteExecutor.accessTestCaseMainPhase(TestSuiteExecutor.java:129)
	at com.kms.katalon.core.main.TestSuiteExecutor.accessTestSuiteMainPhase(TestSuiteExecutor.java:112)
	at com.kms.katalon.core.main.TestSuiteExecutor.execute(TestSuiteExecutor.java:81)
	at com.kms.katalon.core.main.TestCaseMain.startTestSuite(TestCaseMain.java:149)
	at com.kms.katalon.core.main.TestCaseMain$startTestSuite$0.call(Unknown Source)
	at TempTestSuite1548215797467.run(TempTestSuite1548215797467.groovy:36)


2019-01-22 22:04:05 - [MESSAGE][WARNING] - Cannot take screenshot

2019-01-22 22:04:05 - [MESSAGE][FAILED] - Unable to click on object 'Object Repository/UI/Employee/Client Services/Account/a_SettingsMenu' (Root cause: com.kms.katalon.core.webui.exception.BrowserNotOpenedException: Browser is not opened
Build info: version: '3.7.1', revision: '8a0099a', time: '2017-11-06T21:07:36.161Z'
System info: host: 'TDG-MBL-MTY0359', ip: '192.168.1.97', os.name: 'Windows 10', os.arch: 'amd64', os.version: '10.0', java.version: '1.8.0_181'
Driver info: driver.version: unknown)

2019-01-22 22:04:05 - [MESSAGE][FAILED] - click(findTestObject("UI/Employee/Client Services/Account/a_SettingsMenu")) FAILED.
Reason:
com.kms.katalon.core.exception.StepFailedException: Unable to click on object 'Object Repository/UI/Employee/Client Services/Account/a_SettingsMenu' (Root cause: com.kms.katalon.core.webui.exception.BrowserNotOpenedException: Browser is not opened
Build info: version: '3.7.1', revision: '8a0099a', time: '2017-11-06T21:07:36.161Z'
System info: host: 'TDG-MBL-MTY0359', ip: '192.168.1.97', os.name: 'Windows 10', os.arch: 'amd64', os.version: '10.0', java.version: '1.8.0_181'
Driver info: driver.version: unknown)
	at com.kms.katalon.core.keyword.internal.KeywordMain.stepFailed(KeywordMain.groovy:36)
	at com.kms.katalon.core.webui.keyword.internal.WebUIKeywordMain.stepFailed(WebUIKeywordMain.groovy:65)
	at com.kms.katalon.core.webui.keyword.internal.WebUIKeywordMain.runKeyword(WebUIKeywordMain.groovy:27)
	at com.kms.katalon.core.webui.keyword.builtin.ClickKeyword.click(ClickKeyword.groovy:86)
	at com.kms.katalon.core.webui.keyword.builtin.ClickKeyword.execute(ClickKeyword.groovy:67)
	at com.kms.katalon.core.keyword.internal.KeywordExecutor.executeKeywordForPlatform(KeywordExecutor.groovy:53)
	at com.kms.katalon.core.webui.keyword.WebUiBuiltInKeywords.click(WebUiBuiltInKeywords.groovy:616)
	at com.kms.katalon.core.webui.keyword.WebUiBuiltInKeywords$click$5.call(Unknown Source)
	at Account - Change password.run(Account - Change password:16)
	at com.kms.katalon.core.main.ScriptEngine.run(ScriptEngine.java:194)
	at com.kms.katalon.core.main.ScriptEngine.runScriptAsRawText(ScriptEngine.java:119)
	at com.kms.katalon.core.main.TestCaseExecutor.runScript(TestCaseExecutor.java:328)
	at com.kms.katalon.core.main.TestCaseExecutor.doExecute(TestCaseExecutor.java:319)
	at com.kms.katalon.core.main.TestCaseExecutor.processExecutionPhase(TestCaseExecutor.java:298)
	at com.kms.katalon.core.main.TestCaseExecutor.accessMainPhase(TestCaseExecutor.java:290)
	at com.kms.katalon.core.main.TestCaseExecutor.execute(TestCaseExecutor.java:224)
	at com.kms.katalon.core.main.TestSuiteExecutor.accessTestCaseMainPhase(TestSuiteExecutor.java:129)
	at com.kms.katalon.core.main.TestSuiteExecutor.accessTestSuiteMainPhase(TestSuiteExecutor.java:112)
	at com.kms.katalon.core.main.TestSuiteExecutor.execute(TestSuiteExecutor.java:81)
	at com.kms.katalon.core.main.TestCaseMain.startTestSuite(TestCaseMain.java:149)
	at com.kms.katalon.core.main.TestCaseMain$startTestSuite$0.call(Unknown Source)
	at TempTestSuite1548215797467.run(TempTestSuite1548215797467.groovy:36)]]></system-out>
         <system-err><![CDATA[2019-01-22 22:04:04 - [TEST_CASE][FAILED] - Test Cases/UI/Employee/Client Services/Account Maintenance/Account - Change password: Test Cases/UI/Employee/Client Services/Account Maintenance/Account - Change password FAILED.
Reason:
com.kms.katalon.core.exception.StepFailedException: Unable to click on object 'Object Repository/UI/Employee/Client Services/Account/a_SettingsMenu' (Root cause: com.kms.katalon.core.webui.exception.BrowserNotOpenedException: Browser is not opened
Build info: version: '3.7.1', revision: '8a0099a', time: '2017-11-06T21:07:36.161Z'
System info: host: 'TDG-MBL-MTY0359', ip: '192.168.1.97', os.name: 'Windows 10', os.arch: 'amd64', os.version: '10.0', java.version: '1.8.0_181'
Driver info: driver.version: unknown)
	at com.kms.katalon.core.keyword.internal.KeywordMain.stepFailed(KeywordMain.groovy:36)
	at com.kms.katalon.core.webui.keyword.internal.WebUIKeywordMain.stepFailed(WebUIKeywordMain.groovy:65)
	at com.kms.katalon.core.webui.keyword.internal.WebUIKeywordMain.runKeyword(WebUIKeywordMain.groovy:27)
	at com.kms.katalon.core.webui.keyword.builtin.ClickKeyword.click(ClickKeyword.groovy:86)
	at com.kms.katalon.core.webui.keyword.builtin.ClickKeyword.execute(ClickKeyword.groovy:67)
	at com.kms.katalon.core.keyword.internal.KeywordExecutor.executeKeywordForPlatform(KeywordExecutor.groovy:53)
	at com.kms.katalon.core.webui.keyword.WebUiBuiltInKeywords.click(WebUiBuiltInKeywords.groovy:616)
	at com.kms.katalon.core.webui.keyword.WebUiBuiltInKeywords$click$5.call(Unknown Source)
	at Account - Change password.run(Account - Change password:16)
	at com.kms.katalon.core.main.ScriptEngine.run(ScriptEngine.java:194)
	at com.kms.katalon.core.main.ScriptEngine.runScriptAsRawText(ScriptEngine.java:119)
	at com.kms.katalon.core.main.TestCaseExecutor.runScript(TestCaseExecutor.java:328)
	at com.kms.katalon.core.main.TestCaseExecutor.doExecute(TestCaseExecutor.java:319)
	at com.kms.katalon.core.main.TestCaseExecutor.processExecutionPhase(TestCaseExecutor.java:298)
	at com.kms.katalon.core.main.TestCaseExecutor.accessMainPhase(TestCaseExecutor.java:290)
	at com.kms.katalon.core.main.TestCaseExecutor.execute(TestCaseExecutor.java:224)
	at com.kms.katalon.core.main.TestSuiteExecutor.accessTestCaseMainPhase(TestSuiteExecutor.java:129)
	at com.kms.katalon.core.main.TestSuiteExecutor.accessTestSuiteMainPhase(TestSuiteExecutor.java:112)
	at com.kms.katalon.core.main.TestSuiteExecutor.execute(TestSuiteExecutor.java:81)
	at com.kms.katalon.core.main.TestCaseMain.startTestSuite(TestCaseMain.java:149)
	at com.kms.katalon.core.main.TestCaseMain$startTestSuite$0.call(Unknown Source)
	at TempTestSuite1548215797467.run(TempTestSuite1548215797467.groovy:36)]]></system-err>
      </testcase>
      <testcase name="Test Cases/UI/Employee/Client Services/Account Maintenance/Account - Fields and buttons validation" classname="Test Cases/UI/Employee/Client Services/Account Maintenance/Account - Fields and buttons validation" status="FAILED">
         <failure type="FAILED" message="Test Cases/UI/Employee/Client Services/Account Maintenance/Account - Fields and buttons validation FAILED.
Reason:
com.kms.katalon.core.exception.StepFailedException: Unable to click on object 'Object Repository/UI/Employee/Client Services/Account/a_SettingsMenu' (Root cause: com.kms.katalon.core.webui.exception.BrowserNotOpenedException: Browser is not opened
Build info: version: '3.7.1', revision: '8a0099a', time: '2017-11-06T21:07:36.161Z'
System info: host: 'TDG-MBL-MTY0359', ip: '192.168.1.97', os.name: 'Windows 10', os.arch: 'amd64', os.version: '10.0', java.version: '1.8.0_181'
Driver info: driver.version: unknown)
	at com.kms.katalon.core.keyword.internal.KeywordMain.stepFailed(KeywordMain.groovy:36)
	at com.kms.katalon.core.webui.keyword.internal.WebUIKeywordMain.stepFailed(WebUIKeywordMain.groovy:65)
	at com.kms.katalon.core.webui.keyword.internal.WebUIKeywordMain.runKeyword(WebUIKeywordMain.groovy:27)
	at com.kms.katalon.core.webui.keyword.builtin.ClickKeyword.click(ClickKeyword.groovy:86)
	at com.kms.katalon.core.webui.keyword.builtin.ClickKeyword.execute(ClickKeyword.groovy:67)
	at com.kms.katalon.core.keyword.internal.KeywordExecutor.executeKeywordForPlatform(KeywordExecutor.groovy:53)
	at com.kms.katalon.core.webui.keyword.WebUiBuiltInKeywords.click(WebUiBuiltInKeywords.groovy:616)
	at com.kms.katalon.core.webui.keyword.WebUiBuiltInKeywords$click$5.call(Unknown Source)
	at Account - Fields and buttons validation.run(Account - Fields and buttons validation:16)
	at com.kms.katalon.core.main.ScriptEngine.run(ScriptEngine.java:194)
	at com.kms.katalon.core.main.ScriptEngine.runScriptAsRawText(ScriptEngine.java:119)
	at com.kms.katalon.core.main.TestCaseExecutor.runScript(TestCaseExecutor.java:328)
	at com.kms.katalon.core.main.TestCaseExecutor.doExecute(TestCaseExecutor.java:319)
	at com.kms.katalon.core.main.TestCaseExecutor.processExecutionPhase(TestCaseExecutor.java:298)
	at com.kms.katalon.core.main.TestCaseExecutor.accessMainPhase(TestCaseExecutor.java:290)
	at com.kms.katalon.core.main.TestCaseExecutor.execute(TestCaseExecutor.java:224)
	at com.kms.katalon.core.main.TestSuiteExecutor.accessTestCaseMainPhase(TestSuiteExecutor.java:129)
	at com.kms.katalon.core.main.TestSuiteExecutor.accessTestSuiteMainPhase(TestSuiteExecutor.java:112)
	at com.kms.katalon.core.main.TestSuiteExecutor.execute(TestSuiteExecutor.java:81)
	at com.kms.katalon.core.main.TestCaseMain.startTestSuite(TestCaseMain.java:149)
	at com.kms.katalon.core.main.TestCaseMain$startTestSuite$0.call(Unknown Source)
	at TempTestSuite1548215797467.run(TempTestSuite1548215797467.groovy:36)
"/>
         <system-out><![CDATA[2019-01-22 22:04:05 - [TEST_CASE][FAILED] - Test Cases/UI/Employee/Client Services/Account Maintenance/Account - Fields and buttons validation: Test Cases/UI/Employee/Client Services/Account Maintenance/Account - Fields and buttons validation FAILED.
Reason:
com.kms.katalon.core.exception.StepFailedException: Unable to click on object 'Object Repository/UI/Employee/Client Services/Account/a_SettingsMenu' (Root cause: com.kms.katalon.core.webui.exception.BrowserNotOpenedException: Browser is not opened
Build info: version: '3.7.1', revision: '8a0099a', time: '2017-11-06T21:07:36.161Z'
System info: host: 'TDG-MBL-MTY0359', ip: '192.168.1.97', os.name: 'Windows 10', os.arch: 'amd64', os.version: '10.0', java.version: '1.8.0_181'
Driver info: driver.version: unknown)
	at com.kms.katalon.core.keyword.internal.KeywordMain.stepFailed(KeywordMain.groovy:36)
	at com.kms.katalon.core.webui.keyword.internal.WebUIKeywordMain.stepFailed(WebUIKeywordMain.groovy:65)
	at com.kms.katalon.core.webui.keyword.internal.WebUIKeywordMain.runKeyword(WebUIKeywordMain.groovy:27)
	at com.kms.katalon.core.webui.keyword.builtin.ClickKeyword.click(ClickKeyword.groovy:86)
	at com.kms.katalon.core.webui.keyword.builtin.ClickKeyword.execute(ClickKeyword.groovy:67)
	at com.kms.katalon.core.keyword.internal.KeywordExecutor.executeKeywordForPlatform(KeywordExecutor.groovy:53)
	at com.kms.katalon.core.webui.keyword.WebUiBuiltInKeywords.click(WebUiBuiltInKeywords.groovy:616)
	at com.kms.katalon.core.webui.keyword.WebUiBuiltInKeywords$click$5.call(Unknown Source)
	at Account - Fields and buttons validation.run(Account - Fields and buttons validation:16)
	at com.kms.katalon.core.main.ScriptEngine.run(ScriptEngine.java:194)
	at com.kms.katalon.core.main.ScriptEngine.runScriptAsRawText(ScriptEngine.java:119)
	at com.kms.katalon.core.main.TestCaseExecutor.runScript(TestCaseExecutor.java:328)
	at com.kms.katalon.core.main.TestCaseExecutor.doExecute(TestCaseExecutor.java:319)
	at com.kms.katalon.core.main.TestCaseExecutor.processExecutionPhase(TestCaseExecutor.java:298)
	at com.kms.katalon.core.main.TestCaseExecutor.accessMainPhase(TestCaseExecutor.java:290)
	at com.kms.katalon.core.main.TestCaseExecutor.execute(TestCaseExecutor.java:224)
	at com.kms.katalon.core.main.TestSuiteExecutor.accessTestCaseMainPhase(TestSuiteExecutor.java:129)
	at com.kms.katalon.core.main.TestSuiteExecutor.accessTestSuiteMainPhase(TestSuiteExecutor.java:112)
	at com.kms.katalon.core.main.TestSuiteExecutor.execute(TestSuiteExecutor.java:81)
	at com.kms.katalon.core.main.TestCaseMain.startTestSuite(TestCaseMain.java:149)
	at com.kms.katalon.core.main.TestCaseMain$startTestSuite$0.call(Unknown Source)
	at TempTestSuite1548215797467.run(TempTestSuite1548215797467.groovy:36)


2019-01-22 22:04:05 - [TEST_STEP][FAILED] - click(findTestObject("UI/Employee/Client Services/Account/a_SettingsMenu")): click(findTestObject("UI/Employee/Client Services/Account/a_SettingsMenu")) FAILED.
Reason:
com.kms.katalon.core.exception.StepFailedException: Unable to click on object 'Object Repository/UI/Employee/Client Services/Account/a_SettingsMenu' (Root cause: com.kms.katalon.core.webui.exception.BrowserNotOpenedException: Browser is not opened
Build info: version: '3.7.1', revision: '8a0099a', time: '2017-11-06T21:07:36.161Z'
System info: host: 'TDG-MBL-MTY0359', ip: '192.168.1.97', os.name: 'Windows 10', os.arch: 'amd64', os.version: '10.0', java.version: '1.8.0_181'
Driver info: driver.version: unknown)
	at com.kms.katalon.core.keyword.internal.KeywordMain.stepFailed(KeywordMain.groovy:36)
	at com.kms.katalon.core.webui.keyword.internal.WebUIKeywordMain.stepFailed(WebUIKeywordMain.groovy:65)
	at com.kms.katalon.core.webui.keyword.internal.WebUIKeywordMain.runKeyword(WebUIKeywordMain.groovy:27)
	at com.kms.katalon.core.webui.keyword.builtin.ClickKeyword.click(ClickKeyword.groovy:86)
	at com.kms.katalon.core.webui.keyword.builtin.ClickKeyword.execute(ClickKeyword.groovy:67)
	at com.kms.katalon.core.keyword.internal.KeywordExecutor.executeKeywordForPlatform(KeywordExecutor.groovy:53)
	at com.kms.katalon.core.webui.keyword.WebUiBuiltInKeywords.click(WebUiBuiltInKeywords.groovy:616)
	at com.kms.katalon.core.webui.keyword.WebUiBuiltInKeywords$click$5.call(Unknown Source)
	at Account - Fields and buttons validation.run(Account - Fields and buttons validation:16)
	at com.kms.katalon.core.main.ScriptEngine.run(ScriptEngine.java:194)
	at com.kms.katalon.core.main.ScriptEngine.runScriptAsRawText(ScriptEngine.java:119)
	at com.kms.katalon.core.main.TestCaseExecutor.runScript(TestCaseExecutor.java:328)
	at com.kms.katalon.core.main.TestCaseExecutor.doExecute(TestCaseExecutor.java:319)
	at com.kms.katalon.core.main.TestCaseExecutor.processExecutionPhase(TestCaseExecutor.java:298)
	at com.kms.katalon.core.main.TestCaseExecutor.accessMainPhase(TestCaseExecutor.java:290)
	at com.kms.katalon.core.main.TestCaseExecutor.execute(TestCaseExecutor.java:224)
	at com.kms.katalon.core.main.TestSuiteExecutor.accessTestCaseMainPhase(TestSuiteExecutor.java:129)
	at com.kms.katalon.core.main.TestSuiteExecutor.accessTestSuiteMainPhase(TestSuiteExecutor.java:112)
	at com.kms.katalon.core.main.TestSuiteExecutor.execute(TestSuiteExecutor.java:81)
	at com.kms.katalon.core.main.TestCaseMain.startTestSuite(TestCaseMain.java:149)
	at com.kms.katalon.core.main.TestCaseMain$startTestSuite$0.call(Unknown Source)
	at TempTestSuite1548215797467.run(TempTestSuite1548215797467.groovy:36)


2019-01-22 22:04:05 - [MESSAGE][WARNING] - Cannot take screenshot

2019-01-22 22:04:05 - [MESSAGE][FAILED] - Unable to click on object 'Object Repository/UI/Employee/Client Services/Account/a_SettingsMenu' (Root cause: com.kms.katalon.core.webui.exception.BrowserNotOpenedException: Browser is not opened
Build info: version: '3.7.1', revision: '8a0099a', time: '2017-11-06T21:07:36.161Z'
System info: host: 'TDG-MBL-MTY0359', ip: '192.168.1.97', os.name: 'Windows 10', os.arch: 'amd64', os.version: '10.0', java.version: '1.8.0_181'
Driver info: driver.version: unknown)

2019-01-22 22:04:05 - [MESSAGE][FAILED] - click(findTestObject("UI/Employee/Client Services/Account/a_SettingsMenu")) FAILED.
Reason:
com.kms.katalon.core.exception.StepFailedException: Unable to click on object 'Object Repository/UI/Employee/Client Services/Account/a_SettingsMenu' (Root cause: com.kms.katalon.core.webui.exception.BrowserNotOpenedException: Browser is not opened
Build info: version: '3.7.1', revision: '8a0099a', time: '2017-11-06T21:07:36.161Z'
System info: host: 'TDG-MBL-MTY0359', ip: '192.168.1.97', os.name: 'Windows 10', os.arch: 'amd64', os.version: '10.0', java.version: '1.8.0_181'
Driver info: driver.version: unknown)
	at com.kms.katalon.core.keyword.internal.KeywordMain.stepFailed(KeywordMain.groovy:36)
	at com.kms.katalon.core.webui.keyword.internal.WebUIKeywordMain.stepFailed(WebUIKeywordMain.groovy:65)
	at com.kms.katalon.core.webui.keyword.internal.WebUIKeywordMain.runKeyword(WebUIKeywordMain.groovy:27)
	at com.kms.katalon.core.webui.keyword.builtin.ClickKeyword.click(ClickKeyword.groovy:86)
	at com.kms.katalon.core.webui.keyword.builtin.ClickKeyword.execute(ClickKeyword.groovy:67)
	at com.kms.katalon.core.keyword.internal.KeywordExecutor.executeKeywordForPlatform(KeywordExecutor.groovy:53)
	at com.kms.katalon.core.webui.keyword.WebUiBuiltInKeywords.click(WebUiBuiltInKeywords.groovy:616)
	at com.kms.katalon.core.webui.keyword.WebUiBuiltInKeywords$click$5.call(Unknown Source)
	at Account - Fields and buttons validation.run(Account - Fields and buttons validation:16)
	at com.kms.katalon.core.main.ScriptEngine.run(ScriptEngine.java:194)
	at com.kms.katalon.core.main.ScriptEngine.runScriptAsRawText(ScriptEngine.java:119)
	at com.kms.katalon.core.main.TestCaseExecutor.runScript(TestCaseExecutor.java:328)
	at com.kms.katalon.core.main.TestCaseExecutor.doExecute(TestCaseExecutor.java:319)
	at com.kms.katalon.core.main.TestCaseExecutor.processExecutionPhase(TestCaseExecutor.java:298)
	at com.kms.katalon.core.main.TestCaseExecutor.accessMainPhase(TestCaseExecutor.java:290)
	at com.kms.katalon.core.main.TestCaseExecutor.execute(TestCaseExecutor.java:224)
	at com.kms.katalon.core.main.TestSuiteExecutor.accessTestCaseMainPhase(TestSuiteExecutor.java:129)
	at com.kms.katalon.core.main.TestSuiteExecutor.accessTestSuiteMainPhase(TestSuiteExecutor.java:112)
	at com.kms.katalon.core.main.TestSuiteExecutor.execute(TestSuiteExecutor.java:81)
	at com.kms.katalon.core.main.TestCaseMain.startTestSuite(TestCaseMain.java:149)
	at com.kms.katalon.core.main.TestCaseMain$startTestSuite$0.call(Unknown Source)
	at TempTestSuite1548215797467.run(TempTestSuite1548215797467.groovy:36)]]></system-out>
         <system-err><![CDATA[2019-01-22 22:04:05 - [TEST_CASE][FAILED] - Test Cases/UI/Employee/Client Services/Account Maintenance/Account - Fields and buttons validation: Test Cases/UI/Employee/Client Services/Account Maintenance/Account - Fields and buttons validation FAILED.
Reason:
com.kms.katalon.core.exception.StepFailedException: Unable to click on object 'Object Repository/UI/Employee/Client Services/Account/a_SettingsMenu' (Root cause: com.kms.katalon.core.webui.exception.BrowserNotOpenedException: Browser is not opened
Build info: version: '3.7.1', revision: '8a0099a', time: '2017-11-06T21:07:36.161Z'
System info: host: 'TDG-MBL-MTY0359', ip: '192.168.1.97', os.name: 'Windows 10', os.arch: 'amd64', os.version: '10.0', java.version: '1.8.0_181'
Driver info: driver.version: unknown)
	at com.kms.katalon.core.keyword.internal.KeywordMain.stepFailed(KeywordMain.groovy:36)
	at com.kms.katalon.core.webui.keyword.internal.WebUIKeywordMain.stepFailed(WebUIKeywordMain.groovy:65)
	at com.kms.katalon.core.webui.keyword.internal.WebUIKeywordMain.runKeyword(WebUIKeywordMain.groovy:27)
	at com.kms.katalon.core.webui.keyword.builtin.ClickKeyword.click(ClickKeyword.groovy:86)
	at com.kms.katalon.core.webui.keyword.builtin.ClickKeyword.execute(ClickKeyword.groovy:67)
	at com.kms.katalon.core.keyword.internal.KeywordExecutor.executeKeywordForPlatform(KeywordExecutor.groovy:53)
	at com.kms.katalon.core.webui.keyword.WebUiBuiltInKeywords.click(WebUiBuiltInKeywords.groovy:616)
	at com.kms.katalon.core.webui.keyword.WebUiBuiltInKeywords$click$5.call(Unknown Source)
	at Account - Fields and buttons validation.run(Account - Fields and buttons validation:16)
	at com.kms.katalon.core.main.ScriptEngine.run(ScriptEngine.java:194)
	at com.kms.katalon.core.main.ScriptEngine.runScriptAsRawText(ScriptEngine.java:119)
	at com.kms.katalon.core.main.TestCaseExecutor.runScript(TestCaseExecutor.java:328)
	at com.kms.katalon.core.main.TestCaseExecutor.doExecute(TestCaseExecutor.java:319)
	at com.kms.katalon.core.main.TestCaseExecutor.processExecutionPhase(TestCaseExecutor.java:298)
	at com.kms.katalon.core.main.TestCaseExecutor.accessMainPhase(TestCaseExecutor.java:290)
	at com.kms.katalon.core.main.TestCaseExecutor.execute(TestCaseExecutor.java:224)
	at com.kms.katalon.core.main.TestSuiteExecutor.accessTestCaseMainPhase(TestSuiteExecutor.java:129)
	at com.kms.katalon.core.main.TestSuiteExecutor.accessTestSuiteMainPhase(TestSuiteExecutor.java:112)
	at com.kms.katalon.core.main.TestSuiteExecutor.execute(TestSuiteExecutor.java:81)
	at com.kms.katalon.core.main.TestCaseMain.startTestSuite(TestCaseMain.java:149)
	at com.kms.katalon.core.main.TestCaseMain$startTestSuite$0.call(Unknown Source)
	at TempTestSuite1548215797467.run(TempTestSuite1548215797467.groovy:36)]]></system-err>
      </testcase>
      <testcase name="Test Cases/UI/Employee/Client Services/Account Maintenance/Account - Fields can be modified and saved" classname="Test Cases/UI/Employee/Client Services/Account Maintenance/Account - Fields can be modified and saved" status="FAILED">
         <failure type="FAILED" message="Test Cases/UI/Employee/Client Services/Account Maintenance/Account - Fields can be modified and saved FAILED.
Reason:
com.kms.katalon.core.exception.StepFailedException: Unable to click on object 'Object Repository/UI/Employee/Client Services/Account/a_SettingsMenu' (Root cause: com.kms.katalon.core.webui.exception.BrowserNotOpenedException: Browser is not opened
Build info: version: '3.7.1', revision: '8a0099a', time: '2017-11-06T21:07:36.161Z'
System info: host: 'TDG-MBL-MTY0359', ip: '192.168.1.97', os.name: 'Windows 10', os.arch: 'amd64', os.version: '10.0', java.version: '1.8.0_181'
Driver info: driver.version: unknown)
	at com.kms.katalon.core.keyword.internal.KeywordMain.stepFailed(KeywordMain.groovy:36)
	at com.kms.katalon.core.webui.keyword.internal.WebUIKeywordMain.stepFailed(WebUIKeywordMain.groovy:65)
	at com.kms.katalon.core.webui.keyword.internal.WebUIKeywordMain.runKeyword(WebUIKeywordMain.groovy:27)
	at com.kms.katalon.core.webui.keyword.builtin.ClickKeyword.click(ClickKeyword.groovy:86)
	at com.kms.katalon.core.webui.keyword.builtin.ClickKeyword.execute(ClickKeyword.groovy:67)
	at com.kms.katalon.core.keyword.internal.KeywordExecutor.executeKeywordForPlatform(KeywordExecutor.groovy:53)
	at com.kms.katalon.core.webui.keyword.WebUiBuiltInKeywords.click(WebUiBuiltInKeywords.groovy:616)
	at com.kms.katalon.core.webui.keyword.WebUiBuiltInKeywords$click$5.call(Unknown Source)
	at Account - Fields can be modified and saved.run(Account - Fields can be modified and saved:16)
	at com.kms.katalon.core.main.ScriptEngine.run(ScriptEngine.java:194)
	at com.kms.katalon.core.main.ScriptEngine.runScriptAsRawText(ScriptEngine.java:119)
	at com.kms.katalon.core.main.TestCaseExecutor.runScript(TestCaseExecutor.java:328)
	at com.kms.katalon.core.main.TestCaseExecutor.doExecute(TestCaseExecutor.java:319)
	at com.kms.katalon.core.main.TestCaseExecutor.processExecutionPhase(TestCaseExecutor.java:298)
	at com.kms.katalon.core.main.TestCaseExecutor.accessMainPhase(TestCaseExecutor.java:290)
	at com.kms.katalon.core.main.TestCaseExecutor.execute(TestCaseExecutor.java:224)
	at com.kms.katalon.core.main.TestSuiteExecutor.accessTestCaseMainPhase(TestSuiteExecutor.java:129)
	at com.kms.katalon.core.main.TestSuiteExecutor.accessTestSuiteMainPhase(TestSuiteExecutor.java:112)
	at com.kms.katalon.core.main.TestSuiteExecutor.execute(TestSuiteExecutor.java:81)
	at com.kms.katalon.core.main.TestCaseMain.startTestSuite(TestCaseMain.java:149)
	at com.kms.katalon.core.main.TestCaseMain$startTestSuite$0.call(Unknown Source)
	at TempTestSuite1548215797467.run(TempTestSuite1548215797467.groovy:36)
"/>
         <system-out><![CDATA[2019-01-22 22:04:05 - [TEST_CASE][FAILED] - Test Cases/UI/Employee/Client Services/Account Maintenance/Account - Fields can be modified and saved: Test Cases/UI/Employee/Client Services/Account Maintenance/Account - Fields can be modified and saved FAILED.
Reason:
com.kms.katalon.core.exception.StepFailedException: Unable to click on object 'Object Repository/UI/Employee/Client Services/Account/a_SettingsMenu' (Root cause: com.kms.katalon.core.webui.exception.BrowserNotOpenedException: Browser is not opened
Build info: version: '3.7.1', revision: '8a0099a', time: '2017-11-06T21:07:36.161Z'
System info: host: 'TDG-MBL-MTY0359', ip: '192.168.1.97', os.name: 'Windows 10', os.arch: 'amd64', os.version: '10.0', java.version: '1.8.0_181'
Driver info: driver.version: unknown)
	at com.kms.katalon.core.keyword.internal.KeywordMain.stepFailed(KeywordMain.groovy:36)
	at com.kms.katalon.core.webui.keyword.internal.WebUIKeywordMain.stepFailed(WebUIKeywordMain.groovy:65)
	at com.kms.katalon.core.webui.keyword.internal.WebUIKeywordMain.runKeyword(WebUIKeywordMain.groovy:27)
	at com.kms.katalon.core.webui.keyword.builtin.ClickKeyword.click(ClickKeyword.groovy:86)
	at com.kms.katalon.core.webui.keyword.builtin.ClickKeyword.execute(ClickKeyword.groovy:67)
	at com.kms.katalon.core.keyword.internal.KeywordExecutor.executeKeywordForPlatform(KeywordExecutor.groovy:53)
	at com.kms.katalon.core.webui.keyword.WebUiBuiltInKeywords.click(WebUiBuiltInKeywords.groovy:616)
	at com.kms.katalon.core.webui.keyword.WebUiBuiltInKeywords$click$5.call(Unknown Source)
	at Account - Fields can be modified and saved.run(Account - Fields can be modified and saved:16)
	at com.kms.katalon.core.main.ScriptEngine.run(ScriptEngine.java:194)
	at com.kms.katalon.core.main.ScriptEngine.runScriptAsRawText(ScriptEngine.java:119)
	at com.kms.katalon.core.main.TestCaseExecutor.runScript(TestCaseExecutor.java:328)
	at com.kms.katalon.core.main.TestCaseExecutor.doExecute(TestCaseExecutor.java:319)
	at com.kms.katalon.core.main.TestCaseExecutor.processExecutionPhase(TestCaseExecutor.java:298)
	at com.kms.katalon.core.main.TestCaseExecutor.accessMainPhase(TestCaseExecutor.java:290)
	at com.kms.katalon.core.main.TestCaseExecutor.execute(TestCaseExecutor.java:224)
	at com.kms.katalon.core.main.TestSuiteExecutor.accessTestCaseMainPhase(TestSuiteExecutor.java:129)
	at com.kms.katalon.core.main.TestSuiteExecutor.accessTestSuiteMainPhase(TestSuiteExecutor.java:112)
	at com.kms.katalon.core.main.TestSuiteExecutor.execute(TestSuiteExecutor.java:81)
	at com.kms.katalon.core.main.TestCaseMain.startTestSuite(TestCaseMain.java:149)
	at com.kms.katalon.core.main.TestCaseMain$startTestSuite$0.call(Unknown Source)
	at TempTestSuite1548215797467.run(TempTestSuite1548215797467.groovy:36)


2019-01-22 22:04:05 - [TEST_STEP][FAILED] - click(findTestObject("UI/Employee/Client Services/Account/a_SettingsMenu")): click(findTestObject("UI/Employee/Client Services/Account/a_SettingsMenu")) FAILED.
Reason:
com.kms.katalon.core.exception.StepFailedException: Unable to click on object 'Object Repository/UI/Employee/Client Services/Account/a_SettingsMenu' (Root cause: com.kms.katalon.core.webui.exception.BrowserNotOpenedException: Browser is not opened
Build info: version: '3.7.1', revision: '8a0099a', time: '2017-11-06T21:07:36.161Z'
System info: host: 'TDG-MBL-MTY0359', ip: '192.168.1.97', os.name: 'Windows 10', os.arch: 'amd64', os.version: '10.0', java.version: '1.8.0_181'
Driver info: driver.version: unknown)
	at com.kms.katalon.core.keyword.internal.KeywordMain.stepFailed(KeywordMain.groovy:36)
	at com.kms.katalon.core.webui.keyword.internal.WebUIKeywordMain.stepFailed(WebUIKeywordMain.groovy:65)
	at com.kms.katalon.core.webui.keyword.internal.WebUIKeywordMain.runKeyword(WebUIKeywordMain.groovy:27)
	at com.kms.katalon.core.webui.keyword.builtin.ClickKeyword.click(ClickKeyword.groovy:86)
	at com.kms.katalon.core.webui.keyword.builtin.ClickKeyword.execute(ClickKeyword.groovy:67)
	at com.kms.katalon.core.keyword.internal.KeywordExecutor.executeKeywordForPlatform(KeywordExecutor.groovy:53)
	at com.kms.katalon.core.webui.keyword.WebUiBuiltInKeywords.click(WebUiBuiltInKeywords.groovy:616)
	at com.kms.katalon.core.webui.keyword.WebUiBuiltInKeywords$click$5.call(Unknown Source)
	at Account - Fields can be modified and saved.run(Account - Fields can be modified and saved:16)
	at com.kms.katalon.core.main.ScriptEngine.run(ScriptEngine.java:194)
	at com.kms.katalon.core.main.ScriptEngine.runScriptAsRawText(ScriptEngine.java:119)
	at com.kms.katalon.core.main.TestCaseExecutor.runScript(TestCaseExecutor.java:328)
	at com.kms.katalon.core.main.TestCaseExecutor.doExecute(TestCaseExecutor.java:319)
	at com.kms.katalon.core.main.TestCaseExecutor.processExecutionPhase(TestCaseExecutor.java:298)
	at com.kms.katalon.core.main.TestCaseExecutor.accessMainPhase(TestCaseExecutor.java:290)
	at com.kms.katalon.core.main.TestCaseExecutor.execute(TestCaseExecutor.java:224)
	at com.kms.katalon.core.main.TestSuiteExecutor.accessTestCaseMainPhase(TestSuiteExecutor.java:129)
	at com.kms.katalon.core.main.TestSuiteExecutor.accessTestSuiteMainPhase(TestSuiteExecutor.java:112)
	at com.kms.katalon.core.main.TestSuiteExecutor.execute(TestSuiteExecutor.java:81)
	at com.kms.katalon.core.main.TestCaseMain.startTestSuite(TestCaseMain.java:149)
	at com.kms.katalon.core.main.TestCaseMain$startTestSuite$0.call(Unknown Source)
	at TempTestSuite1548215797467.run(TempTestSuite1548215797467.groovy:36)


2019-01-22 22:04:05 - [MESSAGE][WARNING] - Cannot take screenshot

2019-01-22 22:04:05 - [MESSAGE][FAILED] - Unable to click on object 'Object Repository/UI/Employee/Client Services/Account/a_SettingsMenu' (Root cause: com.kms.katalon.core.webui.exception.BrowserNotOpenedException: Browser is not opened
Build info: version: '3.7.1', revision: '8a0099a', time: '2017-11-06T21:07:36.161Z'
System info: host: 'TDG-MBL-MTY0359', ip: '192.168.1.97', os.name: 'Windows 10', os.arch: 'amd64', os.version: '10.0', java.version: '1.8.0_181'
Driver info: driver.version: unknown)

2019-01-22 22:04:05 - [MESSAGE][FAILED] - click(findTestObject("UI/Employee/Client Services/Account/a_SettingsMenu")) FAILED.
Reason:
com.kms.katalon.core.exception.StepFailedException: Unable to click on object 'Object Repository/UI/Employee/Client Services/Account/a_SettingsMenu' (Root cause: com.kms.katalon.core.webui.exception.BrowserNotOpenedException: Browser is not opened
Build info: version: '3.7.1', revision: '8a0099a', time: '2017-11-06T21:07:36.161Z'
System info: host: 'TDG-MBL-MTY0359', ip: '192.168.1.97', os.name: 'Windows 10', os.arch: 'amd64', os.version: '10.0', java.version: '1.8.0_181'
Driver info: driver.version: unknown)
	at com.kms.katalon.core.keyword.internal.KeywordMain.stepFailed(KeywordMain.groovy:36)
	at com.kms.katalon.core.webui.keyword.internal.WebUIKeywordMain.stepFailed(WebUIKeywordMain.groovy:65)
	at com.kms.katalon.core.webui.keyword.internal.WebUIKeywordMain.runKeyword(WebUIKeywordMain.groovy:27)
	at com.kms.katalon.core.webui.keyword.builtin.ClickKeyword.click(ClickKeyword.groovy:86)
	at com.kms.katalon.core.webui.keyword.builtin.ClickKeyword.execute(ClickKeyword.groovy:67)
	at com.kms.katalon.core.keyword.internal.KeywordExecutor.executeKeywordForPlatform(KeywordExecutor.groovy:53)
	at com.kms.katalon.core.webui.keyword.WebUiBuiltInKeywords.click(WebUiBuiltInKeywords.groovy:616)
	at com.kms.katalon.core.webui.keyword.WebUiBuiltInKeywords$click$5.call(Unknown Source)
	at Account - Fields can be modified and saved.run(Account - Fields can be modified and saved:16)
	at com.kms.katalon.core.main.ScriptEngine.run(ScriptEngine.java:194)
	at com.kms.katalon.core.main.ScriptEngine.runScriptAsRawText(ScriptEngine.java:119)
	at com.kms.katalon.core.main.TestCaseExecutor.runScript(TestCaseExecutor.java:328)
	at com.kms.katalon.core.main.TestCaseExecutor.doExecute(TestCaseExecutor.java:319)
	at com.kms.katalon.core.main.TestCaseExecutor.processExecutionPhase(TestCaseExecutor.java:298)
	at com.kms.katalon.core.main.TestCaseExecutor.accessMainPhase(TestCaseExecutor.java:290)
	at com.kms.katalon.core.main.TestCaseExecutor.execute(TestCaseExecutor.java:224)
	at com.kms.katalon.core.main.TestSuiteExecutor.accessTestCaseMainPhase(TestSuiteExecutor.java:129)
	at com.kms.katalon.core.main.TestSuiteExecutor.accessTestSuiteMainPhase(TestSuiteExecutor.java:112)
	at com.kms.katalon.core.main.TestSuiteExecutor.execute(TestSuiteExecutor.java:81)
	at com.kms.katalon.core.main.TestCaseMain.startTestSuite(TestCaseMain.java:149)
	at com.kms.katalon.core.main.TestCaseMain$startTestSuite$0.call(Unknown Source)
	at TempTestSuite1548215797467.run(TempTestSuite1548215797467.groovy:36)]]></system-out>
         <system-err><![CDATA[2019-01-22 22:04:05 - [TEST_CASE][FAILED] - Test Cases/UI/Employee/Client Services/Account Maintenance/Account - Fields can be modified and saved: Test Cases/UI/Employee/Client Services/Account Maintenance/Account - Fields can be modified and saved FAILED.
Reason:
com.kms.katalon.core.exception.StepFailedException: Unable to click on object 'Object Repository/UI/Employee/Client Services/Account/a_SettingsMenu' (Root cause: com.kms.katalon.core.webui.exception.BrowserNotOpenedException: Browser is not opened
Build info: version: '3.7.1', revision: '8a0099a', time: '2017-11-06T21:07:36.161Z'
System info: host: 'TDG-MBL-MTY0359', ip: '192.168.1.97', os.name: 'Windows 10', os.arch: 'amd64', os.version: '10.0', java.version: '1.8.0_181'
Driver info: driver.version: unknown)
	at com.kms.katalon.core.keyword.internal.KeywordMain.stepFailed(KeywordMain.groovy:36)
	at com.kms.katalon.core.webui.keyword.internal.WebUIKeywordMain.stepFailed(WebUIKeywordMain.groovy:65)
	at com.kms.katalon.core.webui.keyword.internal.WebUIKeywordMain.runKeyword(WebUIKeywordMain.groovy:27)
	at com.kms.katalon.core.webui.keyword.builtin.ClickKeyword.click(ClickKeyword.groovy:86)
	at com.kms.katalon.core.webui.keyword.builtin.ClickKeyword.execute(ClickKeyword.groovy:67)
	at com.kms.katalon.core.keyword.internal.KeywordExecutor.executeKeywordForPlatform(KeywordExecutor.groovy:53)
	at com.kms.katalon.core.webui.keyword.WebUiBuiltInKeywords.click(WebUiBuiltInKeywords.groovy:616)
	at com.kms.katalon.core.webui.keyword.WebUiBuiltInKeywords$click$5.call(Unknown Source)
	at Account - Fields can be modified and saved.run(Account - Fields can be modified and saved:16)
	at com.kms.katalon.core.main.ScriptEngine.run(ScriptEngine.java:194)
	at com.kms.katalon.core.main.ScriptEngine.runScriptAsRawText(ScriptEngine.java:119)
	at com.kms.katalon.core.main.TestCaseExecutor.runScript(TestCaseExecutor.java:328)
	at com.kms.katalon.core.main.TestCaseExecutor.doExecute(TestCaseExecutor.java:319)
	at com.kms.katalon.core.main.TestCaseExecutor.processExecutionPhase(TestCaseExecutor.java:298)
	at com.kms.katalon.core.main.TestCaseExecutor.accessMainPhase(TestCaseExecutor.java:290)
	at com.kms.katalon.core.main.TestCaseExecutor.execute(TestCaseExecutor.java:224)
	at com.kms.katalon.core.main.TestSuiteExecutor.accessTestCaseMainPhase(TestSuiteExecutor.java:129)
	at com.kms.katalon.core.main.TestSuiteExecutor.accessTestSuiteMainPhase(TestSuiteExecutor.java:112)
	at com.kms.katalon.core.main.TestSuiteExecutor.execute(TestSuiteExecutor.java:81)
	at com.kms.katalon.core.main.TestCaseMain.startTestSuite(TestCaseMain.java:149)
	at com.kms.katalon.core.main.TestCaseMain$startTestSuite$0.call(Unknown Source)
	at TempTestSuite1548215797467.run(TempTestSuite1548215797467.groovy:36)]]></system-err>
      </testcase>
      <testcase name="Test Cases/UI/Employee/Client Services/Forgot Password/Forgot password - Incorrect code and clicks submit" classname="Test Cases/UI/Employee/Client Services/Forgot Password/Forgot password - Incorrect code and clicks submit" status="FAILED">
         <failure type="FAILED" message="Test Cases/UI/Employee/Client Services/Forgot Password/Forgot password - Incorrect code and clicks submit FAILED.
Reason:
com.kms.katalon.core.exception.StepFailedException: Unable to send keys 'test' to object 'Object Repository/UI/Employee/Client Services/ForgotPassword/input_ForgotPassword_Code TextBox' (Root cause: com.kms.katalon.core.webui.exception.BrowserNotOpenedException: Browser is not opened
Build info: version: '3.7.1', revision: '8a0099a', time: '2017-11-06T21:07:36.161Z'
System info: host: 'TDG-MBL-MTY0359', ip: '192.168.1.97', os.name: 'Windows 10', os.arch: 'amd64', os.version: '10.0', java.version: '1.8.0_181'
Driver info: driver.version: unknown)
	at com.kms.katalon.core.keyword.internal.KeywordMain.stepFailed(KeywordMain.groovy:36)
	at com.kms.katalon.core.webui.keyword.internal.WebUIKeywordMain.stepFailed(WebUIKeywordMain.groovy:65)
	at com.kms.katalon.core.webui.keyword.internal.WebUIKeywordMain.runKeyword(WebUIKeywordMain.groovy:27)
	at com.kms.katalon.core.webui.keyword.builtin.SendKeysKeyword.sendKeys(SendKeysKeyword.groovy:60)
	at com.kms.katalon.core.webui.keyword.builtin.SendKeysKeyword.execute(SendKeysKeyword.groovy:38)
	at com.kms.katalon.core.keyword.internal.KeywordExecutor.executeKeywordForPlatform(KeywordExecutor.groovy:53)
	at com.kms.katalon.core.webui.keyword.WebUiBuiltInKeywords.sendKeys(WebUiBuiltInKeywords.groovy:834)
	at com.kms.katalon.core.webui.keyword.WebUiBuiltInKeywords$sendKeys$16.call(Unknown Source)
	at Forgot password - Incorrect code and clicks submit.run(Forgot password - Incorrect code and clicks submit:36)
	at com.kms.katalon.core.main.ScriptEngine.run(ScriptEngine.java:194)
	at com.kms.katalon.core.main.ScriptEngine.runScriptAsRawText(ScriptEngine.java:119)
	at com.kms.katalon.core.main.TestCaseExecutor.runScript(TestCaseExecutor.java:328)
	at com.kms.katalon.core.main.TestCaseExecutor.doExecute(TestCaseExecutor.java:319)
	at com.kms.katalon.core.main.TestCaseExecutor.processExecutionPhase(TestCaseExecutor.java:298)
	at com.kms.katalon.core.main.TestCaseExecutor.accessMainPhase(TestCaseExecutor.java:290)
	at com.kms.katalon.core.main.TestCaseExecutor.execute(TestCaseExecutor.java:224)
	at com.kms.katalon.core.main.TestSuiteExecutor.accessTestCaseMainPhase(TestSuiteExecutor.java:129)
	at com.kms.katalon.core.main.TestSuiteExecutor.accessTestSuiteMainPhase(TestSuiteExecutor.java:112)
	at com.kms.katalon.core.main.TestSuiteExecutor.execute(TestSuiteExecutor.java:81)
	at com.kms.katalon.core.main.TestCaseMain.startTestSuite(TestCaseMain.java:149)
	at com.kms.katalon.core.main.TestCaseMain$startTestSuite$0.call(Unknown Source)
	at TempTestSuite1548215797467.run(TempTestSuite1548215797467.groovy:36)
"/>
         <system-out><![CDATA[2019-01-22 22:04:05 - [TEST_CASE][FAILED] - Test Cases/UI/Employee/Client Services/Forgot Password/Forgot password - Incorrect code and clicks submit: Test Cases/UI/Employee/Client Services/Forgot Password/Forgot password - Incorrect code and clicks submit FAILED.
Reason:
com.kms.katalon.core.exception.StepFailedException: Unable to send keys 'test' to object 'Object Repository/UI/Employee/Client Services/ForgotPassword/input_ForgotPassword_Code TextBox' (Root cause: com.kms.katalon.core.webui.exception.BrowserNotOpenedException: Browser is not opened
Build info: version: '3.7.1', revision: '8a0099a', time: '2017-11-06T21:07:36.161Z'
System info: host: 'TDG-MBL-MTY0359', ip: '192.168.1.97', os.name: 'Windows 10', os.arch: 'amd64', os.version: '10.0', java.version: '1.8.0_181'
Driver info: driver.version: unknown)
	at com.kms.katalon.core.keyword.internal.KeywordMain.stepFailed(KeywordMain.groovy:36)
	at com.kms.katalon.core.webui.keyword.internal.WebUIKeywordMain.stepFailed(WebUIKeywordMain.groovy:65)
	at com.kms.katalon.core.webui.keyword.internal.WebUIKeywordMain.runKeyword(WebUIKeywordMain.groovy:27)
	at com.kms.katalon.core.webui.keyword.builtin.SendKeysKeyword.sendKeys(SendKeysKeyword.groovy:60)
	at com.kms.katalon.core.webui.keyword.builtin.SendKeysKeyword.execute(SendKeysKeyword.groovy:38)
	at com.kms.katalon.core.keyword.internal.KeywordExecutor.executeKeywordForPlatform(KeywordExecutor.groovy:53)
	at com.kms.katalon.core.webui.keyword.WebUiBuiltInKeywords.sendKeys(WebUiBuiltInKeywords.groovy:834)
	at com.kms.katalon.core.webui.keyword.WebUiBuiltInKeywords$sendKeys$16.call(Unknown Source)
	at Forgot password - Incorrect code and clicks submit.run(Forgot password - Incorrect code and clicks submit:36)
	at com.kms.katalon.core.main.ScriptEngine.run(ScriptEngine.java:194)
	at com.kms.katalon.core.main.ScriptEngine.runScriptAsRawText(ScriptEngine.java:119)
	at com.kms.katalon.core.main.TestCaseExecutor.runScript(TestCaseExecutor.java:328)
	at com.kms.katalon.core.main.TestCaseExecutor.doExecute(TestCaseExecutor.java:319)
	at com.kms.katalon.core.main.TestCaseExecutor.processExecutionPhase(TestCaseExecutor.java:298)
	at com.kms.katalon.core.main.TestCaseExecutor.accessMainPhase(TestCaseExecutor.java:290)
	at com.kms.katalon.core.main.TestCaseExecutor.execute(TestCaseExecutor.java:224)
	at com.kms.katalon.core.main.TestSuiteExecutor.accessTestCaseMainPhase(TestSuiteExecutor.java:129)
	at com.kms.katalon.core.main.TestSuiteExecutor.accessTestSuiteMainPhase(TestSuiteExecutor.java:112)
	at com.kms.katalon.core.main.TestSuiteExecutor.execute(TestSuiteExecutor.java:81)
	at com.kms.katalon.core.main.TestCaseMain.startTestSuite(TestCaseMain.java:149)
	at com.kms.katalon.core.main.TestCaseMain$startTestSuite$0.call(Unknown Source)
	at TempTestSuite1548215797467.run(TempTestSuite1548215797467.groovy:36)


2019-01-22 22:04:05 - [TEST_STEP][NOT_RUN] - click(findTestObject("UI/Employee/Client Services/ForgotPassword/a_ForgotPassword")): NOT_RUN: click(findTestObject("UI/Employee/Client Services/ForgotPassword/a_ForgotPassword"))

2019-01-22 22:04:05 - [MESSAGE][NOT_RUN] - NOT_RUN: click(findTestObject("UI/Employee/Client Services/ForgotPassword/a_ForgotPassword"))

2019-01-22 22:04:05 - [TEST_STEP][NOT_RUN] - waitForElementPresent(findTestObject("UI/Employee/Client Services/ForgotPassword/div_Forgot Password Title"), 5): NOT_RUN: waitForElementPresent(findTestObject("UI/Employee/Client Services/ForgotPassword/div_Forgot Password Title"), 5)

2019-01-22 22:04:05 - [MESSAGE][NOT_RUN] - NOT_RUN: waitForElementPresent(findTestObject("UI/Employee/Client Services/ForgotPassword/div_Forgot Password Title"), 5)

2019-01-22 22:04:05 - [TEST_STEP][NOT_RUN] - waitForElementVisible(findTestObject("UI/Employee/Client Services/ForgotPassword/div_Forgot Password Title"), 5): NOT_RUN: waitForElementVisible(findTestObject("UI/Employee/Client Services/ForgotPassword/div_Forgot Password Title"), 5)

2019-01-22 22:04:05 - [MESSAGE][NOT_RUN] - NOT_RUN: waitForElementVisible(findTestObject("UI/Employee/Client Services/ForgotPassword/div_Forgot Password Title"), 5)

2019-01-22 22:04:05 - [TEST_STEP][NOT_RUN] - waitForElementPresent(findTestObject("UI/Employee/Client Services/ForgotPassword/input_ForgotPassword_Code TextBox"), 5): NOT_RUN: waitForElementPresent(findTestObject("UI/Employee/Client Services/ForgotPassword/input_ForgotPassword_Code TextBox"), 5)

2019-01-22 22:04:05 - [MESSAGE][NOT_RUN] - NOT_RUN: waitForElementPresent(findTestObject("UI/Employee/Client Services/ForgotPassword/input_ForgotPassword_Code TextBox"), 5)

2019-01-22 22:04:05 - [TEST_STEP][NOT_RUN] - waitForElementVisible(findTestObject("UI/Employee/Client Services/ForgotPassword/input_ForgotPassword_Code TextBox"), 5): NOT_RUN: waitForElementVisible(findTestObject("UI/Employee/Client Services/ForgotPassword/input_ForgotPassword_Code TextBox"), 5)

2019-01-22 22:04:05 - [MESSAGE][NOT_RUN] - NOT_RUN: waitForElementVisible(findTestObject("UI/Employee/Client Services/ForgotPassword/input_ForgotPassword_Code TextBox"), 5)

2019-01-22 22:04:05 - [TEST_STEP][NOT_RUN] - waitForElementPresent(findTestObject("UI/Employee/Client Services/ForgotPassword/input_ForgotPassword_Submit Button"), 5): NOT_RUN: waitForElementPresent(findTestObject("UI/Employee/Client Services/ForgotPassword/input_ForgotPassword_Submit Button"), 5)

2019-01-22 22:04:05 - [MESSAGE][NOT_RUN] - NOT_RUN: waitForElementPresent(findTestObject("UI/Employee/Client Services/ForgotPassword/input_ForgotPassword_Submit Button"), 5)

2019-01-22 22:04:05 - [TEST_STEP][NOT_RUN] - waitForElementVisible(findTestObject("UI/Employee/Client Services/ForgotPassword/input_ForgotPassword_Submit Button"), 5): NOT_RUN: waitForElementVisible(findTestObject("UI/Employee/Client Services/ForgotPassword/input_ForgotPassword_Submit Button"), 5)

2019-01-22 22:04:05 - [MESSAGE][NOT_RUN] - NOT_RUN: waitForElementVisible(findTestObject("UI/Employee/Client Services/ForgotPassword/input_ForgotPassword_Submit Button"), 5)

2019-01-22 22:04:05 - [TEST_STEP][FAILED] - sendKeys(findTestObject("UI/Employee/Client Services/ForgotPassword/input_ForgotPassword_Code TextBox"), "test"): sendKeys(findTestObject("UI/Employee/Client Services/ForgotPassword/input_ForgotPassword_Code TextBox"), "test") FAILED.
Reason:
com.kms.katalon.core.exception.StepFailedException: Unable to send keys 'test' to object 'Object Repository/UI/Employee/Client Services/ForgotPassword/input_ForgotPassword_Code TextBox' (Root cause: com.kms.katalon.core.webui.exception.BrowserNotOpenedException: Browser is not opened
Build info: version: '3.7.1', revision: '8a0099a', time: '2017-11-06T21:07:36.161Z'
System info: host: 'TDG-MBL-MTY0359', ip: '192.168.1.97', os.name: 'Windows 10', os.arch: 'amd64', os.version: '10.0', java.version: '1.8.0_181'
Driver info: driver.version: unknown)
	at com.kms.katalon.core.keyword.internal.KeywordMain.stepFailed(KeywordMain.groovy:36)
	at com.kms.katalon.core.webui.keyword.internal.WebUIKeywordMain.stepFailed(WebUIKeywordMain.groovy:65)
	at com.kms.katalon.core.webui.keyword.internal.WebUIKeywordMain.runKeyword(WebUIKeywordMain.groovy:27)
	at com.kms.katalon.core.webui.keyword.builtin.SendKeysKeyword.sendKeys(SendKeysKeyword.groovy:60)
	at com.kms.katalon.core.webui.keyword.builtin.SendKeysKeyword.execute(SendKeysKeyword.groovy:38)
	at com.kms.katalon.core.keyword.internal.KeywordExecutor.executeKeywordForPlatform(KeywordExecutor.groovy:53)
	at com.kms.katalon.core.webui.keyword.WebUiBuiltInKeywords.sendKeys(WebUiBuiltInKeywords.groovy:834)
	at com.kms.katalon.core.webui.keyword.WebUiBuiltInKeywords$sendKeys$16.call(Unknown Source)
	at Forgot password - Incorrect code and clicks submit.run(Forgot password - Incorrect code and clicks submit:36)
	at com.kms.katalon.core.main.ScriptEngine.run(ScriptEngine.java:194)
	at com.kms.katalon.core.main.ScriptEngine.runScriptAsRawText(ScriptEngine.java:119)
	at com.kms.katalon.core.main.TestCaseExecutor.runScript(TestCaseExecutor.java:328)
	at com.kms.katalon.core.main.TestCaseExecutor.doExecute(TestCaseExecutor.java:319)
	at com.kms.katalon.core.main.TestCaseExecutor.processExecutionPhase(TestCaseExecutor.java:298)
	at com.kms.katalon.core.main.TestCaseExecutor.accessMainPhase(TestCaseExecutor.java:290)
	at com.kms.katalon.core.main.TestCaseExecutor.execute(TestCaseExecutor.java:224)
	at com.kms.katalon.core.main.TestSuiteExecutor.accessTestCaseMainPhase(TestSuiteExecutor.java:129)
	at com.kms.katalon.core.main.TestSuiteExecutor.accessTestSuiteMainPhase(TestSuiteExecutor.java:112)
	at com.kms.katalon.core.main.TestSuiteExecutor.execute(TestSuiteExecutor.java:81)
	at com.kms.katalon.core.main.TestCaseMain.startTestSuite(TestCaseMain.java:149)
	at com.kms.katalon.core.main.TestCaseMain$startTestSuite$0.call(Unknown Source)
	at TempTestSuite1548215797467.run(TempTestSuite1548215797467.groovy:36)


2019-01-22 22:04:05 - [MESSAGE][WARNING] - Cannot take screenshot

2019-01-22 22:04:05 - [MESSAGE][FAILED] - Unable to send keys 'test' to object 'Object Repository/UI/Employee/Client Services/ForgotPassword/input_ForgotPassword_Code TextBox' (Root cause: com.kms.katalon.core.webui.exception.BrowserNotOpenedException: Browser is not opened
Build info: version: '3.7.1', revision: '8a0099a', time: '2017-11-06T21:07:36.161Z'
System info: host: 'TDG-MBL-MTY0359', ip: '192.168.1.97', os.name: 'Windows 10', os.arch: 'amd64', os.version: '10.0', java.version: '1.8.0_181'
Driver info: driver.version: unknown)

2019-01-22 22:04:05 - [MESSAGE][FAILED] - sendKeys(findTestObject("UI/Employee/Client Services/ForgotPassword/input_ForgotPassword_Code TextBox"), "test") FAILED.
Reason:
com.kms.katalon.core.exception.StepFailedException: Unable to send keys 'test' to object 'Object Repository/UI/Employee/Client Services/ForgotPassword/input_ForgotPassword_Code TextBox' (Root cause: com.kms.katalon.core.webui.exception.BrowserNotOpenedException: Browser is not opened
Build info: version: '3.7.1', revision: '8a0099a', time: '2017-11-06T21:07:36.161Z'
System info: host: 'TDG-MBL-MTY0359', ip: '192.168.1.97', os.name: 'Windows 10', os.arch: 'amd64', os.version: '10.0', java.version: '1.8.0_181'
Driver info: driver.version: unknown)
	at com.kms.katalon.core.keyword.internal.KeywordMain.stepFailed(KeywordMain.groovy:36)
	at com.kms.katalon.core.webui.keyword.internal.WebUIKeywordMain.stepFailed(WebUIKeywordMain.groovy:65)
	at com.kms.katalon.core.webui.keyword.internal.WebUIKeywordMain.runKeyword(WebUIKeywordMain.groovy:27)
	at com.kms.katalon.core.webui.keyword.builtin.SendKeysKeyword.sendKeys(SendKeysKeyword.groovy:60)
	at com.kms.katalon.core.webui.keyword.builtin.SendKeysKeyword.execute(SendKeysKeyword.groovy:38)
	at com.kms.katalon.core.keyword.internal.KeywordExecutor.executeKeywordForPlatform(KeywordExecutor.groovy:53)
	at com.kms.katalon.core.webui.keyword.WebUiBuiltInKeywords.sendKeys(WebUiBuiltInKeywords.groovy:834)
	at com.kms.katalon.core.webui.keyword.WebUiBuiltInKeywords$sendKeys$16.call(Unknown Source)
	at Forgot password - Incorrect code and clicks submit.run(Forgot password - Incorrect code and clicks submit:36)
	at com.kms.katalon.core.main.ScriptEngine.run(ScriptEngine.java:194)
	at com.kms.katalon.core.main.ScriptEngine.runScriptAsRawText(ScriptEngine.java:119)
	at com.kms.katalon.core.main.TestCaseExecutor.runScript(TestCaseExecutor.java:328)
	at com.kms.katalon.core.main.TestCaseExecutor.doExecute(TestCaseExecutor.java:319)
	at com.kms.katalon.core.main.TestCaseExecutor.processExecutionPhase(TestCaseExecutor.java:298)
	at com.kms.katalon.core.main.TestCaseExecutor.accessMainPhase(TestCaseExecutor.java:290)
	at com.kms.katalon.core.main.TestCaseExecutor.execute(TestCaseExecutor.java:224)
	at com.kms.katalon.core.main.TestSuiteExecutor.accessTestCaseMainPhase(TestSuiteExecutor.java:129)
	at com.kms.katalon.core.main.TestSuiteExecutor.accessTestSuiteMainPhase(TestSuiteExecutor.java:112)
	at com.kms.katalon.core.main.TestSuiteExecutor.execute(TestSuiteExecutor.java:81)
	at com.kms.katalon.core.main.TestCaseMain.startTestSuite(TestCaseMain.java:149)
	at com.kms.katalon.core.main.TestCaseMain$startTestSuite$0.call(Unknown Source)
	at TempTestSuite1548215797467.run(TempTestSuite1548215797467.groovy:36)]]></system-out>
         <system-err><![CDATA[2019-01-22 22:04:05 - [TEST_CASE][FAILED] - Test Cases/UI/Employee/Client Services/Forgot Password/Forgot password - Incorrect code and clicks submit: Test Cases/UI/Employee/Client Services/Forgot Password/Forgot password - Incorrect code and clicks submit FAILED.
Reason:
com.kms.katalon.core.exception.StepFailedException: Unable to send keys 'test' to object 'Object Repository/UI/Employee/Client Services/ForgotPassword/input_ForgotPassword_Code TextBox' (Root cause: com.kms.katalon.core.webui.exception.BrowserNotOpenedException: Browser is not opened
Build info: version: '3.7.1', revision: '8a0099a', time: '2017-11-06T21:07:36.161Z'
System info: host: 'TDG-MBL-MTY0359', ip: '192.168.1.97', os.name: 'Windows 10', os.arch: 'amd64', os.version: '10.0', java.version: '1.8.0_181'
Driver info: driver.version: unknown)
	at com.kms.katalon.core.keyword.internal.KeywordMain.stepFailed(KeywordMain.groovy:36)
	at com.kms.katalon.core.webui.keyword.internal.WebUIKeywordMain.stepFailed(WebUIKeywordMain.groovy:65)
	at com.kms.katalon.core.webui.keyword.internal.WebUIKeywordMain.runKeyword(WebUIKeywordMain.groovy:27)
	at com.kms.katalon.core.webui.keyword.builtin.SendKeysKeyword.sendKeys(SendKeysKeyword.groovy:60)
	at com.kms.katalon.core.webui.keyword.builtin.SendKeysKeyword.execute(SendKeysKeyword.groovy:38)
	at com.kms.katalon.core.keyword.internal.KeywordExecutor.executeKeywordForPlatform(KeywordExecutor.groovy:53)
	at com.kms.katalon.core.webui.keyword.WebUiBuiltInKeywords.sendKeys(WebUiBuiltInKeywords.groovy:834)
	at com.kms.katalon.core.webui.keyword.WebUiBuiltInKeywords$sendKeys$16.call(Unknown Source)
	at Forgot password - Incorrect code and clicks submit.run(Forgot password - Incorrect code and clicks submit:36)
	at com.kms.katalon.core.main.ScriptEngine.run(ScriptEngine.java:194)
	at com.kms.katalon.core.main.ScriptEngine.runScriptAsRawText(ScriptEngine.java:119)
	at com.kms.katalon.core.main.TestCaseExecutor.runScript(TestCaseExecutor.java:328)
	at com.kms.katalon.core.main.TestCaseExecutor.doExecute(TestCaseExecutor.java:319)
	at com.kms.katalon.core.main.TestCaseExecutor.processExecutionPhase(TestCaseExecutor.java:298)
	at com.kms.katalon.core.main.TestCaseExecutor.accessMainPhase(TestCaseExecutor.java:290)
	at com.kms.katalon.core.main.TestCaseExecutor.execute(TestCaseExecutor.java:224)
	at com.kms.katalon.core.main.TestSuiteExecutor.accessTestCaseMainPhase(TestSuiteExecutor.java:129)
	at com.kms.katalon.core.main.TestSuiteExecutor.accessTestSuiteMainPhase(TestSuiteExecutor.java:112)
	at com.kms.katalon.core.main.TestSuiteExecutor.execute(TestSuiteExecutor.java:81)
	at com.kms.katalon.core.main.TestCaseMain.startTestSuite(TestCaseMain.java:149)
	at com.kms.katalon.core.main.TestCaseMain$startTestSuite$0.call(Unknown Source)
	at TempTestSuite1548215797467.run(TempTestSuite1548215797467.groovy:36)]]></system-err>
      </testcase>
      <testcase name="Test Cases/UI/Employee/Client Services/Forgot Password/Forgot password - No code and click submit" classname="Test Cases/UI/Employee/Client Services/Forgot Password/Forgot password - No code and click submit" status="FAILED">
         <failure type="FAILED" message="Test Cases/UI/Employee/Client Services/Forgot Password/Forgot password - No code and click submit FAILED.
Reason:
com.kms.katalon.core.exception.StepFailedException: Unable to click on object 'Object Repository/UI/Employee/Client Services/ForgotPassword/input_ForgotPassword_Submit Button' (Root cause: com.kms.katalon.core.webui.exception.BrowserNotOpenedException: Browser is not opened
Build info: version: '3.7.1', revision: '8a0099a', time: '2017-11-06T21:07:36.161Z'
System info: host: 'TDG-MBL-MTY0359', ip: '192.168.1.97', os.name: 'Windows 10', os.arch: 'amd64', os.version: '10.0', java.version: '1.8.0_181'
Driver info: driver.version: unknown)
	at com.kms.katalon.core.keyword.internal.KeywordMain.stepFailed(KeywordMain.groovy:36)
	at com.kms.katalon.core.webui.keyword.internal.WebUIKeywordMain.stepFailed(WebUIKeywordMain.groovy:65)
	at com.kms.katalon.core.webui.keyword.internal.WebUIKeywordMain.runKeyword(WebUIKeywordMain.groovy:27)
	at com.kms.katalon.core.webui.keyword.builtin.ClickKeyword.click(ClickKeyword.groovy:86)
	at com.kms.katalon.core.webui.keyword.builtin.ClickKeyword.execute(ClickKeyword.groovy:67)
	at com.kms.katalon.core.keyword.internal.KeywordExecutor.executeKeywordForPlatform(KeywordExecutor.groovy:53)
	at com.kms.katalon.core.webui.keyword.WebUiBuiltInKeywords.click(WebUiBuiltInKeywords.groovy:616)
	at com.kms.katalon.core.webui.keyword.WebUiBuiltInKeywords$click$5.call(Unknown Source)
	at Forgot password - No code and click submit.run(Forgot password - No code and click submit:36)
	at com.kms.katalon.core.main.ScriptEngine.run(ScriptEngine.java:194)
	at com.kms.katalon.core.main.ScriptEngine.runScriptAsRawText(ScriptEngine.java:119)
	at com.kms.katalon.core.main.TestCaseExecutor.runScript(TestCaseExecutor.java:328)
	at com.kms.katalon.core.main.TestCaseExecutor.doExecute(TestCaseExecutor.java:319)
	at com.kms.katalon.core.main.TestCaseExecutor.processExecutionPhase(TestCaseExecutor.java:298)
	at com.kms.katalon.core.main.TestCaseExecutor.accessMainPhase(TestCaseExecutor.java:290)
	at com.kms.katalon.core.main.TestCaseExecutor.execute(TestCaseExecutor.java:224)
	at com.kms.katalon.core.main.TestSuiteExecutor.accessTestCaseMainPhase(TestSuiteExecutor.java:129)
	at com.kms.katalon.core.main.TestSuiteExecutor.accessTestSuiteMainPhase(TestSuiteExecutor.java:112)
	at com.kms.katalon.core.main.TestSuiteExecutor.execute(TestSuiteExecutor.java:81)
	at com.kms.katalon.core.main.TestCaseMain.startTestSuite(TestCaseMain.java:149)
	at com.kms.katalon.core.main.TestCaseMain$startTestSuite$0.call(Unknown Source)
	at TempTestSuite1548215797467.run(TempTestSuite1548215797467.groovy:36)
"/>
         <system-out><![CDATA[2019-01-22 22:04:05 - [TEST_CASE][FAILED] - Test Cases/UI/Employee/Client Services/Forgot Password/Forgot password - No code and click submit: Test Cases/UI/Employee/Client Services/Forgot Password/Forgot password - No code and click submit FAILED.
Reason:
com.kms.katalon.core.exception.StepFailedException: Unable to click on object 'Object Repository/UI/Employee/Client Services/ForgotPassword/input_ForgotPassword_Submit Button' (Root cause: com.kms.katalon.core.webui.exception.BrowserNotOpenedException: Browser is not opened
Build info: version: '3.7.1', revision: '8a0099a', time: '2017-11-06T21:07:36.161Z'
System info: host: 'TDG-MBL-MTY0359', ip: '192.168.1.97', os.name: 'Windows 10', os.arch: 'amd64', os.version: '10.0', java.version: '1.8.0_181'
Driver info: driver.version: unknown)
	at com.kms.katalon.core.keyword.internal.KeywordMain.stepFailed(KeywordMain.groovy:36)
	at com.kms.katalon.core.webui.keyword.internal.WebUIKeywordMain.stepFailed(WebUIKeywordMain.groovy:65)
	at com.kms.katalon.core.webui.keyword.internal.WebUIKeywordMain.runKeyword(WebUIKeywordMain.groovy:27)
	at com.kms.katalon.core.webui.keyword.builtin.ClickKeyword.click(ClickKeyword.groovy:86)
	at com.kms.katalon.core.webui.keyword.builtin.ClickKeyword.execute(ClickKeyword.groovy:67)
	at com.kms.katalon.core.keyword.internal.KeywordExecutor.executeKeywordForPlatform(KeywordExecutor.groovy:53)
	at com.kms.katalon.core.webui.keyword.WebUiBuiltInKeywords.click(WebUiBuiltInKeywords.groovy:616)
	at com.kms.katalon.core.webui.keyword.WebUiBuiltInKeywords$click$5.call(Unknown Source)
	at Forgot password - No code and click submit.run(Forgot password - No code and click submit:36)
	at com.kms.katalon.core.main.ScriptEngine.run(ScriptEngine.java:194)
	at com.kms.katalon.core.main.ScriptEngine.runScriptAsRawText(ScriptEngine.java:119)
	at com.kms.katalon.core.main.TestCaseExecutor.runScript(TestCaseExecutor.java:328)
	at com.kms.katalon.core.main.TestCaseExecutor.doExecute(TestCaseExecutor.java:319)
	at com.kms.katalon.core.main.TestCaseExecutor.processExecutionPhase(TestCaseExecutor.java:298)
	at com.kms.katalon.core.main.TestCaseExecutor.accessMainPhase(TestCaseExecutor.java:290)
	at com.kms.katalon.core.main.TestCaseExecutor.execute(TestCaseExecutor.java:224)
	at com.kms.katalon.core.main.TestSuiteExecutor.accessTestCaseMainPhase(TestSuiteExecutor.java:129)
	at com.kms.katalon.core.main.TestSuiteExecutor.accessTestSuiteMainPhase(TestSuiteExecutor.java:112)
	at com.kms.katalon.core.main.TestSuiteExecutor.execute(TestSuiteExecutor.java:81)
	at com.kms.katalon.core.main.TestCaseMain.startTestSuite(TestCaseMain.java:149)
	at com.kms.katalon.core.main.TestCaseMain$startTestSuite$0.call(Unknown Source)
	at TempTestSuite1548215797467.run(TempTestSuite1548215797467.groovy:36)


2019-01-22 22:04:05 - [TEST_STEP][NOT_RUN] - click(findTestObject("UI/Employee/Client Services/ForgotPassword/a_ForgotPassword")): NOT_RUN: click(findTestObject("UI/Employee/Client Services/ForgotPassword/a_ForgotPassword"))

2019-01-22 22:04:05 - [MESSAGE][NOT_RUN] - NOT_RUN: click(findTestObject("UI/Employee/Client Services/ForgotPassword/a_ForgotPassword"))

2019-01-22 22:04:05 - [TEST_STEP][NOT_RUN] - waitForElementPresent(findTestObject("UI/Employee/Client Services/ForgotPassword/div_Forgot Password Title"), 5): NOT_RUN: waitForElementPresent(findTestObject("UI/Employee/Client Services/ForgotPassword/div_Forgot Password Title"), 5)

2019-01-22 22:04:05 - [MESSAGE][NOT_RUN] - NOT_RUN: waitForElementPresent(findTestObject("UI/Employee/Client Services/ForgotPassword/div_Forgot Password Title"), 5)

2019-01-22 22:04:05 - [TEST_STEP][NOT_RUN] - waitForElementVisible(findTestObject("UI/Employee/Client Services/ForgotPassword/div_Forgot Password Title"), 5): NOT_RUN: waitForElementVisible(findTestObject("UI/Employee/Client Services/ForgotPassword/div_Forgot Password Title"), 5)

2019-01-22 22:04:05 - [MESSAGE][NOT_RUN] - NOT_RUN: waitForElementVisible(findTestObject("UI/Employee/Client Services/ForgotPassword/div_Forgot Password Title"), 5)

2019-01-22 22:04:05 - [TEST_STEP][NOT_RUN] - waitForElementPresent(findTestObject("UI/Employee/Client Services/ForgotPassword/input_ForgotPassword_Code TextBox"), 5): NOT_RUN: waitForElementPresent(findTestObject("UI/Employee/Client Services/ForgotPassword/input_ForgotPassword_Code TextBox"), 5)

2019-01-22 22:04:05 - [MESSAGE][NOT_RUN] - NOT_RUN: waitForElementPresent(findTestObject("UI/Employee/Client Services/ForgotPassword/input_ForgotPassword_Code TextBox"), 5)

2019-01-22 22:04:05 - [TEST_STEP][NOT_RUN] - waitForElementVisible(findTestObject("UI/Employee/Client Services/ForgotPassword/input_ForgotPassword_Code TextBox"), 5): NOT_RUN: waitForElementVisible(findTestObject("UI/Employee/Client Services/ForgotPassword/input_ForgotPassword_Code TextBox"), 5)

2019-01-22 22:04:05 - [MESSAGE][NOT_RUN] - NOT_RUN: waitForElementVisible(findTestObject("UI/Employee/Client Services/ForgotPassword/input_ForgotPassword_Code TextBox"), 5)

2019-01-22 22:04:05 - [TEST_STEP][NOT_RUN] - waitForElementPresent(findTestObject("UI/Employee/Client Services/ForgotPassword/input_ForgotPassword_Submit Button"), 5): NOT_RUN: waitForElementPresent(findTestObject("UI/Employee/Client Services/ForgotPassword/input_ForgotPassword_Submit Button"), 5)

2019-01-22 22:04:05 - [MESSAGE][NOT_RUN] - NOT_RUN: waitForElementPresent(findTestObject("UI/Employee/Client Services/ForgotPassword/input_ForgotPassword_Submit Button"), 5)

2019-01-22 22:04:05 - [TEST_STEP][NOT_RUN] - waitForElementVisible(findTestObject("UI/Employee/Client Services/ForgotPassword/input_ForgotPassword_Submit Button"), 5): NOT_RUN: waitForElementVisible(findTestObject("UI/Employee/Client Services/ForgotPassword/input_ForgotPassword_Submit Button"), 5)

2019-01-22 22:04:05 - [MESSAGE][NOT_RUN] - NOT_RUN: waitForElementVisible(findTestObject("UI/Employee/Client Services/ForgotPassword/input_ForgotPassword_Submit Button"), 5)

2019-01-22 22:04:05 - [TEST_STEP][FAILED] - click(findTestObject("UI/Employee/Client Services/ForgotPassword/input_ForgotPassword_Submit Button")): click(findTestObject("UI/Employee/Client Services/ForgotPassword/input_ForgotPassword_Submit Button")) FAILED.
Reason:
com.kms.katalon.core.exception.StepFailedException: Unable to click on object 'Object Repository/UI/Employee/Client Services/ForgotPassword/input_ForgotPassword_Submit Button' (Root cause: com.kms.katalon.core.webui.exception.BrowserNotOpenedException: Browser is not opened
Build info: version: '3.7.1', revision: '8a0099a', time: '2017-11-06T21:07:36.161Z'
System info: host: 'TDG-MBL-MTY0359', ip: '192.168.1.97', os.name: 'Windows 10', os.arch: 'amd64', os.version: '10.0', java.version: '1.8.0_181'
Driver info: driver.version: unknown)
	at com.kms.katalon.core.keyword.internal.KeywordMain.stepFailed(KeywordMain.groovy:36)
	at com.kms.katalon.core.webui.keyword.internal.WebUIKeywordMain.stepFailed(WebUIKeywordMain.groovy:65)
	at com.kms.katalon.core.webui.keyword.internal.WebUIKeywordMain.runKeyword(WebUIKeywordMain.groovy:27)
	at com.kms.katalon.core.webui.keyword.builtin.ClickKeyword.click(ClickKeyword.groovy:86)
	at com.kms.katalon.core.webui.keyword.builtin.ClickKeyword.execute(ClickKeyword.groovy:67)
	at com.kms.katalon.core.keyword.internal.KeywordExecutor.executeKeywordForPlatform(KeywordExecutor.groovy:53)
	at com.kms.katalon.core.webui.keyword.WebUiBuiltInKeywords.click(WebUiBuiltInKeywords.groovy:616)
	at com.kms.katalon.core.webui.keyword.WebUiBuiltInKeywords$click$5.call(Unknown Source)
	at Forgot password - No code and click submit.run(Forgot password - No code and click submit:36)
	at com.kms.katalon.core.main.ScriptEngine.run(ScriptEngine.java:194)
	at com.kms.katalon.core.main.ScriptEngine.runScriptAsRawText(ScriptEngine.java:119)
	at com.kms.katalon.core.main.TestCaseExecutor.runScript(TestCaseExecutor.java:328)
	at com.kms.katalon.core.main.TestCaseExecutor.doExecute(TestCaseExecutor.java:319)
	at com.kms.katalon.core.main.TestCaseExecutor.processExecutionPhase(TestCaseExecutor.java:298)
	at com.kms.katalon.core.main.TestCaseExecutor.accessMainPhase(TestCaseExecutor.java:290)
	at com.kms.katalon.core.main.TestCaseExecutor.execute(TestCaseExecutor.java:224)
	at com.kms.katalon.core.main.TestSuiteExecutor.accessTestCaseMainPhase(TestSuiteExecutor.java:129)
	at com.kms.katalon.core.main.TestSuiteExecutor.accessTestSuiteMainPhase(TestSuiteExecutor.java:112)
	at com.kms.katalon.core.main.TestSuiteExecutor.execute(TestSuiteExecutor.java:81)
	at com.kms.katalon.core.main.TestCaseMain.startTestSuite(TestCaseMain.java:149)
	at com.kms.katalon.core.main.TestCaseMain$startTestSuite$0.call(Unknown Source)
	at TempTestSuite1548215797467.run(TempTestSuite1548215797467.groovy:36)


2019-01-22 22:04:05 - [MESSAGE][WARNING] - Cannot take screenshot

2019-01-22 22:04:05 - [MESSAGE][FAILED] - Unable to click on object 'Object Repository/UI/Employee/Client Services/ForgotPassword/input_ForgotPassword_Submit Button' (Root cause: com.kms.katalon.core.webui.exception.BrowserNotOpenedException: Browser is not opened
Build info: version: '3.7.1', revision: '8a0099a', time: '2017-11-06T21:07:36.161Z'
System info: host: 'TDG-MBL-MTY0359', ip: '192.168.1.97', os.name: 'Windows 10', os.arch: 'amd64', os.version: '10.0', java.version: '1.8.0_181'
Driver info: driver.version: unknown)

2019-01-22 22:04:05 - [MESSAGE][FAILED] - click(findTestObject("UI/Employee/Client Services/ForgotPassword/input_ForgotPassword_Submit Button")) FAILED.
Reason:
com.kms.katalon.core.exception.StepFailedException: Unable to click on object 'Object Repository/UI/Employee/Client Services/ForgotPassword/input_ForgotPassword_Submit Button' (Root cause: com.kms.katalon.core.webui.exception.BrowserNotOpenedException: Browser is not opened
Build info: version: '3.7.1', revision: '8a0099a', time: '2017-11-06T21:07:36.161Z'
System info: host: 'TDG-MBL-MTY0359', ip: '192.168.1.97', os.name: 'Windows 10', os.arch: 'amd64', os.version: '10.0', java.version: '1.8.0_181'
Driver info: driver.version: unknown)
	at com.kms.katalon.core.keyword.internal.KeywordMain.stepFailed(KeywordMain.groovy:36)
	at com.kms.katalon.core.webui.keyword.internal.WebUIKeywordMain.stepFailed(WebUIKeywordMain.groovy:65)
	at com.kms.katalon.core.webui.keyword.internal.WebUIKeywordMain.runKeyword(WebUIKeywordMain.groovy:27)
	at com.kms.katalon.core.webui.keyword.builtin.ClickKeyword.click(ClickKeyword.groovy:86)
	at com.kms.katalon.core.webui.keyword.builtin.ClickKeyword.execute(ClickKeyword.groovy:67)
	at com.kms.katalon.core.keyword.internal.KeywordExecutor.executeKeywordForPlatform(KeywordExecutor.groovy:53)
	at com.kms.katalon.core.webui.keyword.WebUiBuiltInKeywords.click(WebUiBuiltInKeywords.groovy:616)
	at com.kms.katalon.core.webui.keyword.WebUiBuiltInKeywords$click$5.call(Unknown Source)
	at Forgot password - No code and click submit.run(Forgot password - No code and click submit:36)
	at com.kms.katalon.core.main.ScriptEngine.run(ScriptEngine.java:194)
	at com.kms.katalon.core.main.ScriptEngine.runScriptAsRawText(ScriptEngine.java:119)
	at com.kms.katalon.core.main.TestCaseExecutor.runScript(TestCaseExecutor.java:328)
	at com.kms.katalon.core.main.TestCaseExecutor.doExecute(TestCaseExecutor.java:319)
	at com.kms.katalon.core.main.TestCaseExecutor.processExecutionPhase(TestCaseExecutor.java:298)
	at com.kms.katalon.core.main.TestCaseExecutor.accessMainPhase(TestCaseExecutor.java:290)
	at com.kms.katalon.core.main.TestCaseExecutor.execute(TestCaseExecutor.java:224)
	at com.kms.katalon.core.main.TestSuiteExecutor.accessTestCaseMainPhase(TestSuiteExecutor.java:129)
	at com.kms.katalon.core.main.TestSuiteExecutor.accessTestSuiteMainPhase(TestSuiteExecutor.java:112)
	at com.kms.katalon.core.main.TestSuiteExecutor.execute(TestSuiteExecutor.java:81)
	at com.kms.katalon.core.main.TestCaseMain.startTestSuite(TestCaseMain.java:149)
	at com.kms.katalon.core.main.TestCaseMain$startTestSuite$0.call(Unknown Source)
	at TempTestSuite1548215797467.run(TempTestSuite1548215797467.groovy:36)]]></system-out>
         <system-err><![CDATA[2019-01-22 22:04:05 - [TEST_CASE][FAILED] - Test Cases/UI/Employee/Client Services/Forgot Password/Forgot password - No code and click submit: Test Cases/UI/Employee/Client Services/Forgot Password/Forgot password - No code and click submit FAILED.
Reason:
com.kms.katalon.core.exception.StepFailedException: Unable to click on object 'Object Repository/UI/Employee/Client Services/ForgotPassword/input_ForgotPassword_Submit Button' (Root cause: com.kms.katalon.core.webui.exception.BrowserNotOpenedException: Browser is not opened
Build info: version: '3.7.1', revision: '8a0099a', time: '2017-11-06T21:07:36.161Z'
System info: host: 'TDG-MBL-MTY0359', ip: '192.168.1.97', os.name: 'Windows 10', os.arch: 'amd64', os.version: '10.0', java.version: '1.8.0_181'
Driver info: driver.version: unknown)
	at com.kms.katalon.core.keyword.internal.KeywordMain.stepFailed(KeywordMain.groovy:36)
	at com.kms.katalon.core.webui.keyword.internal.WebUIKeywordMain.stepFailed(WebUIKeywordMain.groovy:65)
	at com.kms.katalon.core.webui.keyword.internal.WebUIKeywordMain.runKeyword(WebUIKeywordMain.groovy:27)
	at com.kms.katalon.core.webui.keyword.builtin.ClickKeyword.click(ClickKeyword.groovy:86)
	at com.kms.katalon.core.webui.keyword.builtin.ClickKeyword.execute(ClickKeyword.groovy:67)
	at com.kms.katalon.core.keyword.internal.KeywordExecutor.executeKeywordForPlatform(KeywordExecutor.groovy:53)
	at com.kms.katalon.core.webui.keyword.WebUiBuiltInKeywords.click(WebUiBuiltInKeywords.groovy:616)
	at com.kms.katalon.core.webui.keyword.WebUiBuiltInKeywords$click$5.call(Unknown Source)
	at Forgot password - No code and click submit.run(Forgot password - No code and click submit:36)
	at com.kms.katalon.core.main.ScriptEngine.run(ScriptEngine.java:194)
	at com.kms.katalon.core.main.ScriptEngine.runScriptAsRawText(ScriptEngine.java:119)
	at com.kms.katalon.core.main.TestCaseExecutor.runScript(TestCaseExecutor.java:328)
	at com.kms.katalon.core.main.TestCaseExecutor.doExecute(TestCaseExecutor.java:319)
	at com.kms.katalon.core.main.TestCaseExecutor.processExecutionPhase(TestCaseExecutor.java:298)
	at com.kms.katalon.core.main.TestCaseExecutor.accessMainPhase(TestCaseExecutor.java:290)
	at com.kms.katalon.core.main.TestCaseExecutor.execute(TestCaseExecutor.java:224)
	at com.kms.katalon.core.main.TestSuiteExecutor.accessTestCaseMainPhase(TestSuiteExecutor.java:129)
	at com.kms.katalon.core.main.TestSuiteExecutor.accessTestSuiteMainPhase(TestSuiteExecutor.java:112)
	at com.kms.katalon.core.main.TestSuiteExecutor.execute(TestSuiteExecutor.java:81)
	at com.kms.katalon.core.main.TestCaseMain.startTestSuite(TestCaseMain.java:149)
	at com.kms.katalon.core.main.TestCaseMain$startTestSuite$0.call(Unknown Source)
	at TempTestSuite1548215797467.run(TempTestSuite1548215797467.groovy:36)]]></system-err>
      </testcase>
      <testcase name="Test Cases/UI/Employee/Client Services/Forgot Password/Forgot password - page fields validation" classname="Test Cases/UI/Employee/Client Services/Forgot Password/Forgot password - page fields validation" status="FAILED">
         <failure type="FAILED" message="Test Cases/UI/Employee/Client Services/Forgot Password/Forgot password - page fields validation FAILED.
Reason:
com.kms.katalon.core.exception.StepFailedException: Unable to click on object 'Object Repository/UI/Employee/Client Services/ForgotPassword/a_ForgotPassword' (Root cause: com.kms.katalon.core.webui.exception.BrowserNotOpenedException: Browser is not opened
Build info: version: '3.7.1', revision: '8a0099a', time: '2017-11-06T21:07:36.161Z'
System info: host: 'TDG-MBL-MTY0359', ip: '192.168.1.97', os.name: 'Windows 10', os.arch: 'amd64', os.version: '10.0', java.version: '1.8.0_181'
Driver info: driver.version: unknown)
	at com.kms.katalon.core.keyword.internal.KeywordMain.stepFailed(KeywordMain.groovy:36)
	at com.kms.katalon.core.webui.keyword.internal.WebUIKeywordMain.stepFailed(WebUIKeywordMain.groovy:65)
	at com.kms.katalon.core.webui.keyword.internal.WebUIKeywordMain.runKeyword(WebUIKeywordMain.groovy:27)
	at com.kms.katalon.core.webui.keyword.builtin.ClickKeyword.click(ClickKeyword.groovy:86)
	at com.kms.katalon.core.webui.keyword.builtin.ClickKeyword.execute(ClickKeyword.groovy:67)
	at com.kms.katalon.core.keyword.internal.KeywordExecutor.executeKeywordForPlatform(KeywordExecutor.groovy:53)
	at com.kms.katalon.core.webui.keyword.WebUiBuiltInKeywords.click(WebUiBuiltInKeywords.groovy:616)
	at com.kms.katalon.core.webui.keyword.WebUiBuiltInKeywords$click$5.call(Unknown Source)
	at Forgot password - page fields validation.run(Forgot password - page fields validation:16)
	at com.kms.katalon.core.main.ScriptEngine.run(ScriptEngine.java:194)
	at com.kms.katalon.core.main.ScriptEngine.runScriptAsRawText(ScriptEngine.java:119)
	at com.kms.katalon.core.main.TestCaseExecutor.runScript(TestCaseExecutor.java:328)
	at com.kms.katalon.core.main.TestCaseExecutor.doExecute(TestCaseExecutor.java:319)
	at com.kms.katalon.core.main.TestCaseExecutor.processExecutionPhase(TestCaseExecutor.java:298)
	at com.kms.katalon.core.main.TestCaseExecutor.accessMainPhase(TestCaseExecutor.java:290)
	at com.kms.katalon.core.main.TestCaseExecutor.execute(TestCaseExecutor.java:224)
	at com.kms.katalon.core.main.TestSuiteExecutor.accessTestCaseMainPhase(TestSuiteExecutor.java:129)
	at com.kms.katalon.core.main.TestSuiteExecutor.accessTestSuiteMainPhase(TestSuiteExecutor.java:112)
	at com.kms.katalon.core.main.TestSuiteExecutor.execute(TestSuiteExecutor.java:81)
	at com.kms.katalon.core.main.TestCaseMain.startTestSuite(TestCaseMain.java:149)
	at com.kms.katalon.core.main.TestCaseMain$startTestSuite$0.call(Unknown Source)
	at TempTestSuite1548215797467.run(TempTestSuite1548215797467.groovy:36)
"/>
         <system-out><![CDATA[2019-01-22 22:04:05 - [TEST_CASE][FAILED] - Test Cases/UI/Employee/Client Services/Forgot Password/Forgot password - page fields validation: Test Cases/UI/Employee/Client Services/Forgot Password/Forgot password - page fields validation FAILED.
Reason:
com.kms.katalon.core.exception.StepFailedException: Unable to click on object 'Object Repository/UI/Employee/Client Services/ForgotPassword/a_ForgotPassword' (Root cause: com.kms.katalon.core.webui.exception.BrowserNotOpenedException: Browser is not opened
Build info: version: '3.7.1', revision: '8a0099a', time: '2017-11-06T21:07:36.161Z'
System info: host: 'TDG-MBL-MTY0359', ip: '192.168.1.97', os.name: 'Windows 10', os.arch: 'amd64', os.version: '10.0', java.version: '1.8.0_181'
Driver info: driver.version: unknown)
	at com.kms.katalon.core.keyword.internal.KeywordMain.stepFailed(KeywordMain.groovy:36)
	at com.kms.katalon.core.webui.keyword.internal.WebUIKeywordMain.stepFailed(WebUIKeywordMain.groovy:65)
	at com.kms.katalon.core.webui.keyword.internal.WebUIKeywordMain.runKeyword(WebUIKeywordMain.groovy:27)
	at com.kms.katalon.core.webui.keyword.builtin.ClickKeyword.click(ClickKeyword.groovy:86)
	at com.kms.katalon.core.webui.keyword.builtin.ClickKeyword.execute(ClickKeyword.groovy:67)
	at com.kms.katalon.core.keyword.internal.KeywordExecutor.executeKeywordForPlatform(KeywordExecutor.groovy:53)
	at com.kms.katalon.core.webui.keyword.WebUiBuiltInKeywords.click(WebUiBuiltInKeywords.groovy:616)
	at com.kms.katalon.core.webui.keyword.WebUiBuiltInKeywords$click$5.call(Unknown Source)
	at Forgot password - page fields validation.run(Forgot password - page fields validation:16)
	at com.kms.katalon.core.main.ScriptEngine.run(ScriptEngine.java:194)
	at com.kms.katalon.core.main.ScriptEngine.runScriptAsRawText(ScriptEngine.java:119)
	at com.kms.katalon.core.main.TestCaseExecutor.runScript(TestCaseExecutor.java:328)
	at com.kms.katalon.core.main.TestCaseExecutor.doExecute(TestCaseExecutor.java:319)
	at com.kms.katalon.core.main.TestCaseExecutor.processExecutionPhase(TestCaseExecutor.java:298)
	at com.kms.katalon.core.main.TestCaseExecutor.accessMainPhase(TestCaseExecutor.java:290)
	at com.kms.katalon.core.main.TestCaseExecutor.execute(TestCaseExecutor.java:224)
	at com.kms.katalon.core.main.TestSuiteExecutor.accessTestCaseMainPhase(TestSuiteExecutor.java:129)
	at com.kms.katalon.core.main.TestSuiteExecutor.accessTestSuiteMainPhase(TestSuiteExecutor.java:112)
	at com.kms.katalon.core.main.TestSuiteExecutor.execute(TestSuiteExecutor.java:81)
	at com.kms.katalon.core.main.TestCaseMain.startTestSuite(TestCaseMain.java:149)
	at com.kms.katalon.core.main.TestCaseMain$startTestSuite$0.call(Unknown Source)
	at TempTestSuite1548215797467.run(TempTestSuite1548215797467.groovy:36)


2019-01-22 22:04:05 - [TEST_STEP][FAILED] - click(findTestObject("UI/Employee/Client Services/ForgotPassword/a_ForgotPassword")): click(findTestObject("UI/Employee/Client Services/ForgotPassword/a_ForgotPassword")) FAILED.
Reason:
com.kms.katalon.core.exception.StepFailedException: Unable to click on object 'Object Repository/UI/Employee/Client Services/ForgotPassword/a_ForgotPassword' (Root cause: com.kms.katalon.core.webui.exception.BrowserNotOpenedException: Browser is not opened
Build info: version: '3.7.1', revision: '8a0099a', time: '2017-11-06T21:07:36.161Z'
System info: host: 'TDG-MBL-MTY0359', ip: '192.168.1.97', os.name: 'Windows 10', os.arch: 'amd64', os.version: '10.0', java.version: '1.8.0_181'
Driver info: driver.version: unknown)
	at com.kms.katalon.core.keyword.internal.KeywordMain.stepFailed(KeywordMain.groovy:36)
	at com.kms.katalon.core.webui.keyword.internal.WebUIKeywordMain.stepFailed(WebUIKeywordMain.groovy:65)
	at com.kms.katalon.core.webui.keyword.internal.WebUIKeywordMain.runKeyword(WebUIKeywordMain.groovy:27)
	at com.kms.katalon.core.webui.keyword.builtin.ClickKeyword.click(ClickKeyword.groovy:86)
	at com.kms.katalon.core.webui.keyword.builtin.ClickKeyword.execute(ClickKeyword.groovy:67)
	at com.kms.katalon.core.keyword.internal.KeywordExecutor.executeKeywordForPlatform(KeywordExecutor.groovy:53)
	at com.kms.katalon.core.webui.keyword.WebUiBuiltInKeywords.click(WebUiBuiltInKeywords.groovy:616)
	at com.kms.katalon.core.webui.keyword.WebUiBuiltInKeywords$click$5.call(Unknown Source)
	at Forgot password - page fields validation.run(Forgot password - page fields validation:16)
	at com.kms.katalon.core.main.ScriptEngine.run(ScriptEngine.java:194)
	at com.kms.katalon.core.main.ScriptEngine.runScriptAsRawText(ScriptEngine.java:119)
	at com.kms.katalon.core.main.TestCaseExecutor.runScript(TestCaseExecutor.java:328)
	at com.kms.katalon.core.main.TestCaseExecutor.doExecute(TestCaseExecutor.java:319)
	at com.kms.katalon.core.main.TestCaseExecutor.processExecutionPhase(TestCaseExecutor.java:298)
	at com.kms.katalon.core.main.TestCaseExecutor.accessMainPhase(TestCaseExecutor.java:290)
	at com.kms.katalon.core.main.TestCaseExecutor.execute(TestCaseExecutor.java:224)
	at com.kms.katalon.core.main.TestSuiteExecutor.accessTestCaseMainPhase(TestSuiteExecutor.java:129)
	at com.kms.katalon.core.main.TestSuiteExecutor.accessTestSuiteMainPhase(TestSuiteExecutor.java:112)
	at com.kms.katalon.core.main.TestSuiteExecutor.execute(TestSuiteExecutor.java:81)
	at com.kms.katalon.core.main.TestCaseMain.startTestSuite(TestCaseMain.java:149)
	at com.kms.katalon.core.main.TestCaseMain$startTestSuite$0.call(Unknown Source)
	at TempTestSuite1548215797467.run(TempTestSuite1548215797467.groovy:36)


2019-01-22 22:04:05 - [MESSAGE][WARNING] - Cannot take screenshot

2019-01-22 22:04:05 - [MESSAGE][FAILED] - Unable to click on object 'Object Repository/UI/Employee/Client Services/ForgotPassword/a_ForgotPassword' (Root cause: com.kms.katalon.core.webui.exception.BrowserNotOpenedException: Browser is not opened
Build info: version: '3.7.1', revision: '8a0099a', time: '2017-11-06T21:07:36.161Z'
System info: host: 'TDG-MBL-MTY0359', ip: '192.168.1.97', os.name: 'Windows 10', os.arch: 'amd64', os.version: '10.0', java.version: '1.8.0_181'
Driver info: driver.version: unknown)

2019-01-22 22:04:05 - [MESSAGE][FAILED] - click(findTestObject("UI/Employee/Client Services/ForgotPassword/a_ForgotPassword")) FAILED.
Reason:
com.kms.katalon.core.exception.StepFailedException: Unable to click on object 'Object Repository/UI/Employee/Client Services/ForgotPassword/a_ForgotPassword' (Root cause: com.kms.katalon.core.webui.exception.BrowserNotOpenedException: Browser is not opened
Build info: version: '3.7.1', revision: '8a0099a', time: '2017-11-06T21:07:36.161Z'
System info: host: 'TDG-MBL-MTY0359', ip: '192.168.1.97', os.name: 'Windows 10', os.arch: 'amd64', os.version: '10.0', java.version: '1.8.0_181'
Driver info: driver.version: unknown)
	at com.kms.katalon.core.keyword.internal.KeywordMain.stepFailed(KeywordMain.groovy:36)
	at com.kms.katalon.core.webui.keyword.internal.WebUIKeywordMain.stepFailed(WebUIKeywordMain.groovy:65)
	at com.kms.katalon.core.webui.keyword.internal.WebUIKeywordMain.runKeyword(WebUIKeywordMain.groovy:27)
	at com.kms.katalon.core.webui.keyword.builtin.ClickKeyword.click(ClickKeyword.groovy:86)
	at com.kms.katalon.core.webui.keyword.builtin.ClickKeyword.execute(ClickKeyword.groovy:67)
	at com.kms.katalon.core.keyword.internal.KeywordExecutor.executeKeywordForPlatform(KeywordExecutor.groovy:53)
	at com.kms.katalon.core.webui.keyword.WebUiBuiltInKeywords.click(WebUiBuiltInKeywords.groovy:616)
	at com.kms.katalon.core.webui.keyword.WebUiBuiltInKeywords$click$5.call(Unknown Source)
	at Forgot password - page fields validation.run(Forgot password - page fields validation:16)
	at com.kms.katalon.core.main.ScriptEngine.run(ScriptEngine.java:194)
	at com.kms.katalon.core.main.ScriptEngine.runScriptAsRawText(ScriptEngine.java:119)
	at com.kms.katalon.core.main.TestCaseExecutor.runScript(TestCaseExecutor.java:328)
	at com.kms.katalon.core.main.TestCaseExecutor.doExecute(TestCaseExecutor.java:319)
	at com.kms.katalon.core.main.TestCaseExecutor.processExecutionPhase(TestCaseExecutor.java:298)
	at com.kms.katalon.core.main.TestCaseExecutor.accessMainPhase(TestCaseExecutor.java:290)
	at com.kms.katalon.core.main.TestCaseExecutor.execute(TestCaseExecutor.java:224)
	at com.kms.katalon.core.main.TestSuiteExecutor.accessTestCaseMainPhase(TestSuiteExecutor.java:129)
	at com.kms.katalon.core.main.TestSuiteExecutor.accessTestSuiteMainPhase(TestSuiteExecutor.java:112)
	at com.kms.katalon.core.main.TestSuiteExecutor.execute(TestSuiteExecutor.java:81)
	at com.kms.katalon.core.main.TestCaseMain.startTestSuite(TestCaseMain.java:149)
	at com.kms.katalon.core.main.TestCaseMain$startTestSuite$0.call(Unknown Source)
	at TempTestSuite1548215797467.run(TempTestSuite1548215797467.groovy:36)]]></system-out>
         <system-err><![CDATA[2019-01-22 22:04:05 - [TEST_CASE][FAILED] - Test Cases/UI/Employee/Client Services/Forgot Password/Forgot password - page fields validation: Test Cases/UI/Employee/Client Services/Forgot Password/Forgot password - page fields validation FAILED.
Reason:
com.kms.katalon.core.exception.StepFailedException: Unable to click on object 'Object Repository/UI/Employee/Client Services/ForgotPassword/a_ForgotPassword' (Root cause: com.kms.katalon.core.webui.exception.BrowserNotOpenedException: Browser is not opened
Build info: version: '3.7.1', revision: '8a0099a', time: '2017-11-06T21:07:36.161Z'
System info: host: 'TDG-MBL-MTY0359', ip: '192.168.1.97', os.name: 'Windows 10', os.arch: 'amd64', os.version: '10.0', java.version: '1.8.0_181'
Driver info: driver.version: unknown)
	at com.kms.katalon.core.keyword.internal.KeywordMain.stepFailed(KeywordMain.groovy:36)
	at com.kms.katalon.core.webui.keyword.internal.WebUIKeywordMain.stepFailed(WebUIKeywordMain.groovy:65)
	at com.kms.katalon.core.webui.keyword.internal.WebUIKeywordMain.runKeyword(WebUIKeywordMain.groovy:27)
	at com.kms.katalon.core.webui.keyword.builtin.ClickKeyword.click(ClickKeyword.groovy:86)
	at com.kms.katalon.core.webui.keyword.builtin.ClickKeyword.execute(ClickKeyword.groovy:67)
	at com.kms.katalon.core.keyword.internal.KeywordExecutor.executeKeywordForPlatform(KeywordExecutor.groovy:53)
	at com.kms.katalon.core.webui.keyword.WebUiBuiltInKeywords.click(WebUiBuiltInKeywords.groovy:616)
	at com.kms.katalon.core.webui.keyword.WebUiBuiltInKeywords$click$5.call(Unknown Source)
	at Forgot password - page fields validation.run(Forgot password - page fields validation:16)
	at com.kms.katalon.core.main.ScriptEngine.run(ScriptEngine.java:194)
	at com.kms.katalon.core.main.ScriptEngine.runScriptAsRawText(ScriptEngine.java:119)
	at com.kms.katalon.core.main.TestCaseExecutor.runScript(TestCaseExecutor.java:328)
	at com.kms.katalon.core.main.TestCaseExecutor.doExecute(TestCaseExecutor.java:319)
	at com.kms.katalon.core.main.TestCaseExecutor.processExecutionPhase(TestCaseExecutor.java:298)
	at com.kms.katalon.core.main.TestCaseExecutor.accessMainPhase(TestCaseExecutor.java:290)
	at com.kms.katalon.core.main.TestCaseExecutor.execute(TestCaseExecutor.java:224)
	at com.kms.katalon.core.main.TestSuiteExecutor.accessTestCaseMainPhase(TestSuiteExecutor.java:129)
	at com.kms.katalon.core.main.TestSuiteExecutor.accessTestSuiteMainPhase(TestSuiteExecutor.java:112)
	at com.kms.katalon.core.main.TestSuiteExecutor.execute(TestSuiteExecutor.java:81)
	at com.kms.katalon.core.main.TestCaseMain.startTestSuite(TestCaseMain.java:149)
	at com.kms.katalon.core.main.TestCaseMain$startTestSuite$0.call(Unknown Source)
	at TempTestSuite1548215797467.run(TempTestSuite1548215797467.groovy:36)]]></system-err>
      </testcase>
      <testcase name="Test Cases/UI/Employee/Client Services/Login/Login - Incorrect credentials" classname="Test Cases/UI/Employee/Client Services/Login/Login - Incorrect credentials" status="FAILED">
         <failure type="FAILED" message="Test Cases/UI/Employee/Client Services/Login/Login - Incorrect credentials FAILED.
Reason:
com.kms.katalon.core.exception.StepFailedException: Unable to set text 'test' of object 'Object Repository/UI/Employee/Client Services/Login/input_User' (Root cause: com.kms.katalon.core.webui.exception.BrowserNotOpenedException: Browser is not opened
Build info: version: '3.7.1', revision: '8a0099a', time: '2017-11-06T21:07:36.161Z'
System info: host: 'TDG-MBL-MTY0359', ip: '192.168.1.97', os.name: 'Windows 10', os.arch: 'amd64', os.version: '10.0', java.version: '1.8.0_181'
Driver info: driver.version: unknown)
	at com.kms.katalon.core.keyword.internal.KeywordMain.stepFailed(KeywordMain.groovy:36)
	at com.kms.katalon.core.webui.keyword.internal.WebUIKeywordMain.stepFailed(WebUIKeywordMain.groovy:65)
	at com.kms.katalon.core.webui.keyword.internal.WebUIKeywordMain.runKeyword(WebUIKeywordMain.groovy:27)
	at com.kms.katalon.core.webui.keyword.builtin.SetTextKeyword.setText(SetTextKeyword.groovy:65)
	at com.kms.katalon.core.webui.keyword.builtin.SetTextKeyword.execute(SetTextKeyword.groovy:37)
	at com.kms.katalon.core.keyword.internal.KeywordExecutor.executeKeywordForPlatform(KeywordExecutor.groovy:53)
	at com.kms.katalon.core.webui.keyword.WebUiBuiltInKeywords.setText(WebUiBuiltInKeywords.groovy:950)
	at com.kms.katalon.core.webui.keyword.WebUiBuiltInKeywords$setText$3.call(Unknown Source)
	at Login - Incorrect credentials.run(Login - Incorrect credentials:17)
	at com.kms.katalon.core.main.ScriptEngine.run(ScriptEngine.java:194)
	at com.kms.katalon.core.main.ScriptEngine.runScriptAsRawText(ScriptEngine.java:119)
	at com.kms.katalon.core.main.TestCaseExecutor.runScript(TestCaseExecutor.java:328)
	at com.kms.katalon.core.main.TestCaseExecutor.doExecute(TestCaseExecutor.java:319)
	at com.kms.katalon.core.main.TestCaseExecutor.processExecutionPhase(TestCaseExecutor.java:298)
	at com.kms.katalon.core.main.TestCaseExecutor.accessMainPhase(TestCaseExecutor.java:290)
	at com.kms.katalon.core.main.TestCaseExecutor.execute(TestCaseExecutor.java:224)
	at com.kms.katalon.core.main.TestSuiteExecutor.accessTestCaseMainPhase(TestSuiteExecutor.java:129)
	at com.kms.katalon.core.main.TestSuiteExecutor.accessTestSuiteMainPhase(TestSuiteExecutor.java:112)
	at com.kms.katalon.core.main.TestSuiteExecutor.execute(TestSuiteExecutor.java:81)
	at com.kms.katalon.core.main.TestCaseMain.startTestSuite(TestCaseMain.java:149)
	at com.kms.katalon.core.main.TestCaseMain$startTestSuite$0.call(Unknown Source)
	at TempTestSuite1548215797467.run(TempTestSuite1548215797467.groovy:36)
"/>
         <system-out><![CDATA[2019-01-22 22:04:05 - [TEST_CASE][FAILED] - Test Cases/UI/Employee/Client Services/Login/Login - Incorrect credentials: Test Cases/UI/Employee/Client Services/Login/Login - Incorrect credentials FAILED.
Reason:
com.kms.katalon.core.exception.StepFailedException: Unable to set text 'test' of object 'Object Repository/UI/Employee/Client Services/Login/input_User' (Root cause: com.kms.katalon.core.webui.exception.BrowserNotOpenedException: Browser is not opened
Build info: version: '3.7.1', revision: '8a0099a', time: '2017-11-06T21:07:36.161Z'
System info: host: 'TDG-MBL-MTY0359', ip: '192.168.1.97', os.name: 'Windows 10', os.arch: 'amd64', os.version: '10.0', java.version: '1.8.0_181'
Driver info: driver.version: unknown)
	at com.kms.katalon.core.keyword.internal.KeywordMain.stepFailed(KeywordMain.groovy:36)
	at com.kms.katalon.core.webui.keyword.internal.WebUIKeywordMain.stepFailed(WebUIKeywordMain.groovy:65)
	at com.kms.katalon.core.webui.keyword.internal.WebUIKeywordMain.runKeyword(WebUIKeywordMain.groovy:27)
	at com.kms.katalon.core.webui.keyword.builtin.SetTextKeyword.setText(SetTextKeyword.groovy:65)
	at com.kms.katalon.core.webui.keyword.builtin.SetTextKeyword.execute(SetTextKeyword.groovy:37)
	at com.kms.katalon.core.keyword.internal.KeywordExecutor.executeKeywordForPlatform(KeywordExecutor.groovy:53)
	at com.kms.katalon.core.webui.keyword.WebUiBuiltInKeywords.setText(WebUiBuiltInKeywords.groovy:950)
	at com.kms.katalon.core.webui.keyword.WebUiBuiltInKeywords$setText$3.call(Unknown Source)
	at Login - Incorrect credentials.run(Login - Incorrect credentials:17)
	at com.kms.katalon.core.main.ScriptEngine.run(ScriptEngine.java:194)
	at com.kms.katalon.core.main.ScriptEngine.runScriptAsRawText(ScriptEngine.java:119)
	at com.kms.katalon.core.main.TestCaseExecutor.runScript(TestCaseExecutor.java:328)
	at com.kms.katalon.core.main.TestCaseExecutor.doExecute(TestCaseExecutor.java:319)
	at com.kms.katalon.core.main.TestCaseExecutor.processExecutionPhase(TestCaseExecutor.java:298)
	at com.kms.katalon.core.main.TestCaseExecutor.accessMainPhase(TestCaseExecutor.java:290)
	at com.kms.katalon.core.main.TestCaseExecutor.execute(TestCaseExecutor.java:224)
	at com.kms.katalon.core.main.TestSuiteExecutor.accessTestCaseMainPhase(TestSuiteExecutor.java:129)
	at com.kms.katalon.core.main.TestSuiteExecutor.accessTestSuiteMainPhase(TestSuiteExecutor.java:112)
	at com.kms.katalon.core.main.TestSuiteExecutor.execute(TestSuiteExecutor.java:81)
	at com.kms.katalon.core.main.TestCaseMain.startTestSuite(TestCaseMain.java:149)
	at com.kms.katalon.core.main.TestCaseMain$startTestSuite$0.call(Unknown Source)
	at TempTestSuite1548215797467.run(TempTestSuite1548215797467.groovy:36)


2019-01-22 22:04:05 - [TEST_STEP][FAILED] - setText(findTestObject("UI/Employee/Client Services/Login/input_User"), invalidUser): setText(findTestObject("UI/Employee/Client Services/Login/input_User"), invalidUser) FAILED.
Reason:
com.kms.katalon.core.exception.StepFailedException: Unable to set text 'test' of object 'Object Repository/UI/Employee/Client Services/Login/input_User' (Root cause: com.kms.katalon.core.webui.exception.BrowserNotOpenedException: Browser is not opened
Build info: version: '3.7.1', revision: '8a0099a', time: '2017-11-06T21:07:36.161Z'
System info: host: 'TDG-MBL-MTY0359', ip: '192.168.1.97', os.name: 'Windows 10', os.arch: 'amd64', os.version: '10.0', java.version: '1.8.0_181'
Driver info: driver.version: unknown)
	at com.kms.katalon.core.keyword.internal.KeywordMain.stepFailed(KeywordMain.groovy:36)
	at com.kms.katalon.core.webui.keyword.internal.WebUIKeywordMain.stepFailed(WebUIKeywordMain.groovy:65)
	at com.kms.katalon.core.webui.keyword.internal.WebUIKeywordMain.runKeyword(WebUIKeywordMain.groovy:27)
	at com.kms.katalon.core.webui.keyword.builtin.SetTextKeyword.setText(SetTextKeyword.groovy:65)
	at com.kms.katalon.core.webui.keyword.builtin.SetTextKeyword.execute(SetTextKeyword.groovy:37)
	at com.kms.katalon.core.keyword.internal.KeywordExecutor.executeKeywordForPlatform(KeywordExecutor.groovy:53)
	at com.kms.katalon.core.webui.keyword.WebUiBuiltInKeywords.setText(WebUiBuiltInKeywords.groovy:950)
	at com.kms.katalon.core.webui.keyword.WebUiBuiltInKeywords$setText$3.call(Unknown Source)
	at Login - Incorrect credentials.run(Login - Incorrect credentials:17)
	at com.kms.katalon.core.main.ScriptEngine.run(ScriptEngine.java:194)
	at com.kms.katalon.core.main.ScriptEngine.runScriptAsRawText(ScriptEngine.java:119)
	at com.kms.katalon.core.main.TestCaseExecutor.runScript(TestCaseExecutor.java:328)
	at com.kms.katalon.core.main.TestCaseExecutor.doExecute(TestCaseExecutor.java:319)
	at com.kms.katalon.core.main.TestCaseExecutor.processExecutionPhase(TestCaseExecutor.java:298)
	at com.kms.katalon.core.main.TestCaseExecutor.accessMainPhase(TestCaseExecutor.java:290)
	at com.kms.katalon.core.main.TestCaseExecutor.execute(TestCaseExecutor.java:224)
	at com.kms.katalon.core.main.TestSuiteExecutor.accessTestCaseMainPhase(TestSuiteExecutor.java:129)
	at com.kms.katalon.core.main.TestSuiteExecutor.accessTestSuiteMainPhase(TestSuiteExecutor.java:112)
	at com.kms.katalon.core.main.TestSuiteExecutor.execute(TestSuiteExecutor.java:81)
	at com.kms.katalon.core.main.TestCaseMain.startTestSuite(TestCaseMain.java:149)
	at com.kms.katalon.core.main.TestCaseMain$startTestSuite$0.call(Unknown Source)
	at TempTestSuite1548215797467.run(TempTestSuite1548215797467.groovy:36)


2019-01-22 22:04:05 - [MESSAGE][WARNING] - Cannot take screenshot

2019-01-22 22:04:05 - [MESSAGE][FAILED] - Unable to set text 'test' of object 'Object Repository/UI/Employee/Client Services/Login/input_User' (Root cause: com.kms.katalon.core.webui.exception.BrowserNotOpenedException: Browser is not opened
Build info: version: '3.7.1', revision: '8a0099a', time: '2017-11-06T21:07:36.161Z'
System info: host: 'TDG-MBL-MTY0359', ip: '192.168.1.97', os.name: 'Windows 10', os.arch: 'amd64', os.version: '10.0', java.version: '1.8.0_181'
Driver info: driver.version: unknown)

2019-01-22 22:04:05 - [MESSAGE][FAILED] - setText(findTestObject("UI/Employee/Client Services/Login/input_User"), invalidUser) FAILED.
Reason:
com.kms.katalon.core.exception.StepFailedException: Unable to set text 'test' of object 'Object Repository/UI/Employee/Client Services/Login/input_User' (Root cause: com.kms.katalon.core.webui.exception.BrowserNotOpenedException: Browser is not opened
Build info: version: '3.7.1', revision: '8a0099a', time: '2017-11-06T21:07:36.161Z'
System info: host: 'TDG-MBL-MTY0359', ip: '192.168.1.97', os.name: 'Windows 10', os.arch: 'amd64', os.version: '10.0', java.version: '1.8.0_181'
Driver info: driver.version: unknown)
	at com.kms.katalon.core.keyword.internal.KeywordMain.stepFailed(KeywordMain.groovy:36)
	at com.kms.katalon.core.webui.keyword.internal.WebUIKeywordMain.stepFailed(WebUIKeywordMain.groovy:65)
	at com.kms.katalon.core.webui.keyword.internal.WebUIKeywordMain.runKeyword(WebUIKeywordMain.groovy:27)
	at com.kms.katalon.core.webui.keyword.builtin.SetTextKeyword.setText(SetTextKeyword.groovy:65)
	at com.kms.katalon.core.webui.keyword.builtin.SetTextKeyword.execute(SetTextKeyword.groovy:37)
	at com.kms.katalon.core.keyword.internal.KeywordExecutor.executeKeywordForPlatform(KeywordExecutor.groovy:53)
	at com.kms.katalon.core.webui.keyword.WebUiBuiltInKeywords.setText(WebUiBuiltInKeywords.groovy:950)
	at com.kms.katalon.core.webui.keyword.WebUiBuiltInKeywords$setText$3.call(Unknown Source)
	at Login - Incorrect credentials.run(Login - Incorrect credentials:17)
	at com.kms.katalon.core.main.ScriptEngine.run(ScriptEngine.java:194)
	at com.kms.katalon.core.main.ScriptEngine.runScriptAsRawText(ScriptEngine.java:119)
	at com.kms.katalon.core.main.TestCaseExecutor.runScript(TestCaseExecutor.java:328)
	at com.kms.katalon.core.main.TestCaseExecutor.doExecute(TestCaseExecutor.java:319)
	at com.kms.katalon.core.main.TestCaseExecutor.processExecutionPhase(TestCaseExecutor.java:298)
	at com.kms.katalon.core.main.TestCaseExecutor.accessMainPhase(TestCaseExecutor.java:290)
	at com.kms.katalon.core.main.TestCaseExecutor.execute(TestCaseExecutor.java:224)
	at com.kms.katalon.core.main.TestSuiteExecutor.accessTestCaseMainPhase(TestSuiteExecutor.java:129)
	at com.kms.katalon.core.main.TestSuiteExecutor.accessTestSuiteMainPhase(TestSuiteExecutor.java:112)
	at com.kms.katalon.core.main.TestSuiteExecutor.execute(TestSuiteExecutor.java:81)
	at com.kms.katalon.core.main.TestCaseMain.startTestSuite(TestCaseMain.java:149)
	at com.kms.katalon.core.main.TestCaseMain$startTestSuite$0.call(Unknown Source)
	at TempTestSuite1548215797467.run(TempTestSuite1548215797467.groovy:36)]]></system-out>
         <system-err><![CDATA[2019-01-22 22:04:05 - [TEST_CASE][FAILED] - Test Cases/UI/Employee/Client Services/Login/Login - Incorrect credentials: Test Cases/UI/Employee/Client Services/Login/Login - Incorrect credentials FAILED.
Reason:
com.kms.katalon.core.exception.StepFailedException: Unable to set text 'test' of object 'Object Repository/UI/Employee/Client Services/Login/input_User' (Root cause: com.kms.katalon.core.webui.exception.BrowserNotOpenedException: Browser is not opened
Build info: version: '3.7.1', revision: '8a0099a', time: '2017-11-06T21:07:36.161Z'
System info: host: 'TDG-MBL-MTY0359', ip: '192.168.1.97', os.name: 'Windows 10', os.arch: 'amd64', os.version: '10.0', java.version: '1.8.0_181'
Driver info: driver.version: unknown)
	at com.kms.katalon.core.keyword.internal.KeywordMain.stepFailed(KeywordMain.groovy:36)
	at com.kms.katalon.core.webui.keyword.internal.WebUIKeywordMain.stepFailed(WebUIKeywordMain.groovy:65)
	at com.kms.katalon.core.webui.keyword.internal.WebUIKeywordMain.runKeyword(WebUIKeywordMain.groovy:27)
	at com.kms.katalon.core.webui.keyword.builtin.SetTextKeyword.setText(SetTextKeyword.groovy:65)
	at com.kms.katalon.core.webui.keyword.builtin.SetTextKeyword.execute(SetTextKeyword.groovy:37)
	at com.kms.katalon.core.keyword.internal.KeywordExecutor.executeKeywordForPlatform(KeywordExecutor.groovy:53)
	at com.kms.katalon.core.webui.keyword.WebUiBuiltInKeywords.setText(WebUiBuiltInKeywords.groovy:950)
	at com.kms.katalon.core.webui.keyword.WebUiBuiltInKeywords$setText$3.call(Unknown Source)
	at Login - Incorrect credentials.run(Login - Incorrect credentials:17)
	at com.kms.katalon.core.main.ScriptEngine.run(ScriptEngine.java:194)
	at com.kms.katalon.core.main.ScriptEngine.runScriptAsRawText(ScriptEngine.java:119)
	at com.kms.katalon.core.main.TestCaseExecutor.runScript(TestCaseExecutor.java:328)
	at com.kms.katalon.core.main.TestCaseExecutor.doExecute(TestCaseExecutor.java:319)
	at com.kms.katalon.core.main.TestCaseExecutor.processExecutionPhase(TestCaseExecutor.java:298)
	at com.kms.katalon.core.main.TestCaseExecutor.accessMainPhase(TestCaseExecutor.java:290)
	at com.kms.katalon.core.main.TestCaseExecutor.execute(TestCaseExecutor.java:224)
	at com.kms.katalon.core.main.TestSuiteExecutor.accessTestCaseMainPhase(TestSuiteExecutor.java:129)
	at com.kms.katalon.core.main.TestSuiteExecutor.accessTestSuiteMainPhase(TestSuiteExecutor.java:112)
	at com.kms.katalon.core.main.TestSuiteExecutor.execute(TestSuiteExecutor.java:81)
	at com.kms.katalon.core.main.TestCaseMain.startTestSuite(TestCaseMain.java:149)
	at com.kms.katalon.core.main.TestCaseMain$startTestSuite$0.call(Unknown Source)
	at TempTestSuite1548215797467.run(TempTestSuite1548215797467.groovy:36)]]></system-err>
      </testcase>
      <testcase name="Test Cases/UI/Employee/Client Services/Login/Login - Successful Employee" classname="Test Cases/UI/Employee/Client Services/Login/Login - Successful Employee" status="PASSED">
         <system-out><![CDATA[2019-01-22 22:04:05 - [TEST_CASE][PASSED] - Test Cases/UI/Employee/Client Services/Login/Login - Successful Employee: Test Cases/UI/Employee/Client Services/Login/Login - Successful Employee

2019-01-22 22:04:06 - [TEST_STEP][PASSED] - openBrowser("https://uat.advancedpricing.com/login"): Browser is opened with url: 'https://uat.advancedpricing.com/login'

2019-01-22 22:04:06 - [MESSAGE][INFO] - Starting 'Chrome' driver

2019-01-22 22:04:09 - [MESSAGE][PASSED] - Browser is opened with url: 'https://uat.advancedpricing.com/login'

2019-01-22 22:04:09 - [TEST_STEP][PASSED] - maximizeWindow(): Current window maximized

2019-01-22 22:04:10 - [MESSAGE][PASSED] - Current window maximized

2019-01-22 22:04:10 - [TEST_STEP][PASSED] - waitForElementPresent(findTestObject("UI/Employee/Client Services/ForgotPassword/a_ForgotPassword"), 5): Object 'Object Repository/UI/Employee/Client Services/ForgotPassword/a_ForgotPassword' is present

2019-01-22 22:04:10 - [MESSAGE][PASSED] - Object 'Object Repository/UI/Employee/Client Services/ForgotPassword/a_ForgotPassword' is present

2019-01-22 22:04:10 - [TEST_STEP][PASSED] - waitForElementVisible(findTestObject("UI/Employee/Client Services/ForgotPassword/a_ForgotPassword"), 5): Object 'Object Repository/UI/Employee/Client Services/ForgotPassword/a_ForgotPassword' is visible

2019-01-22 22:04:10 - [MESSAGE][PASSED] - Object 'Object Repository/UI/Employee/Client Services/ForgotPassword/a_ForgotPassword' is visible

2019-01-22 22:04:10 - [TEST_STEP][PASSED] - waitForElementPresent(findTestObject("UI/General/Page_LoginPage/button_Login"), 5): Object 'Object Repository/UI/General/Page_LoginPage/button_Login' is present

2019-01-22 22:04:10 - [MESSAGE][PASSED] - Object 'Object Repository/UI/General/Page_LoginPage/button_Login' is present

2019-01-22 22:04:10 - [TEST_STEP][PASSED] - waitForElementVisible(findTestObject("UI/General/Page_LoginPage/button_Login"), 5): Object 'Object Repository/UI/General/Page_LoginPage/button_Login' is visible

2019-01-22 22:04:10 - [MESSAGE][PASSED] - Object 'Object Repository/UI/General/Page_LoginPage/button_Login' is visible

2019-01-22 22:04:10 - [TEST_STEP][PASSED] - waitForElementPresent(findTestObject("UI/Employee/Client Services/Login/input_Password"), 5): Object 'Object Repository/UI/Employee/Client Services/Login/input_Password' is present

2019-01-22 22:04:10 - [MESSAGE][PASSED] - Object 'Object Repository/UI/Employee/Client Services/Login/input_Password' is present

2019-01-22 22:04:10 - [TEST_STEP][PASSED] - waitForElementVisible(findTestObject("UI/Employee/Client Services/Login/input_Password"), 5): Object 'Object Repository/UI/Employee/Client Services/Login/input_Password' is visible

2019-01-22 22:04:10 - [MESSAGE][PASSED] - Object 'Object Repository/UI/Employee/Client Services/Login/input_Password' is visible

2019-01-22 22:04:10 - [TEST_STEP][PASSED] - waitForElementPresent(findTestObject("UI/Employee/Client Services/Login/input_User"), 5): Object 'Object Repository/UI/Employee/Client Services/Login/input_User' is present

2019-01-22 22:04:10 - [MESSAGE][PASSED] - Object 'Object Repository/UI/Employee/Client Services/Login/input_User' is present

2019-01-22 22:04:10 - [TEST_STEP][PASSED] - waitForElementVisible(findTestObject("UI/Employee/Client Services/Login/input_User"), 5): Object 'Object Repository/UI/Employee/Client Services/Login/input_User' is visible

2019-01-22 22:04:10 - [MESSAGE][PASSED] - Object 'Object Repository/UI/Employee/Client Services/Login/input_User' is visible

2019-01-22 22:04:10 - [TEST_STEP][PASSED] - setText(findTestObject("UI/Employee/Client Services/Login/input_User"), user): Text 'qaAuto' is set on object 'Object Repository/UI/Employee/Client Services/Login/input_User'

2019-01-22 22:04:11 - [MESSAGE][PASSED] - Text 'qaAuto' is set on object 'Object Repository/UI/Employee/Client Services/Login/input_User'

2019-01-22 22:04:11 - [TEST_STEP][PASSED] - setText(findTestObject("UI/Employee/Client Services/Login/input_Password"), password): Text 'a9yk100dD' is set on object 'Object Repository/UI/Employee/Client Services/Login/input_Password'

2019-01-22 22:04:11 - [MESSAGE][PASSED] - Text 'a9yk100dD' is set on object 'Object Repository/UI/Employee/Client Services/Login/input_Password'

2019-01-22 22:04:11 - [TEST_STEP][PASSED] - click(findTestObject("UI/Employee/Client Services/Login/button_Login")): Object: 'Object Repository/UI/Employee/Client Services/Login/button_Login' is clicked on

2019-01-22 22:04:11 - [MESSAGE][PASSED] - Object: 'Object Repository/UI/Employee/Client Services/Login/button_Login' is clicked on

2019-01-22 22:04:11 - [TEST_STEP][PASSED] - waitForElementPresent(findTestObject("UI/General/Page_Employee landing page/img_AMPSLogo"), 5): Object 'Object Repository/UI/General/Page_Employee landing page/img_AMPSLogo' is present

2019-01-22 22:04:11 - [MESSAGE][PASSED] - Object 'Object Repository/UI/General/Page_Employee landing page/img_AMPSLogo' is present

2019-01-22 22:04:11 - [TEST_STEP][PASSED] - waitForElementVisible(findTestObject("UI/General/Page_Employee landing page/img_AMPSLogo"), 5): Object 'Object Repository/UI/General/Page_Employee landing page/img_AMPSLogo' is visible

2019-01-22 22:04:12 - [MESSAGE][PASSED] - Object 'Object Repository/UI/General/Page_Employee landing page/img_AMPSLogo' is visible

2019-01-22 22:04:12 - [TEST_STEP][PASSED] - waitForElementPresent(findTestObject("UI/General/Page_Employee landing page/span_ClientsMenu"), 5): Object 'Object Repository/UI/General/Page_Employee landing page/span_ClientsMenu' is present

2019-01-22 22:04:12 - [MESSAGE][PASSED] - Object 'Object Repository/UI/General/Page_Employee landing page/span_ClientsMenu' is present

2019-01-22 22:04:12 - [TEST_STEP][PASSED] - waitForElementVisible(findTestObject("UI/General/Page_Employee landing page/span_ClientsMenu"), 5): Object 'Object Repository/UI/General/Page_Employee landing page/span_ClientsMenu' is visible

2019-01-22 22:04:12 - [MESSAGE][PASSED] - Object 'Object Repository/UI/General/Page_Employee landing page/span_ClientsMenu' is visible

2019-01-22 22:04:12 - [TEST_STEP][PASSED] - waitForElementPresent(findTestObject("UI/General/Page_Employee landing page/h1_ClientsTitle"), 5): Object 'Object Repository/UI/General/Page_Employee landing page/h1_ClientsTitle' is present

2019-01-22 22:04:12 - [MESSAGE][PASSED] - Object 'Object Repository/UI/General/Page_Employee landing page/h1_ClientsTitle' is present

2019-01-22 22:04:12 - [TEST_STEP][PASSED] - waitForElementVisible(findTestObject("UI/General/Page_Employee landing page/h1_ClientsTitle"), 5): Object 'Object Repository/UI/General/Page_Employee landing page/h1_ClientsTitle' is visible

2019-01-22 22:04:12 - [MESSAGE][PASSED] - Object 'Object Repository/UI/General/Page_Employee landing page/h1_ClientsTitle' is visible

2019-01-22 22:04:12 - [TEST_STEP][PASSED] - closeBrowser(): Browser is closed

2019-01-22 22:04:12 - [MESSAGE][PASSED] - Browser is closed]]></system-out>
         <system-err><![CDATA[]]></system-err>
      </testcase>
      <testcase name="Test Cases/UI/Employee/Files/Upload file" classname="Test Cases/UI/Employee/Files/Upload file" status="FAILED">
         <failure type="FAILED" message="Test Cases/UI/Employee/Files/Upload file FAILED.
Reason:
com.kms.katalon.core.exception.StepFailedException: Unable to upload file '/Users/David Avalos/Downloads/eb61f4ad-6215-4f42-9c70-9ac4439222d1.jpeg' to object 'Object Repository/UI/Employee/Files/Element_1547578954950' (Root cause: org.openqa.selenium.WebDriverException: unknown error: path is not absolute: /Users/David Avalos/Downloads/eb61f4ad-6215-4f42-9c70-9ac4439222d1.jpeg
  (Session info: chrome=71.0.3578.98)
  (Driver info: chromedriver=2.43.600210 (68dcf5eebde37173d4027fa8635e332711d2874a),platform=Windows NT 10.0.15063 x86_64) (WARNING: The server did not provide any stacktrace information)
Command duration or timeout: 0 milliseconds
Build info: version: '3.7.1', revision: '8a0099a', time: '2017-11-06T21:07:36.161Z'
System info: host: 'TDG-MBL-MTY0359', ip: '192.168.1.97', os.name: 'Windows 10', os.arch: 'amd64', os.version: '10.0', java.version: '1.8.0_181'
Driver info: com.kms.katalon.selenium.driver.CChromeDriver
Capabilities {acceptInsecureCerts: false, acceptSslCerts: false, applicationCacheEnabled: false, browserConnectionEnabled: false, browserName: chrome, chrome: {chromedriverVersion: 2.43.600210 (68dcf5eebde371..., userDataDir: C:\Users\DAVIDA~1\AppData\L...}, cssSelectorsEnabled: true, databaseEnabled: false, goog:chromeOptions: {debuggerAddress: localhost:59396}, handlesAlerts: true, hasTouchScreen: false, javascriptEnabled: true, locationContextEnabled: true, mobileEmulationEnabled: false, nativeEvents: true, networkConnectionEnabled: false, pageLoadStrategy: normal, platform: XP, platformName: XP, rotatable: false, setWindowRect: true, takesHeapSnapshot: true, takesScreenshot: true, unexpectedAlertBehaviour: , unhandledPromptBehavior: , version: 71.0.3578.98, webStorageEnabled: true}
Session ID: 2557335692299ddbfbe96a65080bab8d)
	at com.kms.katalon.core.keyword.internal.KeywordMain.stepFailed(KeywordMain.groovy:36)
	at com.kms.katalon.core.webui.keyword.internal.WebUIKeywordMain.stepFailed(WebUIKeywordMain.groovy:65)
	at com.kms.katalon.core.webui.keyword.internal.WebUIKeywordMain.runKeyword(WebUIKeywordMain.groovy:27)
	at com.kms.katalon.core.webui.keyword.builtin.UploadFileKeyword.uploadFile(UploadFileKeyword.groovy:87)
	at com.kms.katalon.core.webui.keyword.builtin.UploadFileKeyword.execute(UploadFileKeyword.groovy:68)
	at com.kms.katalon.core.keyword.internal.KeywordExecutor.executeKeywordForPlatform(KeywordExecutor.groovy:53)
	at com.kms.katalon.core.webui.keyword.WebUiBuiltInKeywords.uploadFile(WebUiBuiltInKeywords.groovy:2945)
	at com.kms.katalon.core.webui.keyword.WebUiBuiltInKeywords$uploadFile$13.call(Unknown Source)
	at Upload file.run(Upload file:50)
	at com.kms.katalon.core.main.ScriptEngine.run(ScriptEngine.java:194)
	at com.kms.katalon.core.main.ScriptEngine.runScriptAsRawText(ScriptEngine.java:119)
	at com.kms.katalon.core.main.TestCaseExecutor.runScript(TestCaseExecutor.java:328)
	at com.kms.katalon.core.main.TestCaseExecutor.doExecute(TestCaseExecutor.java:319)
	at com.kms.katalon.core.main.TestCaseExecutor.processExecutionPhase(TestCaseExecutor.java:298)
	at com.kms.katalon.core.main.TestCaseExecutor.accessMainPhase(TestCaseExecutor.java:290)
	at com.kms.katalon.core.main.TestCaseExecutor.execute(TestCaseExecutor.java:224)
	at com.kms.katalon.core.main.TestSuiteExecutor.accessTestCaseMainPhase(TestSuiteExecutor.java:129)
	at com.kms.katalon.core.main.TestSuiteExecutor.accessTestSuiteMainPhase(TestSuiteExecutor.java:112)
	at com.kms.katalon.core.main.TestSuiteExecutor.execute(TestSuiteExecutor.java:81)
	at com.kms.katalon.core.main.TestCaseMain.startTestSuite(TestCaseMain.java:149)
	at com.kms.katalon.core.main.TestCaseMain$startTestSuite$0.call(Unknown Source)
	at TempTestSuite1548215797467.run(TempTestSuite1548215797467.groovy:36)
"/>
         <system-out><![CDATA[2019-01-22 22:04:12 - [TEST_CASE][FAILED] - Test Cases/UI/Employee/Files/Upload file: Test Cases/UI/Employee/Files/Upload file FAILED.
Reason:
com.kms.katalon.core.exception.StepFailedException: Unable to upload file '/Users/David Avalos/Downloads/eb61f4ad-6215-4f42-9c70-9ac4439222d1.jpeg' to object 'Object Repository/UI/Employee/Files/Element_1547578954950' (Root cause: org.openqa.selenium.WebDriverException: unknown error: path is not absolute: /Users/David Avalos/Downloads/eb61f4ad-6215-4f42-9c70-9ac4439222d1.jpeg
  (Session info: chrome=71.0.3578.98)
  (Driver info: chromedriver=2.43.600210 (68dcf5eebde37173d4027fa8635e332711d2874a),platform=Windows NT 10.0.15063 x86_64) (WARNING: The server did not provide any stacktrace information)
Command duration or timeout: 0 milliseconds
Build info: version: '3.7.1', revision: '8a0099a', time: '2017-11-06T21:07:36.161Z'
System info: host: 'TDG-MBL-MTY0359', ip: '192.168.1.97', os.name: 'Windows 10', os.arch: 'amd64', os.version: '10.0', java.version: '1.8.0_181'
Driver info: com.kms.katalon.selenium.driver.CChromeDriver
Capabilities {acceptInsecureCerts: false, acceptSslCerts: false, applicationCacheEnabled: false, browserConnectionEnabled: false, browserName: chrome, chrome: {chromedriverVersion: 2.43.600210 (68dcf5eebde371..., userDataDir: C:\Users\DAVIDA~1\AppData\L...}, cssSelectorsEnabled: true, databaseEnabled: false, goog:chromeOptions: {debuggerAddress: localhost:59396}, handlesAlerts: true, hasTouchScreen: false, javascriptEnabled: true, locationContextEnabled: true, mobileEmulationEnabled: false, nativeEvents: true, networkConnectionEnabled: false, pageLoadStrategy: normal, platform: XP, platformName: XP, rotatable: false, setWindowRect: true, takesHeapSnapshot: true, takesScreenshot: true, unexpectedAlertBehaviour: , unhandledPromptBehavior: , version: 71.0.3578.98, webStorageEnabled: true}
Session ID: 2557335692299ddbfbe96a65080bab8d)
	at com.kms.katalon.core.keyword.internal.KeywordMain.stepFailed(KeywordMain.groovy:36)
	at com.kms.katalon.core.webui.keyword.internal.WebUIKeywordMain.stepFailed(WebUIKeywordMain.groovy:65)
	at com.kms.katalon.core.webui.keyword.internal.WebUIKeywordMain.runKeyword(WebUIKeywordMain.groovy:27)
	at com.kms.katalon.core.webui.keyword.builtin.UploadFileKeyword.uploadFile(UploadFileKeyword.groovy:87)
	at com.kms.katalon.core.webui.keyword.builtin.UploadFileKeyword.execute(UploadFileKeyword.groovy:68)
	at com.kms.katalon.core.keyword.internal.KeywordExecutor.executeKeywordForPlatform(KeywordExecutor.groovy:53)
	at com.kms.katalon.core.webui.keyword.WebUiBuiltInKeywords.uploadFile(WebUiBuiltInKeywords.groovy:2945)
	at com.kms.katalon.core.webui.keyword.WebUiBuiltInKeywords$uploadFile$13.call(Unknown Source)
	at Upload file.run(Upload file:50)
	at com.kms.katalon.core.main.ScriptEngine.run(ScriptEngine.java:194)
	at com.kms.katalon.core.main.ScriptEngine.runScriptAsRawText(ScriptEngine.java:119)
	at com.kms.katalon.core.main.TestCaseExecutor.runScript(TestCaseExecutor.java:328)
	at com.kms.katalon.core.main.TestCaseExecutor.doExecute(TestCaseExecutor.java:319)
	at com.kms.katalon.core.main.TestCaseExecutor.processExecutionPhase(TestCaseExecutor.java:298)
	at com.kms.katalon.core.main.TestCaseExecutor.accessMainPhase(TestCaseExecutor.java:290)
	at com.kms.katalon.core.main.TestCaseExecutor.execute(TestCaseExecutor.java:224)
	at com.kms.katalon.core.main.TestSuiteExecutor.accessTestCaseMainPhase(TestSuiteExecutor.java:129)
	at com.kms.katalon.core.main.TestSuiteExecutor.accessTestSuiteMainPhase(TestSuiteExecutor.java:112)
	at com.kms.katalon.core.main.TestSuiteExecutor.execute(TestSuiteExecutor.java:81)
	at com.kms.katalon.core.main.TestCaseMain.startTestSuite(TestCaseMain.java:149)
	at com.kms.katalon.core.main.TestCaseMain$startTestSuite$0.call(Unknown Source)
	at TempTestSuite1548215797467.run(TempTestSuite1548215797467.groovy:36)


2019-01-22 22:04:12 - [TEST_STEP][PASSED] - openBrowser(""): Browser is opened with url: ''

2019-01-22 22:04:12 - [MESSAGE][INFO] - Starting 'Chrome' driver

2019-01-22 22:04:15 - [MESSAGE][PASSED] - Browser is opened with url: ''

2019-01-22 22:04:15 - [TEST_STEP][PASSED] - navigateToUrl("https://uat.advancedpricing.com/"): Navigate to 'https://uat.advancedpricing.com/' successfully

2019-01-22 22:04:16 - [MESSAGE][PASSED] - Navigate to 'https://uat.advancedpricing.com/' successfully

2019-01-22 22:04:16 - [TEST_STEP][PASSED] - maximizeWindow(): Current window maximized

2019-01-22 22:04:17 - [MESSAGE][PASSED] - Current window maximized

2019-01-22 22:04:17 - [TEST_STEP][PASSED] - setText(findTestObject("UI/Employee/Files/input_AMPS Portal Sign In_code"), "qaAuto"): Text 'qaAuto' is set on object 'Object Repository/UI/Employee/Files/input_AMPS Portal Sign In_code'

2019-01-22 22:04:17 - [MESSAGE][PASSED] - Text 'qaAuto' is set on object 'Object Repository/UI/Employee/Files/input_AMPS Portal Sign In_code'

2019-01-22 22:04:17 - [TEST_STEP][PASSED] - setEncryptedText(findTestObject("UI/Employee/Files/input_AMPS Portal Sign In_pass"), "yjiIhAfFXTz0yohvbOLmCA=="): Text ****** has been set on object 'Object Repository/UI/Employee/Files/input_AMPS Portal Sign In_pass'

2019-01-22 22:04:18 - [MESSAGE][PASSED] - Text ****** has been set on object 'Object Repository/UI/Employee/Files/input_AMPS Portal Sign In_pass'

2019-01-22 22:04:18 - [TEST_STEP][PASSED] - click(findTestObject("UI/Employee/Files/input_Forgot Password_btn btn-")): Object: 'Object Repository/UI/Employee/Files/input_Forgot Password_btn btn-' is clicked on

2019-01-22 22:04:18 - [MESSAGE][PASSED] - Object: 'Object Repository/UI/Employee/Files/input_Forgot Password_btn btn-' is clicked on

2019-01-22 22:04:18 - [TEST_STEP][PASSED] - click(findTestObject("UI/Employee/Files/a_Files")): Object: 'Object Repository/UI/Employee/Files/a_Files' is clicked on

2019-01-22 22:04:19 - [MESSAGE][PASSED] - Object: 'Object Repository/UI/Employee/Files/a_Files' is clicked on

2019-01-22 22:04:19 - [TEST_STEP][PASSED] - delay(3): Delayed 3 second(s)

2019-01-22 22:04:22 - [MESSAGE][PASSED] - Delayed 3 second(s)

2019-01-22 22:04:22 - [TEST_STEP][PASSED] - today = new java.util.Date(): null

2019-01-22 22:04:22 - [TEST_STEP][PASSED] - attribute = getText(findTestObject("UI/Employee/Files/h1_DateHeader")): Text of object 'Object Repository/UI/Employee/Files/h1_DateHeader' is: 'Files - Tuesday, January 22nd 2019'

2019-01-22 22:04:22 - [MESSAGE][PASSED] - Text of object 'Object Repository/UI/Employee/Files/h1_DateHeader' is: 'Files - Tuesday, January 22nd 2019'

2019-01-22 22:04:22 - [TEST_STEP][PASSED] - println(attribute): null

2019-01-22 22:04:22 - [TEST_STEP][PASSED] - attribute.contains(today.format("EEEE") + ", " + today.format("MMMM") + " " + today.format("dd")): null

2019-01-22 22:04:22 - [TEST_STEP][PASSED] - attribute.contains(today.format("yyyy")): null

2019-01-22 22:04:22 - [TEST_STEP][FAILED] - uploadFile(findTestObject("UI/Employee/Files/Element_1547578954950"), "/Users/David Avalos/Downloads/eb61f4ad-6215-4f42-9c70-9ac4439222d1.jpeg"): uploadFile(findTestObject("UI/Employee/Files/Element_1547578954950"), "/Users/David Avalos/Downloads/eb61f4ad-6215-4f42-9c70-9ac4439222d1.jpeg") FAILED.
Reason:
com.kms.katalon.core.exception.StepFailedException: Unable to upload file '/Users/David Avalos/Downloads/eb61f4ad-6215-4f42-9c70-9ac4439222d1.jpeg' to object 'Object Repository/UI/Employee/Files/Element_1547578954950' (Root cause: org.openqa.selenium.WebDriverException: unknown error: path is not absolute: /Users/David Avalos/Downloads/eb61f4ad-6215-4f42-9c70-9ac4439222d1.jpeg
  (Session info: chrome=71.0.3578.98)
  (Driver info: chromedriver=2.43.600210 (68dcf5eebde37173d4027fa8635e332711d2874a),platform=Windows NT 10.0.15063 x86_64) (WARNING: The server did not provide any stacktrace information)
Command duration or timeout: 0 milliseconds
Build info: version: '3.7.1', revision: '8a0099a', time: '2017-11-06T21:07:36.161Z'
System info: host: 'TDG-MBL-MTY0359', ip: '192.168.1.97', os.name: 'Windows 10', os.arch: 'amd64', os.version: '10.0', java.version: '1.8.0_181'
Driver info: com.kms.katalon.selenium.driver.CChromeDriver
Capabilities {acceptInsecureCerts: false, acceptSslCerts: false, applicationCacheEnabled: false, browserConnectionEnabled: false, browserName: chrome, chrome: {chromedriverVersion: 2.43.600210 (68dcf5eebde371..., userDataDir: C:\Users\DAVIDA~1\AppData\L...}, cssSelectorsEnabled: true, databaseEnabled: false, goog:chromeOptions: {debuggerAddress: localhost:59396}, handlesAlerts: true, hasTouchScreen: false, javascriptEnabled: true, locationContextEnabled: true, mobileEmulationEnabled: false, nativeEvents: true, networkConnectionEnabled: false, pageLoadStrategy: normal, platform: XP, platformName: XP, rotatable: false, setWindowRect: true, takesHeapSnapshot: true, takesScreenshot: true, unexpectedAlertBehaviour: , unhandledPromptBehavior: , version: 71.0.3578.98, webStorageEnabled: true}
Session ID: 2557335692299ddbfbe96a65080bab8d)
	at com.kms.katalon.core.keyword.internal.KeywordMain.stepFailed(KeywordMain.groovy:36)
	at com.kms.katalon.core.webui.keyword.internal.WebUIKeywordMain.stepFailed(WebUIKeywordMain.groovy:65)
	at com.kms.katalon.core.webui.keyword.internal.WebUIKeywordMain.runKeyword(WebUIKeywordMain.groovy:27)
	at com.kms.katalon.core.webui.keyword.builtin.UploadFileKeyword.uploadFile(UploadFileKeyword.groovy:87)
	at com.kms.katalon.core.webui.keyword.builtin.UploadFileKeyword.execute(UploadFileKeyword.groovy:68)
	at com.kms.katalon.core.keyword.internal.KeywordExecutor.executeKeywordForPlatform(KeywordExecutor.groovy:53)
	at com.kms.katalon.core.webui.keyword.WebUiBuiltInKeywords.uploadFile(WebUiBuiltInKeywords.groovy:2945)
	at com.kms.katalon.core.webui.keyword.WebUiBuiltInKeywords$uploadFile$13.call(Unknown Source)
	at Upload file.run(Upload file:50)
	at com.kms.katalon.core.main.ScriptEngine.run(ScriptEngine.java:194)
	at com.kms.katalon.core.main.ScriptEngine.runScriptAsRawText(ScriptEngine.java:119)
	at com.kms.katalon.core.main.TestCaseExecutor.runScript(TestCaseExecutor.java:328)
	at com.kms.katalon.core.main.TestCaseExecutor.doExecute(TestCaseExecutor.java:319)
	at com.kms.katalon.core.main.TestCaseExecutor.processExecutionPhase(TestCaseExecutor.java:298)
	at com.kms.katalon.core.main.TestCaseExecutor.accessMainPhase(TestCaseExecutor.java:290)
	at com.kms.katalon.core.main.TestCaseExecutor.execute(TestCaseExecutor.java:224)
	at com.kms.katalon.core.main.TestSuiteExecutor.accessTestCaseMainPhase(TestSuiteExecutor.java:129)
	at com.kms.katalon.core.main.TestSuiteExecutor.accessTestSuiteMainPhase(TestSuiteExecutor.java:112)
	at com.kms.katalon.core.main.TestSuiteExecutor.execute(TestSuiteExecutor.java:81)
	at com.kms.katalon.core.main.TestCaseMain.startTestSuite(TestCaseMain.java:149)
	at com.kms.katalon.core.main.TestCaseMain$startTestSuite$0.call(Unknown Source)
	at TempTestSuite1548215797467.run(TempTestSuite1548215797467.groovy:36)


2019-01-22 22:04:22 - [MESSAGE][FAILED] - Unable to upload file '/Users/David Avalos/Downloads/eb61f4ad-6215-4f42-9c70-9ac4439222d1.jpeg' to object 'Object Repository/UI/Employee/Files/Element_1547578954950' (Root cause: org.openqa.selenium.WebDriverException: unknown error: path is not absolute: /Users/David Avalos/Downloads/eb61f4ad-6215-4f42-9c70-9ac4439222d1.jpeg
  (Session info: chrome=71.0.3578.98)
  (Driver info: chromedriver=2.43.600210 (68dcf5eebde37173d4027fa8635e332711d2874a),platform=Windows NT 10.0.15063 x86_64) (WARNING: The server did not provide any stacktrace information)
Command duration or timeout: 0 milliseconds
Build info: version: '3.7.1', revision: '8a0099a', time: '2017-11-06T21:07:36.161Z'
System info: host: 'TDG-MBL-MTY0359', ip: '192.168.1.97', os.name: 'Windows 10', os.arch: 'amd64', os.version: '10.0', java.version: '1.8.0_181'
Driver info: com.kms.katalon.selenium.driver.CChromeDriver
Capabilities {acceptInsecureCerts: false, acceptSslCerts: false, applicationCacheEnabled: false, browserConnectionEnabled: false, browserName: chrome, chrome: {chromedriverVersion: 2.43.600210 (68dcf5eebde371..., userDataDir: C:\Users\DAVIDA~1\AppData\L...}, cssSelectorsEnabled: true, databaseEnabled: false, goog:chromeOptions: {debuggerAddress: localhost:59396}, handlesAlerts: true, hasTouchScreen: false, javascriptEnabled: true, locationContextEnabled: true, mobileEmulationEnabled: false, nativeEvents: true, networkConnectionEnabled: false, pageLoadStrategy: normal, platform: XP, platformName: XP, rotatable: false, setWindowRect: true, takesHeapSnapshot: true, takesScreenshot: true, unexpectedAlertBehaviour: , unhandledPromptBehavior: , version: 71.0.3578.98, webStorageEnabled: true}
Session ID: 2557335692299ddbfbe96a65080bab8d)
[[ATTACHMENT|C:\\Users\\David Avalos\\git\\AMPSAutRegression\\Reports\\UI\\Regression\\20190122_215637\\1548216262203.png]]

2019-01-22 22:04:22 - [MESSAGE][FAILED] - uploadFile(findTestObject("UI/Employee/Files/Element_1547578954950"), "/Users/David Avalos/Downloads/eb61f4ad-6215-4f42-9c70-9ac4439222d1.jpeg") FAILED.
Reason:
com.kms.katalon.core.exception.StepFailedException: Unable to upload file '/Users/David Avalos/Downloads/eb61f4ad-6215-4f42-9c70-9ac4439222d1.jpeg' to object 'Object Repository/UI/Employee/Files/Element_1547578954950' (Root cause: org.openqa.selenium.WebDriverException: unknown error: path is not absolute: /Users/David Avalos/Downloads/eb61f4ad-6215-4f42-9c70-9ac4439222d1.jpeg
  (Session info: chrome=71.0.3578.98)
  (Driver info: chromedriver=2.43.600210 (68dcf5eebde37173d4027fa8635e332711d2874a),platform=Windows NT 10.0.15063 x86_64) (WARNING: The server did not provide any stacktrace information)
Command duration or timeout: 0 milliseconds
Build info: version: '3.7.1', revision: '8a0099a', time: '2017-11-06T21:07:36.161Z'
System info: host: 'TDG-MBL-MTY0359', ip: '192.168.1.97', os.name: 'Windows 10', os.arch: 'amd64', os.version: '10.0', java.version: '1.8.0_181'
Driver info: com.kms.katalon.selenium.driver.CChromeDriver
Capabilities {acceptInsecureCerts: false, acceptSslCerts: false, applicationCacheEnabled: false, browserConnectionEnabled: false, browserName: chrome, chrome: {chromedriverVersion: 2.43.600210 (68dcf5eebde371..., userDataDir: C:\Users\DAVIDA~1\AppData\L...}, cssSelectorsEnabled: true, databaseEnabled: false, goog:chromeOptions: {debuggerAddress: localhost:59396}, handlesAlerts: true, hasTouchScreen: false, javascriptEnabled: true, locationContextEnabled: true, mobileEmulationEnabled: false, nativeEvents: true, networkConnectionEnabled: false, pageLoadStrategy: normal, platform: XP, platformName: XP, rotatable: false, setWindowRect: true, takesHeapSnapshot: true, takesScreenshot: true, unexpectedAlertBehaviour: , unhandledPromptBehavior: , version: 71.0.3578.98, webStorageEnabled: true}
Session ID: 2557335692299ddbfbe96a65080bab8d)
	at com.kms.katalon.core.keyword.internal.KeywordMain.stepFailed(KeywordMain.groovy:36)
	at com.kms.katalon.core.webui.keyword.internal.WebUIKeywordMain.stepFailed(WebUIKeywordMain.groovy:65)
	at com.kms.katalon.core.webui.keyword.internal.WebUIKeywordMain.runKeyword(WebUIKeywordMain.groovy:27)
	at com.kms.katalon.core.webui.keyword.builtin.UploadFileKeyword.uploadFile(UploadFileKeyword.groovy:87)
	at com.kms.katalon.core.webui.keyword.builtin.UploadFileKeyword.execute(UploadFileKeyword.groovy:68)
	at com.kms.katalon.core.keyword.internal.KeywordExecutor.executeKeywordForPlatform(KeywordExecutor.groovy:53)
	at com.kms.katalon.core.webui.keyword.WebUiBuiltInKeywords.uploadFile(WebUiBuiltInKeywords.groovy:2945)
	at com.kms.katalon.core.webui.keyword.WebUiBuiltInKeywords$uploadFile$13.call(Unknown Source)
	at Upload file.run(Upload file:50)
	at com.kms.katalon.core.main.ScriptEngine.run(ScriptEngine.java:194)
	at com.kms.katalon.core.main.ScriptEngine.runScriptAsRawText(ScriptEngine.java:119)
	at com.kms.katalon.core.main.TestCaseExecutor.runScript(TestCaseExecutor.java:328)
	at com.kms.katalon.core.main.TestCaseExecutor.doExecute(TestCaseExecutor.java:319)
	at com.kms.katalon.core.main.TestCaseExecutor.processExecutionPhase(TestCaseExecutor.java:298)
	at com.kms.katalon.core.main.TestCaseExecutor.accessMainPhase(TestCaseExecutor.java:290)
	at com.kms.katalon.core.main.TestCaseExecutor.execute(TestCaseExecutor.java:224)
	at com.kms.katalon.core.main.TestSuiteExecutor.accessTestCaseMainPhase(TestSuiteExecutor.java:129)
	at com.kms.katalon.core.main.TestSuiteExecutor.accessTestSuiteMainPhase(TestSuiteExecutor.java:112)
	at com.kms.katalon.core.main.TestSuiteExecutor.execute(TestSuiteExecutor.java:81)
	at com.kms.katalon.core.main.TestCaseMain.startTestSuite(TestCaseMain.java:149)
	at com.kms.katalon.core.main.TestCaseMain$startTestSuite$0.call(Unknown Source)
	at TempTestSuite1548215797467.run(TempTestSuite1548215797467.groovy:36)]]></system-out>
         <system-err><![CDATA[2019-01-22 22:04:12 - [TEST_CASE][FAILED] - Test Cases/UI/Employee/Files/Upload file: Test Cases/UI/Employee/Files/Upload file FAILED.
Reason:
com.kms.katalon.core.exception.StepFailedException: Unable to upload file '/Users/David Avalos/Downloads/eb61f4ad-6215-4f42-9c70-9ac4439222d1.jpeg' to object 'Object Repository/UI/Employee/Files/Element_1547578954950' (Root cause: org.openqa.selenium.WebDriverException: unknown error: path is not absolute: /Users/David Avalos/Downloads/eb61f4ad-6215-4f42-9c70-9ac4439222d1.jpeg
  (Session info: chrome=71.0.3578.98)
  (Driver info: chromedriver=2.43.600210 (68dcf5eebde37173d4027fa8635e332711d2874a),platform=Windows NT 10.0.15063 x86_64) (WARNING: The server did not provide any stacktrace information)
Command duration or timeout: 0 milliseconds
Build info: version: '3.7.1', revision: '8a0099a', time: '2017-11-06T21:07:36.161Z'
System info: host: 'TDG-MBL-MTY0359', ip: '192.168.1.97', os.name: 'Windows 10', os.arch: 'amd64', os.version: '10.0', java.version: '1.8.0_181'
Driver info: com.kms.katalon.selenium.driver.CChromeDriver
Capabilities {acceptInsecureCerts: false, acceptSslCerts: false, applicationCacheEnabled: false, browserConnectionEnabled: false, browserName: chrome, chrome: {chromedriverVersion: 2.43.600210 (68dcf5eebde371..., userDataDir: C:\Users\DAVIDA~1\AppData\L...}, cssSelectorsEnabled: true, databaseEnabled: false, goog:chromeOptions: {debuggerAddress: localhost:59396}, handlesAlerts: true, hasTouchScreen: false, javascriptEnabled: true, locationContextEnabled: true, mobileEmulationEnabled: false, nativeEvents: true, networkConnectionEnabled: false, pageLoadStrategy: normal, platform: XP, platformName: XP, rotatable: false, setWindowRect: true, takesHeapSnapshot: true, takesScreenshot: true, unexpectedAlertBehaviour: , unhandledPromptBehavior: , version: 71.0.3578.98, webStorageEnabled: true}
Session ID: 2557335692299ddbfbe96a65080bab8d)
	at com.kms.katalon.core.keyword.internal.KeywordMain.stepFailed(KeywordMain.groovy:36)
	at com.kms.katalon.core.webui.keyword.internal.WebUIKeywordMain.stepFailed(WebUIKeywordMain.groovy:65)
	at com.kms.katalon.core.webui.keyword.internal.WebUIKeywordMain.runKeyword(WebUIKeywordMain.groovy:27)
	at com.kms.katalon.core.webui.keyword.builtin.UploadFileKeyword.uploadFile(UploadFileKeyword.groovy:87)
	at com.kms.katalon.core.webui.keyword.builtin.UploadFileKeyword.execute(UploadFileKeyword.groovy:68)
	at com.kms.katalon.core.keyword.internal.KeywordExecutor.executeKeywordForPlatform(KeywordExecutor.groovy:53)
	at com.kms.katalon.core.webui.keyword.WebUiBuiltInKeywords.uploadFile(WebUiBuiltInKeywords.groovy:2945)
	at com.kms.katalon.core.webui.keyword.WebUiBuiltInKeywords$uploadFile$13.call(Unknown Source)
	at Upload file.run(Upload file:50)
	at com.kms.katalon.core.main.ScriptEngine.run(ScriptEngine.java:194)
	at com.kms.katalon.core.main.ScriptEngine.runScriptAsRawText(ScriptEngine.java:119)
	at com.kms.katalon.core.main.TestCaseExecutor.runScript(TestCaseExecutor.java:328)
	at com.kms.katalon.core.main.TestCaseExecutor.doExecute(TestCaseExecutor.java:319)
	at com.kms.katalon.core.main.TestCaseExecutor.processExecutionPhase(TestCaseExecutor.java:298)
	at com.kms.katalon.core.main.TestCaseExecutor.accessMainPhase(TestCaseExecutor.java:290)
	at com.kms.katalon.core.main.TestCaseExecutor.execute(TestCaseExecutor.java:224)
	at com.kms.katalon.core.main.TestSuiteExecutor.accessTestCaseMainPhase(TestSuiteExecutor.java:129)
	at com.kms.katalon.core.main.TestSuiteExecutor.accessTestSuiteMainPhase(TestSuiteExecutor.java:112)
	at com.kms.katalon.core.main.TestSuiteExecutor.execute(TestSuiteExecutor.java:81)
	at com.kms.katalon.core.main.TestCaseMain.startTestSuite(TestCaseMain.java:149)
	at com.kms.katalon.core.main.TestCaseMain$startTestSuite$0.call(Unknown Source)
	at TempTestSuite1548215797467.run(TempTestSuite1548215797467.groovy:36)]]></system-err>
      </testcase>
      <testcase name="Test Cases/UI/Employee/Files/Uploader" classname="Test Cases/UI/Employee/Files/Uploader" status="PASSED">
         <system-out><![CDATA[2019-01-22 22:04:22 - [TEST_CASE][PASSED] - Test Cases/UI/Employee/Files/Uploader: Test Cases/UI/Employee/Files/Uploader

2019-01-22 22:04:22 - [TEST_STEP][PASSED] - openBrowser(""): Browser is opened with url: ''

2019-01-22 22:04:22 - [MESSAGE][WARNING] - A browser is already opened. Closing browser and opening a new one

2019-01-22 22:04:23 - [MESSAGE][INFO] - Starting 'Chrome' driver

2019-01-22 22:04:25 - [MESSAGE][PASSED] - Browser is opened with url: ''

2019-01-22 22:04:25 - [TEST_STEP][PASSED] - navigateToUrl("https://uat.advancedpricing.com/login?next=%2F"): Navigate to 'https://uat.advancedpricing.com/login?next=%2F' successfully

2019-01-22 22:04:27 - [MESSAGE][PASSED] - Navigate to 'https://uat.advancedpricing.com/login?next=%2F' successfully

2019-01-22 22:04:27 - [TEST_STEP][PASSED] - maximizeWindow(): Current window maximized

2019-01-22 22:04:28 - [MESSAGE][PASSED] - Current window maximized

2019-01-22 22:04:28 - [TEST_STEP][PASSED] - setText(findTestObject("UI/Employee/Files/input_AMPS Portal Sign In_code"), "qaAuto"): Text 'qaAuto' is set on object 'Object Repository/UI/Employee/Files/input_AMPS Portal Sign In_code'

2019-01-22 22:04:28 - [MESSAGE][PASSED] - Text 'qaAuto' is set on object 'Object Repository/UI/Employee/Files/input_AMPS Portal Sign In_code'

2019-01-22 22:04:28 - [TEST_STEP][PASSED] - setEncryptedText(findTestObject("UI/Employee/Files/input_AMPS Portal Sign In_pass"), "yjiIhAfFXTz0yohvbOLmCA=="): Text ****** has been set on object 'Object Repository/UI/Employee/Files/input_AMPS Portal Sign In_pass'

2019-01-22 22:04:28 - [MESSAGE][PASSED] - Text ****** has been set on object 'Object Repository/UI/Employee/Files/input_AMPS Portal Sign In_pass'

2019-01-22 22:04:28 - [TEST_STEP][PASSED] - click(findTestObject("UI/Employee/Files/input_Forgot Password_btn btn-")): Object: 'Object Repository/UI/Employee/Files/input_Forgot Password_btn btn-' is clicked on

2019-01-22 22:04:28 - [MESSAGE][PASSED] - Object: 'Object Repository/UI/Employee/Files/input_Forgot Password_btn btn-' is clicked on

2019-01-22 22:04:28 - [TEST_STEP][PASSED] - click(findTestObject("UI/Employee/Uploader/a_Uploader")): Object: 'Object Repository/UI/Employee/Uploader/a_Uploader' is clicked on

2019-01-22 22:04:29 - [MESSAGE][PASSED] - Object: 'Object Repository/UI/Employee/Uploader/a_Uploader' is clicked on

2019-01-22 22:04:29 - [TEST_STEP][PASSED] - delay(2): Delayed 2 second(s)

2019-01-22 22:04:31 - [MESSAGE][PASSED] - Delayed 2 second(s)

2019-01-22 22:04:31 - [TEST_STEP][PASSED] - today = new java.util.Date(): null

2019-01-22 22:04:31 - [TEST_STEP][PASSED] - click(findTestObject("UI/Employee/Uploader/button_Add New User")): Object: 'Object Repository/UI/Employee/Uploader/button_Add New User' is clicked on

2019-01-22 22:04:31 - [MESSAGE][PASSED] - Object: 'Object Repository/UI/Employee/Uploader/button_Add New User' is clicked on

2019-01-22 22:04:31 - [TEST_STEP][PASSED] - setText(findTestObject("UI/Employee/Uploader/Calendar_NewUser"), "12/12/2020"): Text '12/12/2020' is set on object 'Object Repository/UI/Employee/Uploader/Calendar_NewUser'

2019-01-22 22:04:31 - [MESSAGE][PASSED] - Text '12/12/2020' is set on object 'Object Repository/UI/Employee/Uploader/Calendar_NewUser'

2019-01-22 22:04:31 - [TEST_STEP][PASSED] - setText(findTestObject("UI/Employee/Uploader/input_Name_name"), "TESTh"): Text 'TESTh' is set on object 'Object Repository/UI/Employee/Uploader/input_Name_name'

2019-01-22 22:04:32 - [MESSAGE][PASSED] - Text 'TESTh' is set on object 'Object Repository/UI/Employee/Uploader/input_Name_name'

2019-01-22 22:04:32 - [TEST_STEP][PASSED] - sendKeys(null, Keys.chord(TAB)): Keys 'TAB + ' sent to object: 'tempBody'

2019-01-22 22:04:32 - [MESSAGE][WARNING] - Test object with id 'Object Repository/' does not exist

2019-01-22 22:04:32 - [MESSAGE][PASSED] - Keys 'TAB + ' sent to object: 'tempBody'

2019-01-22 22:04:32 - [TEST_STEP][PASSED] - click(findTestObject("UI/Employee/Uploader/input_Name_name")): Object: 'Object Repository/UI/Employee/Uploader/input_Name_name' is clicked on

2019-01-22 22:04:32 - [MESSAGE][PASSED] - Object: 'Object Repository/UI/Employee/Uploader/input_Name_name' is clicked on

2019-01-22 22:04:32 - [TEST_STEP][PASSED] - setText(findTestObject("UI/Employee/Uploader/input_Email_email"), "test@test.com"): Text 'test@test.com' is set on object 'Object Repository/UI/Employee/Uploader/input_Email_email'

2019-01-22 22:04:32 - [MESSAGE][PASSED] - Text 'test@test.com' is set on object 'Object Repository/UI/Employee/Uploader/input_Email_email'

2019-01-22 22:04:32 - [TEST_STEP][PASSED] - delay(2): Delayed 2 second(s)

2019-01-22 22:04:34 - [MESSAGE][PASSED] - Delayed 2 second(s)

2019-01-22 22:04:34 - [TEST_STEP][PASSED] - setText(findTestObject("UI/Employee/Uploader/input_Email_email"), "test@test.com"): Text 'test@test.com' is set on object 'Object Repository/UI/Employee/Uploader/input_Email_email'

2019-01-22 22:04:34 - [MESSAGE][PASSED] - Text 'test@test.com' is set on object 'Object Repository/UI/Employee/Uploader/input_Email_email'

2019-01-22 22:04:34 - [TEST_STEP][PASSED] - click(findTestObject("UI/Employee/Uploader/button_Save (1)")): Object: 'Object Repository/UI/Employee/Uploader/button_Save (1)' is clicked on

2019-01-22 22:04:34 - [MESSAGE][PASSED] - Object: 'Object Repository/UI/Employee/Uploader/button_Save (1)' is clicked on

2019-01-22 22:04:34 - [TEST_STEP][PASSED] - delay(4): Delayed 4 second(s)

2019-01-22 22:04:38 - [MESSAGE][PASSED] - Delayed 4 second(s)

2019-01-22 22:04:38 - [TEST_STEP][PASSED] - doubleClick(findTestObject("UI/Employee/Uploader/strong_User created.")): Object: 'Object Repository/UI/Employee/Uploader/strong_User created.' is double clicked on

2019-01-22 22:04:38 - [MESSAGE][PASSED] - Object: 'Object Repository/UI/Employee/Uploader/strong_User created.' is double clicked on

2019-01-22 22:04:38 - [TEST_STEP][PASSED] - click(findTestObject("UI/Employee/Uploader/button_Close")): Object: 'Object Repository/UI/Employee/Uploader/button_Close' is clicked on

2019-01-22 22:04:39 - [MESSAGE][PASSED] - Object: 'Object Repository/UI/Employee/Uploader/button_Close' is clicked on

2019-01-22 22:04:39 - [TEST_STEP][PASSED] - delay(1): Delayed 1 second(s)

2019-01-22 22:04:40 - [MESSAGE][PASSED] - Delayed 1 second(s)

2019-01-22 22:04:40 - [TEST_STEP][PASSED] - click(findTestObject("UI/Employee/Uploader/i_Expires_fa fa-check aria-hid")): Object: 'Object Repository/UI/Employee/Uploader/i_Expires_fa fa-check aria-hid' is clicked on

2019-01-22 22:04:40 - [MESSAGE][PASSED] - Object: 'Object Repository/UI/Employee/Uploader/i_Expires_fa fa-check aria-hid' is clicked on

2019-01-22 22:04:40 - [TEST_STEP][PASSED] - delay(1): Delayed 1 second(s)

2019-01-22 22:04:41 - [MESSAGE][PASSED] - Delayed 1 second(s)

2019-01-22 22:04:41 - [TEST_STEP][PASSED] - click(findTestObject("UI/Employee/Uploader/span_There is no data to displ")): Object: 'Object Repository/UI/Employee/Uploader/span_There is no data to displ' is clicked on

2019-01-22 22:04:41 - [MESSAGE][PASSED] - Object: 'Object Repository/UI/Employee/Uploader/span_There is no data to displ' is clicked on

2019-01-22 22:04:41 - [TEST_STEP][PASSED] - click(findTestObject("UI/Employee/Uploader/span__dropdown")): Object: 'Object Repository/UI/Employee/Uploader/span__dropdown' is clicked on

2019-01-22 22:04:41 - [MESSAGE][PASSED] - Object: 'Object Repository/UI/Employee/Uploader/span__dropdown' is clicked on

2019-01-22 22:04:41 - [TEST_STEP][PASSED] - click(findTestObject("UI/Employee/Uploader/th_FileName")): Object: 'Object Repository/UI/Employee/Uploader/th_FileName' is clicked on

2019-01-22 22:04:41 - [MESSAGE][PASSED] - Object: 'Object Repository/UI/Employee/Uploader/th_FileName' is clicked on

2019-01-22 22:04:41 - [TEST_STEP][PASSED] - click(findTestObject("UI/Employee/Uploader/td_There is no data to display")): Object: 'Object Repository/UI/Employee/Uploader/td_There is no data to display' is clicked on

2019-01-22 22:04:41 - [MESSAGE][PASSED] - Object: 'Object Repository/UI/Employee/Uploader/td_There is no data to display' is clicked on

2019-01-22 22:04:41 - [TEST_STEP][PASSED] - click(findTestObject("UI/Employee/Uploader/span_Date_dropdown")): Object: 'Object Repository/UI/Employee/Uploader/span_Date_dropdown' is clicked on

2019-01-22 22:04:41 - [MESSAGE][PASSED] - Object: 'Object Repository/UI/Employee/Uploader/span_Date_dropdown' is clicked on

2019-01-22 22:04:41 - [TEST_STEP][PASSED] - click(findTestObject("UI/Employee/Uploader/th_Size")): Object: 'Object Repository/UI/Employee/Uploader/th_Size' is clicked on

2019-01-22 22:04:41 - [MESSAGE][PASSED] - Object: 'Object Repository/UI/Employee/Uploader/th_Size' is clicked on

2019-01-22 22:04:41 - [TEST_STEP][PASSED] - click(findTestObject("UI/Employee/Uploader/button_Close")): Object: 'Object Repository/UI/Employee/Uploader/button_Close' is clicked on

2019-01-22 22:04:41 - [MESSAGE][PASSED] - Object: 'Object Repository/UI/Employee/Uploader/button_Close' is clicked on

2019-01-22 22:04:41 - [TEST_STEP][PASSED] - delay(2): Delayed 2 second(s)

2019-01-22 22:04:43 - [MESSAGE][PASSED] - Delayed 2 second(s)

2019-01-22 22:04:43 - [TEST_STEP][PASSED] - setText(findTestObject("UI/Employee/Uploader/input_Search By Name or Email_"), "sfrancis@wellsystems.com"): Text 'sfrancis@wellsystems.com' is set on object 'Object Repository/UI/Employee/Uploader/input_Search By Name or Email_'

2019-01-22 22:04:43 - [MESSAGE][PASSED] - Text 'sfrancis@wellsystems.com' is set on object 'Object Repository/UI/Employee/Uploader/input_Search By Name or Email_'

2019-01-22 22:04:43 - [TEST_STEP][PASSED] - delay(1): Delayed 1 second(s)

2019-01-22 22:04:44 - [MESSAGE][PASSED] - Delayed 1 second(s)

2019-01-22 22:04:44 - [TEST_STEP][PASSED] - click(findTestObject("UI/Employee/Uploader/button_Filter")): Object: 'Object Repository/UI/Employee/Uploader/button_Filter' is clicked on

2019-01-22 22:04:45 - [MESSAGE][PASSED] - Object: 'Object Repository/UI/Employee/Uploader/button_Filter' is clicked on

2019-01-22 22:04:45 - [TEST_STEP][PASSED] - click(findTestObject("UI/Employee/Uploader/i_Expires_fa fa-times aria-hid")): Object: 'Object Repository/UI/Employee/Uploader/i_Expires_fa fa-times aria-hid' is clicked on

2019-01-22 22:04:45 - [MESSAGE][PASSED] - Object: 'Object Repository/UI/Employee/Uploader/i_Expires_fa fa-times aria-hid' is clicked on

2019-01-22 22:04:45 - [TEST_STEP][PASSED] - click(findTestObject("UI/Employee/Uploader/span_Size_dropdown")): Object: 'Object Repository/UI/Employee/Uploader/span_Size_dropdown' is clicked on

2019-01-22 22:04:45 - [MESSAGE][PASSED] - Object: 'Object Repository/UI/Employee/Uploader/span_Size_dropdown' is clicked on

2019-01-22 22:04:45 - [TEST_STEP][PASSED] - click(findTestObject("UI/Employee/Uploader/th_Size (1)")): Object: 'Object Repository/UI/Employee/Uploader/th_Size (1)' is clicked on

2019-01-22 22:04:45 - [MESSAGE][PASSED] - Object: 'Object Repository/UI/Employee/Uploader/th_Size (1)' is clicked on

2019-01-22 22:04:45 - [TEST_STEP][PASSED] - click(findTestObject("UI/Employee/Uploader/span_330.3 KB")): Object: 'Object Repository/UI/Employee/Uploader/span_330.3 KB' is clicked on

2019-01-22 22:04:45 - [MESSAGE][PASSED] - Object: 'Object Repository/UI/Employee/Uploader/span_330.3 KB' is clicked on

2019-01-22 22:04:45 - [TEST_STEP][PASSED] - click(findTestObject("UI/Employee/Uploader/th_Size (1)")): Object: 'Object Repository/UI/Employee/Uploader/th_Size (1)' is clicked on

2019-01-22 22:04:45 - [MESSAGE][PASSED] - Object: 'Object Repository/UI/Employee/Uploader/th_Size (1)' is clicked on

2019-01-22 22:04:45 - [TEST_STEP][PASSED] - click(findTestObject("UI/Employee/Uploader/span_358.4 KB")): Object: 'Object Repository/UI/Employee/Uploader/span_358.4 KB' is clicked on

2019-01-22 22:04:45 - [MESSAGE][PASSED] - Object: 'Object Repository/UI/Employee/Uploader/span_358.4 KB' is clicked on

2019-01-22 22:04:45 - [TEST_STEP][PASSED] - click(findTestObject("UI/Employee/Uploader/button_Close")): Object: 'Object Repository/UI/Employee/Uploader/button_Close' is clicked on

2019-01-22 22:04:45 - [MESSAGE][PASSED] - Object: 'Object Repository/UI/Employee/Uploader/button_Close' is clicked on

2019-01-22 22:04:45 - [TEST_STEP][PASSED] - closeBrowser(): Browser is closed

2019-01-22 22:04:46 - [MESSAGE][PASSED] - Browser is closed]]></system-out>
         <system-err><![CDATA[]]></system-err>
      </testcase>
      <testcase name="Test Cases/UI/Employee/Performance Monitor/General Display" classname="Test Cases/UI/Employee/Performance Monitor/General Display" status="FAILED">
         <failure type="FAILED" message="Test Cases/UI/Employee/Performance Monitor/General Display FAILED.
Reason:
com.kms.katalon.core.exception.StepFailedException: Unable to click on object 'Object Repository/UI/Employee/Performance Monitor/Objects Performance Monitor/Page_AMPS Portal/span_Performance Monitor' (Root cause: com.kms.katalon.core.webui.exception.BrowserNotOpenedException: Browser is not opened
Build info: version: '3.7.1', revision: '8a0099a', time: '2017-11-06T21:07:36.161Z'
System info: host: 'TDG-MBL-MTY0359', ip: '192.168.1.97', os.name: 'Windows 10', os.arch: 'amd64', os.version: '10.0', java.version: '1.8.0_181'
Driver info: driver.version: unknown)
	at com.kms.katalon.core.keyword.internal.KeywordMain.stepFailed(KeywordMain.groovy:36)
	at com.kms.katalon.core.webui.keyword.internal.WebUIKeywordMain.stepFailed(WebUIKeywordMain.groovy:65)
	at com.kms.katalon.core.webui.keyword.internal.WebUIKeywordMain.runKeyword(WebUIKeywordMain.groovy:27)
	at com.kms.katalon.core.webui.keyword.builtin.ClickKeyword.click(ClickKeyword.groovy:86)
	at com.kms.katalon.core.webui.keyword.builtin.ClickKeyword.execute(ClickKeyword.groovy:67)
	at com.kms.katalon.core.keyword.internal.KeywordExecutor.executeKeywordForPlatform(KeywordExecutor.groovy:53)
	at com.kms.katalon.core.webui.keyword.WebUiBuiltInKeywords.click(WebUiBuiltInKeywords.groovy:616)
	at com.kms.katalon.core.webui.keyword.WebUiBuiltInKeywords$click$5.call(Unknown Source)
	at General Display.run(General Display:20)
	at com.kms.katalon.core.main.ScriptEngine.run(ScriptEngine.java:194)
	at com.kms.katalon.core.main.ScriptEngine.runScriptAsRawText(ScriptEngine.java:119)
	at com.kms.katalon.core.main.TestCaseExecutor.runScript(TestCaseExecutor.java:328)
	at com.kms.katalon.core.main.TestCaseExecutor.doExecute(TestCaseExecutor.java:319)
	at com.kms.katalon.core.main.TestCaseExecutor.processExecutionPhase(TestCaseExecutor.java:298)
	at com.kms.katalon.core.main.TestCaseExecutor.accessMainPhase(TestCaseExecutor.java:290)
	at com.kms.katalon.core.main.TestCaseExecutor.execute(TestCaseExecutor.java:224)
	at com.kms.katalon.core.main.TestSuiteExecutor.accessTestCaseMainPhase(TestSuiteExecutor.java:129)
	at com.kms.katalon.core.main.TestSuiteExecutor.accessTestSuiteMainPhase(TestSuiteExecutor.java:112)
	at com.kms.katalon.core.main.TestSuiteExecutor.execute(TestSuiteExecutor.java:81)
	at com.kms.katalon.core.main.TestCaseMain.startTestSuite(TestCaseMain.java:149)
	at com.kms.katalon.core.main.TestCaseMain$startTestSuite$0.call(Unknown Source)
	at TempTestSuite1548215797467.run(TempTestSuite1548215797467.groovy:36)
"/>
         <system-out><![CDATA[2019-01-22 22:04:46 - [TEST_CASE][FAILED] - Test Cases/UI/Employee/Performance Monitor/General Display: Test Cases/UI/Employee/Performance Monitor/General Display FAILED.
Reason:
com.kms.katalon.core.exception.StepFailedException: Unable to click on object 'Object Repository/UI/Employee/Performance Monitor/Objects Performance Monitor/Page_AMPS Portal/span_Performance Monitor' (Root cause: com.kms.katalon.core.webui.exception.BrowserNotOpenedException: Browser is not opened
Build info: version: '3.7.1', revision: '8a0099a', time: '2017-11-06T21:07:36.161Z'
System info: host: 'TDG-MBL-MTY0359', ip: '192.168.1.97', os.name: 'Windows 10', os.arch: 'amd64', os.version: '10.0', java.version: '1.8.0_181'
Driver info: driver.version: unknown)
	at com.kms.katalon.core.keyword.internal.KeywordMain.stepFailed(KeywordMain.groovy:36)
	at com.kms.katalon.core.webui.keyword.internal.WebUIKeywordMain.stepFailed(WebUIKeywordMain.groovy:65)
	at com.kms.katalon.core.webui.keyword.internal.WebUIKeywordMain.runKeyword(WebUIKeywordMain.groovy:27)
	at com.kms.katalon.core.webui.keyword.builtin.ClickKeyword.click(ClickKeyword.groovy:86)
	at com.kms.katalon.core.webui.keyword.builtin.ClickKeyword.execute(ClickKeyword.groovy:67)
	at com.kms.katalon.core.keyword.internal.KeywordExecutor.executeKeywordForPlatform(KeywordExecutor.groovy:53)
	at com.kms.katalon.core.webui.keyword.WebUiBuiltInKeywords.click(WebUiBuiltInKeywords.groovy:616)
	at com.kms.katalon.core.webui.keyword.WebUiBuiltInKeywords$click$5.call(Unknown Source)
	at General Display.run(General Display:20)
	at com.kms.katalon.core.main.ScriptEngine.run(ScriptEngine.java:194)
	at com.kms.katalon.core.main.ScriptEngine.runScriptAsRawText(ScriptEngine.java:119)
	at com.kms.katalon.core.main.TestCaseExecutor.runScript(TestCaseExecutor.java:328)
	at com.kms.katalon.core.main.TestCaseExecutor.doExecute(TestCaseExecutor.java:319)
	at com.kms.katalon.core.main.TestCaseExecutor.processExecutionPhase(TestCaseExecutor.java:298)
	at com.kms.katalon.core.main.TestCaseExecutor.accessMainPhase(TestCaseExecutor.java:290)
	at com.kms.katalon.core.main.TestCaseExecutor.execute(TestCaseExecutor.java:224)
	at com.kms.katalon.core.main.TestSuiteExecutor.accessTestCaseMainPhase(TestSuiteExecutor.java:129)
	at com.kms.katalon.core.main.TestSuiteExecutor.accessTestSuiteMainPhase(TestSuiteExecutor.java:112)
	at com.kms.katalon.core.main.TestSuiteExecutor.execute(TestSuiteExecutor.java:81)
	at com.kms.katalon.core.main.TestCaseMain.startTestSuite(TestCaseMain.java:149)
	at com.kms.katalon.core.main.TestCaseMain$startTestSuite$0.call(Unknown Source)
	at TempTestSuite1548215797467.run(TempTestSuite1548215797467.groovy:36)


2019-01-22 22:04:46 - [TEST_STEP][PASSED] - actualText = findTestObject("UI/Employee/Performance Monitor/Objects Performance Monitor/Page_AMPS Portal/span_Performance Monitor"): null

2019-01-22 22:04:46 - [TEST_STEP][NOT_RUN] - callTestCase(findTestCase("UI/General/AdminLogin"), [:], STOP_ON_FAILURE): NOT_RUN: callTestCase(findTestCase("UI/General/AdminLogin"), [:], STOP_ON_FAILURE)

2019-01-22 22:04:46 - [MESSAGE][NOT_RUN] - NOT_RUN: callTestCase(findTestCase("UI/General/AdminLogin"), [:], STOP_ON_FAILURE)

2019-01-22 22:04:46 - [TEST_STEP][FAILED] - click(findTestObject("UI/Employee/Performance Monitor/Objects Performance Monitor/Page_AMPS Portal/span_Performance Monitor")): click(findTestObject("UI/Employee/Performance Monitor/Objects Performance Monitor/Page_AMPS Portal/span_Performance Monitor")) FAILED.
Reason:
com.kms.katalon.core.exception.StepFailedException: Unable to click on object 'Object Repository/UI/Employee/Performance Monitor/Objects Performance Monitor/Page_AMPS Portal/span_Performance Monitor' (Root cause: com.kms.katalon.core.webui.exception.BrowserNotOpenedException: Browser is not opened
Build info: version: '3.7.1', revision: '8a0099a', time: '2017-11-06T21:07:36.161Z'
System info: host: 'TDG-MBL-MTY0359', ip: '192.168.1.97', os.name: 'Windows 10', os.arch: 'amd64', os.version: '10.0', java.version: '1.8.0_181'
Driver info: driver.version: unknown)
	at com.kms.katalon.core.keyword.internal.KeywordMain.stepFailed(KeywordMain.groovy:36)
	at com.kms.katalon.core.webui.keyword.internal.WebUIKeywordMain.stepFailed(WebUIKeywordMain.groovy:65)
	at com.kms.katalon.core.webui.keyword.internal.WebUIKeywordMain.runKeyword(WebUIKeywordMain.groovy:27)
	at com.kms.katalon.core.webui.keyword.builtin.ClickKeyword.click(ClickKeyword.groovy:86)
	at com.kms.katalon.core.webui.keyword.builtin.ClickKeyword.execute(ClickKeyword.groovy:67)
	at com.kms.katalon.core.keyword.internal.KeywordExecutor.executeKeywordForPlatform(KeywordExecutor.groovy:53)
	at com.kms.katalon.core.webui.keyword.WebUiBuiltInKeywords.click(WebUiBuiltInKeywords.groovy:616)
	at com.kms.katalon.core.webui.keyword.WebUiBuiltInKeywords$click$5.call(Unknown Source)
	at General Display.run(General Display:20)
	at com.kms.katalon.core.main.ScriptEngine.run(ScriptEngine.java:194)
	at com.kms.katalon.core.main.ScriptEngine.runScriptAsRawText(ScriptEngine.java:119)
	at com.kms.katalon.core.main.TestCaseExecutor.runScript(TestCaseExecutor.java:328)
	at com.kms.katalon.core.main.TestCaseExecutor.doExecute(TestCaseExecutor.java:319)
	at com.kms.katalon.core.main.TestCaseExecutor.processExecutionPhase(TestCaseExecutor.java:298)
	at com.kms.katalon.core.main.TestCaseExecutor.accessMainPhase(TestCaseExecutor.java:290)
	at com.kms.katalon.core.main.TestCaseExecutor.execute(TestCaseExecutor.java:224)
	at com.kms.katalon.core.main.TestSuiteExecutor.accessTestCaseMainPhase(TestSuiteExecutor.java:129)
	at com.kms.katalon.core.main.TestSuiteExecutor.accessTestSuiteMainPhase(TestSuiteExecutor.java:112)
	at com.kms.katalon.core.main.TestSuiteExecutor.execute(TestSuiteExecutor.java:81)
	at com.kms.katalon.core.main.TestCaseMain.startTestSuite(TestCaseMain.java:149)
	at com.kms.katalon.core.main.TestCaseMain$startTestSuite$0.call(Unknown Source)
	at TempTestSuite1548215797467.run(TempTestSuite1548215797467.groovy:36)


2019-01-22 22:04:46 - [MESSAGE][WARNING] - Cannot take screenshot

2019-01-22 22:04:46 - [MESSAGE][FAILED] - Unable to click on object 'Object Repository/UI/Employee/Performance Monitor/Objects Performance Monitor/Page_AMPS Portal/span_Performance Monitor' (Root cause: com.kms.katalon.core.webui.exception.BrowserNotOpenedException: Browser is not opened
Build info: version: '3.7.1', revision: '8a0099a', time: '2017-11-06T21:07:36.161Z'
System info: host: 'TDG-MBL-MTY0359', ip: '192.168.1.97', os.name: 'Windows 10', os.arch: 'amd64', os.version: '10.0', java.version: '1.8.0_181'
Driver info: driver.version: unknown)

2019-01-22 22:04:46 - [MESSAGE][FAILED] - click(findTestObject("UI/Employee/Performance Monitor/Objects Performance Monitor/Page_AMPS Portal/span_Performance Monitor")) FAILED.
Reason:
com.kms.katalon.core.exception.StepFailedException: Unable to click on object 'Object Repository/UI/Employee/Performance Monitor/Objects Performance Monitor/Page_AMPS Portal/span_Performance Monitor' (Root cause: com.kms.katalon.core.webui.exception.BrowserNotOpenedException: Browser is not opened
Build info: version: '3.7.1', revision: '8a0099a', time: '2017-11-06T21:07:36.161Z'
System info: host: 'TDG-MBL-MTY0359', ip: '192.168.1.97', os.name: 'Windows 10', os.arch: 'amd64', os.version: '10.0', java.version: '1.8.0_181'
Driver info: driver.version: unknown)
	at com.kms.katalon.core.keyword.internal.KeywordMain.stepFailed(KeywordMain.groovy:36)
	at com.kms.katalon.core.webui.keyword.internal.WebUIKeywordMain.stepFailed(WebUIKeywordMain.groovy:65)
	at com.kms.katalon.core.webui.keyword.internal.WebUIKeywordMain.runKeyword(WebUIKeywordMain.groovy:27)
	at com.kms.katalon.core.webui.keyword.builtin.ClickKeyword.click(ClickKeyword.groovy:86)
	at com.kms.katalon.core.webui.keyword.builtin.ClickKeyword.execute(ClickKeyword.groovy:67)
	at com.kms.katalon.core.keyword.internal.KeywordExecutor.executeKeywordForPlatform(KeywordExecutor.groovy:53)
	at com.kms.katalon.core.webui.keyword.WebUiBuiltInKeywords.click(WebUiBuiltInKeywords.groovy:616)
	at com.kms.katalon.core.webui.keyword.WebUiBuiltInKeywords$click$5.call(Unknown Source)
	at General Display.run(General Display:20)
	at com.kms.katalon.core.main.ScriptEngine.run(ScriptEngine.java:194)
	at com.kms.katalon.core.main.ScriptEngine.runScriptAsRawText(ScriptEngine.java:119)
	at com.kms.katalon.core.main.TestCaseExecutor.runScript(TestCaseExecutor.java:328)
	at com.kms.katalon.core.main.TestCaseExecutor.doExecute(TestCaseExecutor.java:319)
	at com.kms.katalon.core.main.TestCaseExecutor.processExecutionPhase(TestCaseExecutor.java:298)
	at com.kms.katalon.core.main.TestCaseExecutor.accessMainPhase(TestCaseExecutor.java:290)
	at com.kms.katalon.core.main.TestCaseExecutor.execute(TestCaseExecutor.java:224)
	at com.kms.katalon.core.main.TestSuiteExecutor.accessTestCaseMainPhase(TestSuiteExecutor.java:129)
	at com.kms.katalon.core.main.TestSuiteExecutor.accessTestSuiteMainPhase(TestSuiteExecutor.java:112)
	at com.kms.katalon.core.main.TestSuiteExecutor.execute(TestSuiteExecutor.java:81)
	at com.kms.katalon.core.main.TestCaseMain.startTestSuite(TestCaseMain.java:149)
	at com.kms.katalon.core.main.TestCaseMain$startTestSuite$0.call(Unknown Source)
	at TempTestSuite1548215797467.run(TempTestSuite1548215797467.groovy:36)]]></system-out>
         <system-err><![CDATA[2019-01-22 22:04:46 - [TEST_CASE][FAILED] - Test Cases/UI/Employee/Performance Monitor/General Display: Test Cases/UI/Employee/Performance Monitor/General Display FAILED.
Reason:
com.kms.katalon.core.exception.StepFailedException: Unable to click on object 'Object Repository/UI/Employee/Performance Monitor/Objects Performance Monitor/Page_AMPS Portal/span_Performance Monitor' (Root cause: com.kms.katalon.core.webui.exception.BrowserNotOpenedException: Browser is not opened
Build info: version: '3.7.1', revision: '8a0099a', time: '2017-11-06T21:07:36.161Z'
System info: host: 'TDG-MBL-MTY0359', ip: '192.168.1.97', os.name: 'Windows 10', os.arch: 'amd64', os.version: '10.0', java.version: '1.8.0_181'
Driver info: driver.version: unknown)
	at com.kms.katalon.core.keyword.internal.KeywordMain.stepFailed(KeywordMain.groovy:36)
	at com.kms.katalon.core.webui.keyword.internal.WebUIKeywordMain.stepFailed(WebUIKeywordMain.groovy:65)
	at com.kms.katalon.core.webui.keyword.internal.WebUIKeywordMain.runKeyword(WebUIKeywordMain.groovy:27)
	at com.kms.katalon.core.webui.keyword.builtin.ClickKeyword.click(ClickKeyword.groovy:86)
	at com.kms.katalon.core.webui.keyword.builtin.ClickKeyword.execute(ClickKeyword.groovy:67)
	at com.kms.katalon.core.keyword.internal.KeywordExecutor.executeKeywordForPlatform(KeywordExecutor.groovy:53)
	at com.kms.katalon.core.webui.keyword.WebUiBuiltInKeywords.click(WebUiBuiltInKeywords.groovy:616)
	at com.kms.katalon.core.webui.keyword.WebUiBuiltInKeywords$click$5.call(Unknown Source)
	at General Display.run(General Display:20)
	at com.kms.katalon.core.main.ScriptEngine.run(ScriptEngine.java:194)
	at com.kms.katalon.core.main.ScriptEngine.runScriptAsRawText(ScriptEngine.java:119)
	at com.kms.katalon.core.main.TestCaseExecutor.runScript(TestCaseExecutor.java:328)
	at com.kms.katalon.core.main.TestCaseExecutor.doExecute(TestCaseExecutor.java:319)
	at com.kms.katalon.core.main.TestCaseExecutor.processExecutionPhase(TestCaseExecutor.java:298)
	at com.kms.katalon.core.main.TestCaseExecutor.accessMainPhase(TestCaseExecutor.java:290)
	at com.kms.katalon.core.main.TestCaseExecutor.execute(TestCaseExecutor.java:224)
	at com.kms.katalon.core.main.TestSuiteExecutor.accessTestCaseMainPhase(TestSuiteExecutor.java:129)
	at com.kms.katalon.core.main.TestSuiteExecutor.accessTestSuiteMainPhase(TestSuiteExecutor.java:112)
	at com.kms.katalon.core.main.TestSuiteExecutor.execute(TestSuiteExecutor.java:81)
	at com.kms.katalon.core.main.TestCaseMain.startTestSuite(TestCaseMain.java:149)
	at com.kms.katalon.core.main.TestCaseMain$startTestSuite$0.call(Unknown Source)
	at TempTestSuite1548215797467.run(TempTestSuite1548215797467.groovy:36)]]></system-err>
      </testcase>
      <testcase name="Test Cases/UI/Employee/Performance Monitor/Verify there is a change on the graphic" classname="Test Cases/UI/Employee/Performance Monitor/Verify there is a change on the graphic" status="FAILED">
         <failure type="FAILED" message="Test Cases/UI/Employee/Performance Monitor/Verify there is a change on the graphic FAILED.
Reason:
com.kms.katalon.core.exception.StepFailedException: Unable to click on object 'Object Repository/UI/Employee/Performance Monitor/Objects Performance Monitor/Page_AMPS Portal/span_Performance Monitor' (Root cause: com.kms.katalon.core.webui.exception.BrowserNotOpenedException: Browser is not opened
Build info: version: '3.7.1', revision: '8a0099a', time: '2017-11-06T21:07:36.161Z'
System info: host: 'TDG-MBL-MTY0359', ip: '192.168.1.97', os.name: 'Windows 10', os.arch: 'amd64', os.version: '10.0', java.version: '1.8.0_181'
Driver info: driver.version: unknown)
	at com.kms.katalon.core.keyword.internal.KeywordMain.stepFailed(KeywordMain.groovy:36)
	at com.kms.katalon.core.webui.keyword.internal.WebUIKeywordMain.stepFailed(WebUIKeywordMain.groovy:65)
	at com.kms.katalon.core.webui.keyword.internal.WebUIKeywordMain.runKeyword(WebUIKeywordMain.groovy:27)
	at com.kms.katalon.core.webui.keyword.builtin.ClickKeyword.click(ClickKeyword.groovy:86)
	at com.kms.katalon.core.webui.keyword.builtin.ClickKeyword.execute(ClickKeyword.groovy:67)
	at com.kms.katalon.core.keyword.internal.KeywordExecutor.executeKeywordForPlatform(KeywordExecutor.groovy:53)
	at com.kms.katalon.core.webui.keyword.WebUiBuiltInKeywords.click(WebUiBuiltInKeywords.groovy:616)
	at com.kms.katalon.core.webui.keyword.WebUiBuiltInKeywords$click$5.call(Unknown Source)
	at Verify there is a change on the graphic.run(Verify there is a change on the graphic:22)
	at com.kms.katalon.core.main.ScriptEngine.run(ScriptEngine.java:194)
	at com.kms.katalon.core.main.ScriptEngine.runScriptAsRawText(ScriptEngine.java:119)
	at com.kms.katalon.core.main.TestCaseExecutor.runScript(TestCaseExecutor.java:328)
	at com.kms.katalon.core.main.TestCaseExecutor.doExecute(TestCaseExecutor.java:319)
	at com.kms.katalon.core.main.TestCaseExecutor.processExecutionPhase(TestCaseExecutor.java:298)
	at com.kms.katalon.core.main.TestCaseExecutor.accessMainPhase(TestCaseExecutor.java:290)
	at com.kms.katalon.core.main.TestCaseExecutor.execute(TestCaseExecutor.java:224)
	at com.kms.katalon.core.main.TestSuiteExecutor.accessTestCaseMainPhase(TestSuiteExecutor.java:129)
	at com.kms.katalon.core.main.TestSuiteExecutor.accessTestSuiteMainPhase(TestSuiteExecutor.java:112)
	at com.kms.katalon.core.main.TestSuiteExecutor.execute(TestSuiteExecutor.java:81)
	at com.kms.katalon.core.main.TestCaseMain.startTestSuite(TestCaseMain.java:149)
	at com.kms.katalon.core.main.TestCaseMain$startTestSuite$0.call(Unknown Source)
	at TempTestSuite1548215797467.run(TempTestSuite1548215797467.groovy:36)
"/>
         <system-out><![CDATA[2019-01-22 22:04:46 - [TEST_CASE][FAILED] - Test Cases/UI/Employee/Performance Monitor/Verify there is a change on the graphic: Test Cases/UI/Employee/Performance Monitor/Verify there is a change on the graphic FAILED.
Reason:
com.kms.katalon.core.exception.StepFailedException: Unable to click on object 'Object Repository/UI/Employee/Performance Monitor/Objects Performance Monitor/Page_AMPS Portal/span_Performance Monitor' (Root cause: com.kms.katalon.core.webui.exception.BrowserNotOpenedException: Browser is not opened
Build info: version: '3.7.1', revision: '8a0099a', time: '2017-11-06T21:07:36.161Z'
System info: host: 'TDG-MBL-MTY0359', ip: '192.168.1.97', os.name: 'Windows 10', os.arch: 'amd64', os.version: '10.0', java.version: '1.8.0_181'
Driver info: driver.version: unknown)
	at com.kms.katalon.core.keyword.internal.KeywordMain.stepFailed(KeywordMain.groovy:36)
	at com.kms.katalon.core.webui.keyword.internal.WebUIKeywordMain.stepFailed(WebUIKeywordMain.groovy:65)
	at com.kms.katalon.core.webui.keyword.internal.WebUIKeywordMain.runKeyword(WebUIKeywordMain.groovy:27)
	at com.kms.katalon.core.webui.keyword.builtin.ClickKeyword.click(ClickKeyword.groovy:86)
	at com.kms.katalon.core.webui.keyword.builtin.ClickKeyword.execute(ClickKeyword.groovy:67)
	at com.kms.katalon.core.keyword.internal.KeywordExecutor.executeKeywordForPlatform(KeywordExecutor.groovy:53)
	at com.kms.katalon.core.webui.keyword.WebUiBuiltInKeywords.click(WebUiBuiltInKeywords.groovy:616)
	at com.kms.katalon.core.webui.keyword.WebUiBuiltInKeywords$click$5.call(Unknown Source)
	at Verify there is a change on the graphic.run(Verify there is a change on the graphic:22)
	at com.kms.katalon.core.main.ScriptEngine.run(ScriptEngine.java:194)
	at com.kms.katalon.core.main.ScriptEngine.runScriptAsRawText(ScriptEngine.java:119)
	at com.kms.katalon.core.main.TestCaseExecutor.runScript(TestCaseExecutor.java:328)
	at com.kms.katalon.core.main.TestCaseExecutor.doExecute(TestCaseExecutor.java:319)
	at com.kms.katalon.core.main.TestCaseExecutor.processExecutionPhase(TestCaseExecutor.java:298)
	at com.kms.katalon.core.main.TestCaseExecutor.accessMainPhase(TestCaseExecutor.java:290)
	at com.kms.katalon.core.main.TestCaseExecutor.execute(TestCaseExecutor.java:224)
	at com.kms.katalon.core.main.TestSuiteExecutor.accessTestCaseMainPhase(TestSuiteExecutor.java:129)
	at com.kms.katalon.core.main.TestSuiteExecutor.accessTestSuiteMainPhase(TestSuiteExecutor.java:112)
	at com.kms.katalon.core.main.TestSuiteExecutor.execute(TestSuiteExecutor.java:81)
	at com.kms.katalon.core.main.TestCaseMain.startTestSuite(TestCaseMain.java:149)
	at com.kms.katalon.core.main.TestCaseMain$startTestSuite$0.call(Unknown Source)
	at TempTestSuite1548215797467.run(TempTestSuite1548215797467.groovy:36)


2019-01-22 22:04:46 - [TEST_STEP][PASSED] - actualSavings = findTestObject("UI/Employee/Performance Monitor/Objects Performance Monitor/Page_AMPS Portal/div_979268824"): null

2019-01-22 22:04:46 - [TEST_STEP][PASSED] - last3MonthsSavings = findTestObject("UI/Employee/Performance Monitor/Objects Performance Monitor/Page_AMPS Portal/div_67758396"): null

2019-01-22 22:04:46 - [TEST_STEP][NOT_RUN] - callTestCase(findTestCase("UI/General/AdminLogin"), [:], STOP_ON_FAILURE): NOT_RUN: callTestCase(findTestCase("UI/General/AdminLogin"), [:], STOP_ON_FAILURE)

2019-01-22 22:04:46 - [MESSAGE][NOT_RUN] - NOT_RUN: callTestCase(findTestCase("UI/General/AdminLogin"), [:], STOP_ON_FAILURE)

2019-01-22 22:04:46 - [TEST_STEP][FAILED] - click(findTestObject("UI/Employee/Performance Monitor/Objects Performance Monitor/Page_AMPS Portal/span_Performance Monitor")): click(findTestObject("UI/Employee/Performance Monitor/Objects Performance Monitor/Page_AMPS Portal/span_Performance Monitor")) FAILED.
Reason:
com.kms.katalon.core.exception.StepFailedException: Unable to click on object 'Object Repository/UI/Employee/Performance Monitor/Objects Performance Monitor/Page_AMPS Portal/span_Performance Monitor' (Root cause: com.kms.katalon.core.webui.exception.BrowserNotOpenedException: Browser is not opened
Build info: version: '3.7.1', revision: '8a0099a', time: '2017-11-06T21:07:36.161Z'
System info: host: 'TDG-MBL-MTY0359', ip: '192.168.1.97', os.name: 'Windows 10', os.arch: 'amd64', os.version: '10.0', java.version: '1.8.0_181'
Driver info: driver.version: unknown)
	at com.kms.katalon.core.keyword.internal.KeywordMain.stepFailed(KeywordMain.groovy:36)
	at com.kms.katalon.core.webui.keyword.internal.WebUIKeywordMain.stepFailed(WebUIKeywordMain.groovy:65)
	at com.kms.katalon.core.webui.keyword.internal.WebUIKeywordMain.runKeyword(WebUIKeywordMain.groovy:27)
	at com.kms.katalon.core.webui.keyword.builtin.ClickKeyword.click(ClickKeyword.groovy:86)
	at com.kms.katalon.core.webui.keyword.builtin.ClickKeyword.execute(ClickKeyword.groovy:67)
	at com.kms.katalon.core.keyword.internal.KeywordExecutor.executeKeywordForPlatform(KeywordExecutor.groovy:53)
	at com.kms.katalon.core.webui.keyword.WebUiBuiltInKeywords.click(WebUiBuiltInKeywords.groovy:616)
	at com.kms.katalon.core.webui.keyword.WebUiBuiltInKeywords$click$5.call(Unknown Source)
	at Verify there is a change on the graphic.run(Verify there is a change on the graphic:22)
	at com.kms.katalon.core.main.ScriptEngine.run(ScriptEngine.java:194)
	at com.kms.katalon.core.main.ScriptEngine.runScriptAsRawText(ScriptEngine.java:119)
	at com.kms.katalon.core.main.TestCaseExecutor.runScript(TestCaseExecutor.java:328)
	at com.kms.katalon.core.main.TestCaseExecutor.doExecute(TestCaseExecutor.java:319)
	at com.kms.katalon.core.main.TestCaseExecutor.processExecutionPhase(TestCaseExecutor.java:298)
	at com.kms.katalon.core.main.TestCaseExecutor.accessMainPhase(TestCaseExecutor.java:290)
	at com.kms.katalon.core.main.TestCaseExecutor.execute(TestCaseExecutor.java:224)
	at com.kms.katalon.core.main.TestSuiteExecutor.accessTestCaseMainPhase(TestSuiteExecutor.java:129)
	at com.kms.katalon.core.main.TestSuiteExecutor.accessTestSuiteMainPhase(TestSuiteExecutor.java:112)
	at com.kms.katalon.core.main.TestSuiteExecutor.execute(TestSuiteExecutor.java:81)
	at com.kms.katalon.core.main.TestCaseMain.startTestSuite(TestCaseMain.java:149)
	at com.kms.katalon.core.main.TestCaseMain$startTestSuite$0.call(Unknown Source)
	at TempTestSuite1548215797467.run(TempTestSuite1548215797467.groovy:36)


2019-01-22 22:04:46 - [MESSAGE][WARNING] - Cannot take screenshot

2019-01-22 22:04:46 - [MESSAGE][FAILED] - Unable to click on object 'Object Repository/UI/Employee/Performance Monitor/Objects Performance Monitor/Page_AMPS Portal/span_Performance Monitor' (Root cause: com.kms.katalon.core.webui.exception.BrowserNotOpenedException: Browser is not opened
Build info: version: '3.7.1', revision: '8a0099a', time: '2017-11-06T21:07:36.161Z'
System info: host: 'TDG-MBL-MTY0359', ip: '192.168.1.97', os.name: 'Windows 10', os.arch: 'amd64', os.version: '10.0', java.version: '1.8.0_181'
Driver info: driver.version: unknown)

2019-01-22 22:04:46 - [MESSAGE][FAILED] - click(findTestObject("UI/Employee/Performance Monitor/Objects Performance Monitor/Page_AMPS Portal/span_Performance Monitor")) FAILED.
Reason:
com.kms.katalon.core.exception.StepFailedException: Unable to click on object 'Object Repository/UI/Employee/Performance Monitor/Objects Performance Monitor/Page_AMPS Portal/span_Performance Monitor' (Root cause: com.kms.katalon.core.webui.exception.BrowserNotOpenedException: Browser is not opened
Build info: version: '3.7.1', revision: '8a0099a', time: '2017-11-06T21:07:36.161Z'
System info: host: 'TDG-MBL-MTY0359', ip: '192.168.1.97', os.name: 'Windows 10', os.arch: 'amd64', os.version: '10.0', java.version: '1.8.0_181'
Driver info: driver.version: unknown)
	at com.kms.katalon.core.keyword.internal.KeywordMain.stepFailed(KeywordMain.groovy:36)
	at com.kms.katalon.core.webui.keyword.internal.WebUIKeywordMain.stepFailed(WebUIKeywordMain.groovy:65)
	at com.kms.katalon.core.webui.keyword.internal.WebUIKeywordMain.runKeyword(WebUIKeywordMain.groovy:27)
	at com.kms.katalon.core.webui.keyword.builtin.ClickKeyword.click(ClickKeyword.groovy:86)
	at com.kms.katalon.core.webui.keyword.builtin.ClickKeyword.execute(ClickKeyword.groovy:67)
	at com.kms.katalon.core.keyword.internal.KeywordExecutor.executeKeywordForPlatform(KeywordExecutor.groovy:53)
	at com.kms.katalon.core.webui.keyword.WebUiBuiltInKeywords.click(WebUiBuiltInKeywords.groovy:616)
	at com.kms.katalon.core.webui.keyword.WebUiBuiltInKeywords$click$5.call(Unknown Source)
	at Verify there is a change on the graphic.run(Verify there is a change on the graphic:22)
	at com.kms.katalon.core.main.ScriptEngine.run(ScriptEngine.java:194)
	at com.kms.katalon.core.main.ScriptEngine.runScriptAsRawText(ScriptEngine.java:119)
	at com.kms.katalon.core.main.TestCaseExecutor.runScript(TestCaseExecutor.java:328)
	at com.kms.katalon.core.main.TestCaseExecutor.doExecute(TestCaseExecutor.java:319)
	at com.kms.katalon.core.main.TestCaseExecutor.processExecutionPhase(TestCaseExecutor.java:298)
	at com.kms.katalon.core.main.TestCaseExecutor.accessMainPhase(TestCaseExecutor.java:290)
	at com.kms.katalon.core.main.TestCaseExecutor.execute(TestCaseExecutor.java:224)
	at com.kms.katalon.core.main.TestSuiteExecutor.accessTestCaseMainPhase(TestSuiteExecutor.java:129)
	at com.kms.katalon.core.main.TestSuiteExecutor.accessTestSuiteMainPhase(TestSuiteExecutor.java:112)
	at com.kms.katalon.core.main.TestSuiteExecutor.execute(TestSuiteExecutor.java:81)
	at com.kms.katalon.core.main.TestCaseMain.startTestSuite(TestCaseMain.java:149)
	at com.kms.katalon.core.main.TestCaseMain$startTestSuite$0.call(Unknown Source)
	at TempTestSuite1548215797467.run(TempTestSuite1548215797467.groovy:36)]]></system-out>
         <system-err><![CDATA[2019-01-22 22:04:46 - [TEST_CASE][FAILED] - Test Cases/UI/Employee/Performance Monitor/Verify there is a change on the graphic: Test Cases/UI/Employee/Performance Monitor/Verify there is a change on the graphic FAILED.
Reason:
com.kms.katalon.core.exception.StepFailedException: Unable to click on object 'Object Repository/UI/Employee/Performance Monitor/Objects Performance Monitor/Page_AMPS Portal/span_Performance Monitor' (Root cause: com.kms.katalon.core.webui.exception.BrowserNotOpenedException: Browser is not opened
Build info: version: '3.7.1', revision: '8a0099a', time: '2017-11-06T21:07:36.161Z'
System info: host: 'TDG-MBL-MTY0359', ip: '192.168.1.97', os.name: 'Windows 10', os.arch: 'amd64', os.version: '10.0', java.version: '1.8.0_181'
Driver info: driver.version: unknown)
	at com.kms.katalon.core.keyword.internal.KeywordMain.stepFailed(KeywordMain.groovy:36)
	at com.kms.katalon.core.webui.keyword.internal.WebUIKeywordMain.stepFailed(WebUIKeywordMain.groovy:65)
	at com.kms.katalon.core.webui.keyword.internal.WebUIKeywordMain.runKeyword(WebUIKeywordMain.groovy:27)
	at com.kms.katalon.core.webui.keyword.builtin.ClickKeyword.click(ClickKeyword.groovy:86)
	at com.kms.katalon.core.webui.keyword.builtin.ClickKeyword.execute(ClickKeyword.groovy:67)
	at com.kms.katalon.core.keyword.internal.KeywordExecutor.executeKeywordForPlatform(KeywordExecutor.groovy:53)
	at com.kms.katalon.core.webui.keyword.WebUiBuiltInKeywords.click(WebUiBuiltInKeywords.groovy:616)
	at com.kms.katalon.core.webui.keyword.WebUiBuiltInKeywords$click$5.call(Unknown Source)
	at Verify there is a change on the graphic.run(Verify there is a change on the graphic:22)
	at com.kms.katalon.core.main.ScriptEngine.run(ScriptEngine.java:194)
	at com.kms.katalon.core.main.ScriptEngine.runScriptAsRawText(ScriptEngine.java:119)
	at com.kms.katalon.core.main.TestCaseExecutor.runScript(TestCaseExecutor.java:328)
	at com.kms.katalon.core.main.TestCaseExecutor.doExecute(TestCaseExecutor.java:319)
	at com.kms.katalon.core.main.TestCaseExecutor.processExecutionPhase(TestCaseExecutor.java:298)
	at com.kms.katalon.core.main.TestCaseExecutor.accessMainPhase(TestCaseExecutor.java:290)
	at com.kms.katalon.core.main.TestCaseExecutor.execute(TestCaseExecutor.java:224)
	at com.kms.katalon.core.main.TestSuiteExecutor.accessTestCaseMainPhase(TestSuiteExecutor.java:129)
	at com.kms.katalon.core.main.TestSuiteExecutor.accessTestSuiteMainPhase(TestSuiteExecutor.java:112)
	at com.kms.katalon.core.main.TestSuiteExecutor.execute(TestSuiteExecutor.java:81)
	at com.kms.katalon.core.main.TestCaseMain.startTestSuite(TestCaseMain.java:149)
	at com.kms.katalon.core.main.TestCaseMain$startTestSuite$0.call(Unknown Source)
	at TempTestSuite1548215797467.run(TempTestSuite1548215797467.groovy:36)]]></system-err>
      </testcase>
      <testcase name="Test Cases/UI/Employee/Report Manager/Report Types/Report Types - Create new report" classname="Test Cases/UI/Employee/Report Manager/Report Types/Report Types - Create new report" status="FAILED">
         <failure type="FAILED" message="Test Cases/UI/Employee/Report Manager/Report Types/Report Types - Create new report FAILED.
Reason:
com.kms.katalon.core.exception.StepFailedException: Unable to click on object 'Object Repository/UI/Employee/Report Manager/span_Report Management Menu' (Root cause: com.kms.katalon.core.webui.exception.BrowserNotOpenedException: Browser is not opened
Build info: version: '3.7.1', revision: '8a0099a', time: '2017-11-06T21:07:36.161Z'
System info: host: 'TDG-MBL-MTY0359', ip: '192.168.1.97', os.name: 'Windows 10', os.arch: 'amd64', os.version: '10.0', java.version: '1.8.0_181'
Driver info: driver.version: unknown)
	at com.kms.katalon.core.keyword.internal.KeywordMain.stepFailed(KeywordMain.groovy:36)
	at com.kms.katalon.core.webui.keyword.internal.WebUIKeywordMain.stepFailed(WebUIKeywordMain.groovy:65)
	at com.kms.katalon.core.webui.keyword.internal.WebUIKeywordMain.runKeyword(WebUIKeywordMain.groovy:27)
	at com.kms.katalon.core.webui.keyword.builtin.ClickKeyword.click(ClickKeyword.groovy:86)
	at com.kms.katalon.core.webui.keyword.builtin.ClickKeyword.execute(ClickKeyword.groovy:67)
	at com.kms.katalon.core.keyword.internal.KeywordExecutor.executeKeywordForPlatform(KeywordExecutor.groovy:53)
	at com.kms.katalon.core.webui.keyword.WebUiBuiltInKeywords.click(WebUiBuiltInKeywords.groovy:616)
	at com.kms.katalon.core.webui.keyword.WebUiBuiltInKeywords$click$5.call(Unknown Source)
	at Report Types - Create new report.run(Report Types - Create new report:19)
	at com.kms.katalon.core.main.ScriptEngine.run(ScriptEngine.java:194)
	at com.kms.katalon.core.main.ScriptEngine.runScriptAsRawText(ScriptEngine.java:119)
	at com.kms.katalon.core.main.TestCaseExecutor.runScript(TestCaseExecutor.java:328)
	at com.kms.katalon.core.main.TestCaseExecutor.doExecute(TestCaseExecutor.java:319)
	at com.kms.katalon.core.main.TestCaseExecutor.processExecutionPhase(TestCaseExecutor.java:298)
	at com.kms.katalon.core.main.TestCaseExecutor.accessMainPhase(TestCaseExecutor.java:290)
	at com.kms.katalon.core.main.TestCaseExecutor.execute(TestCaseExecutor.java:224)
	at com.kms.katalon.core.main.TestSuiteExecutor.accessTestCaseMainPhase(TestSuiteExecutor.java:129)
	at com.kms.katalon.core.main.TestSuiteExecutor.accessTestSuiteMainPhase(TestSuiteExecutor.java:112)
	at com.kms.katalon.core.main.TestSuiteExecutor.execute(TestSuiteExecutor.java:81)
	at com.kms.katalon.core.main.TestCaseMain.startTestSuite(TestCaseMain.java:149)
	at com.kms.katalon.core.main.TestCaseMain$startTestSuite$0.call(Unknown Source)
	at TempTestSuite1548215797467.run(TempTestSuite1548215797467.groovy:36)
"/>
         <system-out><![CDATA[2019-01-22 22:04:46 - [TEST_CASE][FAILED] - Test Cases/UI/Employee/Report Manager/Report Types/Report Types - Create new report: Test Cases/UI/Employee/Report Manager/Report Types/Report Types - Create new report FAILED.
Reason:
com.kms.katalon.core.exception.StepFailedException: Unable to click on object 'Object Repository/UI/Employee/Report Manager/span_Report Management Menu' (Root cause: com.kms.katalon.core.webui.exception.BrowserNotOpenedException: Browser is not opened
Build info: version: '3.7.1', revision: '8a0099a', time: '2017-11-06T21:07:36.161Z'
System info: host: 'TDG-MBL-MTY0359', ip: '192.168.1.97', os.name: 'Windows 10', os.arch: 'amd64', os.version: '10.0', java.version: '1.8.0_181'
Driver info: driver.version: unknown)
	at com.kms.katalon.core.keyword.internal.KeywordMain.stepFailed(KeywordMain.groovy:36)
	at com.kms.katalon.core.webui.keyword.internal.WebUIKeywordMain.stepFailed(WebUIKeywordMain.groovy:65)
	at com.kms.katalon.core.webui.keyword.internal.WebUIKeywordMain.runKeyword(WebUIKeywordMain.groovy:27)
	at com.kms.katalon.core.webui.keyword.builtin.ClickKeyword.click(ClickKeyword.groovy:86)
	at com.kms.katalon.core.webui.keyword.builtin.ClickKeyword.execute(ClickKeyword.groovy:67)
	at com.kms.katalon.core.keyword.internal.KeywordExecutor.executeKeywordForPlatform(KeywordExecutor.groovy:53)
	at com.kms.katalon.core.webui.keyword.WebUiBuiltInKeywords.click(WebUiBuiltInKeywords.groovy:616)
	at com.kms.katalon.core.webui.keyword.WebUiBuiltInKeywords$click$5.call(Unknown Source)
	at Report Types - Create new report.run(Report Types - Create new report:19)
	at com.kms.katalon.core.main.ScriptEngine.run(ScriptEngine.java:194)
	at com.kms.katalon.core.main.ScriptEngine.runScriptAsRawText(ScriptEngine.java:119)
	at com.kms.katalon.core.main.TestCaseExecutor.runScript(TestCaseExecutor.java:328)
	at com.kms.katalon.core.main.TestCaseExecutor.doExecute(TestCaseExecutor.java:319)
	at com.kms.katalon.core.main.TestCaseExecutor.processExecutionPhase(TestCaseExecutor.java:298)
	at com.kms.katalon.core.main.TestCaseExecutor.accessMainPhase(TestCaseExecutor.java:290)
	at com.kms.katalon.core.main.TestCaseExecutor.execute(TestCaseExecutor.java:224)
	at com.kms.katalon.core.main.TestSuiteExecutor.accessTestCaseMainPhase(TestSuiteExecutor.java:129)
	at com.kms.katalon.core.main.TestSuiteExecutor.accessTestSuiteMainPhase(TestSuiteExecutor.java:112)
	at com.kms.katalon.core.main.TestSuiteExecutor.execute(TestSuiteExecutor.java:81)
	at com.kms.katalon.core.main.TestCaseMain.startTestSuite(TestCaseMain.java:149)
	at com.kms.katalon.core.main.TestCaseMain$startTestSuite$0.call(Unknown Source)
	at TempTestSuite1548215797467.run(TempTestSuite1548215797467.groovy:36)


2019-01-22 22:04:46 - [TEST_STEP][FAILED] - click(findTestObject("UI/Employee/Report Manager/span_Report Management Menu")): click(findTestObject("UI/Employee/Report Manager/span_Report Management Menu")) FAILED.
Reason:
com.kms.katalon.core.exception.StepFailedException: Unable to click on object 'Object Repository/UI/Employee/Report Manager/span_Report Management Menu' (Root cause: com.kms.katalon.core.webui.exception.BrowserNotOpenedException: Browser is not opened
Build info: version: '3.7.1', revision: '8a0099a', time: '2017-11-06T21:07:36.161Z'
System info: host: 'TDG-MBL-MTY0359', ip: '192.168.1.97', os.name: 'Windows 10', os.arch: 'amd64', os.version: '10.0', java.version: '1.8.0_181'
Driver info: driver.version: unknown)
	at com.kms.katalon.core.keyword.internal.KeywordMain.stepFailed(KeywordMain.groovy:36)
	at com.kms.katalon.core.webui.keyword.internal.WebUIKeywordMain.stepFailed(WebUIKeywordMain.groovy:65)
	at com.kms.katalon.core.webui.keyword.internal.WebUIKeywordMain.runKeyword(WebUIKeywordMain.groovy:27)
	at com.kms.katalon.core.webui.keyword.builtin.ClickKeyword.click(ClickKeyword.groovy:86)
	at com.kms.katalon.core.webui.keyword.builtin.ClickKeyword.execute(ClickKeyword.groovy:67)
	at com.kms.katalon.core.keyword.internal.KeywordExecutor.executeKeywordForPlatform(KeywordExecutor.groovy:53)
	at com.kms.katalon.core.webui.keyword.WebUiBuiltInKeywords.click(WebUiBuiltInKeywords.groovy:616)
	at com.kms.katalon.core.webui.keyword.WebUiBuiltInKeywords$click$5.call(Unknown Source)
	at Report Types - Create new report.run(Report Types - Create new report:19)
	at com.kms.katalon.core.main.ScriptEngine.run(ScriptEngine.java:194)
	at com.kms.katalon.core.main.ScriptEngine.runScriptAsRawText(ScriptEngine.java:119)
	at com.kms.katalon.core.main.TestCaseExecutor.runScript(TestCaseExecutor.java:328)
	at com.kms.katalon.core.main.TestCaseExecutor.doExecute(TestCaseExecutor.java:319)
	at com.kms.katalon.core.main.TestCaseExecutor.processExecutionPhase(TestCaseExecutor.java:298)
	at com.kms.katalon.core.main.TestCaseExecutor.accessMainPhase(TestCaseExecutor.java:290)
	at com.kms.katalon.core.main.TestCaseExecutor.execute(TestCaseExecutor.java:224)
	at com.kms.katalon.core.main.TestSuiteExecutor.accessTestCaseMainPhase(TestSuiteExecutor.java:129)
	at com.kms.katalon.core.main.TestSuiteExecutor.accessTestSuiteMainPhase(TestSuiteExecutor.java:112)
	at com.kms.katalon.core.main.TestSuiteExecutor.execute(TestSuiteExecutor.java:81)
	at com.kms.katalon.core.main.TestCaseMain.startTestSuite(TestCaseMain.java:149)
	at com.kms.katalon.core.main.TestCaseMain$startTestSuite$0.call(Unknown Source)
	at TempTestSuite1548215797467.run(TempTestSuite1548215797467.groovy:36)


2019-01-22 22:04:46 - [MESSAGE][WARNING] - Cannot take screenshot

2019-01-22 22:04:46 - [MESSAGE][FAILED] - Unable to click on object 'Object Repository/UI/Employee/Report Manager/span_Report Management Menu' (Root cause: com.kms.katalon.core.webui.exception.BrowserNotOpenedException: Browser is not opened
Build info: version: '3.7.1', revision: '8a0099a', time: '2017-11-06T21:07:36.161Z'
System info: host: 'TDG-MBL-MTY0359', ip: '192.168.1.97', os.name: 'Windows 10', os.arch: 'amd64', os.version: '10.0', java.version: '1.8.0_181'
Driver info: driver.version: unknown)

2019-01-22 22:04:46 - [MESSAGE][FAILED] - click(findTestObject("UI/Employee/Report Manager/span_Report Management Menu")) FAILED.
Reason:
com.kms.katalon.core.exception.StepFailedException: Unable to click on object 'Object Repository/UI/Employee/Report Manager/span_Report Management Menu' (Root cause: com.kms.katalon.core.webui.exception.BrowserNotOpenedException: Browser is not opened
Build info: version: '3.7.1', revision: '8a0099a', time: '2017-11-06T21:07:36.161Z'
System info: host: 'TDG-MBL-MTY0359', ip: '192.168.1.97', os.name: 'Windows 10', os.arch: 'amd64', os.version: '10.0', java.version: '1.8.0_181'
Driver info: driver.version: unknown)
	at com.kms.katalon.core.keyword.internal.KeywordMain.stepFailed(KeywordMain.groovy:36)
	at com.kms.katalon.core.webui.keyword.internal.WebUIKeywordMain.stepFailed(WebUIKeywordMain.groovy:65)
	at com.kms.katalon.core.webui.keyword.internal.WebUIKeywordMain.runKeyword(WebUIKeywordMain.groovy:27)
	at com.kms.katalon.core.webui.keyword.builtin.ClickKeyword.click(ClickKeyword.groovy:86)
	at com.kms.katalon.core.webui.keyword.builtin.ClickKeyword.execute(ClickKeyword.groovy:67)
	at com.kms.katalon.core.keyword.internal.KeywordExecutor.executeKeywordForPlatform(KeywordExecutor.groovy:53)
	at com.kms.katalon.core.webui.keyword.WebUiBuiltInKeywords.click(WebUiBuiltInKeywords.groovy:616)
	at com.kms.katalon.core.webui.keyword.WebUiBuiltInKeywords$click$5.call(Unknown Source)
	at Report Types - Create new report.run(Report Types - Create new report:19)
	at com.kms.katalon.core.main.ScriptEngine.run(ScriptEngine.java:194)
	at com.kms.katalon.core.main.ScriptEngine.runScriptAsRawText(ScriptEngine.java:119)
	at com.kms.katalon.core.main.TestCaseExecutor.runScript(TestCaseExecutor.java:328)
	at com.kms.katalon.core.main.TestCaseExecutor.doExecute(TestCaseExecutor.java:319)
	at com.kms.katalon.core.main.TestCaseExecutor.processExecutionPhase(TestCaseExecutor.java:298)
	at com.kms.katalon.core.main.TestCaseExecutor.accessMainPhase(TestCaseExecutor.java:290)
	at com.kms.katalon.core.main.TestCaseExecutor.execute(TestCaseExecutor.java:224)
	at com.kms.katalon.core.main.TestSuiteExecutor.accessTestCaseMainPhase(TestSuiteExecutor.java:129)
	at com.kms.katalon.core.main.TestSuiteExecutor.accessTestSuiteMainPhase(TestSuiteExecutor.java:112)
	at com.kms.katalon.core.main.TestSuiteExecutor.execute(TestSuiteExecutor.java:81)
	at com.kms.katalon.core.main.TestCaseMain.startTestSuite(TestCaseMain.java:149)
	at com.kms.katalon.core.main.TestCaseMain$startTestSuite$0.call(Unknown Source)
	at TempTestSuite1548215797467.run(TempTestSuite1548215797467.groovy:36)]]></system-out>
         <system-err><![CDATA[2019-01-22 22:04:46 - [TEST_CASE][FAILED] - Test Cases/UI/Employee/Report Manager/Report Types/Report Types - Create new report: Test Cases/UI/Employee/Report Manager/Report Types/Report Types - Create new report FAILED.
Reason:
com.kms.katalon.core.exception.StepFailedException: Unable to click on object 'Object Repository/UI/Employee/Report Manager/span_Report Management Menu' (Root cause: com.kms.katalon.core.webui.exception.BrowserNotOpenedException: Browser is not opened
Build info: version: '3.7.1', revision: '8a0099a', time: '2017-11-06T21:07:36.161Z'
System info: host: 'TDG-MBL-MTY0359', ip: '192.168.1.97', os.name: 'Windows 10', os.arch: 'amd64', os.version: '10.0', java.version: '1.8.0_181'
Driver info: driver.version: unknown)
	at com.kms.katalon.core.keyword.internal.KeywordMain.stepFailed(KeywordMain.groovy:36)
	at com.kms.katalon.core.webui.keyword.internal.WebUIKeywordMain.stepFailed(WebUIKeywordMain.groovy:65)
	at com.kms.katalon.core.webui.keyword.internal.WebUIKeywordMain.runKeyword(WebUIKeywordMain.groovy:27)
	at com.kms.katalon.core.webui.keyword.builtin.ClickKeyword.click(ClickKeyword.groovy:86)
	at com.kms.katalon.core.webui.keyword.builtin.ClickKeyword.execute(ClickKeyword.groovy:67)
	at com.kms.katalon.core.keyword.internal.KeywordExecutor.executeKeywordForPlatform(KeywordExecutor.groovy:53)
	at com.kms.katalon.core.webui.keyword.WebUiBuiltInKeywords.click(WebUiBuiltInKeywords.groovy:616)
	at com.kms.katalon.core.webui.keyword.WebUiBuiltInKeywords$click$5.call(Unknown Source)
	at Report Types - Create new report.run(Report Types - Create new report:19)
	at com.kms.katalon.core.main.ScriptEngine.run(ScriptEngine.java:194)
	at com.kms.katalon.core.main.ScriptEngine.runScriptAsRawText(ScriptEngine.java:119)
	at com.kms.katalon.core.main.TestCaseExecutor.runScript(TestCaseExecutor.java:328)
	at com.kms.katalon.core.main.TestCaseExecutor.doExecute(TestCaseExecutor.java:319)
	at com.kms.katalon.core.main.TestCaseExecutor.processExecutionPhase(TestCaseExecutor.java:298)
	at com.kms.katalon.core.main.TestCaseExecutor.accessMainPhase(TestCaseExecutor.java:290)
	at com.kms.katalon.core.main.TestCaseExecutor.execute(TestCaseExecutor.java:224)
	at com.kms.katalon.core.main.TestSuiteExecutor.accessTestCaseMainPhase(TestSuiteExecutor.java:129)
	at com.kms.katalon.core.main.TestSuiteExecutor.accessTestSuiteMainPhase(TestSuiteExecutor.java:112)
	at com.kms.katalon.core.main.TestSuiteExecutor.execute(TestSuiteExecutor.java:81)
	at com.kms.katalon.core.main.TestCaseMain.startTestSuite(TestCaseMain.java:149)
	at com.kms.katalon.core.main.TestCaseMain$startTestSuite$0.call(Unknown Source)
	at TempTestSuite1548215797467.run(TempTestSuite1548215797467.groovy:36)]]></system-err>
      </testcase>
      <testcase name="Test Cases/UI/Employee/Report Manager/Report Types/Report Types - Delete report" classname="Test Cases/UI/Employee/Report Manager/Report Types/Report Types - Delete report" status="FAILED">
         <failure type="FAILED" message="Test Cases/UI/Employee/Report Manager/Report Types/Report Types - Delete report FAILED.
Reason:
com.kms.katalon.core.exception.StepFailedException: Unable to click on object 'Object Repository/UI/Employee/Report Manager/span_Report Management Menu' (Root cause: com.kms.katalon.core.webui.exception.BrowserNotOpenedException: Browser is not opened
Build info: version: '3.7.1', revision: '8a0099a', time: '2017-11-06T21:07:36.161Z'
System info: host: 'TDG-MBL-MTY0359', ip: '192.168.1.97', os.name: 'Windows 10', os.arch: 'amd64', os.version: '10.0', java.version: '1.8.0_181'
Driver info: driver.version: unknown)
	at com.kms.katalon.core.keyword.internal.KeywordMain.stepFailed(KeywordMain.groovy:36)
	at com.kms.katalon.core.webui.keyword.internal.WebUIKeywordMain.stepFailed(WebUIKeywordMain.groovy:65)
	at com.kms.katalon.core.webui.keyword.internal.WebUIKeywordMain.runKeyword(WebUIKeywordMain.groovy:27)
	at com.kms.katalon.core.webui.keyword.builtin.ClickKeyword.click(ClickKeyword.groovy:86)
	at com.kms.katalon.core.webui.keyword.builtin.ClickKeyword.execute(ClickKeyword.groovy:67)
	at com.kms.katalon.core.keyword.internal.KeywordExecutor.executeKeywordForPlatform(KeywordExecutor.groovy:53)
	at com.kms.katalon.core.webui.keyword.WebUiBuiltInKeywords.click(WebUiBuiltInKeywords.groovy:616)
	at com.kms.katalon.core.webui.keyword.WebUiBuiltInKeywords$click$5.call(Unknown Source)
	at Report Types - Delete report.run(Report Types - Delete report:20)
	at com.kms.katalon.core.main.ScriptEngine.run(ScriptEngine.java:194)
	at com.kms.katalon.core.main.ScriptEngine.runScriptAsRawText(ScriptEngine.java:119)
	at com.kms.katalon.core.main.TestCaseExecutor.runScript(TestCaseExecutor.java:328)
	at com.kms.katalon.core.main.TestCaseExecutor.doExecute(TestCaseExecutor.java:319)
	at com.kms.katalon.core.main.TestCaseExecutor.processExecutionPhase(TestCaseExecutor.java:298)
	at com.kms.katalon.core.main.TestCaseExecutor.accessMainPhase(TestCaseExecutor.java:290)
	at com.kms.katalon.core.main.TestCaseExecutor.execute(TestCaseExecutor.java:224)
	at com.kms.katalon.core.main.TestSuiteExecutor.accessTestCaseMainPhase(TestSuiteExecutor.java:129)
	at com.kms.katalon.core.main.TestSuiteExecutor.accessTestSuiteMainPhase(TestSuiteExecutor.java:112)
	at com.kms.katalon.core.main.TestSuiteExecutor.execute(TestSuiteExecutor.java:81)
	at com.kms.katalon.core.main.TestCaseMain.startTestSuite(TestCaseMain.java:149)
	at com.kms.katalon.core.main.TestCaseMain$startTestSuite$0.call(Unknown Source)
	at TempTestSuite1548215797467.run(TempTestSuite1548215797467.groovy:36)
"/>
         <system-out><![CDATA[2019-01-22 22:04:46 - [TEST_CASE][FAILED] - Test Cases/UI/Employee/Report Manager/Report Types/Report Types - Delete report: Test Cases/UI/Employee/Report Manager/Report Types/Report Types - Delete report FAILED.
Reason:
com.kms.katalon.core.exception.StepFailedException: Unable to click on object 'Object Repository/UI/Employee/Report Manager/span_Report Management Menu' (Root cause: com.kms.katalon.core.webui.exception.BrowserNotOpenedException: Browser is not opened
Build info: version: '3.7.1', revision: '8a0099a', time: '2017-11-06T21:07:36.161Z'
System info: host: 'TDG-MBL-MTY0359', ip: '192.168.1.97', os.name: 'Windows 10', os.arch: 'amd64', os.version: '10.0', java.version: '1.8.0_181'
Driver info: driver.version: unknown)
	at com.kms.katalon.core.keyword.internal.KeywordMain.stepFailed(KeywordMain.groovy:36)
	at com.kms.katalon.core.webui.keyword.internal.WebUIKeywordMain.stepFailed(WebUIKeywordMain.groovy:65)
	at com.kms.katalon.core.webui.keyword.internal.WebUIKeywordMain.runKeyword(WebUIKeywordMain.groovy:27)
	at com.kms.katalon.core.webui.keyword.builtin.ClickKeyword.click(ClickKeyword.groovy:86)
	at com.kms.katalon.core.webui.keyword.builtin.ClickKeyword.execute(ClickKeyword.groovy:67)
	at com.kms.katalon.core.keyword.internal.KeywordExecutor.executeKeywordForPlatform(KeywordExecutor.groovy:53)
	at com.kms.katalon.core.webui.keyword.WebUiBuiltInKeywords.click(WebUiBuiltInKeywords.groovy:616)
	at com.kms.katalon.core.webui.keyword.WebUiBuiltInKeywords$click$5.call(Unknown Source)
	at Report Types - Delete report.run(Report Types - Delete report:20)
	at com.kms.katalon.core.main.ScriptEngine.run(ScriptEngine.java:194)
	at com.kms.katalon.core.main.ScriptEngine.runScriptAsRawText(ScriptEngine.java:119)
	at com.kms.katalon.core.main.TestCaseExecutor.runScript(TestCaseExecutor.java:328)
	at com.kms.katalon.core.main.TestCaseExecutor.doExecute(TestCaseExecutor.java:319)
	at com.kms.katalon.core.main.TestCaseExecutor.processExecutionPhase(TestCaseExecutor.java:298)
	at com.kms.katalon.core.main.TestCaseExecutor.accessMainPhase(TestCaseExecutor.java:290)
	at com.kms.katalon.core.main.TestCaseExecutor.execute(TestCaseExecutor.java:224)
	at com.kms.katalon.core.main.TestSuiteExecutor.accessTestCaseMainPhase(TestSuiteExecutor.java:129)
	at com.kms.katalon.core.main.TestSuiteExecutor.accessTestSuiteMainPhase(TestSuiteExecutor.java:112)
	at com.kms.katalon.core.main.TestSuiteExecutor.execute(TestSuiteExecutor.java:81)
	at com.kms.katalon.core.main.TestCaseMain.startTestSuite(TestCaseMain.java:149)
	at com.kms.katalon.core.main.TestCaseMain$startTestSuite$0.call(Unknown Source)
	at TempTestSuite1548215797467.run(TempTestSuite1548215797467.groovy:36)


2019-01-22 22:04:47 - [TEST_STEP][FAILED] - click(findTestObject("UI/Employee/Report Manager/span_Report Management Menu")): click(findTestObject("UI/Employee/Report Manager/span_Report Management Menu")) FAILED.
Reason:
com.kms.katalon.core.exception.StepFailedException: Unable to click on object 'Object Repository/UI/Employee/Report Manager/span_Report Management Menu' (Root cause: com.kms.katalon.core.webui.exception.BrowserNotOpenedException: Browser is not opened
Build info: version: '3.7.1', revision: '8a0099a', time: '2017-11-06T21:07:36.161Z'
System info: host: 'TDG-MBL-MTY0359', ip: '192.168.1.97', os.name: 'Windows 10', os.arch: 'amd64', os.version: '10.0', java.version: '1.8.0_181'
Driver info: driver.version: unknown)
	at com.kms.katalon.core.keyword.internal.KeywordMain.stepFailed(KeywordMain.groovy:36)
	at com.kms.katalon.core.webui.keyword.internal.WebUIKeywordMain.stepFailed(WebUIKeywordMain.groovy:65)
	at com.kms.katalon.core.webui.keyword.internal.WebUIKeywordMain.runKeyword(WebUIKeywordMain.groovy:27)
	at com.kms.katalon.core.webui.keyword.builtin.ClickKeyword.click(ClickKeyword.groovy:86)
	at com.kms.katalon.core.webui.keyword.builtin.ClickKeyword.execute(ClickKeyword.groovy:67)
	at com.kms.katalon.core.keyword.internal.KeywordExecutor.executeKeywordForPlatform(KeywordExecutor.groovy:53)
	at com.kms.katalon.core.webui.keyword.WebUiBuiltInKeywords.click(WebUiBuiltInKeywords.groovy:616)
	at com.kms.katalon.core.webui.keyword.WebUiBuiltInKeywords$click$5.call(Unknown Source)
	at Report Types - Delete report.run(Report Types - Delete report:20)
	at com.kms.katalon.core.main.ScriptEngine.run(ScriptEngine.java:194)
	at com.kms.katalon.core.main.ScriptEngine.runScriptAsRawText(ScriptEngine.java:119)
	at com.kms.katalon.core.main.TestCaseExecutor.runScript(TestCaseExecutor.java:328)
	at com.kms.katalon.core.main.TestCaseExecutor.doExecute(TestCaseExecutor.java:319)
	at com.kms.katalon.core.main.TestCaseExecutor.processExecutionPhase(TestCaseExecutor.java:298)
	at com.kms.katalon.core.main.TestCaseExecutor.accessMainPhase(TestCaseExecutor.java:290)
	at com.kms.katalon.core.main.TestCaseExecutor.execute(TestCaseExecutor.java:224)
	at com.kms.katalon.core.main.TestSuiteExecutor.accessTestCaseMainPhase(TestSuiteExecutor.java:129)
	at com.kms.katalon.core.main.TestSuiteExecutor.accessTestSuiteMainPhase(TestSuiteExecutor.java:112)
	at com.kms.katalon.core.main.TestSuiteExecutor.execute(TestSuiteExecutor.java:81)
	at com.kms.katalon.core.main.TestCaseMain.startTestSuite(TestCaseMain.java:149)
	at com.kms.katalon.core.main.TestCaseMain$startTestSuite$0.call(Unknown Source)
	at TempTestSuite1548215797467.run(TempTestSuite1548215797467.groovy:36)


2019-01-22 22:04:47 - [MESSAGE][WARNING] - Cannot take screenshot

2019-01-22 22:04:47 - [MESSAGE][FAILED] - Unable to click on object 'Object Repository/UI/Employee/Report Manager/span_Report Management Menu' (Root cause: com.kms.katalon.core.webui.exception.BrowserNotOpenedException: Browser is not opened
Build info: version: '3.7.1', revision: '8a0099a', time: '2017-11-06T21:07:36.161Z'
System info: host: 'TDG-MBL-MTY0359', ip: '192.168.1.97', os.name: 'Windows 10', os.arch: 'amd64', os.version: '10.0', java.version: '1.8.0_181'
Driver info: driver.version: unknown)

2019-01-22 22:04:47 - [MESSAGE][FAILED] - click(findTestObject("UI/Employee/Report Manager/span_Report Management Menu")) FAILED.
Reason:
com.kms.katalon.core.exception.StepFailedException: Unable to click on object 'Object Repository/UI/Employee/Report Manager/span_Report Management Menu' (Root cause: com.kms.katalon.core.webui.exception.BrowserNotOpenedException: Browser is not opened
Build info: version: '3.7.1', revision: '8a0099a', time: '2017-11-06T21:07:36.161Z'
System info: host: 'TDG-MBL-MTY0359', ip: '192.168.1.97', os.name: 'Windows 10', os.arch: 'amd64', os.version: '10.0', java.version: '1.8.0_181'
Driver info: driver.version: unknown)
	at com.kms.katalon.core.keyword.internal.KeywordMain.stepFailed(KeywordMain.groovy:36)
	at com.kms.katalon.core.webui.keyword.internal.WebUIKeywordMain.stepFailed(WebUIKeywordMain.groovy:65)
	at com.kms.katalon.core.webui.keyword.internal.WebUIKeywordMain.runKeyword(WebUIKeywordMain.groovy:27)
	at com.kms.katalon.core.webui.keyword.builtin.ClickKeyword.click(ClickKeyword.groovy:86)
	at com.kms.katalon.core.webui.keyword.builtin.ClickKeyword.execute(ClickKeyword.groovy:67)
	at com.kms.katalon.core.keyword.internal.KeywordExecutor.executeKeywordForPlatform(KeywordExecutor.groovy:53)
	at com.kms.katalon.core.webui.keyword.WebUiBuiltInKeywords.click(WebUiBuiltInKeywords.groovy:616)
	at com.kms.katalon.core.webui.keyword.WebUiBuiltInKeywords$click$5.call(Unknown Source)
	at Report Types - Delete report.run(Report Types - Delete report:20)
	at com.kms.katalon.core.main.ScriptEngine.run(ScriptEngine.java:194)
	at com.kms.katalon.core.main.ScriptEngine.runScriptAsRawText(ScriptEngine.java:119)
	at com.kms.katalon.core.main.TestCaseExecutor.runScript(TestCaseExecutor.java:328)
	at com.kms.katalon.core.main.TestCaseExecutor.doExecute(TestCaseExecutor.java:319)
	at com.kms.katalon.core.main.TestCaseExecutor.processExecutionPhase(TestCaseExecutor.java:298)
	at com.kms.katalon.core.main.TestCaseExecutor.accessMainPhase(TestCaseExecutor.java:290)
	at com.kms.katalon.core.main.TestCaseExecutor.execute(TestCaseExecutor.java:224)
	at com.kms.katalon.core.main.TestSuiteExecutor.accessTestCaseMainPhase(TestSuiteExecutor.java:129)
	at com.kms.katalon.core.main.TestSuiteExecutor.accessTestSuiteMainPhase(TestSuiteExecutor.java:112)
	at com.kms.katalon.core.main.TestSuiteExecutor.execute(TestSuiteExecutor.java:81)
	at com.kms.katalon.core.main.TestCaseMain.startTestSuite(TestCaseMain.java:149)
	at com.kms.katalon.core.main.TestCaseMain$startTestSuite$0.call(Unknown Source)
	at TempTestSuite1548215797467.run(TempTestSuite1548215797467.groovy:36)]]></system-out>
         <system-err><![CDATA[2019-01-22 22:04:46 - [TEST_CASE][FAILED] - Test Cases/UI/Employee/Report Manager/Report Types/Report Types - Delete report: Test Cases/UI/Employee/Report Manager/Report Types/Report Types - Delete report FAILED.
Reason:
com.kms.katalon.core.exception.StepFailedException: Unable to click on object 'Object Repository/UI/Employee/Report Manager/span_Report Management Menu' (Root cause: com.kms.katalon.core.webui.exception.BrowserNotOpenedException: Browser is not opened
Build info: version: '3.7.1', revision: '8a0099a', time: '2017-11-06T21:07:36.161Z'
System info: host: 'TDG-MBL-MTY0359', ip: '192.168.1.97', os.name: 'Windows 10', os.arch: 'amd64', os.version: '10.0', java.version: '1.8.0_181'
Driver info: driver.version: unknown)
	at com.kms.katalon.core.keyword.internal.KeywordMain.stepFailed(KeywordMain.groovy:36)
	at com.kms.katalon.core.webui.keyword.internal.WebUIKeywordMain.stepFailed(WebUIKeywordMain.groovy:65)
	at com.kms.katalon.core.webui.keyword.internal.WebUIKeywordMain.runKeyword(WebUIKeywordMain.groovy:27)
	at com.kms.katalon.core.webui.keyword.builtin.ClickKeyword.click(ClickKeyword.groovy:86)
	at com.kms.katalon.core.webui.keyword.builtin.ClickKeyword.execute(ClickKeyword.groovy:67)
	at com.kms.katalon.core.keyword.internal.KeywordExecutor.executeKeywordForPlatform(KeywordExecutor.groovy:53)
	at com.kms.katalon.core.webui.keyword.WebUiBuiltInKeywords.click(WebUiBuiltInKeywords.groovy:616)
	at com.kms.katalon.core.webui.keyword.WebUiBuiltInKeywords$click$5.call(Unknown Source)
	at Report Types - Delete report.run(Report Types - Delete report:20)
	at com.kms.katalon.core.main.ScriptEngine.run(ScriptEngine.java:194)
	at com.kms.katalon.core.main.ScriptEngine.runScriptAsRawText(ScriptEngine.java:119)
	at com.kms.katalon.core.main.TestCaseExecutor.runScript(TestCaseExecutor.java:328)
	at com.kms.katalon.core.main.TestCaseExecutor.doExecute(TestCaseExecutor.java:319)
	at com.kms.katalon.core.main.TestCaseExecutor.processExecutionPhase(TestCaseExecutor.java:298)
	at com.kms.katalon.core.main.TestCaseExecutor.accessMainPhase(TestCaseExecutor.java:290)
	at com.kms.katalon.core.main.TestCaseExecutor.execute(TestCaseExecutor.java:224)
	at com.kms.katalon.core.main.TestSuiteExecutor.accessTestCaseMainPhase(TestSuiteExecutor.java:129)
	at com.kms.katalon.core.main.TestSuiteExecutor.accessTestSuiteMainPhase(TestSuiteExecutor.java:112)
	at com.kms.katalon.core.main.TestSuiteExecutor.execute(TestSuiteExecutor.java:81)
	at com.kms.katalon.core.main.TestCaseMain.startTestSuite(TestCaseMain.java:149)
	at com.kms.katalon.core.main.TestCaseMain$startTestSuite$0.call(Unknown Source)
	at TempTestSuite1548215797467.run(TempTestSuite1548215797467.groovy:36)]]></system-err>
      </testcase>
      <testcase name="Test Cases/UI/Employee/Report Manager/Report Types/Report Types - Edit report" classname="Test Cases/UI/Employee/Report Manager/Report Types/Report Types - Edit report" status="FAILED">
         <failure type="FAILED" message="Test Cases/UI/Employee/Report Manager/Report Types/Report Types - Edit report FAILED.
Reason:
com.kms.katalon.core.exception.StepFailedException: Unable to click on object 'Object Repository/UI/Employee/Report Manager/span_Report Management Menu' (Root cause: com.kms.katalon.core.webui.exception.BrowserNotOpenedException: Browser is not opened
Build info: version: '3.7.1', revision: '8a0099a', time: '2017-11-06T21:07:36.161Z'
System info: host: 'TDG-MBL-MTY0359', ip: '192.168.1.97', os.name: 'Windows 10', os.arch: 'amd64', os.version: '10.0', java.version: '1.8.0_181'
Driver info: driver.version: unknown)
	at com.kms.katalon.core.keyword.internal.KeywordMain.stepFailed(KeywordMain.groovy:36)
	at com.kms.katalon.core.webui.keyword.internal.WebUIKeywordMain.stepFailed(WebUIKeywordMain.groovy:65)
	at com.kms.katalon.core.webui.keyword.internal.WebUIKeywordMain.runKeyword(WebUIKeywordMain.groovy:27)
	at com.kms.katalon.core.webui.keyword.builtin.ClickKeyword.click(ClickKeyword.groovy:86)
	at com.kms.katalon.core.webui.keyword.builtin.ClickKeyword.execute(ClickKeyword.groovy:67)
	at com.kms.katalon.core.keyword.internal.KeywordExecutor.executeKeywordForPlatform(KeywordExecutor.groovy:53)
	at com.kms.katalon.core.webui.keyword.WebUiBuiltInKeywords.click(WebUiBuiltInKeywords.groovy:616)
	at com.kms.katalon.core.webui.keyword.WebUiBuiltInKeywords$click$5.call(Unknown Source)
	at Report Types - Edit report.run(Report Types - Edit report:19)
	at com.kms.katalon.core.main.ScriptEngine.run(ScriptEngine.java:194)
	at com.kms.katalon.core.main.ScriptEngine.runScriptAsRawText(ScriptEngine.java:119)
	at com.kms.katalon.core.main.TestCaseExecutor.runScript(TestCaseExecutor.java:328)
	at com.kms.katalon.core.main.TestCaseExecutor.doExecute(TestCaseExecutor.java:319)
	at com.kms.katalon.core.main.TestCaseExecutor.processExecutionPhase(TestCaseExecutor.java:298)
	at com.kms.katalon.core.main.TestCaseExecutor.accessMainPhase(TestCaseExecutor.java:290)
	at com.kms.katalon.core.main.TestCaseExecutor.execute(TestCaseExecutor.java:224)
	at com.kms.katalon.core.main.TestSuiteExecutor.accessTestCaseMainPhase(TestSuiteExecutor.java:129)
	at com.kms.katalon.core.main.TestSuiteExecutor.accessTestSuiteMainPhase(TestSuiteExecutor.java:112)
	at com.kms.katalon.core.main.TestSuiteExecutor.execute(TestSuiteExecutor.java:81)
	at com.kms.katalon.core.main.TestCaseMain.startTestSuite(TestCaseMain.java:149)
	at com.kms.katalon.core.main.TestCaseMain$startTestSuite$0.call(Unknown Source)
	at TempTestSuite1548215797467.run(TempTestSuite1548215797467.groovy:36)
"/>
         <system-out><![CDATA[2019-01-22 22:04:47 - [TEST_CASE][FAILED] - Test Cases/UI/Employee/Report Manager/Report Types/Report Types - Edit report: Test Cases/UI/Employee/Report Manager/Report Types/Report Types - Edit report FAILED.
Reason:
com.kms.katalon.core.exception.StepFailedException: Unable to click on object 'Object Repository/UI/Employee/Report Manager/span_Report Management Menu' (Root cause: com.kms.katalon.core.webui.exception.BrowserNotOpenedException: Browser is not opened
Build info: version: '3.7.1', revision: '8a0099a', time: '2017-11-06T21:07:36.161Z'
System info: host: 'TDG-MBL-MTY0359', ip: '192.168.1.97', os.name: 'Windows 10', os.arch: 'amd64', os.version: '10.0', java.version: '1.8.0_181'
Driver info: driver.version: unknown)
	at com.kms.katalon.core.keyword.internal.KeywordMain.stepFailed(KeywordMain.groovy:36)
	at com.kms.katalon.core.webui.keyword.internal.WebUIKeywordMain.stepFailed(WebUIKeywordMain.groovy:65)
	at com.kms.katalon.core.webui.keyword.internal.WebUIKeywordMain.runKeyword(WebUIKeywordMain.groovy:27)
	at com.kms.katalon.core.webui.keyword.builtin.ClickKeyword.click(ClickKeyword.groovy:86)
	at com.kms.katalon.core.webui.keyword.builtin.ClickKeyword.execute(ClickKeyword.groovy:67)
	at com.kms.katalon.core.keyword.internal.KeywordExecutor.executeKeywordForPlatform(KeywordExecutor.groovy:53)
	at com.kms.katalon.core.webui.keyword.WebUiBuiltInKeywords.click(WebUiBuiltInKeywords.groovy:616)
	at com.kms.katalon.core.webui.keyword.WebUiBuiltInKeywords$click$5.call(Unknown Source)
	at Report Types - Edit report.run(Report Types - Edit report:19)
	at com.kms.katalon.core.main.ScriptEngine.run(ScriptEngine.java:194)
	at com.kms.katalon.core.main.ScriptEngine.runScriptAsRawText(ScriptEngine.java:119)
	at com.kms.katalon.core.main.TestCaseExecutor.runScript(TestCaseExecutor.java:328)
	at com.kms.katalon.core.main.TestCaseExecutor.doExecute(TestCaseExecutor.java:319)
	at com.kms.katalon.core.main.TestCaseExecutor.processExecutionPhase(TestCaseExecutor.java:298)
	at com.kms.katalon.core.main.TestCaseExecutor.accessMainPhase(TestCaseExecutor.java:290)
	at com.kms.katalon.core.main.TestCaseExecutor.execute(TestCaseExecutor.java:224)
	at com.kms.katalon.core.main.TestSuiteExecutor.accessTestCaseMainPhase(TestSuiteExecutor.java:129)
	at com.kms.katalon.core.main.TestSuiteExecutor.accessTestSuiteMainPhase(TestSuiteExecutor.java:112)
	at com.kms.katalon.core.main.TestSuiteExecutor.execute(TestSuiteExecutor.java:81)
	at com.kms.katalon.core.main.TestCaseMain.startTestSuite(TestCaseMain.java:149)
	at com.kms.katalon.core.main.TestCaseMain$startTestSuite$0.call(Unknown Source)
	at TempTestSuite1548215797467.run(TempTestSuite1548215797467.groovy:36)


2019-01-22 22:04:47 - [TEST_STEP][FAILED] - click(findTestObject("UI/Employee/Report Manager/span_Report Management Menu")): click(findTestObject("UI/Employee/Report Manager/span_Report Management Menu")) FAILED.
Reason:
com.kms.katalon.core.exception.StepFailedException: Unable to click on object 'Object Repository/UI/Employee/Report Manager/span_Report Management Menu' (Root cause: com.kms.katalon.core.webui.exception.BrowserNotOpenedException: Browser is not opened
Build info: version: '3.7.1', revision: '8a0099a', time: '2017-11-06T21:07:36.161Z'
System info: host: 'TDG-MBL-MTY0359', ip: '192.168.1.97', os.name: 'Windows 10', os.arch: 'amd64', os.version: '10.0', java.version: '1.8.0_181'
Driver info: driver.version: unknown)
	at com.kms.katalon.core.keyword.internal.KeywordMain.stepFailed(KeywordMain.groovy:36)
	at com.kms.katalon.core.webui.keyword.internal.WebUIKeywordMain.stepFailed(WebUIKeywordMain.groovy:65)
	at com.kms.katalon.core.webui.keyword.internal.WebUIKeywordMain.runKeyword(WebUIKeywordMain.groovy:27)
	at com.kms.katalon.core.webui.keyword.builtin.ClickKeyword.click(ClickKeyword.groovy:86)
	at com.kms.katalon.core.webui.keyword.builtin.ClickKeyword.execute(ClickKeyword.groovy:67)
	at com.kms.katalon.core.keyword.internal.KeywordExecutor.executeKeywordForPlatform(KeywordExecutor.groovy:53)
	at com.kms.katalon.core.webui.keyword.WebUiBuiltInKeywords.click(WebUiBuiltInKeywords.groovy:616)
	at com.kms.katalon.core.webui.keyword.WebUiBuiltInKeywords$click$5.call(Unknown Source)
	at Report Types - Edit report.run(Report Types - Edit report:19)
	at com.kms.katalon.core.main.ScriptEngine.run(ScriptEngine.java:194)
	at com.kms.katalon.core.main.ScriptEngine.runScriptAsRawText(ScriptEngine.java:119)
	at com.kms.katalon.core.main.TestCaseExecutor.runScript(TestCaseExecutor.java:328)
	at com.kms.katalon.core.main.TestCaseExecutor.doExecute(TestCaseExecutor.java:319)
	at com.kms.katalon.core.main.TestCaseExecutor.processExecutionPhase(TestCaseExecutor.java:298)
	at com.kms.katalon.core.main.TestCaseExecutor.accessMainPhase(TestCaseExecutor.java:290)
	at com.kms.katalon.core.main.TestCaseExecutor.execute(TestCaseExecutor.java:224)
	at com.kms.katalon.core.main.TestSuiteExecutor.accessTestCaseMainPhase(TestSuiteExecutor.java:129)
	at com.kms.katalon.core.main.TestSuiteExecutor.accessTestSuiteMainPhase(TestSuiteExecutor.java:112)
	at com.kms.katalon.core.main.TestSuiteExecutor.execute(TestSuiteExecutor.java:81)
	at com.kms.katalon.core.main.TestCaseMain.startTestSuite(TestCaseMain.java:149)
	at com.kms.katalon.core.main.TestCaseMain$startTestSuite$0.call(Unknown Source)
	at TempTestSuite1548215797467.run(TempTestSuite1548215797467.groovy:36)


2019-01-22 22:04:47 - [MESSAGE][WARNING] - Cannot take screenshot

2019-01-22 22:04:47 - [MESSAGE][FAILED] - Unable to click on object 'Object Repository/UI/Employee/Report Manager/span_Report Management Menu' (Root cause: com.kms.katalon.core.webui.exception.BrowserNotOpenedException: Browser is not opened
Build info: version: '3.7.1', revision: '8a0099a', time: '2017-11-06T21:07:36.161Z'
System info: host: 'TDG-MBL-MTY0359', ip: '192.168.1.97', os.name: 'Windows 10', os.arch: 'amd64', os.version: '10.0', java.version: '1.8.0_181'
Driver info: driver.version: unknown)

2019-01-22 22:04:47 - [MESSAGE][FAILED] - click(findTestObject("UI/Employee/Report Manager/span_Report Management Menu")) FAILED.
Reason:
com.kms.katalon.core.exception.StepFailedException: Unable to click on object 'Object Repository/UI/Employee/Report Manager/span_Report Management Menu' (Root cause: com.kms.katalon.core.webui.exception.BrowserNotOpenedException: Browser is not opened
Build info: version: '3.7.1', revision: '8a0099a', time: '2017-11-06T21:07:36.161Z'
System info: host: 'TDG-MBL-MTY0359', ip: '192.168.1.97', os.name: 'Windows 10', os.arch: 'amd64', os.version: '10.0', java.version: '1.8.0_181'
Driver info: driver.version: unknown)
	at com.kms.katalon.core.keyword.internal.KeywordMain.stepFailed(KeywordMain.groovy:36)
	at com.kms.katalon.core.webui.keyword.internal.WebUIKeywordMain.stepFailed(WebUIKeywordMain.groovy:65)
	at com.kms.katalon.core.webui.keyword.internal.WebUIKeywordMain.runKeyword(WebUIKeywordMain.groovy:27)
	at com.kms.katalon.core.webui.keyword.builtin.ClickKeyword.click(ClickKeyword.groovy:86)
	at com.kms.katalon.core.webui.keyword.builtin.ClickKeyword.execute(ClickKeyword.groovy:67)
	at com.kms.katalon.core.keyword.internal.KeywordExecutor.executeKeywordForPlatform(KeywordExecutor.groovy:53)
	at com.kms.katalon.core.webui.keyword.WebUiBuiltInKeywords.click(WebUiBuiltInKeywords.groovy:616)
	at com.kms.katalon.core.webui.keyword.WebUiBuiltInKeywords$click$5.call(Unknown Source)
	at Report Types - Edit report.run(Report Types - Edit report:19)
	at com.kms.katalon.core.main.ScriptEngine.run(ScriptEngine.java:194)
	at com.kms.katalon.core.main.ScriptEngine.runScriptAsRawText(ScriptEngine.java:119)
	at com.kms.katalon.core.main.TestCaseExecutor.runScript(TestCaseExecutor.java:328)
	at com.kms.katalon.core.main.TestCaseExecutor.doExecute(TestCaseExecutor.java:319)
	at com.kms.katalon.core.main.TestCaseExecutor.processExecutionPhase(TestCaseExecutor.java:298)
	at com.kms.katalon.core.main.TestCaseExecutor.accessMainPhase(TestCaseExecutor.java:290)
	at com.kms.katalon.core.main.TestCaseExecutor.execute(TestCaseExecutor.java:224)
	at com.kms.katalon.core.main.TestSuiteExecutor.accessTestCaseMainPhase(TestSuiteExecutor.java:129)
	at com.kms.katalon.core.main.TestSuiteExecutor.accessTestSuiteMainPhase(TestSuiteExecutor.java:112)
	at com.kms.katalon.core.main.TestSuiteExecutor.execute(TestSuiteExecutor.java:81)
	at com.kms.katalon.core.main.TestCaseMain.startTestSuite(TestCaseMain.java:149)
	at com.kms.katalon.core.main.TestCaseMain$startTestSuite$0.call(Unknown Source)
	at TempTestSuite1548215797467.run(TempTestSuite1548215797467.groovy:36)]]></system-out>
         <system-err><![CDATA[2019-01-22 22:04:47 - [TEST_CASE][FAILED] - Test Cases/UI/Employee/Report Manager/Report Types/Report Types - Edit report: Test Cases/UI/Employee/Report Manager/Report Types/Report Types - Edit report FAILED.
Reason:
com.kms.katalon.core.exception.StepFailedException: Unable to click on object 'Object Repository/UI/Employee/Report Manager/span_Report Management Menu' (Root cause: com.kms.katalon.core.webui.exception.BrowserNotOpenedException: Browser is not opened
Build info: version: '3.7.1', revision: '8a0099a', time: '2017-11-06T21:07:36.161Z'
System info: host: 'TDG-MBL-MTY0359', ip: '192.168.1.97', os.name: 'Windows 10', os.arch: 'amd64', os.version: '10.0', java.version: '1.8.0_181'
Driver info: driver.version: unknown)
	at com.kms.katalon.core.keyword.internal.KeywordMain.stepFailed(KeywordMain.groovy:36)
	at com.kms.katalon.core.webui.keyword.internal.WebUIKeywordMain.stepFailed(WebUIKeywordMain.groovy:65)
	at com.kms.katalon.core.webui.keyword.internal.WebUIKeywordMain.runKeyword(WebUIKeywordMain.groovy:27)
	at com.kms.katalon.core.webui.keyword.builtin.ClickKeyword.click(ClickKeyword.groovy:86)
	at com.kms.katalon.core.webui.keyword.builtin.ClickKeyword.execute(ClickKeyword.groovy:67)
	at com.kms.katalon.core.keyword.internal.KeywordExecutor.executeKeywordForPlatform(KeywordExecutor.groovy:53)
	at com.kms.katalon.core.webui.keyword.WebUiBuiltInKeywords.click(WebUiBuiltInKeywords.groovy:616)
	at com.kms.katalon.core.webui.keyword.WebUiBuiltInKeywords$click$5.call(Unknown Source)
	at Report Types - Edit report.run(Report Types - Edit report:19)
	at com.kms.katalon.core.main.ScriptEngine.run(ScriptEngine.java:194)
	at com.kms.katalon.core.main.ScriptEngine.runScriptAsRawText(ScriptEngine.java:119)
	at com.kms.katalon.core.main.TestCaseExecutor.runScript(TestCaseExecutor.java:328)
	at com.kms.katalon.core.main.TestCaseExecutor.doExecute(TestCaseExecutor.java:319)
	at com.kms.katalon.core.main.TestCaseExecutor.processExecutionPhase(TestCaseExecutor.java:298)
	at com.kms.katalon.core.main.TestCaseExecutor.accessMainPhase(TestCaseExecutor.java:290)
	at com.kms.katalon.core.main.TestCaseExecutor.execute(TestCaseExecutor.java:224)
	at com.kms.katalon.core.main.TestSuiteExecutor.accessTestCaseMainPhase(TestSuiteExecutor.java:129)
	at com.kms.katalon.core.main.TestSuiteExecutor.accessTestSuiteMainPhase(TestSuiteExecutor.java:112)
	at com.kms.katalon.core.main.TestSuiteExecutor.execute(TestSuiteExecutor.java:81)
	at com.kms.katalon.core.main.TestCaseMain.startTestSuite(TestCaseMain.java:149)
	at com.kms.katalon.core.main.TestCaseMain$startTestSuite$0.call(Unknown Source)
	at TempTestSuite1548215797467.run(TempTestSuite1548215797467.groovy:36)]]></system-err>
      </testcase>
      <testcase name="Test Cases/UI/Employee/Report Manager/Report Types/Report Types - Validate object presence" classname="Test Cases/UI/Employee/Report Manager/Report Types/Report Types - Validate object presence" status="FAILED">
         <failure type="FAILED" message="Test Cases/UI/Employee/Report Manager/Report Types/Report Types - Validate object presence FAILED.
Reason:
com.kms.katalon.core.exception.StepFailedException: Unable to click on object 'Object Repository/UI/Employee/Report Manager/span_Report Management Menu' (Root cause: com.kms.katalon.core.webui.exception.BrowserNotOpenedException: Browser is not opened
Build info: version: '3.7.1', revision: '8a0099a', time: '2017-11-06T21:07:36.161Z'
System info: host: 'TDG-MBL-MTY0359', ip: '192.168.1.97', os.name: 'Windows 10', os.arch: 'amd64', os.version: '10.0', java.version: '1.8.0_181'
Driver info: driver.version: unknown)
	at com.kms.katalon.core.keyword.internal.KeywordMain.stepFailed(KeywordMain.groovy:36)
	at com.kms.katalon.core.webui.keyword.internal.WebUIKeywordMain.stepFailed(WebUIKeywordMain.groovy:65)
	at com.kms.katalon.core.webui.keyword.internal.WebUIKeywordMain.runKeyword(WebUIKeywordMain.groovy:27)
	at com.kms.katalon.core.webui.keyword.builtin.ClickKeyword.click(ClickKeyword.groovy:86)
	at com.kms.katalon.core.webui.keyword.builtin.ClickKeyword.execute(ClickKeyword.groovy:67)
	at com.kms.katalon.core.keyword.internal.KeywordExecutor.executeKeywordForPlatform(KeywordExecutor.groovy:53)
	at com.kms.katalon.core.webui.keyword.WebUiBuiltInKeywords.click(WebUiBuiltInKeywords.groovy:616)
	at com.kms.katalon.core.webui.keyword.WebUiBuiltInKeywords$click$5.call(Unknown Source)
	at Report Types - Validate object presence.run(Report Types - Validate object presence:16)
	at com.kms.katalon.core.main.ScriptEngine.run(ScriptEngine.java:194)
	at com.kms.katalon.core.main.ScriptEngine.runScriptAsRawText(ScriptEngine.java:119)
	at com.kms.katalon.core.main.TestCaseExecutor.runScript(TestCaseExecutor.java:328)
	at com.kms.katalon.core.main.TestCaseExecutor.doExecute(TestCaseExecutor.java:319)
	at com.kms.katalon.core.main.TestCaseExecutor.processExecutionPhase(TestCaseExecutor.java:298)
	at com.kms.katalon.core.main.TestCaseExecutor.accessMainPhase(TestCaseExecutor.java:290)
	at com.kms.katalon.core.main.TestCaseExecutor.execute(TestCaseExecutor.java:224)
	at com.kms.katalon.core.main.TestSuiteExecutor.accessTestCaseMainPhase(TestSuiteExecutor.java:129)
	at com.kms.katalon.core.main.TestSuiteExecutor.accessTestSuiteMainPhase(TestSuiteExecutor.java:112)
	at com.kms.katalon.core.main.TestSuiteExecutor.execute(TestSuiteExecutor.java:81)
	at com.kms.katalon.core.main.TestCaseMain.startTestSuite(TestCaseMain.java:149)
	at com.kms.katalon.core.main.TestCaseMain$startTestSuite$0.call(Unknown Source)
	at TempTestSuite1548215797467.run(TempTestSuite1548215797467.groovy:36)
"/>
         <system-out><![CDATA[2019-01-22 22:04:47 - [TEST_CASE][FAILED] - Test Cases/UI/Employee/Report Manager/Report Types/Report Types - Validate object presence: Test Cases/UI/Employee/Report Manager/Report Types/Report Types - Validate object presence FAILED.
Reason:
com.kms.katalon.core.exception.StepFailedException: Unable to click on object 'Object Repository/UI/Employee/Report Manager/span_Report Management Menu' (Root cause: com.kms.katalon.core.webui.exception.BrowserNotOpenedException: Browser is not opened
Build info: version: '3.7.1', revision: '8a0099a', time: '2017-11-06T21:07:36.161Z'
System info: host: 'TDG-MBL-MTY0359', ip: '192.168.1.97', os.name: 'Windows 10', os.arch: 'amd64', os.version: '10.0', java.version: '1.8.0_181'
Driver info: driver.version: unknown)
	at com.kms.katalon.core.keyword.internal.KeywordMain.stepFailed(KeywordMain.groovy:36)
	at com.kms.katalon.core.webui.keyword.internal.WebUIKeywordMain.stepFailed(WebUIKeywordMain.groovy:65)
	at com.kms.katalon.core.webui.keyword.internal.WebUIKeywordMain.runKeyword(WebUIKeywordMain.groovy:27)
	at com.kms.katalon.core.webui.keyword.builtin.ClickKeyword.click(ClickKeyword.groovy:86)
	at com.kms.katalon.core.webui.keyword.builtin.ClickKeyword.execute(ClickKeyword.groovy:67)
	at com.kms.katalon.core.keyword.internal.KeywordExecutor.executeKeywordForPlatform(KeywordExecutor.groovy:53)
	at com.kms.katalon.core.webui.keyword.WebUiBuiltInKeywords.click(WebUiBuiltInKeywords.groovy:616)
	at com.kms.katalon.core.webui.keyword.WebUiBuiltInKeywords$click$5.call(Unknown Source)
	at Report Types - Validate object presence.run(Report Types - Validate object presence:16)
	at com.kms.katalon.core.main.ScriptEngine.run(ScriptEngine.java:194)
	at com.kms.katalon.core.main.ScriptEngine.runScriptAsRawText(ScriptEngine.java:119)
	at com.kms.katalon.core.main.TestCaseExecutor.runScript(TestCaseExecutor.java:328)
	at com.kms.katalon.core.main.TestCaseExecutor.doExecute(TestCaseExecutor.java:319)
	at com.kms.katalon.core.main.TestCaseExecutor.processExecutionPhase(TestCaseExecutor.java:298)
	at com.kms.katalon.core.main.TestCaseExecutor.accessMainPhase(TestCaseExecutor.java:290)
	at com.kms.katalon.core.main.TestCaseExecutor.execute(TestCaseExecutor.java:224)
	at com.kms.katalon.core.main.TestSuiteExecutor.accessTestCaseMainPhase(TestSuiteExecutor.java:129)
	at com.kms.katalon.core.main.TestSuiteExecutor.accessTestSuiteMainPhase(TestSuiteExecutor.java:112)
	at com.kms.katalon.core.main.TestSuiteExecutor.execute(TestSuiteExecutor.java:81)
	at com.kms.katalon.core.main.TestCaseMain.startTestSuite(TestCaseMain.java:149)
	at com.kms.katalon.core.main.TestCaseMain$startTestSuite$0.call(Unknown Source)
	at TempTestSuite1548215797467.run(TempTestSuite1548215797467.groovy:36)


2019-01-22 22:04:47 - [TEST_STEP][FAILED] - click(findTestObject("UI/Employee/Report Manager/span_Report Management Menu")): click(findTestObject("UI/Employee/Report Manager/span_Report Management Menu")) FAILED.
Reason:
com.kms.katalon.core.exception.StepFailedException: Unable to click on object 'Object Repository/UI/Employee/Report Manager/span_Report Management Menu' (Root cause: com.kms.katalon.core.webui.exception.BrowserNotOpenedException: Browser is not opened
Build info: version: '3.7.1', revision: '8a0099a', time: '2017-11-06T21:07:36.161Z'
System info: host: 'TDG-MBL-MTY0359', ip: '192.168.1.97', os.name: 'Windows 10', os.arch: 'amd64', os.version: '10.0', java.version: '1.8.0_181'
Driver info: driver.version: unknown)
	at com.kms.katalon.core.keyword.internal.KeywordMain.stepFailed(KeywordMain.groovy:36)
	at com.kms.katalon.core.webui.keyword.internal.WebUIKeywordMain.stepFailed(WebUIKeywordMain.groovy:65)
	at com.kms.katalon.core.webui.keyword.internal.WebUIKeywordMain.runKeyword(WebUIKeywordMain.groovy:27)
	at com.kms.katalon.core.webui.keyword.builtin.ClickKeyword.click(ClickKeyword.groovy:86)
	at com.kms.katalon.core.webui.keyword.builtin.ClickKeyword.execute(ClickKeyword.groovy:67)
	at com.kms.katalon.core.keyword.internal.KeywordExecutor.executeKeywordForPlatform(KeywordExecutor.groovy:53)
	at com.kms.katalon.core.webui.keyword.WebUiBuiltInKeywords.click(WebUiBuiltInKeywords.groovy:616)
	at com.kms.katalon.core.webui.keyword.WebUiBuiltInKeywords$click$5.call(Unknown Source)
	at Report Types - Validate object presence.run(Report Types - Validate object presence:16)
	at com.kms.katalon.core.main.ScriptEngine.run(ScriptEngine.java:194)
	at com.kms.katalon.core.main.ScriptEngine.runScriptAsRawText(ScriptEngine.java:119)
	at com.kms.katalon.core.main.TestCaseExecutor.runScript(TestCaseExecutor.java:328)
	at com.kms.katalon.core.main.TestCaseExecutor.doExecute(TestCaseExecutor.java:319)
	at com.kms.katalon.core.main.TestCaseExecutor.processExecutionPhase(TestCaseExecutor.java:298)
	at com.kms.katalon.core.main.TestCaseExecutor.accessMainPhase(TestCaseExecutor.java:290)
	at com.kms.katalon.core.main.TestCaseExecutor.execute(TestCaseExecutor.java:224)
	at com.kms.katalon.core.main.TestSuiteExecutor.accessTestCaseMainPhase(TestSuiteExecutor.java:129)
	at com.kms.katalon.core.main.TestSuiteExecutor.accessTestSuiteMainPhase(TestSuiteExecutor.java:112)
	at com.kms.katalon.core.main.TestSuiteExecutor.execute(TestSuiteExecutor.java:81)
	at com.kms.katalon.core.main.TestCaseMain.startTestSuite(TestCaseMain.java:149)
	at com.kms.katalon.core.main.TestCaseMain$startTestSuite$0.call(Unknown Source)
	at TempTestSuite1548215797467.run(TempTestSuite1548215797467.groovy:36)


2019-01-22 22:04:47 - [MESSAGE][WARNING] - Cannot take screenshot

2019-01-22 22:04:47 - [MESSAGE][FAILED] - Unable to click on object 'Object Repository/UI/Employee/Report Manager/span_Report Management Menu' (Root cause: com.kms.katalon.core.webui.exception.BrowserNotOpenedException: Browser is not opened
Build info: version: '3.7.1', revision: '8a0099a', time: '2017-11-06T21:07:36.161Z'
System info: host: 'TDG-MBL-MTY0359', ip: '192.168.1.97', os.name: 'Windows 10', os.arch: 'amd64', os.version: '10.0', java.version: '1.8.0_181'
Driver info: driver.version: unknown)

2019-01-22 22:04:47 - [MESSAGE][FAILED] - click(findTestObject("UI/Employee/Report Manager/span_Report Management Menu")) FAILED.
Reason:
com.kms.katalon.core.exception.StepFailedException: Unable to click on object 'Object Repository/UI/Employee/Report Manager/span_Report Management Menu' (Root cause: com.kms.katalon.core.webui.exception.BrowserNotOpenedException: Browser is not opened
Build info: version: '3.7.1', revision: '8a0099a', time: '2017-11-06T21:07:36.161Z'
System info: host: 'TDG-MBL-MTY0359', ip: '192.168.1.97', os.name: 'Windows 10', os.arch: 'amd64', os.version: '10.0', java.version: '1.8.0_181'
Driver info: driver.version: unknown)
	at com.kms.katalon.core.keyword.internal.KeywordMain.stepFailed(KeywordMain.groovy:36)
	at com.kms.katalon.core.webui.keyword.internal.WebUIKeywordMain.stepFailed(WebUIKeywordMain.groovy:65)
	at com.kms.katalon.core.webui.keyword.internal.WebUIKeywordMain.runKeyword(WebUIKeywordMain.groovy:27)
	at com.kms.katalon.core.webui.keyword.builtin.ClickKeyword.click(ClickKeyword.groovy:86)
	at com.kms.katalon.core.webui.keyword.builtin.ClickKeyword.execute(ClickKeyword.groovy:67)
	at com.kms.katalon.core.keyword.internal.KeywordExecutor.executeKeywordForPlatform(KeywordExecutor.groovy:53)
	at com.kms.katalon.core.webui.keyword.WebUiBuiltInKeywords.click(WebUiBuiltInKeywords.groovy:616)
	at com.kms.katalon.core.webui.keyword.WebUiBuiltInKeywords$click$5.call(Unknown Source)
	at Report Types - Validate object presence.run(Report Types - Validate object presence:16)
	at com.kms.katalon.core.main.ScriptEngine.run(ScriptEngine.java:194)
	at com.kms.katalon.core.main.ScriptEngine.runScriptAsRawText(ScriptEngine.java:119)
	at com.kms.katalon.core.main.TestCaseExecutor.runScript(TestCaseExecutor.java:328)
	at com.kms.katalon.core.main.TestCaseExecutor.doExecute(TestCaseExecutor.java:319)
	at com.kms.katalon.core.main.TestCaseExecutor.processExecutionPhase(TestCaseExecutor.java:298)
	at com.kms.katalon.core.main.TestCaseExecutor.accessMainPhase(TestCaseExecutor.java:290)
	at com.kms.katalon.core.main.TestCaseExecutor.execute(TestCaseExecutor.java:224)
	at com.kms.katalon.core.main.TestSuiteExecutor.accessTestCaseMainPhase(TestSuiteExecutor.java:129)
	at com.kms.katalon.core.main.TestSuiteExecutor.accessTestSuiteMainPhase(TestSuiteExecutor.java:112)
	at com.kms.katalon.core.main.TestSuiteExecutor.execute(TestSuiteExecutor.java:81)
	at com.kms.katalon.core.main.TestCaseMain.startTestSuite(TestCaseMain.java:149)
	at com.kms.katalon.core.main.TestCaseMain$startTestSuite$0.call(Unknown Source)
	at TempTestSuite1548215797467.run(TempTestSuite1548215797467.groovy:36)]]></system-out>
         <system-err><![CDATA[2019-01-22 22:04:47 - [TEST_CASE][FAILED] - Test Cases/UI/Employee/Report Manager/Report Types/Report Types - Validate object presence: Test Cases/UI/Employee/Report Manager/Report Types/Report Types - Validate object presence FAILED.
Reason:
com.kms.katalon.core.exception.StepFailedException: Unable to click on object 'Object Repository/UI/Employee/Report Manager/span_Report Management Menu' (Root cause: com.kms.katalon.core.webui.exception.BrowserNotOpenedException: Browser is not opened
Build info: version: '3.7.1', revision: '8a0099a', time: '2017-11-06T21:07:36.161Z'
System info: host: 'TDG-MBL-MTY0359', ip: '192.168.1.97', os.name: 'Windows 10', os.arch: 'amd64', os.version: '10.0', java.version: '1.8.0_181'
Driver info: driver.version: unknown)
	at com.kms.katalon.core.keyword.internal.KeywordMain.stepFailed(KeywordMain.groovy:36)
	at com.kms.katalon.core.webui.keyword.internal.WebUIKeywordMain.stepFailed(WebUIKeywordMain.groovy:65)
	at com.kms.katalon.core.webui.keyword.internal.WebUIKeywordMain.runKeyword(WebUIKeywordMain.groovy:27)
	at com.kms.katalon.core.webui.keyword.builtin.ClickKeyword.click(ClickKeyword.groovy:86)
	at com.kms.katalon.core.webui.keyword.builtin.ClickKeyword.execute(ClickKeyword.groovy:67)
	at com.kms.katalon.core.keyword.internal.KeywordExecutor.executeKeywordForPlatform(KeywordExecutor.groovy:53)
	at com.kms.katalon.core.webui.keyword.WebUiBuiltInKeywords.click(WebUiBuiltInKeywords.groovy:616)
	at com.kms.katalon.core.webui.keyword.WebUiBuiltInKeywords$click$5.call(Unknown Source)
	at Report Types - Validate object presence.run(Report Types - Validate object presence:16)
	at com.kms.katalon.core.main.ScriptEngine.run(ScriptEngine.java:194)
	at com.kms.katalon.core.main.ScriptEngine.runScriptAsRawText(ScriptEngine.java:119)
	at com.kms.katalon.core.main.TestCaseExecutor.runScript(TestCaseExecutor.java:328)
	at com.kms.katalon.core.main.TestCaseExecutor.doExecute(TestCaseExecutor.java:319)
	at com.kms.katalon.core.main.TestCaseExecutor.processExecutionPhase(TestCaseExecutor.java:298)
	at com.kms.katalon.core.main.TestCaseExecutor.accessMainPhase(TestCaseExecutor.java:290)
	at com.kms.katalon.core.main.TestCaseExecutor.execute(TestCaseExecutor.java:224)
	at com.kms.katalon.core.main.TestSuiteExecutor.accessTestCaseMainPhase(TestSuiteExecutor.java:129)
	at com.kms.katalon.core.main.TestSuiteExecutor.accessTestSuiteMainPhase(TestSuiteExecutor.java:112)
	at com.kms.katalon.core.main.TestSuiteExecutor.execute(TestSuiteExecutor.java:81)
	at com.kms.katalon.core.main.TestCaseMain.startTestSuite(TestCaseMain.java:149)
	at com.kms.katalon.core.main.TestCaseMain$startTestSuite$0.call(Unknown Source)
	at TempTestSuite1548215797467.run(TempTestSuite1548215797467.groovy:36)]]></system-err>
      </testcase>
      <testcase name="Test Cases/UI/Employee/Report Manager/Schedule Reports/Schedule Reports - Delete Report" classname="Test Cases/UI/Employee/Report Manager/Schedule Reports/Schedule Reports - Delete Report" status="FAILED">
         <failure type="FAILED" message="Test Cases/UI/Employee/Report Manager/Schedule Reports/Schedule Reports - Delete Report FAILED.
Reason:
com.kms.katalon.core.exception.StepFailedException: Unable to clear text of object 'Object Repository/UI/Employee/Report Manager/Schedule Reports/input_Search textbox' (Root cause: com.kms.katalon.core.webui.exception.BrowserNotOpenedException: Browser is not opened
Build info: version: '3.7.1', revision: '8a0099a', time: '2017-11-06T21:07:36.161Z'
System info: host: 'TDG-MBL-MTY0359', ip: '192.168.1.97', os.name: 'Windows 10', os.arch: 'amd64', os.version: '10.0', java.version: '1.8.0_181'
Driver info: driver.version: unknown)
	at com.kms.katalon.core.keyword.internal.KeywordMain.stepFailed(KeywordMain.groovy:36)
	at com.kms.katalon.core.webui.keyword.internal.WebUIKeywordMain.stepFailed(WebUIKeywordMain.groovy:65)
	at com.kms.katalon.core.webui.keyword.internal.WebUIKeywordMain.runKeyword(WebUIKeywordMain.groovy:43)
	at com.kms.katalon.core.webui.keyword.builtin.ClearTextKeyword.clearText(ClearTextKeyword.groovy:61)
	at com.kms.katalon.core.webui.keyword.builtin.ClearTextKeyword.execute(ClearTextKeyword.groovy:34)
	at com.kms.katalon.core.keyword.internal.KeywordExecutor.executeKeywordForPlatform(KeywordExecutor.groovy:53)
	at com.kms.katalon.core.webui.keyword.WebUiBuiltInKeywords.clearText(WebUiBuiltInKeywords.groovy:3817)
	at com.kms.katalon.core.webui.keyword.WebUiBuiltInKeywords$clearText$20.call(Unknown Source)
	at Schedule Reports - Delete Report.run(Schedule Reports - Delete Report:28)
	at com.kms.katalon.core.main.ScriptEngine.run(ScriptEngine.java:194)
	at com.kms.katalon.core.main.ScriptEngine.runScriptAsRawText(ScriptEngine.java:119)
	at com.kms.katalon.core.main.TestCaseExecutor.runScript(TestCaseExecutor.java:328)
	at com.kms.katalon.core.main.TestCaseExecutor.doExecute(TestCaseExecutor.java:319)
	at com.kms.katalon.core.main.TestCaseExecutor.processExecutionPhase(TestCaseExecutor.java:298)
	at com.kms.katalon.core.main.TestCaseExecutor.accessMainPhase(TestCaseExecutor.java:290)
	at com.kms.katalon.core.main.TestCaseExecutor.execute(TestCaseExecutor.java:224)
	at com.kms.katalon.core.main.TestSuiteExecutor.accessTestCaseMainPhase(TestSuiteExecutor.java:129)
	at com.kms.katalon.core.main.TestSuiteExecutor.accessTestSuiteMainPhase(TestSuiteExecutor.java:112)
	at com.kms.katalon.core.main.TestSuiteExecutor.execute(TestSuiteExecutor.java:81)
	at com.kms.katalon.core.main.TestCaseMain.startTestSuite(TestCaseMain.java:149)
	at com.kms.katalon.core.main.TestCaseMain$startTestSuite$0.call(Unknown Source)
	at TempTestSuite1548215797467.run(TempTestSuite1548215797467.groovy:36)
"/>
         <system-out><![CDATA[2019-01-22 22:04:47 - [TEST_CASE][FAILED] - Test Cases/UI/Employee/Report Manager/Schedule Reports/Schedule Reports - Delete Report: Test Cases/UI/Employee/Report Manager/Schedule Reports/Schedule Reports - Delete Report FAILED.
Reason:
com.kms.katalon.core.exception.StepFailedException: Unable to clear text of object 'Object Repository/UI/Employee/Report Manager/Schedule Reports/input_Search textbox' (Root cause: com.kms.katalon.core.webui.exception.BrowserNotOpenedException: Browser is not opened
Build info: version: '3.7.1', revision: '8a0099a', time: '2017-11-06T21:07:36.161Z'
System info: host: 'TDG-MBL-MTY0359', ip: '192.168.1.97', os.name: 'Windows 10', os.arch: 'amd64', os.version: '10.0', java.version: '1.8.0_181'
Driver info: driver.version: unknown)
	at com.kms.katalon.core.keyword.internal.KeywordMain.stepFailed(KeywordMain.groovy:36)
	at com.kms.katalon.core.webui.keyword.internal.WebUIKeywordMain.stepFailed(WebUIKeywordMain.groovy:65)
	at com.kms.katalon.core.webui.keyword.internal.WebUIKeywordMain.runKeyword(WebUIKeywordMain.groovy:43)
	at com.kms.katalon.core.webui.keyword.builtin.ClearTextKeyword.clearText(ClearTextKeyword.groovy:61)
	at com.kms.katalon.core.webui.keyword.builtin.ClearTextKeyword.execute(ClearTextKeyword.groovy:34)
	at com.kms.katalon.core.keyword.internal.KeywordExecutor.executeKeywordForPlatform(KeywordExecutor.groovy:53)
	at com.kms.katalon.core.webui.keyword.WebUiBuiltInKeywords.clearText(WebUiBuiltInKeywords.groovy:3817)
	at com.kms.katalon.core.webui.keyword.WebUiBuiltInKeywords$clearText$20.call(Unknown Source)
	at Schedule Reports - Delete Report.run(Schedule Reports - Delete Report:28)
	at com.kms.katalon.core.main.ScriptEngine.run(ScriptEngine.java:194)
	at com.kms.katalon.core.main.ScriptEngine.runScriptAsRawText(ScriptEngine.java:119)
	at com.kms.katalon.core.main.TestCaseExecutor.runScript(TestCaseExecutor.java:328)
	at com.kms.katalon.core.main.TestCaseExecutor.doExecute(TestCaseExecutor.java:319)
	at com.kms.katalon.core.main.TestCaseExecutor.processExecutionPhase(TestCaseExecutor.java:298)
	at com.kms.katalon.core.main.TestCaseExecutor.accessMainPhase(TestCaseExecutor.java:290)
	at com.kms.katalon.core.main.TestCaseExecutor.execute(TestCaseExecutor.java:224)
	at com.kms.katalon.core.main.TestSuiteExecutor.accessTestCaseMainPhase(TestSuiteExecutor.java:129)
	at com.kms.katalon.core.main.TestSuiteExecutor.accessTestSuiteMainPhase(TestSuiteExecutor.java:112)
	at com.kms.katalon.core.main.TestSuiteExecutor.execute(TestSuiteExecutor.java:81)
	at com.kms.katalon.core.main.TestCaseMain.startTestSuite(TestCaseMain.java:149)
	at com.kms.katalon.core.main.TestCaseMain$startTestSuite$0.call(Unknown Source)
	at TempTestSuite1548215797467.run(TempTestSuite1548215797467.groovy:36)


2019-01-22 22:04:47 - [TEST_STEP][NOT_RUN] - click(findTestObject("UI/Employee/Report Manager/span_Report Management Menu")): NOT_RUN: click(findTestObject("UI/Employee/Report Manager/span_Report Management Menu"))

2019-01-22 22:04:47 - [MESSAGE][NOT_RUN] - NOT_RUN: click(findTestObject("UI/Employee/Report Manager/span_Report Management Menu"))

2019-01-22 22:04:47 - [TEST_STEP][NOT_RUN] - waitForElementVisible(findTestObject("UI/Employee/Report Manager/span_Scheduled Reports Sub Menu"), 5): NOT_RUN: waitForElementVisible(findTestObject("UI/Employee/Report Manager/span_Scheduled Reports Sub Menu"), 5)

2019-01-22 22:04:47 - [MESSAGE][NOT_RUN] - NOT_RUN: waitForElementVisible(findTestObject("UI/Employee/Report Manager/span_Scheduled Reports Sub Menu"), 5)

2019-01-22 22:04:47 - [TEST_STEP][NOT_RUN] - click(findTestObject("UI/Employee/Report Manager/span_Scheduled Reports Sub Menu")): NOT_RUN: click(findTestObject("UI/Employee/Report Manager/span_Scheduled Reports Sub Menu"))

2019-01-22 22:04:47 - [MESSAGE][NOT_RUN] - NOT_RUN: click(findTestObject("UI/Employee/Report Manager/span_Scheduled Reports Sub Menu"))

2019-01-22 22:04:47 - [TEST_STEP][NOT_RUN] - waitForElementNotPresent(findTestObject("UI/Employee/Report Manager/Schedule Reports/div_Loading Spinner"), 10): NOT_RUN: waitForElementNotPresent(findTestObject("UI/Employee/Report Manager/Schedule Reports/div_Loading Spinner"), 10)

2019-01-22 22:04:47 - [MESSAGE][NOT_RUN] - NOT_RUN: waitForElementNotPresent(findTestObject("UI/Employee/Report Manager/Schedule Reports/div_Loading Spinner"), 10)

2019-01-22 22:04:47 - [TEST_STEP][NOT_RUN] - waitForElementNotVisible(findTestObject("UI/Employee/Report Manager/Schedule Reports/div_Loading Spinner"), 10): NOT_RUN: waitForElementNotVisible(findTestObject("UI/Employee/Report Manager/Schedule Reports/div_Loading Spinner"), 10)

2019-01-22 22:04:47 - [MESSAGE][NOT_RUN] - NOT_RUN: waitForElementNotVisible(findTestObject("UI/Employee/Report Manager/Schedule Reports/div_Loading Spinner"), 10)

2019-01-22 22:04:47 - [TEST_STEP][FAILED] - clearText(findTestObject("UI/Employee/Report Manager/Schedule Reports/input_Search textbox")): clearText(findTestObject("UI/Employee/Report Manager/Schedule Reports/input_Search textbox")) FAILED.
Reason:
com.kms.katalon.core.exception.StepFailedException: Unable to clear text of object 'Object Repository/UI/Employee/Report Manager/Schedule Reports/input_Search textbox' (Root cause: com.kms.katalon.core.webui.exception.BrowserNotOpenedException: Browser is not opened
Build info: version: '3.7.1', revision: '8a0099a', time: '2017-11-06T21:07:36.161Z'
System info: host: 'TDG-MBL-MTY0359', ip: '192.168.1.97', os.name: 'Windows 10', os.arch: 'amd64', os.version: '10.0', java.version: '1.8.0_181'
Driver info: driver.version: unknown)
	at com.kms.katalon.core.keyword.internal.KeywordMain.stepFailed(KeywordMain.groovy:36)
	at com.kms.katalon.core.webui.keyword.internal.WebUIKeywordMain.stepFailed(WebUIKeywordMain.groovy:65)
	at com.kms.katalon.core.webui.keyword.internal.WebUIKeywordMain.runKeyword(WebUIKeywordMain.groovy:43)
	at com.kms.katalon.core.webui.keyword.builtin.ClearTextKeyword.clearText(ClearTextKeyword.groovy:61)
	at com.kms.katalon.core.webui.keyword.builtin.ClearTextKeyword.execute(ClearTextKeyword.groovy:34)
	at com.kms.katalon.core.keyword.internal.KeywordExecutor.executeKeywordForPlatform(KeywordExecutor.groovy:53)
	at com.kms.katalon.core.webui.keyword.WebUiBuiltInKeywords.clearText(WebUiBuiltInKeywords.groovy:3817)
	at com.kms.katalon.core.webui.keyword.WebUiBuiltInKeywords$clearText$20.call(Unknown Source)
	at Schedule Reports - Delete Report.run(Schedule Reports - Delete Report:28)
	at com.kms.katalon.core.main.ScriptEngine.run(ScriptEngine.java:194)
	at com.kms.katalon.core.main.ScriptEngine.runScriptAsRawText(ScriptEngine.java:119)
	at com.kms.katalon.core.main.TestCaseExecutor.runScript(TestCaseExecutor.java:328)
	at com.kms.katalon.core.main.TestCaseExecutor.doExecute(TestCaseExecutor.java:319)
	at com.kms.katalon.core.main.TestCaseExecutor.processExecutionPhase(TestCaseExecutor.java:298)
	at com.kms.katalon.core.main.TestCaseExecutor.accessMainPhase(TestCaseExecutor.java:290)
	at com.kms.katalon.core.main.TestCaseExecutor.execute(TestCaseExecutor.java:224)
	at com.kms.katalon.core.main.TestSuiteExecutor.accessTestCaseMainPhase(TestSuiteExecutor.java:129)
	at com.kms.katalon.core.main.TestSuiteExecutor.accessTestSuiteMainPhase(TestSuiteExecutor.java:112)
	at com.kms.katalon.core.main.TestSuiteExecutor.execute(TestSuiteExecutor.java:81)
	at com.kms.katalon.core.main.TestCaseMain.startTestSuite(TestCaseMain.java:149)
	at com.kms.katalon.core.main.TestCaseMain$startTestSuite$0.call(Unknown Source)
	at TempTestSuite1548215797467.run(TempTestSuite1548215797467.groovy:36)


2019-01-22 22:04:47 - [MESSAGE][WARNING] - Cannot take screenshot

2019-01-22 22:04:47 - [MESSAGE][FAILED] - Unable to clear text of object 'Object Repository/UI/Employee/Report Manager/Schedule Reports/input_Search textbox' (Root cause: com.kms.katalon.core.webui.exception.BrowserNotOpenedException: Browser is not opened
Build info: version: '3.7.1', revision: '8a0099a', time: '2017-11-06T21:07:36.161Z'
System info: host: 'TDG-MBL-MTY0359', ip: '192.168.1.97', os.name: 'Windows 10', os.arch: 'amd64', os.version: '10.0', java.version: '1.8.0_181'
Driver info: driver.version: unknown)

2019-01-22 22:04:47 - [MESSAGE][FAILED] - clearText(findTestObject("UI/Employee/Report Manager/Schedule Reports/input_Search textbox")) FAILED.
Reason:
com.kms.katalon.core.exception.StepFailedException: Unable to clear text of object 'Object Repository/UI/Employee/Report Manager/Schedule Reports/input_Search textbox' (Root cause: com.kms.katalon.core.webui.exception.BrowserNotOpenedException: Browser is not opened
Build info: version: '3.7.1', revision: '8a0099a', time: '2017-11-06T21:07:36.161Z'
System info: host: 'TDG-MBL-MTY0359', ip: '192.168.1.97', os.name: 'Windows 10', os.arch: 'amd64', os.version: '10.0', java.version: '1.8.0_181'
Driver info: driver.version: unknown)
	at com.kms.katalon.core.keyword.internal.KeywordMain.stepFailed(KeywordMain.groovy:36)
	at com.kms.katalon.core.webui.keyword.internal.WebUIKeywordMain.stepFailed(WebUIKeywordMain.groovy:65)
	at com.kms.katalon.core.webui.keyword.internal.WebUIKeywordMain.runKeyword(WebUIKeywordMain.groovy:43)
	at com.kms.katalon.core.webui.keyword.builtin.ClearTextKeyword.clearText(ClearTextKeyword.groovy:61)
	at com.kms.katalon.core.webui.keyword.builtin.ClearTextKeyword.execute(ClearTextKeyword.groovy:34)
	at com.kms.katalon.core.keyword.internal.KeywordExecutor.executeKeywordForPlatform(KeywordExecutor.groovy:53)
	at com.kms.katalon.core.webui.keyword.WebUiBuiltInKeywords.clearText(WebUiBuiltInKeywords.groovy:3817)
	at com.kms.katalon.core.webui.keyword.WebUiBuiltInKeywords$clearText$20.call(Unknown Source)
	at Schedule Reports - Delete Report.run(Schedule Reports - Delete Report:28)
	at com.kms.katalon.core.main.ScriptEngine.run(ScriptEngine.java:194)
	at com.kms.katalon.core.main.ScriptEngine.runScriptAsRawText(ScriptEngine.java:119)
	at com.kms.katalon.core.main.TestCaseExecutor.runScript(TestCaseExecutor.java:328)
	at com.kms.katalon.core.main.TestCaseExecutor.doExecute(TestCaseExecutor.java:319)
	at com.kms.katalon.core.main.TestCaseExecutor.processExecutionPhase(TestCaseExecutor.java:298)
	at com.kms.katalon.core.main.TestCaseExecutor.accessMainPhase(TestCaseExecutor.java:290)
	at com.kms.katalon.core.main.TestCaseExecutor.execute(TestCaseExecutor.java:224)
	at com.kms.katalon.core.main.TestSuiteExecutor.accessTestCaseMainPhase(TestSuiteExecutor.java:129)
	at com.kms.katalon.core.main.TestSuiteExecutor.accessTestSuiteMainPhase(TestSuiteExecutor.java:112)
	at com.kms.katalon.core.main.TestSuiteExecutor.execute(TestSuiteExecutor.java:81)
	at com.kms.katalon.core.main.TestCaseMain.startTestSuite(TestCaseMain.java:149)
	at com.kms.katalon.core.main.TestCaseMain$startTestSuite$0.call(Unknown Source)
	at TempTestSuite1548215797467.run(TempTestSuite1548215797467.groovy:36)]]></system-out>
         <system-err><![CDATA[2019-01-22 22:04:47 - [TEST_CASE][FAILED] - Test Cases/UI/Employee/Report Manager/Schedule Reports/Schedule Reports - Delete Report: Test Cases/UI/Employee/Report Manager/Schedule Reports/Schedule Reports - Delete Report FAILED.
Reason:
com.kms.katalon.core.exception.StepFailedException: Unable to clear text of object 'Object Repository/UI/Employee/Report Manager/Schedule Reports/input_Search textbox' (Root cause: com.kms.katalon.core.webui.exception.BrowserNotOpenedException: Browser is not opened
Build info: version: '3.7.1', revision: '8a0099a', time: '2017-11-06T21:07:36.161Z'
System info: host: 'TDG-MBL-MTY0359', ip: '192.168.1.97', os.name: 'Windows 10', os.arch: 'amd64', os.version: '10.0', java.version: '1.8.0_181'
Driver info: driver.version: unknown)
	at com.kms.katalon.core.keyword.internal.KeywordMain.stepFailed(KeywordMain.groovy:36)
	at com.kms.katalon.core.webui.keyword.internal.WebUIKeywordMain.stepFailed(WebUIKeywordMain.groovy:65)
	at com.kms.katalon.core.webui.keyword.internal.WebUIKeywordMain.runKeyword(WebUIKeywordMain.groovy:43)
	at com.kms.katalon.core.webui.keyword.builtin.ClearTextKeyword.clearText(ClearTextKeyword.groovy:61)
	at com.kms.katalon.core.webui.keyword.builtin.ClearTextKeyword.execute(ClearTextKeyword.groovy:34)
	at com.kms.katalon.core.keyword.internal.KeywordExecutor.executeKeywordForPlatform(KeywordExecutor.groovy:53)
	at com.kms.katalon.core.webui.keyword.WebUiBuiltInKeywords.clearText(WebUiBuiltInKeywords.groovy:3817)
	at com.kms.katalon.core.webui.keyword.WebUiBuiltInKeywords$clearText$20.call(Unknown Source)
	at Schedule Reports - Delete Report.run(Schedule Reports - Delete Report:28)
	at com.kms.katalon.core.main.ScriptEngine.run(ScriptEngine.java:194)
	at com.kms.katalon.core.main.ScriptEngine.runScriptAsRawText(ScriptEngine.java:119)
	at com.kms.katalon.core.main.TestCaseExecutor.runScript(TestCaseExecutor.java:328)
	at com.kms.katalon.core.main.TestCaseExecutor.doExecute(TestCaseExecutor.java:319)
	at com.kms.katalon.core.main.TestCaseExecutor.processExecutionPhase(TestCaseExecutor.java:298)
	at com.kms.katalon.core.main.TestCaseExecutor.accessMainPhase(TestCaseExecutor.java:290)
	at com.kms.katalon.core.main.TestCaseExecutor.execute(TestCaseExecutor.java:224)
	at com.kms.katalon.core.main.TestSuiteExecutor.accessTestCaseMainPhase(TestSuiteExecutor.java:129)
	at com.kms.katalon.core.main.TestSuiteExecutor.accessTestSuiteMainPhase(TestSuiteExecutor.java:112)
	at com.kms.katalon.core.main.TestSuiteExecutor.execute(TestSuiteExecutor.java:81)
	at com.kms.katalon.core.main.TestCaseMain.startTestSuite(TestCaseMain.java:149)
	at com.kms.katalon.core.main.TestCaseMain$startTestSuite$0.call(Unknown Source)
	at TempTestSuite1548215797467.run(TempTestSuite1548215797467.groovy:36)]]></system-err>
      </testcase>
      <testcase name="Test Cases/UI/Employee/Report Manager/Schedule Reports/Schedule Reports - Edit Schedule Report" classname="Test Cases/UI/Employee/Report Manager/Schedule Reports/Schedule Reports - Edit Schedule Report" status="FAILED">
         <failure type="FAILED" message="Test Cases/UI/Employee/Report Manager/Schedule Reports/Schedule Reports - Edit Schedule Report FAILED.
Reason:
com.kms.katalon.core.exception.StepFailedException: Unable to clear text of object 'Object Repository/UI/Employee/Report Manager/Schedule Reports/input_Search textbox' (Root cause: com.kms.katalon.core.webui.exception.BrowserNotOpenedException: Browser is not opened
Build info: version: '3.7.1', revision: '8a0099a', time: '2017-11-06T21:07:36.161Z'
System info: host: 'TDG-MBL-MTY0359', ip: '192.168.1.97', os.name: 'Windows 10', os.arch: 'amd64', os.version: '10.0', java.version: '1.8.0_181'
Driver info: driver.version: unknown)
	at com.kms.katalon.core.keyword.internal.KeywordMain.stepFailed(KeywordMain.groovy:36)
	at com.kms.katalon.core.webui.keyword.internal.WebUIKeywordMain.stepFailed(WebUIKeywordMain.groovy:65)
	at com.kms.katalon.core.webui.keyword.internal.WebUIKeywordMain.runKeyword(WebUIKeywordMain.groovy:43)
	at com.kms.katalon.core.webui.keyword.builtin.ClearTextKeyword.clearText(ClearTextKeyword.groovy:61)
	at com.kms.katalon.core.webui.keyword.builtin.ClearTextKeyword.execute(ClearTextKeyword.groovy:34)
	at com.kms.katalon.core.keyword.internal.KeywordExecutor.executeKeywordForPlatform(KeywordExecutor.groovy:53)
	at com.kms.katalon.core.webui.keyword.WebUiBuiltInKeywords.clearText(WebUiBuiltInKeywords.groovy:3817)
	at com.kms.katalon.core.webui.keyword.WebUiBuiltInKeywords$clearText$20.call(Unknown Source)
	at Schedule Reports - Edit Schedule Report.run(Schedule Reports - Edit Schedule Report:28)
	at com.kms.katalon.core.main.ScriptEngine.run(ScriptEngine.java:194)
	at com.kms.katalon.core.main.ScriptEngine.runScriptAsRawText(ScriptEngine.java:119)
	at com.kms.katalon.core.main.TestCaseExecutor.runScript(TestCaseExecutor.java:328)
	at com.kms.katalon.core.main.TestCaseExecutor.doExecute(TestCaseExecutor.java:319)
	at com.kms.katalon.core.main.TestCaseExecutor.processExecutionPhase(TestCaseExecutor.java:298)
	at com.kms.katalon.core.main.TestCaseExecutor.accessMainPhase(TestCaseExecutor.java:290)
	at com.kms.katalon.core.main.TestCaseExecutor.execute(TestCaseExecutor.java:224)
	at com.kms.katalon.core.main.TestSuiteExecutor.accessTestCaseMainPhase(TestSuiteExecutor.java:129)
	at com.kms.katalon.core.main.TestSuiteExecutor.accessTestSuiteMainPhase(TestSuiteExecutor.java:112)
	at com.kms.katalon.core.main.TestSuiteExecutor.execute(TestSuiteExecutor.java:81)
	at com.kms.katalon.core.main.TestCaseMain.startTestSuite(TestCaseMain.java:149)
	at com.kms.katalon.core.main.TestCaseMain$startTestSuite$0.call(Unknown Source)
	at TempTestSuite1548215797467.run(TempTestSuite1548215797467.groovy:36)
"/>
         <system-out><![CDATA[2019-01-22 22:04:47 - [TEST_CASE][FAILED] - Test Cases/UI/Employee/Report Manager/Schedule Reports/Schedule Reports - Edit Schedule Report: Test Cases/UI/Employee/Report Manager/Schedule Reports/Schedule Reports - Edit Schedule Report FAILED.
Reason:
com.kms.katalon.core.exception.StepFailedException: Unable to clear text of object 'Object Repository/UI/Employee/Report Manager/Schedule Reports/input_Search textbox' (Root cause: com.kms.katalon.core.webui.exception.BrowserNotOpenedException: Browser is not opened
Build info: version: '3.7.1', revision: '8a0099a', time: '2017-11-06T21:07:36.161Z'
System info: host: 'TDG-MBL-MTY0359', ip: '192.168.1.97', os.name: 'Windows 10', os.arch: 'amd64', os.version: '10.0', java.version: '1.8.0_181'
Driver info: driver.version: unknown)
	at com.kms.katalon.core.keyword.internal.KeywordMain.stepFailed(KeywordMain.groovy:36)
	at com.kms.katalon.core.webui.keyword.internal.WebUIKeywordMain.stepFailed(WebUIKeywordMain.groovy:65)
	at com.kms.katalon.core.webui.keyword.internal.WebUIKeywordMain.runKeyword(WebUIKeywordMain.groovy:43)
	at com.kms.katalon.core.webui.keyword.builtin.ClearTextKeyword.clearText(ClearTextKeyword.groovy:61)
	at com.kms.katalon.core.webui.keyword.builtin.ClearTextKeyword.execute(ClearTextKeyword.groovy:34)
	at com.kms.katalon.core.keyword.internal.KeywordExecutor.executeKeywordForPlatform(KeywordExecutor.groovy:53)
	at com.kms.katalon.core.webui.keyword.WebUiBuiltInKeywords.clearText(WebUiBuiltInKeywords.groovy:3817)
	at com.kms.katalon.core.webui.keyword.WebUiBuiltInKeywords$clearText$20.call(Unknown Source)
	at Schedule Reports - Edit Schedule Report.run(Schedule Reports - Edit Schedule Report:28)
	at com.kms.katalon.core.main.ScriptEngine.run(ScriptEngine.java:194)
	at com.kms.katalon.core.main.ScriptEngine.runScriptAsRawText(ScriptEngine.java:119)
	at com.kms.katalon.core.main.TestCaseExecutor.runScript(TestCaseExecutor.java:328)
	at com.kms.katalon.core.main.TestCaseExecutor.doExecute(TestCaseExecutor.java:319)
	at com.kms.katalon.core.main.TestCaseExecutor.processExecutionPhase(TestCaseExecutor.java:298)
	at com.kms.katalon.core.main.TestCaseExecutor.accessMainPhase(TestCaseExecutor.java:290)
	at com.kms.katalon.core.main.TestCaseExecutor.execute(TestCaseExecutor.java:224)
	at com.kms.katalon.core.main.TestSuiteExecutor.accessTestCaseMainPhase(TestSuiteExecutor.java:129)
	at com.kms.katalon.core.main.TestSuiteExecutor.accessTestSuiteMainPhase(TestSuiteExecutor.java:112)
	at com.kms.katalon.core.main.TestSuiteExecutor.execute(TestSuiteExecutor.java:81)
	at com.kms.katalon.core.main.TestCaseMain.startTestSuite(TestCaseMain.java:149)
	at com.kms.katalon.core.main.TestCaseMain$startTestSuite$0.call(Unknown Source)
	at TempTestSuite1548215797467.run(TempTestSuite1548215797467.groovy:36)


2019-01-22 22:04:47 - [TEST_STEP][NOT_RUN] - click(findTestObject("UI/Employee/Report Manager/span_Report Management Menu")): NOT_RUN: click(findTestObject("UI/Employee/Report Manager/span_Report Management Menu"))

2019-01-22 22:04:47 - [MESSAGE][NOT_RUN] - NOT_RUN: click(findTestObject("UI/Employee/Report Manager/span_Report Management Menu"))

2019-01-22 22:04:47 - [TEST_STEP][NOT_RUN] - waitForElementVisible(findTestObject("UI/Employee/Report Manager/span_Scheduled Reports Sub Menu"), 5): NOT_RUN: waitForElementVisible(findTestObject("UI/Employee/Report Manager/span_Scheduled Reports Sub Menu"), 5)

2019-01-22 22:04:47 - [MESSAGE][NOT_RUN] - NOT_RUN: waitForElementVisible(findTestObject("UI/Employee/Report Manager/span_Scheduled Reports Sub Menu"), 5)

2019-01-22 22:04:47 - [TEST_STEP][NOT_RUN] - click(findTestObject("UI/Employee/Report Manager/span_Scheduled Reports Sub Menu")): NOT_RUN: click(findTestObject("UI/Employee/Report Manager/span_Scheduled Reports Sub Menu"))

2019-01-22 22:04:47 - [MESSAGE][NOT_RUN] - NOT_RUN: click(findTestObject("UI/Employee/Report Manager/span_Scheduled Reports Sub Menu"))

2019-01-22 22:04:47 - [TEST_STEP][NOT_RUN] - waitForElementNotPresent(findTestObject("UI/Employee/Report Manager/Schedule Reports/div_Loading Spinner"), 10): NOT_RUN: waitForElementNotPresent(findTestObject("UI/Employee/Report Manager/Schedule Reports/div_Loading Spinner"), 10)

2019-01-22 22:04:47 - [MESSAGE][NOT_RUN] - NOT_RUN: waitForElementNotPresent(findTestObject("UI/Employee/Report Manager/Schedule Reports/div_Loading Spinner"), 10)

2019-01-22 22:04:47 - [TEST_STEP][NOT_RUN] - waitForElementNotVisible(findTestObject("UI/Employee/Report Manager/Schedule Reports/div_Loading Spinner"), 10): NOT_RUN: waitForElementNotVisible(findTestObject("UI/Employee/Report Manager/Schedule Reports/div_Loading Spinner"), 10)

2019-01-22 22:04:47 - [MESSAGE][NOT_RUN] - NOT_RUN: waitForElementNotVisible(findTestObject("UI/Employee/Report Manager/Schedule Reports/div_Loading Spinner"), 10)

2019-01-22 22:04:47 - [TEST_STEP][FAILED] - clearText(findTestObject("UI/Employee/Report Manager/Schedule Reports/input_Search textbox")): clearText(findTestObject("UI/Employee/Report Manager/Schedule Reports/input_Search textbox")) FAILED.
Reason:
com.kms.katalon.core.exception.StepFailedException: Unable to clear text of object 'Object Repository/UI/Employee/Report Manager/Schedule Reports/input_Search textbox' (Root cause: com.kms.katalon.core.webui.exception.BrowserNotOpenedException: Browser is not opened
Build info: version: '3.7.1', revision: '8a0099a', time: '2017-11-06T21:07:36.161Z'
System info: host: 'TDG-MBL-MTY0359', ip: '192.168.1.97', os.name: 'Windows 10', os.arch: 'amd64', os.version: '10.0', java.version: '1.8.0_181'
Driver info: driver.version: unknown)
	at com.kms.katalon.core.keyword.internal.KeywordMain.stepFailed(KeywordMain.groovy:36)
	at com.kms.katalon.core.webui.keyword.internal.WebUIKeywordMain.stepFailed(WebUIKeywordMain.groovy:65)
	at com.kms.katalon.core.webui.keyword.internal.WebUIKeywordMain.runKeyword(WebUIKeywordMain.groovy:43)
	at com.kms.katalon.core.webui.keyword.builtin.ClearTextKeyword.clearText(ClearTextKeyword.groovy:61)
	at com.kms.katalon.core.webui.keyword.builtin.ClearTextKeyword.execute(ClearTextKeyword.groovy:34)
	at com.kms.katalon.core.keyword.internal.KeywordExecutor.executeKeywordForPlatform(KeywordExecutor.groovy:53)
	at com.kms.katalon.core.webui.keyword.WebUiBuiltInKeywords.clearText(WebUiBuiltInKeywords.groovy:3817)
	at com.kms.katalon.core.webui.keyword.WebUiBuiltInKeywords$clearText$20.call(Unknown Source)
	at Schedule Reports - Edit Schedule Report.run(Schedule Reports - Edit Schedule Report:28)
	at com.kms.katalon.core.main.ScriptEngine.run(ScriptEngine.java:194)
	at com.kms.katalon.core.main.ScriptEngine.runScriptAsRawText(ScriptEngine.java:119)
	at com.kms.katalon.core.main.TestCaseExecutor.runScript(TestCaseExecutor.java:328)
	at com.kms.katalon.core.main.TestCaseExecutor.doExecute(TestCaseExecutor.java:319)
	at com.kms.katalon.core.main.TestCaseExecutor.processExecutionPhase(TestCaseExecutor.java:298)
	at com.kms.katalon.core.main.TestCaseExecutor.accessMainPhase(TestCaseExecutor.java:290)
	at com.kms.katalon.core.main.TestCaseExecutor.execute(TestCaseExecutor.java:224)
	at com.kms.katalon.core.main.TestSuiteExecutor.accessTestCaseMainPhase(TestSuiteExecutor.java:129)
	at com.kms.katalon.core.main.TestSuiteExecutor.accessTestSuiteMainPhase(TestSuiteExecutor.java:112)
	at com.kms.katalon.core.main.TestSuiteExecutor.execute(TestSuiteExecutor.java:81)
	at com.kms.katalon.core.main.TestCaseMain.startTestSuite(TestCaseMain.java:149)
	at com.kms.katalon.core.main.TestCaseMain$startTestSuite$0.call(Unknown Source)
	at TempTestSuite1548215797467.run(TempTestSuite1548215797467.groovy:36)


2019-01-22 22:04:47 - [MESSAGE][WARNING] - Cannot take screenshot

2019-01-22 22:04:47 - [MESSAGE][FAILED] - Unable to clear text of object 'Object Repository/UI/Employee/Report Manager/Schedule Reports/input_Search textbox' (Root cause: com.kms.katalon.core.webui.exception.BrowserNotOpenedException: Browser is not opened
Build info: version: '3.7.1', revision: '8a0099a', time: '2017-11-06T21:07:36.161Z'
System info: host: 'TDG-MBL-MTY0359', ip: '192.168.1.97', os.name: 'Windows 10', os.arch: 'amd64', os.version: '10.0', java.version: '1.8.0_181'
Driver info: driver.version: unknown)

2019-01-22 22:04:47 - [MESSAGE][FAILED] - clearText(findTestObject("UI/Employee/Report Manager/Schedule Reports/input_Search textbox")) FAILED.
Reason:
com.kms.katalon.core.exception.StepFailedException: Unable to clear text of object 'Object Repository/UI/Employee/Report Manager/Schedule Reports/input_Search textbox' (Root cause: com.kms.katalon.core.webui.exception.BrowserNotOpenedException: Browser is not opened
Build info: version: '3.7.1', revision: '8a0099a', time: '2017-11-06T21:07:36.161Z'
System info: host: 'TDG-MBL-MTY0359', ip: '192.168.1.97', os.name: 'Windows 10', os.arch: 'amd64', os.version: '10.0', java.version: '1.8.0_181'
Driver info: driver.version: unknown)
	at com.kms.katalon.core.keyword.internal.KeywordMain.stepFailed(KeywordMain.groovy:36)
	at com.kms.katalon.core.webui.keyword.internal.WebUIKeywordMain.stepFailed(WebUIKeywordMain.groovy:65)
	at com.kms.katalon.core.webui.keyword.internal.WebUIKeywordMain.runKeyword(WebUIKeywordMain.groovy:43)
	at com.kms.katalon.core.webui.keyword.builtin.ClearTextKeyword.clearText(ClearTextKeyword.groovy:61)
	at com.kms.katalon.core.webui.keyword.builtin.ClearTextKeyword.execute(ClearTextKeyword.groovy:34)
	at com.kms.katalon.core.keyword.internal.KeywordExecutor.executeKeywordForPlatform(KeywordExecutor.groovy:53)
	at com.kms.katalon.core.webui.keyword.WebUiBuiltInKeywords.clearText(WebUiBuiltInKeywords.groovy:3817)
	at com.kms.katalon.core.webui.keyword.WebUiBuiltInKeywords$clearText$20.call(Unknown Source)
	at Schedule Reports - Edit Schedule Report.run(Schedule Reports - Edit Schedule Report:28)
	at com.kms.katalon.core.main.ScriptEngine.run(ScriptEngine.java:194)
	at com.kms.katalon.core.main.ScriptEngine.runScriptAsRawText(ScriptEngine.java:119)
	at com.kms.katalon.core.main.TestCaseExecutor.runScript(TestCaseExecutor.java:328)
	at com.kms.katalon.core.main.TestCaseExecutor.doExecute(TestCaseExecutor.java:319)
	at com.kms.katalon.core.main.TestCaseExecutor.processExecutionPhase(TestCaseExecutor.java:298)
	at com.kms.katalon.core.main.TestCaseExecutor.accessMainPhase(TestCaseExecutor.java:290)
	at com.kms.katalon.core.main.TestCaseExecutor.execute(TestCaseExecutor.java:224)
	at com.kms.katalon.core.main.TestSuiteExecutor.accessTestCaseMainPhase(TestSuiteExecutor.java:129)
	at com.kms.katalon.core.main.TestSuiteExecutor.accessTestSuiteMainPhase(TestSuiteExecutor.java:112)
	at com.kms.katalon.core.main.TestSuiteExecutor.execute(TestSuiteExecutor.java:81)
	at com.kms.katalon.core.main.TestCaseMain.startTestSuite(TestCaseMain.java:149)
	at com.kms.katalon.core.main.TestCaseMain$startTestSuite$0.call(Unknown Source)
	at TempTestSuite1548215797467.run(TempTestSuite1548215797467.groovy:36)]]></system-out>
         <system-err><![CDATA[2019-01-22 22:04:47 - [TEST_CASE][FAILED] - Test Cases/UI/Employee/Report Manager/Schedule Reports/Schedule Reports - Edit Schedule Report: Test Cases/UI/Employee/Report Manager/Schedule Reports/Schedule Reports - Edit Schedule Report FAILED.
Reason:
com.kms.katalon.core.exception.StepFailedException: Unable to clear text of object 'Object Repository/UI/Employee/Report Manager/Schedule Reports/input_Search textbox' (Root cause: com.kms.katalon.core.webui.exception.BrowserNotOpenedException: Browser is not opened
Build info: version: '3.7.1', revision: '8a0099a', time: '2017-11-06T21:07:36.161Z'
System info: host: 'TDG-MBL-MTY0359', ip: '192.168.1.97', os.name: 'Windows 10', os.arch: 'amd64', os.version: '10.0', java.version: '1.8.0_181'
Driver info: driver.version: unknown)
	at com.kms.katalon.core.keyword.internal.KeywordMain.stepFailed(KeywordMain.groovy:36)
	at com.kms.katalon.core.webui.keyword.internal.WebUIKeywordMain.stepFailed(WebUIKeywordMain.groovy:65)
	at com.kms.katalon.core.webui.keyword.internal.WebUIKeywordMain.runKeyword(WebUIKeywordMain.groovy:43)
	at com.kms.katalon.core.webui.keyword.builtin.ClearTextKeyword.clearText(ClearTextKeyword.groovy:61)
	at com.kms.katalon.core.webui.keyword.builtin.ClearTextKeyword.execute(ClearTextKeyword.groovy:34)
	at com.kms.katalon.core.keyword.internal.KeywordExecutor.executeKeywordForPlatform(KeywordExecutor.groovy:53)
	at com.kms.katalon.core.webui.keyword.WebUiBuiltInKeywords.clearText(WebUiBuiltInKeywords.groovy:3817)
	at com.kms.katalon.core.webui.keyword.WebUiBuiltInKeywords$clearText$20.call(Unknown Source)
	at Schedule Reports - Edit Schedule Report.run(Schedule Reports - Edit Schedule Report:28)
	at com.kms.katalon.core.main.ScriptEngine.run(ScriptEngine.java:194)
	at com.kms.katalon.core.main.ScriptEngine.runScriptAsRawText(ScriptEngine.java:119)
	at com.kms.katalon.core.main.TestCaseExecutor.runScript(TestCaseExecutor.java:328)
	at com.kms.katalon.core.main.TestCaseExecutor.doExecute(TestCaseExecutor.java:319)
	at com.kms.katalon.core.main.TestCaseExecutor.processExecutionPhase(TestCaseExecutor.java:298)
	at com.kms.katalon.core.main.TestCaseExecutor.accessMainPhase(TestCaseExecutor.java:290)
	at com.kms.katalon.core.main.TestCaseExecutor.execute(TestCaseExecutor.java:224)
	at com.kms.katalon.core.main.TestSuiteExecutor.accessTestCaseMainPhase(TestSuiteExecutor.java:129)
	at com.kms.katalon.core.main.TestSuiteExecutor.accessTestSuiteMainPhase(TestSuiteExecutor.java:112)
	at com.kms.katalon.core.main.TestSuiteExecutor.execute(TestSuiteExecutor.java:81)
	at com.kms.katalon.core.main.TestCaseMain.startTestSuite(TestCaseMain.java:149)
	at com.kms.katalon.core.main.TestCaseMain$startTestSuite$0.call(Unknown Source)
	at TempTestSuite1548215797467.run(TempTestSuite1548215797467.groovy:36)]]></system-err>
      </testcase>
      <testcase name="Test Cases/UI/Employee/Report Manager/Schedule Reports/Schedule Reports - Filter by Column" classname="Test Cases/UI/Employee/Report Manager/Schedule Reports/Schedule Reports - Filter by Column" status="FAILED">
         <failure type="FAILED" message="Test Cases/UI/Employee/Report Manager/Schedule Reports/Schedule Reports - Filter by Column FAILED.
Reason:
com.kms.katalon.core.exception.StepFailedException: Unable to click on object 'Object Repository/UI/Employee/Report Manager/Schedule Reports/a_Columns tab' (Root cause: com.kms.katalon.core.webui.exception.BrowserNotOpenedException: Browser is not opened
Build info: version: '3.7.1', revision: '8a0099a', time: '2017-11-06T21:07:36.161Z'
System info: host: 'TDG-MBL-MTY0359', ip: '192.168.1.97', os.name: 'Windows 10', os.arch: 'amd64', os.version: '10.0', java.version: '1.8.0_181'
Driver info: driver.version: unknown)
	at com.kms.katalon.core.keyword.internal.KeywordMain.stepFailed(KeywordMain.groovy:36)
	at com.kms.katalon.core.webui.keyword.internal.WebUIKeywordMain.stepFailed(WebUIKeywordMain.groovy:65)
	at com.kms.katalon.core.webui.keyword.internal.WebUIKeywordMain.runKeyword(WebUIKeywordMain.groovy:27)
	at com.kms.katalon.core.webui.keyword.builtin.ClickKeyword.click(ClickKeyword.groovy:86)
	at com.kms.katalon.core.webui.keyword.builtin.ClickKeyword.execute(ClickKeyword.groovy:67)
	at com.kms.katalon.core.keyword.internal.KeywordExecutor.executeKeywordForPlatform(KeywordExecutor.groovy:53)
	at com.kms.katalon.core.webui.keyword.WebUiBuiltInKeywords.click(WebUiBuiltInKeywords.groovy:616)
	at com.kms.katalon.core.webui.keyword.WebUiBuiltInKeywords$click$5.call(Unknown Source)
	at Schedule Reports - Filter by Column.run(Schedule Reports - Filter by Column:28)
	at com.kms.katalon.core.main.ScriptEngine.run(ScriptEngine.java:194)
	at com.kms.katalon.core.main.ScriptEngine.runScriptAsRawText(ScriptEngine.java:119)
	at com.kms.katalon.core.main.TestCaseExecutor.runScript(TestCaseExecutor.java:328)
	at com.kms.katalon.core.main.TestCaseExecutor.doExecute(TestCaseExecutor.java:319)
	at com.kms.katalon.core.main.TestCaseExecutor.processExecutionPhase(TestCaseExecutor.java:298)
	at com.kms.katalon.core.main.TestCaseExecutor.accessMainPhase(TestCaseExecutor.java:290)
	at com.kms.katalon.core.main.TestCaseExecutor.execute(TestCaseExecutor.java:224)
	at com.kms.katalon.core.main.TestSuiteExecutor.accessTestCaseMainPhase(TestSuiteExecutor.java:129)
	at com.kms.katalon.core.main.TestSuiteExecutor.accessTestSuiteMainPhase(TestSuiteExecutor.java:112)
	at com.kms.katalon.core.main.TestSuiteExecutor.execute(TestSuiteExecutor.java:81)
	at com.kms.katalon.core.main.TestCaseMain.startTestSuite(TestCaseMain.java:149)
	at com.kms.katalon.core.main.TestCaseMain$startTestSuite$0.call(Unknown Source)
	at TempTestSuite1548215797467.run(TempTestSuite1548215797467.groovy:36)
"/>
         <system-out><![CDATA[2019-01-22 22:04:47 - [TEST_CASE][FAILED] - Test Cases/UI/Employee/Report Manager/Schedule Reports/Schedule Reports - Filter by Column: Test Cases/UI/Employee/Report Manager/Schedule Reports/Schedule Reports - Filter by Column FAILED.
Reason:
com.kms.katalon.core.exception.StepFailedException: Unable to click on object 'Object Repository/UI/Employee/Report Manager/Schedule Reports/a_Columns tab' (Root cause: com.kms.katalon.core.webui.exception.BrowserNotOpenedException: Browser is not opened
Build info: version: '3.7.1', revision: '8a0099a', time: '2017-11-06T21:07:36.161Z'
System info: host: 'TDG-MBL-MTY0359', ip: '192.168.1.97', os.name: 'Windows 10', os.arch: 'amd64', os.version: '10.0', java.version: '1.8.0_181'
Driver info: driver.version: unknown)
	at com.kms.katalon.core.keyword.internal.KeywordMain.stepFailed(KeywordMain.groovy:36)
	at com.kms.katalon.core.webui.keyword.internal.WebUIKeywordMain.stepFailed(WebUIKeywordMain.groovy:65)
	at com.kms.katalon.core.webui.keyword.internal.WebUIKeywordMain.runKeyword(WebUIKeywordMain.groovy:27)
	at com.kms.katalon.core.webui.keyword.builtin.ClickKeyword.click(ClickKeyword.groovy:86)
	at com.kms.katalon.core.webui.keyword.builtin.ClickKeyword.execute(ClickKeyword.groovy:67)
	at com.kms.katalon.core.keyword.internal.KeywordExecutor.executeKeywordForPlatform(KeywordExecutor.groovy:53)
	at com.kms.katalon.core.webui.keyword.WebUiBuiltInKeywords.click(WebUiBuiltInKeywords.groovy:616)
	at com.kms.katalon.core.webui.keyword.WebUiBuiltInKeywords$click$5.call(Unknown Source)
	at Schedule Reports - Filter by Column.run(Schedule Reports - Filter by Column:28)
	at com.kms.katalon.core.main.ScriptEngine.run(ScriptEngine.java:194)
	at com.kms.katalon.core.main.ScriptEngine.runScriptAsRawText(ScriptEngine.java:119)
	at com.kms.katalon.core.main.TestCaseExecutor.runScript(TestCaseExecutor.java:328)
	at com.kms.katalon.core.main.TestCaseExecutor.doExecute(TestCaseExecutor.java:319)
	at com.kms.katalon.core.main.TestCaseExecutor.processExecutionPhase(TestCaseExecutor.java:298)
	at com.kms.katalon.core.main.TestCaseExecutor.accessMainPhase(TestCaseExecutor.java:290)
	at com.kms.katalon.core.main.TestCaseExecutor.execute(TestCaseExecutor.java:224)
	at com.kms.katalon.core.main.TestSuiteExecutor.accessTestCaseMainPhase(TestSuiteExecutor.java:129)
	at com.kms.katalon.core.main.TestSuiteExecutor.accessTestSuiteMainPhase(TestSuiteExecutor.java:112)
	at com.kms.katalon.core.main.TestSuiteExecutor.execute(TestSuiteExecutor.java:81)
	at com.kms.katalon.core.main.TestCaseMain.startTestSuite(TestCaseMain.java:149)
	at com.kms.katalon.core.main.TestCaseMain$startTestSuite$0.call(Unknown Source)
	at TempTestSuite1548215797467.run(TempTestSuite1548215797467.groovy:36)


2019-01-22 22:04:47 - [TEST_STEP][NOT_RUN] - click(findTestObject("UI/Employee/Report Manager/span_Report Management Menu")): NOT_RUN: click(findTestObject("UI/Employee/Report Manager/span_Report Management Menu"))

2019-01-22 22:04:47 - [MESSAGE][NOT_RUN] - NOT_RUN: click(findTestObject("UI/Employee/Report Manager/span_Report Management Menu"))

2019-01-22 22:04:47 - [TEST_STEP][NOT_RUN] - waitForElementVisible(findTestObject("UI/Employee/Report Manager/span_Scheduled Reports Sub Menu"), 5): NOT_RUN: waitForElementVisible(findTestObject("UI/Employee/Report Manager/span_Scheduled Reports Sub Menu"), 5)

2019-01-22 22:04:47 - [MESSAGE][NOT_RUN] - NOT_RUN: waitForElementVisible(findTestObject("UI/Employee/Report Manager/span_Scheduled Reports Sub Menu"), 5)

2019-01-22 22:04:47 - [TEST_STEP][NOT_RUN] - click(findTestObject("UI/Employee/Report Manager/span_Scheduled Reports Sub Menu")): NOT_RUN: click(findTestObject("UI/Employee/Report Manager/span_Scheduled Reports Sub Menu"))

2019-01-22 22:04:47 - [MESSAGE][NOT_RUN] - NOT_RUN: click(findTestObject("UI/Employee/Report Manager/span_Scheduled Reports Sub Menu"))

2019-01-22 22:04:47 - [TEST_STEP][NOT_RUN] - waitForElementNotPresent(findTestObject("UI/Employee/Report Manager/Schedule Reports/div_Loading Spinner"), 10): NOT_RUN: waitForElementNotPresent(findTestObject("UI/Employee/Report Manager/Schedule Reports/div_Loading Spinner"), 10)

2019-01-22 22:04:47 - [MESSAGE][NOT_RUN] - NOT_RUN: waitForElementNotPresent(findTestObject("UI/Employee/Report Manager/Schedule Reports/div_Loading Spinner"), 10)

2019-01-22 22:04:47 - [TEST_STEP][NOT_RUN] - waitForElementNotVisible(findTestObject("UI/Employee/Report Manager/Schedule Reports/div_Loading Spinner"), 10): NOT_RUN: waitForElementNotVisible(findTestObject("UI/Employee/Report Manager/Schedule Reports/div_Loading Spinner"), 10)

2019-01-22 22:04:47 - [MESSAGE][NOT_RUN] - NOT_RUN: waitForElementNotVisible(findTestObject("UI/Employee/Report Manager/Schedule Reports/div_Loading Spinner"), 10)

2019-01-22 22:04:47 - [TEST_STEP][FAILED] - click(findTestObject("UI/Employee/Report Manager/Schedule Reports/a_Columns tab")): click(findTestObject("UI/Employee/Report Manager/Schedule Reports/a_Columns tab")) FAILED.
Reason:
com.kms.katalon.core.exception.StepFailedException: Unable to click on object 'Object Repository/UI/Employee/Report Manager/Schedule Reports/a_Columns tab' (Root cause: com.kms.katalon.core.webui.exception.BrowserNotOpenedException: Browser is not opened
Build info: version: '3.7.1', revision: '8a0099a', time: '2017-11-06T21:07:36.161Z'
System info: host: 'TDG-MBL-MTY0359', ip: '192.168.1.97', os.name: 'Windows 10', os.arch: 'amd64', os.version: '10.0', java.version: '1.8.0_181'
Driver info: driver.version: unknown)
	at com.kms.katalon.core.keyword.internal.KeywordMain.stepFailed(KeywordMain.groovy:36)
	at com.kms.katalon.core.webui.keyword.internal.WebUIKeywordMain.stepFailed(WebUIKeywordMain.groovy:65)
	at com.kms.katalon.core.webui.keyword.internal.WebUIKeywordMain.runKeyword(WebUIKeywordMain.groovy:27)
	at com.kms.katalon.core.webui.keyword.builtin.ClickKeyword.click(ClickKeyword.groovy:86)
	at com.kms.katalon.core.webui.keyword.builtin.ClickKeyword.execute(ClickKeyword.groovy:67)
	at com.kms.katalon.core.keyword.internal.KeywordExecutor.executeKeywordForPlatform(KeywordExecutor.groovy:53)
	at com.kms.katalon.core.webui.keyword.WebUiBuiltInKeywords.click(WebUiBuiltInKeywords.groovy:616)
	at com.kms.katalon.core.webui.keyword.WebUiBuiltInKeywords$click$5.call(Unknown Source)
	at Schedule Reports - Filter by Column.run(Schedule Reports - Filter by Column:28)
	at com.kms.katalon.core.main.ScriptEngine.run(ScriptEngine.java:194)
	at com.kms.katalon.core.main.ScriptEngine.runScriptAsRawText(ScriptEngine.java:119)
	at com.kms.katalon.core.main.TestCaseExecutor.runScript(TestCaseExecutor.java:328)
	at com.kms.katalon.core.main.TestCaseExecutor.doExecute(TestCaseExecutor.java:319)
	at com.kms.katalon.core.main.TestCaseExecutor.processExecutionPhase(TestCaseExecutor.java:298)
	at com.kms.katalon.core.main.TestCaseExecutor.accessMainPhase(TestCaseExecutor.java:290)
	at com.kms.katalon.core.main.TestCaseExecutor.execute(TestCaseExecutor.java:224)
	at com.kms.katalon.core.main.TestSuiteExecutor.accessTestCaseMainPhase(TestSuiteExecutor.java:129)
	at com.kms.katalon.core.main.TestSuiteExecutor.accessTestSuiteMainPhase(TestSuiteExecutor.java:112)
	at com.kms.katalon.core.main.TestSuiteExecutor.execute(TestSuiteExecutor.java:81)
	at com.kms.katalon.core.main.TestCaseMain.startTestSuite(TestCaseMain.java:149)
	at com.kms.katalon.core.main.TestCaseMain$startTestSuite$0.call(Unknown Source)
	at TempTestSuite1548215797467.run(TempTestSuite1548215797467.groovy:36)


2019-01-22 22:04:47 - [MESSAGE][WARNING] - Cannot take screenshot

2019-01-22 22:04:47 - [MESSAGE][FAILED] - Unable to click on object 'Object Repository/UI/Employee/Report Manager/Schedule Reports/a_Columns tab' (Root cause: com.kms.katalon.core.webui.exception.BrowserNotOpenedException: Browser is not opened
Build info: version: '3.7.1', revision: '8a0099a', time: '2017-11-06T21:07:36.161Z'
System info: host: 'TDG-MBL-MTY0359', ip: '192.168.1.97', os.name: 'Windows 10', os.arch: 'amd64', os.version: '10.0', java.version: '1.8.0_181'
Driver info: driver.version: unknown)

2019-01-22 22:04:47 - [MESSAGE][FAILED] - click(findTestObject("UI/Employee/Report Manager/Schedule Reports/a_Columns tab")) FAILED.
Reason:
com.kms.katalon.core.exception.StepFailedException: Unable to click on object 'Object Repository/UI/Employee/Report Manager/Schedule Reports/a_Columns tab' (Root cause: com.kms.katalon.core.webui.exception.BrowserNotOpenedException: Browser is not opened
Build info: version: '3.7.1', revision: '8a0099a', time: '2017-11-06T21:07:36.161Z'
System info: host: 'TDG-MBL-MTY0359', ip: '192.168.1.97', os.name: 'Windows 10', os.arch: 'amd64', os.version: '10.0', java.version: '1.8.0_181'
Driver info: driver.version: unknown)
	at com.kms.katalon.core.keyword.internal.KeywordMain.stepFailed(KeywordMain.groovy:36)
	at com.kms.katalon.core.webui.keyword.internal.WebUIKeywordMain.stepFailed(WebUIKeywordMain.groovy:65)
	at com.kms.katalon.core.webui.keyword.internal.WebUIKeywordMain.runKeyword(WebUIKeywordMain.groovy:27)
	at com.kms.katalon.core.webui.keyword.builtin.ClickKeyword.click(ClickKeyword.groovy:86)
	at com.kms.katalon.core.webui.keyword.builtin.ClickKeyword.execute(ClickKeyword.groovy:67)
	at com.kms.katalon.core.keyword.internal.KeywordExecutor.executeKeywordForPlatform(KeywordExecutor.groovy:53)
	at com.kms.katalon.core.webui.keyword.WebUiBuiltInKeywords.click(WebUiBuiltInKeywords.groovy:616)
	at com.kms.katalon.core.webui.keyword.WebUiBuiltInKeywords$click$5.call(Unknown Source)
	at Schedule Reports - Filter by Column.run(Schedule Reports - Filter by Column:28)
	at com.kms.katalon.core.main.ScriptEngine.run(ScriptEngine.java:194)
	at com.kms.katalon.core.main.ScriptEngine.runScriptAsRawText(ScriptEngine.java:119)
	at com.kms.katalon.core.main.TestCaseExecutor.runScript(TestCaseExecutor.java:328)
	at com.kms.katalon.core.main.TestCaseExecutor.doExecute(TestCaseExecutor.java:319)
	at com.kms.katalon.core.main.TestCaseExecutor.processExecutionPhase(TestCaseExecutor.java:298)
	at com.kms.katalon.core.main.TestCaseExecutor.accessMainPhase(TestCaseExecutor.java:290)
	at com.kms.katalon.core.main.TestCaseExecutor.execute(TestCaseExecutor.java:224)
	at com.kms.katalon.core.main.TestSuiteExecutor.accessTestCaseMainPhase(TestSuiteExecutor.java:129)
	at com.kms.katalon.core.main.TestSuiteExecutor.accessTestSuiteMainPhase(TestSuiteExecutor.java:112)
	at com.kms.katalon.core.main.TestSuiteExecutor.execute(TestSuiteExecutor.java:81)
	at com.kms.katalon.core.main.TestCaseMain.startTestSuite(TestCaseMain.java:149)
	at com.kms.katalon.core.main.TestCaseMain$startTestSuite$0.call(Unknown Source)
	at TempTestSuite1548215797467.run(TempTestSuite1548215797467.groovy:36)]]></system-out>
         <system-err><![CDATA[2019-01-22 22:04:47 - [TEST_CASE][FAILED] - Test Cases/UI/Employee/Report Manager/Schedule Reports/Schedule Reports - Filter by Column: Test Cases/UI/Employee/Report Manager/Schedule Reports/Schedule Reports - Filter by Column FAILED.
Reason:
com.kms.katalon.core.exception.StepFailedException: Unable to click on object 'Object Repository/UI/Employee/Report Manager/Schedule Reports/a_Columns tab' (Root cause: com.kms.katalon.core.webui.exception.BrowserNotOpenedException: Browser is not opened
Build info: version: '3.7.1', revision: '8a0099a', time: '2017-11-06T21:07:36.161Z'
System info: host: 'TDG-MBL-MTY0359', ip: '192.168.1.97', os.name: 'Windows 10', os.arch: 'amd64', os.version: '10.0', java.version: '1.8.0_181'
Driver info: driver.version: unknown)
	at com.kms.katalon.core.keyword.internal.KeywordMain.stepFailed(KeywordMain.groovy:36)
	at com.kms.katalon.core.webui.keyword.internal.WebUIKeywordMain.stepFailed(WebUIKeywordMain.groovy:65)
	at com.kms.katalon.core.webui.keyword.internal.WebUIKeywordMain.runKeyword(WebUIKeywordMain.groovy:27)
	at com.kms.katalon.core.webui.keyword.builtin.ClickKeyword.click(ClickKeyword.groovy:86)
	at com.kms.katalon.core.webui.keyword.builtin.ClickKeyword.execute(ClickKeyword.groovy:67)
	at com.kms.katalon.core.keyword.internal.KeywordExecutor.executeKeywordForPlatform(KeywordExecutor.groovy:53)
	at com.kms.katalon.core.webui.keyword.WebUiBuiltInKeywords.click(WebUiBuiltInKeywords.groovy:616)
	at com.kms.katalon.core.webui.keyword.WebUiBuiltInKeywords$click$5.call(Unknown Source)
	at Schedule Reports - Filter by Column.run(Schedule Reports - Filter by Column:28)
	at com.kms.katalon.core.main.ScriptEngine.run(ScriptEngine.java:194)
	at com.kms.katalon.core.main.ScriptEngine.runScriptAsRawText(ScriptEngine.java:119)
	at com.kms.katalon.core.main.TestCaseExecutor.runScript(TestCaseExecutor.java:328)
	at com.kms.katalon.core.main.TestCaseExecutor.doExecute(TestCaseExecutor.java:319)
	at com.kms.katalon.core.main.TestCaseExecutor.processExecutionPhase(TestCaseExecutor.java:298)
	at com.kms.katalon.core.main.TestCaseExecutor.accessMainPhase(TestCaseExecutor.java:290)
	at com.kms.katalon.core.main.TestCaseExecutor.execute(TestCaseExecutor.java:224)
	at com.kms.katalon.core.main.TestSuiteExecutor.accessTestCaseMainPhase(TestSuiteExecutor.java:129)
	at com.kms.katalon.core.main.TestSuiteExecutor.accessTestSuiteMainPhase(TestSuiteExecutor.java:112)
	at com.kms.katalon.core.main.TestSuiteExecutor.execute(TestSuiteExecutor.java:81)
	at com.kms.katalon.core.main.TestCaseMain.startTestSuite(TestCaseMain.java:149)
	at com.kms.katalon.core.main.TestCaseMain$startTestSuite$0.call(Unknown Source)
	at TempTestSuite1548215797467.run(TempTestSuite1548215797467.groovy:36)]]></system-err>
      </testcase>
      <testcase name="Test Cases/UI/Employee/Report Manager/Schedule Reports/Schedule Reports - Filter by Report Name" classname="Test Cases/UI/Employee/Report Manager/Schedule Reports/Schedule Reports - Filter by Report Name" status="FAILED">
         <failure type="FAILED" message="Test Cases/UI/Employee/Report Manager/Schedule Reports/Schedule Reports - Filter by Report Name FAILED.
Reason:
com.kms.katalon.core.exception.StepFailedException: Unable to send keys 'qaAutoEdit' to object 'Object Repository/UI/Employee/Report Manager/Schedule Reports/input_Report Name_textbox' (Root cause: com.kms.katalon.core.webui.exception.BrowserNotOpenedException: Browser is not opened
Build info: version: '3.7.1', revision: '8a0099a', time: '2017-11-06T21:07:36.161Z'
System info: host: 'TDG-MBL-MTY0359', ip: '192.168.1.97', os.name: 'Windows 10', os.arch: 'amd64', os.version: '10.0', java.version: '1.8.0_181'
Driver info: driver.version: unknown)
	at com.kms.katalon.core.keyword.internal.KeywordMain.stepFailed(KeywordMain.groovy:36)
	at com.kms.katalon.core.webui.keyword.internal.WebUIKeywordMain.stepFailed(WebUIKeywordMain.groovy:65)
	at com.kms.katalon.core.webui.keyword.internal.WebUIKeywordMain.runKeyword(WebUIKeywordMain.groovy:27)
	at com.kms.katalon.core.webui.keyword.builtin.SendKeysKeyword.sendKeys(SendKeysKeyword.groovy:60)
	at com.kms.katalon.core.webui.keyword.builtin.SendKeysKeyword.execute(SendKeysKeyword.groovy:38)
	at com.kms.katalon.core.keyword.internal.KeywordExecutor.executeKeywordForPlatform(KeywordExecutor.groovy:53)
	at com.kms.katalon.core.webui.keyword.WebUiBuiltInKeywords.sendKeys(WebUiBuiltInKeywords.groovy:834)
	at com.kms.katalon.core.webui.keyword.WebUiBuiltInKeywords$sendKeys$16.call(Unknown Source)
	at Schedule Reports - Filter by Report Name.run(Schedule Reports - Filter by Report Name:28)
	at com.kms.katalon.core.main.ScriptEngine.run(ScriptEngine.java:194)
	at com.kms.katalon.core.main.ScriptEngine.runScriptAsRawText(ScriptEngine.java:119)
	at com.kms.katalon.core.main.TestCaseExecutor.runScript(TestCaseExecutor.java:328)
	at com.kms.katalon.core.main.TestCaseExecutor.doExecute(TestCaseExecutor.java:319)
	at com.kms.katalon.core.main.TestCaseExecutor.processExecutionPhase(TestCaseExecutor.java:298)
	at com.kms.katalon.core.main.TestCaseExecutor.accessMainPhase(TestCaseExecutor.java:290)
	at com.kms.katalon.core.main.TestCaseExecutor.execute(TestCaseExecutor.java:224)
	at com.kms.katalon.core.main.TestSuiteExecutor.accessTestCaseMainPhase(TestSuiteExecutor.java:129)
	at com.kms.katalon.core.main.TestSuiteExecutor.accessTestSuiteMainPhase(TestSuiteExecutor.java:112)
	at com.kms.katalon.core.main.TestSuiteExecutor.execute(TestSuiteExecutor.java:81)
	at com.kms.katalon.core.main.TestCaseMain.startTestSuite(TestCaseMain.java:149)
	at com.kms.katalon.core.main.TestCaseMain$startTestSuite$0.call(Unknown Source)
	at TempTestSuite1548215797467.run(TempTestSuite1548215797467.groovy:36)
"/>
         <system-out><![CDATA[2019-01-22 22:04:47 - [TEST_CASE][FAILED] - Test Cases/UI/Employee/Report Manager/Schedule Reports/Schedule Reports - Filter by Report Name: Test Cases/UI/Employee/Report Manager/Schedule Reports/Schedule Reports - Filter by Report Name FAILED.
Reason:
com.kms.katalon.core.exception.StepFailedException: Unable to send keys 'qaAutoEdit' to object 'Object Repository/UI/Employee/Report Manager/Schedule Reports/input_Report Name_textbox' (Root cause: com.kms.katalon.core.webui.exception.BrowserNotOpenedException: Browser is not opened
Build info: version: '3.7.1', revision: '8a0099a', time: '2017-11-06T21:07:36.161Z'
System info: host: 'TDG-MBL-MTY0359', ip: '192.168.1.97', os.name: 'Windows 10', os.arch: 'amd64', os.version: '10.0', java.version: '1.8.0_181'
Driver info: driver.version: unknown)
	at com.kms.katalon.core.keyword.internal.KeywordMain.stepFailed(KeywordMain.groovy:36)
	at com.kms.katalon.core.webui.keyword.internal.WebUIKeywordMain.stepFailed(WebUIKeywordMain.groovy:65)
	at com.kms.katalon.core.webui.keyword.internal.WebUIKeywordMain.runKeyword(WebUIKeywordMain.groovy:27)
	at com.kms.katalon.core.webui.keyword.builtin.SendKeysKeyword.sendKeys(SendKeysKeyword.groovy:60)
	at com.kms.katalon.core.webui.keyword.builtin.SendKeysKeyword.execute(SendKeysKeyword.groovy:38)
	at com.kms.katalon.core.keyword.internal.KeywordExecutor.executeKeywordForPlatform(KeywordExecutor.groovy:53)
	at com.kms.katalon.core.webui.keyword.WebUiBuiltInKeywords.sendKeys(WebUiBuiltInKeywords.groovy:834)
	at com.kms.katalon.core.webui.keyword.WebUiBuiltInKeywords$sendKeys$16.call(Unknown Source)
	at Schedule Reports - Filter by Report Name.run(Schedule Reports - Filter by Report Name:28)
	at com.kms.katalon.core.main.ScriptEngine.run(ScriptEngine.java:194)
	at com.kms.katalon.core.main.ScriptEngine.runScriptAsRawText(ScriptEngine.java:119)
	at com.kms.katalon.core.main.TestCaseExecutor.runScript(TestCaseExecutor.java:328)
	at com.kms.katalon.core.main.TestCaseExecutor.doExecute(TestCaseExecutor.java:319)
	at com.kms.katalon.core.main.TestCaseExecutor.processExecutionPhase(TestCaseExecutor.java:298)
	at com.kms.katalon.core.main.TestCaseExecutor.accessMainPhase(TestCaseExecutor.java:290)
	at com.kms.katalon.core.main.TestCaseExecutor.execute(TestCaseExecutor.java:224)
	at com.kms.katalon.core.main.TestSuiteExecutor.accessTestCaseMainPhase(TestSuiteExecutor.java:129)
	at com.kms.katalon.core.main.TestSuiteExecutor.accessTestSuiteMainPhase(TestSuiteExecutor.java:112)
	at com.kms.katalon.core.main.TestSuiteExecutor.execute(TestSuiteExecutor.java:81)
	at com.kms.katalon.core.main.TestCaseMain.startTestSuite(TestCaseMain.java:149)
	at com.kms.katalon.core.main.TestCaseMain$startTestSuite$0.call(Unknown Source)
	at TempTestSuite1548215797467.run(TempTestSuite1548215797467.groovy:36)


2019-01-22 22:04:47 - [TEST_STEP][NOT_RUN] - click(findTestObject("UI/Employee/Report Manager/span_Report Management Menu")): NOT_RUN: click(findTestObject("UI/Employee/Report Manager/span_Report Management Menu"))

2019-01-22 22:04:47 - [MESSAGE][NOT_RUN] - NOT_RUN: click(findTestObject("UI/Employee/Report Manager/span_Report Management Menu"))

2019-01-22 22:04:47 - [TEST_STEP][NOT_RUN] - waitForElementVisible(findTestObject("UI/Employee/Report Manager/span_Scheduled Reports Sub Menu"), 5): NOT_RUN: waitForElementVisible(findTestObject("UI/Employee/Report Manager/span_Scheduled Reports Sub Menu"), 5)

2019-01-22 22:04:47 - [MESSAGE][NOT_RUN] - NOT_RUN: waitForElementVisible(findTestObject("UI/Employee/Report Manager/span_Scheduled Reports Sub Menu"), 5)

2019-01-22 22:04:47 - [TEST_STEP][NOT_RUN] - click(findTestObject("UI/Employee/Report Manager/span_Scheduled Reports Sub Menu")): NOT_RUN: click(findTestObject("UI/Employee/Report Manager/span_Scheduled Reports Sub Menu"))

2019-01-22 22:04:47 - [MESSAGE][NOT_RUN] - NOT_RUN: click(findTestObject("UI/Employee/Report Manager/span_Scheduled Reports Sub Menu"))

2019-01-22 22:04:47 - [TEST_STEP][NOT_RUN] - waitForElementNotPresent(findTestObject("UI/Employee/Report Manager/Schedule Reports/div_Loading Spinner"), 10): NOT_RUN: waitForElementNotPresent(findTestObject("UI/Employee/Report Manager/Schedule Reports/div_Loading Spinner"), 10)

2019-01-22 22:04:47 - [MESSAGE][NOT_RUN] - NOT_RUN: waitForElementNotPresent(findTestObject("UI/Employee/Report Manager/Schedule Reports/div_Loading Spinner"), 10)

2019-01-22 22:04:47 - [TEST_STEP][NOT_RUN] - waitForElementNotVisible(findTestObject("UI/Employee/Report Manager/Schedule Reports/div_Loading Spinner"), 10): NOT_RUN: waitForElementNotVisible(findTestObject("UI/Employee/Report Manager/Schedule Reports/div_Loading Spinner"), 10)

2019-01-22 22:04:47 - [MESSAGE][NOT_RUN] - NOT_RUN: waitForElementNotVisible(findTestObject("UI/Employee/Report Manager/Schedule Reports/div_Loading Spinner"), 10)

2019-01-22 22:04:47 - [TEST_STEP][FAILED] - sendKeys(findTestObject("UI/Employee/Report Manager/Schedule Reports/input_Report Name_textbox"), reportTypeName): sendKeys(findTestObject("UI/Employee/Report Manager/Schedule Reports/input_Report Name_textbox"), reportTypeName) FAILED.
Reason:
com.kms.katalon.core.exception.StepFailedException: Unable to send keys 'qaAutoEdit' to object 'Object Repository/UI/Employee/Report Manager/Schedule Reports/input_Report Name_textbox' (Root cause: com.kms.katalon.core.webui.exception.BrowserNotOpenedException: Browser is not opened
Build info: version: '3.7.1', revision: '8a0099a', time: '2017-11-06T21:07:36.161Z'
System info: host: 'TDG-MBL-MTY0359', ip: '192.168.1.97', os.name: 'Windows 10', os.arch: 'amd64', os.version: '10.0', java.version: '1.8.0_181'
Driver info: driver.version: unknown)
	at com.kms.katalon.core.keyword.internal.KeywordMain.stepFailed(KeywordMain.groovy:36)
	at com.kms.katalon.core.webui.keyword.internal.WebUIKeywordMain.stepFailed(WebUIKeywordMain.groovy:65)
	at com.kms.katalon.core.webui.keyword.internal.WebUIKeywordMain.runKeyword(WebUIKeywordMain.groovy:27)
	at com.kms.katalon.core.webui.keyword.builtin.SendKeysKeyword.sendKeys(SendKeysKeyword.groovy:60)
	at com.kms.katalon.core.webui.keyword.builtin.SendKeysKeyword.execute(SendKeysKeyword.groovy:38)
	at com.kms.katalon.core.keyword.internal.KeywordExecutor.executeKeywordForPlatform(KeywordExecutor.groovy:53)
	at com.kms.katalon.core.webui.keyword.WebUiBuiltInKeywords.sendKeys(WebUiBuiltInKeywords.groovy:834)
	at com.kms.katalon.core.webui.keyword.WebUiBuiltInKeywords$sendKeys$16.call(Unknown Source)
	at Schedule Reports - Filter by Report Name.run(Schedule Reports - Filter by Report Name:28)
	at com.kms.katalon.core.main.ScriptEngine.run(ScriptEngine.java:194)
	at com.kms.katalon.core.main.ScriptEngine.runScriptAsRawText(ScriptEngine.java:119)
	at com.kms.katalon.core.main.TestCaseExecutor.runScript(TestCaseExecutor.java:328)
	at com.kms.katalon.core.main.TestCaseExecutor.doExecute(TestCaseExecutor.java:319)
	at com.kms.katalon.core.main.TestCaseExecutor.processExecutionPhase(TestCaseExecutor.java:298)
	at com.kms.katalon.core.main.TestCaseExecutor.accessMainPhase(TestCaseExecutor.java:290)
	at com.kms.katalon.core.main.TestCaseExecutor.execute(TestCaseExecutor.java:224)
	at com.kms.katalon.core.main.TestSuiteExecutor.accessTestCaseMainPhase(TestSuiteExecutor.java:129)
	at com.kms.katalon.core.main.TestSuiteExecutor.accessTestSuiteMainPhase(TestSuiteExecutor.java:112)
	at com.kms.katalon.core.main.TestSuiteExecutor.execute(TestSuiteExecutor.java:81)
	at com.kms.katalon.core.main.TestCaseMain.startTestSuite(TestCaseMain.java:149)
	at com.kms.katalon.core.main.TestCaseMain$startTestSuite$0.call(Unknown Source)
	at TempTestSuite1548215797467.run(TempTestSuite1548215797467.groovy:36)


2019-01-22 22:04:47 - [MESSAGE][WARNING] - Cannot take screenshot

2019-01-22 22:04:47 - [MESSAGE][FAILED] - Unable to send keys 'qaAutoEdit' to object 'Object Repository/UI/Employee/Report Manager/Schedule Reports/input_Report Name_textbox' (Root cause: com.kms.katalon.core.webui.exception.BrowserNotOpenedException: Browser is not opened
Build info: version: '3.7.1', revision: '8a0099a', time: '2017-11-06T21:07:36.161Z'
System info: host: 'TDG-MBL-MTY0359', ip: '192.168.1.97', os.name: 'Windows 10', os.arch: 'amd64', os.version: '10.0', java.version: '1.8.0_181'
Driver info: driver.version: unknown)

2019-01-22 22:04:47 - [MESSAGE][FAILED] - sendKeys(findTestObject("UI/Employee/Report Manager/Schedule Reports/input_Report Name_textbox"), reportTypeName) FAILED.
Reason:
com.kms.katalon.core.exception.StepFailedException: Unable to send keys 'qaAutoEdit' to object 'Object Repository/UI/Employee/Report Manager/Schedule Reports/input_Report Name_textbox' (Root cause: com.kms.katalon.core.webui.exception.BrowserNotOpenedException: Browser is not opened
Build info: version: '3.7.1', revision: '8a0099a', time: '2017-11-06T21:07:36.161Z'
System info: host: 'TDG-MBL-MTY0359', ip: '192.168.1.97', os.name: 'Windows 10', os.arch: 'amd64', os.version: '10.0', java.version: '1.8.0_181'
Driver info: driver.version: unknown)
	at com.kms.katalon.core.keyword.internal.KeywordMain.stepFailed(KeywordMain.groovy:36)
	at com.kms.katalon.core.webui.keyword.internal.WebUIKeywordMain.stepFailed(WebUIKeywordMain.groovy:65)
	at com.kms.katalon.core.webui.keyword.internal.WebUIKeywordMain.runKeyword(WebUIKeywordMain.groovy:27)
	at com.kms.katalon.core.webui.keyword.builtin.SendKeysKeyword.sendKeys(SendKeysKeyword.groovy:60)
	at com.kms.katalon.core.webui.keyword.builtin.SendKeysKeyword.execute(SendKeysKeyword.groovy:38)
	at com.kms.katalon.core.keyword.internal.KeywordExecutor.executeKeywordForPlatform(KeywordExecutor.groovy:53)
	at com.kms.katalon.core.webui.keyword.WebUiBuiltInKeywords.sendKeys(WebUiBuiltInKeywords.groovy:834)
	at com.kms.katalon.core.webui.keyword.WebUiBuiltInKeywords$sendKeys$16.call(Unknown Source)
	at Schedule Reports - Filter by Report Name.run(Schedule Reports - Filter by Report Name:28)
	at com.kms.katalon.core.main.ScriptEngine.run(ScriptEngine.java:194)
	at com.kms.katalon.core.main.ScriptEngine.runScriptAsRawText(ScriptEngine.java:119)
	at com.kms.katalon.core.main.TestCaseExecutor.runScript(TestCaseExecutor.java:328)
	at com.kms.katalon.core.main.TestCaseExecutor.doExecute(TestCaseExecutor.java:319)
	at com.kms.katalon.core.main.TestCaseExecutor.processExecutionPhase(TestCaseExecutor.java:298)
	at com.kms.katalon.core.main.TestCaseExecutor.accessMainPhase(TestCaseExecutor.java:290)
	at com.kms.katalon.core.main.TestCaseExecutor.execute(TestCaseExecutor.java:224)
	at com.kms.katalon.core.main.TestSuiteExecutor.accessTestCaseMainPhase(TestSuiteExecutor.java:129)
	at com.kms.katalon.core.main.TestSuiteExecutor.accessTestSuiteMainPhase(TestSuiteExecutor.java:112)
	at com.kms.katalon.core.main.TestSuiteExecutor.execute(TestSuiteExecutor.java:81)
	at com.kms.katalon.core.main.TestCaseMain.startTestSuite(TestCaseMain.java:149)
	at com.kms.katalon.core.main.TestCaseMain$startTestSuite$0.call(Unknown Source)
	at TempTestSuite1548215797467.run(TempTestSuite1548215797467.groovy:36)]]></system-out>
         <system-err><![CDATA[2019-01-22 22:04:47 - [TEST_CASE][FAILED] - Test Cases/UI/Employee/Report Manager/Schedule Reports/Schedule Reports - Filter by Report Name: Test Cases/UI/Employee/Report Manager/Schedule Reports/Schedule Reports - Filter by Report Name FAILED.
Reason:
com.kms.katalon.core.exception.StepFailedException: Unable to send keys 'qaAutoEdit' to object 'Object Repository/UI/Employee/Report Manager/Schedule Reports/input_Report Name_textbox' (Root cause: com.kms.katalon.core.webui.exception.BrowserNotOpenedException: Browser is not opened
Build info: version: '3.7.1', revision: '8a0099a', time: '2017-11-06T21:07:36.161Z'
System info: host: 'TDG-MBL-MTY0359', ip: '192.168.1.97', os.name: 'Windows 10', os.arch: 'amd64', os.version: '10.0', java.version: '1.8.0_181'
Driver info: driver.version: unknown)
	at com.kms.katalon.core.keyword.internal.KeywordMain.stepFailed(KeywordMain.groovy:36)
	at com.kms.katalon.core.webui.keyword.internal.WebUIKeywordMain.stepFailed(WebUIKeywordMain.groovy:65)
	at com.kms.katalon.core.webui.keyword.internal.WebUIKeywordMain.runKeyword(WebUIKeywordMain.groovy:27)
	at com.kms.katalon.core.webui.keyword.builtin.SendKeysKeyword.sendKeys(SendKeysKeyword.groovy:60)
	at com.kms.katalon.core.webui.keyword.builtin.SendKeysKeyword.execute(SendKeysKeyword.groovy:38)
	at com.kms.katalon.core.keyword.internal.KeywordExecutor.executeKeywordForPlatform(KeywordExecutor.groovy:53)
	at com.kms.katalon.core.webui.keyword.WebUiBuiltInKeywords.sendKeys(WebUiBuiltInKeywords.groovy:834)
	at com.kms.katalon.core.webui.keyword.WebUiBuiltInKeywords$sendKeys$16.call(Unknown Source)
	at Schedule Reports - Filter by Report Name.run(Schedule Reports - Filter by Report Name:28)
	at com.kms.katalon.core.main.ScriptEngine.run(ScriptEngine.java:194)
	at com.kms.katalon.core.main.ScriptEngine.runScriptAsRawText(ScriptEngine.java:119)
	at com.kms.katalon.core.main.TestCaseExecutor.runScript(TestCaseExecutor.java:328)
	at com.kms.katalon.core.main.TestCaseExecutor.doExecute(TestCaseExecutor.java:319)
	at com.kms.katalon.core.main.TestCaseExecutor.processExecutionPhase(TestCaseExecutor.java:298)
	at com.kms.katalon.core.main.TestCaseExecutor.accessMainPhase(TestCaseExecutor.java:290)
	at com.kms.katalon.core.main.TestCaseExecutor.execute(TestCaseExecutor.java:224)
	at com.kms.katalon.core.main.TestSuiteExecutor.accessTestCaseMainPhase(TestSuiteExecutor.java:129)
	at com.kms.katalon.core.main.TestSuiteExecutor.accessTestSuiteMainPhase(TestSuiteExecutor.java:112)
	at com.kms.katalon.core.main.TestSuiteExecutor.execute(TestSuiteExecutor.java:81)
	at com.kms.katalon.core.main.TestCaseMain.startTestSuite(TestCaseMain.java:149)
	at com.kms.katalon.core.main.TestCaseMain$startTestSuite$0.call(Unknown Source)
	at TempTestSuite1548215797467.run(TempTestSuite1548215797467.groovy:36)]]></system-err>
      </testcase>
      <testcase name="Test Cases/UI/Employee/Report Manager/Schedule Reports/Schedule Reports - New schedule and search" classname="Test Cases/UI/Employee/Report Manager/Schedule Reports/Schedule Reports - New schedule and search" status="FAILED">
         <failure type="FAILED" message="Test Cases/UI/Employee/Report Manager/Schedule Reports/Schedule Reports - New schedule and search FAILED.
Reason:
com.kms.katalon.core.exception.StepFailedException: Unable to wait for object 'Object Repository/UI/Employee/Report Manager/span_Scheduled Reports Sub Menu' to be visible (Root cause: com.kms.katalon.core.webui.exception.BrowserNotOpenedException: Browser is not opened
Build info: version: '3.7.1', revision: '8a0099a', time: '2017-11-06T21:07:36.161Z'
System info: host: 'TDG-MBL-MTY0359', ip: '192.168.1.97', os.name: 'Windows 10', os.arch: 'amd64', os.version: '10.0', java.version: '1.8.0_181'
Driver info: driver.version: unknown)
	at com.kms.katalon.core.keyword.internal.KeywordMain.stepFailed(KeywordMain.groovy:36)
	at com.kms.katalon.core.webui.keyword.internal.WebUIKeywordMain.stepFailed(WebUIKeywordMain.groovy:65)
	at com.kms.katalon.core.webui.keyword.internal.WebUIKeywordMain.runKeyword(WebUIKeywordMain.groovy:27)
	at com.kms.katalon.core.webui.keyword.builtin.WaitForElementVisibleKeyword.waitForElementVisible(WaitForElementVisibleKeyword.groovy:99)
	at com.kms.katalon.core.webui.keyword.builtin.WaitForElementVisibleKeyword.execute(WaitForElementVisibleKeyword.groovy:68)
	at com.kms.katalon.core.keyword.internal.KeywordExecutor.executeKeywordForPlatform(KeywordExecutor.groovy:53)
	at com.kms.katalon.core.webui.keyword.WebUiBuiltInKeywords.waitForElementVisible(WebUiBuiltInKeywords.groovy:434)
	at com.kms.katalon.core.webui.keyword.WebUiBuiltInKeywords$waitForElementVisible$6.call(Unknown Source)
	at Schedule Reports - New schedule and search.run(Schedule Reports - New schedule and search:18)
	at com.kms.katalon.core.main.ScriptEngine.run(ScriptEngine.java:194)
	at com.kms.katalon.core.main.ScriptEngine.runScriptAsRawText(ScriptEngine.java:119)
	at com.kms.katalon.core.main.TestCaseExecutor.runScript(TestCaseExecutor.java:328)
	at com.kms.katalon.core.main.TestCaseExecutor.doExecute(TestCaseExecutor.java:319)
	at com.kms.katalon.core.main.TestCaseExecutor.processExecutionPhase(TestCaseExecutor.java:298)
	at com.kms.katalon.core.main.TestCaseExecutor.accessMainPhase(TestCaseExecutor.java:290)
	at com.kms.katalon.core.main.TestCaseExecutor.execute(TestCaseExecutor.java:224)
	at com.kms.katalon.core.main.TestSuiteExecutor.accessTestCaseMainPhase(TestSuiteExecutor.java:129)
	at com.kms.katalon.core.main.TestSuiteExecutor.accessTestSuiteMainPhase(TestSuiteExecutor.java:112)
	at com.kms.katalon.core.main.TestSuiteExecutor.execute(TestSuiteExecutor.java:81)
	at com.kms.katalon.core.main.TestCaseMain.startTestSuite(TestCaseMain.java:149)
	at com.kms.katalon.core.main.TestCaseMain$startTestSuite$0.call(Unknown Source)
	at TempTestSuite1548215797467.run(TempTestSuite1548215797467.groovy:36)
"/>
         <system-out><![CDATA[2019-01-22 22:04:47 - [TEST_CASE][FAILED] - Test Cases/UI/Employee/Report Manager/Schedule Reports/Schedule Reports - New schedule and search: Test Cases/UI/Employee/Report Manager/Schedule Reports/Schedule Reports - New schedule and search FAILED.
Reason:
com.kms.katalon.core.exception.StepFailedException: Unable to wait for object 'Object Repository/UI/Employee/Report Manager/span_Scheduled Reports Sub Menu' to be visible (Root cause: com.kms.katalon.core.webui.exception.BrowserNotOpenedException: Browser is not opened
Build info: version: '3.7.1', revision: '8a0099a', time: '2017-11-06T21:07:36.161Z'
System info: host: 'TDG-MBL-MTY0359', ip: '192.168.1.97', os.name: 'Windows 10', os.arch: 'amd64', os.version: '10.0', java.version: '1.8.0_181'
Driver info: driver.version: unknown)
	at com.kms.katalon.core.keyword.internal.KeywordMain.stepFailed(KeywordMain.groovy:36)
	at com.kms.katalon.core.webui.keyword.internal.WebUIKeywordMain.stepFailed(WebUIKeywordMain.groovy:65)
	at com.kms.katalon.core.webui.keyword.internal.WebUIKeywordMain.runKeyword(WebUIKeywordMain.groovy:27)
	at com.kms.katalon.core.webui.keyword.builtin.WaitForElementVisibleKeyword.waitForElementVisible(WaitForElementVisibleKeyword.groovy:99)
	at com.kms.katalon.core.webui.keyword.builtin.WaitForElementVisibleKeyword.execute(WaitForElementVisibleKeyword.groovy:68)
	at com.kms.katalon.core.keyword.internal.KeywordExecutor.executeKeywordForPlatform(KeywordExecutor.groovy:53)
	at com.kms.katalon.core.webui.keyword.WebUiBuiltInKeywords.waitForElementVisible(WebUiBuiltInKeywords.groovy:434)
	at com.kms.katalon.core.webui.keyword.WebUiBuiltInKeywords$waitForElementVisible$6.call(Unknown Source)
	at Schedule Reports - New schedule and search.run(Schedule Reports - New schedule and search:18)
	at com.kms.katalon.core.main.ScriptEngine.run(ScriptEngine.java:194)
	at com.kms.katalon.core.main.ScriptEngine.runScriptAsRawText(ScriptEngine.java:119)
	at com.kms.katalon.core.main.TestCaseExecutor.runScript(TestCaseExecutor.java:328)
	at com.kms.katalon.core.main.TestCaseExecutor.doExecute(TestCaseExecutor.java:319)
	at com.kms.katalon.core.main.TestCaseExecutor.processExecutionPhase(TestCaseExecutor.java:298)
	at com.kms.katalon.core.main.TestCaseExecutor.accessMainPhase(TestCaseExecutor.java:290)
	at com.kms.katalon.core.main.TestCaseExecutor.execute(TestCaseExecutor.java:224)
	at com.kms.katalon.core.main.TestSuiteExecutor.accessTestCaseMainPhase(TestSuiteExecutor.java:129)
	at com.kms.katalon.core.main.TestSuiteExecutor.accessTestSuiteMainPhase(TestSuiteExecutor.java:112)
	at com.kms.katalon.core.main.TestSuiteExecutor.execute(TestSuiteExecutor.java:81)
	at com.kms.katalon.core.main.TestCaseMain.startTestSuite(TestCaseMain.java:149)
	at com.kms.katalon.core.main.TestCaseMain$startTestSuite$0.call(Unknown Source)
	at TempTestSuite1548215797467.run(TempTestSuite1548215797467.groovy:36)


2019-01-22 22:04:47 - [TEST_STEP][NOT_RUN] - click(findTestObject("UI/Employee/Report Manager/span_Report Management Menu")): NOT_RUN: click(findTestObject("UI/Employee/Report Manager/span_Report Management Menu"))

2019-01-22 22:04:47 - [MESSAGE][NOT_RUN] - NOT_RUN: click(findTestObject("UI/Employee/Report Manager/span_Report Management Menu"))

2019-01-22 22:04:47 - [TEST_STEP][FAILED] - waitForElementVisible(findTestObject("UI/Employee/Report Manager/span_Scheduled Reports Sub Menu"), 5): waitForElementVisible(findTestObject("UI/Employee/Report Manager/span_Scheduled Reports Sub Menu"), 5) FAILED.
Reason:
com.kms.katalon.core.exception.StepFailedException: Unable to wait for object 'Object Repository/UI/Employee/Report Manager/span_Scheduled Reports Sub Menu' to be visible (Root cause: com.kms.katalon.core.webui.exception.BrowserNotOpenedException: Browser is not opened
Build info: version: '3.7.1', revision: '8a0099a', time: '2017-11-06T21:07:36.161Z'
System info: host: 'TDG-MBL-MTY0359', ip: '192.168.1.97', os.name: 'Windows 10', os.arch: 'amd64', os.version: '10.0', java.version: '1.8.0_181'
Driver info: driver.version: unknown)
	at com.kms.katalon.core.keyword.internal.KeywordMain.stepFailed(KeywordMain.groovy:36)
	at com.kms.katalon.core.webui.keyword.internal.WebUIKeywordMain.stepFailed(WebUIKeywordMain.groovy:65)
	at com.kms.katalon.core.webui.keyword.internal.WebUIKeywordMain.runKeyword(WebUIKeywordMain.groovy:27)
	at com.kms.katalon.core.webui.keyword.builtin.WaitForElementVisibleKeyword.waitForElementVisible(WaitForElementVisibleKeyword.groovy:99)
	at com.kms.katalon.core.webui.keyword.builtin.WaitForElementVisibleKeyword.execute(WaitForElementVisibleKeyword.groovy:68)
	at com.kms.katalon.core.keyword.internal.KeywordExecutor.executeKeywordForPlatform(KeywordExecutor.groovy:53)
	at com.kms.katalon.core.webui.keyword.WebUiBuiltInKeywords.waitForElementVisible(WebUiBuiltInKeywords.groovy:434)
	at com.kms.katalon.core.webui.keyword.WebUiBuiltInKeywords$waitForElementVisible$6.call(Unknown Source)
	at Schedule Reports - New schedule and search.run(Schedule Reports - New schedule and search:18)
	at com.kms.katalon.core.main.ScriptEngine.run(ScriptEngine.java:194)
	at com.kms.katalon.core.main.ScriptEngine.runScriptAsRawText(ScriptEngine.java:119)
	at com.kms.katalon.core.main.TestCaseExecutor.runScript(TestCaseExecutor.java:328)
	at com.kms.katalon.core.main.TestCaseExecutor.doExecute(TestCaseExecutor.java:319)
	at com.kms.katalon.core.main.TestCaseExecutor.processExecutionPhase(TestCaseExecutor.java:298)
	at com.kms.katalon.core.main.TestCaseExecutor.accessMainPhase(TestCaseExecutor.java:290)
	at com.kms.katalon.core.main.TestCaseExecutor.execute(TestCaseExecutor.java:224)
	at com.kms.katalon.core.main.TestSuiteExecutor.accessTestCaseMainPhase(TestSuiteExecutor.java:129)
	at com.kms.katalon.core.main.TestSuiteExecutor.accessTestSuiteMainPhase(TestSuiteExecutor.java:112)
	at com.kms.katalon.core.main.TestSuiteExecutor.execute(TestSuiteExecutor.java:81)
	at com.kms.katalon.core.main.TestCaseMain.startTestSuite(TestCaseMain.java:149)
	at com.kms.katalon.core.main.TestCaseMain$startTestSuite$0.call(Unknown Source)
	at TempTestSuite1548215797467.run(TempTestSuite1548215797467.groovy:36)


2019-01-22 22:04:47 - [MESSAGE][WARNING] - Cannot take screenshot

2019-01-22 22:04:47 - [MESSAGE][FAILED] - Unable to wait for object 'Object Repository/UI/Employee/Report Manager/span_Scheduled Reports Sub Menu' to be visible (Root cause: com.kms.katalon.core.webui.exception.BrowserNotOpenedException: Browser is not opened
Build info: version: '3.7.1', revision: '8a0099a', time: '2017-11-06T21:07:36.161Z'
System info: host: 'TDG-MBL-MTY0359', ip: '192.168.1.97', os.name: 'Windows 10', os.arch: 'amd64', os.version: '10.0', java.version: '1.8.0_181'
Driver info: driver.version: unknown)

2019-01-22 22:04:47 - [MESSAGE][FAILED] - waitForElementVisible(findTestObject("UI/Employee/Report Manager/span_Scheduled Reports Sub Menu"), 5) FAILED.
Reason:
com.kms.katalon.core.exception.StepFailedException: Unable to wait for object 'Object Repository/UI/Employee/Report Manager/span_Scheduled Reports Sub Menu' to be visible (Root cause: com.kms.katalon.core.webui.exception.BrowserNotOpenedException: Browser is not opened
Build info: version: '3.7.1', revision: '8a0099a', time: '2017-11-06T21:07:36.161Z'
System info: host: 'TDG-MBL-MTY0359', ip: '192.168.1.97', os.name: 'Windows 10', os.arch: 'amd64', os.version: '10.0', java.version: '1.8.0_181'
Driver info: driver.version: unknown)
	at com.kms.katalon.core.keyword.internal.KeywordMain.stepFailed(KeywordMain.groovy:36)
	at com.kms.katalon.core.webui.keyword.internal.WebUIKeywordMain.stepFailed(WebUIKeywordMain.groovy:65)
	at com.kms.katalon.core.webui.keyword.internal.WebUIKeywordMain.runKeyword(WebUIKeywordMain.groovy:27)
	at com.kms.katalon.core.webui.keyword.builtin.WaitForElementVisibleKeyword.waitForElementVisible(WaitForElementVisibleKeyword.groovy:99)
	at com.kms.katalon.core.webui.keyword.builtin.WaitForElementVisibleKeyword.execute(WaitForElementVisibleKeyword.groovy:68)
	at com.kms.katalon.core.keyword.internal.KeywordExecutor.executeKeywordForPlatform(KeywordExecutor.groovy:53)
	at com.kms.katalon.core.webui.keyword.WebUiBuiltInKeywords.waitForElementVisible(WebUiBuiltInKeywords.groovy:434)
	at com.kms.katalon.core.webui.keyword.WebUiBuiltInKeywords$waitForElementVisible$6.call(Unknown Source)
	at Schedule Reports - New schedule and search.run(Schedule Reports - New schedule and search:18)
	at com.kms.katalon.core.main.ScriptEngine.run(ScriptEngine.java:194)
	at com.kms.katalon.core.main.ScriptEngine.runScriptAsRawText(ScriptEngine.java:119)
	at com.kms.katalon.core.main.TestCaseExecutor.runScript(TestCaseExecutor.java:328)
	at com.kms.katalon.core.main.TestCaseExecutor.doExecute(TestCaseExecutor.java:319)
	at com.kms.katalon.core.main.TestCaseExecutor.processExecutionPhase(TestCaseExecutor.java:298)
	at com.kms.katalon.core.main.TestCaseExecutor.accessMainPhase(TestCaseExecutor.java:290)
	at com.kms.katalon.core.main.TestCaseExecutor.execute(TestCaseExecutor.java:224)
	at com.kms.katalon.core.main.TestSuiteExecutor.accessTestCaseMainPhase(TestSuiteExecutor.java:129)
	at com.kms.katalon.core.main.TestSuiteExecutor.accessTestSuiteMainPhase(TestSuiteExecutor.java:112)
	at com.kms.katalon.core.main.TestSuiteExecutor.execute(TestSuiteExecutor.java:81)
	at com.kms.katalon.core.main.TestCaseMain.startTestSuite(TestCaseMain.java:149)
	at com.kms.katalon.core.main.TestCaseMain$startTestSuite$0.call(Unknown Source)
	at TempTestSuite1548215797467.run(TempTestSuite1548215797467.groovy:36)]]></system-out>
         <system-err><![CDATA[2019-01-22 22:04:47 - [TEST_CASE][FAILED] - Test Cases/UI/Employee/Report Manager/Schedule Reports/Schedule Reports - New schedule and search: Test Cases/UI/Employee/Report Manager/Schedule Reports/Schedule Reports - New schedule and search FAILED.
Reason:
com.kms.katalon.core.exception.StepFailedException: Unable to wait for object 'Object Repository/UI/Employee/Report Manager/span_Scheduled Reports Sub Menu' to be visible (Root cause: com.kms.katalon.core.webui.exception.BrowserNotOpenedException: Browser is not opened
Build info: version: '3.7.1', revision: '8a0099a', time: '2017-11-06T21:07:36.161Z'
System info: host: 'TDG-MBL-MTY0359', ip: '192.168.1.97', os.name: 'Windows 10', os.arch: 'amd64', os.version: '10.0', java.version: '1.8.0_181'
Driver info: driver.version: unknown)
	at com.kms.katalon.core.keyword.internal.KeywordMain.stepFailed(KeywordMain.groovy:36)
	at com.kms.katalon.core.webui.keyword.internal.WebUIKeywordMain.stepFailed(WebUIKeywordMain.groovy:65)
	at com.kms.katalon.core.webui.keyword.internal.WebUIKeywordMain.runKeyword(WebUIKeywordMain.groovy:27)
	at com.kms.katalon.core.webui.keyword.builtin.WaitForElementVisibleKeyword.waitForElementVisible(WaitForElementVisibleKeyword.groovy:99)
	at com.kms.katalon.core.webui.keyword.builtin.WaitForElementVisibleKeyword.execute(WaitForElementVisibleKeyword.groovy:68)
	at com.kms.katalon.core.keyword.internal.KeywordExecutor.executeKeywordForPlatform(KeywordExecutor.groovy:53)
	at com.kms.katalon.core.webui.keyword.WebUiBuiltInKeywords.waitForElementVisible(WebUiBuiltInKeywords.groovy:434)
	at com.kms.katalon.core.webui.keyword.WebUiBuiltInKeywords$waitForElementVisible$6.call(Unknown Source)
	at Schedule Reports - New schedule and search.run(Schedule Reports - New schedule and search:18)
	at com.kms.katalon.core.main.ScriptEngine.run(ScriptEngine.java:194)
	at com.kms.katalon.core.main.ScriptEngine.runScriptAsRawText(ScriptEngine.java:119)
	at com.kms.katalon.core.main.TestCaseExecutor.runScript(TestCaseExecutor.java:328)
	at com.kms.katalon.core.main.TestCaseExecutor.doExecute(TestCaseExecutor.java:319)
	at com.kms.katalon.core.main.TestCaseExecutor.processExecutionPhase(TestCaseExecutor.java:298)
	at com.kms.katalon.core.main.TestCaseExecutor.accessMainPhase(TestCaseExecutor.java:290)
	at com.kms.katalon.core.main.TestCaseExecutor.execute(TestCaseExecutor.java:224)
	at com.kms.katalon.core.main.TestSuiteExecutor.accessTestCaseMainPhase(TestSuiteExecutor.java:129)
	at com.kms.katalon.core.main.TestSuiteExecutor.accessTestSuiteMainPhase(TestSuiteExecutor.java:112)
	at com.kms.katalon.core.main.TestSuiteExecutor.execute(TestSuiteExecutor.java:81)
	at com.kms.katalon.core.main.TestCaseMain.startTestSuite(TestCaseMain.java:149)
	at com.kms.katalon.core.main.TestCaseMain$startTestSuite$0.call(Unknown Source)
	at TempTestSuite1548215797467.run(TempTestSuite1548215797467.groovy:36)]]></system-err>
      </testcase>
      <testcase name="Test Cases/UI/Employee/Report Manager/Schedule Reports/Schedule Reports - Validate fields presence" classname="Test Cases/UI/Employee/Report Manager/Schedule Reports/Schedule Reports - Validate fields presence" status="FAILED">
         <failure type="FAILED" message="Test Cases/UI/Employee/Report Manager/Schedule Reports/Schedule Reports - Validate fields presence FAILED.
Reason:
com.kms.katalon.core.exception.StepFailedException: Unable to click on object 'Object Repository/UI/Employee/Report Manager/span_Report Management Menu' (Root cause: com.kms.katalon.core.webui.exception.BrowserNotOpenedException: Browser is not opened
Build info: version: '3.7.1', revision: '8a0099a', time: '2017-11-06T21:07:36.161Z'
System info: host: 'TDG-MBL-MTY0359', ip: '192.168.1.97', os.name: 'Windows 10', os.arch: 'amd64', os.version: '10.0', java.version: '1.8.0_181'
Driver info: driver.version: unknown)
	at com.kms.katalon.core.keyword.internal.KeywordMain.stepFailed(KeywordMain.groovy:36)
	at com.kms.katalon.core.webui.keyword.internal.WebUIKeywordMain.stepFailed(WebUIKeywordMain.groovy:65)
	at com.kms.katalon.core.webui.keyword.internal.WebUIKeywordMain.runKeyword(WebUIKeywordMain.groovy:27)
	at com.kms.katalon.core.webui.keyword.builtin.ClickKeyword.click(ClickKeyword.groovy:86)
	at com.kms.katalon.core.webui.keyword.builtin.ClickKeyword.execute(ClickKeyword.groovy:67)
	at com.kms.katalon.core.keyword.internal.KeywordExecutor.executeKeywordForPlatform(KeywordExecutor.groovy:53)
	at com.kms.katalon.core.webui.keyword.WebUiBuiltInKeywords.click(WebUiBuiltInKeywords.groovy:616)
	at com.kms.katalon.core.webui.keyword.WebUiBuiltInKeywords$click$5.call(Unknown Source)
	at Schedule Reports - Validate fields presence.run(Schedule Reports - Validate fields presence:16)
	at com.kms.katalon.core.main.ScriptEngine.run(ScriptEngine.java:194)
	at com.kms.katalon.core.main.ScriptEngine.runScriptAsRawText(ScriptEngine.java:119)
	at com.kms.katalon.core.main.TestCaseExecutor.runScript(TestCaseExecutor.java:328)
	at com.kms.katalon.core.main.TestCaseExecutor.doExecute(TestCaseExecutor.java:319)
	at com.kms.katalon.core.main.TestCaseExecutor.processExecutionPhase(TestCaseExecutor.java:298)
	at com.kms.katalon.core.main.TestCaseExecutor.accessMainPhase(TestCaseExecutor.java:290)
	at com.kms.katalon.core.main.TestCaseExecutor.execute(TestCaseExecutor.java:224)
	at com.kms.katalon.core.main.TestSuiteExecutor.accessTestCaseMainPhase(TestSuiteExecutor.java:129)
	at com.kms.katalon.core.main.TestSuiteExecutor.accessTestSuiteMainPhase(TestSuiteExecutor.java:112)
	at com.kms.katalon.core.main.TestSuiteExecutor.execute(TestSuiteExecutor.java:81)
	at com.kms.katalon.core.main.TestCaseMain.startTestSuite(TestCaseMain.java:149)
	at com.kms.katalon.core.main.TestCaseMain$startTestSuite$0.call(Unknown Source)
	at TempTestSuite1548215797467.run(TempTestSuite1548215797467.groovy:36)
"/>
         <system-out><![CDATA[2019-01-22 22:04:47 - [TEST_CASE][FAILED] - Test Cases/UI/Employee/Report Manager/Schedule Reports/Schedule Reports - Validate fields presence: Test Cases/UI/Employee/Report Manager/Schedule Reports/Schedule Reports - Validate fields presence FAILED.
Reason:
com.kms.katalon.core.exception.StepFailedException: Unable to click on object 'Object Repository/UI/Employee/Report Manager/span_Report Management Menu' (Root cause: com.kms.katalon.core.webui.exception.BrowserNotOpenedException: Browser is not opened
Build info: version: '3.7.1', revision: '8a0099a', time: '2017-11-06T21:07:36.161Z'
System info: host: 'TDG-MBL-MTY0359', ip: '192.168.1.97', os.name: 'Windows 10', os.arch: 'amd64', os.version: '10.0', java.version: '1.8.0_181'
Driver info: driver.version: unknown)
	at com.kms.katalon.core.keyword.internal.KeywordMain.stepFailed(KeywordMain.groovy:36)
	at com.kms.katalon.core.webui.keyword.internal.WebUIKeywordMain.stepFailed(WebUIKeywordMain.groovy:65)
	at com.kms.katalon.core.webui.keyword.internal.WebUIKeywordMain.runKeyword(WebUIKeywordMain.groovy:27)
	at com.kms.katalon.core.webui.keyword.builtin.ClickKeyword.click(ClickKeyword.groovy:86)
	at com.kms.katalon.core.webui.keyword.builtin.ClickKeyword.execute(ClickKeyword.groovy:67)
	at com.kms.katalon.core.keyword.internal.KeywordExecutor.executeKeywordForPlatform(KeywordExecutor.groovy:53)
	at com.kms.katalon.core.webui.keyword.WebUiBuiltInKeywords.click(WebUiBuiltInKeywords.groovy:616)
	at com.kms.katalon.core.webui.keyword.WebUiBuiltInKeywords$click$5.call(Unknown Source)
	at Schedule Reports - Validate fields presence.run(Schedule Reports - Validate fields presence:16)
	at com.kms.katalon.core.main.ScriptEngine.run(ScriptEngine.java:194)
	at com.kms.katalon.core.main.ScriptEngine.runScriptAsRawText(ScriptEngine.java:119)
	at com.kms.katalon.core.main.TestCaseExecutor.runScript(TestCaseExecutor.java:328)
	at com.kms.katalon.core.main.TestCaseExecutor.doExecute(TestCaseExecutor.java:319)
	at com.kms.katalon.core.main.TestCaseExecutor.processExecutionPhase(TestCaseExecutor.java:298)
	at com.kms.katalon.core.main.TestCaseExecutor.accessMainPhase(TestCaseExecutor.java:290)
	at com.kms.katalon.core.main.TestCaseExecutor.execute(TestCaseExecutor.java:224)
	at com.kms.katalon.core.main.TestSuiteExecutor.accessTestCaseMainPhase(TestSuiteExecutor.java:129)
	at com.kms.katalon.core.main.TestSuiteExecutor.accessTestSuiteMainPhase(TestSuiteExecutor.java:112)
	at com.kms.katalon.core.main.TestSuiteExecutor.execute(TestSuiteExecutor.java:81)
	at com.kms.katalon.core.main.TestCaseMain.startTestSuite(TestCaseMain.java:149)
	at com.kms.katalon.core.main.TestCaseMain$startTestSuite$0.call(Unknown Source)
	at TempTestSuite1548215797467.run(TempTestSuite1548215797467.groovy:36)


2019-01-22 22:04:48 - [TEST_STEP][FAILED] - click(findTestObject("UI/Employee/Report Manager/span_Report Management Menu")): click(findTestObject("UI/Employee/Report Manager/span_Report Management Menu")) FAILED.
Reason:
com.kms.katalon.core.exception.StepFailedException: Unable to click on object 'Object Repository/UI/Employee/Report Manager/span_Report Management Menu' (Root cause: com.kms.katalon.core.webui.exception.BrowserNotOpenedException: Browser is not opened
Build info: version: '3.7.1', revision: '8a0099a', time: '2017-11-06T21:07:36.161Z'
System info: host: 'TDG-MBL-MTY0359', ip: '192.168.1.97', os.name: 'Windows 10', os.arch: 'amd64', os.version: '10.0', java.version: '1.8.0_181'
Driver info: driver.version: unknown)
	at com.kms.katalon.core.keyword.internal.KeywordMain.stepFailed(KeywordMain.groovy:36)
	at com.kms.katalon.core.webui.keyword.internal.WebUIKeywordMain.stepFailed(WebUIKeywordMain.groovy:65)
	at com.kms.katalon.core.webui.keyword.internal.WebUIKeywordMain.runKeyword(WebUIKeywordMain.groovy:27)
	at com.kms.katalon.core.webui.keyword.builtin.ClickKeyword.click(ClickKeyword.groovy:86)
	at com.kms.katalon.core.webui.keyword.builtin.ClickKeyword.execute(ClickKeyword.groovy:67)
	at com.kms.katalon.core.keyword.internal.KeywordExecutor.executeKeywordForPlatform(KeywordExecutor.groovy:53)
	at com.kms.katalon.core.webui.keyword.WebUiBuiltInKeywords.click(WebUiBuiltInKeywords.groovy:616)
	at com.kms.katalon.core.webui.keyword.WebUiBuiltInKeywords$click$5.call(Unknown Source)
	at Schedule Reports - Validate fields presence.run(Schedule Reports - Validate fields presence:16)
	at com.kms.katalon.core.main.ScriptEngine.run(ScriptEngine.java:194)
	at com.kms.katalon.core.main.ScriptEngine.runScriptAsRawText(ScriptEngine.java:119)
	at com.kms.katalon.core.main.TestCaseExecutor.runScript(TestCaseExecutor.java:328)
	at com.kms.katalon.core.main.TestCaseExecutor.doExecute(TestCaseExecutor.java:319)
	at com.kms.katalon.core.main.TestCaseExecutor.processExecutionPhase(TestCaseExecutor.java:298)
	at com.kms.katalon.core.main.TestCaseExecutor.accessMainPhase(TestCaseExecutor.java:290)
	at com.kms.katalon.core.main.TestCaseExecutor.execute(TestCaseExecutor.java:224)
	at com.kms.katalon.core.main.TestSuiteExecutor.accessTestCaseMainPhase(TestSuiteExecutor.java:129)
	at com.kms.katalon.core.main.TestSuiteExecutor.accessTestSuiteMainPhase(TestSuiteExecutor.java:112)
	at com.kms.katalon.core.main.TestSuiteExecutor.execute(TestSuiteExecutor.java:81)
	at com.kms.katalon.core.main.TestCaseMain.startTestSuite(TestCaseMain.java:149)
	at com.kms.katalon.core.main.TestCaseMain$startTestSuite$0.call(Unknown Source)
	at TempTestSuite1548215797467.run(TempTestSuite1548215797467.groovy:36)


2019-01-22 22:04:48 - [MESSAGE][WARNING] - Cannot take screenshot

2019-01-22 22:04:48 - [MESSAGE][FAILED] - Unable to click on object 'Object Repository/UI/Employee/Report Manager/span_Report Management Menu' (Root cause: com.kms.katalon.core.webui.exception.BrowserNotOpenedException: Browser is not opened
Build info: version: '3.7.1', revision: '8a0099a', time: '2017-11-06T21:07:36.161Z'
System info: host: 'TDG-MBL-MTY0359', ip: '192.168.1.97', os.name: 'Windows 10', os.arch: 'amd64', os.version: '10.0', java.version: '1.8.0_181'
Driver info: driver.version: unknown)

2019-01-22 22:04:48 - [MESSAGE][FAILED] - click(findTestObject("UI/Employee/Report Manager/span_Report Management Menu")) FAILED.
Reason:
com.kms.katalon.core.exception.StepFailedException: Unable to click on object 'Object Repository/UI/Employee/Report Manager/span_Report Management Menu' (Root cause: com.kms.katalon.core.webui.exception.BrowserNotOpenedException: Browser is not opened
Build info: version: '3.7.1', revision: '8a0099a', time: '2017-11-06T21:07:36.161Z'
System info: host: 'TDG-MBL-MTY0359', ip: '192.168.1.97', os.name: 'Windows 10', os.arch: 'amd64', os.version: '10.0', java.version: '1.8.0_181'
Driver info: driver.version: unknown)
	at com.kms.katalon.core.keyword.internal.KeywordMain.stepFailed(KeywordMain.groovy:36)
	at com.kms.katalon.core.webui.keyword.internal.WebUIKeywordMain.stepFailed(WebUIKeywordMain.groovy:65)
	at com.kms.katalon.core.webui.keyword.internal.WebUIKeywordMain.runKeyword(WebUIKeywordMain.groovy:27)
	at com.kms.katalon.core.webui.keyword.builtin.ClickKeyword.click(ClickKeyword.groovy:86)
	at com.kms.katalon.core.webui.keyword.builtin.ClickKeyword.execute(ClickKeyword.groovy:67)
	at com.kms.katalon.core.keyword.internal.KeywordExecutor.executeKeywordForPlatform(KeywordExecutor.groovy:53)
	at com.kms.katalon.core.webui.keyword.WebUiBuiltInKeywords.click(WebUiBuiltInKeywords.groovy:616)
	at com.kms.katalon.core.webui.keyword.WebUiBuiltInKeywords$click$5.call(Unknown Source)
	at Schedule Reports - Validate fields presence.run(Schedule Reports - Validate fields presence:16)
	at com.kms.katalon.core.main.ScriptEngine.run(ScriptEngine.java:194)
	at com.kms.katalon.core.main.ScriptEngine.runScriptAsRawText(ScriptEngine.java:119)
	at com.kms.katalon.core.main.TestCaseExecutor.runScript(TestCaseExecutor.java:328)
	at com.kms.katalon.core.main.TestCaseExecutor.doExecute(TestCaseExecutor.java:319)
	at com.kms.katalon.core.main.TestCaseExecutor.processExecutionPhase(TestCaseExecutor.java:298)
	at com.kms.katalon.core.main.TestCaseExecutor.accessMainPhase(TestCaseExecutor.java:290)
	at com.kms.katalon.core.main.TestCaseExecutor.execute(TestCaseExecutor.java:224)
	at com.kms.katalon.core.main.TestSuiteExecutor.accessTestCaseMainPhase(TestSuiteExecutor.java:129)
	at com.kms.katalon.core.main.TestSuiteExecutor.accessTestSuiteMainPhase(TestSuiteExecutor.java:112)
	at com.kms.katalon.core.main.TestSuiteExecutor.execute(TestSuiteExecutor.java:81)
	at com.kms.katalon.core.main.TestCaseMain.startTestSuite(TestCaseMain.java:149)
	at com.kms.katalon.core.main.TestCaseMain$startTestSuite$0.call(Unknown Source)
	at TempTestSuite1548215797467.run(TempTestSuite1548215797467.groovy:36)]]></system-out>
         <system-err><![CDATA[2019-01-22 22:04:47 - [TEST_CASE][FAILED] - Test Cases/UI/Employee/Report Manager/Schedule Reports/Schedule Reports - Validate fields presence: Test Cases/UI/Employee/Report Manager/Schedule Reports/Schedule Reports - Validate fields presence FAILED.
Reason:
com.kms.katalon.core.exception.StepFailedException: Unable to click on object 'Object Repository/UI/Employee/Report Manager/span_Report Management Menu' (Root cause: com.kms.katalon.core.webui.exception.BrowserNotOpenedException: Browser is not opened
Build info: version: '3.7.1', revision: '8a0099a', time: '2017-11-06T21:07:36.161Z'
System info: host: 'TDG-MBL-MTY0359', ip: '192.168.1.97', os.name: 'Windows 10', os.arch: 'amd64', os.version: '10.0', java.version: '1.8.0_181'
Driver info: driver.version: unknown)
	at com.kms.katalon.core.keyword.internal.KeywordMain.stepFailed(KeywordMain.groovy:36)
	at com.kms.katalon.core.webui.keyword.internal.WebUIKeywordMain.stepFailed(WebUIKeywordMain.groovy:65)
	at com.kms.katalon.core.webui.keyword.internal.WebUIKeywordMain.runKeyword(WebUIKeywordMain.groovy:27)
	at com.kms.katalon.core.webui.keyword.builtin.ClickKeyword.click(ClickKeyword.groovy:86)
	at com.kms.katalon.core.webui.keyword.builtin.ClickKeyword.execute(ClickKeyword.groovy:67)
	at com.kms.katalon.core.keyword.internal.KeywordExecutor.executeKeywordForPlatform(KeywordExecutor.groovy:53)
	at com.kms.katalon.core.webui.keyword.WebUiBuiltInKeywords.click(WebUiBuiltInKeywords.groovy:616)
	at com.kms.katalon.core.webui.keyword.WebUiBuiltInKeywords$click$5.call(Unknown Source)
	at Schedule Reports - Validate fields presence.run(Schedule Reports - Validate fields presence:16)
	at com.kms.katalon.core.main.ScriptEngine.run(ScriptEngine.java:194)
	at com.kms.katalon.core.main.ScriptEngine.runScriptAsRawText(ScriptEngine.java:119)
	at com.kms.katalon.core.main.TestCaseExecutor.runScript(TestCaseExecutor.java:328)
	at com.kms.katalon.core.main.TestCaseExecutor.doExecute(TestCaseExecutor.java:319)
	at com.kms.katalon.core.main.TestCaseExecutor.processExecutionPhase(TestCaseExecutor.java:298)
	at com.kms.katalon.core.main.TestCaseExecutor.accessMainPhase(TestCaseExecutor.java:290)
	at com.kms.katalon.core.main.TestCaseExecutor.execute(TestCaseExecutor.java:224)
	at com.kms.katalon.core.main.TestSuiteExecutor.accessTestCaseMainPhase(TestSuiteExecutor.java:129)
	at com.kms.katalon.core.main.TestSuiteExecutor.accessTestSuiteMainPhase(TestSuiteExecutor.java:112)
	at com.kms.katalon.core.main.TestSuiteExecutor.execute(TestSuiteExecutor.java:81)
	at com.kms.katalon.core.main.TestCaseMain.startTestSuite(TestCaseMain.java:149)
	at com.kms.katalon.core.main.TestCaseMain$startTestSuite$0.call(Unknown Source)
	at TempTestSuite1548215797467.run(TempTestSuite1548215797467.groovy:36)]]></system-err>
      </testcase>
      <testcase name="Test Cases/UI/Employee/Users Editor/Create an AMPS user" classname="Test Cases/UI/Employee/Users Editor/Create an AMPS user" status="PASSED">
         <system-out><![CDATA[2019-01-22 22:04:48 - [TEST_CASE][PASSED] - Test Cases/UI/Employee/Users Editor/Create an AMPS user: Test Cases/UI/Employee/Users Editor/Create an AMPS user

2019-01-22 22:04:48 - [TEST_STEP][PASSED] - callTestCase(findTestCase("UI/General/AdminLogin"), [:], STOP_ON_FAILURE): Call Test Case 'Test Cases/UI/General/AdminLogin' successfully

2019-01-22 22:04:48 - [TEST_CASE][PASSED] - Test Cases/UI/General/AdminLogin: Test Cases/UI/General/AdminLogin

2019-01-22 22:04:48 - [TEST_STEP][PASSED] - openBrowser(""): Browser is opened with url: ''

2019-01-22 22:04:48 - [MESSAGE][INFO] - Starting 'Chrome' driver

2019-01-22 22:04:50 - [MESSAGE][PASSED] - Browser is opened with url: ''

2019-01-22 22:04:50 - [TEST_STEP][PASSED] - maximizeWindow(): Current window maximized

2019-01-22 22:04:51 - [MESSAGE][PASSED] - Current window maximized

2019-01-22 22:04:51 - [TEST_STEP][PASSED] - navigateToUrl(Url): Navigate to 'https://uat.advancedpricing.com/' successfully

2019-01-22 22:04:53 - [MESSAGE][PASSED] - Navigate to 'https://uat.advancedpricing.com/' successfully

2019-01-22 22:04:53 - [TEST_STEP][PASSED] - setText(findTestObject("UI/General/Page_LoginPage/input_User"), UserName): Text 'qaAuto' is set on object 'Object Repository/UI/General/Page_LoginPage/input_User'

2019-01-22 22:04:53 - [MESSAGE][PASSED] - Text 'qaAuto' is set on object 'Object Repository/UI/General/Page_LoginPage/input_User'

2019-01-22 22:04:53 - [TEST_STEP][PASSED] - setText(findTestObject("UI/General/Page_LoginPage/input_Password"), Password): Text 'a9yk100dD' is set on object 'Object Repository/UI/General/Page_LoginPage/input_Password'

2019-01-22 22:04:53 - [MESSAGE][PASSED] - Text 'a9yk100dD' is set on object 'Object Repository/UI/General/Page_LoginPage/input_Password'

2019-01-22 22:04:53 - [TEST_STEP][PASSED] - click(findTestObject("UI/General/Page_LoginPage/button_Login")): Object: 'Object Repository/UI/General/Page_LoginPage/button_Login' is clicked on

2019-01-22 22:04:53 - [MESSAGE][PASSED] - Object: 'Object Repository/UI/General/Page_LoginPage/button_Login' is clicked on

2019-01-22 22:04:53 - [MESSAGE][PASSED] - Call Test Case 'Test Cases/UI/General/AdminLogin' successfully

2019-01-22 22:04:53 - [TEST_STEP][PASSED] - click(findTestObject("UI/Employee/user detail/Create new User/Page_AMPS Portal/span_Users")): Object: 'Object Repository/UI/Employee/user detail/Create new User/Page_AMPS Portal/span_Users' is clicked on

2019-01-22 22:04:54 - [MESSAGE][PASSED] - Object: 'Object Repository/UI/Employee/user detail/Create new User/Page_AMPS Portal/span_Users' is clicked on

2019-01-22 22:04:54 - [TEST_STEP][PASSED] - verifyElementClickable(findTestObject("UI/Employee/user detail/Create new User/Page_AMPS Portal/a_Create New User")): Object 'Object Repository/UI/Employee/user detail/Create new User/Page_AMPS Portal/a_Create New User' is clickable

2019-01-22 22:04:54 - [MESSAGE][PASSED] - Object 'Object Repository/UI/Employee/user detail/Create new User/Page_AMPS Portal/a_Create New User' is clickable

2019-01-22 22:04:54 - [TEST_STEP][PASSED] - click(findTestObject("UI/Employee/user detail/Create new User/Page_AMPS Portal/a_Create New User")): Object: 'Object Repository/UI/Employee/user detail/Create new User/Page_AMPS Portal/a_Create New User' is clicked on

2019-01-22 22:04:54 - [MESSAGE][PASSED] - Object: 'Object Repository/UI/Employee/user detail/Create new User/Page_AMPS Portal/a_Create New User' is clicked on

2019-01-22 22:04:54 - [TEST_STEP][PASSED] - delay(5): Delayed 5 second(s)

2019-01-22 22:04:59 - [MESSAGE][PASSED] - Delayed 5 second(s)

2019-01-22 22:04:59 - [TEST_STEP][PASSED] - click(findTestObject("UI/Employee/user detail/Create new User/Page_AMPS Portal/span_customer_Select-arrow")): Object: 'Object Repository/UI/Employee/user detail/Create new User/Page_AMPS Portal/span_customer_Select-arrow' is clicked on

2019-01-22 22:05:00 - [MESSAGE][PASSED] - Object: 'Object Repository/UI/Employee/user detail/Create new User/Page_AMPS Portal/span_customer_Select-arrow' is clicked on

2019-01-22 22:05:00 - [TEST_STEP][PASSED] - click(findTestObject("UI/Employee/user detail/Create new User/Page_AMPS Portal/Selector_account_Type_option3")): Object: 'Object Repository/UI/Employee/user detail/Create new User/Page_AMPS Portal/Selector_account_Type_option3' is clicked on

2019-01-22 22:05:00 - [MESSAGE][PASSED] - Object: 'Object Repository/UI/Employee/user detail/Create new User/Page_AMPS Portal/Selector_account_Type_option3' is clicked on

2019-01-22 22:05:00 - [TEST_STEP][PASSED] - delay(3): Delayed 3 second(s)

2019-01-22 22:05:03 - [MESSAGE][PASSED] - Delayed 3 second(s)

2019-01-22 22:05:03 - [TEST_STEP][PASSED] - click(findTestObject("UI/Employee/user detail/Create new User/Page_AMPS Portal/span_Select..._Select-arrow")): Object: 'Object Repository/UI/Employee/user detail/Create new User/Page_AMPS Portal/span_Select..._Select-arrow' is clicked on

2019-01-22 22:05:03 - [MESSAGE][PASSED] - Object: 'Object Repository/UI/Employee/user detail/Create new User/Page_AMPS Portal/span_Select..._Select-arrow' is clicked on

2019-01-22 22:05:03 - [TEST_STEP][PASSED] - sendKeys(findTestObject("UI/Employee/user detail/Create new User/Page_AMPS Portal/INPUT_dropdown_Role"), "admin"): Keys 'admin' sent to object: 'Object Repository/UI/Employee/user detail/Create new User/Page_AMPS Portal/INPUT_dropdown_Role'

2019-01-22 22:05:03 - [MESSAGE][PASSED] - Keys 'admin' sent to object: 'Object Repository/UI/Employee/user detail/Create new User/Page_AMPS Portal/INPUT_dropdown_Role'

2019-01-22 22:05:03 - [TEST_STEP][PASSED] - click(findTestObject("UI/Employee/user detail/Create new User/Page_AMPS Portal/Selector_Role_Always_Option1")): Object: 'Object Repository/UI/Employee/user detail/Create new User/Page_AMPS Portal/Selector_Role_Always_Option1' is clicked on

2019-01-22 22:05:03 - [MESSAGE][PASSED] - Object: 'Object Repository/UI/Employee/user detail/Create new User/Page_AMPS Portal/Selector_Role_Always_Option1' is clicked on

2019-01-22 22:05:03 - [TEST_STEP][PASSED] - click(findTestObject("UI/Employee/user detail/Create new User/Page_AMPS Portal/div_Select...")): Object: 'Object Repository/UI/Employee/user detail/Create new User/Page_AMPS Portal/div_Select...' is clicked on

2019-01-22 22:05:03 - [MESSAGE][PASSED] - Object: 'Object Repository/UI/Employee/user detail/Create new User/Page_AMPS Portal/div_Select...' is clicked on

2019-01-22 22:05:03 - [TEST_STEP][PASSED] - delay(2): Delayed 2 second(s)

2019-01-22 22:05:05 - [MESSAGE][PASSED] - Delayed 2 second(s)

2019-01-22 22:05:05 - [TEST_STEP][PASSED] - setText(findTestObject("UI/Employee/user detail/Create new User/Page_AMPS Portal/input_User Code_code"), "TestAdmin"): Text 'TestAdmin' is set on object 'Object Repository/UI/Employee/user detail/Create new User/Page_AMPS Portal/input_User Code_code'

2019-01-22 22:05:06 - [MESSAGE][PASSED] - Text 'TestAdmin' is set on object 'Object Repository/UI/Employee/user detail/Create new User/Page_AMPS Portal/input_User Code_code'

2019-01-22 22:05:06 - [TEST_STEP][PASSED] - setText(findTestObject("UI/Employee/user detail/Create new User/Page_AMPS Portal/input_Email_email"), "Howartz@amps.com"): Text 'Howartz@amps.com' is set on object 'Object Repository/UI/Employee/user detail/Create new User/Page_AMPS Portal/input_Email_email'

2019-01-22 22:05:06 - [MESSAGE][PASSED] - Text 'Howartz@amps.com' is set on object 'Object Repository/UI/Employee/user detail/Create new User/Page_AMPS Portal/input_Email_email'

2019-01-22 22:05:06 - [TEST_STEP][PASSED] - setText(findTestObject("UI/Employee/user detail/Create new User/Page_AMPS Portal/input_First Name_firstName"), "Stephen"): Text 'Stephen' is set on object 'Object Repository/UI/Employee/user detail/Create new User/Page_AMPS Portal/input_First Name_firstName'

2019-01-22 22:05:06 - [MESSAGE][PASSED] - Text 'Stephen' is set on object 'Object Repository/UI/Employee/user detail/Create new User/Page_AMPS Portal/input_First Name_firstName'

2019-01-22 22:05:06 - [TEST_STEP][PASSED] - setText(findTestObject("UI/Employee/user detail/Create new User/Page_AMPS Portal/input_Last Name_lastName"), "Howart"): Text 'Howart' is set on object 'Object Repository/UI/Employee/user detail/Create new User/Page_AMPS Portal/input_Last Name_lastName'

2019-01-22 22:05:07 - [MESSAGE][PASSED] - Text 'Howart' is set on object 'Object Repository/UI/Employee/user detail/Create new User/Page_AMPS Portal/input_Last Name_lastName'

2019-01-22 22:05:07 - [TEST_STEP][PASSED] - delay(2): Delayed 2 second(s)

2019-01-22 22:05:09 - [MESSAGE][PASSED] - Delayed 2 second(s)

2019-01-22 22:05:09 - [TEST_STEP][PASSED] - click(findTestObject("UI/Employee/user detail/Create new User/Page_AMPS Portal/a_Access")): Object: 'Object Repository/UI/Employee/user detail/Create new User/Page_AMPS Portal/a_Access' is clicked on

2019-01-22 22:05:09 - [MESSAGE][PASSED] - Object: 'Object Repository/UI/Employee/user detail/Create new User/Page_AMPS Portal/a_Access' is clicked on

2019-01-22 22:05:09 - [TEST_STEP][PASSED] - click(findTestObject("UI/Employee/user detail/Create new User/Page_AMPS Portal/span_All Groups")): Object: 'Object Repository/UI/Employee/user detail/Create new User/Page_AMPS Portal/span_All Groups' is clicked on

2019-01-22 22:05:09 - [MESSAGE][PASSED] - Object: 'Object Repository/UI/Employee/user detail/Create new User/Page_AMPS Portal/span_All Groups' is clicked on

2019-01-22 22:05:09 - [TEST_STEP][PASSED] - click(findTestObject("UI/Employee/user detail/Create new User/Page_AMPS Portal/a_")): Object: 'Object Repository/UI/Employee/user detail/Create new User/Page_AMPS Portal/a_' is clicked on

2019-01-22 22:05:09 - [MESSAGE][PASSED] - Object: 'Object Repository/UI/Employee/user detail/Create new User/Page_AMPS Portal/a_' is clicked on

2019-01-22 22:05:09 - [TEST_STEP][PASSED] - delay(2): Delayed 2 second(s)

2019-01-22 22:05:11 - [MESSAGE][PASSED] - Delayed 2 second(s)

2019-01-22 22:05:11 - [TEST_STEP][PASSED] - click(findTestObject("UI/Employee/user detail/Create new User/Page_AMPS Portal/a_Permissions")): Object: 'Object Repository/UI/Employee/user detail/Create new User/Page_AMPS Portal/a_Permissions' is clicked on

2019-01-22 22:05:11 - [MESSAGE][PASSED] - Object: 'Object Repository/UI/Employee/user detail/Create new User/Page_AMPS Portal/a_Permissions' is clicked on

2019-01-22 22:05:11 - [TEST_STEP][PASSED] - setText(findTestObject("UI/Employee/user detail/Create new User/Page_AMPS Portal/input_All Groups_form-control"), "user"): Text 'user' is set on object 'Object Repository/UI/Employee/user detail/Create new User/Page_AMPS Portal/input_All Groups_form-control'

2019-01-22 22:05:11 - [MESSAGE][PASSED] - Text 'user' is set on object 'Object Repository/UI/Employee/user detail/Create new User/Page_AMPS Portal/input_All Groups_form-control'

2019-01-22 22:05:11 - [TEST_STEP][PASSED] - click(findTestObject("UI/Employee/user detail/Create new User/Page_AMPS Portal/input_Description_permissions5")): Object: 'Object Repository/UI/Employee/user detail/Create new User/Page_AMPS Portal/input_Description_permissions5' is clicked on

2019-01-22 22:05:11 - [MESSAGE][PASSED] - Object: 'Object Repository/UI/Employee/user detail/Create new User/Page_AMPS Portal/input_Description_permissions5' is clicked on

2019-01-22 22:05:11 - [TEST_STEP][PASSED] - delay(2): Delayed 2 second(s)

2019-01-22 22:05:13 - [MESSAGE][PASSED] - Delayed 2 second(s)

2019-01-22 22:05:13 - [TEST_STEP][PASSED] - closeBrowser(): Browser is closed

2019-01-22 22:05:14 - [MESSAGE][PASSED] - Browser is closed]]></system-out>
         <system-err><![CDATA[]]></system-err>
      </testcase>
      <testcase name="Test Cases/UI/Employee/Users Editor/Create not an AMPS user normal customer" classname="Test Cases/UI/Employee/Users Editor/Create not an AMPS user normal customer" status="PASSED">
         <system-out><![CDATA[2019-01-22 22:05:14 - [TEST_CASE][PASSED] - Test Cases/UI/Employee/Users Editor/Create not an AMPS user normal customer: Test Cases/UI/Employee/Users Editor/Create not an AMPS user normal customer

2019-01-22 22:05:14 - [TEST_STEP][PASSED] - callTestCase(findTestCase("UI/General/AdminLogin"), [:], STOP_ON_FAILURE): Call Test Case 'Test Cases/UI/General/AdminLogin' successfully

2019-01-22 22:05:14 - [TEST_CASE][PASSED] - Test Cases/UI/General/AdminLogin: Test Cases/UI/General/AdminLogin

2019-01-22 22:05:14 - [TEST_STEP][PASSED] - openBrowser(""): Browser is opened with url: ''

2019-01-22 22:05:14 - [MESSAGE][INFO] - Starting 'Chrome' driver

2019-01-22 22:05:16 - [MESSAGE][PASSED] - Browser is opened with url: ''

2019-01-22 22:05:16 - [TEST_STEP][PASSED] - maximizeWindow(): Current window maximized

2019-01-22 22:05:17 - [MESSAGE][PASSED] - Current window maximized

2019-01-22 22:05:17 - [TEST_STEP][PASSED] - navigateToUrl(Url): Navigate to 'https://uat.advancedpricing.com/' successfully

2019-01-22 22:05:19 - [MESSAGE][PASSED] - Navigate to 'https://uat.advancedpricing.com/' successfully

2019-01-22 22:05:19 - [TEST_STEP][PASSED] - setText(findTestObject("UI/General/Page_LoginPage/input_User"), UserName): Text 'qaAuto' is set on object 'Object Repository/UI/General/Page_LoginPage/input_User'

2019-01-22 22:05:19 - [MESSAGE][PASSED] - Text 'qaAuto' is set on object 'Object Repository/UI/General/Page_LoginPage/input_User'

2019-01-22 22:05:19 - [TEST_STEP][PASSED] - setText(findTestObject("UI/General/Page_LoginPage/input_Password"), Password): Text 'a9yk100dD' is set on object 'Object Repository/UI/General/Page_LoginPage/input_Password'

2019-01-22 22:05:19 - [MESSAGE][PASSED] - Text 'a9yk100dD' is set on object 'Object Repository/UI/General/Page_LoginPage/input_Password'

2019-01-22 22:05:19 - [TEST_STEP][PASSED] - click(findTestObject("UI/General/Page_LoginPage/button_Login")): Object: 'Object Repository/UI/General/Page_LoginPage/button_Login' is clicked on

2019-01-22 22:05:19 - [MESSAGE][PASSED] - Object: 'Object Repository/UI/General/Page_LoginPage/button_Login' is clicked on

2019-01-22 22:05:19 - [MESSAGE][PASSED] - Call Test Case 'Test Cases/UI/General/AdminLogin' successfully

2019-01-22 22:05:19 - [TEST_STEP][PASSED] - click(findTestObject("UI/Employee/user detail/Create new User/Page_AMPS Portal/span_Users")): Object: 'Object Repository/UI/Employee/user detail/Create new User/Page_AMPS Portal/span_Users' is clicked on

2019-01-22 22:05:20 - [MESSAGE][PASSED] - Object: 'Object Repository/UI/Employee/user detail/Create new User/Page_AMPS Portal/span_Users' is clicked on

2019-01-22 22:05:20 - [TEST_STEP][PASSED] - verifyElementClickable(findTestObject("UI/Employee/user detail/Create new User/Page_AMPS Portal/a_Create New User")): Object 'Object Repository/UI/Employee/user detail/Create new User/Page_AMPS Portal/a_Create New User' is clickable

2019-01-22 22:05:20 - [MESSAGE][PASSED] - Object 'Object Repository/UI/Employee/user detail/Create new User/Page_AMPS Portal/a_Create New User' is clickable

2019-01-22 22:05:20 - [TEST_STEP][PASSED] - click(findTestObject("UI/Employee/user detail/Create new User/Page_AMPS Portal/a_Create New User")): Object: 'Object Repository/UI/Employee/user detail/Create new User/Page_AMPS Portal/a_Create New User' is clicked on

2019-01-22 22:05:21 - [MESSAGE][PASSED] - Object: 'Object Repository/UI/Employee/user detail/Create new User/Page_AMPS Portal/a_Create New User' is clicked on

2019-01-22 22:05:21 - [TEST_STEP][PASSED] - delay(5): Delayed 5 second(s)

2019-01-22 22:05:26 - [MESSAGE][PASSED] - Delayed 5 second(s)

2019-01-22 22:05:26 - [TEST_STEP][PASSED] - click(findTestObject("UI/Employee/user detail/Create new User/Page_AMPS Portal/span_customer_Select-arrow")): Object: 'Object Repository/UI/Employee/user detail/Create new User/Page_AMPS Portal/span_customer_Select-arrow' is clicked on

2019-01-22 22:05:26 - [MESSAGE][PASSED] - Object: 'Object Repository/UI/Employee/user detail/Create new User/Page_AMPS Portal/span_customer_Select-arrow' is clicked on

2019-01-22 22:05:26 - [TEST_STEP][PASSED] - delay(2): Delayed 2 second(s)

2019-01-22 22:05:28 - [MESSAGE][PASSED] - Delayed 2 second(s)

2019-01-22 22:05:28 - [TEST_STEP][PASSED] - sendKeys(findTestObject(null), Keys.chord(ARROW_DOWN)): Keys 'DOWN + ' sent to object: 'tempBody'

2019-01-22 22:05:28 - [MESSAGE][WARNING] - Test object id is null

2019-01-22 22:05:28 - [MESSAGE][WARNING] - Test object with id 'Object Repository/' does not exist

2019-01-22 22:05:28 - [MESSAGE][PASSED] - Keys 'DOWN + ' sent to object: 'tempBody'

2019-01-22 22:05:28 - [TEST_STEP][PASSED] - delay(2): Delayed 2 second(s)

2019-01-22 22:05:30 - [MESSAGE][PASSED] - Delayed 2 second(s)

2019-01-22 22:05:30 - [TEST_STEP][PASSED] - sendKeys(findTestObject(null), Keys.chord(ENTER)): Keys 'ENTER + ' sent to object: 'tempBody'

2019-01-22 22:05:30 - [MESSAGE][WARNING] - Test object id is null

2019-01-22 22:05:30 - [MESSAGE][WARNING] - Test object with id 'Object Repository/' does not exist

2019-01-22 22:05:30 - [MESSAGE][PASSED] - Keys 'ENTER + ' sent to object: 'tempBody'

2019-01-22 22:05:30 - [TEST_STEP][PASSED] - delay(3): Delayed 3 second(s)

2019-01-22 22:05:33 - [MESSAGE][PASSED] - Delayed 3 second(s)

2019-01-22 22:05:33 - [TEST_STEP][PASSED] - click(findTestObject("UI/Employee/user detail/Create new User/Page_AMPS Portal/span_Select..._Select-arrow")): Object: 'Object Repository/UI/Employee/user detail/Create new User/Page_AMPS Portal/span_Select..._Select-arrow' is clicked on

2019-01-22 22:05:33 - [MESSAGE][PASSED] - Object: 'Object Repository/UI/Employee/user detail/Create new User/Page_AMPS Portal/span_Select..._Select-arrow' is clicked on

2019-01-22 22:05:33 - [TEST_STEP][PASSED] - sendKeys(findTestObject("UI/Employee/user detail/Create new User/Page_AMPS Portal/INPUT_dropdown_Role"), "ameriben"): Keys 'ameriben' sent to object: 'Object Repository/UI/Employee/user detail/Create new User/Page_AMPS Portal/INPUT_dropdown_Role'

2019-01-22 22:05:33 - [MESSAGE][PASSED] - Keys 'ameriben' sent to object: 'Object Repository/UI/Employee/user detail/Create new User/Page_AMPS Portal/INPUT_dropdown_Role'

2019-01-22 22:05:33 - [TEST_STEP][PASSED] - click(findTestObject("UI/Employee/user detail/Create new User/Page_AMPS Portal/Selector_Role_Always_Option1")): Object: 'Object Repository/UI/Employee/user detail/Create new User/Page_AMPS Portal/Selector_Role_Always_Option1' is clicked on

2019-01-22 22:05:34 - [MESSAGE][PASSED] - Object: 'Object Repository/UI/Employee/user detail/Create new User/Page_AMPS Portal/Selector_Role_Always_Option1' is clicked on

2019-01-22 22:05:34 - [TEST_STEP][PASSED] - delay(4): Delayed 4 second(s)

2019-01-22 22:05:38 - [MESSAGE][PASSED] - Delayed 4 second(s)

2019-01-22 22:05:38 - [TEST_STEP][PASSED] - setText(findTestObject("UI/Employee/user detail/Create new User/Page_AMPS Portal/input_User Code_code"), "TestAmer"): Text 'TestAmer' is set on object 'Object Repository/UI/Employee/user detail/Create new User/Page_AMPS Portal/input_User Code_code'

2019-01-22 22:05:38 - [MESSAGE][PASSED] - Text 'TestAmer' is set on object 'Object Repository/UI/Employee/user detail/Create new User/Page_AMPS Portal/input_User Code_code'

2019-01-22 22:05:38 - [TEST_STEP][PASSED] - setText(findTestObject("UI/Employee/user detail/Create new User/Page_AMPS Portal/input_Email_email"), "Mike@ameriben.com"): Text 'Mike@ameriben.com' is set on object 'Object Repository/UI/Employee/user detail/Create new User/Page_AMPS Portal/input_Email_email'

2019-01-22 22:05:38 - [MESSAGE][PASSED] - Text 'Mike@ameriben.com' is set on object 'Object Repository/UI/Employee/user detail/Create new User/Page_AMPS Portal/input_Email_email'

2019-01-22 22:05:38 - [TEST_STEP][PASSED] - setText(findTestObject("UI/Employee/user detail/Create new User/Page_AMPS Portal/input_First Name_firstName"), "Mike"): Text 'Mike' is set on object 'Object Repository/UI/Employee/user detail/Create new User/Page_AMPS Portal/input_First Name_firstName'

2019-01-22 22:05:38 - [MESSAGE][PASSED] - Text 'Mike' is set on object 'Object Repository/UI/Employee/user detail/Create new User/Page_AMPS Portal/input_First Name_firstName'

2019-01-22 22:05:38 - [TEST_STEP][PASSED] - setText(findTestObject("UI/Employee/user detail/Create new User/Page_AMPS Portal/input_Last Name_lastName"), "Woazosky"): Text 'Woazosky' is set on object 'Object Repository/UI/Employee/user detail/Create new User/Page_AMPS Portal/input_Last Name_lastName'

2019-01-22 22:05:39 - [MESSAGE][PASSED] - Text 'Woazosky' is set on object 'Object Repository/UI/Employee/user detail/Create new User/Page_AMPS Portal/input_Last Name_lastName'

2019-01-22 22:05:39 - [TEST_STEP][PASSED] - click(findTestObject("UI/Employee/user detail/Create new User/Page_AMPS Portal/a_Access")): Object: 'Object Repository/UI/Employee/user detail/Create new User/Page_AMPS Portal/a_Access' is clicked on

2019-01-22 22:05:39 - [MESSAGE][PASSED] - Object: 'Object Repository/UI/Employee/user detail/Create new User/Page_AMPS Portal/a_Access' is clicked on

2019-01-22 22:05:39 - [TEST_STEP][PASSED] - delay(5): Delayed 5 second(s)

2019-01-22 22:05:44 - [MESSAGE][PASSED] - Delayed 5 second(s)

2019-01-22 22:05:44 - [TEST_STEP][PASSED] - click(findTestObject("UI/Employee/user detail/Create new User/Page_AMPS Portal/span_All Groups")): Object: 'Object Repository/UI/Employee/user detail/Create new User/Page_AMPS Portal/span_All Groups' is clicked on

2019-01-22 22:05:44 - [MESSAGE][PASSED] - Object: 'Object Repository/UI/Employee/user detail/Create new User/Page_AMPS Portal/span_All Groups' is clicked on

2019-01-22 22:05:44 - [TEST_STEP][PASSED] - click(findTestObject("UI/Employee/user detail/Create new User/Page_AMPS Portal/a_")): Object: 'Object Repository/UI/Employee/user detail/Create new User/Page_AMPS Portal/a_' is clicked on

2019-01-22 22:05:44 - [MESSAGE][PASSED] - Object: 'Object Repository/UI/Employee/user detail/Create new User/Page_AMPS Portal/a_' is clicked on

2019-01-22 22:05:44 - [TEST_STEP][PASSED] - delay(5): Delayed 5 second(s)

2019-01-22 22:05:49 - [MESSAGE][PASSED] - Delayed 5 second(s)

2019-01-22 22:05:49 - [TEST_STEP][PASSED] - click(findTestObject("UI/Employee/user detail/Create new User/Page_AMPS Portal/a_Permissions")): Object: 'Object Repository/UI/Employee/user detail/Create new User/Page_AMPS Portal/a_Permissions' is clicked on

2019-01-22 22:05:49 - [MESSAGE][PASSED] - Object: 'Object Repository/UI/Employee/user detail/Create new User/Page_AMPS Portal/a_Permissions' is clicked on

2019-01-22 22:05:49 - [TEST_STEP][PASSED] - setText(findTestObject("UI/Employee/user detail/Create new User/Page_AMPS Portal/input_All Groups_form-control"), "user"): Text 'user' is set on object 'Object Repository/UI/Employee/user detail/Create new User/Page_AMPS Portal/input_All Groups_form-control'

2019-01-22 22:05:49 - [MESSAGE][PASSED] - Text 'user' is set on object 'Object Repository/UI/Employee/user detail/Create new User/Page_AMPS Portal/input_All Groups_form-control'

2019-01-22 22:05:49 - [TEST_STEP][PASSED] - click(findTestObject("UI/Employee/user detail/Create new User/Page_AMPS Portal/input_Description_permissions5")): Object: 'Object Repository/UI/Employee/user detail/Create new User/Page_AMPS Portal/input_Description_permissions5' is clicked on

2019-01-22 22:05:50 - [MESSAGE][PASSED] - Object: 'Object Repository/UI/Employee/user detail/Create new User/Page_AMPS Portal/input_Description_permissions5' is clicked on

2019-01-22 22:05:50 - [TEST_STEP][PASSED] - delay(2): Delayed 2 second(s)

2019-01-22 22:05:52 - [MESSAGE][PASSED] - Delayed 2 second(s)

2019-01-22 22:05:52 - [TEST_STEP][PASSED] - closeBrowser(): Browser is closed

2019-01-22 22:05:52 - [MESSAGE][PASSED] - Browser is closed]]></system-out>
         <system-err><![CDATA[]]></system-err>
      </testcase>
      <testcase name="Test Cases/UI/Employee/Users Editor/user can disable another user" classname="Test Cases/UI/Employee/Users Editor/user can disable another user" status="FAILED">
         <failure type="FAILED" message="Test Cases/UI/Employee/Users Editor/user can disable another user FAILED.
Reason:
com.kms.katalon.core.exception.StepFailedException: Unable to set text (Root cause: java.lang.IllegalArgumentException: Object is null)
	at com.kms.katalon.core.keyword.internal.KeywordMain.stepFailed(KeywordMain.groovy:36)
	at com.kms.katalon.core.webui.keyword.internal.WebUIKeywordMain.stepFailed(WebUIKeywordMain.groovy:65)
	at com.kms.katalon.core.webui.keyword.internal.WebUIKeywordMain.runKeyword(WebUIKeywordMain.groovy:27)
	at com.kms.katalon.core.webui.keyword.builtin.SetTextKeyword.setText(SetTextKeyword.groovy:65)
	at com.kms.katalon.core.webui.keyword.builtin.SetTextKeyword.execute(SetTextKeyword.groovy:37)
	at com.kms.katalon.core.keyword.internal.KeywordExecutor.executeKeywordForPlatform(KeywordExecutor.groovy:53)
	at com.kms.katalon.core.webui.keyword.WebUiBuiltInKeywords.setText(WebUiBuiltInKeywords.groovy:950)
	at com.kms.katalon.core.webui.keyword.WebUiBuiltInKeywords$setText$3.call(Unknown Source)
	at user can disable another user.run(user can disable another user:22)
	at com.kms.katalon.core.main.ScriptEngine.run(ScriptEngine.java:194)
	at com.kms.katalon.core.main.ScriptEngine.runScriptAsRawText(ScriptEngine.java:119)
	at com.kms.katalon.core.main.TestCaseExecutor.runScript(TestCaseExecutor.java:328)
	at com.kms.katalon.core.main.TestCaseExecutor.doExecute(TestCaseExecutor.java:319)
	at com.kms.katalon.core.main.TestCaseExecutor.processExecutionPhase(TestCaseExecutor.java:298)
	at com.kms.katalon.core.main.TestCaseExecutor.accessMainPhase(TestCaseExecutor.java:290)
	at com.kms.katalon.core.main.TestCaseExecutor.execute(TestCaseExecutor.java:224)
	at com.kms.katalon.core.main.TestSuiteExecutor.accessTestCaseMainPhase(TestSuiteExecutor.java:129)
	at com.kms.katalon.core.main.TestSuiteExecutor.accessTestSuiteMainPhase(TestSuiteExecutor.java:112)
	at com.kms.katalon.core.main.TestSuiteExecutor.execute(TestSuiteExecutor.java:81)
	at com.kms.katalon.core.main.TestCaseMain.startTestSuite(TestCaseMain.java:149)
	at com.kms.katalon.core.main.TestCaseMain$startTestSuite$0.call(Unknown Source)
	at TempTestSuite1548215797467.run(TempTestSuite1548215797467.groovy:36)
"/>
         <system-out><![CDATA[2019-01-22 22:05:52 - [TEST_CASE][FAILED] - Test Cases/UI/Employee/Users Editor/user can disable another user: Test Cases/UI/Employee/Users Editor/user can disable another user FAILED.
Reason:
com.kms.katalon.core.exception.StepFailedException: Unable to set text (Root cause: java.lang.IllegalArgumentException: Object is null)
	at com.kms.katalon.core.keyword.internal.KeywordMain.stepFailed(KeywordMain.groovy:36)
	at com.kms.katalon.core.webui.keyword.internal.WebUIKeywordMain.stepFailed(WebUIKeywordMain.groovy:65)
	at com.kms.katalon.core.webui.keyword.internal.WebUIKeywordMain.runKeyword(WebUIKeywordMain.groovy:27)
	at com.kms.katalon.core.webui.keyword.builtin.SetTextKeyword.setText(SetTextKeyword.groovy:65)
	at com.kms.katalon.core.webui.keyword.builtin.SetTextKeyword.execute(SetTextKeyword.groovy:37)
	at com.kms.katalon.core.keyword.internal.KeywordExecutor.executeKeywordForPlatform(KeywordExecutor.groovy:53)
	at com.kms.katalon.core.webui.keyword.WebUiBuiltInKeywords.setText(WebUiBuiltInKeywords.groovy:950)
	at com.kms.katalon.core.webui.keyword.WebUiBuiltInKeywords$setText$3.call(Unknown Source)
	at user can disable another user.run(user can disable another user:22)
	at com.kms.katalon.core.main.ScriptEngine.run(ScriptEngine.java:194)
	at com.kms.katalon.core.main.ScriptEngine.runScriptAsRawText(ScriptEngine.java:119)
	at com.kms.katalon.core.main.TestCaseExecutor.runScript(TestCaseExecutor.java:328)
	at com.kms.katalon.core.main.TestCaseExecutor.doExecute(TestCaseExecutor.java:319)
	at com.kms.katalon.core.main.TestCaseExecutor.processExecutionPhase(TestCaseExecutor.java:298)
	at com.kms.katalon.core.main.TestCaseExecutor.accessMainPhase(TestCaseExecutor.java:290)
	at com.kms.katalon.core.main.TestCaseExecutor.execute(TestCaseExecutor.java:224)
	at com.kms.katalon.core.main.TestSuiteExecutor.accessTestCaseMainPhase(TestSuiteExecutor.java:129)
	at com.kms.katalon.core.main.TestSuiteExecutor.accessTestSuiteMainPhase(TestSuiteExecutor.java:112)
	at com.kms.katalon.core.main.TestSuiteExecutor.execute(TestSuiteExecutor.java:81)
	at com.kms.katalon.core.main.TestCaseMain.startTestSuite(TestCaseMain.java:149)
	at com.kms.katalon.core.main.TestCaseMain$startTestSuite$0.call(Unknown Source)
	at TempTestSuite1548215797467.run(TempTestSuite1548215797467.groovy:36)


2019-01-22 22:05:52 - [TEST_STEP][PASSED] - callTestCase(findTestCase("UI/General/AdminLogin"), [:], STOP_ON_FAILURE): Call Test Case 'Test Cases/UI/General/AdminLogin' successfully

2019-01-22 22:05:52 - [TEST_CASE][PASSED] - Test Cases/UI/General/AdminLogin: Test Cases/UI/General/AdminLogin

2019-01-22 22:05:52 - [TEST_STEP][PASSED] - openBrowser(""): Browser is opened with url: ''

2019-01-22 22:05:52 - [MESSAGE][INFO] - Starting 'Chrome' driver

2019-01-22 22:05:55 - [MESSAGE][PASSED] - Browser is opened with url: ''

2019-01-22 22:05:55 - [TEST_STEP][PASSED] - maximizeWindow(): Current window maximized

2019-01-22 22:05:56 - [MESSAGE][PASSED] - Current window maximized

2019-01-22 22:05:56 - [TEST_STEP][PASSED] - navigateToUrl(Url): Navigate to 'https://uat.advancedpricing.com/' successfully

2019-01-22 22:05:57 - [MESSAGE][PASSED] - Navigate to 'https://uat.advancedpricing.com/' successfully

2019-01-22 22:05:57 - [TEST_STEP][PASSED] - setText(findTestObject("UI/General/Page_LoginPage/input_User"), UserName): Text 'qaAuto' is set on object 'Object Repository/UI/General/Page_LoginPage/input_User'

2019-01-22 22:05:58 - [MESSAGE][PASSED] - Text 'qaAuto' is set on object 'Object Repository/UI/General/Page_LoginPage/input_User'

2019-01-22 22:05:58 - [TEST_STEP][PASSED] - setText(findTestObject("UI/General/Page_LoginPage/input_Password"), Password): Text 'a9yk100dD' is set on object 'Object Repository/UI/General/Page_LoginPage/input_Password'

2019-01-22 22:05:58 - [MESSAGE][PASSED] - Text 'a9yk100dD' is set on object 'Object Repository/UI/General/Page_LoginPage/input_Password'

2019-01-22 22:05:58 - [TEST_STEP][PASSED] - click(findTestObject("UI/General/Page_LoginPage/button_Login")): Object: 'Object Repository/UI/General/Page_LoginPage/button_Login' is clicked on

2019-01-22 22:05:58 - [MESSAGE][PASSED] - Object: 'Object Repository/UI/General/Page_LoginPage/button_Login' is clicked on

2019-01-22 22:05:58 - [MESSAGE][PASSED] - Call Test Case 'Test Cases/UI/General/AdminLogin' successfully

2019-01-22 22:05:58 - [TEST_STEP][PASSED] - click(findTestObject("UI/Employee/user detail/modify user/Page_AMPS Portal/Page_AMPS Portal/span_Users")): Object: 'Object Repository/UI/Employee/user detail/modify user/Page_AMPS Portal/Page_AMPS Portal/span_Users' is clicked on

2019-01-22 22:05:59 - [MESSAGE][PASSED] - Object: 'Object Repository/UI/Employee/user detail/modify user/Page_AMPS Portal/Page_AMPS Portal/span_Users' is clicked on

2019-01-22 22:05:59 - [TEST_STEP][PASSED] - delay(5): Delayed 5 second(s)

2019-01-22 22:06:04 - [MESSAGE][PASSED] - Delayed 5 second(s)

2019-01-22 22:06:04 - [TEST_STEP][FAILED] - setText(findTestObject("Page_AMPS Portal/input_User Code_code"), "noEditUser"): setText(findTestObject("Page_AMPS Portal/input_User Code_code"), "noEditUser") FAILED.
Reason:
com.kms.katalon.core.exception.StepFailedException: Unable to set text (Root cause: java.lang.IllegalArgumentException: Object is null)
	at com.kms.katalon.core.keyword.internal.KeywordMain.stepFailed(KeywordMain.groovy:36)
	at com.kms.katalon.core.webui.keyword.internal.WebUIKeywordMain.stepFailed(WebUIKeywordMain.groovy:65)
	at com.kms.katalon.core.webui.keyword.internal.WebUIKeywordMain.runKeyword(WebUIKeywordMain.groovy:27)
	at com.kms.katalon.core.webui.keyword.builtin.SetTextKeyword.setText(SetTextKeyword.groovy:65)
	at com.kms.katalon.core.webui.keyword.builtin.SetTextKeyword.execute(SetTextKeyword.groovy:37)
	at com.kms.katalon.core.keyword.internal.KeywordExecutor.executeKeywordForPlatform(KeywordExecutor.groovy:53)
	at com.kms.katalon.core.webui.keyword.WebUiBuiltInKeywords.setText(WebUiBuiltInKeywords.groovy:950)
	at com.kms.katalon.core.webui.keyword.WebUiBuiltInKeywords$setText$3.call(Unknown Source)
	at user can disable another user.run(user can disable another user:22)
	at com.kms.katalon.core.main.ScriptEngine.run(ScriptEngine.java:194)
	at com.kms.katalon.core.main.ScriptEngine.runScriptAsRawText(ScriptEngine.java:119)
	at com.kms.katalon.core.main.TestCaseExecutor.runScript(TestCaseExecutor.java:328)
	at com.kms.katalon.core.main.TestCaseExecutor.doExecute(TestCaseExecutor.java:319)
	at com.kms.katalon.core.main.TestCaseExecutor.processExecutionPhase(TestCaseExecutor.java:298)
	at com.kms.katalon.core.main.TestCaseExecutor.accessMainPhase(TestCaseExecutor.java:290)
	at com.kms.katalon.core.main.TestCaseExecutor.execute(TestCaseExecutor.java:224)
	at com.kms.katalon.core.main.TestSuiteExecutor.accessTestCaseMainPhase(TestSuiteExecutor.java:129)
	at com.kms.katalon.core.main.TestSuiteExecutor.accessTestSuiteMainPhase(TestSuiteExecutor.java:112)
	at com.kms.katalon.core.main.TestSuiteExecutor.execute(TestSuiteExecutor.java:81)
	at com.kms.katalon.core.main.TestCaseMain.startTestSuite(TestCaseMain.java:149)
	at com.kms.katalon.core.main.TestCaseMain$startTestSuite$0.call(Unknown Source)
	at TempTestSuite1548215797467.run(TempTestSuite1548215797467.groovy:36)


2019-01-22 22:06:04 - [MESSAGE][WARNING] - Test object with id 'Object Repository/Page_AMPS Portal/input_User Code_code' does not exist

2019-01-22 22:06:04 - [MESSAGE][WARNING] - Test object with id 'Object Repository/' does not exist

2019-01-22 22:06:04 - [MESSAGE][FAILED] - Unable to set text (Root cause: java.lang.IllegalArgumentException: Object is null)
[[ATTACHMENT|C:\\Users\\David Avalos\\git\\AMPSAutRegression\\Reports\\UI\\Regression\\20190122_215637\\1548216364218.png]]

2019-01-22 22:06:04 - [MESSAGE][FAILED] - setText(findTestObject("Page_AMPS Portal/input_User Code_code"), "noEditUser") FAILED.
Reason:
com.kms.katalon.core.exception.StepFailedException: Unable to set text (Root cause: java.lang.IllegalArgumentException: Object is null)
	at com.kms.katalon.core.keyword.internal.KeywordMain.stepFailed(KeywordMain.groovy:36)
	at com.kms.katalon.core.webui.keyword.internal.WebUIKeywordMain.stepFailed(WebUIKeywordMain.groovy:65)
	at com.kms.katalon.core.webui.keyword.internal.WebUIKeywordMain.runKeyword(WebUIKeywordMain.groovy:27)
	at com.kms.katalon.core.webui.keyword.builtin.SetTextKeyword.setText(SetTextKeyword.groovy:65)
	at com.kms.katalon.core.webui.keyword.builtin.SetTextKeyword.execute(SetTextKeyword.groovy:37)
	at com.kms.katalon.core.keyword.internal.KeywordExecutor.executeKeywordForPlatform(KeywordExecutor.groovy:53)
	at com.kms.katalon.core.webui.keyword.WebUiBuiltInKeywords.setText(WebUiBuiltInKeywords.groovy:950)
	at com.kms.katalon.core.webui.keyword.WebUiBuiltInKeywords$setText$3.call(Unknown Source)
	at user can disable another user.run(user can disable another user:22)
	at com.kms.katalon.core.main.ScriptEngine.run(ScriptEngine.java:194)
	at com.kms.katalon.core.main.ScriptEngine.runScriptAsRawText(ScriptEngine.java:119)
	at com.kms.katalon.core.main.TestCaseExecutor.runScript(TestCaseExecutor.java:328)
	at com.kms.katalon.core.main.TestCaseExecutor.doExecute(TestCaseExecutor.java:319)
	at com.kms.katalon.core.main.TestCaseExecutor.processExecutionPhase(TestCaseExecutor.java:298)
	at com.kms.katalon.core.main.TestCaseExecutor.accessMainPhase(TestCaseExecutor.java:290)
	at com.kms.katalon.core.main.TestCaseExecutor.execute(TestCaseExecutor.java:224)
	at com.kms.katalon.core.main.TestSuiteExecutor.accessTestCaseMainPhase(TestSuiteExecutor.java:129)
	at com.kms.katalon.core.main.TestSuiteExecutor.accessTestSuiteMainPhase(TestSuiteExecutor.java:112)
	at com.kms.katalon.core.main.TestSuiteExecutor.execute(TestSuiteExecutor.java:81)
	at com.kms.katalon.core.main.TestCaseMain.startTestSuite(TestCaseMain.java:149)
	at com.kms.katalon.core.main.TestCaseMain$startTestSuite$0.call(Unknown Source)
	at TempTestSuite1548215797467.run(TempTestSuite1548215797467.groovy:36)]]></system-out>
         <system-err><![CDATA[2019-01-22 22:05:52 - [TEST_CASE][FAILED] - Test Cases/UI/Employee/Users Editor/user can disable another user: Test Cases/UI/Employee/Users Editor/user can disable another user FAILED.
Reason:
com.kms.katalon.core.exception.StepFailedException: Unable to set text (Root cause: java.lang.IllegalArgumentException: Object is null)
	at com.kms.katalon.core.keyword.internal.KeywordMain.stepFailed(KeywordMain.groovy:36)
	at com.kms.katalon.core.webui.keyword.internal.WebUIKeywordMain.stepFailed(WebUIKeywordMain.groovy:65)
	at com.kms.katalon.core.webui.keyword.internal.WebUIKeywordMain.runKeyword(WebUIKeywordMain.groovy:27)
	at com.kms.katalon.core.webui.keyword.builtin.SetTextKeyword.setText(SetTextKeyword.groovy:65)
	at com.kms.katalon.core.webui.keyword.builtin.SetTextKeyword.execute(SetTextKeyword.groovy:37)
	at com.kms.katalon.core.keyword.internal.KeywordExecutor.executeKeywordForPlatform(KeywordExecutor.groovy:53)
	at com.kms.katalon.core.webui.keyword.WebUiBuiltInKeywords.setText(WebUiBuiltInKeywords.groovy:950)
	at com.kms.katalon.core.webui.keyword.WebUiBuiltInKeywords$setText$3.call(Unknown Source)
	at user can disable another user.run(user can disable another user:22)
	at com.kms.katalon.core.main.ScriptEngine.run(ScriptEngine.java:194)
	at com.kms.katalon.core.main.ScriptEngine.runScriptAsRawText(ScriptEngine.java:119)
	at com.kms.katalon.core.main.TestCaseExecutor.runScript(TestCaseExecutor.java:328)
	at com.kms.katalon.core.main.TestCaseExecutor.doExecute(TestCaseExecutor.java:319)
	at com.kms.katalon.core.main.TestCaseExecutor.processExecutionPhase(TestCaseExecutor.java:298)
	at com.kms.katalon.core.main.TestCaseExecutor.accessMainPhase(TestCaseExecutor.java:290)
	at com.kms.katalon.core.main.TestCaseExecutor.execute(TestCaseExecutor.java:224)
	at com.kms.katalon.core.main.TestSuiteExecutor.accessTestCaseMainPhase(TestSuiteExecutor.java:129)
	at com.kms.katalon.core.main.TestSuiteExecutor.accessTestSuiteMainPhase(TestSuiteExecutor.java:112)
	at com.kms.katalon.core.main.TestSuiteExecutor.execute(TestSuiteExecutor.java:81)
	at com.kms.katalon.core.main.TestCaseMain.startTestSuite(TestCaseMain.java:149)
	at com.kms.katalon.core.main.TestCaseMain$startTestSuite$0.call(Unknown Source)
	at TempTestSuite1548215797467.run(TempTestSuite1548215797467.groovy:36)]]></system-err>
      </testcase>
      <testcase name="Test Cases/UI/Employee/Users Editor/user can make active another user" classname="Test Cases/UI/Employee/Users Editor/user can make active another user" status="FAILED">
         <failure type="FAILED" message="Test Cases/UI/Employee/Users Editor/user can make active another user FAILED.
Reason:
com.kms.katalon.core.exception.StepFailedException: Unable to set text (Root cause: java.lang.IllegalArgumentException: Object is null)
	at com.kms.katalon.core.keyword.internal.KeywordMain.stepFailed(KeywordMain.groovy:36)
	at com.kms.katalon.core.webui.keyword.internal.WebUIKeywordMain.stepFailed(WebUIKeywordMain.groovy:65)
	at com.kms.katalon.core.webui.keyword.internal.WebUIKeywordMain.runKeyword(WebUIKeywordMain.groovy:27)
	at com.kms.katalon.core.webui.keyword.builtin.SetTextKeyword.setText(SetTextKeyword.groovy:65)
	at com.kms.katalon.core.webui.keyword.builtin.SetTextKeyword.execute(SetTextKeyword.groovy:37)
	at com.kms.katalon.core.keyword.internal.KeywordExecutor.executeKeywordForPlatform(KeywordExecutor.groovy:53)
	at com.kms.katalon.core.webui.keyword.WebUiBuiltInKeywords.setText(WebUiBuiltInKeywords.groovy:950)
	at com.kms.katalon.core.webui.keyword.WebUiBuiltInKeywords$setText$3.call(Unknown Source)
	at user can make active another user.run(user can make active another user:22)
	at com.kms.katalon.core.main.ScriptEngine.run(ScriptEngine.java:194)
	at com.kms.katalon.core.main.ScriptEngine.runScriptAsRawText(ScriptEngine.java:119)
	at com.kms.katalon.core.main.TestCaseExecutor.runScript(TestCaseExecutor.java:328)
	at com.kms.katalon.core.main.TestCaseExecutor.doExecute(TestCaseExecutor.java:319)
	at com.kms.katalon.core.main.TestCaseExecutor.processExecutionPhase(TestCaseExecutor.java:298)
	at com.kms.katalon.core.main.TestCaseExecutor.accessMainPhase(TestCaseExecutor.java:290)
	at com.kms.katalon.core.main.TestCaseExecutor.execute(TestCaseExecutor.java:224)
	at com.kms.katalon.core.main.TestSuiteExecutor.accessTestCaseMainPhase(TestSuiteExecutor.java:129)
	at com.kms.katalon.core.main.TestSuiteExecutor.accessTestSuiteMainPhase(TestSuiteExecutor.java:112)
	at com.kms.katalon.core.main.TestSuiteExecutor.execute(TestSuiteExecutor.java:81)
	at com.kms.katalon.core.main.TestCaseMain.startTestSuite(TestCaseMain.java:149)
	at com.kms.katalon.core.main.TestCaseMain$startTestSuite$0.call(Unknown Source)
	at TempTestSuite1548215797467.run(TempTestSuite1548215797467.groovy:36)
"/>
         <system-out><![CDATA[2019-01-22 22:06:04 - [TEST_CASE][FAILED] - Test Cases/UI/Employee/Users Editor/user can make active another user: Test Cases/UI/Employee/Users Editor/user can make active another user FAILED.
Reason:
com.kms.katalon.core.exception.StepFailedException: Unable to set text (Root cause: java.lang.IllegalArgumentException: Object is null)
	at com.kms.katalon.core.keyword.internal.KeywordMain.stepFailed(KeywordMain.groovy:36)
	at com.kms.katalon.core.webui.keyword.internal.WebUIKeywordMain.stepFailed(WebUIKeywordMain.groovy:65)
	at com.kms.katalon.core.webui.keyword.internal.WebUIKeywordMain.runKeyword(WebUIKeywordMain.groovy:27)
	at com.kms.katalon.core.webui.keyword.builtin.SetTextKeyword.setText(SetTextKeyword.groovy:65)
	at com.kms.katalon.core.webui.keyword.builtin.SetTextKeyword.execute(SetTextKeyword.groovy:37)
	at com.kms.katalon.core.keyword.internal.KeywordExecutor.executeKeywordForPlatform(KeywordExecutor.groovy:53)
	at com.kms.katalon.core.webui.keyword.WebUiBuiltInKeywords.setText(WebUiBuiltInKeywords.groovy:950)
	at com.kms.katalon.core.webui.keyword.WebUiBuiltInKeywords$setText$3.call(Unknown Source)
	at user can make active another user.run(user can make active another user:22)
	at com.kms.katalon.core.main.ScriptEngine.run(ScriptEngine.java:194)
	at com.kms.katalon.core.main.ScriptEngine.runScriptAsRawText(ScriptEngine.java:119)
	at com.kms.katalon.core.main.TestCaseExecutor.runScript(TestCaseExecutor.java:328)
	at com.kms.katalon.core.main.TestCaseExecutor.doExecute(TestCaseExecutor.java:319)
	at com.kms.katalon.core.main.TestCaseExecutor.processExecutionPhase(TestCaseExecutor.java:298)
	at com.kms.katalon.core.main.TestCaseExecutor.accessMainPhase(TestCaseExecutor.java:290)
	at com.kms.katalon.core.main.TestCaseExecutor.execute(TestCaseExecutor.java:224)
	at com.kms.katalon.core.main.TestSuiteExecutor.accessTestCaseMainPhase(TestSuiteExecutor.java:129)
	at com.kms.katalon.core.main.TestSuiteExecutor.accessTestSuiteMainPhase(TestSuiteExecutor.java:112)
	at com.kms.katalon.core.main.TestSuiteExecutor.execute(TestSuiteExecutor.java:81)
	at com.kms.katalon.core.main.TestCaseMain.startTestSuite(TestCaseMain.java:149)
	at com.kms.katalon.core.main.TestCaseMain$startTestSuite$0.call(Unknown Source)
	at TempTestSuite1548215797467.run(TempTestSuite1548215797467.groovy:36)


2019-01-22 22:06:04 - [TEST_STEP][PASSED] - callTestCase(findTestCase("UI/General/AdminLogin"), [:], STOP_ON_FAILURE): Call Test Case 'Test Cases/UI/General/AdminLogin' successfully

2019-01-22 22:06:04 - [TEST_CASE][PASSED] - Test Cases/UI/General/AdminLogin: Test Cases/UI/General/AdminLogin

2019-01-22 22:06:04 - [TEST_STEP][PASSED] - openBrowser(""): Browser is opened with url: ''

2019-01-22 22:06:04 - [MESSAGE][WARNING] - A browser is already opened. Closing browser and opening a new one

2019-01-22 22:06:05 - [MESSAGE][INFO] - Starting 'Chrome' driver

2019-01-22 22:06:07 - [MESSAGE][PASSED] - Browser is opened with url: ''

2019-01-22 22:06:07 - [TEST_STEP][PASSED] - maximizeWindow(): Current window maximized

2019-01-22 22:06:08 - [MESSAGE][PASSED] - Current window maximized

2019-01-22 22:06:08 - [TEST_STEP][PASSED] - navigateToUrl(Url): Navigate to 'https://uat.advancedpricing.com/' successfully

2019-01-22 22:06:18 - [MESSAGE][PASSED] - Navigate to 'https://uat.advancedpricing.com/' successfully

2019-01-22 22:06:18 - [TEST_STEP][PASSED] - setText(findTestObject("UI/General/Page_LoginPage/input_User"), UserName): Text 'qaAuto' is set on object 'Object Repository/UI/General/Page_LoginPage/input_User'

2019-01-22 22:06:18 - [MESSAGE][PASSED] - Text 'qaAuto' is set on object 'Object Repository/UI/General/Page_LoginPage/input_User'

2019-01-22 22:06:18 - [TEST_STEP][PASSED] - setText(findTestObject("UI/General/Page_LoginPage/input_Password"), Password): Text 'a9yk100dD' is set on object 'Object Repository/UI/General/Page_LoginPage/input_Password'

2019-01-22 22:06:19 - [MESSAGE][PASSED] - Text 'a9yk100dD' is set on object 'Object Repository/UI/General/Page_LoginPage/input_Password'

2019-01-22 22:06:19 - [TEST_STEP][PASSED] - click(findTestObject("UI/General/Page_LoginPage/button_Login")): Object: 'Object Repository/UI/General/Page_LoginPage/button_Login' is clicked on

2019-01-22 22:06:19 - [MESSAGE][PASSED] - Object: 'Object Repository/UI/General/Page_LoginPage/button_Login' is clicked on

2019-01-22 22:06:19 - [MESSAGE][PASSED] - Call Test Case 'Test Cases/UI/General/AdminLogin' successfully

2019-01-22 22:06:19 - [TEST_STEP][PASSED] - click(findTestObject("UI/Employee/user detail/modify user/Page_AMPS Portal/Page_AMPS Portal/span_Users")): Object: 'Object Repository/UI/Employee/user detail/modify user/Page_AMPS Portal/Page_AMPS Portal/span_Users' is clicked on

2019-01-22 22:06:20 - [MESSAGE][PASSED] - Object: 'Object Repository/UI/Employee/user detail/modify user/Page_AMPS Portal/Page_AMPS Portal/span_Users' is clicked on

2019-01-22 22:06:20 - [TEST_STEP][PASSED] - delay(5): Delayed 5 second(s)

2019-01-22 22:06:25 - [MESSAGE][PASSED] - Delayed 5 second(s)

2019-01-22 22:06:25 - [TEST_STEP][FAILED] - setText(findTestObject("Page_AMPS Portal/input_User Code_code"), "noEditUser"): setText(findTestObject("Page_AMPS Portal/input_User Code_code"), "noEditUser") FAILED.
Reason:
com.kms.katalon.core.exception.StepFailedException: Unable to set text (Root cause: java.lang.IllegalArgumentException: Object is null)
	at com.kms.katalon.core.keyword.internal.KeywordMain.stepFailed(KeywordMain.groovy:36)
	at com.kms.katalon.core.webui.keyword.internal.WebUIKeywordMain.stepFailed(WebUIKeywordMain.groovy:65)
	at com.kms.katalon.core.webui.keyword.internal.WebUIKeywordMain.runKeyword(WebUIKeywordMain.groovy:27)
	at com.kms.katalon.core.webui.keyword.builtin.SetTextKeyword.setText(SetTextKeyword.groovy:65)
	at com.kms.katalon.core.webui.keyword.builtin.SetTextKeyword.execute(SetTextKeyword.groovy:37)
	at com.kms.katalon.core.keyword.internal.KeywordExecutor.executeKeywordForPlatform(KeywordExecutor.groovy:53)
	at com.kms.katalon.core.webui.keyword.WebUiBuiltInKeywords.setText(WebUiBuiltInKeywords.groovy:950)
	at com.kms.katalon.core.webui.keyword.WebUiBuiltInKeywords$setText$3.call(Unknown Source)
	at user can make active another user.run(user can make active another user:22)
	at com.kms.katalon.core.main.ScriptEngine.run(ScriptEngine.java:194)
	at com.kms.katalon.core.main.ScriptEngine.runScriptAsRawText(ScriptEngine.java:119)
	at com.kms.katalon.core.main.TestCaseExecutor.runScript(TestCaseExecutor.java:328)
	at com.kms.katalon.core.main.TestCaseExecutor.doExecute(TestCaseExecutor.java:319)
	at com.kms.katalon.core.main.TestCaseExecutor.processExecutionPhase(TestCaseExecutor.java:298)
	at com.kms.katalon.core.main.TestCaseExecutor.accessMainPhase(TestCaseExecutor.java:290)
	at com.kms.katalon.core.main.TestCaseExecutor.execute(TestCaseExecutor.java:224)
	at com.kms.katalon.core.main.TestSuiteExecutor.accessTestCaseMainPhase(TestSuiteExecutor.java:129)
	at com.kms.katalon.core.main.TestSuiteExecutor.accessTestSuiteMainPhase(TestSuiteExecutor.java:112)
	at com.kms.katalon.core.main.TestSuiteExecutor.execute(TestSuiteExecutor.java:81)
	at com.kms.katalon.core.main.TestCaseMain.startTestSuite(TestCaseMain.java:149)
	at com.kms.katalon.core.main.TestCaseMain$startTestSuite$0.call(Unknown Source)
	at TempTestSuite1548215797467.run(TempTestSuite1548215797467.groovy:36)


2019-01-22 22:06:25 - [MESSAGE][WARNING] - Test object with id 'Object Repository/Page_AMPS Portal/input_User Code_code' does not exist

2019-01-22 22:06:25 - [MESSAGE][WARNING] - Test object with id 'Object Repository/' does not exist

2019-01-22 22:06:25 - [MESSAGE][FAILED] - Unable to set text (Root cause: java.lang.IllegalArgumentException: Object is null)
[[ATTACHMENT|C:\\Users\\David Avalos\\git\\AMPSAutRegression\\Reports\\UI\\Regression\\20190122_215637\\1548216385475.png]]

2019-01-22 22:06:25 - [MESSAGE][FAILED] - setText(findTestObject("Page_AMPS Portal/input_User Code_code"), "noEditUser") FAILED.
Reason:
com.kms.katalon.core.exception.StepFailedException: Unable to set text (Root cause: java.lang.IllegalArgumentException: Object is null)
	at com.kms.katalon.core.keyword.internal.KeywordMain.stepFailed(KeywordMain.groovy:36)
	at com.kms.katalon.core.webui.keyword.internal.WebUIKeywordMain.stepFailed(WebUIKeywordMain.groovy:65)
	at com.kms.katalon.core.webui.keyword.internal.WebUIKeywordMain.runKeyword(WebUIKeywordMain.groovy:27)
	at com.kms.katalon.core.webui.keyword.builtin.SetTextKeyword.setText(SetTextKeyword.groovy:65)
	at com.kms.katalon.core.webui.keyword.builtin.SetTextKeyword.execute(SetTextKeyword.groovy:37)
	at com.kms.katalon.core.keyword.internal.KeywordExecutor.executeKeywordForPlatform(KeywordExecutor.groovy:53)
	at com.kms.katalon.core.webui.keyword.WebUiBuiltInKeywords.setText(WebUiBuiltInKeywords.groovy:950)
	at com.kms.katalon.core.webui.keyword.WebUiBuiltInKeywords$setText$3.call(Unknown Source)
	at user can make active another user.run(user can make active another user:22)
	at com.kms.katalon.core.main.ScriptEngine.run(ScriptEngine.java:194)
	at com.kms.katalon.core.main.ScriptEngine.runScriptAsRawText(ScriptEngine.java:119)
	at com.kms.katalon.core.main.TestCaseExecutor.runScript(TestCaseExecutor.java:328)
	at com.kms.katalon.core.main.TestCaseExecutor.doExecute(TestCaseExecutor.java:319)
	at com.kms.katalon.core.main.TestCaseExecutor.processExecutionPhase(TestCaseExecutor.java:298)
	at com.kms.katalon.core.main.TestCaseExecutor.accessMainPhase(TestCaseExecutor.java:290)
	at com.kms.katalon.core.main.TestCaseExecutor.execute(TestCaseExecutor.java:224)
	at com.kms.katalon.core.main.TestSuiteExecutor.accessTestCaseMainPhase(TestSuiteExecutor.java:129)
	at com.kms.katalon.core.main.TestSuiteExecutor.accessTestSuiteMainPhase(TestSuiteExecutor.java:112)
	at com.kms.katalon.core.main.TestSuiteExecutor.execute(TestSuiteExecutor.java:81)
	at com.kms.katalon.core.main.TestCaseMain.startTestSuite(TestCaseMain.java:149)
	at com.kms.katalon.core.main.TestCaseMain$startTestSuite$0.call(Unknown Source)
	at TempTestSuite1548215797467.run(TempTestSuite1548215797467.groovy:36)]]></system-out>
         <system-err><![CDATA[2019-01-22 22:06:04 - [TEST_CASE][FAILED] - Test Cases/UI/Employee/Users Editor/user can make active another user: Test Cases/UI/Employee/Users Editor/user can make active another user FAILED.
Reason:
com.kms.katalon.core.exception.StepFailedException: Unable to set text (Root cause: java.lang.IllegalArgumentException: Object is null)
	at com.kms.katalon.core.keyword.internal.KeywordMain.stepFailed(KeywordMain.groovy:36)
	at com.kms.katalon.core.webui.keyword.internal.WebUIKeywordMain.stepFailed(WebUIKeywordMain.groovy:65)
	at com.kms.katalon.core.webui.keyword.internal.WebUIKeywordMain.runKeyword(WebUIKeywordMain.groovy:27)
	at com.kms.katalon.core.webui.keyword.builtin.SetTextKeyword.setText(SetTextKeyword.groovy:65)
	at com.kms.katalon.core.webui.keyword.builtin.SetTextKeyword.execute(SetTextKeyword.groovy:37)
	at com.kms.katalon.core.keyword.internal.KeywordExecutor.executeKeywordForPlatform(KeywordExecutor.groovy:53)
	at com.kms.katalon.core.webui.keyword.WebUiBuiltInKeywords.setText(WebUiBuiltInKeywords.groovy:950)
	at com.kms.katalon.core.webui.keyword.WebUiBuiltInKeywords$setText$3.call(Unknown Source)
	at user can make active another user.run(user can make active another user:22)
	at com.kms.katalon.core.main.ScriptEngine.run(ScriptEngine.java:194)
	at com.kms.katalon.core.main.ScriptEngine.runScriptAsRawText(ScriptEngine.java:119)
	at com.kms.katalon.core.main.TestCaseExecutor.runScript(TestCaseExecutor.java:328)
	at com.kms.katalon.core.main.TestCaseExecutor.doExecute(TestCaseExecutor.java:319)
	at com.kms.katalon.core.main.TestCaseExecutor.processExecutionPhase(TestCaseExecutor.java:298)
	at com.kms.katalon.core.main.TestCaseExecutor.accessMainPhase(TestCaseExecutor.java:290)
	at com.kms.katalon.core.main.TestCaseExecutor.execute(TestCaseExecutor.java:224)
	at com.kms.katalon.core.main.TestSuiteExecutor.accessTestCaseMainPhase(TestSuiteExecutor.java:129)
	at com.kms.katalon.core.main.TestSuiteExecutor.accessTestSuiteMainPhase(TestSuiteExecutor.java:112)
	at com.kms.katalon.core.main.TestSuiteExecutor.execute(TestSuiteExecutor.java:81)
	at com.kms.katalon.core.main.TestCaseMain.startTestSuite(TestCaseMain.java:149)
	at com.kms.katalon.core.main.TestCaseMain$startTestSuite$0.call(Unknown Source)
	at TempTestSuite1548215797467.run(TempTestSuite1548215797467.groovy:36)]]></system-err>
      </testcase>
      <testcase name="Test Cases/UI/Employee/Users Editor/User can send a Welcome Email" classname="Test Cases/UI/Employee/Users Editor/User can send a Welcome Email" status="FAILED">
         <failure type="FAILED" message="Test Cases/UI/Employee/Users Editor/User can send a Welcome Email FAILED.
Reason:
com.kms.katalon.core.exception.StepFailedException: Unable to click on object 'Object Repository/UI/Employee/user detail/modify user/Page_AMPS Portal/Page_AMPS Portal/button_Filter' (Root cause: org.openqa.selenium.WebDriverException: unknown error: Element &lt;button type=&quot;submit&quot; tabindex=&quot;5&quot; class=&quot;btn btn-gray&quot; style=&quot;flex: 3 1 0%; margin: 20px 0px 0px;&quot;>...&lt;/button> is not clickable at point (1273, 217). Other element would receive the click: &lt;div class=&quot;loader-wrapper&quot;>...&lt;/div>
  (Session info: chrome=71.0.3578.98)
  (Driver info: chromedriver=2.43.600210 (68dcf5eebde37173d4027fa8635e332711d2874a),platform=Windows NT 10.0.15063 x86_64) (WARNING: The server did not provide any stacktrace information)
Command duration or timeout: 0 milliseconds
Build info: version: '3.7.1', revision: '8a0099a', time: '2017-11-06T21:07:36.161Z'
System info: host: 'TDG-MBL-MTY0359', ip: '192.168.1.97', os.name: 'Windows 10', os.arch: 'amd64', os.version: '10.0', java.version: '1.8.0_181'
Driver info: com.kms.katalon.selenium.driver.CChromeDriver
Capabilities {acceptInsecureCerts: false, acceptSslCerts: false, applicationCacheEnabled: false, browserConnectionEnabled: false, browserName: chrome, chrome: {chromedriverVersion: 2.43.600210 (68dcf5eebde371..., userDataDir: C:\Users\DAVIDA~1\AppData\L...}, cssSelectorsEnabled: true, databaseEnabled: false, goog:chromeOptions: {debuggerAddress: localhost:59812}, handlesAlerts: true, hasTouchScreen: false, javascriptEnabled: true, locationContextEnabled: true, mobileEmulationEnabled: false, nativeEvents: true, networkConnectionEnabled: false, pageLoadStrategy: normal, platform: XP, platformName: XP, rotatable: false, setWindowRect: true, takesHeapSnapshot: true, takesScreenshot: true, unexpectedAlertBehaviour: , unhandledPromptBehavior: , version: 71.0.3578.98, webStorageEnabled: true}
Session ID: 1ac9e574c7d0839a2d1753741955e6f6)
	at com.kms.katalon.core.keyword.internal.KeywordMain.stepFailed(KeywordMain.groovy:36)
	at com.kms.katalon.core.webui.keyword.internal.WebUIKeywordMain.stepFailed(WebUIKeywordMain.groovy:65)
	at com.kms.katalon.core.webui.keyword.internal.WebUIKeywordMain.runKeyword(WebUIKeywordMain.groovy:27)
	at com.kms.katalon.core.webui.keyword.builtin.ClickKeyword.click(ClickKeyword.groovy:86)
	at com.kms.katalon.core.webui.keyword.builtin.ClickKeyword.execute(ClickKeyword.groovy:67)
	at com.kms.katalon.core.keyword.internal.KeywordExecutor.executeKeywordForPlatform(KeywordExecutor.groovy:53)
	at com.kms.katalon.core.webui.keyword.WebUiBuiltInKeywords.click(WebUiBuiltInKeywords.groovy:616)
	at com.kms.katalon.core.webui.keyword.WebUiBuiltInKeywords$click$5.call(Unknown Source)
	at User can send a Welcome Email.run(User can send a Welcome Email:25)
	at com.kms.katalon.core.main.ScriptEngine.run(ScriptEngine.java:194)
	at com.kms.katalon.core.main.ScriptEngine.runScriptAsRawText(ScriptEngine.java:119)
	at com.kms.katalon.core.main.TestCaseExecutor.runScript(TestCaseExecutor.java:328)
	at com.kms.katalon.core.main.TestCaseExecutor.doExecute(TestCaseExecutor.java:319)
	at com.kms.katalon.core.main.TestCaseExecutor.processExecutionPhase(TestCaseExecutor.java:298)
	at com.kms.katalon.core.main.TestCaseExecutor.accessMainPhase(TestCaseExecutor.java:290)
	at com.kms.katalon.core.main.TestCaseExecutor.execute(TestCaseExecutor.java:224)
	at com.kms.katalon.core.main.TestSuiteExecutor.accessTestCaseMainPhase(TestSuiteExecutor.java:129)
	at com.kms.katalon.core.main.TestSuiteExecutor.accessTestSuiteMainPhase(TestSuiteExecutor.java:112)
	at com.kms.katalon.core.main.TestSuiteExecutor.execute(TestSuiteExecutor.java:81)
	at com.kms.katalon.core.main.TestCaseMain.startTestSuite(TestCaseMain.java:149)
	at com.kms.katalon.core.main.TestCaseMain$startTestSuite$0.call(Unknown Source)
	at TempTestSuite1548215797467.run(TempTestSuite1548215797467.groovy:36)
"/>
         <system-out><![CDATA[2019-01-22 22:06:25 - [TEST_CASE][FAILED] - Test Cases/UI/Employee/Users Editor/User can send a Welcome Email: Test Cases/UI/Employee/Users Editor/User can send a Welcome Email FAILED.
Reason:
com.kms.katalon.core.exception.StepFailedException: Unable to click on object 'Object Repository/UI/Employee/user detail/modify user/Page_AMPS Portal/Page_AMPS Portal/button_Filter' (Root cause: org.openqa.selenium.WebDriverException: unknown error: Element <button type="submit" tabindex="5" class="btn btn-gray" style="flex: 3 1 0%; margin: 20px 0px 0px;">...</button> is not clickable at point (1273, 217). Other element would receive the click: <div class="loader-wrapper">...</div>
  (Session info: chrome=71.0.3578.98)
  (Driver info: chromedriver=2.43.600210 (68dcf5eebde37173d4027fa8635e332711d2874a),platform=Windows NT 10.0.15063 x86_64) (WARNING: The server did not provide any stacktrace information)
Command duration or timeout: 0 milliseconds
Build info: version: '3.7.1', revision: '8a0099a', time: '2017-11-06T21:07:36.161Z'
System info: host: 'TDG-MBL-MTY0359', ip: '192.168.1.97', os.name: 'Windows 10', os.arch: 'amd64', os.version: '10.0', java.version: '1.8.0_181'
Driver info: com.kms.katalon.selenium.driver.CChromeDriver
Capabilities {acceptInsecureCerts: false, acceptSslCerts: false, applicationCacheEnabled: false, browserConnectionEnabled: false, browserName: chrome, chrome: {chromedriverVersion: 2.43.600210 (68dcf5eebde371..., userDataDir: C:\Users\DAVIDA~1\AppData\L...}, cssSelectorsEnabled: true, databaseEnabled: false, goog:chromeOptions: {debuggerAddress: localhost:59812}, handlesAlerts: true, hasTouchScreen: false, javascriptEnabled: true, locationContextEnabled: true, mobileEmulationEnabled: false, nativeEvents: true, networkConnectionEnabled: false, pageLoadStrategy: normal, platform: XP, platformName: XP, rotatable: false, setWindowRect: true, takesHeapSnapshot: true, takesScreenshot: true, unexpectedAlertBehaviour: , unhandledPromptBehavior: , version: 71.0.3578.98, webStorageEnabled: true}
Session ID: 1ac9e574c7d0839a2d1753741955e6f6)
	at com.kms.katalon.core.keyword.internal.KeywordMain.stepFailed(KeywordMain.groovy:36)
	at com.kms.katalon.core.webui.keyword.internal.WebUIKeywordMain.stepFailed(WebUIKeywordMain.groovy:65)
	at com.kms.katalon.core.webui.keyword.internal.WebUIKeywordMain.runKeyword(WebUIKeywordMain.groovy:27)
	at com.kms.katalon.core.webui.keyword.builtin.ClickKeyword.click(ClickKeyword.groovy:86)
	at com.kms.katalon.core.webui.keyword.builtin.ClickKeyword.execute(ClickKeyword.groovy:67)
	at com.kms.katalon.core.keyword.internal.KeywordExecutor.executeKeywordForPlatform(KeywordExecutor.groovy:53)
	at com.kms.katalon.core.webui.keyword.WebUiBuiltInKeywords.click(WebUiBuiltInKeywords.groovy:616)
	at com.kms.katalon.core.webui.keyword.WebUiBuiltInKeywords$click$5.call(Unknown Source)
	at User can send a Welcome Email.run(User can send a Welcome Email:25)
	at com.kms.katalon.core.main.ScriptEngine.run(ScriptEngine.java:194)
	at com.kms.katalon.core.main.ScriptEngine.runScriptAsRawText(ScriptEngine.java:119)
	at com.kms.katalon.core.main.TestCaseExecutor.runScript(TestCaseExecutor.java:328)
	at com.kms.katalon.core.main.TestCaseExecutor.doExecute(TestCaseExecutor.java:319)
	at com.kms.katalon.core.main.TestCaseExecutor.processExecutionPhase(TestCaseExecutor.java:298)
	at com.kms.katalon.core.main.TestCaseExecutor.accessMainPhase(TestCaseExecutor.java:290)
	at com.kms.katalon.core.main.TestCaseExecutor.execute(TestCaseExecutor.java:224)
	at com.kms.katalon.core.main.TestSuiteExecutor.accessTestCaseMainPhase(TestSuiteExecutor.java:129)
	at com.kms.katalon.core.main.TestSuiteExecutor.accessTestSuiteMainPhase(TestSuiteExecutor.java:112)
	at com.kms.katalon.core.main.TestSuiteExecutor.execute(TestSuiteExecutor.java:81)
	at com.kms.katalon.core.main.TestCaseMain.startTestSuite(TestCaseMain.java:149)
	at com.kms.katalon.core.main.TestCaseMain$startTestSuite$0.call(Unknown Source)
	at TempTestSuite1548215797467.run(TempTestSuite1548215797467.groovy:36)


2019-01-22 22:06:25 - [TEST_STEP][PASSED] - callTestCase(findTestCase("UI/General/AdminLogin"), [:], STOP_ON_FAILURE): Call Test Case 'Test Cases/UI/General/AdminLogin' successfully

2019-01-22 22:06:26 - [TEST_CASE][PASSED] - Test Cases/UI/General/AdminLogin: Test Cases/UI/General/AdminLogin

2019-01-22 22:06:26 - [TEST_STEP][PASSED] - openBrowser(""): Browser is opened with url: ''

2019-01-22 22:06:26 - [MESSAGE][WARNING] - A browser is already opened. Closing browser and opening a new one

2019-01-22 22:06:26 - [MESSAGE][INFO] - Starting 'Chrome' driver

2019-01-22 22:06:28 - [MESSAGE][PASSED] - Browser is opened with url: ''

2019-01-22 22:06:28 - [TEST_STEP][PASSED] - maximizeWindow(): Current window maximized

2019-01-22 22:06:30 - [MESSAGE][PASSED] - Current window maximized

2019-01-22 22:06:30 - [TEST_STEP][PASSED] - navigateToUrl(Url): Navigate to 'https://uat.advancedpricing.com/' successfully

2019-01-22 22:07:07 - [MESSAGE][PASSED] - Navigate to 'https://uat.advancedpricing.com/' successfully

2019-01-22 22:07:07 - [TEST_STEP][PASSED] - setText(findTestObject("UI/General/Page_LoginPage/input_User"), UserName): Text 'qaAuto' is set on object 'Object Repository/UI/General/Page_LoginPage/input_User'

2019-01-22 22:07:07 - [MESSAGE][PASSED] - Text 'qaAuto' is set on object 'Object Repository/UI/General/Page_LoginPage/input_User'

2019-01-22 22:07:07 - [TEST_STEP][PASSED] - setText(findTestObject("UI/General/Page_LoginPage/input_Password"), Password): Text 'a9yk100dD' is set on object 'Object Repository/UI/General/Page_LoginPage/input_Password'

2019-01-22 22:07:07 - [MESSAGE][PASSED] - Text 'a9yk100dD' is set on object 'Object Repository/UI/General/Page_LoginPage/input_Password'

2019-01-22 22:07:07 - [TEST_STEP][PASSED] - click(findTestObject("UI/General/Page_LoginPage/button_Login")): Object: 'Object Repository/UI/General/Page_LoginPage/button_Login' is clicked on

2019-01-22 22:07:07 - [MESSAGE][PASSED] - Object: 'Object Repository/UI/General/Page_LoginPage/button_Login' is clicked on

2019-01-22 22:07:07 - [MESSAGE][PASSED] - Call Test Case 'Test Cases/UI/General/AdminLogin' successfully

2019-01-22 22:07:07 - [TEST_STEP][PASSED] - click(findTestObject("UI/Employee/user detail/modify user/Page_AMPS Portal/Page_AMPS Portal/span_Users")): Object: 'Object Repository/UI/Employee/user detail/modify user/Page_AMPS Portal/Page_AMPS Portal/span_Users' is clicked on

2019-01-22 22:07:10 - [MESSAGE][PASSED] - Object: 'Object Repository/UI/Employee/user detail/modify user/Page_AMPS Portal/Page_AMPS Portal/span_Users' is clicked on

2019-01-22 22:07:10 - [TEST_STEP][PASSED] - delay(5): Delayed 5 second(s)

2019-01-22 22:07:15 - [MESSAGE][PASSED] - Delayed 5 second(s)

2019-01-22 22:07:15 - [TEST_STEP][PASSED] - setText(findTestObject("UI/Employee/user detail/modify user/Page_AMPS Portal/Page_AMPS Portal/input_User Code_code"), "purposeTest"): Text 'purposeTest' is set on object 'Object Repository/UI/Employee/user detail/modify user/Page_AMPS Portal/Page_AMPS Portal/input_User Code_code'

2019-01-22 22:07:15 - [MESSAGE][PASSED] - Text 'purposeTest' is set on object 'Object Repository/UI/Employee/user detail/modify user/Page_AMPS Portal/Page_AMPS Portal/input_User Code_code'

2019-01-22 22:07:15 - [TEST_STEP][FAILED] - click(findTestObject("UI/Employee/user detail/modify user/Page_AMPS Portal/Page_AMPS Portal/button_Filter")): click(findTestObject("UI/Employee/user detail/modify user/Page_AMPS Portal/Page_AMPS Portal/button_Filter")) FAILED.
Reason:
com.kms.katalon.core.exception.StepFailedException: Unable to click on object 'Object Repository/UI/Employee/user detail/modify user/Page_AMPS Portal/Page_AMPS Portal/button_Filter' (Root cause: org.openqa.selenium.WebDriverException: unknown error: Element <button type="submit" tabindex="5" class="btn btn-gray" style="flex: 3 1 0%; margin: 20px 0px 0px;">...</button> is not clickable at point (1273, 217). Other element would receive the click: <div class="loader-wrapper">...</div>
  (Session info: chrome=71.0.3578.98)
  (Driver info: chromedriver=2.43.600210 (68dcf5eebde37173d4027fa8635e332711d2874a),platform=Windows NT 10.0.15063 x86_64) (WARNING: The server did not provide any stacktrace information)
Command duration or timeout: 0 milliseconds
Build info: version: '3.7.1', revision: '8a0099a', time: '2017-11-06T21:07:36.161Z'
System info: host: 'TDG-MBL-MTY0359', ip: '192.168.1.97', os.name: 'Windows 10', os.arch: 'amd64', os.version: '10.0', java.version: '1.8.0_181'
Driver info: com.kms.katalon.selenium.driver.CChromeDriver
Capabilities {acceptInsecureCerts: false, acceptSslCerts: false, applicationCacheEnabled: false, browserConnectionEnabled: false, browserName: chrome, chrome: {chromedriverVersion: 2.43.600210 (68dcf5eebde371..., userDataDir: C:\Users\DAVIDA~1\AppData\L...}, cssSelectorsEnabled: true, databaseEnabled: false, goog:chromeOptions: {debuggerAddress: localhost:59812}, handlesAlerts: true, hasTouchScreen: false, javascriptEnabled: true, locationContextEnabled: true, mobileEmulationEnabled: false, nativeEvents: true, networkConnectionEnabled: false, pageLoadStrategy: normal, platform: XP, platformName: XP, rotatable: false, setWindowRect: true, takesHeapSnapshot: true, takesScreenshot: true, unexpectedAlertBehaviour: , unhandledPromptBehavior: , version: 71.0.3578.98, webStorageEnabled: true}
Session ID: 1ac9e574c7d0839a2d1753741955e6f6)
	at com.kms.katalon.core.keyword.internal.KeywordMain.stepFailed(KeywordMain.groovy:36)
	at com.kms.katalon.core.webui.keyword.internal.WebUIKeywordMain.stepFailed(WebUIKeywordMain.groovy:65)
	at com.kms.katalon.core.webui.keyword.internal.WebUIKeywordMain.runKeyword(WebUIKeywordMain.groovy:27)
	at com.kms.katalon.core.webui.keyword.builtin.ClickKeyword.click(ClickKeyword.groovy:86)
	at com.kms.katalon.core.webui.keyword.builtin.ClickKeyword.execute(ClickKeyword.groovy:67)
	at com.kms.katalon.core.keyword.internal.KeywordExecutor.executeKeywordForPlatform(KeywordExecutor.groovy:53)
	at com.kms.katalon.core.webui.keyword.WebUiBuiltInKeywords.click(WebUiBuiltInKeywords.groovy:616)
	at com.kms.katalon.core.webui.keyword.WebUiBuiltInKeywords$click$5.call(Unknown Source)
	at User can send a Welcome Email.run(User can send a Welcome Email:25)
	at com.kms.katalon.core.main.ScriptEngine.run(ScriptEngine.java:194)
	at com.kms.katalon.core.main.ScriptEngine.runScriptAsRawText(ScriptEngine.java:119)
	at com.kms.katalon.core.main.TestCaseExecutor.runScript(TestCaseExecutor.java:328)
	at com.kms.katalon.core.main.TestCaseExecutor.doExecute(TestCaseExecutor.java:319)
	at com.kms.katalon.core.main.TestCaseExecutor.processExecutionPhase(TestCaseExecutor.java:298)
	at com.kms.katalon.core.main.TestCaseExecutor.accessMainPhase(TestCaseExecutor.java:290)
	at com.kms.katalon.core.main.TestCaseExecutor.execute(TestCaseExecutor.java:224)
	at com.kms.katalon.core.main.TestSuiteExecutor.accessTestCaseMainPhase(TestSuiteExecutor.java:129)
	at com.kms.katalon.core.main.TestSuiteExecutor.accessTestSuiteMainPhase(TestSuiteExecutor.java:112)
	at com.kms.katalon.core.main.TestSuiteExecutor.execute(TestSuiteExecutor.java:81)
	at com.kms.katalon.core.main.TestCaseMain.startTestSuite(TestCaseMain.java:149)
	at com.kms.katalon.core.main.TestCaseMain$startTestSuite$0.call(Unknown Source)
	at TempTestSuite1548215797467.run(TempTestSuite1548215797467.groovy:36)


2019-01-22 22:07:16 - [MESSAGE][FAILED] - Unable to click on object 'Object Repository/UI/Employee/user detail/modify user/Page_AMPS Portal/Page_AMPS Portal/button_Filter' (Root cause: org.openqa.selenium.WebDriverException: unknown error: Element <button type="submit" tabindex="5" class="btn btn-gray" style="flex: 3 1 0%; margin: 20px 0px 0px;">...</button> is not clickable at point (1273, 217). Other element would receive the click: <div class="loader-wrapper">...</div>
  (Session info: chrome=71.0.3578.98)
  (Driver info: chromedriver=2.43.600210 (68dcf5eebde37173d4027fa8635e332711d2874a),platform=Windows NT 10.0.15063 x86_64) (WARNING: The server did not provide any stacktrace information)
Command duration or timeout: 0 milliseconds
Build info: version: '3.7.1', revision: '8a0099a', time: '2017-11-06T21:07:36.161Z'
System info: host: 'TDG-MBL-MTY0359', ip: '192.168.1.97', os.name: 'Windows 10', os.arch: 'amd64', os.version: '10.0', java.version: '1.8.0_181'
Driver info: com.kms.katalon.selenium.driver.CChromeDriver
Capabilities {acceptInsecureCerts: false, acceptSslCerts: false, applicationCacheEnabled: false, browserConnectionEnabled: false, browserName: chrome, chrome: {chromedriverVersion: 2.43.600210 (68dcf5eebde371..., userDataDir: C:\Users\DAVIDA~1\AppData\L...}, cssSelectorsEnabled: true, databaseEnabled: false, goog:chromeOptions: {debuggerAddress: localhost:59812}, handlesAlerts: true, hasTouchScreen: false, javascriptEnabled: true, locationContextEnabled: true, mobileEmulationEnabled: false, nativeEvents: true, networkConnectionEnabled: false, pageLoadStrategy: normal, platform: XP, platformName: XP, rotatable: false, setWindowRect: true, takesHeapSnapshot: true, takesScreenshot: true, unexpectedAlertBehaviour: , unhandledPromptBehavior: , version: 71.0.3578.98, webStorageEnabled: true}
Session ID: 1ac9e574c7d0839a2d1753741955e6f6)
[[ATTACHMENT|C:\\Users\\David Avalos\\git\\AMPSAutRegression\\Reports\\UI\\Regression\\20190122_215637\\1548216435802.png]]

2019-01-22 22:07:16 - [MESSAGE][FAILED] - click(findTestObject("UI/Employee/user detail/modify user/Page_AMPS Portal/Page_AMPS Portal/button_Filter")) FAILED.
Reason:
com.kms.katalon.core.exception.StepFailedException: Unable to click on object 'Object Repository/UI/Employee/user detail/modify user/Page_AMPS Portal/Page_AMPS Portal/button_Filter' (Root cause: org.openqa.selenium.WebDriverException: unknown error: Element <button type="submit" tabindex="5" class="btn btn-gray" style="flex: 3 1 0%; margin: 20px 0px 0px;">...</button> is not clickable at point (1273, 217). Other element would receive the click: <div class="loader-wrapper">...</div>
  (Session info: chrome=71.0.3578.98)
  (Driver info: chromedriver=2.43.600210 (68dcf5eebde37173d4027fa8635e332711d2874a),platform=Windows NT 10.0.15063 x86_64) (WARNING: The server did not provide any stacktrace information)
Command duration or timeout: 0 milliseconds
Build info: version: '3.7.1', revision: '8a0099a', time: '2017-11-06T21:07:36.161Z'
System info: host: 'TDG-MBL-MTY0359', ip: '192.168.1.97', os.name: 'Windows 10', os.arch: 'amd64', os.version: '10.0', java.version: '1.8.0_181'
Driver info: com.kms.katalon.selenium.driver.CChromeDriver
Capabilities {acceptInsecureCerts: false, acceptSslCerts: false, applicationCacheEnabled: false, browserConnectionEnabled: false, browserName: chrome, chrome: {chromedriverVersion: 2.43.600210 (68dcf5eebde371..., userDataDir: C:\Users\DAVIDA~1\AppData\L...}, cssSelectorsEnabled: true, databaseEnabled: false, goog:chromeOptions: {debuggerAddress: localhost:59812}, handlesAlerts: true, hasTouchScreen: false, javascriptEnabled: true, locationContextEnabled: true, mobileEmulationEnabled: false, nativeEvents: true, networkConnectionEnabled: false, pageLoadStrategy: normal, platform: XP, platformName: XP, rotatable: false, setWindowRect: true, takesHeapSnapshot: true, takesScreenshot: true, unexpectedAlertBehaviour: , unhandledPromptBehavior: , version: 71.0.3578.98, webStorageEnabled: true}
Session ID: 1ac9e574c7d0839a2d1753741955e6f6)
	at com.kms.katalon.core.keyword.internal.KeywordMain.stepFailed(KeywordMain.groovy:36)
	at com.kms.katalon.core.webui.keyword.internal.WebUIKeywordMain.stepFailed(WebUIKeywordMain.groovy:65)
	at com.kms.katalon.core.webui.keyword.internal.WebUIKeywordMain.runKeyword(WebUIKeywordMain.groovy:27)
	at com.kms.katalon.core.webui.keyword.builtin.ClickKeyword.click(ClickKeyword.groovy:86)
	at com.kms.katalon.core.webui.keyword.builtin.ClickKeyword.execute(ClickKeyword.groovy:67)
	at com.kms.katalon.core.keyword.internal.KeywordExecutor.executeKeywordForPlatform(KeywordExecutor.groovy:53)
	at com.kms.katalon.core.webui.keyword.WebUiBuiltInKeywords.click(WebUiBuiltInKeywords.groovy:616)
	at com.kms.katalon.core.webui.keyword.WebUiBuiltInKeywords$click$5.call(Unknown Source)
	at User can send a Welcome Email.run(User can send a Welcome Email:25)
	at com.kms.katalon.core.main.ScriptEngine.run(ScriptEngine.java:194)
	at com.kms.katalon.core.main.ScriptEngine.runScriptAsRawText(ScriptEngine.java:119)
	at com.kms.katalon.core.main.TestCaseExecutor.runScript(TestCaseExecutor.java:328)
	at com.kms.katalon.core.main.TestCaseExecutor.doExecute(TestCaseExecutor.java:319)
	at com.kms.katalon.core.main.TestCaseExecutor.processExecutionPhase(TestCaseExecutor.java:298)
	at com.kms.katalon.core.main.TestCaseExecutor.accessMainPhase(TestCaseExecutor.java:290)
	at com.kms.katalon.core.main.TestCaseExecutor.execute(TestCaseExecutor.java:224)
	at com.kms.katalon.core.main.TestSuiteExecutor.accessTestCaseMainPhase(TestSuiteExecutor.java:129)
	at com.kms.katalon.core.main.TestSuiteExecutor.accessTestSuiteMainPhase(TestSuiteExecutor.java:112)
	at com.kms.katalon.core.main.TestSuiteExecutor.execute(TestSuiteExecutor.java:81)
	at com.kms.katalon.core.main.TestCaseMain.startTestSuite(TestCaseMain.java:149)
	at com.kms.katalon.core.main.TestCaseMain$startTestSuite$0.call(Unknown Source)
	at TempTestSuite1548215797467.run(TempTestSuite1548215797467.groovy:36)]]></system-out>
         <system-err><![CDATA[2019-01-22 22:06:25 - [TEST_CASE][FAILED] - Test Cases/UI/Employee/Users Editor/User can send a Welcome Email: Test Cases/UI/Employee/Users Editor/User can send a Welcome Email FAILED.
Reason:
com.kms.katalon.core.exception.StepFailedException: Unable to click on object 'Object Repository/UI/Employee/user detail/modify user/Page_AMPS Portal/Page_AMPS Portal/button_Filter' (Root cause: org.openqa.selenium.WebDriverException: unknown error: Element <button type="submit" tabindex="5" class="btn btn-gray" style="flex: 3 1 0%; margin: 20px 0px 0px;">...</button> is not clickable at point (1273, 217). Other element would receive the click: <div class="loader-wrapper">...</div>
  (Session info: chrome=71.0.3578.98)
  (Driver info: chromedriver=2.43.600210 (68dcf5eebde37173d4027fa8635e332711d2874a),platform=Windows NT 10.0.15063 x86_64) (WARNING: The server did not provide any stacktrace information)
Command duration or timeout: 0 milliseconds
Build info: version: '3.7.1', revision: '8a0099a', time: '2017-11-06T21:07:36.161Z'
System info: host: 'TDG-MBL-MTY0359', ip: '192.168.1.97', os.name: 'Windows 10', os.arch: 'amd64', os.version: '10.0', java.version: '1.8.0_181'
Driver info: com.kms.katalon.selenium.driver.CChromeDriver
Capabilities {acceptInsecureCerts: false, acceptSslCerts: false, applicationCacheEnabled: false, browserConnectionEnabled: false, browserName: chrome, chrome: {chromedriverVersion: 2.43.600210 (68dcf5eebde371..., userDataDir: C:\Users\DAVIDA~1\AppData\L...}, cssSelectorsEnabled: true, databaseEnabled: false, goog:chromeOptions: {debuggerAddress: localhost:59812}, handlesAlerts: true, hasTouchScreen: false, javascriptEnabled: true, locationContextEnabled: true, mobileEmulationEnabled: false, nativeEvents: true, networkConnectionEnabled: false, pageLoadStrategy: normal, platform: XP, platformName: XP, rotatable: false, setWindowRect: true, takesHeapSnapshot: true, takesScreenshot: true, unexpectedAlertBehaviour: , unhandledPromptBehavior: , version: 71.0.3578.98, webStorageEnabled: true}
Session ID: 1ac9e574c7d0839a2d1753741955e6f6)
	at com.kms.katalon.core.keyword.internal.KeywordMain.stepFailed(KeywordMain.groovy:36)
	at com.kms.katalon.core.webui.keyword.internal.WebUIKeywordMain.stepFailed(WebUIKeywordMain.groovy:65)
	at com.kms.katalon.core.webui.keyword.internal.WebUIKeywordMain.runKeyword(WebUIKeywordMain.groovy:27)
	at com.kms.katalon.core.webui.keyword.builtin.ClickKeyword.click(ClickKeyword.groovy:86)
	at com.kms.katalon.core.webui.keyword.builtin.ClickKeyword.execute(ClickKeyword.groovy:67)
	at com.kms.katalon.core.keyword.internal.KeywordExecutor.executeKeywordForPlatform(KeywordExecutor.groovy:53)
	at com.kms.katalon.core.webui.keyword.WebUiBuiltInKeywords.click(WebUiBuiltInKeywords.groovy:616)
	at com.kms.katalon.core.webui.keyword.WebUiBuiltInKeywords$click$5.call(Unknown Source)
	at User can send a Welcome Email.run(User can send a Welcome Email:25)
	at com.kms.katalon.core.main.ScriptEngine.run(ScriptEngine.java:194)
	at com.kms.katalon.core.main.ScriptEngine.runScriptAsRawText(ScriptEngine.java:119)
	at com.kms.katalon.core.main.TestCaseExecutor.runScript(TestCaseExecutor.java:328)
	at com.kms.katalon.core.main.TestCaseExecutor.doExecute(TestCaseExecutor.java:319)
	at com.kms.katalon.core.main.TestCaseExecutor.processExecutionPhase(TestCaseExecutor.java:298)
	at com.kms.katalon.core.main.TestCaseExecutor.accessMainPhase(TestCaseExecutor.java:290)
	at com.kms.katalon.core.main.TestCaseExecutor.execute(TestCaseExecutor.java:224)
	at com.kms.katalon.core.main.TestSuiteExecutor.accessTestCaseMainPhase(TestSuiteExecutor.java:129)
	at com.kms.katalon.core.main.TestSuiteExecutor.accessTestSuiteMainPhase(TestSuiteExecutor.java:112)
	at com.kms.katalon.core.main.TestSuiteExecutor.execute(TestSuiteExecutor.java:81)
	at com.kms.katalon.core.main.TestCaseMain.startTestSuite(TestCaseMain.java:149)
	at com.kms.katalon.core.main.TestCaseMain$startTestSuite$0.call(Unknown Source)
	at TempTestSuite1548215797467.run(TempTestSuite1548215797467.groovy:36)]]></system-err>
      </testcase>
      <testcase name="Test Cases/UI/Employee/Users Editor/User with edit role can edit admin users" classname="Test Cases/UI/Employee/Users Editor/User with edit role can edit admin users" status="PASSED">
         <system-out><![CDATA[2019-01-22 22:07:16 - [TEST_CASE][PASSED] - Test Cases/UI/Employee/Users Editor/User with edit role can edit admin users: Test Cases/UI/Employee/Users Editor/User with edit role can edit admin users

2019-01-22 22:07:16 - [TEST_STEP][PASSED] - callTestCase(findTestCase("UI/General/AdminLogin"), [:], STOP_ON_FAILURE): Call Test Case 'Test Cases/UI/General/AdminLogin' successfully

2019-01-22 22:07:16 - [TEST_CASE][PASSED] - Test Cases/UI/General/AdminLogin: Test Cases/UI/General/AdminLogin

2019-01-22 22:07:16 - [TEST_STEP][PASSED] - openBrowser(""): Browser is opened with url: ''

2019-01-22 22:07:16 - [MESSAGE][WARNING] - A browser is already opened. Closing browser and opening a new one

2019-01-22 22:07:16 - [MESSAGE][INFO] - Starting 'Chrome' driver

2019-01-22 22:07:19 - [MESSAGE][PASSED] - Browser is opened with url: ''

2019-01-22 22:07:19 - [TEST_STEP][PASSED] - maximizeWindow(): Current window maximized

2019-01-22 22:07:20 - [MESSAGE][PASSED] - Current window maximized

2019-01-22 22:07:20 - [TEST_STEP][PASSED] - navigateToUrl(Url): Navigate to 'https://uat.advancedpricing.com/' successfully

2019-01-22 22:07:44 - [MESSAGE][PASSED] - Navigate to 'https://uat.advancedpricing.com/' successfully

2019-01-22 22:07:44 - [TEST_STEP][PASSED] - setText(findTestObject("UI/General/Page_LoginPage/input_User"), UserName): Text 'qaAuto' is set on object 'Object Repository/UI/General/Page_LoginPage/input_User'

2019-01-22 22:07:44 - [MESSAGE][PASSED] - Text 'qaAuto' is set on object 'Object Repository/UI/General/Page_LoginPage/input_User'

2019-01-22 22:07:44 - [TEST_STEP][PASSED] - setText(findTestObject("UI/General/Page_LoginPage/input_Password"), Password): Text 'a9yk100dD' is set on object 'Object Repository/UI/General/Page_LoginPage/input_Password'

2019-01-22 22:07:44 - [MESSAGE][PASSED] - Text 'a9yk100dD' is set on object 'Object Repository/UI/General/Page_LoginPage/input_Password'

2019-01-22 22:07:44 - [TEST_STEP][PASSED] - click(findTestObject("UI/General/Page_LoginPage/button_Login")): Object: 'Object Repository/UI/General/Page_LoginPage/button_Login' is clicked on

2019-01-22 22:07:45 - [MESSAGE][PASSED] - Object: 'Object Repository/UI/General/Page_LoginPage/button_Login' is clicked on

2019-01-22 22:07:45 - [MESSAGE][PASSED] - Call Test Case 'Test Cases/UI/General/AdminLogin' successfully

2019-01-22 22:07:45 - [TEST_STEP][PASSED] - click(findTestObject("UI/Employee/user detail/modify user/Page_AMPS Portal/Page_AMPS Portal/span_Users")): Object: 'Object Repository/UI/Employee/user detail/modify user/Page_AMPS Portal/Page_AMPS Portal/span_Users' is clicked on

2019-01-22 22:07:46 - [MESSAGE][PASSED] - Object: 'Object Repository/UI/Employee/user detail/modify user/Page_AMPS Portal/Page_AMPS Portal/span_Users' is clicked on

2019-01-22 22:07:46 - [TEST_STEP][PASSED] - delay(5): Delayed 5 second(s)

2019-01-22 22:07:51 - [MESSAGE][PASSED] - Delayed 5 second(s)

2019-01-22 22:07:51 - [TEST_STEP][PASSED] - setText(findTestObject("UI/Employee/user detail/modify user/Page_AMPS Portal/Page_AMPS Portal/input_User Code_code"), "purposeTest"): Text 'purposeTest' is set on object 'Object Repository/UI/Employee/user detail/modify user/Page_AMPS Portal/Page_AMPS Portal/input_User Code_code'

2019-01-22 22:07:51 - [MESSAGE][PASSED] - Text 'purposeTest' is set on object 'Object Repository/UI/Employee/user detail/modify user/Page_AMPS Portal/Page_AMPS Portal/input_User Code_code'

2019-01-22 22:07:51 - [TEST_STEP][PASSED] - click(findTestObject("UI/Employee/user detail/modify user/Page_AMPS Portal/Page_AMPS Portal/button_Filter")): Object: 'Object Repository/UI/Employee/user detail/modify user/Page_AMPS Portal/Page_AMPS Portal/button_Filter' is clicked on

2019-01-22 22:07:51 - [MESSAGE][PASSED] - Object: 'Object Repository/UI/Employee/user detail/modify user/Page_AMPS Portal/Page_AMPS Portal/button_Filter' is clicked on

2019-01-22 22:07:51 - [TEST_STEP][PASSED] - delay(5): Delayed 5 second(s)

2019-01-22 22:07:56 - [MESSAGE][PASSED] - Delayed 5 second(s)

2019-01-22 22:07:56 - [TEST_STEP][PASSED] - click(findTestObject("UI/Employee/user detail/modify user/Page_AMPS Portal/Page_AMPS Portal/i_Status_fa fa-pencil")): Object: 'Object Repository/UI/Employee/user detail/modify user/Page_AMPS Portal/Page_AMPS Portal/i_Status_fa fa-pencil' is clicked on

2019-01-22 22:07:57 - [MESSAGE][PASSED] - Object: 'Object Repository/UI/Employee/user detail/modify user/Page_AMPS Portal/Page_AMPS Portal/i_Status_fa fa-pencil' is clicked on

2019-01-22 22:07:57 - [TEST_STEP][PASSED] - delay(5): Delayed 5 second(s)

2019-01-22 22:08:02 - [MESSAGE][PASSED] - Delayed 5 second(s)

2019-01-22 22:08:02 - [TEST_STEP][PASSED] - click(findTestObject("UI/Employee/user detail/modify user/Page_AMPS Portal/Page_AMPS Portal/a_Access")): Object: 'Object Repository/UI/Employee/user detail/modify user/Page_AMPS Portal/Page_AMPS Portal/a_Access' is clicked on

2019-01-22 22:08:02 - [MESSAGE][PASSED] - Object: 'Object Repository/UI/Employee/user detail/modify user/Page_AMPS Portal/Page_AMPS Portal/a_Access' is clicked on

2019-01-22 22:08:02 - [TEST_STEP][PASSED] - click(findTestObject("UI/Employee/user detail/modify user/Page_AMPS Portal/Page_AMPS Portal/span_All Groups")): Object: 'Object Repository/UI/Employee/user detail/modify user/Page_AMPS Portal/Page_AMPS Portal/span_All Groups' is clicked on

2019-01-22 22:08:02 - [MESSAGE][PASSED] - Object: 'Object Repository/UI/Employee/user detail/modify user/Page_AMPS Portal/Page_AMPS Portal/span_All Groups' is clicked on

2019-01-22 22:08:02 - [TEST_STEP][PASSED] - click(findTestObject("UI/Employee/user detail/modify user/Page_AMPS Portal/Page_AMPS Portal/a_")): Object: 'Object Repository/UI/Employee/user detail/modify user/Page_AMPS Portal/Page_AMPS Portal/a_' is clicked on

2019-01-22 22:08:02 - [MESSAGE][PASSED] - Object: 'Object Repository/UI/Employee/user detail/modify user/Page_AMPS Portal/Page_AMPS Portal/a_' is clicked on

2019-01-22 22:08:02 - [TEST_STEP][PASSED] - click(findTestObject("UI/Employee/user detail/modify user/Page_AMPS Portal/Page_AMPS Portal/a_Basics")): Object: 'Object Repository/UI/Employee/user detail/modify user/Page_AMPS Portal/Page_AMPS Portal/a_Basics' is clicked on

2019-01-22 22:08:02 - [MESSAGE][PASSED] - Object: 'Object Repository/UI/Employee/user detail/modify user/Page_AMPS Portal/Page_AMPS Portal/a_Basics' is clicked on

2019-01-22 22:08:02 - [TEST_STEP][PASSED] - delay(5): Delayed 5 second(s)

2019-01-22 22:08:07 - [MESSAGE][PASSED] - Delayed 5 second(s)

2019-01-22 22:08:07 - [TEST_STEP][PASSED] - setText(findTestObject("UI/Employee/user detail/modify user/Page_AMPS Portal/Page_AMPS Portal/input_Mobile_mobile"), "909-564-2554"): Text '909-564-2554' is set on object 'Object Repository/UI/Employee/user detail/modify user/Page_AMPS Portal/Page_AMPS Portal/input_Mobile_mobile'

2019-01-22 22:08:08 - [MESSAGE][PASSED] - Text '909-564-2554' is set on object 'Object Repository/UI/Employee/user detail/modify user/Page_AMPS Portal/Page_AMPS Portal/input_Mobile_mobile'

2019-01-22 22:08:08 - [TEST_STEP][PASSED] - click(findTestObject("UI/Employee/user detail/modify user/Page_AMPS Portal/Page_AMPS Portal/button_Save")): Object: 'Object Repository/UI/Employee/user detail/modify user/Page_AMPS Portal/Page_AMPS Portal/button_Save' is clicked on

2019-01-22 22:08:08 - [MESSAGE][PASSED] - Object: 'Object Repository/UI/Employee/user detail/modify user/Page_AMPS Portal/Page_AMPS Portal/button_Save' is clicked on

2019-01-22 22:08:08 - [TEST_STEP][PASSED] - click(findTestObject("UI/Employee/user detail/modify user/Page_AMPS Portal/Page_AMPS Portal/h2_User Updated")): Object: 'Object Repository/UI/Employee/user detail/modify user/Page_AMPS Portal/Page_AMPS Portal/h2_User Updated' is clicked on

2019-01-22 22:08:11 - [MESSAGE][PASSED] - Object: 'Object Repository/UI/Employee/user detail/modify user/Page_AMPS Portal/Page_AMPS Portal/h2_User Updated' is clicked on

2019-01-22 22:08:11 - [TEST_STEP][PASSED] - verifyTextPresent("User Updated", false): Text 'User Updated' is present on page 

2019-01-22 22:08:11 - [MESSAGE][PASSED] - Text 'User Updated' is present on page 

2019-01-22 22:08:11 - [TEST_STEP][PASSED] - click(findTestObject("UI/Employee/user detail/modify user/Page_AMPS Portal/Page_AMPS Portal/button_OK")): Object: 'Object Repository/UI/Employee/user detail/modify user/Page_AMPS Portal/Page_AMPS Portal/button_OK' is clicked on

2019-01-22 22:08:12 - [MESSAGE][PASSED] - Object: 'Object Repository/UI/Employee/user detail/modify user/Page_AMPS Portal/Page_AMPS Portal/button_OK' is clicked on

2019-01-22 22:08:12 - [TEST_STEP][PASSED] - closeBrowser(): Browser is closed

2019-01-22 22:08:12 - [MESSAGE][PASSED] - Browser is closed]]></system-out>
         <system-err><![CDATA[]]></system-err>
      </testcase>
      <testcase name="Test Cases/UI/Employee/Users Editor/User with edit role can edit users" classname="Test Cases/UI/Employee/Users Editor/User with edit role can edit users" status="PASSED">
         <system-out><![CDATA[2019-01-22 22:08:12 - [TEST_CASE][PASSED] - Test Cases/UI/Employee/Users Editor/User with edit role can edit users: Test Cases/UI/Employee/Users Editor/User with edit role can edit users

2019-01-22 22:08:12 - [TEST_STEP][PASSED] - callTestCase(findTestCase("UI/General/AdminLogin"), [:], STOP_ON_FAILURE): Call Test Case 'Test Cases/UI/General/AdminLogin' successfully

2019-01-22 22:08:12 - [TEST_CASE][PASSED] - Test Cases/UI/General/AdminLogin: Test Cases/UI/General/AdminLogin

2019-01-22 22:08:12 - [TEST_STEP][PASSED] - openBrowser(""): Browser is opened with url: ''

2019-01-22 22:08:12 - [MESSAGE][INFO] - Starting 'Chrome' driver

2019-01-22 22:08:15 - [MESSAGE][PASSED] - Browser is opened with url: ''

2019-01-22 22:08:15 - [TEST_STEP][PASSED] - maximizeWindow(): Current window maximized

2019-01-22 22:08:16 - [MESSAGE][PASSED] - Current window maximized

2019-01-22 22:08:16 - [TEST_STEP][PASSED] - navigateToUrl(Url): Navigate to 'https://uat.advancedpricing.com/' successfully

2019-01-22 22:08:18 - [MESSAGE][PASSED] - Navigate to 'https://uat.advancedpricing.com/' successfully

2019-01-22 22:08:18 - [TEST_STEP][PASSED] - setText(findTestObject("UI/General/Page_LoginPage/input_User"), UserName): Text 'qaAuto' is set on object 'Object Repository/UI/General/Page_LoginPage/input_User'

2019-01-22 22:08:18 - [MESSAGE][PASSED] - Text 'qaAuto' is set on object 'Object Repository/UI/General/Page_LoginPage/input_User'

2019-01-22 22:08:18 - [TEST_STEP][PASSED] - setText(findTestObject("UI/General/Page_LoginPage/input_Password"), Password): Text 'a9yk100dD' is set on object 'Object Repository/UI/General/Page_LoginPage/input_Password'

2019-01-22 22:08:18 - [MESSAGE][PASSED] - Text 'a9yk100dD' is set on object 'Object Repository/UI/General/Page_LoginPage/input_Password'

2019-01-22 22:08:18 - [TEST_STEP][PASSED] - click(findTestObject("UI/General/Page_LoginPage/button_Login")): Object: 'Object Repository/UI/General/Page_LoginPage/button_Login' is clicked on

2019-01-22 22:08:18 - [MESSAGE][PASSED] - Object: 'Object Repository/UI/General/Page_LoginPage/button_Login' is clicked on

2019-01-22 22:08:18 - [MESSAGE][PASSED] - Call Test Case 'Test Cases/UI/General/AdminLogin' successfully

2019-01-22 22:08:18 - [TEST_STEP][PASSED] - click(findTestObject("UI/Employee/user detail/modify user/Page_AMPS Portal/Page_AMPS Portal/span_Users")): Object: 'Object Repository/UI/Employee/user detail/modify user/Page_AMPS Portal/Page_AMPS Portal/span_Users' is clicked on

2019-01-22 22:08:19 - [MESSAGE][PASSED] - Object: 'Object Repository/UI/Employee/user detail/modify user/Page_AMPS Portal/Page_AMPS Portal/span_Users' is clicked on

2019-01-22 22:08:19 - [TEST_STEP][PASSED] - delay(5): Delayed 5 second(s)

2019-01-22 22:08:24 - [MESSAGE][PASSED] - Delayed 5 second(s)

2019-01-22 22:08:24 - [TEST_STEP][PASSED] - setText(findTestObject("UI/Employee/user detail/modify user/Page_AMPS Portal/Page_AMPS Portal/input_User Code_code"), "testPurpose"): Text 'testPurpose' is set on object 'Object Repository/UI/Employee/user detail/modify user/Page_AMPS Portal/Page_AMPS Portal/input_User Code_code'

2019-01-22 22:08:25 - [MESSAGE][PASSED] - Text 'testPurpose' is set on object 'Object Repository/UI/Employee/user detail/modify user/Page_AMPS Portal/Page_AMPS Portal/input_User Code_code'

2019-01-22 22:08:25 - [TEST_STEP][PASSED] - click(findTestObject("UI/Employee/user detail/modify user/Page_AMPS Portal/Page_AMPS Portal/button_Filter")): Object: 'Object Repository/UI/Employee/user detail/modify user/Page_AMPS Portal/Page_AMPS Portal/button_Filter' is clicked on

2019-01-22 22:08:25 - [MESSAGE][PASSED] - Object: 'Object Repository/UI/Employee/user detail/modify user/Page_AMPS Portal/Page_AMPS Portal/button_Filter' is clicked on

2019-01-22 22:08:25 - [TEST_STEP][PASSED] - delay(5): Delayed 5 second(s)

2019-01-22 22:08:30 - [MESSAGE][PASSED] - Delayed 5 second(s)

2019-01-22 22:08:30 - [TEST_STEP][PASSED] - click(findTestObject("UI/Employee/user detail/modify user/Page_AMPS Portal/Page_AMPS Portal/i_Status_fa fa-pencil")): Object: 'Object Repository/UI/Employee/user detail/modify user/Page_AMPS Portal/Page_AMPS Portal/i_Status_fa fa-pencil' is clicked on

2019-01-22 22:08:30 - [MESSAGE][PASSED] - Object: 'Object Repository/UI/Employee/user detail/modify user/Page_AMPS Portal/Page_AMPS Portal/i_Status_fa fa-pencil' is clicked on

2019-01-22 22:08:30 - [TEST_STEP][PASSED] - delay(5): Delayed 5 second(s)

2019-01-22 22:08:35 - [MESSAGE][PASSED] - Delayed 5 second(s)

2019-01-22 22:08:35 - [TEST_STEP][PASSED] - click(findTestObject("UI/Employee/user detail/modify user/Page_AMPS Portal/Page_AMPS Portal/a_Access")): Object: 'Object Repository/UI/Employee/user detail/modify user/Page_AMPS Portal/Page_AMPS Portal/a_Access' is clicked on

2019-01-22 22:08:35 - [MESSAGE][PASSED] - Object: 'Object Repository/UI/Employee/user detail/modify user/Page_AMPS Portal/Page_AMPS Portal/a_Access' is clicked on

2019-01-22 22:08:35 - [TEST_STEP][PASSED] - click(findTestObject("UI/Employee/user detail/modify user/Page_AMPS Portal/Page_AMPS Portal/span_All Groups")): Object: 'Object Repository/UI/Employee/user detail/modify user/Page_AMPS Portal/Page_AMPS Portal/span_All Groups' is clicked on

2019-01-22 22:08:35 - [MESSAGE][PASSED] - Object: 'Object Repository/UI/Employee/user detail/modify user/Page_AMPS Portal/Page_AMPS Portal/span_All Groups' is clicked on

2019-01-22 22:08:35 - [TEST_STEP][PASSED] - click(findTestObject("UI/Employee/user detail/modify user/Page_AMPS Portal/Page_AMPS Portal/a_")): Object: 'Object Repository/UI/Employee/user detail/modify user/Page_AMPS Portal/Page_AMPS Portal/a_' is clicked on

2019-01-22 22:08:35 - [MESSAGE][PASSED] - Object: 'Object Repository/UI/Employee/user detail/modify user/Page_AMPS Portal/Page_AMPS Portal/a_' is clicked on

2019-01-22 22:08:35 - [TEST_STEP][PASSED] - click(findTestObject("UI/Employee/user detail/modify user/Page_AMPS Portal/Page_AMPS Portal/a_Basics")): Object: 'Object Repository/UI/Employee/user detail/modify user/Page_AMPS Portal/Page_AMPS Portal/a_Basics' is clicked on

2019-01-22 22:08:36 - [MESSAGE][PASSED] - Object: 'Object Repository/UI/Employee/user detail/modify user/Page_AMPS Portal/Page_AMPS Portal/a_Basics' is clicked on

2019-01-22 22:08:36 - [TEST_STEP][PASSED] - delay(5): Delayed 5 second(s)

2019-01-22 22:08:41 - [MESSAGE][PASSED] - Delayed 5 second(s)

2019-01-22 22:08:41 - [TEST_STEP][PASSED] - setText(findTestObject("UI/Employee/user detail/modify user/Page_AMPS Portal/Page_AMPS Portal/input_Mobile_mobile"), "909-564-2554"): Text '909-564-2554' is set on object 'Object Repository/UI/Employee/user detail/modify user/Page_AMPS Portal/Page_AMPS Portal/input_Mobile_mobile'

2019-01-22 22:08:41 - [MESSAGE][PASSED] - Text '909-564-2554' is set on object 'Object Repository/UI/Employee/user detail/modify user/Page_AMPS Portal/Page_AMPS Portal/input_Mobile_mobile'

2019-01-22 22:08:41 - [TEST_STEP][PASSED] - click(findTestObject("UI/Employee/user detail/modify user/Page_AMPS Portal/Page_AMPS Portal/button_Save")): Object: 'Object Repository/UI/Employee/user detail/modify user/Page_AMPS Portal/Page_AMPS Portal/button_Save' is clicked on

2019-01-22 22:08:41 - [MESSAGE][PASSED] - Object: 'Object Repository/UI/Employee/user detail/modify user/Page_AMPS Portal/Page_AMPS Portal/button_Save' is clicked on

2019-01-22 22:08:41 - [TEST_STEP][PASSED] - click(findTestObject("UI/Employee/user detail/modify user/Page_AMPS Portal/Page_AMPS Portal/h2_User Updated")): Object: 'Object Repository/UI/Employee/user detail/modify user/Page_AMPS Portal/Page_AMPS Portal/h2_User Updated' is clicked on

2019-01-22 22:08:44 - [MESSAGE][PASSED] - Object: 'Object Repository/UI/Employee/user detail/modify user/Page_AMPS Portal/Page_AMPS Portal/h2_User Updated' is clicked on

2019-01-22 22:08:44 - [TEST_STEP][PASSED] - verifyTextPresent("User Updated", false): Text 'User Updated' is present on page 

2019-01-22 22:08:45 - [MESSAGE][PASSED] - Text 'User Updated' is present on page 

2019-01-22 22:08:45 - [TEST_STEP][PASSED] - click(findTestObject("UI/Employee/user detail/modify user/Page_AMPS Portal/Page_AMPS Portal/button_OK")): Object: 'Object Repository/UI/Employee/user detail/modify user/Page_AMPS Portal/Page_AMPS Portal/button_OK' is clicked on

2019-01-22 22:08:45 - [MESSAGE][PASSED] - Object: 'Object Repository/UI/Employee/user detail/modify user/Page_AMPS Portal/Page_AMPS Portal/button_OK' is clicked on

2019-01-22 22:08:45 - [TEST_STEP][PASSED] - closeBrowser(): Browser is closed

2019-01-22 22:08:45 - [MESSAGE][PASSED] - Browser is closed]]></system-out>
         <system-err><![CDATA[]]></system-err>
      </testcase>
      <testcase name="Test Cases/UI/Employee/Users Editor/User with no admin role can not edit users" classname="Test Cases/UI/Employee/Users Editor/User with no admin role can not edit users" status="FAILED">
         <failure type="FAILED" message="Test Cases/UI/Employee/Users Editor/User with no admin role can not edit users FAILED.
Reason:
com.kms.katalon.core.exception.StepFailedException: Unable to set text 'null' of object 'Object Repository/UI/General/Page_LoginPage/input_User' (Root cause: java.lang.IllegalArgumentException: Text is null)
	at com.kms.katalon.core.keyword.internal.KeywordMain.stepFailed(KeywordMain.groovy:36)
	at com.kms.katalon.core.webui.keyword.internal.WebUIKeywordMain.stepFailed(WebUIKeywordMain.groovy:65)
	at com.kms.katalon.core.webui.keyword.internal.WebUIKeywordMain.runKeyword(WebUIKeywordMain.groovy:27)
	at com.kms.katalon.core.webui.keyword.builtin.SetTextKeyword.setText(SetTextKeyword.groovy:65)
	at com.kms.katalon.core.webui.keyword.builtin.SetTextKeyword.execute(SetTextKeyword.groovy:37)
	at com.kms.katalon.core.keyword.internal.KeywordExecutor.executeKeywordForPlatform(KeywordExecutor.groovy:53)
	at com.kms.katalon.core.webui.keyword.WebUiBuiltInKeywords.setText(WebUiBuiltInKeywords.groovy:950)
	at com.kms.katalon.core.webui.keyword.WebUiBuiltInKeywords$setText$3.call(Unknown Source)
	at No Admin Login.run(No Admin Login:22)
	at com.kms.katalon.core.main.ScriptEngine.run(ScriptEngine.java:194)
	at com.kms.katalon.core.main.ScriptEngine.runScriptAsRawText(ScriptEngine.java:119)
	at com.kms.katalon.core.main.TestCaseExecutor.runScript(TestCaseExecutor.java:328)
	at com.kms.katalon.core.main.TestCaseExecutor.doExecute(TestCaseExecutor.java:319)
	at com.kms.katalon.core.main.TestCaseExecutor.processExecutionPhase(TestCaseExecutor.java:298)
	at com.kms.katalon.core.main.TestCaseExecutor.accessMainPhase(TestCaseExecutor.java:290)
	at com.kms.katalon.core.main.TestCaseExecutor.execute(TestCaseExecutor.java:224)
	at com.kms.katalon.core.main.TestCaseMain.runTestCase(TestCaseMain.java:106)
	at com.kms.katalon.core.keyword.builtin.CallTestCaseKeyword$_callTestCase_closure1.doCall(CallTestCaseKeyword.groovy:59)
	at com.kms.katalon.core.keyword.builtin.CallTestCaseKeyword$_callTestCase_closure1.call(CallTestCaseKeyword.groovy)
	at com.kms.katalon.core.keyword.internal.KeywordMain.runKeyword(KeywordMain.groovy:54)
	at com.kms.katalon.core.keyword.builtin.CallTestCaseKeyword.callTestCase(CallTestCaseKeyword.groovy:80)
	at com.kms.katalon.core.keyword.builtin.CallTestCaseKeyword.execute(CallTestCaseKeyword.groovy:44)
	at com.kms.katalon.core.keyword.internal.KeywordExecutor.executeKeywordForPlatform(KeywordExecutor.groovy:53)
	at com.kms.katalon.core.keyword.BuiltinKeywords.callTestCase(BuiltinKeywords.groovy:334)
	at User with no admin role can not edit users.run(User with no admin role can not edit users:16)
	at com.kms.katalon.core.main.ScriptEngine.run(ScriptEngine.java:194)
	at com.kms.katalon.core.main.ScriptEngine.runScriptAsRawText(ScriptEngine.java:119)
	at com.kms.katalon.core.main.TestCaseExecutor.runScript(TestCaseExecutor.java:328)
	at com.kms.katalon.core.main.TestCaseExecutor.doExecute(TestCaseExecutor.java:319)
	at com.kms.katalon.core.main.TestCaseExecutor.processExecutionPhase(TestCaseExecutor.java:298)
	at com.kms.katalon.core.main.TestCaseExecutor.accessMainPhase(TestCaseExecutor.java:290)
	at com.kms.katalon.core.main.TestCaseExecutor.execute(TestCaseExecutor.java:224)
	at com.kms.katalon.core.main.TestSuiteExecutor.accessTestCaseMainPhase(TestSuiteExecutor.java:129)
	at com.kms.katalon.core.main.TestSuiteExecutor.accessTestSuiteMainPhase(TestSuiteExecutor.java:112)
	at com.kms.katalon.core.main.TestSuiteExecutor.execute(TestSuiteExecutor.java:81)
	at com.kms.katalon.core.main.TestCaseMain.startTestSuite(TestCaseMain.java:149)
	at com.kms.katalon.core.main.TestCaseMain$startTestSuite$0.call(Unknown Source)
	at TempTestSuite1548215797467.run(TempTestSuite1548215797467.groovy:36)
"/>
         <system-out><![CDATA[2019-01-22 22:08:46 - [TEST_CASE][FAILED] - Test Cases/UI/Employee/Users Editor/User with no admin role can not edit users: Test Cases/UI/Employee/Users Editor/User with no admin role can not edit users FAILED.
Reason:
com.kms.katalon.core.exception.StepFailedException: Unable to set text 'null' of object 'Object Repository/UI/General/Page_LoginPage/input_User' (Root cause: java.lang.IllegalArgumentException: Text is null)
	at com.kms.katalon.core.keyword.internal.KeywordMain.stepFailed(KeywordMain.groovy:36)
	at com.kms.katalon.core.webui.keyword.internal.WebUIKeywordMain.stepFailed(WebUIKeywordMain.groovy:65)
	at com.kms.katalon.core.webui.keyword.internal.WebUIKeywordMain.runKeyword(WebUIKeywordMain.groovy:27)
	at com.kms.katalon.core.webui.keyword.builtin.SetTextKeyword.setText(SetTextKeyword.groovy:65)
	at com.kms.katalon.core.webui.keyword.builtin.SetTextKeyword.execute(SetTextKeyword.groovy:37)
	at com.kms.katalon.core.keyword.internal.KeywordExecutor.executeKeywordForPlatform(KeywordExecutor.groovy:53)
	at com.kms.katalon.core.webui.keyword.WebUiBuiltInKeywords.setText(WebUiBuiltInKeywords.groovy:950)
	at com.kms.katalon.core.webui.keyword.WebUiBuiltInKeywords$setText$3.call(Unknown Source)
	at No Admin Login.run(No Admin Login:22)
	at com.kms.katalon.core.main.ScriptEngine.run(ScriptEngine.java:194)
	at com.kms.katalon.core.main.ScriptEngine.runScriptAsRawText(ScriptEngine.java:119)
	at com.kms.katalon.core.main.TestCaseExecutor.runScript(TestCaseExecutor.java:328)
	at com.kms.katalon.core.main.TestCaseExecutor.doExecute(TestCaseExecutor.java:319)
	at com.kms.katalon.core.main.TestCaseExecutor.processExecutionPhase(TestCaseExecutor.java:298)
	at com.kms.katalon.core.main.TestCaseExecutor.accessMainPhase(TestCaseExecutor.java:290)
	at com.kms.katalon.core.main.TestCaseExecutor.execute(TestCaseExecutor.java:224)
	at com.kms.katalon.core.main.TestCaseMain.runTestCase(TestCaseMain.java:106)
	at com.kms.katalon.core.keyword.builtin.CallTestCaseKeyword$_callTestCase_closure1.doCall(CallTestCaseKeyword.groovy:59)
	at com.kms.katalon.core.keyword.builtin.CallTestCaseKeyword$_callTestCase_closure1.call(CallTestCaseKeyword.groovy)
	at com.kms.katalon.core.keyword.internal.KeywordMain.runKeyword(KeywordMain.groovy:54)
	at com.kms.katalon.core.keyword.builtin.CallTestCaseKeyword.callTestCase(CallTestCaseKeyword.groovy:80)
	at com.kms.katalon.core.keyword.builtin.CallTestCaseKeyword.execute(CallTestCaseKeyword.groovy:44)
	at com.kms.katalon.core.keyword.internal.KeywordExecutor.executeKeywordForPlatform(KeywordExecutor.groovy:53)
	at com.kms.katalon.core.keyword.BuiltinKeywords.callTestCase(BuiltinKeywords.groovy:334)
	at User with no admin role can not edit users.run(User with no admin role can not edit users:16)
	at com.kms.katalon.core.main.ScriptEngine.run(ScriptEngine.java:194)
	at com.kms.katalon.core.main.ScriptEngine.runScriptAsRawText(ScriptEngine.java:119)
	at com.kms.katalon.core.main.TestCaseExecutor.runScript(TestCaseExecutor.java:328)
	at com.kms.katalon.core.main.TestCaseExecutor.doExecute(TestCaseExecutor.java:319)
	at com.kms.katalon.core.main.TestCaseExecutor.processExecutionPhase(TestCaseExecutor.java:298)
	at com.kms.katalon.core.main.TestCaseExecutor.accessMainPhase(TestCaseExecutor.java:290)
	at com.kms.katalon.core.main.TestCaseExecutor.execute(TestCaseExecutor.java:224)
	at com.kms.katalon.core.main.TestSuiteExecutor.accessTestCaseMainPhase(TestSuiteExecutor.java:129)
	at com.kms.katalon.core.main.TestSuiteExecutor.accessTestSuiteMainPhase(TestSuiteExecutor.java:112)
	at com.kms.katalon.core.main.TestSuiteExecutor.execute(TestSuiteExecutor.java:81)
	at com.kms.katalon.core.main.TestCaseMain.startTestSuite(TestCaseMain.java:149)
	at com.kms.katalon.core.main.TestCaseMain$startTestSuite$0.call(Unknown Source)
	at TempTestSuite1548215797467.run(TempTestSuite1548215797467.groovy:36)


2019-01-22 22:08:46 - [TEST_STEP][FAILED] - callTestCase(findTestCase("UI/General/No Admin Login"), [:], STOP_ON_FAILURE): callTestCase(findTestCase("UI/General/No Admin Login"), [:], STOP_ON_FAILURE) FAILED.
Reason:
com.kms.katalon.core.exception.StepFailedException: Unable to set text 'null' of object 'Object Repository/UI/General/Page_LoginPage/input_User' (Root cause: java.lang.IllegalArgumentException: Text is null)
	at com.kms.katalon.core.keyword.internal.KeywordMain.stepFailed(KeywordMain.groovy:36)
	at com.kms.katalon.core.webui.keyword.internal.WebUIKeywordMain.stepFailed(WebUIKeywordMain.groovy:65)
	at com.kms.katalon.core.webui.keyword.internal.WebUIKeywordMain.runKeyword(WebUIKeywordMain.groovy:27)
	at com.kms.katalon.core.webui.keyword.builtin.SetTextKeyword.setText(SetTextKeyword.groovy:65)
	at com.kms.katalon.core.webui.keyword.builtin.SetTextKeyword.execute(SetTextKeyword.groovy:37)
	at com.kms.katalon.core.keyword.internal.KeywordExecutor.executeKeywordForPlatform(KeywordExecutor.groovy:53)
	at com.kms.katalon.core.webui.keyword.WebUiBuiltInKeywords.setText(WebUiBuiltInKeywords.groovy:950)
	at com.kms.katalon.core.webui.keyword.WebUiBuiltInKeywords$setText$3.call(Unknown Source)
	at No Admin Login.run(No Admin Login:22)
	at com.kms.katalon.core.main.ScriptEngine.run(ScriptEngine.java:194)
	at com.kms.katalon.core.main.ScriptEngine.runScriptAsRawText(ScriptEngine.java:119)
	at com.kms.katalon.core.main.TestCaseExecutor.runScript(TestCaseExecutor.java:328)
	at com.kms.katalon.core.main.TestCaseExecutor.doExecute(TestCaseExecutor.java:319)
	at com.kms.katalon.core.main.TestCaseExecutor.processExecutionPhase(TestCaseExecutor.java:298)
	at com.kms.katalon.core.main.TestCaseExecutor.accessMainPhase(TestCaseExecutor.java:290)
	at com.kms.katalon.core.main.TestCaseExecutor.execute(TestCaseExecutor.java:224)
	at com.kms.katalon.core.main.TestCaseMain.runTestCase(TestCaseMain.java:106)
	at com.kms.katalon.core.keyword.builtin.CallTestCaseKeyword$_callTestCase_closure1.doCall(CallTestCaseKeyword.groovy:59)
	at com.kms.katalon.core.keyword.builtin.CallTestCaseKeyword$_callTestCase_closure1.call(CallTestCaseKeyword.groovy)
	at com.kms.katalon.core.keyword.internal.KeywordMain.runKeyword(KeywordMain.groovy:54)
	at com.kms.katalon.core.keyword.builtin.CallTestCaseKeyword.callTestCase(CallTestCaseKeyword.groovy:80)
	at com.kms.katalon.core.keyword.builtin.CallTestCaseKeyword.execute(CallTestCaseKeyword.groovy:44)
	at com.kms.katalon.core.keyword.internal.KeywordExecutor.executeKeywordForPlatform(KeywordExecutor.groovy:53)
	at com.kms.katalon.core.keyword.BuiltinKeywords.callTestCase(BuiltinKeywords.groovy:334)
	at User with no admin role can not edit users.run(User with no admin role can not edit users:16)
	at com.kms.katalon.core.main.ScriptEngine.run(ScriptEngine.java:194)
	at com.kms.katalon.core.main.ScriptEngine.runScriptAsRawText(ScriptEngine.java:119)
	at com.kms.katalon.core.main.TestCaseExecutor.runScript(TestCaseExecutor.java:328)
	at com.kms.katalon.core.main.TestCaseExecutor.doExecute(TestCaseExecutor.java:319)
	at com.kms.katalon.core.main.TestCaseExecutor.processExecutionPhase(TestCaseExecutor.java:298)
	at com.kms.katalon.core.main.TestCaseExecutor.accessMainPhase(TestCaseExecutor.java:290)
	at com.kms.katalon.core.main.TestCaseExecutor.execute(TestCaseExecutor.java:224)
	at com.kms.katalon.core.main.TestSuiteExecutor.accessTestCaseMainPhase(TestSuiteExecutor.java:129)
	at com.kms.katalon.core.main.TestSuiteExecutor.accessTestSuiteMainPhase(TestSuiteExecutor.java:112)
	at com.kms.katalon.core.main.TestSuiteExecutor.execute(TestSuiteExecutor.java:81)
	at com.kms.katalon.core.main.TestCaseMain.startTestSuite(TestCaseMain.java:149)
	at com.kms.katalon.core.main.TestCaseMain$startTestSuite$0.call(Unknown Source)
	at TempTestSuite1548215797467.run(TempTestSuite1548215797467.groovy:36)


2019-01-22 22:08:46 - [TEST_CASE][FAILED] - Test Cases/UI/General/No Admin Login: Test Cases/UI/General/No Admin Login FAILED.
Reason:
com.kms.katalon.core.exception.StepFailedException: Unable to set text 'null' of object 'Object Repository/UI/General/Page_LoginPage/input_User' (Root cause: java.lang.IllegalArgumentException: Text is null)
	at com.kms.katalon.core.keyword.internal.KeywordMain.stepFailed(KeywordMain.groovy:36)
	at com.kms.katalon.core.webui.keyword.internal.WebUIKeywordMain.stepFailed(WebUIKeywordMain.groovy:65)
	at com.kms.katalon.core.webui.keyword.internal.WebUIKeywordMain.runKeyword(WebUIKeywordMain.groovy:27)
	at com.kms.katalon.core.webui.keyword.builtin.SetTextKeyword.setText(SetTextKeyword.groovy:65)
	at com.kms.katalon.core.webui.keyword.builtin.SetTextKeyword.execute(SetTextKeyword.groovy:37)
	at com.kms.katalon.core.keyword.internal.KeywordExecutor.executeKeywordForPlatform(KeywordExecutor.groovy:53)
	at com.kms.katalon.core.webui.keyword.WebUiBuiltInKeywords.setText(WebUiBuiltInKeywords.groovy:950)
	at com.kms.katalon.core.webui.keyword.WebUiBuiltInKeywords$setText$3.call(Unknown Source)
	at No Admin Login.run(No Admin Login:22)
	at com.kms.katalon.core.main.ScriptEngine.run(ScriptEngine.java:194)
	at com.kms.katalon.core.main.ScriptEngine.runScriptAsRawText(ScriptEngine.java:119)
	at com.kms.katalon.core.main.TestCaseExecutor.runScript(TestCaseExecutor.java:328)
	at com.kms.katalon.core.main.TestCaseExecutor.doExecute(TestCaseExecutor.java:319)
	at com.kms.katalon.core.main.TestCaseExecutor.processExecutionPhase(TestCaseExecutor.java:298)
	at com.kms.katalon.core.main.TestCaseExecutor.accessMainPhase(TestCaseExecutor.java:290)
	at com.kms.katalon.core.main.TestCaseExecutor.execute(TestCaseExecutor.java:224)
	at com.kms.katalon.core.main.TestCaseMain.runTestCase(TestCaseMain.java:106)
	at com.kms.katalon.core.keyword.builtin.CallTestCaseKeyword$_callTestCase_closure1.doCall(CallTestCaseKeyword.groovy:59)
	at com.kms.katalon.core.keyword.builtin.CallTestCaseKeyword$_callTestCase_closure1.call(CallTestCaseKeyword.groovy)
	at com.kms.katalon.core.keyword.internal.KeywordMain.runKeyword(KeywordMain.groovy:54)
	at com.kms.katalon.core.keyword.builtin.CallTestCaseKeyword.callTestCase(CallTestCaseKeyword.groovy:80)
	at com.kms.katalon.core.keyword.builtin.CallTestCaseKeyword.execute(CallTestCaseKeyword.groovy:44)
	at com.kms.katalon.core.keyword.internal.KeywordExecutor.executeKeywordForPlatform(KeywordExecutor.groovy:53)
	at com.kms.katalon.core.keyword.BuiltinKeywords.callTestCase(BuiltinKeywords.groovy:334)
	at User with no admin role can not edit users.run(User with no admin role can not edit users:16)
	at com.kms.katalon.core.main.ScriptEngine.run(ScriptEngine.java:194)
	at com.kms.katalon.core.main.ScriptEngine.runScriptAsRawText(ScriptEngine.java:119)
	at com.kms.katalon.core.main.TestCaseExecutor.runScript(TestCaseExecutor.java:328)
	at com.kms.katalon.core.main.TestCaseExecutor.doExecute(TestCaseExecutor.java:319)
	at com.kms.katalon.core.main.TestCaseExecutor.processExecutionPhase(TestCaseExecutor.java:298)
	at com.kms.katalon.core.main.TestCaseExecutor.accessMainPhase(TestCaseExecutor.java:290)
	at com.kms.katalon.core.main.TestCaseExecutor.execute(TestCaseExecutor.java:224)
	at com.kms.katalon.core.main.TestSuiteExecutor.accessTestCaseMainPhase(TestSuiteExecutor.java:129)
	at com.kms.katalon.core.main.TestSuiteExecutor.accessTestSuiteMainPhase(TestSuiteExecutor.java:112)
	at com.kms.katalon.core.main.TestSuiteExecutor.execute(TestSuiteExecutor.java:81)
	at com.kms.katalon.core.main.TestCaseMain.startTestSuite(TestCaseMain.java:149)
	at com.kms.katalon.core.main.TestCaseMain$startTestSuite$0.call(Unknown Source)
	at TempTestSuite1548215797467.run(TempTestSuite1548215797467.groovy:36)


2019-01-22 22:08:46 - [TEST_STEP][PASSED] - openBrowser(""): Browser is opened with url: ''

2019-01-22 22:08:46 - [MESSAGE][INFO] - Starting 'Chrome' driver

2019-01-22 22:08:48 - [MESSAGE][PASSED] - Browser is opened with url: ''

2019-01-22 22:08:48 - [TEST_STEP][PASSED] - maximizeWindow(): Current window maximized

2019-01-22 22:08:49 - [MESSAGE][PASSED] - Current window maximized

2019-01-22 22:08:49 - [TEST_STEP][PASSED] - navigateToUrl(Url): Navigate to 'https://uat.advancedpricing.com/' successfully

2019-01-22 22:08:51 - [MESSAGE][PASSED] - Navigate to 'https://uat.advancedpricing.com/' successfully

2019-01-22 22:08:51 - [TEST_STEP][FAILED] - setText(findTestObject("UI/General/Page_LoginPage/input_User"), UserNameNoAdmin): setText(findTestObject("UI/General/Page_LoginPage/input_User"), UserNameNoAdmin) FAILED.
Reason:
com.kms.katalon.core.exception.StepFailedException: Unable to set text 'null' of object 'Object Repository/UI/General/Page_LoginPage/input_User' (Root cause: java.lang.IllegalArgumentException: Text is null)
	at com.kms.katalon.core.keyword.internal.KeywordMain.stepFailed(KeywordMain.groovy:36)
	at com.kms.katalon.core.webui.keyword.internal.WebUIKeywordMain.stepFailed(WebUIKeywordMain.groovy:65)
	at com.kms.katalon.core.webui.keyword.internal.WebUIKeywordMain.runKeyword(WebUIKeywordMain.groovy:27)
	at com.kms.katalon.core.webui.keyword.builtin.SetTextKeyword.setText(SetTextKeyword.groovy:65)
	at com.kms.katalon.core.webui.keyword.builtin.SetTextKeyword.execute(SetTextKeyword.groovy:37)
	at com.kms.katalon.core.keyword.internal.KeywordExecutor.executeKeywordForPlatform(KeywordExecutor.groovy:53)
	at com.kms.katalon.core.webui.keyword.WebUiBuiltInKeywords.setText(WebUiBuiltInKeywords.groovy:950)
	at com.kms.katalon.core.webui.keyword.WebUiBuiltInKeywords$setText$3.call(Unknown Source)
	at No Admin Login.run(No Admin Login:22)
	at com.kms.katalon.core.main.ScriptEngine.run(ScriptEngine.java:194)
	at com.kms.katalon.core.main.ScriptEngine.runScriptAsRawText(ScriptEngine.java:119)
	at com.kms.katalon.core.main.TestCaseExecutor.runScript(TestCaseExecutor.java:328)
	at com.kms.katalon.core.main.TestCaseExecutor.doExecute(TestCaseExecutor.java:319)
	at com.kms.katalon.core.main.TestCaseExecutor.processExecutionPhase(TestCaseExecutor.java:298)
	at com.kms.katalon.core.main.TestCaseExecutor.accessMainPhase(TestCaseExecutor.java:290)
	at com.kms.katalon.core.main.TestCaseExecutor.execute(TestCaseExecutor.java:224)
	at com.kms.katalon.core.main.TestCaseMain.runTestCase(TestCaseMain.java:106)
	at com.kms.katalon.core.keyword.builtin.CallTestCaseKeyword$_callTestCase_closure1.doCall(CallTestCaseKeyword.groovy:59)
	at com.kms.katalon.core.keyword.builtin.CallTestCaseKeyword$_callTestCase_closure1.call(CallTestCaseKeyword.groovy)
	at com.kms.katalon.core.keyword.internal.KeywordMain.runKeyword(KeywordMain.groovy:54)
	at com.kms.katalon.core.keyword.builtin.CallTestCaseKeyword.callTestCase(CallTestCaseKeyword.groovy:80)
	at com.kms.katalon.core.keyword.builtin.CallTestCaseKeyword.execute(CallTestCaseKeyword.groovy:44)
	at com.kms.katalon.core.keyword.internal.KeywordExecutor.executeKeywordForPlatform(KeywordExecutor.groovy:53)
	at com.kms.katalon.core.keyword.BuiltinKeywords.callTestCase(BuiltinKeywords.groovy:334)
	at User with no admin role can not edit users.run(User with no admin role can not edit users:16)
	at com.kms.katalon.core.main.ScriptEngine.run(ScriptEngine.java:194)
	at com.kms.katalon.core.main.ScriptEngine.runScriptAsRawText(ScriptEngine.java:119)
	at com.kms.katalon.core.main.TestCaseExecutor.runScript(TestCaseExecutor.java:328)
	at com.kms.katalon.core.main.TestCaseExecutor.doExecute(TestCaseExecutor.java:319)
	at com.kms.katalon.core.main.TestCaseExecutor.processExecutionPhase(TestCaseExecutor.java:298)
	at com.kms.katalon.core.main.TestCaseExecutor.accessMainPhase(TestCaseExecutor.java:290)
	at com.kms.katalon.core.main.TestCaseExecutor.execute(TestCaseExecutor.java:224)
	at com.kms.katalon.core.main.TestSuiteExecutor.accessTestCaseMainPhase(TestSuiteExecutor.java:129)
	at com.kms.katalon.core.main.TestSuiteExecutor.accessTestSuiteMainPhase(TestSuiteExecutor.java:112)
	at com.kms.katalon.core.main.TestSuiteExecutor.execute(TestSuiteExecutor.java:81)
	at com.kms.katalon.core.main.TestCaseMain.startTestSuite(TestCaseMain.java:149)
	at com.kms.katalon.core.main.TestCaseMain$startTestSuite$0.call(Unknown Source)
	at TempTestSuite1548215797467.run(TempTestSuite1548215797467.groovy:36)


2019-01-22 22:08:52 - [MESSAGE][FAILED] - Unable to set text 'null' of object 'Object Repository/UI/General/Page_LoginPage/input_User' (Root cause: java.lang.IllegalArgumentException: Text is null)
[[ATTACHMENT|C:\\Users\\David Avalos\\git\\AMPSAutRegression\\Reports\\UI\\Regression\\20190122_215637\\1548216531767.png]]

2019-01-22 22:08:52 - [MESSAGE][FAILED] - setText(findTestObject("UI/General/Page_LoginPage/input_User"), UserNameNoAdmin) FAILED.
Reason:
com.kms.katalon.core.exception.StepFailedException: Unable to set text 'null' of object 'Object Repository/UI/General/Page_LoginPage/input_User' (Root cause: java.lang.IllegalArgumentException: Text is null)
	at com.kms.katalon.core.keyword.internal.KeywordMain.stepFailed(KeywordMain.groovy:36)
	at com.kms.katalon.core.webui.keyword.internal.WebUIKeywordMain.stepFailed(WebUIKeywordMain.groovy:65)
	at com.kms.katalon.core.webui.keyword.internal.WebUIKeywordMain.runKeyword(WebUIKeywordMain.groovy:27)
	at com.kms.katalon.core.webui.keyword.builtin.SetTextKeyword.setText(SetTextKeyword.groovy:65)
	at com.kms.katalon.core.webui.keyword.builtin.SetTextKeyword.execute(SetTextKeyword.groovy:37)
	at com.kms.katalon.core.keyword.internal.KeywordExecutor.executeKeywordForPlatform(KeywordExecutor.groovy:53)
	at com.kms.katalon.core.webui.keyword.WebUiBuiltInKeywords.setText(WebUiBuiltInKeywords.groovy:950)
	at com.kms.katalon.core.webui.keyword.WebUiBuiltInKeywords$setText$3.call(Unknown Source)
	at No Admin Login.run(No Admin Login:22)
	at com.kms.katalon.core.main.ScriptEngine.run(ScriptEngine.java:194)
	at com.kms.katalon.core.main.ScriptEngine.runScriptAsRawText(ScriptEngine.java:119)
	at com.kms.katalon.core.main.TestCaseExecutor.runScript(TestCaseExecutor.java:328)
	at com.kms.katalon.core.main.TestCaseExecutor.doExecute(TestCaseExecutor.java:319)
	at com.kms.katalon.core.main.TestCaseExecutor.processExecutionPhase(TestCaseExecutor.java:298)
	at com.kms.katalon.core.main.TestCaseExecutor.accessMainPhase(TestCaseExecutor.java:290)
	at com.kms.katalon.core.main.TestCaseExecutor.execute(TestCaseExecutor.java:224)
	at com.kms.katalon.core.main.TestCaseMain.runTestCase(TestCaseMain.java:106)
	at com.kms.katalon.core.keyword.builtin.CallTestCaseKeyword$_callTestCase_closure1.doCall(CallTestCaseKeyword.groovy:59)
	at com.kms.katalon.core.keyword.builtin.CallTestCaseKeyword$_callTestCase_closure1.call(CallTestCaseKeyword.groovy)
	at com.kms.katalon.core.keyword.internal.KeywordMain.runKeyword(KeywordMain.groovy:54)
	at com.kms.katalon.core.keyword.builtin.CallTestCaseKeyword.callTestCase(CallTestCaseKeyword.groovy:80)
	at com.kms.katalon.core.keyword.builtin.CallTestCaseKeyword.execute(CallTestCaseKeyword.groovy:44)
	at com.kms.katalon.core.keyword.internal.KeywordExecutor.executeKeywordForPlatform(KeywordExecutor.groovy:53)
	at com.kms.katalon.core.keyword.BuiltinKeywords.callTestCase(BuiltinKeywords.groovy:334)
	at User with no admin role can not edit users.run(User with no admin role can not edit users:16)
	at com.kms.katalon.core.main.ScriptEngine.run(ScriptEngine.java:194)
	at com.kms.katalon.core.main.ScriptEngine.runScriptAsRawText(ScriptEngine.java:119)
	at com.kms.katalon.core.main.TestCaseExecutor.runScript(TestCaseExecutor.java:328)
	at com.kms.katalon.core.main.TestCaseExecutor.doExecute(TestCaseExecutor.java:319)
	at com.kms.katalon.core.main.TestCaseExecutor.processExecutionPhase(TestCaseExecutor.java:298)
	at com.kms.katalon.core.main.TestCaseExecutor.accessMainPhase(TestCaseExecutor.java:290)
	at com.kms.katalon.core.main.TestCaseExecutor.execute(TestCaseExecutor.java:224)
	at com.kms.katalon.core.main.TestSuiteExecutor.accessTestCaseMainPhase(TestSuiteExecutor.java:129)
	at com.kms.katalon.core.main.TestSuiteExecutor.accessTestSuiteMainPhase(TestSuiteExecutor.java:112)
	at com.kms.katalon.core.main.TestSuiteExecutor.execute(TestSuiteExecutor.java:81)
	at com.kms.katalon.core.main.TestCaseMain.startTestSuite(TestCaseMain.java:149)
	at com.kms.katalon.core.main.TestCaseMain$startTestSuite$0.call(Unknown Source)
	at TempTestSuite1548215797467.run(TempTestSuite1548215797467.groovy:36)


2019-01-22 22:08:52 - [MESSAGE][FAILED] - Unable to call Test Case 'Test Cases/UI/General/No Admin Login' (Root cause: com.kms.katalon.core.exception.StepFailedException: Call Test Case 'Test Cases/UI/General/No Admin Login' failed)

2019-01-22 22:08:52 - [MESSAGE][FAILED] - callTestCase(findTestCase("UI/General/No Admin Login"), [:], STOP_ON_FAILURE) FAILED.
Reason:
com.kms.katalon.core.exception.StepFailedException: Unable to set text 'null' of object 'Object Repository/UI/General/Page_LoginPage/input_User' (Root cause: java.lang.IllegalArgumentException: Text is null)
	at com.kms.katalon.core.keyword.internal.KeywordMain.stepFailed(KeywordMain.groovy:36)
	at com.kms.katalon.core.webui.keyword.internal.WebUIKeywordMain.stepFailed(WebUIKeywordMain.groovy:65)
	at com.kms.katalon.core.webui.keyword.internal.WebUIKeywordMain.runKeyword(WebUIKeywordMain.groovy:27)
	at com.kms.katalon.core.webui.keyword.builtin.SetTextKeyword.setText(SetTextKeyword.groovy:65)
	at com.kms.katalon.core.webui.keyword.builtin.SetTextKeyword.execute(SetTextKeyword.groovy:37)
	at com.kms.katalon.core.keyword.internal.KeywordExecutor.executeKeywordForPlatform(KeywordExecutor.groovy:53)
	at com.kms.katalon.core.webui.keyword.WebUiBuiltInKeywords.setText(WebUiBuiltInKeywords.groovy:950)
	at com.kms.katalon.core.webui.keyword.WebUiBuiltInKeywords$setText$3.call(Unknown Source)
	at No Admin Login.run(No Admin Login:22)
	at com.kms.katalon.core.main.ScriptEngine.run(ScriptEngine.java:194)
	at com.kms.katalon.core.main.ScriptEngine.runScriptAsRawText(ScriptEngine.java:119)
	at com.kms.katalon.core.main.TestCaseExecutor.runScript(TestCaseExecutor.java:328)
	at com.kms.katalon.core.main.TestCaseExecutor.doExecute(TestCaseExecutor.java:319)
	at com.kms.katalon.core.main.TestCaseExecutor.processExecutionPhase(TestCaseExecutor.java:298)
	at com.kms.katalon.core.main.TestCaseExecutor.accessMainPhase(TestCaseExecutor.java:290)
	at com.kms.katalon.core.main.TestCaseExecutor.execute(TestCaseExecutor.java:224)
	at com.kms.katalon.core.main.TestCaseMain.runTestCase(TestCaseMain.java:106)
	at com.kms.katalon.core.keyword.builtin.CallTestCaseKeyword$_callTestCase_closure1.doCall(CallTestCaseKeyword.groovy:59)
	at com.kms.katalon.core.keyword.builtin.CallTestCaseKeyword$_callTestCase_closure1.call(CallTestCaseKeyword.groovy)
	at com.kms.katalon.core.keyword.internal.KeywordMain.runKeyword(KeywordMain.groovy:54)
	at com.kms.katalon.core.keyword.builtin.CallTestCaseKeyword.callTestCase(CallTestCaseKeyword.groovy:80)
	at com.kms.katalon.core.keyword.builtin.CallTestCaseKeyword.execute(CallTestCaseKeyword.groovy:44)
	at com.kms.katalon.core.keyword.internal.KeywordExecutor.executeKeywordForPlatform(KeywordExecutor.groovy:53)
	at com.kms.katalon.core.keyword.BuiltinKeywords.callTestCase(BuiltinKeywords.groovy:334)
	at User with no admin role can not edit users.run(User with no admin role can not edit users:16)
	at com.kms.katalon.core.main.ScriptEngine.run(ScriptEngine.java:194)
	at com.kms.katalon.core.main.ScriptEngine.runScriptAsRawText(ScriptEngine.java:119)
	at com.kms.katalon.core.main.TestCaseExecutor.runScript(TestCaseExecutor.java:328)
	at com.kms.katalon.core.main.TestCaseExecutor.doExecute(TestCaseExecutor.java:319)
	at com.kms.katalon.core.main.TestCaseExecutor.processExecutionPhase(TestCaseExecutor.java:298)
	at com.kms.katalon.core.main.TestCaseExecutor.accessMainPhase(TestCaseExecutor.java:290)
	at com.kms.katalon.core.main.TestCaseExecutor.execute(TestCaseExecutor.java:224)
	at com.kms.katalon.core.main.TestSuiteExecutor.accessTestCaseMainPhase(TestSuiteExecutor.java:129)
	at com.kms.katalon.core.main.TestSuiteExecutor.accessTestSuiteMainPhase(TestSuiteExecutor.java:112)
	at com.kms.katalon.core.main.TestSuiteExecutor.execute(TestSuiteExecutor.java:81)
	at com.kms.katalon.core.main.TestCaseMain.startTestSuite(TestCaseMain.java:149)
	at com.kms.katalon.core.main.TestCaseMain$startTestSuite$0.call(Unknown Source)
	at TempTestSuite1548215797467.run(TempTestSuite1548215797467.groovy:36)]]></system-out>
         <system-err><![CDATA[2019-01-22 22:08:46 - [TEST_CASE][FAILED] - Test Cases/UI/Employee/Users Editor/User with no admin role can not edit users: Test Cases/UI/Employee/Users Editor/User with no admin role can not edit users FAILED.
Reason:
com.kms.katalon.core.exception.StepFailedException: Unable to set text 'null' of object 'Object Repository/UI/General/Page_LoginPage/input_User' (Root cause: java.lang.IllegalArgumentException: Text is null)
	at com.kms.katalon.core.keyword.internal.KeywordMain.stepFailed(KeywordMain.groovy:36)
	at com.kms.katalon.core.webui.keyword.internal.WebUIKeywordMain.stepFailed(WebUIKeywordMain.groovy:65)
	at com.kms.katalon.core.webui.keyword.internal.WebUIKeywordMain.runKeyword(WebUIKeywordMain.groovy:27)
	at com.kms.katalon.core.webui.keyword.builtin.SetTextKeyword.setText(SetTextKeyword.groovy:65)
	at com.kms.katalon.core.webui.keyword.builtin.SetTextKeyword.execute(SetTextKeyword.groovy:37)
	at com.kms.katalon.core.keyword.internal.KeywordExecutor.executeKeywordForPlatform(KeywordExecutor.groovy:53)
	at com.kms.katalon.core.webui.keyword.WebUiBuiltInKeywords.setText(WebUiBuiltInKeywords.groovy:950)
	at com.kms.katalon.core.webui.keyword.WebUiBuiltInKeywords$setText$3.call(Unknown Source)
	at No Admin Login.run(No Admin Login:22)
	at com.kms.katalon.core.main.ScriptEngine.run(ScriptEngine.java:194)
	at com.kms.katalon.core.main.ScriptEngine.runScriptAsRawText(ScriptEngine.java:119)
	at com.kms.katalon.core.main.TestCaseExecutor.runScript(TestCaseExecutor.java:328)
	at com.kms.katalon.core.main.TestCaseExecutor.doExecute(TestCaseExecutor.java:319)
	at com.kms.katalon.core.main.TestCaseExecutor.processExecutionPhase(TestCaseExecutor.java:298)
	at com.kms.katalon.core.main.TestCaseExecutor.accessMainPhase(TestCaseExecutor.java:290)
	at com.kms.katalon.core.main.TestCaseExecutor.execute(TestCaseExecutor.java:224)
	at com.kms.katalon.core.main.TestCaseMain.runTestCase(TestCaseMain.java:106)
	at com.kms.katalon.core.keyword.builtin.CallTestCaseKeyword$_callTestCase_closure1.doCall(CallTestCaseKeyword.groovy:59)
	at com.kms.katalon.core.keyword.builtin.CallTestCaseKeyword$_callTestCase_closure1.call(CallTestCaseKeyword.groovy)
	at com.kms.katalon.core.keyword.internal.KeywordMain.runKeyword(KeywordMain.groovy:54)
	at com.kms.katalon.core.keyword.builtin.CallTestCaseKeyword.callTestCase(CallTestCaseKeyword.groovy:80)
	at com.kms.katalon.core.keyword.builtin.CallTestCaseKeyword.execute(CallTestCaseKeyword.groovy:44)
	at com.kms.katalon.core.keyword.internal.KeywordExecutor.executeKeywordForPlatform(KeywordExecutor.groovy:53)
	at com.kms.katalon.core.keyword.BuiltinKeywords.callTestCase(BuiltinKeywords.groovy:334)
	at User with no admin role can not edit users.run(User with no admin role can not edit users:16)
	at com.kms.katalon.core.main.ScriptEngine.run(ScriptEngine.java:194)
	at com.kms.katalon.core.main.ScriptEngine.runScriptAsRawText(ScriptEngine.java:119)
	at com.kms.katalon.core.main.TestCaseExecutor.runScript(TestCaseExecutor.java:328)
	at com.kms.katalon.core.main.TestCaseExecutor.doExecute(TestCaseExecutor.java:319)
	at com.kms.katalon.core.main.TestCaseExecutor.processExecutionPhase(TestCaseExecutor.java:298)
	at com.kms.katalon.core.main.TestCaseExecutor.accessMainPhase(TestCaseExecutor.java:290)
	at com.kms.katalon.core.main.TestCaseExecutor.execute(TestCaseExecutor.java:224)
	at com.kms.katalon.core.main.TestSuiteExecutor.accessTestCaseMainPhase(TestSuiteExecutor.java:129)
	at com.kms.katalon.core.main.TestSuiteExecutor.accessTestSuiteMainPhase(TestSuiteExecutor.java:112)
	at com.kms.katalon.core.main.TestSuiteExecutor.execute(TestSuiteExecutor.java:81)
	at com.kms.katalon.core.main.TestCaseMain.startTestSuite(TestCaseMain.java:149)
	at com.kms.katalon.core.main.TestCaseMain$startTestSuite$0.call(Unknown Source)
	at TempTestSuite1548215797467.run(TempTestSuite1548215797467.groovy:36)]]></system-err>
      </testcase>
      <system-out><![CDATA[2019-01-22 21:56:55 - [TEST_SUITE][FAILED] - Regression: Test Cases/UI/Client/Claim Services/Add_NewClaim FAILED.
Reason:
com.kms.katalon.core.exception.StepFailedException: Unable to click on object 'Object Repository/UI/Client/Claim Services/NewClaim/a_addClaim' (Root cause: org.openqa.selenium.WebDriverException: unknown error: Element <a class="btn btn-default btn-palegreen" href="/clients/203/claims/new">...</a> is not clickable at point (314, 443). Other element would receive the click: <div class="loader-wrapper">...</div>
  (Session info: chrome=71.0.3578.98)
  (Driver info: chromedriver=2.43.600210 (68dcf5eebde37173d4027fa8635e332711d2874a),platform=Windows NT 10.0.15063 x86_64) (WARNING: The server did not provide any stacktrace information)
Command duration or timeout: 0 milliseconds
Build info: version: '3.7.1', revision: '8a0099a', time: '2017-11-06T21:07:36.161Z'
System info: host: 'TDG-MBL-MTY0359', ip: '192.168.1.97', os.name: 'Windows 10', os.arch: 'amd64', os.version: '10.0', java.version: '1.8.0_181'
Driver info: com.kms.katalon.selenium.driver.CChromeDriver
Capabilities {acceptInsecureCerts: false, acceptSslCerts: false, applicationCacheEnabled: false, browserConnectionEnabled: false, browserName: chrome, chrome: {chromedriverVersion: 2.43.600210 (68dcf5eebde371..., userDataDir: C:\Users\DAVIDA~1\AppData\L...}, cssSelectorsEnabled: true, databaseEnabled: false, goog:chromeOptions: {debuggerAddress: localhost:58250}, handlesAlerts: true, hasTouchScreen: false, javascriptEnabled: true, locationContextEnabled: true, mobileEmulationEnabled: false, nativeEvents: true, networkConnectionEnabled: false, pageLoadStrategy: normal, platform: XP, platformName: XP, rotatable: false, setWindowRect: true, takesHeapSnapshot: true, takesScreenshot: true, unexpectedAlertBehaviour: , unhandledPromptBehavior: , version: 71.0.3578.98, webStorageEnabled: true}
Session ID: 2a5af29936e9808d995943db6a2062f5)
	at com.kms.katalon.core.keyword.internal.KeywordMain.stepFailed(KeywordMain.groovy:36)
	at com.kms.katalon.core.webui.keyword.internal.WebUIKeywordMain.stepFailed(WebUIKeywordMain.groovy:65)
	at com.kms.katalon.core.webui.keyword.internal.WebUIKeywordMain.runKeyword(WebUIKeywordMain.groovy:27)
	at com.kms.katalon.core.webui.keyword.builtin.ClickKeyword.click(ClickKeyword.groovy:86)
	at com.kms.katalon.core.webui.keyword.builtin.ClickKeyword.execute(ClickKeyword.groovy:67)
	at com.kms.katalon.core.keyword.internal.KeywordExecutor.executeKeywordForPlatform(KeywordExecutor.groovy:53)
	at com.kms.katalon.core.webui.keyword.WebUiBuiltInKeywords.click(WebUiBuiltInKeywords.groovy:616)
	at com.kms.katalon.core.webui.keyword.WebUiBuiltInKeywords$click$5.call(Unknown Source)
	at Add_NewClaim.run(Add_NewClaim:52)
	at com.kms.katalon.core.main.ScriptEngine.run(ScriptEngine.java:194)
	at com.kms.katalon.core.main.ScriptEngine.runScriptAsRawText(ScriptEngine.java:119)
	at com.kms.katalon.core.main.TestCaseExecutor.runScript(TestCaseExecutor.java:328)
	at com.kms.katalon.core.main.TestCaseExecutor.doExecute(TestCaseExecutor.java:319)
	at com.kms.katalon.core.main.TestCaseExecutor.processExecutionPhase(TestCaseExecutor.java:298)
	at com.kms.katalon.core.main.TestCaseExecutor.accessMainPhase(TestCaseExecutor.java:290)
	at com.kms.katalon.core.main.TestCaseExecutor.execute(TestCaseExecutor.java:224)
	at com.kms.katalon.core.main.TestSuiteExecutor.accessTestCaseMainPhase(TestSuiteExecutor.java:129)
	at com.kms.katalon.core.main.TestSuiteExecutor.accessTestSuiteMainPhase(TestSuiteExecutor.java:112)
	at com.kms.katalon.core.main.TestSuiteExecutor.execute(TestSuiteExecutor.java:81)
	at com.kms.katalon.core.main.TestCaseMain.startTestSuite(TestCaseMain.java:149)
	at com.kms.katalon.core.main.TestCaseMain$startTestSuite$0.call(Unknown Source)
	at TempTestSuite1548215797467.run(TempTestSuite1548215797467.groovy:36)]]></system-out>
      <system-err><![CDATA[2019-01-22 21:56:55 - [TEST_SUITE][FAILED] - Regression: Test Cases/UI/Client/Claim Services/Add_NewClaim FAILED.
Reason:
com.kms.katalon.core.exception.StepFailedException: Unable to click on object 'Object Repository/UI/Client/Claim Services/NewClaim/a_addClaim' (Root cause: org.openqa.selenium.WebDriverException: unknown error: Element <a class="btn btn-default btn-palegreen" href="/clients/203/claims/new">...</a> is not clickable at point (314, 443). Other element would receive the click: <div class="loader-wrapper">...</div>
  (Session info: chrome=71.0.3578.98)
  (Driver info: chromedriver=2.43.600210 (68dcf5eebde37173d4027fa8635e332711d2874a),platform=Windows NT 10.0.15063 x86_64) (WARNING: The server did not provide any stacktrace information)
Command duration or timeout: 0 milliseconds
Build info: version: '3.7.1', revision: '8a0099a', time: '2017-11-06T21:07:36.161Z'
System info: host: 'TDG-MBL-MTY0359', ip: '192.168.1.97', os.name: 'Windows 10', os.arch: 'amd64', os.version: '10.0', java.version: '1.8.0_181'
Driver info: com.kms.katalon.selenium.driver.CChromeDriver
Capabilities {acceptInsecureCerts: false, acceptSslCerts: false, applicationCacheEnabled: false, browserConnectionEnabled: false, browserName: chrome, chrome: {chromedriverVersion: 2.43.600210 (68dcf5eebde371..., userDataDir: C:\Users\DAVIDA~1\AppData\L...}, cssSelectorsEnabled: true, databaseEnabled: false, goog:chromeOptions: {debuggerAddress: localhost:58250}, handlesAlerts: true, hasTouchScreen: false, javascriptEnabled: true, locationContextEnabled: true, mobileEmulationEnabled: false, nativeEvents: true, networkConnectionEnabled: false, pageLoadStrategy: normal, platform: XP, platformName: XP, rotatable: false, setWindowRect: true, takesHeapSnapshot: true, takesScreenshot: true, unexpectedAlertBehaviour: , unhandledPromptBehavior: , version: 71.0.3578.98, webStorageEnabled: true}
Session ID: 2a5af29936e9808d995943db6a2062f5)
	at com.kms.katalon.core.keyword.internal.KeywordMain.stepFailed(KeywordMain.groovy:36)
	at com.kms.katalon.core.webui.keyword.internal.WebUIKeywordMain.stepFailed(WebUIKeywordMain.groovy:65)
	at com.kms.katalon.core.webui.keyword.internal.WebUIKeywordMain.runKeyword(WebUIKeywordMain.groovy:27)
	at com.kms.katalon.core.webui.keyword.builtin.ClickKeyword.click(ClickKeyword.groovy:86)
	at com.kms.katalon.core.webui.keyword.builtin.ClickKeyword.execute(ClickKeyword.groovy:67)
	at com.kms.katalon.core.keyword.internal.KeywordExecutor.executeKeywordForPlatform(KeywordExecutor.groovy:53)
	at com.kms.katalon.core.webui.keyword.WebUiBuiltInKeywords.click(WebUiBuiltInKeywords.groovy:616)
	at com.kms.katalon.core.webui.keyword.WebUiBuiltInKeywords$click$5.call(Unknown Source)
	at Add_NewClaim.run(Add_NewClaim:52)
	at com.kms.katalon.core.main.ScriptEngine.run(ScriptEngine.java:194)
	at com.kms.katalon.core.main.ScriptEngine.runScriptAsRawText(ScriptEngine.java:119)
	at com.kms.katalon.core.main.TestCaseExecutor.runScript(TestCaseExecutor.java:328)
	at com.kms.katalon.core.main.TestCaseExecutor.doExecute(TestCaseExecutor.java:319)
	at com.kms.katalon.core.main.TestCaseExecutor.processExecutionPhase(TestCaseExecutor.java:298)
	at com.kms.katalon.core.main.TestCaseExecutor.accessMainPhase(TestCaseExecutor.java:290)
	at com.kms.katalon.core.main.TestCaseExecutor.execute(TestCaseExecutor.java:224)
	at com.kms.katalon.core.main.TestSuiteExecutor.accessTestCaseMainPhase(TestSuiteExecutor.java:129)
	at com.kms.katalon.core.main.TestSuiteExecutor.accessTestSuiteMainPhase(TestSuiteExecutor.java:112)
	at com.kms.katalon.core.main.TestSuiteExecutor.execute(TestSuiteExecutor.java:81)
	at com.kms.katalon.core.main.TestCaseMain.startTestSuite(TestCaseMain.java:149)
	at com.kms.katalon.core.main.TestCaseMain$startTestSuite$0.call(Unknown Source)
	at TempTestSuite1548215797467.run(TempTestSuite1548215797467.groovy:36)]]></system-err>
   </testsuite>
</testsuites>
