<?xml version="1.0" encoding="UTF-8"?>
<testsuites name="Turn Around Tracker" time="35" tests="2" failures="0" errors="0">
   <testsuite name="Turn Around Tracker" tests="2" failures="0" errors="0" time="35" timestamp="2019-01-23 11:08:01" hostname="david avalos - TDG-MBL-MTY0359.tiempodev.local" id="Test Suites/UI/Turn Around Tracker/Turn Around Tracker">
      <properties>
         <property name="deviceName" value=""/>
         <property name="devicePlatform" value=""/>
         <property name="logFolder" value="C:\\Users\\David Avalos\\git\\AMPSAutRegression\\Reports\\UI\\Turn Around Tracker\\Turn Around Tracker\\20190123_105313"/>
         <property name="logFiles" value="C:\\Users\\David Avalos\\git\\AMPSAutRegression\\Reports\\UI\\Turn Around Tracker\\Turn Around Tracker\\20190123_105313\\execution0.log"/>
         <property name="attachments" value=""/>
         <property name="hostName" value="david avalos - TDG-MBL-MTY0359.tiempodev.local"/>
         <property name="os" value="Windows 10 64bit"/>
         <property name="katalonVersion" value="5.10.1.1"/>
         <property name="browser" value="Chrome 71.0.3578.98"/>
         <property name="hostAddress" value="192.168.1.97"/>
         <property name="sessionId" value="542d865bfc6b5127903331410235be32"/>
         <property name="seleniumVersion" value="3.7.1"/>
         <property name="proxyInformation" value="ProxyInformation{proxyOption=NO_PROXY, proxyServerType=HTTP, password=, proxyServerAddress=, proxyServerPort=0}"/>
         <property name="platform" value="Windows 10"/>
      </properties>
      <testcase name="Test Cases/UI/Client/Turn Around Tracker/Filtering" classname="Test Cases/UI/Client/Turn Around Tracker/Filtering" status="PASSED">
         <system-out><![CDATA[2019-01-23 11:08:01 - [TEST_CASE][PASSED] - Test Cases/UI/Client/Turn Around Tracker/Filtering: Test Cases/UI/Client/Turn Around Tracker/Filtering

2019-01-23 11:08:01 - [TEST_STEP][PASSED] - UAT = "https://uat.advancedpricing.com": null

2019-01-23 11:08:01 - [TEST_STEP][PASSED] - USER = "qaAuto": null

2019-01-23 11:08:01 - [TEST_STEP][PASSED] - PASSWD = "a9yk100dD": null

2019-01-23 11:08:01 - [TEST_STEP][PASSED] - openBrowser(""): Browser is opened with url: ''

2019-01-23 11:08:01 - [MESSAGE][INFO] - Starting 'Chrome' driver

2019-01-23 11:08:01 - [MESSAGE][INFO] - Action delay is set to 0 seconds

2019-01-23 11:08:04 - [MESSAGE][PASSED] - Browser is opened with url: ''

2019-01-23 11:08:04 - [TEST_STEP][PASSED] - maximizeWindow(): Current window maximized

2019-01-23 11:08:05 - [MESSAGE][PASSED] - Current window maximized

2019-01-23 11:08:05 - [TEST_STEP][PASSED] - navigateToUrl(UAT): Navigate to 'https://uat.advancedpricing.com' successfully

2019-01-23 11:08:07 - [MESSAGE][PASSED] - Navigate to 'https://uat.advancedpricing.com' successfully

2019-01-23 11:08:07 - [TEST_STEP][PASSED] - waitForPageLoad(5): Wait for page load successfully

2019-01-23 11:08:07 - [MESSAGE][PASSED] - Wait for page load successfully

2019-01-23 11:08:07 - [TEST_STEP][PASSED] - setText(findTestObject("UI/Client/Claim Services/input_userCode"), USER): Text 'qaAuto' is set on object 'Object Repository/UI/Client/Claim Services/input_userCode'

2019-01-23 11:08:07 - [MESSAGE][PASSED] - Text 'qaAuto' is set on object 'Object Repository/UI/Client/Claim Services/input_userCode'

2019-01-23 11:08:07 - [TEST_STEP][PASSED] - setText(findTestObject("UI/Client/Claim Services/input_userPassword"), PASSWD): Text 'a9yk100dD' is set on object 'Object Repository/UI/Client/Claim Services/input_userPassword'

2019-01-23 11:08:07 - [MESSAGE][PASSED] - Text 'a9yk100dD' is set on object 'Object Repository/UI/Client/Claim Services/input_userPassword'

2019-01-23 11:08:07 - [TEST_STEP][PASSED] - waitForElementClickable(findTestObject("UI/Client/Claim Services/input_loginButton"), 5): Object 'Object Repository/UI/Client/Claim Services/input_loginButton' is clickable

2019-01-23 11:08:07 - [MESSAGE][PASSED] - Object 'Object Repository/UI/Client/Claim Services/input_loginButton' is clickable

2019-01-23 11:08:07 - [TEST_STEP][PASSED] - click(findTestObject("UI/Client/Claim Services/input_loginButton")): Object: 'Object Repository/UI/Client/Claim Services/input_loginButton' is clicked on

2019-01-23 11:08:07 - [MESSAGE][PASSED] - Object: 'Object Repository/UI/Client/Claim Services/input_loginButton' is clicked on

2019-01-23 11:08:07 - [TEST_STEP][PASSED] - waitForPageLoad(5): Wait for page load successfully

2019-01-23 11:08:07 - [MESSAGE][PASSED] - Wait for page load successfully

2019-01-23 11:08:07 - [TEST_STEP][PASSED] - waitForElementClickable(findTestObject("UI/Client/Claim Services/span_ABMSClient"), 5): Object 'Object Repository/UI/Client/Claim Services/span_ABMSClient' is clickable

2019-01-23 11:08:08 - [MESSAGE][PASSED] - Object 'Object Repository/UI/Client/Claim Services/span_ABMSClient' is clickable

2019-01-23 11:08:08 - [TEST_STEP][PASSED] - click(findTestObject("UI/Client/Claim Services/span_ABMSClient")): Object: 'Object Repository/UI/Client/Claim Services/span_ABMSClient' is clicked on

2019-01-23 11:08:08 - [MESSAGE][PASSED] - Object: 'Object Repository/UI/Client/Claim Services/span_ABMSClient' is clicked on

2019-01-23 11:08:08 - [TEST_STEP][PASSED] - waitForPageLoad(5): Wait for page load successfully

2019-01-23 11:08:08 - [MESSAGE][PASSED] - Wait for page load successfully

2019-01-23 11:08:08 - [TEST_STEP][PASSED] - waitForElementClickable(findTestObject("UI/Client/Turn Around Tracker/a_turnAroundTracker"), 5): Object 'Object Repository/UI/Client/Turn Around Tracker/a_turnAroundTracker' is clickable

2019-01-23 11:08:08 - [MESSAGE][PASSED] - Object 'Object Repository/UI/Client/Turn Around Tracker/a_turnAroundTracker' is clickable

2019-01-23 11:08:08 - [TEST_STEP][PASSED] - click(findTestObject("UI/Client/Turn Around Tracker/a_turnAroundTracker")): Object: 'Object Repository/UI/Client/Turn Around Tracker/a_turnAroundTracker' is clicked on

2019-01-23 11:08:09 - [MESSAGE][PASSED] - Object: 'Object Repository/UI/Client/Turn Around Tracker/a_turnAroundTracker' is clicked on

2019-01-23 11:08:09 - [TEST_STEP][PASSED] - waitForPageLoad(5): Wait for page load successfully

2019-01-23 11:08:09 - [MESSAGE][PASSED] - Wait for page load successfully

2019-01-23 11:08:09 - [TEST_STEP][PASSED] - waitForElementVisible(findTestObject("UI/Client/Turn Around Tracker/h1_turnAroundTrackerHeader"), 5): Object 'Object Repository/UI/Client/Turn Around Tracker/h1_turnAroundTrackerHeader' is visible

2019-01-23 11:08:09 - [MESSAGE][PASSED] - Object 'Object Repository/UI/Client/Turn Around Tracker/h1_turnAroundTrackerHeader' is visible

2019-01-23 11:08:09 - [TEST_STEP][PASSED] - pageHeader = getText(findTestObject("UI/Client/Turn Around Tracker/h1_turnAroundTrackerHeader")): Text of object 'Object Repository/UI/Client/Turn Around Tracker/h1_turnAroundTrackerHeader' is: 'Turn Around Tracker'

2019-01-23 11:08:09 - [MESSAGE][PASSED] - Text of object 'Object Repository/UI/Client/Turn Around Tracker/h1_turnAroundTrackerHeader' is: 'Turn Around Tracker'

2019-01-23 11:08:09 - [TEST_STEP][PASSED] - verifyMatch(pageHeader, "Turn Around Tracker", false): Actual text 'Turn Around Tracker' and expected text 'Turn Around Tracker' are matched 

2019-01-23 11:08:09 - [MESSAGE][PASSED] - Actual text 'Turn Around Tracker' and expected text 'Turn Around Tracker' are matched 

2019-01-23 11:08:09 - [TEST_STEP][PASSED] - delay(3): Delayed 3 second(s)

2019-01-23 11:08:12 - [MESSAGE][PASSED] - Delayed 3 second(s)

2019-01-23 11:08:12 - [TEST_STEP][PASSED] - waitForElementPresent(findTestObject("UI/Client/Turn Around Tracker/div_tatChart"), 5): Object 'Object Repository/UI/Client/Turn Around Tracker/div_tatChart' is present

2019-01-23 11:08:12 - [MESSAGE][PASSED] - Object 'Object Repository/UI/Client/Turn Around Tracker/div_tatChart' is present

2019-01-23 11:08:12 - [TEST_STEP][PASSED] - verifyElementVisible(findTestObject("UI/Client/Turn Around Tracker/div_tatChart")): Object 'Object Repository/UI/Client/Turn Around Tracker/div_tatChart' is visible

2019-01-23 11:08:12 - [MESSAGE][PASSED] - Object 'Object Repository/UI/Client/Turn Around Tracker/div_tatChart' is visible

2019-01-23 11:08:12 - [TEST_STEP][PASSED] - waitForElementClickable(findTestObject("UI/Client/Turn Around Tracker/select_groupFilter"), 5): Object 'Object Repository/UI/Client/Turn Around Tracker/select_groupFilter' is clickable

2019-01-23 11:08:12 - [MESSAGE][PASSED] - Object 'Object Repository/UI/Client/Turn Around Tracker/select_groupFilter' is clickable

2019-01-23 11:08:12 - [TEST_STEP][PASSED] - click(findTestObject("UI/Client/Turn Around Tracker/select_groupFilter")): Object: 'Object Repository/UI/Client/Turn Around Tracker/select_groupFilter' is clicked on

2019-01-23 11:08:12 - [MESSAGE][PASSED] - Object: 'Object Repository/UI/Client/Turn Around Tracker/select_groupFilter' is clicked on

2019-01-23 11:08:12 - [TEST_STEP][PASSED] - delay(2): Delayed 2 second(s)

2019-01-23 11:08:14 - [MESSAGE][PASSED] - Delayed 2 second(s)

2019-01-23 11:08:14 - [TEST_STEP][PASSED] - click(findTestObject("UI/Client/Turn Around Tracker/option_sevenKeystone")): Object: 'Object Repository/UI/Client/Turn Around Tracker/option_sevenKeystone' is clicked on

2019-01-23 11:08:14 - [MESSAGE][PASSED] - Object: 'Object Repository/UI/Client/Turn Around Tracker/option_sevenKeystone' is clicked on

2019-01-23 11:08:14 - [TEST_STEP][PASSED] - delay(2): Delayed 2 second(s)

2019-01-23 11:08:16 - [MESSAGE][PASSED] - Delayed 2 second(s)

2019-01-23 11:08:16 - [TEST_STEP][PASSED] - waitForElementPresent(findTestObject("UI/Client/Turn Around Tracker/div_tatChart"), 5): Object 'Object Repository/UI/Client/Turn Around Tracker/div_tatChart' is present

2019-01-23 11:08:16 - [MESSAGE][PASSED] - Object 'Object Repository/UI/Client/Turn Around Tracker/div_tatChart' is present

2019-01-23 11:08:16 - [TEST_STEP][PASSED] - verifyElementVisible(findTestObject("UI/Client/Turn Around Tracker/div_tatChart")): Object 'Object Repository/UI/Client/Turn Around Tracker/div_tatChart' is visible

2019-01-23 11:08:16 - [MESSAGE][PASSED] - Object 'Object Repository/UI/Client/Turn Around Tracker/div_tatChart' is visible

2019-01-23 11:08:16 - [TEST_STEP][PASSED] - delay(3): Delayed 3 second(s)

2019-01-23 11:08:19 - [MESSAGE][PASSED] - Delayed 3 second(s)

2019-01-23 11:08:19 - [TEST_STEP][PASSED] - waitForElementClickable(findTestObject("UI/General/Log/span_logoutAsClient"), 5): Object 'Object Repository/UI/General/Log/span_logoutAsClient' is clickable

2019-01-23 11:08:19 - [MESSAGE][PASSED] - Object 'Object Repository/UI/General/Log/span_logoutAsClient' is clickable

2019-01-23 11:08:19 - [TEST_STEP][PASSED] - click(findTestObject("UI/General/Log/span_logoutAsClient")): Object: 'Object Repository/UI/General/Log/span_logoutAsClient' is clicked on

2019-01-23 11:08:19 - [MESSAGE][PASSED] - Object: 'Object Repository/UI/General/Log/span_logoutAsClient' is clicked on

2019-01-23 11:08:19 - [TEST_STEP][PASSED] - waitForElementClickable(findTestObject("UI/General/Log/a_userAvatar"), 5): Object 'Object Repository/UI/General/Log/a_userAvatar' is clickable

2019-01-23 11:08:19 - [MESSAGE][PASSED] - Object 'Object Repository/UI/General/Log/a_userAvatar' is clickable

2019-01-23 11:08:19 - [TEST_STEP][PASSED] - click(findTestObject("UI/General/Log/a_userAvatar")): Object: 'Object Repository/UI/General/Log/a_userAvatar' is clicked on

2019-01-23 11:08:19 - [MESSAGE][PASSED] - Object: 'Object Repository/UI/General/Log/a_userAvatar' is clicked on

2019-01-23 11:08:19 - [TEST_STEP][PASSED] - delay(1): Delayed 1 second(s)

2019-01-23 11:08:20 - [MESSAGE][PASSED] - Delayed 1 second(s)

2019-01-23 11:08:20 - [TEST_STEP][PASSED] - waitForElementClickable(findTestObject("UI/General/Log/a_signOutAMPS"), 5): Object 'Object Repository/UI/General/Log/a_signOutAMPS' is clickable

2019-01-23 11:08:20 - [MESSAGE][PASSED] - Object 'Object Repository/UI/General/Log/a_signOutAMPS' is clickable

2019-01-23 11:08:20 - [TEST_STEP][PASSED] - click(findTestObject("UI/General/Log/a_signOutAMPS")): Object: 'Object Repository/UI/General/Log/a_signOutAMPS' is clicked on

2019-01-23 11:08:21 - [MESSAGE][PASSED] - Object: 'Object Repository/UI/General/Log/a_signOutAMPS' is clicked on

2019-01-23 11:08:21 - [TEST_STEP][PASSED] - delay(1): Delayed 1 second(s)

2019-01-23 11:08:22 - [MESSAGE][PASSED] - Delayed 1 second(s)

2019-01-23 11:08:22 - [TEST_STEP][PASSED] - closeBrowser(): Browser is closed

2019-01-23 11:08:22 - [MESSAGE][PASSED] - Browser is closed]]></system-out>
         <system-err><![CDATA[]]></system-err>
      </testcase>
      <testcase name="Test Cases/UI/Client/Turn Around Tracker/General_Display" classname="Test Cases/UI/Client/Turn Around Tracker/General_Display" status="PASSED">
         <system-out><![CDATA[2019-01-23 11:08:22 - [TEST_CASE][PASSED] - Test Cases/UI/Client/Turn Around Tracker/General_Display: Test Cases/UI/Client/Turn Around Tracker/General_Display

2019-01-23 11:08:23 - [TEST_STEP][PASSED] - UAT = "https://uat.advancedpricing.com": null

2019-01-23 11:08:23 - [TEST_STEP][PASSED] - USER = "qaAuto": null

2019-01-23 11:08:23 - [TEST_STEP][PASSED] - PASSWD = "a9yk100dD": null

2019-01-23 11:08:23 - [TEST_STEP][PASSED] - openBrowser(""): Browser is opened with url: ''

2019-01-23 11:08:23 - [MESSAGE][INFO] - Starting 'Chrome' driver

2019-01-23 11:08:25 - [MESSAGE][PASSED] - Browser is opened with url: ''

2019-01-23 11:08:25 - [TEST_STEP][PASSED] - maximizeWindow(): Current window maximized

2019-01-23 11:08:26 - [MESSAGE][PASSED] - Current window maximized

2019-01-23 11:08:26 - [TEST_STEP][PASSED] - navigateToUrl(UAT): Navigate to 'https://uat.advancedpricing.com' successfully

2019-01-23 11:08:27 - [MESSAGE][PASSED] - Navigate to 'https://uat.advancedpricing.com' successfully

2019-01-23 11:08:27 - [TEST_STEP][PASSED] - waitForPageLoad(5): Wait for page load successfully

2019-01-23 11:08:27 - [MESSAGE][PASSED] - Wait for page load successfully

2019-01-23 11:08:27 - [TEST_STEP][PASSED] - setText(findTestObject("UI/Client/Claim Services/input_userCode"), USER): Text 'qaAuto' is set on object 'Object Repository/UI/Client/Claim Services/input_userCode'

2019-01-23 11:08:28 - [MESSAGE][PASSED] - Text 'qaAuto' is set on object 'Object Repository/UI/Client/Claim Services/input_userCode'

2019-01-23 11:08:28 - [TEST_STEP][PASSED] - setText(findTestObject("UI/Client/Claim Services/input_userPassword"), PASSWD): Text 'a9yk100dD' is set on object 'Object Repository/UI/Client/Claim Services/input_userPassword'

2019-01-23 11:08:28 - [MESSAGE][PASSED] - Text 'a9yk100dD' is set on object 'Object Repository/UI/Client/Claim Services/input_userPassword'

2019-01-23 11:08:28 - [TEST_STEP][PASSED] - waitForElementClickable(findTestObject("UI/Client/Claim Services/input_loginButton"), 5): Object 'Object Repository/UI/Client/Claim Services/input_loginButton' is clickable

2019-01-23 11:08:28 - [MESSAGE][PASSED] - Object 'Object Repository/UI/Client/Claim Services/input_loginButton' is clickable

2019-01-23 11:08:28 - [TEST_STEP][PASSED] - click(findTestObject("UI/Client/Claim Services/input_loginButton")): Object: 'Object Repository/UI/Client/Claim Services/input_loginButton' is clicked on

2019-01-23 11:08:28 - [MESSAGE][PASSED] - Object: 'Object Repository/UI/Client/Claim Services/input_loginButton' is clicked on

2019-01-23 11:08:28 - [TEST_STEP][PASSED] - waitForPageLoad(5): Wait for page load successfully

2019-01-23 11:08:28 - [MESSAGE][PASSED] - Wait for page load successfully

2019-01-23 11:08:28 - [TEST_STEP][PASSED] - waitForElementClickable(findTestObject("UI/Client/Claim Services/span_ABMSClient"), 5): Object 'Object Repository/UI/Client/Claim Services/span_ABMSClient' is clickable

2019-01-23 11:08:29 - [MESSAGE][PASSED] - Object 'Object Repository/UI/Client/Claim Services/span_ABMSClient' is clickable

2019-01-23 11:08:29 - [TEST_STEP][PASSED] - click(findTestObject("UI/Client/Claim Services/span_ABMSClient")): Object: 'Object Repository/UI/Client/Claim Services/span_ABMSClient' is clicked on

2019-01-23 11:08:29 - [MESSAGE][PASSED] - Object: 'Object Repository/UI/Client/Claim Services/span_ABMSClient' is clicked on

2019-01-23 11:08:29 - [TEST_STEP][PASSED] - waitForPageLoad(5): Wait for page load successfully

2019-01-23 11:08:29 - [MESSAGE][PASSED] - Wait for page load successfully

2019-01-23 11:08:29 - [TEST_STEP][PASSED] - waitForElementClickable(findTestObject("UI/Client/Turn Around Tracker/a_turnAroundTracker"), 5): Object 'Object Repository/UI/Client/Turn Around Tracker/a_turnAroundTracker' is clickable

2019-01-23 11:08:29 - [MESSAGE][PASSED] - Object 'Object Repository/UI/Client/Turn Around Tracker/a_turnAroundTracker' is clickable

2019-01-23 11:08:29 - [TEST_STEP][PASSED] - click(findTestObject("UI/Client/Turn Around Tracker/a_turnAroundTracker")): Object: 'Object Repository/UI/Client/Turn Around Tracker/a_turnAroundTracker' is clicked on

2019-01-23 11:08:30 - [MESSAGE][PASSED] - Object: 'Object Repository/UI/Client/Turn Around Tracker/a_turnAroundTracker' is clicked on

2019-01-23 11:08:30 - [TEST_STEP][PASSED] - waitForPageLoad(5): Wait for page load successfully

2019-01-23 11:08:30 - [MESSAGE][PASSED] - Wait for page load successfully

2019-01-23 11:08:30 - [TEST_STEP][PASSED] - waitForElementVisible(findTestObject("UI/Client/Turn Around Tracker/h1_turnAroundTrackerHeader"), 5): Object 'Object Repository/UI/Client/Turn Around Tracker/h1_turnAroundTrackerHeader' is visible

2019-01-23 11:08:30 - [MESSAGE][PASSED] - Object 'Object Repository/UI/Client/Turn Around Tracker/h1_turnAroundTrackerHeader' is visible

2019-01-23 11:08:30 - [TEST_STEP][PASSED] - pageHeader = getText(findTestObject("UI/Client/Turn Around Tracker/h1_turnAroundTrackerHeader")): Text of object 'Object Repository/UI/Client/Turn Around Tracker/h1_turnAroundTrackerHeader' is: 'Turn Around Tracker'

2019-01-23 11:08:30 - [MESSAGE][PASSED] - Text of object 'Object Repository/UI/Client/Turn Around Tracker/h1_turnAroundTrackerHeader' is: 'Turn Around Tracker'

2019-01-23 11:08:30 - [TEST_STEP][PASSED] - verifyMatch(pageHeader, "Turn Around Tracker", false): Actual text 'Turn Around Tracker' and expected text 'Turn Around Tracker' are matched 

2019-01-23 11:08:30 - [MESSAGE][PASSED] - Actual text 'Turn Around Tracker' and expected text 'Turn Around Tracker' are matched 

2019-01-23 11:08:30 - [TEST_STEP][PASSED] - delay(3): Delayed 3 second(s)

2019-01-23 11:08:33 - [MESSAGE][PASSED] - Delayed 3 second(s)

2019-01-23 11:08:33 - [TEST_STEP][PASSED] - waitForElementClickable(findTestObject("UI/General/Log/span_logoutAsClient"), 5): Object 'Object Repository/UI/General/Log/span_logoutAsClient' is clickable

2019-01-23 11:08:33 - [MESSAGE][PASSED] - Object 'Object Repository/UI/General/Log/span_logoutAsClient' is clickable

2019-01-23 11:08:33 - [TEST_STEP][PASSED] - click(findTestObject("UI/General/Log/span_logoutAsClient")): Object: 'Object Repository/UI/General/Log/span_logoutAsClient' is clicked on

2019-01-23 11:08:33 - [MESSAGE][PASSED] - Object: 'Object Repository/UI/General/Log/span_logoutAsClient' is clicked on

2019-01-23 11:08:33 - [TEST_STEP][PASSED] - waitForElementClickable(findTestObject("UI/General/Log/a_userAvatar"), 5): Object 'Object Repository/UI/General/Log/a_userAvatar' is clickable

2019-01-23 11:08:33 - [MESSAGE][PASSED] - Object 'Object Repository/UI/General/Log/a_userAvatar' is clickable

2019-01-23 11:08:33 - [TEST_STEP][PASSED] - click(findTestObject("UI/General/Log/a_userAvatar")): Object: 'Object Repository/UI/General/Log/a_userAvatar' is clicked on

2019-01-23 11:08:33 - [MESSAGE][PASSED] - Object: 'Object Repository/UI/General/Log/a_userAvatar' is clicked on

2019-01-23 11:08:33 - [TEST_STEP][PASSED] - delay(1): Delayed 1 second(s)

2019-01-23 11:08:34 - [MESSAGE][PASSED] - Delayed 1 second(s)

2019-01-23 11:08:34 - [TEST_STEP][PASSED] - waitForElementClickable(findTestObject("UI/General/Log/a_signOutAMPS"), 5): Object 'Object Repository/UI/General/Log/a_signOutAMPS' is clickable

2019-01-23 11:08:34 - [MESSAGE][PASSED] - Object 'Object Repository/UI/General/Log/a_signOutAMPS' is clickable

2019-01-23 11:08:34 - [TEST_STEP][PASSED] - click(findTestObject("UI/General/Log/a_signOutAMPS")): Object: 'Object Repository/UI/General/Log/a_signOutAMPS' is clicked on

2019-01-23 11:08:34 - [MESSAGE][PASSED] - Object: 'Object Repository/UI/General/Log/a_signOutAMPS' is clicked on

2019-01-23 11:08:34 - [TEST_STEP][PASSED] - delay(1): Delayed 1 second(s)

2019-01-23 11:08:35 - [MESSAGE][PASSED] - Delayed 1 second(s)

2019-01-23 11:08:35 - [TEST_STEP][PASSED] - closeBrowser(): Browser is closed

2019-01-23 11:08:36 - [MESSAGE][PASSED] - Browser is closed]]></system-out>
         <system-err><![CDATA[]]></system-err>
      </testcase>
      <system-out><![CDATA[2019-01-23 11:08:01 - [TEST_SUITE][PASSED] - Turn Around Tracker: Test Cases/UI/Client/Turn Around Tracker/General_Display]]></system-out>
      <system-err><![CDATA[]]></system-err>
   </testsuite>
</testsuites>
