<?xml version="1.0" encoding="UTF-8"?>
<testsuites name="Claim Services" time="200" tests="7" failures="0" errors="0">
   <testsuite name="Claim Services" tests="7" failures="0" errors="0" time="200" timestamp="2019-01-23 08:14:14" hostname="david avalos - TDG-MBL-MTY0359.tiempodev.local" id="Test Suites/UI/Claim Services/Claim Services">
      <properties>
         <property name="deviceName" value=""/>
         <property name="devicePlatform" value=""/>
         <property name="logFolder" value="C:\\Users\\David Avalos\\git\\AMPSAutRegression\\Reports\\UI\\Claim Services\\Claim Services\\20190123_081410"/>
         <property name="logFiles" value="C:\\Users\\David Avalos\\git\\AMPSAutRegression\\Reports\\UI\\Claim Services\\Claim Services\\20190123_081410\\execution0.log"/>
         <property name="attachments" value=""/>
         <property name="hostName" value="david avalos - TDG-MBL-MTY0359.tiempodev.local"/>
         <property name="os" value="Windows 10 64bit"/>
         <property name="katalonVersion" value="5.10.1.1"/>
         <property name="browser" value="Chrome 71.0.3578.98"/>
         <property name="hostAddress" value="192.168.1.97"/>
         <property name="sessionId" value="ead5313f0d5a8a136bf39bbc9c89b88d"/>
         <property name="seleniumVersion" value="3.7.1"/>
         <property name="proxyInformation" value="ProxyInformation{proxyOption=NO_PROXY, proxyServerType=HTTP, password=, proxyServerAddress=, proxyServerPort=0}"/>
         <property name="platform" value="Windows 10"/>
      </properties>
      <testcase name="Test Cases/UI/Client/Claim Services/Add_NewClaim" classname="Test Cases/UI/Client/Claim Services/Add_NewClaim" status="PASSED">
         <system-out><![CDATA[2019-01-23 08:14:14 - [TEST_CASE][PASSED] - Test Cases/UI/Client/Claim Services/Add_NewClaim: Test Cases/UI/Client/Claim Services/Add_NewClaim

2019-01-23 08:14:14 - [TEST_STEP][PASSED] - UAT = "https://uat.advancedpricing.com": null

2019-01-23 08:14:14 - [TEST_STEP][PASSED] - USER = "qaAuto": null

2019-01-23 08:14:14 - [TEST_STEP][PASSED] - PASSWD = "a9yk100dD": null

2019-01-23 08:14:14 - [TEST_STEP][PASSED] - CLAIMNUMBER = "22222": null

2019-01-23 08:14:14 - [TEST_STEP][PASSED] - RXDATE = "01/18/2019": null

2019-01-23 08:14:14 - [TEST_STEP][PASSED] - BILLCHRG = "182019": null

2019-01-23 08:14:14 - [TEST_STEP][PASSED] - PPONAME = "None": null

2019-01-23 08:14:14 - [TEST_STEP][PASSED] - UPFILE = "C:\uploadAMPS\MedRecords-Demo.png": null

2019-01-23 08:14:14 - [TEST_STEP][PASSED] - openBrowser(""): Browser is opened with url: ''

2019-01-23 08:14:14 - [MESSAGE][INFO] - Starting 'Chrome' driver

2019-01-23 08:14:14 - [MESSAGE][INFO] - Action delay is set to 0 seconds

2019-01-23 08:14:17 - [MESSAGE][PASSED] - Browser is opened with url: ''

2019-01-23 08:14:17 - [TEST_STEP][PASSED] - maximizeWindow(): Current window maximized

2019-01-23 08:14:18 - [MESSAGE][PASSED] - Current window maximized

2019-01-23 08:14:18 - [TEST_STEP][PASSED] - navigateToUrl(UAT): Navigate to 'https://uat.advancedpricing.com' successfully

2019-01-23 08:14:20 - [MESSAGE][PASSED] - Navigate to 'https://uat.advancedpricing.com' successfully

2019-01-23 08:14:20 - [TEST_STEP][PASSED] - waitForPageLoad(5): Wait for page load successfully

2019-01-23 08:14:20 - [MESSAGE][PASSED] - Wait for page load successfully

2019-01-23 08:14:20 - [TEST_STEP][PASSED] - setText(findTestObject("UI/Client/Claim Services/input_userCode"), USER): Text 'qaAuto' is set on object 'Object Repository/UI/Client/Claim Services/input_userCode'

2019-01-23 08:14:20 - [MESSAGE][PASSED] - Text 'qaAuto' is set on object 'Object Repository/UI/Client/Claim Services/input_userCode'

2019-01-23 08:14:20 - [TEST_STEP][PASSED] - setText(findTestObject("UI/Client/Claim Services/input_userPassword"), PASSWD): Text 'a9yk100dD' is set on object 'Object Repository/UI/Client/Claim Services/input_userPassword'

2019-01-23 08:14:20 - [MESSAGE][PASSED] - Text 'a9yk100dD' is set on object 'Object Repository/UI/Client/Claim Services/input_userPassword'

2019-01-23 08:14:20 - [TEST_STEP][PASSED] - waitForElementClickable(findTestObject("UI/Client/Claim Services/input_loginButton"), 5): Object 'Object Repository/UI/Client/Claim Services/input_loginButton' is clickable

2019-01-23 08:14:20 - [MESSAGE][PASSED] - Object 'Object Repository/UI/Client/Claim Services/input_loginButton' is clickable

2019-01-23 08:14:20 - [TEST_STEP][PASSED] - click(findTestObject("UI/Client/Claim Services/input_loginButton")): Object: 'Object Repository/UI/Client/Claim Services/input_loginButton' is clicked on

2019-01-23 08:14:20 - [MESSAGE][PASSED] - Object: 'Object Repository/UI/Client/Claim Services/input_loginButton' is clicked on

2019-01-23 08:14:20 - [TEST_STEP][PASSED] - waitForPageLoad(5): Wait for page load successfully

2019-01-23 08:14:20 - [MESSAGE][PASSED] - Wait for page load successfully

2019-01-23 08:14:20 - [TEST_STEP][PASSED] - waitForElementClickable(findTestObject("UI/Client/Claim Services/span_ABMSClient"), 5): Object 'Object Repository/UI/Client/Claim Services/span_ABMSClient' is clickable

2019-01-23 08:14:21 - [MESSAGE][PASSED] - Object 'Object Repository/UI/Client/Claim Services/span_ABMSClient' is clickable

2019-01-23 08:14:21 - [TEST_STEP][PASSED] - click(findTestObject("UI/Client/Claim Services/span_ABMSClient")): Object: 'Object Repository/UI/Client/Claim Services/span_ABMSClient' is clicked on

2019-01-23 08:14:22 - [MESSAGE][PASSED] - Object: 'Object Repository/UI/Client/Claim Services/span_ABMSClient' is clicked on

2019-01-23 08:14:22 - [TEST_STEP][PASSED] - waitForPageLoad(5): Wait for page load successfully

2019-01-23 08:14:22 - [MESSAGE][PASSED] - Wait for page load successfully

2019-01-23 08:14:22 - [TEST_STEP][PASSED] - waitForElementClickable(findTestObject("UI/Client/Claim Services/NewClaim/a_addClaim"), 5): Object 'Object Repository/UI/Client/Claim Services/NewClaim/a_addClaim' is clickable

2019-01-23 08:14:22 - [MESSAGE][PASSED] - Object 'Object Repository/UI/Client/Claim Services/NewClaim/a_addClaim' is clickable

2019-01-23 08:14:22 - [TEST_STEP][PASSED] - click(findTestObject("UI/Client/Claim Services/NewClaim/a_addClaim")): Object: 'Object Repository/UI/Client/Claim Services/NewClaim/a_addClaim' is clicked on

2019-01-23 08:14:22 - [MESSAGE][PASSED] - Object: 'Object Repository/UI/Client/Claim Services/NewClaim/a_addClaim' is clicked on

2019-01-23 08:14:22 - [TEST_STEP][PASSED] - waitForPageLoad(5): Wait for page load successfully

2019-01-23 08:14:22 - [MESSAGE][PASSED] - Wait for page load successfully

2019-01-23 08:14:22 - [TEST_STEP][PASSED] - delay(3): Delayed 3 second(s)

2019-01-23 08:14:25 - [MESSAGE][PASSED] - Delayed 3 second(s)

2019-01-23 08:14:25 - [TEST_STEP][PASSED] - focus(findTestObject("UI/Client/Claim Services/NewClaim/h4_termsConditions")): Object: 'Object Repository/UI/Client/Claim Services/NewClaim/h4_termsConditions' is focused

2019-01-23 08:14:25 - [MESSAGE][PASSED] - Object: 'Object Repository/UI/Client/Claim Services/NewClaim/h4_termsConditions' is focused

2019-01-23 08:14:25 - [TEST_STEP][PASSED] - delay(3): Delayed 3 second(s)

2019-01-23 08:14:28 - [MESSAGE][PASSED] - Delayed 3 second(s)

2019-01-23 08:14:28 - [TEST_STEP][PASSED] - click(findTestObject("UI/Client/Claim Services/NewClaim/button_Accept")): Object: 'Object Repository/UI/Client/Claim Services/NewClaim/button_Accept' is clicked on

2019-01-23 08:14:29 - [MESSAGE][PASSED] - Object: 'Object Repository/UI/Client/Claim Services/NewClaim/button_Accept' is clicked on

2019-01-23 08:14:29 - [TEST_STEP][PASSED] - delay(2): Delayed 2 second(s)

2019-01-23 08:14:31 - [MESSAGE][PASSED] - Delayed 2 second(s)

2019-01-23 08:14:31 - [TEST_STEP][PASSED] - waitForElementVisible(findTestObject("UI/Client/Claim Services/NewClaim/span_newClaimHeader"), 5): Object 'Object Repository/UI/Client/Claim Services/NewClaim/span_newClaimHeader' is visible

2019-01-23 08:14:31 - [MESSAGE][PASSED] - Object 'Object Repository/UI/Client/Claim Services/NewClaim/span_newClaimHeader' is visible

2019-01-23 08:14:31 - [TEST_STEP][PASSED] - newClaim = getText(findTestObject("UI/Client/Claim Services/NewClaim/span_newClaimHeader")): Text of object 'Object Repository/UI/Client/Claim Services/NewClaim/span_newClaimHeader' is: 'New'

2019-01-23 08:14:31 - [MESSAGE][PASSED] - Text of object 'Object Repository/UI/Client/Claim Services/NewClaim/span_newClaimHeader' is: 'New'

2019-01-23 08:14:31 - [TEST_STEP][PASSED] - verifyMatch(newClaim, "New", false): Actual text 'New' and expected text 'New' are matched 

2019-01-23 08:14:31 - [MESSAGE][PASSED] - Actual text 'New' and expected text 'New' are matched 

2019-01-23 08:14:31 - [TEST_STEP][PASSED] - delay(3): Delayed 3 second(s)

2019-01-23 08:14:34 - [MESSAGE][PASSED] - Delayed 3 second(s)

2019-01-23 08:14:34 - [TEST_STEP][PASSED] - waitForElementClickable(findTestObject("UI/Client/Claim Services/NewClaim/select_clientGroupId"), 5): Object 'Object Repository/UI/Client/Claim Services/NewClaim/select_clientGroupId' is clickable

2019-01-23 08:14:34 - [MESSAGE][PASSED] - Object 'Object Repository/UI/Client/Claim Services/NewClaim/select_clientGroupId' is clickable

2019-01-23 08:14:34 - [TEST_STEP][PASSED] - click(findTestObject("UI/Client/Claim Services/NewClaim/select_clientGroupId")): Object: 'Object Repository/UI/Client/Claim Services/NewClaim/select_clientGroupId' is clicked on

2019-01-23 08:14:34 - [MESSAGE][PASSED] - Object: 'Object Repository/UI/Client/Claim Services/NewClaim/select_clientGroupId' is clicked on

2019-01-23 08:14:34 - [TEST_STEP][PASSED] - delay(2): Delayed 2 second(s)

2019-01-23 08:14:36 - [MESSAGE][PASSED] - Delayed 2 second(s)

2019-01-23 08:14:36 - [TEST_STEP][PASSED] - click(findTestObject("UI/Client/Claim Services/NewClaim/option_twoKellog")): Object: 'Object Repository/UI/Client/Claim Services/NewClaim/option_twoKellog' is clicked on

2019-01-23 08:14:36 - [MESSAGE][PASSED] - Object: 'Object Repository/UI/Client/Claim Services/NewClaim/option_twoKellog' is clicked on

2019-01-23 08:14:36 - [TEST_STEP][PASSED] - delay(2): Delayed 2 second(s)

2019-01-23 08:14:38 - [MESSAGE][PASSED] - Delayed 2 second(s)

2019-01-23 08:14:38 - [TEST_STEP][PASSED] - waitForElementVisible(findTestObject("UI/Client/Claim Services/NewClaim/input_claimNumber"), 5): Object 'Object Repository/UI/Client/Claim Services/NewClaim/input_claimNumber' is visible

2019-01-23 08:14:38 - [MESSAGE][PASSED] - Object 'Object Repository/UI/Client/Claim Services/NewClaim/input_claimNumber' is visible

2019-01-23 08:14:38 - [TEST_STEP][PASSED] - setText(findTestObject("UI/Client/Claim Services/NewClaim/input_claimNumber"), CLAIMNUMBER): Text '22222' is set on object 'Object Repository/UI/Client/Claim Services/NewClaim/input_claimNumber'

2019-01-23 08:14:38 - [MESSAGE][PASSED] - Text '22222' is set on object 'Object Repository/UI/Client/Claim Services/NewClaim/input_claimNumber'

2019-01-23 08:14:38 - [TEST_STEP][PASSED] - delay(2): Delayed 2 second(s)

2019-01-23 08:14:40 - [MESSAGE][PASSED] - Delayed 2 second(s)

2019-01-23 08:14:40 - [TEST_STEP][PASSED] - waitForElementVisible(findTestObject("UI/Client/Claim Services/NewClaim/input_receiveDate"), 5): Object 'Object Repository/UI/Client/Claim Services/NewClaim/input_receiveDate' is visible

2019-01-23 08:14:40 - [MESSAGE][PASSED] - Object 'Object Repository/UI/Client/Claim Services/NewClaim/input_receiveDate' is visible

2019-01-23 08:14:40 - [TEST_STEP][PASSED] - setText(findTestObject("UI/Client/Claim Services/NewClaim/input_receiveDate"), RXDATE): Text '01/18/2019' is set on object 'Object Repository/UI/Client/Claim Services/NewClaim/input_receiveDate'

2019-01-23 08:14:41 - [MESSAGE][PASSED] - Text '01/18/2019' is set on object 'Object Repository/UI/Client/Claim Services/NewClaim/input_receiveDate'

2019-01-23 08:14:41 - [TEST_STEP][PASSED] - delay(2): Delayed 2 second(s)

2019-01-23 08:14:43 - [MESSAGE][PASSED] - Delayed 2 second(s)

2019-01-23 08:14:43 - [TEST_STEP][PASSED] - waitForElementClickable(findTestObject("UI/Client/Claim Services/NewClaim/radio_noneNetwork"), 5): Object 'Object Repository/UI/Client/Claim Services/NewClaim/radio_noneNetwork' is clickable

2019-01-23 08:14:43 - [MESSAGE][PASSED] - Object 'Object Repository/UI/Client/Claim Services/NewClaim/radio_noneNetwork' is clickable

2019-01-23 08:14:43 - [TEST_STEP][PASSED] - check(findTestObject("UI/Client/Claim Services/NewClaim/radio_noneNetwork")): Object 'Object Repository/UI/Client/Claim Services/NewClaim/radio_noneNetwork' is checked

2019-01-23 08:14:43 - [MESSAGE][PASSED] - Object 'Object Repository/UI/Client/Claim Services/NewClaim/radio_noneNetwork' is checked

2019-01-23 08:14:43 - [TEST_STEP][PASSED] - delay(2): Delayed 2 second(s)

2019-01-23 08:14:45 - [MESSAGE][PASSED] - Delayed 2 second(s)

2019-01-23 08:14:45 - [TEST_STEP][PASSED] - waitForElementVisible(findTestObject("UI/Client/Claim Services/NewClaim/input_billedCharges"), 5): Object 'Object Repository/UI/Client/Claim Services/NewClaim/input_billedCharges' is visible

2019-01-23 08:14:45 - [MESSAGE][PASSED] - Object 'Object Repository/UI/Client/Claim Services/NewClaim/input_billedCharges' is visible

2019-01-23 08:14:45 - [TEST_STEP][PASSED] - setText(findTestObject("UI/Client/Claim Services/NewClaim/input_billedCharges"), BILLCHRG): Text '182019' is set on object 'Object Repository/UI/Client/Claim Services/NewClaim/input_billedCharges'

2019-01-23 08:14:45 - [MESSAGE][PASSED] - Text '182019' is set on object 'Object Repository/UI/Client/Claim Services/NewClaim/input_billedCharges'

2019-01-23 08:14:45 - [TEST_STEP][PASSED] - delay(2): Delayed 2 second(s)

2019-01-23 08:14:47 - [MESSAGE][PASSED] - Delayed 2 second(s)

2019-01-23 08:14:47 - [TEST_STEP][PASSED] - waitForElementVisible(findTestObject("UI/Client/Claim Services/NewClaim/input_ppoName"), 5): Object 'Object Repository/UI/Client/Claim Services/NewClaim/input_ppoName' is visible

2019-01-23 08:14:47 - [MESSAGE][PASSED] - Object 'Object Repository/UI/Client/Claim Services/NewClaim/input_ppoName' is visible

2019-01-23 08:14:47 - [TEST_STEP][PASSED] - setText(findTestObject("UI/Client/Claim Services/NewClaim/input_ppoName"), PPONAME): Text 'None' is set on object 'Object Repository/UI/Client/Claim Services/NewClaim/input_ppoName'

2019-01-23 08:14:47 - [MESSAGE][PASSED] - Text 'None' is set on object 'Object Repository/UI/Client/Claim Services/NewClaim/input_ppoName'

2019-01-23 08:14:47 - [TEST_STEP][PASSED] - delay(5): Delayed 5 second(s)

2019-01-23 08:14:52 - [MESSAGE][PASSED] - Delayed 5 second(s)

2019-01-23 08:14:52 - [TEST_STEP][PASSED] - waitForElementClickable(findTestObject("UI/Client/Claim Services/NewClaim/button_saveClaim"), 5): Object 'Object Repository/UI/Client/Claim Services/NewClaim/button_saveClaim' is clickable

2019-01-23 08:14:52 - [MESSAGE][PASSED] - Object 'Object Repository/UI/Client/Claim Services/NewClaim/button_saveClaim' is clickable

2019-01-23 08:14:52 - [TEST_STEP][PASSED] - check(findTestObject("UI/Client/Claim Services/NewClaim/button_saveClaim")): Object 'Object Repository/UI/Client/Claim Services/NewClaim/button_saveClaim' is checked

2019-01-23 08:14:52 - [MESSAGE][PASSED] - Object 'Object Repository/UI/Client/Claim Services/NewClaim/button_saveClaim' is checked

2019-01-23 08:14:52 - [TEST_STEP][PASSED] - delay(5): Delayed 5 second(s)

2019-01-23 08:14:57 - [MESSAGE][PASSED] - Delayed 5 second(s)

2019-01-23 08:14:57 - [TEST_STEP][PASSED] - focus(findTestObject("UI/Client/Claim Services/NewClaim/h4_alertClaim")): Object: 'Object Repository/UI/Client/Claim Services/NewClaim/h4_alertClaim' is focused

2019-01-23 08:14:58 - [MESSAGE][PASSED] - Object: 'Object Repository/UI/Client/Claim Services/NewClaim/h4_alertClaim' is focused

2019-01-23 08:14:58 - [TEST_STEP][PASSED] - delay(3): Delayed 3 second(s)

2019-01-23 08:15:01 - [MESSAGE][PASSED] - Delayed 3 second(s)

2019-01-23 08:15:01 - [TEST_STEP][PASSED] - click(findTestObject("UI/Client/Claim Services/NewClaim/button_closeAlertClaim")): Object: 'Object Repository/UI/Client/Claim Services/NewClaim/button_closeAlertClaim' is clicked on

2019-01-23 08:15:01 - [MESSAGE][PASSED] - Object: 'Object Repository/UI/Client/Claim Services/NewClaim/button_closeAlertClaim' is clicked on

2019-01-23 08:15:01 - [TEST_STEP][PASSED] - delay(3): Delayed 3 second(s)

2019-01-23 08:15:04 - [MESSAGE][PASSED] - Delayed 3 second(s)

2019-01-23 08:15:04 - [TEST_STEP][PASSED] - waitForElementVisible(findTestObject("UI/Client/Claim Services/NewClaim/span_attachFiles"), 5): Object 'Object Repository/UI/Client/Claim Services/NewClaim/span_attachFiles' is visible

2019-01-23 08:15:04 - [MESSAGE][PASSED] - Object 'Object Repository/UI/Client/Claim Services/NewClaim/span_attachFiles' is visible

2019-01-23 08:15:04 - [TEST_STEP][PASSED] - verifyElementVisible(findTestObject("UI/Client/Claim Services/NewClaim/span_attachFiles")): Object 'Object Repository/UI/Client/Claim Services/NewClaim/span_attachFiles' is visible

2019-01-23 08:15:04 - [MESSAGE][PASSED] - Object 'Object Repository/UI/Client/Claim Services/NewClaim/span_attachFiles' is visible

2019-01-23 08:15:04 - [TEST_STEP][PASSED] - waitForElementClickable(findTestObject("UI/Client/Claim Services/a_FilesTab"), 5): Object 'Object Repository/UI/Client/Claim Services/a_FilesTab' is clickable

2019-01-23 08:15:04 - [MESSAGE][PASSED] - Object 'Object Repository/UI/Client/Claim Services/a_FilesTab' is clickable

2019-01-23 08:15:04 - [TEST_STEP][PASSED] - click(findTestObject("UI/Client/Claim Services/a_FilesTab")): Object: 'Object Repository/UI/Client/Claim Services/a_FilesTab' is clicked on

2019-01-23 08:15:04 - [MESSAGE][PASSED] - Object: 'Object Repository/UI/Client/Claim Services/a_FilesTab' is clicked on

2019-01-23 08:15:04 - [TEST_STEP][PASSED] - waitForPageLoad(5): Wait for page load successfully

2019-01-23 08:15:04 - [MESSAGE][PASSED] - Wait for page load successfully

2019-01-23 08:15:04 - [TEST_STEP][PASSED] - uploadFile(findTestObject("UI/Client/Claim Services/input_NewFile"), UPFILE): File 'C:\uploadAMPS\MedRecords-Demo.png' sent to object: 'Object Repository/UI/Client/Claim Services/input_NewFile'

2019-01-23 08:15:04 - [MESSAGE][PASSED] - File 'C:\uploadAMPS\MedRecords-Demo.png' sent to object: 'Object Repository/UI/Client/Claim Services/input_NewFile'

2019-01-23 08:15:04 - [TEST_STEP][PASSED] - delay(3): Delayed 3 second(s)

2019-01-23 08:15:07 - [MESSAGE][PASSED] - Delayed 3 second(s)

2019-01-23 08:15:07 - [TEST_STEP][PASSED] - waitForElementClickable(findTestObject("UI/Client/Claim Services/selectFileNameDropDown"), 5): Object 'Object Repository/UI/Client/Claim Services/selectFileNameDropDown' is clickable

2019-01-23 08:15:07 - [MESSAGE][PASSED] - Object 'Object Repository/UI/Client/Claim Services/selectFileNameDropDown' is clickable

2019-01-23 08:15:07 - [TEST_STEP][PASSED] - click(findTestObject("UI/Client/Claim Services/selectFileNameDropDown")): Object: 'Object Repository/UI/Client/Claim Services/selectFileNameDropDown' is clicked on

2019-01-23 08:15:07 - [MESSAGE][PASSED] - Object: 'Object Repository/UI/Client/Claim Services/selectFileNameDropDown' is clicked on

2019-01-23 08:15:07 - [TEST_STEP][PASSED] - delay(2): Delayed 2 second(s)

2019-01-23 08:15:09 - [MESSAGE][PASSED] - Delayed 2 second(s)

2019-01-23 08:15:09 - [TEST_STEP][PASSED] - click(findTestObject("UI/Client/Claim Services/option_otherFile")): Object: 'Object Repository/UI/Client/Claim Services/option_otherFile' is clicked on

2019-01-23 08:15:09 - [MESSAGE][PASSED] - Object: 'Object Repository/UI/Client/Claim Services/option_otherFile' is clicked on

2019-01-23 08:15:09 - [TEST_STEP][PASSED] - delay(3): Delayed 3 second(s)

2019-01-23 08:15:12 - [MESSAGE][PASSED] - Delayed 3 second(s)

2019-01-23 08:15:12 - [TEST_STEP][PASSED] - waitForElementClickable(findTestObject("UI/Client/Claim Services/buttonSaveUpload"), 5): Object 'Object Repository/UI/Client/Claim Services/buttonSaveUpload' is clickable

2019-01-23 08:15:12 - [MESSAGE][PASSED] - Object 'Object Repository/UI/Client/Claim Services/buttonSaveUpload' is clickable

2019-01-23 08:15:12 - [TEST_STEP][PASSED] - click(findTestObject("UI/Client/Claim Services/buttonSaveUpload")): Object: 'Object Repository/UI/Client/Claim Services/buttonSaveUpload' is clicked on

2019-01-23 08:15:13 - [MESSAGE][PASSED] - Object: 'Object Repository/UI/Client/Claim Services/buttonSaveUpload' is clicked on

2019-01-23 08:15:13 - [TEST_STEP][PASSED] - waitForPageLoad(5): Wait for page load successfully

2019-01-23 08:15:13 - [MESSAGE][PASSED] - Wait for page load successfully

2019-01-23 08:15:13 - [TEST_STEP][PASSED] - delay(3): Delayed 3 second(s)

2019-01-23 08:15:16 - [MESSAGE][PASSED] - Delayed 3 second(s)

2019-01-23 08:15:16 - [TEST_STEP][PASSED] - verifyElementVisible(findTestObject("UI/Client/Claim Services/strong_uploadedFileMessage")): Object 'Object Repository/UI/Client/Claim Services/strong_uploadedFileMessage' is visible

2019-01-23 08:15:16 - [MESSAGE][PASSED] - Object 'Object Repository/UI/Client/Claim Services/strong_uploadedFileMessage' is visible

2019-01-23 08:15:16 - [TEST_STEP][PASSED] - delay(5): Delayed 5 second(s)

2019-01-23 08:15:21 - [MESSAGE][PASSED] - Delayed 5 second(s)

2019-01-23 08:15:21 - [TEST_STEP][PASSED] - waitForElementClickable(findTestObject("UI/General/Log/span_logoutAsClient"), 5): Object 'Object Repository/UI/General/Log/span_logoutAsClient' is clickable

2019-01-23 08:15:21 - [MESSAGE][PASSED] - Object 'Object Repository/UI/General/Log/span_logoutAsClient' is clickable

2019-01-23 08:15:21 - [TEST_STEP][PASSED] - click(findTestObject("UI/General/Log/span_logoutAsClient")): Object: 'Object Repository/UI/General/Log/span_logoutAsClient' is clicked on

2019-01-23 08:15:21 - [MESSAGE][PASSED] - Object: 'Object Repository/UI/General/Log/span_logoutAsClient' is clicked on

2019-01-23 08:15:21 - [TEST_STEP][PASSED] - delay(1): Delayed 1 second(s)

2019-01-23 08:15:22 - [MESSAGE][PASSED] - Delayed 1 second(s)

2019-01-23 08:15:22 - [TEST_STEP][PASSED] - waitForElementClickable(findTestObject("UI/General/Log/a_userAvatar"), 5): Object 'Object Repository/UI/General/Log/a_userAvatar' is clickable

2019-01-23 08:15:22 - [MESSAGE][PASSED] - Object 'Object Repository/UI/General/Log/a_userAvatar' is clickable

2019-01-23 08:15:22 - [TEST_STEP][PASSED] - click(findTestObject("UI/General/Log/a_userAvatar")): Object: 'Object Repository/UI/General/Log/a_userAvatar' is clicked on

2019-01-23 08:15:22 - [MESSAGE][PASSED] - Object: 'Object Repository/UI/General/Log/a_userAvatar' is clicked on

2019-01-23 08:15:22 - [TEST_STEP][PASSED] - delay(1): Delayed 1 second(s)

2019-01-23 08:15:23 - [MESSAGE][PASSED] - Delayed 1 second(s)

2019-01-23 08:15:23 - [TEST_STEP][PASSED] - waitForElementClickable(findTestObject("UI/General/Log/a_signOutAMPS"), 5): Object 'Object Repository/UI/General/Log/a_signOutAMPS' is clickable

2019-01-23 08:15:23 - [MESSAGE][PASSED] - Object 'Object Repository/UI/General/Log/a_signOutAMPS' is clickable

2019-01-23 08:15:23 - [TEST_STEP][PASSED] - click(findTestObject("UI/General/Log/a_signOutAMPS")): Object: 'Object Repository/UI/General/Log/a_signOutAMPS' is clicked on

2019-01-23 08:15:23 - [MESSAGE][PASSED] - Object: 'Object Repository/UI/General/Log/a_signOutAMPS' is clicked on

2019-01-23 08:15:23 - [TEST_STEP][PASSED] - delay(1): Delayed 1 second(s)

2019-01-23 08:15:24 - [MESSAGE][PASSED] - Delayed 1 second(s)

2019-01-23 08:15:24 - [TEST_STEP][PASSED] - closeBrowser(): Browser is closed

2019-01-23 08:15:25 - [MESSAGE][PASSED] - Browser is closed]]></system-out>
         <system-err><![CDATA[]]></system-err>
      </testcase>
      <testcase name="Test Cases/UI/Client/Claim Services/Claim_Details" classname="Test Cases/UI/Client/Claim Services/Claim_Details" status="PASSED">
         <system-out><![CDATA[2019-01-23 08:15:25 - [TEST_CASE][PASSED] - Test Cases/UI/Client/Claim Services/Claim_Details: Test Cases/UI/Client/Claim Services/Claim_Details

2019-01-23 08:15:25 - [TEST_STEP][PASSED] - UAT = "https://uat.advancedpricing.com": null

2019-01-23 08:15:25 - [TEST_STEP][PASSED] - USER = "qaAuto": null

2019-01-23 08:15:25 - [TEST_STEP][PASSED] - PASSWD = "a9yk100dD": null

2019-01-23 08:15:25 - [TEST_STEP][PASSED] - openBrowser(""): Browser is opened with url: ''

2019-01-23 08:15:25 - [MESSAGE][INFO] - Starting 'Chrome' driver

2019-01-23 08:15:27 - [MESSAGE][PASSED] - Browser is opened with url: ''

2019-01-23 08:15:27 - [TEST_STEP][PASSED] - maximizeWindow(): Current window maximized

2019-01-23 08:15:28 - [MESSAGE][PASSED] - Current window maximized

2019-01-23 08:15:28 - [TEST_STEP][PASSED] - navigateToUrl(UAT): Navigate to 'https://uat.advancedpricing.com' successfully

2019-01-23 08:15:30 - [MESSAGE][PASSED] - Navigate to 'https://uat.advancedpricing.com' successfully

2019-01-23 08:15:30 - [TEST_STEP][PASSED] - waitForPageLoad(5): Wait for page load successfully

2019-01-23 08:15:30 - [MESSAGE][PASSED] - Wait for page load successfully

2019-01-23 08:15:30 - [TEST_STEP][PASSED] - setText(findTestObject("UI/Client/Claim Services/input_userCode"), USER): Text 'qaAuto' is set on object 'Object Repository/UI/Client/Claim Services/input_userCode'

2019-01-23 08:15:30 - [MESSAGE][PASSED] - Text 'qaAuto' is set on object 'Object Repository/UI/Client/Claim Services/input_userCode'

2019-01-23 08:15:30 - [TEST_STEP][PASSED] - setText(findTestObject("UI/Client/Claim Services/input_userPassword"), PASSWD): Text 'a9yk100dD' is set on object 'Object Repository/UI/Client/Claim Services/input_userPassword'

2019-01-23 08:15:30 - [MESSAGE][PASSED] - Text 'a9yk100dD' is set on object 'Object Repository/UI/Client/Claim Services/input_userPassword'

2019-01-23 08:15:30 - [TEST_STEP][PASSED] - waitForElementClickable(findTestObject("UI/Client/Claim Services/input_loginButton"), 5): Object 'Object Repository/UI/Client/Claim Services/input_loginButton' is clickable

2019-01-23 08:15:30 - [MESSAGE][PASSED] - Object 'Object Repository/UI/Client/Claim Services/input_loginButton' is clickable

2019-01-23 08:15:30 - [TEST_STEP][PASSED] - click(findTestObject("UI/Client/Claim Services/input_loginButton")): Object: 'Object Repository/UI/Client/Claim Services/input_loginButton' is clicked on

2019-01-23 08:15:30 - [MESSAGE][PASSED] - Object: 'Object Repository/UI/Client/Claim Services/input_loginButton' is clicked on

2019-01-23 08:15:30 - [TEST_STEP][PASSED] - waitForPageLoad(5): Wait for page load successfully

2019-01-23 08:15:30 - [MESSAGE][PASSED] - Wait for page load successfully

2019-01-23 08:15:30 - [TEST_STEP][PASSED] - waitForElementClickable(findTestObject("UI/Client/Claim Services/span_ABMSClient"), 5): Object 'Object Repository/UI/Client/Claim Services/span_ABMSClient' is clickable

2019-01-23 08:15:32 - [MESSAGE][PASSED] - Object 'Object Repository/UI/Client/Claim Services/span_ABMSClient' is clickable

2019-01-23 08:15:32 - [TEST_STEP][PASSED] - click(findTestObject("UI/Client/Claim Services/span_ABMSClient")): Object: 'Object Repository/UI/Client/Claim Services/span_ABMSClient' is clicked on

2019-01-23 08:15:32 - [MESSAGE][PASSED] - Object: 'Object Repository/UI/Client/Claim Services/span_ABMSClient' is clicked on

2019-01-23 08:15:32 - [TEST_STEP][PASSED] - waitForPageLoad(5): Wait for page load successfully

2019-01-23 08:15:32 - [MESSAGE][PASSED] - Wait for page load successfully

2019-01-23 08:15:32 - [TEST_STEP][PASSED] - waitForElementClickable(findTestObject("UI/Client/Claim Services/span_firstClaim"), 5): Object 'Object Repository/UI/Client/Claim Services/span_firstClaim' is clickable

2019-01-23 08:15:33 - [MESSAGE][PASSED] - Object 'Object Repository/UI/Client/Claim Services/span_firstClaim' is clickable

2019-01-23 08:15:33 - [TEST_STEP][PASSED] - click(findTestObject("UI/Client/Claim Services/span_firstClaim")): Object: 'Object Repository/UI/Client/Claim Services/span_firstClaim' is clicked on

2019-01-23 08:15:33 - [MESSAGE][PASSED] - Object: 'Object Repository/UI/Client/Claim Services/span_firstClaim' is clicked on

2019-01-23 08:15:33 - [TEST_STEP][PASSED] - waitForPageLoad(5): Wait for page load successfully

2019-01-23 08:15:33 - [MESSAGE][PASSED] - Wait for page load successfully

2019-01-23 08:15:33 - [TEST_STEP][PASSED] - waitForElementVisible(findTestObject("UI/Client/Claim Services/span_ClaimHeader"), 5): Object 'Object Repository/UI/Client/Claim Services/span_ClaimHeader' is visible

2019-01-23 08:15:33 - [MESSAGE][PASSED] - Object 'Object Repository/UI/Client/Claim Services/span_ClaimHeader' is visible

2019-01-23 08:15:33 - [TEST_STEP][PASSED] - claimHeader = getText(findTestObject("UI/Client/Claim Services/span_ClaimHeader")): Text of object 'Object Repository/UI/Client/Claim Services/span_ClaimHeader' is: 'Edit: 22222 (1084798) - Clerk - Received'

2019-01-23 08:15:33 - [MESSAGE][PASSED] - Text of object 'Object Repository/UI/Client/Claim Services/span_ClaimHeader' is: 'Edit: 22222 (1084798) - Clerk - Received'

2019-01-23 08:15:33 - [TEST_STEP][PASSED] - delay(3): Delayed 3 second(s)

2019-01-23 08:15:36 - [MESSAGE][PASSED] - Delayed 3 second(s)

2019-01-23 08:15:36 - [TEST_STEP][PASSED] - waitForElementClickable(findTestObject("UI/General/Log/span_logoutAsClient"), 5): Object 'Object Repository/UI/General/Log/span_logoutAsClient' is clickable

2019-01-23 08:15:36 - [MESSAGE][PASSED] - Object 'Object Repository/UI/General/Log/span_logoutAsClient' is clickable

2019-01-23 08:15:36 - [TEST_STEP][PASSED] - click(findTestObject("UI/General/Log/span_logoutAsClient")): Object: 'Object Repository/UI/General/Log/span_logoutAsClient' is clicked on

2019-01-23 08:15:36 - [MESSAGE][PASSED] - Object: 'Object Repository/UI/General/Log/span_logoutAsClient' is clicked on

2019-01-23 08:15:36 - [TEST_STEP][PASSED] - delay(1): Delayed 1 second(s)

2019-01-23 08:15:37 - [MESSAGE][PASSED] - Delayed 1 second(s)

2019-01-23 08:15:37 - [TEST_STEP][PASSED] - waitForElementClickable(findTestObject("UI/General/Log/a_userAvatar"), 5): Object 'Object Repository/UI/General/Log/a_userAvatar' is clickable

2019-01-23 08:15:37 - [MESSAGE][PASSED] - Object 'Object Repository/UI/General/Log/a_userAvatar' is clickable

2019-01-23 08:15:37 - [TEST_STEP][PASSED] - click(findTestObject("UI/General/Log/a_userAvatar")): Object: 'Object Repository/UI/General/Log/a_userAvatar' is clicked on

2019-01-23 08:15:38 - [MESSAGE][PASSED] - Object: 'Object Repository/UI/General/Log/a_userAvatar' is clicked on

2019-01-23 08:15:38 - [TEST_STEP][PASSED] - delay(1): Delayed 1 second(s)

2019-01-23 08:15:39 - [MESSAGE][PASSED] - Delayed 1 second(s)

2019-01-23 08:15:39 - [TEST_STEP][PASSED] - waitForElementClickable(findTestObject("UI/General/Log/a_signOutAMPS"), 5): Object 'Object Repository/UI/General/Log/a_signOutAMPS' is clickable

2019-01-23 08:15:39 - [MESSAGE][PASSED] - Object 'Object Repository/UI/General/Log/a_signOutAMPS' is clickable

2019-01-23 08:15:39 - [TEST_STEP][PASSED] - click(findTestObject("UI/General/Log/a_signOutAMPS")): Object: 'Object Repository/UI/General/Log/a_signOutAMPS' is clicked on

2019-01-23 08:15:39 - [MESSAGE][PASSED] - Object: 'Object Repository/UI/General/Log/a_signOutAMPS' is clicked on

2019-01-23 08:15:39 - [TEST_STEP][PASSED] - delay(1): Delayed 1 second(s)

2019-01-23 08:15:40 - [MESSAGE][PASSED] - Delayed 1 second(s)

2019-01-23 08:15:40 - [TEST_STEP][PASSED] - closeBrowser(): Browser is closed

2019-01-23 08:15:41 - [MESSAGE][PASSED] - Browser is closed]]></system-out>
         <system-err><![CDATA[]]></system-err>
      </testcase>
      <testcase name="Test Cases/UI/Client/Claim Services/Download_successful" classname="Test Cases/UI/Client/Claim Services/Download_successful" status="PASSED">
         <system-out><![CDATA[2019-01-23 08:15:41 - [TEST_CASE][PASSED] - Test Cases/UI/Client/Claim Services/Download_successful: Test Cases/UI/Client/Claim Services/Download_successful

2019-01-23 08:15:41 - [TEST_STEP][PASSED] - UAT = "https://uat.advancedpricing.com": null

2019-01-23 08:15:41 - [TEST_STEP][PASSED] - USER = "qaAuto": null

2019-01-23 08:15:41 - [TEST_STEP][PASSED] - PASSWD = "a9yk100dD": null

2019-01-23 08:15:41 - [TEST_STEP][PASSED] - downloadPath = "C:\Users\David Avalos\Downloads": null

2019-01-23 08:15:41 - [TEST_STEP][PASSED] - FILEDOWN = "MedRecords-Demo.png": null

2019-01-23 08:15:41 - [TEST_STEP][PASSED] - openBrowser(""): Browser is opened with url: ''

2019-01-23 08:15:41 - [MESSAGE][INFO] - Starting 'Chrome' driver

2019-01-23 08:15:43 - [MESSAGE][PASSED] - Browser is opened with url: ''

2019-01-23 08:15:43 - [TEST_STEP][PASSED] - maximizeWindow(): Current window maximized

2019-01-23 08:15:44 - [MESSAGE][PASSED] - Current window maximized

2019-01-23 08:15:44 - [TEST_STEP][PASSED] - navigateToUrl(UAT): Navigate to 'https://uat.advancedpricing.com' successfully

2019-01-23 08:15:54 - [MESSAGE][PASSED] - Navigate to 'https://uat.advancedpricing.com' successfully

2019-01-23 08:15:54 - [TEST_STEP][PASSED] - waitForPageLoad(5): Wait for page load successfully

2019-01-23 08:15:54 - [MESSAGE][PASSED] - Wait for page load successfully

2019-01-23 08:15:54 - [TEST_STEP][PASSED] - setText(findTestObject("UI/Client/Claim Services/input_userCode"), USER): Text 'qaAuto' is set on object 'Object Repository/UI/Client/Claim Services/input_userCode'

2019-01-23 08:15:54 - [MESSAGE][PASSED] - Text 'qaAuto' is set on object 'Object Repository/UI/Client/Claim Services/input_userCode'

2019-01-23 08:15:54 - [TEST_STEP][PASSED] - setText(findTestObject("UI/Client/Claim Services/input_userPassword"), PASSWD): Text 'a9yk100dD' is set on object 'Object Repository/UI/Client/Claim Services/input_userPassword'

2019-01-23 08:15:54 - [MESSAGE][PASSED] - Text 'a9yk100dD' is set on object 'Object Repository/UI/Client/Claim Services/input_userPassword'

2019-01-23 08:15:54 - [TEST_STEP][PASSED] - waitForElementClickable(findTestObject("UI/Client/Claim Services/input_loginButton"), 5): Object 'Object Repository/UI/Client/Claim Services/input_loginButton' is clickable

2019-01-23 08:15:54 - [MESSAGE][PASSED] - Object 'Object Repository/UI/Client/Claim Services/input_loginButton' is clickable

2019-01-23 08:15:54 - [TEST_STEP][PASSED] - click(findTestObject("UI/Client/Claim Services/input_loginButton")): Object: 'Object Repository/UI/Client/Claim Services/input_loginButton' is clicked on

2019-01-23 08:15:54 - [MESSAGE][PASSED] - Object: 'Object Repository/UI/Client/Claim Services/input_loginButton' is clicked on

2019-01-23 08:15:54 - [TEST_STEP][PASSED] - waitForPageLoad(5): Wait for page load successfully

2019-01-23 08:15:54 - [MESSAGE][PASSED] - Wait for page load successfully

2019-01-23 08:15:54 - [TEST_STEP][PASSED] - waitForElementClickable(findTestObject("UI/Client/Claim Services/span_ABMSClient"), 5): Object 'Object Repository/UI/Client/Claim Services/span_ABMSClient' is clickable

2019-01-23 08:15:55 - [MESSAGE][PASSED] - Object 'Object Repository/UI/Client/Claim Services/span_ABMSClient' is clickable

2019-01-23 08:15:55 - [TEST_STEP][PASSED] - click(findTestObject("UI/Client/Claim Services/span_ABMSClient")): Object: 'Object Repository/UI/Client/Claim Services/span_ABMSClient' is clicked on

2019-01-23 08:15:56 - [MESSAGE][PASSED] - Object: 'Object Repository/UI/Client/Claim Services/span_ABMSClient' is clicked on

2019-01-23 08:15:56 - [TEST_STEP][PASSED] - waitForPageLoad(5): Wait for page load successfully

2019-01-23 08:15:56 - [MESSAGE][PASSED] - Wait for page load successfully

2019-01-23 08:15:56 - [TEST_STEP][PASSED] - waitForElementClickable(findTestObject("UI/Client/Claim Services/span_firstClaim"), 5): Object 'Object Repository/UI/Client/Claim Services/span_firstClaim' is clickable

2019-01-23 08:15:56 - [MESSAGE][PASSED] - Object 'Object Repository/UI/Client/Claim Services/span_firstClaim' is clickable

2019-01-23 08:15:56 - [TEST_STEP][PASSED] - click(findTestObject("UI/Client/Claim Services/span_firstClaim")): Object: 'Object Repository/UI/Client/Claim Services/span_firstClaim' is clicked on

2019-01-23 08:15:57 - [MESSAGE][PASSED] - Object: 'Object Repository/UI/Client/Claim Services/span_firstClaim' is clicked on

2019-01-23 08:15:57 - [TEST_STEP][PASSED] - waitForPageLoad(5): Wait for page load successfully

2019-01-23 08:15:57 - [MESSAGE][PASSED] - Wait for page load successfully

2019-01-23 08:15:57 - [TEST_STEP][PASSED] - waitForElementClickable(findTestObject("UI/Client/Claim Services/a_FilesTab"), 5): Object 'Object Repository/UI/Client/Claim Services/a_FilesTab' is clickable

2019-01-23 08:15:57 - [MESSAGE][PASSED] - Object 'Object Repository/UI/Client/Claim Services/a_FilesTab' is clickable

2019-01-23 08:15:57 - [TEST_STEP][PASSED] - click(findTestObject("UI/Client/Claim Services/a_FilesTab")): Object: 'Object Repository/UI/Client/Claim Services/a_FilesTab' is clicked on

2019-01-23 08:15:57 - [MESSAGE][PASSED] - Object: 'Object Repository/UI/Client/Claim Services/a_FilesTab' is clicked on

2019-01-23 08:15:57 - [TEST_STEP][PASSED] - waitForPageLoad(5): Wait for page load successfully

2019-01-23 08:15:57 - [MESSAGE][PASSED] - Wait for page load successfully

2019-01-23 08:15:57 - [TEST_STEP][PASSED] - fileName = getText(findTestObject("UI/Client/Claim Services/a_firstExistingFile")): Text of object 'Object Repository/UI/Client/Claim Services/a_firstExistingFile' is: 'MedRecords-Demo.png'

2019-01-23 08:15:58 - [MESSAGE][PASSED] - Text of object 'Object Repository/UI/Client/Claim Services/a_firstExistingFile' is: 'MedRecords-Demo.png'

2019-01-23 08:15:58 - [TEST_STEP][PASSED] - verifyMatch(fileName, FILEDOWN, false): Actual text 'MedRecords-Demo.png' and expected text 'MedRecords-Demo.png' are matched 

2019-01-23 08:15:58 - [MESSAGE][PASSED] - Actual text 'MedRecords-Demo.png' and expected text 'MedRecords-Demo.png' are matched 

2019-01-23 08:15:58 - [TEST_STEP][PASSED] - waitForElementClickable(findTestObject("UI/Client/Claim Services/a_firstExistingFile"), 5): Object 'Object Repository/UI/Client/Claim Services/a_firstExistingFile' is clickable

2019-01-23 08:15:58 - [MESSAGE][PASSED] - Object 'Object Repository/UI/Client/Claim Services/a_firstExistingFile' is clickable

2019-01-23 08:15:58 - [TEST_STEP][PASSED] - click(findTestObject("UI/Client/Claim Services/a_firstExistingFile")): Object: 'Object Repository/UI/Client/Claim Services/a_firstExistingFile' is clicked on

2019-01-23 08:15:58 - [MESSAGE][PASSED] - Object: 'Object Repository/UI/Client/Claim Services/a_firstExistingFile' is clicked on

2019-01-23 08:15:58 - [TEST_STEP][PASSED] - delay(10): Delayed 10 second(s)

2019-01-23 08:16:08 - [MESSAGE][PASSED] - Delayed 10 second(s)

2019-01-23 08:16:08 - [TEST_STEP][PASSED] - driver = getWebDriver(): null

2019-01-23 08:16:08 - [TEST_STEP][PASSED] - Assert.assertTrue(isFileDownloaded(downloadPath, FILEDOWN), "Failed to download Expected document"): null

2019-01-23 08:16:08 - [TEST_STEP][PASSED] - flag = false: null

2019-01-23 08:16:08 - [TEST_STEP][PASSED] - dir = new java.io.File(downloadPath): null

2019-01-23 08:16:08 - [TEST_STEP][PASSED] - dir_contents = dir.listFiles(): null

2019-01-23 08:16:08 - [TEST_STEP][PASSED] - for ([i = 0, i < length, (i++)]): null

2019-01-23 08:16:08 - [TEST_STEP][PASSED] - println("File Name at 0 is : " + dir_contents[i].getName()): null

2019-01-23 08:16:08 - [TEST_STEP][PASSED] - if (getName().equals(fileName)): null

2019-01-23 08:16:08 - [TEST_STEP][PASSED] - println("File Name at 0 is : " + dir_contents[i].getName()): null

2019-01-23 08:16:08 - [TEST_STEP][PASSED] - if (getName().equals(fileName)): null

2019-01-23 08:16:08 - [TEST_STEP][PASSED] - println("File Name at 0 is : " + dir_contents[i].getName()): null

2019-01-23 08:16:08 - [TEST_STEP][PASSED] - if (getName().equals(fileName)): null

2019-01-23 08:16:08 - [TEST_STEP][PASSED] - println("File Name at 0 is : " + dir_contents[i].getName()): null

2019-01-23 08:16:08 - [TEST_STEP][PASSED] - if (getName().equals(fileName)): null

2019-01-23 08:16:08 - [TEST_STEP][PASSED] - println("File Name at 0 is : " + dir_contents[i].getName()): null

2019-01-23 08:16:08 - [TEST_STEP][PASSED] - if (getName().equals(fileName)): null

2019-01-23 08:16:08 - [TEST_STEP][PASSED] - println("File Name at 0 is : " + dir_contents[i].getName()): null

2019-01-23 08:16:08 - [TEST_STEP][PASSED] - if (getName().equals(fileName)): null

2019-01-23 08:16:08 - [TEST_STEP][PASSED] - println("File Name at 0 is : " + dir_contents[i].getName()): null

2019-01-23 08:16:08 - [TEST_STEP][PASSED] - if (getName().equals(fileName)): null

2019-01-23 08:16:08 - [TEST_STEP][PASSED] - flag = true: null

2019-01-23 08:16:08 - [TEST_STEP][PASSED] - return flag: null

2019-01-23 08:16:08 - [TEST_STEP][PASSED] - waitForElementClickable(findTestObject("UI/General/Log/span_logoutAsClient"), 5): Object 'Object Repository/UI/General/Log/span_logoutAsClient' is clickable

2019-01-23 08:16:08 - [MESSAGE][PASSED] - Object 'Object Repository/UI/General/Log/span_logoutAsClient' is clickable

2019-01-23 08:16:08 - [TEST_STEP][PASSED] - click(findTestObject("UI/General/Log/span_logoutAsClient")): Object: 'Object Repository/UI/General/Log/span_logoutAsClient' is clicked on

2019-01-23 08:16:08 - [MESSAGE][PASSED] - Object: 'Object Repository/UI/General/Log/span_logoutAsClient' is clicked on

2019-01-23 08:16:08 - [TEST_STEP][PASSED] - delay(1): Delayed 1 second(s)

2019-01-23 08:16:09 - [MESSAGE][PASSED] - Delayed 1 second(s)

2019-01-23 08:16:09 - [TEST_STEP][PASSED] - waitForElementClickable(findTestObject("UI/General/Log/a_userAvatar"), 5): Object 'Object Repository/UI/General/Log/a_userAvatar' is clickable

2019-01-23 08:16:09 - [MESSAGE][PASSED] - Object 'Object Repository/UI/General/Log/a_userAvatar' is clickable

2019-01-23 08:16:09 - [TEST_STEP][PASSED] - click(findTestObject("UI/General/Log/a_userAvatar")): Object: 'Object Repository/UI/General/Log/a_userAvatar' is clicked on

2019-01-23 08:16:09 - [MESSAGE][PASSED] - Object: 'Object Repository/UI/General/Log/a_userAvatar' is clicked on

2019-01-23 08:16:09 - [TEST_STEP][PASSED] - delay(1): Delayed 1 second(s)

2019-01-23 08:16:10 - [MESSAGE][PASSED] - Delayed 1 second(s)

2019-01-23 08:16:10 - [TEST_STEP][PASSED] - waitForElementClickable(findTestObject("UI/General/Log/a_signOutAMPS"), 5): Object 'Object Repository/UI/General/Log/a_signOutAMPS' is clickable

2019-01-23 08:16:10 - [MESSAGE][PASSED] - Object 'Object Repository/UI/General/Log/a_signOutAMPS' is clickable

2019-01-23 08:16:10 - [TEST_STEP][PASSED] - click(findTestObject("UI/General/Log/a_signOutAMPS")): Object: 'Object Repository/UI/General/Log/a_signOutAMPS' is clicked on

2019-01-23 08:16:11 - [MESSAGE][PASSED] - Object: 'Object Repository/UI/General/Log/a_signOutAMPS' is clicked on

2019-01-23 08:16:11 - [TEST_STEP][PASSED] - delay(1): Delayed 1 second(s)

2019-01-23 08:16:12 - [MESSAGE][PASSED] - Delayed 1 second(s)

2019-01-23 08:16:12 - [TEST_STEP][PASSED] - closeBrowser(): Browser is closed

2019-01-23 08:16:12 - [MESSAGE][PASSED] - Browser is closed

2019-01-23 08:16:12 - [TEST_STEP][PASSED] - closeBrowser(): Browser is closed

2019-01-23 08:16:12 - [MESSAGE][PASSED] - Browser is closed]]></system-out>
         <system-err><![CDATA[]]></system-err>
      </testcase>
      <testcase name="Test Cases/UI/Client/Claim Services/Search_Successful" classname="Test Cases/UI/Client/Claim Services/Search_Successful" status="PASSED">
         <system-out><![CDATA[2019-01-23 08:16:12 - [TEST_CASE][PASSED] - Test Cases/UI/Client/Claim Services/Search_Successful: Test Cases/UI/Client/Claim Services/Search_Successful

2019-01-23 08:16:13 - [TEST_STEP][PASSED] - UAT = "https://uat.advancedpricing.com": null

2019-01-23 08:16:13 - [TEST_STEP][PASSED] - USER = "qaAuto": null

2019-01-23 08:16:13 - [TEST_STEP][PASSED] - PASSWD = "a9yk100dD": null

2019-01-23 08:16:13 - [TEST_STEP][PASSED] - UPFILE = "C:\uploadAMPS\UpFile.txt": null

2019-01-23 08:16:13 - [TEST_STEP][PASSED] - openBrowser(""): Browser is opened with url: ''

2019-01-23 08:16:13 - [MESSAGE][INFO] - Starting 'Chrome' driver

2019-01-23 08:16:15 - [MESSAGE][PASSED] - Browser is opened with url: ''

2019-01-23 08:16:15 - [TEST_STEP][PASSED] - maximizeWindow(): Current window maximized

2019-01-23 08:16:16 - [MESSAGE][PASSED] - Current window maximized

2019-01-23 08:16:16 - [TEST_STEP][PASSED] - navigateToUrl(UAT): Navigate to 'https://uat.advancedpricing.com' successfully

2019-01-23 08:16:17 - [MESSAGE][PASSED] - Navigate to 'https://uat.advancedpricing.com' successfully

2019-01-23 08:16:17 - [TEST_STEP][PASSED] - waitForPageLoad(5): Wait for page load successfully

2019-01-23 08:16:17 - [MESSAGE][PASSED] - Wait for page load successfully

2019-01-23 08:16:17 - [TEST_STEP][PASSED] - setText(findTestObject("UI/Client/Claim Services/input_userCode"), USER): Text 'qaAuto' is set on object 'Object Repository/UI/Client/Claim Services/input_userCode'

2019-01-23 08:16:18 - [MESSAGE][PASSED] - Text 'qaAuto' is set on object 'Object Repository/UI/Client/Claim Services/input_userCode'

2019-01-23 08:16:18 - [TEST_STEP][PASSED] - setText(findTestObject("UI/Client/Claim Services/input_userPassword"), PASSWD): Text 'a9yk100dD' is set on object 'Object Repository/UI/Client/Claim Services/input_userPassword'

2019-01-23 08:16:18 - [MESSAGE][PASSED] - Text 'a9yk100dD' is set on object 'Object Repository/UI/Client/Claim Services/input_userPassword'

2019-01-23 08:16:18 - [TEST_STEP][PASSED] - waitForElementClickable(findTestObject("UI/Client/Claim Services/input_loginButton"), 5): Object 'Object Repository/UI/Client/Claim Services/input_loginButton' is clickable

2019-01-23 08:16:18 - [MESSAGE][PASSED] - Object 'Object Repository/UI/Client/Claim Services/input_loginButton' is clickable

2019-01-23 08:16:18 - [TEST_STEP][PASSED] - click(findTestObject("UI/Client/Claim Services/input_loginButton")): Object: 'Object Repository/UI/Client/Claim Services/input_loginButton' is clicked on

2019-01-23 08:16:18 - [MESSAGE][PASSED] - Object: 'Object Repository/UI/Client/Claim Services/input_loginButton' is clicked on

2019-01-23 08:16:18 - [TEST_STEP][PASSED] - waitForPageLoad(5): Wait for page load successfully

2019-01-23 08:16:18 - [MESSAGE][PASSED] - Wait for page load successfully

2019-01-23 08:16:18 - [TEST_STEP][PASSED] - waitForElementClickable(findTestObject("UI/Client/Claim Services/span_ABMSClient"), 5): Object 'Object Repository/UI/Client/Claim Services/span_ABMSClient' is clickable

2019-01-23 08:16:18 - [MESSAGE][PASSED] - Object 'Object Repository/UI/Client/Claim Services/span_ABMSClient' is clickable

2019-01-23 08:16:18 - [TEST_STEP][PASSED] - click(findTestObject("UI/Client/Claim Services/span_ABMSClient")): Object: 'Object Repository/UI/Client/Claim Services/span_ABMSClient' is clicked on

2019-01-23 08:16:19 - [MESSAGE][PASSED] - Object: 'Object Repository/UI/Client/Claim Services/span_ABMSClient' is clicked on

2019-01-23 08:16:19 - [TEST_STEP][PASSED] - waitForPageLoad(5): Wait for page load successfully

2019-01-23 08:16:19 - [MESSAGE][PASSED] - Wait for page load successfully

2019-01-23 08:16:19 - [TEST_STEP][PASSED] - verifyElementPresent(findTestObject("UI/Client/Claim Services/span_firstClaim"), 5): Object 'Object Repository/UI/Client/Claim Services/span_firstClaim' is present

2019-01-23 08:16:19 - [MESSAGE][PASSED] - Object 'Object Repository/UI/Client/Claim Services/span_firstClaim' is present

2019-01-23 08:16:19 - [TEST_STEP][PASSED] - verifyElementPresent(findTestObject("UI/Client/Claim Services/span_secondClaim"), 5): Object 'Object Repository/UI/Client/Claim Services/span_secondClaim' is present

2019-01-23 08:16:19 - [MESSAGE][PASSED] - Object 'Object Repository/UI/Client/Claim Services/span_secondClaim' is present

2019-01-23 08:16:19 - [TEST_STEP][PASSED] - verifyElementPresent(findTestObject("UI/Client/Claim Services/li_pageTwo"), 5): Object 'Object Repository/UI/Client/Claim Services/li_pageTwo' is present

2019-01-23 08:16:19 - [MESSAGE][PASSED] - Object 'Object Repository/UI/Client/Claim Services/li_pageTwo' is present

2019-01-23 08:16:19 - [TEST_STEP][PASSED] - CLAIM = getText(findTestObject("UI/Client/Claim Services/span_firstClaim")): Text of object 'Object Repository/UI/Client/Claim Services/span_firstClaim' is: '1084798'

2019-01-23 08:16:19 - [MESSAGE][PASSED] - Text of object 'Object Repository/UI/Client/Claim Services/span_firstClaim' is: '1084798'

2019-01-23 08:16:19 - [TEST_STEP][PASSED] - waitForElementVisible(findTestObject("UI/Client/Claim Services/input_ampsClaimID"), 5): Object 'Object Repository/UI/Client/Claim Services/input_ampsClaimID' is visible

2019-01-23 08:16:19 - [MESSAGE][PASSED] - Object 'Object Repository/UI/Client/Claim Services/input_ampsClaimID' is visible

2019-01-23 08:16:19 - [TEST_STEP][PASSED] - setText(findTestObject("UI/Client/Claim Services/input_ampsClaimID"), CLAIM): Text '1084798' is set on object 'Object Repository/UI/Client/Claim Services/input_ampsClaimID'

2019-01-23 08:16:20 - [MESSAGE][PASSED] - Text '1084798' is set on object 'Object Repository/UI/Client/Claim Services/input_ampsClaimID'

2019-01-23 08:16:20 - [TEST_STEP][PASSED] - delay(2): Delayed 2 second(s)

2019-01-23 08:16:22 - [MESSAGE][PASSED] - Delayed 2 second(s)

2019-01-23 08:16:22 - [TEST_STEP][PASSED] - waitForElementClickable(findTestObject("UI/Client/Claim Services/button_filter"), 5): Object 'Object Repository/UI/Client/Claim Services/button_filter' is clickable

2019-01-23 08:16:22 - [MESSAGE][PASSED] - Object 'Object Repository/UI/Client/Claim Services/button_filter' is clickable

2019-01-23 08:16:22 - [TEST_STEP][PASSED] - click(findTestObject("UI/Client/Claim Services/button_filter")): Object: 'Object Repository/UI/Client/Claim Services/button_filter' is clicked on

2019-01-23 08:16:22 - [MESSAGE][PASSED] - Object: 'Object Repository/UI/Client/Claim Services/button_filter' is clicked on

2019-01-23 08:16:22 - [TEST_STEP][PASSED] - waitForPageLoad(5): Wait for page load successfully

2019-01-23 08:16:22 - [MESSAGE][PASSED] - Wait for page load successfully

2019-01-23 08:16:22 - [TEST_STEP][PASSED] - verifyElementPresent(findTestObject("UI/Client/Claim Services/span_firstClaim"), 5): Object 'Object Repository/UI/Client/Claim Services/span_firstClaim' is present

2019-01-23 08:16:22 - [MESSAGE][PASSED] - Object 'Object Repository/UI/Client/Claim Services/span_firstClaim' is present

2019-01-23 08:16:22 - [TEST_STEP][PASSED] - verifyElementNotPresent(findTestObject("UI/Client/Claim Services/span_secondClaim"), 5): Web element with id: 'Object Repository/UI/Client/Claim Services/span_secondClaim' located by 'By.xpath: //*[@id="content"]//table/tbody/tr[2]/td[1]/a/span' is not present after '5' second(s)

2019-01-23 08:16:22 - [MESSAGE][PASSED] - Web element with id: 'Object Repository/UI/Client/Claim Services/span_secondClaim' located by 'By.xpath: //*[@id="content"]//table/tbody/tr[2]/td[1]/a/span' is not present after '5' second(s)

2019-01-23 08:16:22 - [TEST_STEP][PASSED] - verifyElementNotPresent(findTestObject("UI/Client/Claim Services/li_pageTwo"), 5): Web element with id: 'Object Repository/UI/Client/Claim Services/li_pageTwo' located by 'By.xpath: //*[@class="pagination"]/li[3]/a[contains(text(), "2")]' is not present after '5' second(s)

2019-01-23 08:16:22 - [MESSAGE][PASSED] - Web element with id: 'Object Repository/UI/Client/Claim Services/li_pageTwo' located by 'By.xpath: //*[@class="pagination"]/li[3]/a[contains(text(), "2")]' is not present after '5' second(s)

2019-01-23 08:16:22 - [TEST_STEP][PASSED] - waitForElementVisible(findTestObject("UI/Client/Claim Services/li_nextPage"), 5): Object 'Object Repository/UI/Client/Claim Services/li_nextPage' is visible

2019-01-23 08:16:22 - [MESSAGE][PASSED] - Object 'Object Repository/UI/Client/Claim Services/li_nextPage' is visible

2019-01-23 08:16:22 - [TEST_STEP][PASSED] - verifyElementVisible(findTestObject("UI/Client/Claim Services/li_nextPage")): Object 'Object Repository/UI/Client/Claim Services/li_nextPage' is visible

2019-01-23 08:16:22 - [MESSAGE][PASSED] - Object 'Object Repository/UI/Client/Claim Services/li_nextPage' is visible

2019-01-23 08:16:22 - [TEST_STEP][PASSED] - delay(3): Delayed 3 second(s)

2019-01-23 08:16:25 - [MESSAGE][PASSED] - Delayed 3 second(s)

2019-01-23 08:16:25 - [TEST_STEP][PASSED] - waitForElementClickable(findTestObject("UI/Client/Claim Services/button_clear"), 5): Object 'Object Repository/UI/Client/Claim Services/button_clear' is clickable

2019-01-23 08:16:26 - [MESSAGE][PASSED] - Object 'Object Repository/UI/Client/Claim Services/button_clear' is clickable

2019-01-23 08:16:26 - [TEST_STEP][PASSED] - click(findTestObject("UI/Client/Claim Services/button_clear")): Object: 'Object Repository/UI/Client/Claim Services/button_clear' is clicked on

2019-01-23 08:16:26 - [MESSAGE][PASSED] - Object: 'Object Repository/UI/Client/Claim Services/button_clear' is clicked on

2019-01-23 08:16:26 - [TEST_STEP][PASSED] - waitForPageLoad(5): Wait for page load successfully

2019-01-23 08:16:26 - [MESSAGE][PASSED] - Wait for page load successfully

2019-01-23 08:16:26 - [TEST_STEP][PASSED] - verifyElementPresent(findTestObject("UI/Client/Claim Services/span_firstClaim"), 5): Object 'Object Repository/UI/Client/Claim Services/span_firstClaim' is present

2019-01-23 08:16:26 - [MESSAGE][PASSED] - Object 'Object Repository/UI/Client/Claim Services/span_firstClaim' is present

2019-01-23 08:16:26 - [TEST_STEP][PASSED] - verifyElementPresent(findTestObject("UI/Client/Claim Services/span_secondClaim"), 5): Object 'Object Repository/UI/Client/Claim Services/span_secondClaim' is present

2019-01-23 08:16:27 - [MESSAGE][PASSED] - Object 'Object Repository/UI/Client/Claim Services/span_secondClaim' is present

2019-01-23 08:16:27 - [TEST_STEP][PASSED] - verifyElementPresent(findTestObject("UI/Client/Claim Services/li_pageTwo"), 5): Object 'Object Repository/UI/Client/Claim Services/li_pageTwo' is present

2019-01-23 08:16:27 - [MESSAGE][PASSED] - Object 'Object Repository/UI/Client/Claim Services/li_pageTwo' is present

2019-01-23 08:16:27 - [TEST_STEP][PASSED] - waitForElementClickable(findTestObject("UI/General/Log/span_logoutAsClient"), 5): Object 'Object Repository/UI/General/Log/span_logoutAsClient' is clickable

2019-01-23 08:16:27 - [MESSAGE][PASSED] - Object 'Object Repository/UI/General/Log/span_logoutAsClient' is clickable

2019-01-23 08:16:27 - [TEST_STEP][PASSED] - click(findTestObject("UI/General/Log/span_logoutAsClient")): Object: 'Object Repository/UI/General/Log/span_logoutAsClient' is clicked on

2019-01-23 08:16:27 - [MESSAGE][PASSED] - Object: 'Object Repository/UI/General/Log/span_logoutAsClient' is clicked on

2019-01-23 08:16:27 - [TEST_STEP][PASSED] - delay(1): Delayed 1 second(s)

2019-01-23 08:16:28 - [MESSAGE][PASSED] - Delayed 1 second(s)

2019-01-23 08:16:28 - [TEST_STEP][PASSED] - waitForElementClickable(findTestObject("UI/General/Log/a_userAvatar"), 5): Object 'Object Repository/UI/General/Log/a_userAvatar' is clickable

2019-01-23 08:16:29 - [MESSAGE][PASSED] - Object 'Object Repository/UI/General/Log/a_userAvatar' is clickable

2019-01-23 08:16:29 - [TEST_STEP][PASSED] - click(findTestObject("UI/General/Log/a_userAvatar")): Object: 'Object Repository/UI/General/Log/a_userAvatar' is clicked on

2019-01-23 08:16:29 - [MESSAGE][PASSED] - Object: 'Object Repository/UI/General/Log/a_userAvatar' is clicked on

2019-01-23 08:16:29 - [TEST_STEP][PASSED] - delay(1): Delayed 1 second(s)

2019-01-23 08:16:30 - [MESSAGE][PASSED] - Delayed 1 second(s)

2019-01-23 08:16:30 - [TEST_STEP][PASSED] - waitForElementClickable(findTestObject("UI/General/Log/a_signOutAMPS"), 5): Object 'Object Repository/UI/General/Log/a_signOutAMPS' is clickable

2019-01-23 08:16:30 - [MESSAGE][PASSED] - Object 'Object Repository/UI/General/Log/a_signOutAMPS' is clickable

2019-01-23 08:16:30 - [TEST_STEP][PASSED] - click(findTestObject("UI/General/Log/a_signOutAMPS")): Object: 'Object Repository/UI/General/Log/a_signOutAMPS' is clicked on

2019-01-23 08:16:30 - [MESSAGE][PASSED] - Object: 'Object Repository/UI/General/Log/a_signOutAMPS' is clicked on

2019-01-23 08:16:30 - [TEST_STEP][PASSED] - delay(1): Delayed 1 second(s)

2019-01-23 08:16:31 - [MESSAGE][PASSED] - Delayed 1 second(s)

2019-01-23 08:16:31 - [TEST_STEP][PASSED] - closeBrowser(): Browser is closed

2019-01-23 08:16:32 - [MESSAGE][PASSED] - Browser is closed]]></system-out>
         <system-err><![CDATA[]]></system-err>
      </testcase>
      <testcase name="Test Cases/UI/Client/Claim Services/Search_Unsuccessful" classname="Test Cases/UI/Client/Claim Services/Search_Unsuccessful" status="PASSED">
         <system-out><![CDATA[2019-01-23 08:16:32 - [TEST_CASE][PASSED] - Test Cases/UI/Client/Claim Services/Search_Unsuccessful: Test Cases/UI/Client/Claim Services/Search_Unsuccessful

2019-01-23 08:16:32 - [TEST_STEP][PASSED] - UAT = "https://uat.advancedpricing.com": null

2019-01-23 08:16:32 - [TEST_STEP][PASSED] - USER = "qaAuto": null

2019-01-23 08:16:32 - [TEST_STEP][PASSED] - PASSWD = "a9yk100dD": null

2019-01-23 08:16:32 - [TEST_STEP][PASSED] - UPFILE = "C:\uploadAMPS\UpFile.txt": null

2019-01-23 08:16:32 - [TEST_STEP][PASSED] - INVALIDCLAIM = "0000000": null

2019-01-23 08:16:32 - [TEST_STEP][PASSED] - openBrowser(""): Browser is opened with url: ''

2019-01-23 08:16:32 - [MESSAGE][INFO] - Starting 'Chrome' driver

2019-01-23 08:16:34 - [MESSAGE][PASSED] - Browser is opened with url: ''

2019-01-23 08:16:34 - [TEST_STEP][PASSED] - maximizeWindow(): Current window maximized

2019-01-23 08:16:35 - [MESSAGE][PASSED] - Current window maximized

2019-01-23 08:16:35 - [TEST_STEP][PASSED] - navigateToUrl(UAT): Navigate to 'https://uat.advancedpricing.com' successfully

2019-01-23 08:16:37 - [MESSAGE][PASSED] - Navigate to 'https://uat.advancedpricing.com' successfully

2019-01-23 08:16:37 - [TEST_STEP][PASSED] - waitForPageLoad(5): Wait for page load successfully

2019-01-23 08:16:37 - [MESSAGE][PASSED] - Wait for page load successfully

2019-01-23 08:16:37 - [TEST_STEP][PASSED] - setText(findTestObject("UI/Client/Claim Services/input_userCode"), USER): Text 'qaAuto' is set on object 'Object Repository/UI/Client/Claim Services/input_userCode'

2019-01-23 08:16:37 - [MESSAGE][PASSED] - Text 'qaAuto' is set on object 'Object Repository/UI/Client/Claim Services/input_userCode'

2019-01-23 08:16:37 - [TEST_STEP][PASSED] - setText(findTestObject("UI/Client/Claim Services/input_userPassword"), PASSWD): Text 'a9yk100dD' is set on object 'Object Repository/UI/Client/Claim Services/input_userPassword'

2019-01-23 08:16:37 - [MESSAGE][PASSED] - Text 'a9yk100dD' is set on object 'Object Repository/UI/Client/Claim Services/input_userPassword'

2019-01-23 08:16:37 - [TEST_STEP][PASSED] - waitForElementClickable(findTestObject("UI/Client/Claim Services/input_loginButton"), 5): Object 'Object Repository/UI/Client/Claim Services/input_loginButton' is clickable

2019-01-23 08:16:37 - [MESSAGE][PASSED] - Object 'Object Repository/UI/Client/Claim Services/input_loginButton' is clickable

2019-01-23 08:16:37 - [TEST_STEP][PASSED] - click(findTestObject("UI/Client/Claim Services/input_loginButton")): Object: 'Object Repository/UI/Client/Claim Services/input_loginButton' is clicked on

2019-01-23 08:16:37 - [MESSAGE][PASSED] - Object: 'Object Repository/UI/Client/Claim Services/input_loginButton' is clicked on

2019-01-23 08:16:37 - [TEST_STEP][PASSED] - waitForPageLoad(5): Wait for page load successfully

2019-01-23 08:16:37 - [MESSAGE][PASSED] - Wait for page load successfully

2019-01-23 08:16:37 - [TEST_STEP][PASSED] - waitForElementClickable(findTestObject("UI/Client/Claim Services/span_ABMSClient"), 5): Object 'Object Repository/UI/Client/Claim Services/span_ABMSClient' is clickable

2019-01-23 08:16:38 - [MESSAGE][PASSED] - Object 'Object Repository/UI/Client/Claim Services/span_ABMSClient' is clickable

2019-01-23 08:16:38 - [TEST_STEP][PASSED] - click(findTestObject("UI/Client/Claim Services/span_ABMSClient")): Object: 'Object Repository/UI/Client/Claim Services/span_ABMSClient' is clicked on

2019-01-23 08:16:38 - [MESSAGE][PASSED] - Object: 'Object Repository/UI/Client/Claim Services/span_ABMSClient' is clicked on

2019-01-23 08:16:38 - [TEST_STEP][PASSED] - waitForPageLoad(5): Wait for page load successfully

2019-01-23 08:16:38 - [MESSAGE][PASSED] - Wait for page load successfully

2019-01-23 08:16:38 - [TEST_STEP][PASSED] - verifyElementPresent(findTestObject("UI/Client/Claim Services/span_firstClaim"), 5): Object 'Object Repository/UI/Client/Claim Services/span_firstClaim' is present

2019-01-23 08:16:39 - [MESSAGE][PASSED] - Object 'Object Repository/UI/Client/Claim Services/span_firstClaim' is present

2019-01-23 08:16:39 - [TEST_STEP][PASSED] - verifyElementPresent(findTestObject("UI/Client/Claim Services/span_secondClaim"), 5): Object 'Object Repository/UI/Client/Claim Services/span_secondClaim' is present

2019-01-23 08:16:39 - [MESSAGE][PASSED] - Object 'Object Repository/UI/Client/Claim Services/span_secondClaim' is present

2019-01-23 08:16:39 - [TEST_STEP][PASSED] - verifyElementPresent(findTestObject("UI/Client/Claim Services/li_pageTwo"), 5): Object 'Object Repository/UI/Client/Claim Services/li_pageTwo' is present

2019-01-23 08:16:39 - [MESSAGE][PASSED] - Object 'Object Repository/UI/Client/Claim Services/li_pageTwo' is present

2019-01-23 08:16:39 - [TEST_STEP][PASSED] - waitForElementVisible(findTestObject("UI/Client/Claim Services/input_ampsClaimID"), 5): Object 'Object Repository/UI/Client/Claim Services/input_ampsClaimID' is visible

2019-01-23 08:16:39 - [MESSAGE][PASSED] - Object 'Object Repository/UI/Client/Claim Services/input_ampsClaimID' is visible

2019-01-23 08:16:39 - [TEST_STEP][PASSED] - setText(findTestObject("UI/Client/Claim Services/input_ampsClaimID"), INVALIDCLAIM): Text '0000000' is set on object 'Object Repository/UI/Client/Claim Services/input_ampsClaimID'

2019-01-23 08:16:39 - [MESSAGE][PASSED] - Text '0000000' is set on object 'Object Repository/UI/Client/Claim Services/input_ampsClaimID'

2019-01-23 08:16:39 - [TEST_STEP][PASSED] - delay(3): Delayed 3 second(s)

2019-01-23 08:16:42 - [MESSAGE][PASSED] - Delayed 3 second(s)

2019-01-23 08:16:42 - [TEST_STEP][PASSED] - waitForElementClickable(findTestObject("UI/Client/Claim Services/button_filter"), 5): Object 'Object Repository/UI/Client/Claim Services/button_filter' is clickable

2019-01-23 08:16:42 - [MESSAGE][PASSED] - Object 'Object Repository/UI/Client/Claim Services/button_filter' is clickable

2019-01-23 08:16:42 - [TEST_STEP][PASSED] - click(findTestObject("UI/Client/Claim Services/button_filter")): Object: 'Object Repository/UI/Client/Claim Services/button_filter' is clicked on

2019-01-23 08:16:42 - [MESSAGE][PASSED] - Object: 'Object Repository/UI/Client/Claim Services/button_filter' is clicked on

2019-01-23 08:16:42 - [TEST_STEP][PASSED] - waitForPageLoad(5): Wait for page load successfully

2019-01-23 08:16:42 - [MESSAGE][PASSED] - Wait for page load successfully

2019-01-23 08:16:42 - [TEST_STEP][PASSED] - verifyElementVisible(findTestObject("UI/Client/Claim Services/div_noDataMessage")): Object 'Object Repository/UI/Client/Claim Services/div_noDataMessage' is visible

2019-01-23 08:16:43 - [MESSAGE][PASSED] - Object 'Object Repository/UI/Client/Claim Services/div_noDataMessage' is visible

2019-01-23 08:16:43 - [TEST_STEP][PASSED] - verifyElementNotPresent(findTestObject("UI/Client/Claim Services/span_firstClaim"), 5): Web element with id: 'Object Repository/UI/Client/Claim Services/span_firstClaim' located by 'By.xpath: //*[@id="content"]//table/tbody/tr[1]/td[1]/a/span' is not present after '5' second(s)

2019-01-23 08:16:43 - [MESSAGE][PASSED] - Web element with id: 'Object Repository/UI/Client/Claim Services/span_firstClaim' located by 'By.xpath: //*[@id="content"]//table/tbody/tr[1]/td[1]/a/span' is not present after '5' second(s)

2019-01-23 08:16:43 - [TEST_STEP][PASSED] - verifyElementNotPresent(findTestObject("UI/Client/Claim Services/span_secondClaim"), 5): Web element with id: 'Object Repository/UI/Client/Claim Services/span_secondClaim' located by 'By.xpath: //*[@id="content"]//table/tbody/tr[2]/td[1]/a/span' is not present after '5' second(s)

2019-01-23 08:16:43 - [MESSAGE][PASSED] - Web element with id: 'Object Repository/UI/Client/Claim Services/span_secondClaim' located by 'By.xpath: //*[@id="content"]//table/tbody/tr[2]/td[1]/a/span' is not present after '5' second(s)

2019-01-23 08:16:43 - [TEST_STEP][PASSED] - delay(3): Delayed 3 second(s)

2019-01-23 08:16:46 - [MESSAGE][PASSED] - Delayed 3 second(s)

2019-01-23 08:16:46 - [TEST_STEP][PASSED] - waitForElementClickable(findTestObject("UI/Client/Claim Services/button_clear"), 5): Object 'Object Repository/UI/Client/Claim Services/button_clear' is clickable

2019-01-23 08:16:46 - [MESSAGE][PASSED] - Object 'Object Repository/UI/Client/Claim Services/button_clear' is clickable

2019-01-23 08:16:46 - [TEST_STEP][PASSED] - click(findTestObject("UI/Client/Claim Services/button_clear")): Object: 'Object Repository/UI/Client/Claim Services/button_clear' is clicked on

2019-01-23 08:16:46 - [MESSAGE][PASSED] - Object: 'Object Repository/UI/Client/Claim Services/button_clear' is clicked on

2019-01-23 08:16:46 - [TEST_STEP][PASSED] - waitForPageLoad(5): Wait for page load successfully

2019-01-23 08:16:46 - [MESSAGE][PASSED] - Wait for page load successfully

2019-01-23 08:16:46 - [TEST_STEP][PASSED] - verifyElementPresent(findTestObject("UI/Client/Claim Services/span_firstClaim"), 5): Object 'Object Repository/UI/Client/Claim Services/span_firstClaim' is present

2019-01-23 08:16:47 - [MESSAGE][PASSED] - Object 'Object Repository/UI/Client/Claim Services/span_firstClaim' is present

2019-01-23 08:16:47 - [TEST_STEP][PASSED] - verifyElementPresent(findTestObject("UI/Client/Claim Services/span_secondClaim"), 5): Object 'Object Repository/UI/Client/Claim Services/span_secondClaim' is present

2019-01-23 08:16:47 - [MESSAGE][PASSED] - Object 'Object Repository/UI/Client/Claim Services/span_secondClaim' is present

2019-01-23 08:16:47 - [TEST_STEP][PASSED] - verifyElementPresent(findTestObject("UI/Client/Claim Services/li_pageTwo"), 5): Object 'Object Repository/UI/Client/Claim Services/li_pageTwo' is present

2019-01-23 08:16:47 - [MESSAGE][PASSED] - Object 'Object Repository/UI/Client/Claim Services/li_pageTwo' is present

2019-01-23 08:16:47 - [TEST_STEP][PASSED] - waitForElementClickable(findTestObject("UI/General/Log/span_logoutAsClient"), 5): Object 'Object Repository/UI/General/Log/span_logoutAsClient' is clickable

2019-01-23 08:16:47 - [MESSAGE][PASSED] - Object 'Object Repository/UI/General/Log/span_logoutAsClient' is clickable

2019-01-23 08:16:47 - [TEST_STEP][PASSED] - click(findTestObject("UI/General/Log/span_logoutAsClient")): Object: 'Object Repository/UI/General/Log/span_logoutAsClient' is clicked on

2019-01-23 08:16:48 - [MESSAGE][PASSED] - Object: 'Object Repository/UI/General/Log/span_logoutAsClient' is clicked on

2019-01-23 08:16:48 - [TEST_STEP][PASSED] - delay(1): Delayed 1 second(s)

2019-01-23 08:16:49 - [MESSAGE][PASSED] - Delayed 1 second(s)

2019-01-23 08:16:49 - [TEST_STEP][PASSED] - waitForElementClickable(findTestObject("UI/General/Log/a_userAvatar"), 5): Object 'Object Repository/UI/General/Log/a_userAvatar' is clickable

2019-01-23 08:16:49 - [MESSAGE][PASSED] - Object 'Object Repository/UI/General/Log/a_userAvatar' is clickable

2019-01-23 08:16:49 - [TEST_STEP][PASSED] - click(findTestObject("UI/General/Log/a_userAvatar")): Object: 'Object Repository/UI/General/Log/a_userAvatar' is clicked on

2019-01-23 08:16:49 - [MESSAGE][PASSED] - Object: 'Object Repository/UI/General/Log/a_userAvatar' is clicked on

2019-01-23 08:16:49 - [TEST_STEP][PASSED] - delay(1): Delayed 1 second(s)

2019-01-23 08:16:50 - [MESSAGE][PASSED] - Delayed 1 second(s)

2019-01-23 08:16:50 - [TEST_STEP][PASSED] - waitForElementClickable(findTestObject("UI/General/Log/a_signOutAMPS"), 5): Object 'Object Repository/UI/General/Log/a_signOutAMPS' is clickable

2019-01-23 08:16:50 - [MESSAGE][PASSED] - Object 'Object Repository/UI/General/Log/a_signOutAMPS' is clickable

2019-01-23 08:16:50 - [TEST_STEP][PASSED] - click(findTestObject("UI/General/Log/a_signOutAMPS")): Object: 'Object Repository/UI/General/Log/a_signOutAMPS' is clicked on

2019-01-23 08:16:50 - [MESSAGE][PASSED] - Object: 'Object Repository/UI/General/Log/a_signOutAMPS' is clicked on

2019-01-23 08:16:50 - [TEST_STEP][PASSED] - delay(1): Delayed 1 second(s)

2019-01-23 08:16:51 - [MESSAGE][PASSED] - Delayed 1 second(s)

2019-01-23 08:16:51 - [TEST_STEP][PASSED] - closeBrowser(): Browser is closed

2019-01-23 08:16:52 - [MESSAGE][PASSED] - Browser is closed]]></system-out>
         <system-err><![CDATA[]]></system-err>
      </testcase>
      <testcase name="Test Cases/UI/Client/Claim Services/UploadFile_MedicalRecords" classname="Test Cases/UI/Client/Claim Services/UploadFile_MedicalRecords" status="PASSED">
         <system-out><![CDATA[2019-01-23 08:16:52 - [TEST_CASE][PASSED] - Test Cases/UI/Client/Claim Services/UploadFile_MedicalRecords: Test Cases/UI/Client/Claim Services/UploadFile_MedicalRecords

2019-01-23 08:16:52 - [TEST_STEP][PASSED] - UAT = "https://uat.advancedpricing.com": null

2019-01-23 08:16:52 - [TEST_STEP][PASSED] - USER = "qaAuto": null

2019-01-23 08:16:52 - [TEST_STEP][PASSED] - PASSWD = "a9yk100dD": null

2019-01-23 08:16:52 - [TEST_STEP][PASSED] - UPFILE = "C:\uploadAMPS\Upload-Demo.txt": null

2019-01-23 08:16:52 - [TEST_STEP][PASSED] - openBrowser(""): Browser is opened with url: ''

2019-01-23 08:16:52 - [MESSAGE][INFO] - Starting 'Chrome' driver

2019-01-23 08:16:54 - [MESSAGE][PASSED] - Browser is opened with url: ''

2019-01-23 08:16:54 - [TEST_STEP][PASSED] - maximizeWindow(): Current window maximized

2019-01-23 08:16:55 - [MESSAGE][PASSED] - Current window maximized

2019-01-23 08:16:55 - [TEST_STEP][PASSED] - navigateToUrl(UAT): Navigate to 'https://uat.advancedpricing.com' successfully

2019-01-23 08:16:57 - [MESSAGE][PASSED] - Navigate to 'https://uat.advancedpricing.com' successfully

2019-01-23 08:16:57 - [TEST_STEP][PASSED] - waitForPageLoad(5): Wait for page load successfully

2019-01-23 08:16:57 - [MESSAGE][PASSED] - Wait for page load successfully

2019-01-23 08:16:57 - [TEST_STEP][PASSED] - setText(findTestObject("UI/Client/Claim Services/input_userCode"), USER): Text 'qaAuto' is set on object 'Object Repository/UI/Client/Claim Services/input_userCode'

2019-01-23 08:16:57 - [MESSAGE][PASSED] - Text 'qaAuto' is set on object 'Object Repository/UI/Client/Claim Services/input_userCode'

2019-01-23 08:16:57 - [TEST_STEP][PASSED] - setText(findTestObject("UI/Client/Claim Services/input_userPassword"), PASSWD): Text 'a9yk100dD' is set on object 'Object Repository/UI/Client/Claim Services/input_userPassword'

2019-01-23 08:16:57 - [MESSAGE][PASSED] - Text 'a9yk100dD' is set on object 'Object Repository/UI/Client/Claim Services/input_userPassword'

2019-01-23 08:16:57 - [TEST_STEP][PASSED] - waitForElementClickable(findTestObject("UI/Client/Claim Services/input_loginButton"), 5): Object 'Object Repository/UI/Client/Claim Services/input_loginButton' is clickable

2019-01-23 08:16:57 - [MESSAGE][PASSED] - Object 'Object Repository/UI/Client/Claim Services/input_loginButton' is clickable

2019-01-23 08:16:57 - [TEST_STEP][PASSED] - click(findTestObject("UI/Client/Claim Services/input_loginButton")): Object: 'Object Repository/UI/Client/Claim Services/input_loginButton' is clicked on

2019-01-23 08:16:57 - [MESSAGE][PASSED] - Object: 'Object Repository/UI/Client/Claim Services/input_loginButton' is clicked on

2019-01-23 08:16:57 - [TEST_STEP][PASSED] - waitForPageLoad(5): Wait for page load successfully

2019-01-23 08:16:57 - [MESSAGE][PASSED] - Wait for page load successfully

2019-01-23 08:16:57 - [TEST_STEP][PASSED] - waitForElementClickable(findTestObject("UI/Client/Claim Services/span_ABMSClient"), 5): Object 'Object Repository/UI/Client/Claim Services/span_ABMSClient' is clickable

2019-01-23 08:16:58 - [MESSAGE][PASSED] - Object 'Object Repository/UI/Client/Claim Services/span_ABMSClient' is clickable

2019-01-23 08:16:58 - [TEST_STEP][PASSED] - click(findTestObject("UI/Client/Claim Services/span_ABMSClient")): Object: 'Object Repository/UI/Client/Claim Services/span_ABMSClient' is clicked on

2019-01-23 08:16:58 - [MESSAGE][PASSED] - Object: 'Object Repository/UI/Client/Claim Services/span_ABMSClient' is clicked on

2019-01-23 08:16:58 - [TEST_STEP][PASSED] - waitForPageLoad(5): Wait for page load successfully

2019-01-23 08:16:58 - [MESSAGE][PASSED] - Wait for page load successfully

2019-01-23 08:16:58 - [TEST_STEP][PASSED] - waitForElementClickable(findTestObject("UI/Client/Claim Services/span_secondClaim"), 5): Object 'Object Repository/UI/Client/Claim Services/span_secondClaim' is clickable

2019-01-23 08:16:59 - [MESSAGE][PASSED] - Object 'Object Repository/UI/Client/Claim Services/span_secondClaim' is clickable

2019-01-23 08:16:59 - [TEST_STEP][PASSED] - click(findTestObject("UI/Client/Claim Services/span_secondClaim")): Object: 'Object Repository/UI/Client/Claim Services/span_secondClaim' is clicked on

2019-01-23 08:16:59 - [MESSAGE][PASSED] - Object: 'Object Repository/UI/Client/Claim Services/span_secondClaim' is clicked on

2019-01-23 08:16:59 - [TEST_STEP][PASSED] - waitForPageLoad(5): Wait for page load successfully

2019-01-23 08:16:59 - [MESSAGE][PASSED] - Wait for page load successfully

2019-01-23 08:16:59 - [TEST_STEP][PASSED] - waitForElementClickable(findTestObject("UI/Client/Claim Services/a_FilesTab"), 5): Object 'Object Repository/UI/Client/Claim Services/a_FilesTab' is clickable

2019-01-23 08:16:59 - [MESSAGE][PASSED] - Object 'Object Repository/UI/Client/Claim Services/a_FilesTab' is clickable

2019-01-23 08:16:59 - [TEST_STEP][PASSED] - click(findTestObject("UI/Client/Claim Services/a_FilesTab")): Object: 'Object Repository/UI/Client/Claim Services/a_FilesTab' is clicked on

2019-01-23 08:17:00 - [MESSAGE][PASSED] - Object: 'Object Repository/UI/Client/Claim Services/a_FilesTab' is clicked on

2019-01-23 08:17:00 - [TEST_STEP][PASSED] - waitForPageLoad(5): Wait for page load successfully

2019-01-23 08:17:00 - [MESSAGE][PASSED] - Wait for page load successfully

2019-01-23 08:17:00 - [TEST_STEP][PASSED] - waitForElementPresent(findTestObject("UI/Client/Claim Services/input_NewFile"), 5): Object 'Object Repository/UI/Client/Claim Services/input_NewFile' is present

2019-01-23 08:17:00 - [MESSAGE][PASSED] - Object 'Object Repository/UI/Client/Claim Services/input_NewFile' is present

2019-01-23 08:17:00 - [TEST_STEP][PASSED] - uploadFile(findTestObject("UI/Client/Claim Services/input_NewFile"), UPFILE): File 'C:\uploadAMPS\Upload-Demo.txt' sent to object: 'Object Repository/UI/Client/Claim Services/input_NewFile'

2019-01-23 08:17:00 - [MESSAGE][PASSED] - File 'C:\uploadAMPS\Upload-Demo.txt' sent to object: 'Object Repository/UI/Client/Claim Services/input_NewFile'

2019-01-23 08:17:00 - [TEST_STEP][PASSED] - delay(3): Delayed 3 second(s)

2019-01-23 08:17:03 - [MESSAGE][PASSED] - Delayed 3 second(s)

2019-01-23 08:17:03 - [TEST_STEP][PASSED] - waitForElementClickable(findTestObject("UI/Client/Claim Services/selectFileNameDropDown"), 5): Object 'Object Repository/UI/Client/Claim Services/selectFileNameDropDown' is clickable

2019-01-23 08:17:03 - [MESSAGE][PASSED] - Object 'Object Repository/UI/Client/Claim Services/selectFileNameDropDown' is clickable

2019-01-23 08:17:03 - [TEST_STEP][PASSED] - click(findTestObject("UI/Client/Claim Services/selectFileNameDropDown")): Object: 'Object Repository/UI/Client/Claim Services/selectFileNameDropDown' is clicked on

2019-01-23 08:17:03 - [MESSAGE][PASSED] - Object: 'Object Repository/UI/Client/Claim Services/selectFileNameDropDown' is clicked on

2019-01-23 08:17:03 - [TEST_STEP][PASSED] - delay(2): Delayed 2 second(s)

2019-01-23 08:17:05 - [MESSAGE][PASSED] - Delayed 2 second(s)

2019-01-23 08:17:05 - [TEST_STEP][PASSED] - click(findTestObject("UI/Client/Claim Services/option_providerSignOff")): Object: 'Object Repository/UI/Client/Claim Services/option_providerSignOff' is clicked on

2019-01-23 08:17:05 - [MESSAGE][PASSED] - Object: 'Object Repository/UI/Client/Claim Services/option_providerSignOff' is clicked on

2019-01-23 08:17:05 - [TEST_STEP][PASSED] - delay(2): Delayed 2 second(s)

2019-01-23 08:17:07 - [MESSAGE][PASSED] - Delayed 2 second(s)

2019-01-23 08:17:07 - [TEST_STEP][PASSED] - waitForElementClickable(findTestObject("UI/Client/Claim Services/buttonSaveUpload"), 5): Object 'Object Repository/UI/Client/Claim Services/buttonSaveUpload' is clickable

2019-01-23 08:17:07 - [MESSAGE][PASSED] - Object 'Object Repository/UI/Client/Claim Services/buttonSaveUpload' is clickable

2019-01-23 08:17:07 - [TEST_STEP][PASSED] - click(findTestObject("UI/Client/Claim Services/buttonSaveUpload")): Object: 'Object Repository/UI/Client/Claim Services/buttonSaveUpload' is clicked on

2019-01-23 08:17:07 - [MESSAGE][PASSED] - Object: 'Object Repository/UI/Client/Claim Services/buttonSaveUpload' is clicked on

2019-01-23 08:17:07 - [TEST_STEP][PASSED] - waitForPageLoad(5): Wait for page load successfully

2019-01-23 08:17:07 - [MESSAGE][PASSED] - Wait for page load successfully

2019-01-23 08:17:07 - [TEST_STEP][PASSED] - verifyElementVisible(findTestObject("UI/Client/Claim Services/strong_uploadedFileMessage")): Object 'Object Repository/UI/Client/Claim Services/strong_uploadedFileMessage' is visible

2019-01-23 08:17:08 - [MESSAGE][PASSED] - Object 'Object Repository/UI/Client/Claim Services/strong_uploadedFileMessage' is visible

2019-01-23 08:17:08 - [TEST_STEP][PASSED] - waitForPageLoad(5): Wait for page load successfully

2019-01-23 08:17:08 - [MESSAGE][PASSED] - Wait for page load successfully

2019-01-23 08:17:08 - [TEST_STEP][PASSED] - waitForElementClickable(findTestObject("UI/General/Log/span_logoutAsClient"), 5): Object 'Object Repository/UI/General/Log/span_logoutAsClient' is clickable

2019-01-23 08:17:08 - [MESSAGE][PASSED] - Object 'Object Repository/UI/General/Log/span_logoutAsClient' is clickable

2019-01-23 08:17:08 - [TEST_STEP][PASSED] - click(findTestObject("UI/General/Log/span_logoutAsClient")): Object: 'Object Repository/UI/General/Log/span_logoutAsClient' is clicked on

2019-01-23 08:17:08 - [MESSAGE][PASSED] - Object: 'Object Repository/UI/General/Log/span_logoutAsClient' is clicked on

2019-01-23 08:17:08 - [TEST_STEP][PASSED] - delay(1): Delayed 1 second(s)

2019-01-23 08:17:09 - [MESSAGE][PASSED] - Delayed 1 second(s)

2019-01-23 08:17:09 - [TEST_STEP][PASSED] - waitForElementClickable(findTestObject("UI/General/Log/a_userAvatar"), 5): Object 'Object Repository/UI/General/Log/a_userAvatar' is clickable

2019-01-23 08:17:09 - [MESSAGE][PASSED] - Object 'Object Repository/UI/General/Log/a_userAvatar' is clickable

2019-01-23 08:17:09 - [TEST_STEP][PASSED] - click(findTestObject("UI/General/Log/a_userAvatar")): Object: 'Object Repository/UI/General/Log/a_userAvatar' is clicked on

2019-01-23 08:17:09 - [MESSAGE][PASSED] - Object: 'Object Repository/UI/General/Log/a_userAvatar' is clicked on

2019-01-23 08:17:09 - [TEST_STEP][PASSED] - delay(1): Delayed 1 second(s)

2019-01-23 08:17:10 - [MESSAGE][PASSED] - Delayed 1 second(s)

2019-01-23 08:17:10 - [TEST_STEP][PASSED] - waitForElementClickable(findTestObject("UI/General/Log/a_signOutAMPS"), 5): Object 'Object Repository/UI/General/Log/a_signOutAMPS' is clickable

2019-01-23 08:17:10 - [MESSAGE][PASSED] - Object 'Object Repository/UI/General/Log/a_signOutAMPS' is clickable

2019-01-23 08:17:10 - [TEST_STEP][PASSED] - click(findTestObject("UI/General/Log/a_signOutAMPS")): Object: 'Object Repository/UI/General/Log/a_signOutAMPS' is clicked on

2019-01-23 08:17:10 - [MESSAGE][PASSED] - Object: 'Object Repository/UI/General/Log/a_signOutAMPS' is clicked on

2019-01-23 08:17:10 - [TEST_STEP][PASSED] - delay(1): Delayed 1 second(s)

2019-01-23 08:17:11 - [MESSAGE][PASSED] - Delayed 1 second(s)

2019-01-23 08:17:11 - [TEST_STEP][PASSED] - closeBrowser(): Browser is closed

2019-01-23 08:17:12 - [MESSAGE][PASSED] - Browser is closed]]></system-out>
         <system-err><![CDATA[]]></system-err>
      </testcase>
      <testcase name="Test Cases/UI/Client/Claim Services/UploadFile_Other" classname="Test Cases/UI/Client/Claim Services/UploadFile_Other" status="PASSED">
         <system-out><![CDATA[2019-01-23 08:17:12 - [TEST_CASE][PASSED] - Test Cases/UI/Client/Claim Services/UploadFile_Other: Test Cases/UI/Client/Claim Services/UploadFile_Other

2019-01-23 08:17:12 - [TEST_STEP][PASSED] - UAT = "https://uat.advancedpricing.com": null

2019-01-23 08:17:12 - [TEST_STEP][PASSED] - USER = "qaAuto": null

2019-01-23 08:17:12 - [TEST_STEP][PASSED] - PASSWD = "a9yk100dD": null

2019-01-23 08:17:12 - [TEST_STEP][PASSED] - UPFILE = "C:\uploadAMPS\Upload-Demo.txt": null

2019-01-23 08:17:12 - [TEST_STEP][PASSED] - openBrowser(""): Browser is opened with url: ''

2019-01-23 08:17:12 - [MESSAGE][INFO] - Starting 'Chrome' driver

2019-01-23 08:17:14 - [MESSAGE][PASSED] - Browser is opened with url: ''

2019-01-23 08:17:14 - [TEST_STEP][PASSED] - maximizeWindow(): Current window maximized

2019-01-23 08:17:16 - [MESSAGE][PASSED] - Current window maximized

2019-01-23 08:17:16 - [TEST_STEP][PASSED] - navigateToUrl(UAT): Navigate to 'https://uat.advancedpricing.com' successfully

2019-01-23 08:17:17 - [MESSAGE][PASSED] - Navigate to 'https://uat.advancedpricing.com' successfully

2019-01-23 08:17:17 - [TEST_STEP][PASSED] - waitForPageLoad(5): Wait for page load successfully

2019-01-23 08:17:17 - [MESSAGE][PASSED] - Wait for page load successfully

2019-01-23 08:17:17 - [TEST_STEP][PASSED] - setText(findTestObject("UI/Client/Claim Services/input_userCode"), USER): Text 'qaAuto' is set on object 'Object Repository/UI/Client/Claim Services/input_userCode'

2019-01-23 08:17:17 - [MESSAGE][PASSED] - Text 'qaAuto' is set on object 'Object Repository/UI/Client/Claim Services/input_userCode'

2019-01-23 08:17:17 - [TEST_STEP][PASSED] - setText(findTestObject("UI/Client/Claim Services/input_userPassword"), PASSWD): Text 'a9yk100dD' is set on object 'Object Repository/UI/Client/Claim Services/input_userPassword'

2019-01-23 08:17:17 - [MESSAGE][PASSED] - Text 'a9yk100dD' is set on object 'Object Repository/UI/Client/Claim Services/input_userPassword'

2019-01-23 08:17:17 - [TEST_STEP][PASSED] - waitForElementClickable(findTestObject("UI/Client/Claim Services/input_loginButton"), 5): Object 'Object Repository/UI/Client/Claim Services/input_loginButton' is clickable

2019-01-23 08:17:17 - [MESSAGE][PASSED] - Object 'Object Repository/UI/Client/Claim Services/input_loginButton' is clickable

2019-01-23 08:17:17 - [TEST_STEP][PASSED] - click(findTestObject("UI/Client/Claim Services/input_loginButton")): Object: 'Object Repository/UI/Client/Claim Services/input_loginButton' is clicked on

2019-01-23 08:17:17 - [MESSAGE][PASSED] - Object: 'Object Repository/UI/Client/Claim Services/input_loginButton' is clicked on

2019-01-23 08:17:17 - [TEST_STEP][PASSED] - waitForPageLoad(5): Wait for page load successfully

2019-01-23 08:17:17 - [MESSAGE][PASSED] - Wait for page load successfully

2019-01-23 08:17:17 - [TEST_STEP][PASSED] - waitForElementClickable(findTestObject("UI/Client/Claim Services/span_ABMSClient"), 5): Object 'Object Repository/UI/Client/Claim Services/span_ABMSClient' is clickable

2019-01-23 08:17:19 - [MESSAGE][PASSED] - Object 'Object Repository/UI/Client/Claim Services/span_ABMSClient' is clickable

2019-01-23 08:17:19 - [TEST_STEP][PASSED] - click(findTestObject("UI/Client/Claim Services/span_ABMSClient")): Object: 'Object Repository/UI/Client/Claim Services/span_ABMSClient' is clicked on

2019-01-23 08:17:19 - [MESSAGE][PASSED] - Object: 'Object Repository/UI/Client/Claim Services/span_ABMSClient' is clicked on

2019-01-23 08:17:19 - [TEST_STEP][PASSED] - waitForPageLoad(5): Wait for page load successfully

2019-01-23 08:17:19 - [MESSAGE][PASSED] - Wait for page load successfully

2019-01-23 08:17:19 - [TEST_STEP][PASSED] - waitForElementClickable(findTestObject("UI/Client/Claim Services/span_firstClaim"), 5): Object 'Object Repository/UI/Client/Claim Services/span_firstClaim' is clickable

2019-01-23 08:17:19 - [MESSAGE][PASSED] - Object 'Object Repository/UI/Client/Claim Services/span_firstClaim' is clickable

2019-01-23 08:17:19 - [TEST_STEP][PASSED] - click(findTestObject("UI/Client/Claim Services/span_firstClaim")): Object: 'Object Repository/UI/Client/Claim Services/span_firstClaim' is clicked on

2019-01-23 08:17:20 - [MESSAGE][PASSED] - Object: 'Object Repository/UI/Client/Claim Services/span_firstClaim' is clicked on

2019-01-23 08:17:20 - [TEST_STEP][PASSED] - waitForPageLoad(5): Wait for page load successfully

2019-01-23 08:17:20 - [MESSAGE][PASSED] - Wait for page load successfully

2019-01-23 08:17:20 - [TEST_STEP][PASSED] - waitForElementClickable(findTestObject("UI/Client/Claim Services/a_FilesTab"), 5): Object 'Object Repository/UI/Client/Claim Services/a_FilesTab' is clickable

2019-01-23 08:17:20 - [MESSAGE][PASSED] - Object 'Object Repository/UI/Client/Claim Services/a_FilesTab' is clickable

2019-01-23 08:17:20 - [TEST_STEP][PASSED] - click(findTestObject("UI/Client/Claim Services/a_FilesTab")): Object: 'Object Repository/UI/Client/Claim Services/a_FilesTab' is clicked on

2019-01-23 08:17:20 - [MESSAGE][PASSED] - Object: 'Object Repository/UI/Client/Claim Services/a_FilesTab' is clicked on

2019-01-23 08:17:20 - [TEST_STEP][PASSED] - waitForPageLoad(5): Wait for page load successfully

2019-01-23 08:17:20 - [MESSAGE][PASSED] - Wait for page load successfully

2019-01-23 08:17:20 - [TEST_STEP][PASSED] - uploadFile(findTestObject("UI/Client/Claim Services/input_NewFile"), UPFILE): File 'C:\uploadAMPS\Upload-Demo.txt' sent to object: 'Object Repository/UI/Client/Claim Services/input_NewFile'

2019-01-23 08:17:20 - [MESSAGE][PASSED] - File 'C:\uploadAMPS\Upload-Demo.txt' sent to object: 'Object Repository/UI/Client/Claim Services/input_NewFile'

2019-01-23 08:17:20 - [TEST_STEP][PASSED] - delay(3): Delayed 3 second(s)

2019-01-23 08:17:23 - [MESSAGE][PASSED] - Delayed 3 second(s)

2019-01-23 08:17:23 - [TEST_STEP][PASSED] - waitForElementClickable(findTestObject("UI/Client/Claim Services/selectFileNameDropDown"), 5): Object 'Object Repository/UI/Client/Claim Services/selectFileNameDropDown' is clickable

2019-01-23 08:17:23 - [MESSAGE][PASSED] - Object 'Object Repository/UI/Client/Claim Services/selectFileNameDropDown' is clickable

2019-01-23 08:17:23 - [TEST_STEP][PASSED] - click(findTestObject("UI/Client/Claim Services/selectFileNameDropDown")): Object: 'Object Repository/UI/Client/Claim Services/selectFileNameDropDown' is clicked on

2019-01-23 08:17:23 - [MESSAGE][PASSED] - Object: 'Object Repository/UI/Client/Claim Services/selectFileNameDropDown' is clicked on

2019-01-23 08:17:23 - [TEST_STEP][PASSED] - delay(2): Delayed 2 second(s)

2019-01-23 08:17:25 - [MESSAGE][PASSED] - Delayed 2 second(s)

2019-01-23 08:17:25 - [TEST_STEP][PASSED] - click(findTestObject("UI/Client/Claim Services/option_otherFile")): Object: 'Object Repository/UI/Client/Claim Services/option_otherFile' is clicked on

2019-01-23 08:17:25 - [MESSAGE][PASSED] - Object: 'Object Repository/UI/Client/Claim Services/option_otherFile' is clicked on

2019-01-23 08:17:25 - [TEST_STEP][PASSED] - delay(3): Delayed 3 second(s)

2019-01-23 08:17:28 - [MESSAGE][PASSED] - Delayed 3 second(s)

2019-01-23 08:17:28 - [TEST_STEP][PASSED] - waitForElementClickable(findTestObject("UI/Client/Claim Services/buttonSaveUpload"), 5): Object 'Object Repository/UI/Client/Claim Services/buttonSaveUpload' is clickable

2019-01-23 08:17:29 - [MESSAGE][PASSED] - Object 'Object Repository/UI/Client/Claim Services/buttonSaveUpload' is clickable

2019-01-23 08:17:29 - [TEST_STEP][PASSED] - click(findTestObject("UI/Client/Claim Services/buttonSaveUpload")): Object: 'Object Repository/UI/Client/Claim Services/buttonSaveUpload' is clicked on

2019-01-23 08:17:29 - [MESSAGE][PASSED] - Object: 'Object Repository/UI/Client/Claim Services/buttonSaveUpload' is clicked on

2019-01-23 08:17:29 - [TEST_STEP][PASSED] - waitForPageLoad(5): Wait for page load successfully

2019-01-23 08:17:29 - [MESSAGE][PASSED] - Wait for page load successfully

2019-01-23 08:17:29 - [TEST_STEP][PASSED] - verifyElementVisible(findTestObject("UI/Client/Claim Services/strong_uploadedFileMessage")): Object 'Object Repository/UI/Client/Claim Services/strong_uploadedFileMessage' is visible

2019-01-23 08:17:29 - [MESSAGE][PASSED] - Object 'Object Repository/UI/Client/Claim Services/strong_uploadedFileMessage' is visible

2019-01-23 08:17:29 - [TEST_STEP][PASSED] - waitForElementClickable(findTestObject("UI/General/Log/span_logoutAsClient"), 5): Object 'Object Repository/UI/General/Log/span_logoutAsClient' is clickable

2019-01-23 08:17:29 - [MESSAGE][PASSED] - Object 'Object Repository/UI/General/Log/span_logoutAsClient' is clickable

2019-01-23 08:17:29 - [TEST_STEP][PASSED] - click(findTestObject("UI/General/Log/span_logoutAsClient")): Object: 'Object Repository/UI/General/Log/span_logoutAsClient' is clicked on

2019-01-23 08:17:29 - [MESSAGE][PASSED] - Object: 'Object Repository/UI/General/Log/span_logoutAsClient' is clicked on

2019-01-23 08:17:29 - [TEST_STEP][PASSED] - delay(1): Delayed 1 second(s)

2019-01-23 08:17:30 - [MESSAGE][PASSED] - Delayed 1 second(s)

2019-01-23 08:17:30 - [TEST_STEP][PASSED] - waitForElementClickable(findTestObject("UI/General/Log/a_userAvatar"), 5): Object 'Object Repository/UI/General/Log/a_userAvatar' is clickable

2019-01-23 08:17:31 - [MESSAGE][PASSED] - Object 'Object Repository/UI/General/Log/a_userAvatar' is clickable

2019-01-23 08:17:31 - [TEST_STEP][PASSED] - click(findTestObject("UI/General/Log/a_userAvatar")): Object: 'Object Repository/UI/General/Log/a_userAvatar' is clicked on

2019-01-23 08:17:31 - [MESSAGE][PASSED] - Object: 'Object Repository/UI/General/Log/a_userAvatar' is clicked on

2019-01-23 08:17:31 - [TEST_STEP][PASSED] - delay(1): Delayed 1 second(s)

2019-01-23 08:17:32 - [MESSAGE][PASSED] - Delayed 1 second(s)

2019-01-23 08:17:32 - [TEST_STEP][PASSED] - waitForElementClickable(findTestObject("UI/General/Log/a_signOutAMPS"), 5): Object 'Object Repository/UI/General/Log/a_signOutAMPS' is clickable

2019-01-23 08:17:32 - [MESSAGE][PASSED] - Object 'Object Repository/UI/General/Log/a_signOutAMPS' is clickable

2019-01-23 08:17:32 - [TEST_STEP][PASSED] - click(findTestObject("UI/General/Log/a_signOutAMPS")): Object: 'Object Repository/UI/General/Log/a_signOutAMPS' is clicked on

2019-01-23 08:17:32 - [MESSAGE][PASSED] - Object: 'Object Repository/UI/General/Log/a_signOutAMPS' is clicked on

2019-01-23 08:17:32 - [TEST_STEP][PASSED] - delay(1): Delayed 1 second(s)

2019-01-23 08:17:33 - [MESSAGE][PASSED] - Delayed 1 second(s)

2019-01-23 08:17:33 - [TEST_STEP][PASSED] - closeBrowser(): Browser is closed

2019-01-23 08:17:34 - [MESSAGE][PASSED] - Browser is closed]]></system-out>
         <system-err><![CDATA[]]></system-err>
      </testcase>
      <system-out><![CDATA[2019-01-23 08:14:14 - [TEST_SUITE][PASSED] - Claim Services: Test Cases/UI/Client/Claim Services/UploadFile_Other]]></system-out>
      <system-err><![CDATA[]]></system-err>
   </testsuite>
</testsuites>
