<?xml version="1.0" encoding="UTF-8"?>
<testsuites name="Claim Services" time="178" tests="6" failures="1" errors="0">
   <testsuite name="Claim Services" tests="6" failures="1" errors="0" time="178" timestamp="2019-01-22 17:36:37" hostname="rogelio medrano - TDG-MBL-MTY0325.tiempodev.local" id="Test Suites/UI/Claim Services/Claim Services">
      <properties>
         <property name="deviceName" value=""/>
         <property name="devicePlatform" value=""/>
         <property name="logFolder" value="C:\\Users\\rogelio medrano\\git\\AMPSAutRegression\\Reports\\UI\\Claim Services\\Claim Services\\20190122_173636"/>
         <property name="logFiles" value="C:\\Users\\rogelio medrano\\git\\AMPSAutRegression\\Reports\\UI\\Claim Services\\Claim Services\\20190122_173636\\execution0.log"/>
         <property name="attachments" value=""/>
         <property name="hostName" value="rogelio medrano - TDG-MBL-MTY0325.tiempodev.local"/>
         <property name="os" value="Windows 10 64bit"/>
         <property name="katalonVersion" value="5.10.1.1"/>
         <property name="browser" value="Chrome 71.0.3578.98"/>
         <property name="hostAddress" value="192.168.0.102"/>
         <property name="sessionId" value="7305fdd56840730ca5ddd59df64b5155"/>
         <property name="seleniumVersion" value="3.7.1"/>
         <property name="proxyInformation" value="ProxyInformation{proxyOption=NO_PROXY, proxyServerType=HTTP, password=, proxyServerAddress=, proxyServerPort=0}"/>
         <property name="platform" value="Windows 10"/>
      </properties>
      <testcase name="Test Cases/UI/Client/Claim Services/Add_NewClaim" classname="Test Cases/UI/Client/Claim Services/Add_NewClaim" status="PASSED">
         <system-out><![CDATA[2019-01-22 17:36:38 - [TEST_CASE][PASSED] - Test Cases/UI/Client/Claim Services/Add_NewClaim: Test Cases/UI/Client/Claim Services/Add_NewClaim

2019-01-22 17:36:38 - [TEST_STEP][PASSED] - UAT = "https://uat.advancedpricing.com": null

2019-01-22 17:36:38 - [TEST_STEP][PASSED] - USER = "qaAuto": null

2019-01-22 17:36:38 - [TEST_STEP][PASSED] - PASSWD = "a9yk100dD": null

2019-01-22 17:36:38 - [TEST_STEP][PASSED] - CLAIMNUMBER = "22222": null

2019-01-22 17:36:38 - [TEST_STEP][PASSED] - RXDATE = "01/18/2019": null

2019-01-22 17:36:38 - [TEST_STEP][PASSED] - BILLCHRG = "182019": null

2019-01-22 17:36:38 - [TEST_STEP][PASSED] - PPONAME = "None": null

2019-01-22 17:36:38 - [TEST_STEP][PASSED] - UPFILE = "C:\uploadAMPS\MedRecords-Demo.png": null

2019-01-22 17:36:38 - [TEST_STEP][PASSED] - openBrowser(""): Browser is opened with url: ''

2019-01-22 17:36:38 - [MESSAGE][INFO] - Starting 'Chrome' driver

2019-01-22 17:36:38 - [MESSAGE][INFO] - Action delay is set to 0 seconds

2019-01-22 17:36:41 - [MESSAGE][PASSED] - Browser is opened with url: ''

2019-01-22 17:36:41 - [TEST_STEP][PASSED] - maximizeWindow(): Current window maximized

2019-01-22 17:36:42 - [MESSAGE][PASSED] - Current window maximized

2019-01-22 17:36:42 - [TEST_STEP][PASSED] - navigateToUrl(UAT): Navigate to 'https://uat.advancedpricing.com' successfully

2019-01-22 17:36:44 - [MESSAGE][PASSED] - Navigate to 'https://uat.advancedpricing.com' successfully

2019-01-22 17:36:44 - [TEST_STEP][PASSED] - waitForPageLoad(5): Wait for page load successfully

2019-01-22 17:36:44 - [MESSAGE][PASSED] - Wait for page load successfully

2019-01-22 17:36:44 - [TEST_STEP][PASSED] - setText(findTestObject("UI/Client/Claim Services/input_userCode"), USER): Text 'qaAuto' is set on object 'Object Repository/UI/Client/Claim Services/input_userCode'

2019-01-22 17:36:44 - [MESSAGE][PASSED] - Text 'qaAuto' is set on object 'Object Repository/UI/Client/Claim Services/input_userCode'

2019-01-22 17:36:44 - [TEST_STEP][PASSED] - setText(findTestObject("UI/Client/Claim Services/input_userPassword"), PASSWD): Text 'a9yk100dD' is set on object 'Object Repository/UI/Client/Claim Services/input_userPassword'

2019-01-22 17:36:44 - [MESSAGE][PASSED] - Text 'a9yk100dD' is set on object 'Object Repository/UI/Client/Claim Services/input_userPassword'

2019-01-22 17:36:44 - [TEST_STEP][PASSED] - waitForElementClickable(findTestObject("UI/Client/Claim Services/input_loginButton"), 5): Object 'Object Repository/UI/Client/Claim Services/input_loginButton' is clickable

2019-01-22 17:36:44 - [MESSAGE][PASSED] - Object 'Object Repository/UI/Client/Claim Services/input_loginButton' is clickable

2019-01-22 17:36:44 - [TEST_STEP][PASSED] - click(findTestObject("UI/Client/Claim Services/input_loginButton")): Object: 'Object Repository/UI/Client/Claim Services/input_loginButton' is clicked on

2019-01-22 17:36:44 - [MESSAGE][PASSED] - Object: 'Object Repository/UI/Client/Claim Services/input_loginButton' is clicked on

2019-01-22 17:36:44 - [TEST_STEP][PASSED] - waitForPageLoad(5): Wait for page load successfully

2019-01-22 17:36:44 - [MESSAGE][PASSED] - Wait for page load successfully

2019-01-22 17:36:44 - [TEST_STEP][PASSED] - waitForElementClickable(findTestObject("UI/Client/Claim Services/span_ABMSClient"), 5): Object 'Object Repository/UI/Client/Claim Services/span_ABMSClient' is clickable

2019-01-22 17:36:46 - [MESSAGE][PASSED] - Object 'Object Repository/UI/Client/Claim Services/span_ABMSClient' is clickable

2019-01-22 17:36:46 - [TEST_STEP][PASSED] - click(findTestObject("UI/Client/Claim Services/span_ABMSClient")): Object: 'Object Repository/UI/Client/Claim Services/span_ABMSClient' is clicked on

2019-01-22 17:36:46 - [MESSAGE][PASSED] - Object: 'Object Repository/UI/Client/Claim Services/span_ABMSClient' is clicked on

2019-01-22 17:36:46 - [TEST_STEP][PASSED] - waitForPageLoad(5): Wait for page load successfully

2019-01-22 17:36:46 - [MESSAGE][PASSED] - Wait for page load successfully

2019-01-22 17:36:46 - [TEST_STEP][PASSED] - waitForElementClickable(findTestObject("UI/Client/Claim Services/NewClaim/a_addClaim"), 5): Object 'Object Repository/UI/Client/Claim Services/NewClaim/a_addClaim' is clickable

2019-01-22 17:36:46 - [MESSAGE][PASSED] - Object 'Object Repository/UI/Client/Claim Services/NewClaim/a_addClaim' is clickable

2019-01-22 17:36:46 - [TEST_STEP][PASSED] - click(findTestObject("UI/Client/Claim Services/NewClaim/a_addClaim")): Object: 'Object Repository/UI/Client/Claim Services/NewClaim/a_addClaim' is clicked on

2019-01-22 17:36:46 - [MESSAGE][PASSED] - Object: 'Object Repository/UI/Client/Claim Services/NewClaim/a_addClaim' is clicked on

2019-01-22 17:36:46 - [TEST_STEP][PASSED] - waitForPageLoad(5): Wait for page load successfully

2019-01-22 17:36:46 - [MESSAGE][PASSED] - Wait for page load successfully

2019-01-22 17:36:46 - [TEST_STEP][PASSED] - delay(3): Delayed 3 second(s)

2019-01-22 17:36:49 - [MESSAGE][PASSED] - Delayed 3 second(s)

2019-01-22 17:36:49 - [TEST_STEP][PASSED] - focus(findTestObject("UI/Client/Claim Services/NewClaim/h4_termsConditions")): Object: 'Object Repository/UI/Client/Claim Services/NewClaim/h4_termsConditions' is focused

2019-01-22 17:36:49 - [MESSAGE][PASSED] - Object: 'Object Repository/UI/Client/Claim Services/NewClaim/h4_termsConditions' is focused

2019-01-22 17:36:49 - [TEST_STEP][PASSED] - delay(3): Delayed 3 second(s)

2019-01-22 17:36:52 - [MESSAGE][PASSED] - Delayed 3 second(s)

2019-01-22 17:36:52 - [TEST_STEP][PASSED] - click(findTestObject("UI/Client/Claim Services/NewClaim/button_Accept")): Object: 'Object Repository/UI/Client/Claim Services/NewClaim/button_Accept' is clicked on

2019-01-22 17:36:53 - [MESSAGE][PASSED] - Object: 'Object Repository/UI/Client/Claim Services/NewClaim/button_Accept' is clicked on

2019-01-22 17:36:53 - [TEST_STEP][PASSED] - delay(2): Delayed 2 second(s)

2019-01-22 17:36:55 - [MESSAGE][PASSED] - Delayed 2 second(s)

2019-01-22 17:36:55 - [TEST_STEP][PASSED] - waitForElementVisible(findTestObject("UI/Client/Claim Services/NewClaim/span_newClaimHeader"), 5): Object 'Object Repository/UI/Client/Claim Services/NewClaim/span_newClaimHeader' is visible

2019-01-22 17:36:55 - [MESSAGE][PASSED] - Object 'Object Repository/UI/Client/Claim Services/NewClaim/span_newClaimHeader' is visible

2019-01-22 17:36:55 - [TEST_STEP][PASSED] - newClaim = getText(findTestObject("UI/Client/Claim Services/NewClaim/span_newClaimHeader")): Text of object 'Object Repository/UI/Client/Claim Services/NewClaim/span_newClaimHeader' is: 'New'

2019-01-22 17:36:55 - [MESSAGE][PASSED] - Text of object 'Object Repository/UI/Client/Claim Services/NewClaim/span_newClaimHeader' is: 'New'

2019-01-22 17:36:55 - [TEST_STEP][PASSED] - verifyMatch(newClaim, "New", false): Actual text 'New' and expected text 'New' are matched 

2019-01-22 17:36:55 - [MESSAGE][PASSED] - Actual text 'New' and expected text 'New' are matched 

2019-01-22 17:36:55 - [TEST_STEP][PASSED] - delay(3): Delayed 3 second(s)

2019-01-22 17:36:58 - [MESSAGE][PASSED] - Delayed 3 second(s)

2019-01-22 17:36:58 - [TEST_STEP][PASSED] - waitForElementClickable(findTestObject("UI/Client/Claim Services/NewClaim/select_clientGroupId"), 5): Object 'Object Repository/UI/Client/Claim Services/NewClaim/select_clientGroupId' is clickable

2019-01-22 17:36:58 - [MESSAGE][PASSED] - Object 'Object Repository/UI/Client/Claim Services/NewClaim/select_clientGroupId' is clickable

2019-01-22 17:36:58 - [TEST_STEP][PASSED] - click(findTestObject("UI/Client/Claim Services/NewClaim/select_clientGroupId")): Object: 'Object Repository/UI/Client/Claim Services/NewClaim/select_clientGroupId' is clicked on

2019-01-22 17:36:58 - [MESSAGE][PASSED] - Object: 'Object Repository/UI/Client/Claim Services/NewClaim/select_clientGroupId' is clicked on

2019-01-22 17:36:58 - [TEST_STEP][PASSED] - delay(2): Delayed 2 second(s)

2019-01-22 17:37:00 - [MESSAGE][PASSED] - Delayed 2 second(s)

2019-01-22 17:37:00 - [TEST_STEP][PASSED] - click(findTestObject("UI/Client/Claim Services/NewClaim/option_twoKellog")): Object: 'Object Repository/UI/Client/Claim Services/NewClaim/option_twoKellog' is clicked on

2019-01-22 17:37:00 - [MESSAGE][PASSED] - Object: 'Object Repository/UI/Client/Claim Services/NewClaim/option_twoKellog' is clicked on

2019-01-22 17:37:00 - [TEST_STEP][PASSED] - delay(2): Delayed 2 second(s)

2019-01-22 17:37:02 - [MESSAGE][PASSED] - Delayed 2 second(s)

2019-01-22 17:37:02 - [TEST_STEP][PASSED] - waitForElementVisible(findTestObject("UI/Client/Claim Services/NewClaim/input_claimNumber"), 5): Object 'Object Repository/UI/Client/Claim Services/NewClaim/input_claimNumber' is visible

2019-01-22 17:37:02 - [MESSAGE][PASSED] - Object 'Object Repository/UI/Client/Claim Services/NewClaim/input_claimNumber' is visible

2019-01-22 17:37:02 - [TEST_STEP][PASSED] - setText(findTestObject("UI/Client/Claim Services/NewClaim/input_claimNumber"), CLAIMNUMBER): Text '22222' is set on object 'Object Repository/UI/Client/Claim Services/NewClaim/input_claimNumber'

2019-01-22 17:37:02 - [MESSAGE][PASSED] - Text '22222' is set on object 'Object Repository/UI/Client/Claim Services/NewClaim/input_claimNumber'

2019-01-22 17:37:02 - [TEST_STEP][PASSED] - delay(2): Delayed 2 second(s)

2019-01-22 17:37:04 - [MESSAGE][PASSED] - Delayed 2 second(s)

2019-01-22 17:37:04 - [TEST_STEP][PASSED] - waitForElementVisible(findTestObject("UI/Client/Claim Services/NewClaim/input_receiveDate"), 5): Object 'Object Repository/UI/Client/Claim Services/NewClaim/input_receiveDate' is visible

2019-01-22 17:37:05 - [MESSAGE][PASSED] - Object 'Object Repository/UI/Client/Claim Services/NewClaim/input_receiveDate' is visible

2019-01-22 17:37:05 - [TEST_STEP][PASSED] - setText(findTestObject("UI/Client/Claim Services/NewClaim/input_receiveDate"), RXDATE): Text '01/18/2019' is set on object 'Object Repository/UI/Client/Claim Services/NewClaim/input_receiveDate'

2019-01-22 17:37:05 - [MESSAGE][PASSED] - Text '01/18/2019' is set on object 'Object Repository/UI/Client/Claim Services/NewClaim/input_receiveDate'

2019-01-22 17:37:05 - [TEST_STEP][PASSED] - delay(2): Delayed 2 second(s)

2019-01-22 17:37:07 - [MESSAGE][PASSED] - Delayed 2 second(s)

2019-01-22 17:37:07 - [TEST_STEP][PASSED] - waitForElementClickable(findTestObject("UI/Client/Claim Services/NewClaim/radio_noneNetwork"), 5): Object 'Object Repository/UI/Client/Claim Services/NewClaim/radio_noneNetwork' is clickable

2019-01-22 17:37:07 - [MESSAGE][PASSED] - Object 'Object Repository/UI/Client/Claim Services/NewClaim/radio_noneNetwork' is clickable

2019-01-22 17:37:07 - [TEST_STEP][PASSED] - check(findTestObject("UI/Client/Claim Services/NewClaim/radio_noneNetwork")): Object 'Object Repository/UI/Client/Claim Services/NewClaim/radio_noneNetwork' is checked

2019-01-22 17:37:07 - [MESSAGE][PASSED] - Object 'Object Repository/UI/Client/Claim Services/NewClaim/radio_noneNetwork' is checked

2019-01-22 17:37:07 - [TEST_STEP][PASSED] - delay(2): Delayed 2 second(s)

2019-01-22 17:37:09 - [MESSAGE][PASSED] - Delayed 2 second(s)

2019-01-22 17:37:09 - [TEST_STEP][PASSED] - waitForElementVisible(findTestObject("UI/Client/Claim Services/NewClaim/input_billedCharges"), 5): Object 'Object Repository/UI/Client/Claim Services/NewClaim/input_billedCharges' is visible

2019-01-22 17:37:09 - [MESSAGE][PASSED] - Object 'Object Repository/UI/Client/Claim Services/NewClaim/input_billedCharges' is visible

2019-01-22 17:37:09 - [TEST_STEP][PASSED] - setText(findTestObject("UI/Client/Claim Services/NewClaim/input_billedCharges"), BILLCHRG): Text '182019' is set on object 'Object Repository/UI/Client/Claim Services/NewClaim/input_billedCharges'

2019-01-22 17:37:09 - [MESSAGE][PASSED] - Text '182019' is set on object 'Object Repository/UI/Client/Claim Services/NewClaim/input_billedCharges'

2019-01-22 17:37:09 - [TEST_STEP][PASSED] - delay(2): Delayed 2 second(s)

2019-01-22 17:37:11 - [MESSAGE][PASSED] - Delayed 2 second(s)

2019-01-22 17:37:11 - [TEST_STEP][PASSED] - waitForElementVisible(findTestObject("UI/Client/Claim Services/NewClaim/input_ppoName"), 5): Object 'Object Repository/UI/Client/Claim Services/NewClaim/input_ppoName' is visible

2019-01-22 17:37:11 - [MESSAGE][PASSED] - Object 'Object Repository/UI/Client/Claim Services/NewClaim/input_ppoName' is visible

2019-01-22 17:37:11 - [TEST_STEP][PASSED] - setText(findTestObject("UI/Client/Claim Services/NewClaim/input_ppoName"), PPONAME): Text 'None' is set on object 'Object Repository/UI/Client/Claim Services/NewClaim/input_ppoName'

2019-01-22 17:37:11 - [MESSAGE][PASSED] - Text 'None' is set on object 'Object Repository/UI/Client/Claim Services/NewClaim/input_ppoName'

2019-01-22 17:37:11 - [TEST_STEP][PASSED] - delay(5): Delayed 5 second(s)

2019-01-22 17:37:16 - [MESSAGE][PASSED] - Delayed 5 second(s)

2019-01-22 17:37:16 - [TEST_STEP][PASSED] - waitForElementClickable(findTestObject("UI/Client/Claim Services/NewClaim/button_saveClaim"), 5): Object 'Object Repository/UI/Client/Claim Services/NewClaim/button_saveClaim' is clickable

2019-01-22 17:37:16 - [MESSAGE][PASSED] - Object 'Object Repository/UI/Client/Claim Services/NewClaim/button_saveClaim' is clickable

2019-01-22 17:37:16 - [TEST_STEP][PASSED] - check(findTestObject("UI/Client/Claim Services/NewClaim/button_saveClaim")): Object 'Object Repository/UI/Client/Claim Services/NewClaim/button_saveClaim' is checked

2019-01-22 17:37:17 - [MESSAGE][PASSED] - Object 'Object Repository/UI/Client/Claim Services/NewClaim/button_saveClaim' is checked

2019-01-22 17:37:17 - [TEST_STEP][PASSED] - delay(5): Delayed 5 second(s)

2019-01-22 17:37:22 - [MESSAGE][PASSED] - Delayed 5 second(s)

2019-01-22 17:37:22 - [TEST_STEP][PASSED] - focus(findTestObject("UI/Client/Claim Services/NewClaim/h4_alertClaim")): Object: 'Object Repository/UI/Client/Claim Services/NewClaim/h4_alertClaim' is focused

2019-01-22 17:37:22 - [MESSAGE][PASSED] - Object: 'Object Repository/UI/Client/Claim Services/NewClaim/h4_alertClaim' is focused

2019-01-22 17:37:22 - [TEST_STEP][PASSED] - delay(3): Delayed 3 second(s)

2019-01-22 17:37:25 - [MESSAGE][PASSED] - Delayed 3 second(s)

2019-01-22 17:37:25 - [TEST_STEP][PASSED] - click(findTestObject("UI/Client/Claim Services/NewClaim/button_closeAlertClaim")): Object: 'Object Repository/UI/Client/Claim Services/NewClaim/button_closeAlertClaim' is clicked on

2019-01-22 17:37:25 - [MESSAGE][PASSED] - Object: 'Object Repository/UI/Client/Claim Services/NewClaim/button_closeAlertClaim' is clicked on

2019-01-22 17:37:25 - [TEST_STEP][PASSED] - delay(3): Delayed 3 second(s)

2019-01-22 17:37:28 - [MESSAGE][PASSED] - Delayed 3 second(s)

2019-01-22 17:37:28 - [TEST_STEP][PASSED] - waitForElementVisible(findTestObject("UI/Client/Claim Services/NewClaim/span_attachFiles"), 5): Object 'Object Repository/UI/Client/Claim Services/NewClaim/span_attachFiles' is visible

2019-01-22 17:37:28 - [MESSAGE][PASSED] - Object 'Object Repository/UI/Client/Claim Services/NewClaim/span_attachFiles' is visible

2019-01-22 17:37:28 - [TEST_STEP][PASSED] - verifyElementVisible(findTestObject("UI/Client/Claim Services/NewClaim/span_attachFiles")): Object 'Object Repository/UI/Client/Claim Services/NewClaim/span_attachFiles' is visible

2019-01-22 17:37:28 - [MESSAGE][PASSED] - Object 'Object Repository/UI/Client/Claim Services/NewClaim/span_attachFiles' is visible

2019-01-22 17:37:28 - [TEST_STEP][PASSED] - waitForElementClickable(findTestObject("UI/Client/Claim Services/a_FilesTab"), 5): Object 'Object Repository/UI/Client/Claim Services/a_FilesTab' is clickable

2019-01-22 17:37:28 - [MESSAGE][PASSED] - Object 'Object Repository/UI/Client/Claim Services/a_FilesTab' is clickable

2019-01-22 17:37:28 - [TEST_STEP][PASSED] - click(findTestObject("UI/Client/Claim Services/a_FilesTab")): Object: 'Object Repository/UI/Client/Claim Services/a_FilesTab' is clicked on

2019-01-22 17:37:28 - [MESSAGE][PASSED] - Object: 'Object Repository/UI/Client/Claim Services/a_FilesTab' is clicked on

2019-01-22 17:37:28 - [TEST_STEP][PASSED] - waitForPageLoad(5): Wait for page load successfully

2019-01-22 17:37:28 - [MESSAGE][PASSED] - Wait for page load successfully

2019-01-22 17:37:28 - [TEST_STEP][PASSED] - uploadFile(findTestObject("UI/Client/Claim Services/input_NewFile"), UPFILE): File 'C:\uploadAMPS\MedRecords-Demo.png' sent to object: 'Object Repository/UI/Client/Claim Services/input_NewFile'

2019-01-22 17:37:28 - [MESSAGE][PASSED] - File 'C:\uploadAMPS\MedRecords-Demo.png' sent to object: 'Object Repository/UI/Client/Claim Services/input_NewFile'

2019-01-22 17:37:28 - [TEST_STEP][PASSED] - delay(3): Delayed 3 second(s)

2019-01-22 17:37:31 - [MESSAGE][PASSED] - Delayed 3 second(s)

2019-01-22 17:37:31 - [TEST_STEP][PASSED] - waitForElementClickable(findTestObject("UI/Client/Claim Services/selectFileNameDropDown"), 5): Object 'Object Repository/UI/Client/Claim Services/selectFileNameDropDown' is clickable

2019-01-22 17:37:31 - [MESSAGE][PASSED] - Object 'Object Repository/UI/Client/Claim Services/selectFileNameDropDown' is clickable

2019-01-22 17:37:31 - [TEST_STEP][PASSED] - click(findTestObject("UI/Client/Claim Services/selectFileNameDropDown")): Object: 'Object Repository/UI/Client/Claim Services/selectFileNameDropDown' is clicked on

2019-01-22 17:37:31 - [MESSAGE][PASSED] - Object: 'Object Repository/UI/Client/Claim Services/selectFileNameDropDown' is clicked on

2019-01-22 17:37:31 - [TEST_STEP][PASSED] - delay(2): Delayed 2 second(s)

2019-01-22 17:37:33 - [MESSAGE][PASSED] - Delayed 2 second(s)

2019-01-22 17:37:33 - [TEST_STEP][PASSED] - click(findTestObject("UI/Client/Claim Services/option_otherFile")): Object: 'Object Repository/UI/Client/Claim Services/option_otherFile' is clicked on

2019-01-22 17:37:34 - [MESSAGE][PASSED] - Object: 'Object Repository/UI/Client/Claim Services/option_otherFile' is clicked on

2019-01-22 17:37:34 - [TEST_STEP][PASSED] - delay(3): Delayed 3 second(s)

2019-01-22 17:37:37 - [MESSAGE][PASSED] - Delayed 3 second(s)

2019-01-22 17:37:37 - [TEST_STEP][PASSED] - waitForElementClickable(findTestObject("UI/Client/Claim Services/buttonSaveUpload"), 5): Object 'Object Repository/UI/Client/Claim Services/buttonSaveUpload' is clickable

2019-01-22 17:37:37 - [MESSAGE][PASSED] - Object 'Object Repository/UI/Client/Claim Services/buttonSaveUpload' is clickable

2019-01-22 17:37:37 - [TEST_STEP][PASSED] - click(findTestObject("UI/Client/Claim Services/buttonSaveUpload")): Object: 'Object Repository/UI/Client/Claim Services/buttonSaveUpload' is clicked on

2019-01-22 17:37:37 - [MESSAGE][PASSED] - Object: 'Object Repository/UI/Client/Claim Services/buttonSaveUpload' is clicked on

2019-01-22 17:37:37 - [TEST_STEP][PASSED] - waitForPageLoad(5): Wait for page load successfully

2019-01-22 17:37:37 - [MESSAGE][PASSED] - Wait for page load successfully

2019-01-22 17:37:37 - [TEST_STEP][PASSED] - delay(3): Delayed 3 second(s)

2019-01-22 17:37:40 - [MESSAGE][PASSED] - Delayed 3 second(s)

2019-01-22 17:37:40 - [TEST_STEP][PASSED] - verifyElementVisible(findTestObject("UI/Client/Claim Services/strong_uploadedFileMessage")): Object 'Object Repository/UI/Client/Claim Services/strong_uploadedFileMessage' is visible

2019-01-22 17:37:40 - [MESSAGE][PASSED] - Object 'Object Repository/UI/Client/Claim Services/strong_uploadedFileMessage' is visible

2019-01-22 17:37:40 - [TEST_STEP][PASSED] - delay(5): Delayed 5 second(s)

2019-01-22 17:37:45 - [MESSAGE][PASSED] - Delayed 5 second(s)

2019-01-22 17:37:45 - [TEST_STEP][PASSED] - waitForElementClickable(findTestObject("UI/General/Log/span_logoutAsClient"), 5): Object 'Object Repository/UI/General/Log/span_logoutAsClient' is clickable

2019-01-22 17:37:45 - [MESSAGE][PASSED] - Object 'Object Repository/UI/General/Log/span_logoutAsClient' is clickable

2019-01-22 17:37:45 - [TEST_STEP][PASSED] - click(findTestObject("UI/General/Log/span_logoutAsClient")): Object: 'Object Repository/UI/General/Log/span_logoutAsClient' is clicked on

2019-01-22 17:37:45 - [MESSAGE][PASSED] - Object: 'Object Repository/UI/General/Log/span_logoutAsClient' is clicked on

2019-01-22 17:37:45 - [TEST_STEP][PASSED] - delay(1): Delayed 1 second(s)

2019-01-22 17:37:46 - [MESSAGE][PASSED] - Delayed 1 second(s)

2019-01-22 17:37:46 - [TEST_STEP][PASSED] - waitForElementClickable(findTestObject("UI/General/Log/a_userAvatar"), 5): Object 'Object Repository/UI/General/Log/a_userAvatar' is clickable

2019-01-22 17:37:46 - [MESSAGE][PASSED] - Object 'Object Repository/UI/General/Log/a_userAvatar' is clickable

2019-01-22 17:37:46 - [TEST_STEP][PASSED] - click(findTestObject("UI/General/Log/a_userAvatar")): Object: 'Object Repository/UI/General/Log/a_userAvatar' is clicked on

2019-01-22 17:37:46 - [MESSAGE][PASSED] - Object: 'Object Repository/UI/General/Log/a_userAvatar' is clicked on

2019-01-22 17:37:46 - [TEST_STEP][PASSED] - delay(1): Delayed 1 second(s)

2019-01-22 17:37:47 - [MESSAGE][PASSED] - Delayed 1 second(s)

2019-01-22 17:37:47 - [TEST_STEP][PASSED] - waitForElementClickable(findTestObject("UI/General/Log/a_signOutAMPS"), 5): Object 'Object Repository/UI/General/Log/a_signOutAMPS' is clickable

2019-01-22 17:37:47 - [MESSAGE][PASSED] - Object 'Object Repository/UI/General/Log/a_signOutAMPS' is clickable

2019-01-22 17:37:47 - [TEST_STEP][PASSED] - click(findTestObject("UI/General/Log/a_signOutAMPS")): Object: 'Object Repository/UI/General/Log/a_signOutAMPS' is clicked on

2019-01-22 17:37:47 - [MESSAGE][PASSED] - Object: 'Object Repository/UI/General/Log/a_signOutAMPS' is clicked on

2019-01-22 17:37:47 - [TEST_STEP][PASSED] - delay(1): Delayed 1 second(s)

2019-01-22 17:37:48 - [MESSAGE][PASSED] - Delayed 1 second(s)

2019-01-22 17:37:48 - [TEST_STEP][PASSED] - closeBrowser(): Browser is closed

2019-01-22 17:37:49 - [MESSAGE][PASSED] - Browser is closed]]></system-out>
         <system-err><![CDATA[]]></system-err>
      </testcase>
      <testcase name="Test Cases/UI/Client/Claim Services/Claim_Details" classname="Test Cases/UI/Client/Claim Services/Claim_Details" status="PASSED">
         <system-out><![CDATA[2019-01-22 17:37:49 - [TEST_CASE][PASSED] - Test Cases/UI/Client/Claim Services/Claim_Details: Test Cases/UI/Client/Claim Services/Claim_Details

2019-01-22 17:37:49 - [TEST_STEP][PASSED] - UAT = "https://uat.advancedpricing.com": null

2019-01-22 17:37:49 - [TEST_STEP][PASSED] - USER = "qaAuto": null

2019-01-22 17:37:49 - [TEST_STEP][PASSED] - PASSWD = "a9yk100dD": null

2019-01-22 17:37:49 - [TEST_STEP][PASSED] - openBrowser(""): Browser is opened with url: ''

2019-01-22 17:37:49 - [MESSAGE][INFO] - Starting 'Chrome' driver

2019-01-22 17:37:51 - [MESSAGE][PASSED] - Browser is opened with url: ''

2019-01-22 17:37:51 - [TEST_STEP][PASSED] - maximizeWindow(): Current window maximized

2019-01-22 17:37:53 - [MESSAGE][PASSED] - Current window maximized

2019-01-22 17:37:53 - [TEST_STEP][PASSED] - navigateToUrl(UAT): Navigate to 'https://uat.advancedpricing.com' successfully

2019-01-22 17:37:54 - [MESSAGE][PASSED] - Navigate to 'https://uat.advancedpricing.com' successfully

2019-01-22 17:37:54 - [TEST_STEP][PASSED] - waitForPageLoad(5): Wait for page load successfully

2019-01-22 17:37:54 - [MESSAGE][PASSED] - Wait for page load successfully

2019-01-22 17:37:54 - [TEST_STEP][PASSED] - setText(findTestObject("UI/Client/Claim Services/input_userCode"), USER): Text 'qaAuto' is set on object 'Object Repository/UI/Client/Claim Services/input_userCode'

2019-01-22 17:37:54 - [MESSAGE][PASSED] - Text 'qaAuto' is set on object 'Object Repository/UI/Client/Claim Services/input_userCode'

2019-01-22 17:37:54 - [TEST_STEP][PASSED] - setText(findTestObject("UI/Client/Claim Services/input_userPassword"), PASSWD): Text 'a9yk100dD' is set on object 'Object Repository/UI/Client/Claim Services/input_userPassword'

2019-01-22 17:37:54 - [MESSAGE][PASSED] - Text 'a9yk100dD' is set on object 'Object Repository/UI/Client/Claim Services/input_userPassword'

2019-01-22 17:37:54 - [TEST_STEP][PASSED] - waitForElementClickable(findTestObject("UI/Client/Claim Services/input_loginButton"), 5): Object 'Object Repository/UI/Client/Claim Services/input_loginButton' is clickable

2019-01-22 17:37:54 - [MESSAGE][PASSED] - Object 'Object Repository/UI/Client/Claim Services/input_loginButton' is clickable

2019-01-22 17:37:54 - [TEST_STEP][PASSED] - click(findTestObject("UI/Client/Claim Services/input_loginButton")): Object: 'Object Repository/UI/Client/Claim Services/input_loginButton' is clicked on

2019-01-22 17:37:54 - [MESSAGE][PASSED] - Object: 'Object Repository/UI/Client/Claim Services/input_loginButton' is clicked on

2019-01-22 17:37:54 - [TEST_STEP][PASSED] - waitForPageLoad(5): Wait for page load successfully

2019-01-22 17:37:54 - [MESSAGE][PASSED] - Wait for page load successfully

2019-01-22 17:37:54 - [TEST_STEP][PASSED] - waitForElementClickable(findTestObject("UI/Client/Claim Services/span_ABMSClient"), 5): Object 'Object Repository/UI/Client/Claim Services/span_ABMSClient' is clickable

2019-01-22 17:37:56 - [MESSAGE][PASSED] - Object 'Object Repository/UI/Client/Claim Services/span_ABMSClient' is clickable

2019-01-22 17:37:56 - [TEST_STEP][PASSED] - click(findTestObject("UI/Client/Claim Services/span_ABMSClient")): Object: 'Object Repository/UI/Client/Claim Services/span_ABMSClient' is clicked on

2019-01-22 17:37:56 - [MESSAGE][PASSED] - Object: 'Object Repository/UI/Client/Claim Services/span_ABMSClient' is clicked on

2019-01-22 17:37:56 - [TEST_STEP][PASSED] - waitForPageLoad(5): Wait for page load successfully

2019-01-22 17:37:56 - [MESSAGE][PASSED] - Wait for page load successfully

2019-01-22 17:37:56 - [TEST_STEP][PASSED] - waitForElementClickable(findTestObject("UI/Client/Claim Services/span_firstClaim"), 5): Object 'Object Repository/UI/Client/Claim Services/span_firstClaim' is clickable

2019-01-22 17:37:56 - [MESSAGE][PASSED] - Object 'Object Repository/UI/Client/Claim Services/span_firstClaim' is clickable

2019-01-22 17:37:56 - [TEST_STEP][PASSED] - click(findTestObject("UI/Client/Claim Services/span_firstClaim")): Object: 'Object Repository/UI/Client/Claim Services/span_firstClaim' is clicked on

2019-01-22 17:37:57 - [MESSAGE][PASSED] - Object: 'Object Repository/UI/Client/Claim Services/span_firstClaim' is clicked on

2019-01-22 17:37:57 - [TEST_STEP][PASSED] - waitForPageLoad(5): Wait for page load successfully

2019-01-22 17:37:57 - [MESSAGE][PASSED] - Wait for page load successfully

2019-01-22 17:37:57 - [TEST_STEP][PASSED] - waitForElementVisible(findTestObject("UI/Client/Claim Services/span_ClaimHeader"), 5): Object 'Object Repository/UI/Client/Claim Services/span_ClaimHeader' is visible

2019-01-22 17:37:57 - [MESSAGE][PASSED] - Object 'Object Repository/UI/Client/Claim Services/span_ClaimHeader' is visible

2019-01-22 17:37:57 - [TEST_STEP][PASSED] - claimHeader = getText(findTestObject("UI/Client/Claim Services/span_ClaimHeader")): Text of object 'Object Repository/UI/Client/Claim Services/span_ClaimHeader' is: 'Edit: 22222 (1084792) - Clerk - Received'

2019-01-22 17:37:57 - [MESSAGE][PASSED] - Text of object 'Object Repository/UI/Client/Claim Services/span_ClaimHeader' is: 'Edit: 22222 (1084792) - Clerk - Received'

2019-01-22 17:37:57 - [TEST_STEP][PASSED] - delay(3): Delayed 3 second(s)

2019-01-22 17:38:00 - [MESSAGE][PASSED] - Delayed 3 second(s)

2019-01-22 17:38:00 - [TEST_STEP][PASSED] - waitForElementClickable(findTestObject("UI/General/Log/span_logoutAsClient"), 5): Object 'Object Repository/UI/General/Log/span_logoutAsClient' is clickable

2019-01-22 17:38:00 - [MESSAGE][PASSED] - Object 'Object Repository/UI/General/Log/span_logoutAsClient' is clickable

2019-01-22 17:38:00 - [TEST_STEP][PASSED] - click(findTestObject("UI/General/Log/span_logoutAsClient")): Object: 'Object Repository/UI/General/Log/span_logoutAsClient' is clicked on

2019-01-22 17:38:00 - [MESSAGE][PASSED] - Object: 'Object Repository/UI/General/Log/span_logoutAsClient' is clicked on

2019-01-22 17:38:00 - [TEST_STEP][PASSED] - delay(1): Delayed 1 second(s)

2019-01-22 17:38:01 - [MESSAGE][PASSED] - Delayed 1 second(s)

2019-01-22 17:38:01 - [TEST_STEP][PASSED] - waitForElementClickable(findTestObject("UI/General/Log/a_userAvatar"), 5): Object 'Object Repository/UI/General/Log/a_userAvatar' is clickable

2019-01-22 17:38:01 - [MESSAGE][PASSED] - Object 'Object Repository/UI/General/Log/a_userAvatar' is clickable

2019-01-22 17:38:01 - [TEST_STEP][PASSED] - click(findTestObject("UI/General/Log/a_userAvatar")): Object: 'Object Repository/UI/General/Log/a_userAvatar' is clicked on

2019-01-22 17:38:01 - [MESSAGE][PASSED] - Object: 'Object Repository/UI/General/Log/a_userAvatar' is clicked on

2019-01-22 17:38:01 - [TEST_STEP][PASSED] - delay(1): Delayed 1 second(s)

2019-01-22 17:38:02 - [MESSAGE][PASSED] - Delayed 1 second(s)

2019-01-22 17:38:02 - [TEST_STEP][PASSED] - waitForElementClickable(findTestObject("UI/General/Log/a_signOutAMPS"), 5): Object 'Object Repository/UI/General/Log/a_signOutAMPS' is clickable

2019-01-22 17:38:02 - [MESSAGE][PASSED] - Object 'Object Repository/UI/General/Log/a_signOutAMPS' is clickable

2019-01-22 17:38:02 - [TEST_STEP][PASSED] - click(findTestObject("UI/General/Log/a_signOutAMPS")): Object: 'Object Repository/UI/General/Log/a_signOutAMPS' is clicked on

2019-01-22 17:38:03 - [MESSAGE][PASSED] - Object: 'Object Repository/UI/General/Log/a_signOutAMPS' is clicked on

2019-01-22 17:38:03 - [TEST_STEP][PASSED] - delay(1): Delayed 1 second(s)

2019-01-22 17:38:04 - [MESSAGE][PASSED] - Delayed 1 second(s)

2019-01-22 17:38:04 - [TEST_STEP][PASSED] - closeBrowser(): Browser is closed

2019-01-22 17:38:04 - [MESSAGE][PASSED] - Browser is closed]]></system-out>
         <system-err><![CDATA[]]></system-err>
      </testcase>
      <testcase name="Test Cases/UI/Client/Claim Services/Download_successful" classname="Test Cases/UI/Client/Claim Services/Download_successful" status="FAILED">
         <failure type="FAILED" message="Test Cases/UI/Client/Claim Services/Download_successful FAILED.
Reason:
com.kms.katalon.core.exception.StepFailedException: Unable to verify match between actual text 'Upload-Demo.txt' and expected text 'MedRecords-Demo.png' (Root cause: com.kms.katalon.core.exception.StepFailedException: Actual text 'Upload-Demo.txt' and expected text 'MedRecords-Demo.png' are not matched)
	at com.kms.katalon.core.keyword.internal.KeywordMain.stepFailed(KeywordMain.groovy:36)
	at com.kms.katalon.core.keyword.internal.KeywordMain.stepFailed(KeywordMain.groovy)
	at com.kms.katalon.core.keyword.internal.KeywordMain.runKeyword(KeywordMain.groovy:56)
	at com.kms.katalon.core.keyword.builtin.VerifyMatchKeyword.verifyMatch(VerifyMatchKeyword.groovy:60)
	at com.kms.katalon.core.keyword.builtin.VerifyMatchKeyword.execute(VerifyMatchKeyword.groovy:45)
	at com.kms.katalon.core.keyword.internal.KeywordExecutor.executeKeywordForPlatform(KeywordExecutor.groovy:53)
	at com.kms.katalon.core.keyword.BuiltinKeywords.verifyMatch(BuiltinKeywords.groovy:73)
	at Download_successful.run(Download_successful:61)
	at com.kms.katalon.core.main.ScriptEngine.run(ScriptEngine.java:194)
	at com.kms.katalon.core.main.ScriptEngine.runScriptAsRawText(ScriptEngine.java:119)
	at com.kms.katalon.core.main.TestCaseExecutor.runScript(TestCaseExecutor.java:328)
	at com.kms.katalon.core.main.TestCaseExecutor.doExecute(TestCaseExecutor.java:319)
	at com.kms.katalon.core.main.TestCaseExecutor.processExecutionPhase(TestCaseExecutor.java:298)
	at com.kms.katalon.core.main.TestCaseExecutor.accessMainPhase(TestCaseExecutor.java:290)
	at com.kms.katalon.core.main.TestCaseExecutor.execute(TestCaseExecutor.java:224)
	at com.kms.katalon.core.main.TestSuiteExecutor.accessTestCaseMainPhase(TestSuiteExecutor.java:129)
	at com.kms.katalon.core.main.TestSuiteExecutor.accessTestSuiteMainPhase(TestSuiteExecutor.java:112)
	at com.kms.katalon.core.main.TestSuiteExecutor.execute(TestSuiteExecutor.java:81)
	at com.kms.katalon.core.main.TestCaseMain.startTestSuite(TestCaseMain.java:149)
	at com.kms.katalon.core.main.TestCaseMain$startTestSuite$0.call(Unknown Source)
	at TempTestSuite1548200196373.run(TempTestSuite1548200196373.groovy:36)
"/>
         <system-out><![CDATA[2019-01-22 17:38:04 - [TEST_CASE][FAILED] - Test Cases/UI/Client/Claim Services/Download_successful: Test Cases/UI/Client/Claim Services/Download_successful FAILED.
Reason:
com.kms.katalon.core.exception.StepFailedException: Unable to verify match between actual text 'Upload-Demo.txt' and expected text 'MedRecords-Demo.png' (Root cause: com.kms.katalon.core.exception.StepFailedException: Actual text 'Upload-Demo.txt' and expected text 'MedRecords-Demo.png' are not matched)
	at com.kms.katalon.core.keyword.internal.KeywordMain.stepFailed(KeywordMain.groovy:36)
	at com.kms.katalon.core.keyword.internal.KeywordMain.stepFailed(KeywordMain.groovy)
	at com.kms.katalon.core.keyword.internal.KeywordMain.runKeyword(KeywordMain.groovy:56)
	at com.kms.katalon.core.keyword.builtin.VerifyMatchKeyword.verifyMatch(VerifyMatchKeyword.groovy:60)
	at com.kms.katalon.core.keyword.builtin.VerifyMatchKeyword.execute(VerifyMatchKeyword.groovy:45)
	at com.kms.katalon.core.keyword.internal.KeywordExecutor.executeKeywordForPlatform(KeywordExecutor.groovy:53)
	at com.kms.katalon.core.keyword.BuiltinKeywords.verifyMatch(BuiltinKeywords.groovy:73)
	at Download_successful.run(Download_successful:61)
	at com.kms.katalon.core.main.ScriptEngine.run(ScriptEngine.java:194)
	at com.kms.katalon.core.main.ScriptEngine.runScriptAsRawText(ScriptEngine.java:119)
	at com.kms.katalon.core.main.TestCaseExecutor.runScript(TestCaseExecutor.java:328)
	at com.kms.katalon.core.main.TestCaseExecutor.doExecute(TestCaseExecutor.java:319)
	at com.kms.katalon.core.main.TestCaseExecutor.processExecutionPhase(TestCaseExecutor.java:298)
	at com.kms.katalon.core.main.TestCaseExecutor.accessMainPhase(TestCaseExecutor.java:290)
	at com.kms.katalon.core.main.TestCaseExecutor.execute(TestCaseExecutor.java:224)
	at com.kms.katalon.core.main.TestSuiteExecutor.accessTestCaseMainPhase(TestSuiteExecutor.java:129)
	at com.kms.katalon.core.main.TestSuiteExecutor.accessTestSuiteMainPhase(TestSuiteExecutor.java:112)
	at com.kms.katalon.core.main.TestSuiteExecutor.execute(TestSuiteExecutor.java:81)
	at com.kms.katalon.core.main.TestCaseMain.startTestSuite(TestCaseMain.java:149)
	at com.kms.katalon.core.main.TestCaseMain$startTestSuite$0.call(Unknown Source)
	at TempTestSuite1548200196373.run(TempTestSuite1548200196373.groovy:36)


2019-01-22 17:38:04 - [TEST_STEP][PASSED] - UAT = "https://uat.advancedpricing.com": null

2019-01-22 17:38:04 - [TEST_STEP][PASSED] - USER = "qaAuto": null

2019-01-22 17:38:04 - [TEST_STEP][PASSED] - PASSWD = "a9yk100dD": null

2019-01-22 17:38:04 - [TEST_STEP][PASSED] - downloadPath = "C:\Users\rogelio medrano\Downloads": null

2019-01-22 17:38:04 - [TEST_STEP][PASSED] - FILEDOWN = "MedRecords-Demo.png": null

2019-01-22 17:38:04 - [TEST_STEP][PASSED] - openBrowser(""): Browser is opened with url: ''

2019-01-22 17:38:04 - [MESSAGE][INFO] - Starting 'Chrome' driver

2019-01-22 17:38:07 - [MESSAGE][PASSED] - Browser is opened with url: ''

2019-01-22 17:38:07 - [TEST_STEP][PASSED] - maximizeWindow(): Current window maximized

2019-01-22 17:38:08 - [MESSAGE][PASSED] - Current window maximized

2019-01-22 17:38:08 - [TEST_STEP][PASSED] - navigateToUrl(UAT): Navigate to 'https://uat.advancedpricing.com' successfully

2019-01-22 17:38:09 - [MESSAGE][PASSED] - Navigate to 'https://uat.advancedpricing.com' successfully

2019-01-22 17:38:09 - [TEST_STEP][PASSED] - waitForPageLoad(5): Wait for page load successfully

2019-01-22 17:38:09 - [MESSAGE][PASSED] - Wait for page load successfully

2019-01-22 17:38:09 - [TEST_STEP][PASSED] - setText(findTestObject("UI/Client/Claim Services/input_userCode"), USER): Text 'qaAuto' is set on object 'Object Repository/UI/Client/Claim Services/input_userCode'

2019-01-22 17:38:09 - [MESSAGE][PASSED] - Text 'qaAuto' is set on object 'Object Repository/UI/Client/Claim Services/input_userCode'

2019-01-22 17:38:09 - [TEST_STEP][PASSED] - setText(findTestObject("UI/Client/Claim Services/input_userPassword"), PASSWD): Text 'a9yk100dD' is set on object 'Object Repository/UI/Client/Claim Services/input_userPassword'

2019-01-22 17:38:10 - [MESSAGE][PASSED] - Text 'a9yk100dD' is set on object 'Object Repository/UI/Client/Claim Services/input_userPassword'

2019-01-22 17:38:10 - [TEST_STEP][PASSED] - waitForElementClickable(findTestObject("UI/Client/Claim Services/input_loginButton"), 5): Object 'Object Repository/UI/Client/Claim Services/input_loginButton' is clickable

2019-01-22 17:38:10 - [MESSAGE][PASSED] - Object 'Object Repository/UI/Client/Claim Services/input_loginButton' is clickable

2019-01-22 17:38:10 - [TEST_STEP][PASSED] - click(findTestObject("UI/Client/Claim Services/input_loginButton")): Object: 'Object Repository/UI/Client/Claim Services/input_loginButton' is clicked on

2019-01-22 17:38:10 - [MESSAGE][PASSED] - Object: 'Object Repository/UI/Client/Claim Services/input_loginButton' is clicked on

2019-01-22 17:38:10 - [TEST_STEP][PASSED] - waitForPageLoad(5): Wait for page load successfully

2019-01-22 17:38:10 - [MESSAGE][PASSED] - Wait for page load successfully

2019-01-22 17:38:10 - [TEST_STEP][PASSED] - waitForElementClickable(findTestObject("UI/Client/Claim Services/span_ABMSClient"), 5): Object 'Object Repository/UI/Client/Claim Services/span_ABMSClient' is clickable

2019-01-22 17:38:11 - [MESSAGE][PASSED] - Object 'Object Repository/UI/Client/Claim Services/span_ABMSClient' is clickable

2019-01-22 17:38:11 - [TEST_STEP][PASSED] - click(findTestObject("UI/Client/Claim Services/span_ABMSClient")): Object: 'Object Repository/UI/Client/Claim Services/span_ABMSClient' is clicked on

2019-01-22 17:38:11 - [MESSAGE][PASSED] - Object: 'Object Repository/UI/Client/Claim Services/span_ABMSClient' is clicked on

2019-01-22 17:38:11 - [TEST_STEP][PASSED] - waitForPageLoad(5): Wait for page load successfully

2019-01-22 17:38:11 - [MESSAGE][PASSED] - Wait for page load successfully

2019-01-22 17:38:11 - [TEST_STEP][PASSED] - waitForElementClickable(findTestObject("UI/Client/Claim Services/span_firstClaim"), 5): Object 'Object Repository/UI/Client/Claim Services/span_firstClaim' is clickable

2019-01-22 17:38:12 - [MESSAGE][PASSED] - Object 'Object Repository/UI/Client/Claim Services/span_firstClaim' is clickable

2019-01-22 17:38:12 - [TEST_STEP][PASSED] - click(findTestObject("UI/Client/Claim Services/span_firstClaim")): Object: 'Object Repository/UI/Client/Claim Services/span_firstClaim' is clicked on

2019-01-22 17:38:12 - [MESSAGE][PASSED] - Object: 'Object Repository/UI/Client/Claim Services/span_firstClaim' is clicked on

2019-01-22 17:38:12 - [TEST_STEP][PASSED] - waitForPageLoad(5): Wait for page load successfully

2019-01-22 17:38:12 - [MESSAGE][PASSED] - Wait for page load successfully

2019-01-22 17:38:12 - [TEST_STEP][PASSED] - waitForElementClickable(findTestObject("UI/Client/Claim Services/a_FilesTab"), 5): Object 'Object Repository/UI/Client/Claim Services/a_FilesTab' is clickable

2019-01-22 17:38:12 - [MESSAGE][PASSED] - Object 'Object Repository/UI/Client/Claim Services/a_FilesTab' is clickable

2019-01-22 17:38:12 - [TEST_STEP][PASSED] - click(findTestObject("UI/Client/Claim Services/a_FilesTab")): Object: 'Object Repository/UI/Client/Claim Services/a_FilesTab' is clicked on

2019-01-22 17:38:12 - [MESSAGE][PASSED] - Object: 'Object Repository/UI/Client/Claim Services/a_FilesTab' is clicked on

2019-01-22 17:38:12 - [TEST_STEP][PASSED] - waitForPageLoad(5): Wait for page load successfully

2019-01-22 17:38:12 - [MESSAGE][PASSED] - Wait for page load successfully

2019-01-22 17:38:12 - [TEST_STEP][PASSED] - fileName = getText(findTestObject("UI/Client/Claim Services/a_firstExistingFile")): Text of object 'Object Repository/UI/Client/Claim Services/a_firstExistingFile' is: 'Upload-Demo.txt'

2019-01-22 17:38:13 - [MESSAGE][PASSED] - Text of object 'Object Repository/UI/Client/Claim Services/a_firstExistingFile' is: 'Upload-Demo.txt'

2019-01-22 17:38:13 - [TEST_STEP][FAILED] - verifyMatch(fileName, FILEDOWN, false): verifyMatch(fileName, FILEDOWN, false) FAILED.
Reason:
com.kms.katalon.core.exception.StepFailedException: Unable to verify match between actual text 'Upload-Demo.txt' and expected text 'MedRecords-Demo.png' (Root cause: com.kms.katalon.core.exception.StepFailedException: Actual text 'Upload-Demo.txt' and expected text 'MedRecords-Demo.png' are not matched)
	at com.kms.katalon.core.keyword.internal.KeywordMain.stepFailed(KeywordMain.groovy:36)
	at com.kms.katalon.core.keyword.internal.KeywordMain.stepFailed(KeywordMain.groovy)
	at com.kms.katalon.core.keyword.internal.KeywordMain.runKeyword(KeywordMain.groovy:56)
	at com.kms.katalon.core.keyword.builtin.VerifyMatchKeyword.verifyMatch(VerifyMatchKeyword.groovy:60)
	at com.kms.katalon.core.keyword.builtin.VerifyMatchKeyword.execute(VerifyMatchKeyword.groovy:45)
	at com.kms.katalon.core.keyword.internal.KeywordExecutor.executeKeywordForPlatform(KeywordExecutor.groovy:53)
	at com.kms.katalon.core.keyword.BuiltinKeywords.verifyMatch(BuiltinKeywords.groovy:73)
	at Download_successful.run(Download_successful:61)
	at com.kms.katalon.core.main.ScriptEngine.run(ScriptEngine.java:194)
	at com.kms.katalon.core.main.ScriptEngine.runScriptAsRawText(ScriptEngine.java:119)
	at com.kms.katalon.core.main.TestCaseExecutor.runScript(TestCaseExecutor.java:328)
	at com.kms.katalon.core.main.TestCaseExecutor.doExecute(TestCaseExecutor.java:319)
	at com.kms.katalon.core.main.TestCaseExecutor.processExecutionPhase(TestCaseExecutor.java:298)
	at com.kms.katalon.core.main.TestCaseExecutor.accessMainPhase(TestCaseExecutor.java:290)
	at com.kms.katalon.core.main.TestCaseExecutor.execute(TestCaseExecutor.java:224)
	at com.kms.katalon.core.main.TestSuiteExecutor.accessTestCaseMainPhase(TestSuiteExecutor.java:129)
	at com.kms.katalon.core.main.TestSuiteExecutor.accessTestSuiteMainPhase(TestSuiteExecutor.java:112)
	at com.kms.katalon.core.main.TestSuiteExecutor.execute(TestSuiteExecutor.java:81)
	at com.kms.katalon.core.main.TestCaseMain.startTestSuite(TestCaseMain.java:149)
	at com.kms.katalon.core.main.TestCaseMain$startTestSuite$0.call(Unknown Source)
	at TempTestSuite1548200196373.run(TempTestSuite1548200196373.groovy:36)


2019-01-22 17:38:13 - [MESSAGE][FAILED] - Unable to verify match between actual text 'Upload-Demo.txt' and expected text 'MedRecords-Demo.png' (Root cause: com.kms.katalon.core.exception.StepFailedException: Actual text 'Upload-Demo.txt' and expected text 'MedRecords-Demo.png' are not matched)

2019-01-22 17:38:13 - [MESSAGE][FAILED] - verifyMatch(fileName, FILEDOWN, false) FAILED.
Reason:
com.kms.katalon.core.exception.StepFailedException: Unable to verify match between actual text 'Upload-Demo.txt' and expected text 'MedRecords-Demo.png' (Root cause: com.kms.katalon.core.exception.StepFailedException: Actual text 'Upload-Demo.txt' and expected text 'MedRecords-Demo.png' are not matched)
	at com.kms.katalon.core.keyword.internal.KeywordMain.stepFailed(KeywordMain.groovy:36)
	at com.kms.katalon.core.keyword.internal.KeywordMain.stepFailed(KeywordMain.groovy)
	at com.kms.katalon.core.keyword.internal.KeywordMain.runKeyword(KeywordMain.groovy:56)
	at com.kms.katalon.core.keyword.builtin.VerifyMatchKeyword.verifyMatch(VerifyMatchKeyword.groovy:60)
	at com.kms.katalon.core.keyword.builtin.VerifyMatchKeyword.execute(VerifyMatchKeyword.groovy:45)
	at com.kms.katalon.core.keyword.internal.KeywordExecutor.executeKeywordForPlatform(KeywordExecutor.groovy:53)
	at com.kms.katalon.core.keyword.BuiltinKeywords.verifyMatch(BuiltinKeywords.groovy:73)
	at Download_successful.run(Download_successful:61)
	at com.kms.katalon.core.main.ScriptEngine.run(ScriptEngine.java:194)
	at com.kms.katalon.core.main.ScriptEngine.runScriptAsRawText(ScriptEngine.java:119)
	at com.kms.katalon.core.main.TestCaseExecutor.runScript(TestCaseExecutor.java:328)
	at com.kms.katalon.core.main.TestCaseExecutor.doExecute(TestCaseExecutor.java:319)
	at com.kms.katalon.core.main.TestCaseExecutor.processExecutionPhase(TestCaseExecutor.java:298)
	at com.kms.katalon.core.main.TestCaseExecutor.accessMainPhase(TestCaseExecutor.java:290)
	at com.kms.katalon.core.main.TestCaseExecutor.execute(TestCaseExecutor.java:224)
	at com.kms.katalon.core.main.TestSuiteExecutor.accessTestCaseMainPhase(TestSuiteExecutor.java:129)
	at com.kms.katalon.core.main.TestSuiteExecutor.accessTestSuiteMainPhase(TestSuiteExecutor.java:112)
	at com.kms.katalon.core.main.TestSuiteExecutor.execute(TestSuiteExecutor.java:81)
	at com.kms.katalon.core.main.TestCaseMain.startTestSuite(TestCaseMain.java:149)
	at com.kms.katalon.core.main.TestCaseMain$startTestSuite$0.call(Unknown Source)
	at TempTestSuite1548200196373.run(TempTestSuite1548200196373.groovy:36)]]></system-out>
         <system-err><![CDATA[2019-01-22 17:38:04 - [TEST_CASE][FAILED] - Test Cases/UI/Client/Claim Services/Download_successful: Test Cases/UI/Client/Claim Services/Download_successful FAILED.
Reason:
com.kms.katalon.core.exception.StepFailedException: Unable to verify match between actual text 'Upload-Demo.txt' and expected text 'MedRecords-Demo.png' (Root cause: com.kms.katalon.core.exception.StepFailedException: Actual text 'Upload-Demo.txt' and expected text 'MedRecords-Demo.png' are not matched)
	at com.kms.katalon.core.keyword.internal.KeywordMain.stepFailed(KeywordMain.groovy:36)
	at com.kms.katalon.core.keyword.internal.KeywordMain.stepFailed(KeywordMain.groovy)
	at com.kms.katalon.core.keyword.internal.KeywordMain.runKeyword(KeywordMain.groovy:56)
	at com.kms.katalon.core.keyword.builtin.VerifyMatchKeyword.verifyMatch(VerifyMatchKeyword.groovy:60)
	at com.kms.katalon.core.keyword.builtin.VerifyMatchKeyword.execute(VerifyMatchKeyword.groovy:45)
	at com.kms.katalon.core.keyword.internal.KeywordExecutor.executeKeywordForPlatform(KeywordExecutor.groovy:53)
	at com.kms.katalon.core.keyword.BuiltinKeywords.verifyMatch(BuiltinKeywords.groovy:73)
	at Download_successful.run(Download_successful:61)
	at com.kms.katalon.core.main.ScriptEngine.run(ScriptEngine.java:194)
	at com.kms.katalon.core.main.ScriptEngine.runScriptAsRawText(ScriptEngine.java:119)
	at com.kms.katalon.core.main.TestCaseExecutor.runScript(TestCaseExecutor.java:328)
	at com.kms.katalon.core.main.TestCaseExecutor.doExecute(TestCaseExecutor.java:319)
	at com.kms.katalon.core.main.TestCaseExecutor.processExecutionPhase(TestCaseExecutor.java:298)
	at com.kms.katalon.core.main.TestCaseExecutor.accessMainPhase(TestCaseExecutor.java:290)
	at com.kms.katalon.core.main.TestCaseExecutor.execute(TestCaseExecutor.java:224)
	at com.kms.katalon.core.main.TestSuiteExecutor.accessTestCaseMainPhase(TestSuiteExecutor.java:129)
	at com.kms.katalon.core.main.TestSuiteExecutor.accessTestSuiteMainPhase(TestSuiteExecutor.java:112)
	at com.kms.katalon.core.main.TestSuiteExecutor.execute(TestSuiteExecutor.java:81)
	at com.kms.katalon.core.main.TestCaseMain.startTestSuite(TestCaseMain.java:149)
	at com.kms.katalon.core.main.TestCaseMain$startTestSuite$0.call(Unknown Source)
	at TempTestSuite1548200196373.run(TempTestSuite1548200196373.groovy:36)]]></system-err>
      </testcase>
      <testcase name="Test Cases/UI/Client/Claim Services/Search_Successful" classname="Test Cases/UI/Client/Claim Services/Search_Successful" status="PASSED">
         <system-out><![CDATA[2019-01-22 17:38:13 - [TEST_CASE][PASSED] - Test Cases/UI/Client/Claim Services/Search_Successful: Test Cases/UI/Client/Claim Services/Search_Successful

2019-01-22 17:38:13 - [TEST_STEP][PASSED] - UAT = "https://uat.advancedpricing.com": null

2019-01-22 17:38:13 - [TEST_STEP][PASSED] - USER = "qaAuto": null

2019-01-22 17:38:13 - [TEST_STEP][PASSED] - PASSWD = "a9yk100dD": null

2019-01-22 17:38:13 - [TEST_STEP][PASSED] - UPFILE = "C:\uploadAMPS\UpFile.txt": null

2019-01-22 17:38:13 - [TEST_STEP][PASSED] - openBrowser(""): Browser is opened with url: ''

2019-01-22 17:38:13 - [MESSAGE][WARNING] - A browser is already opened. Closing browser and opening a new one

2019-01-22 17:38:14 - [MESSAGE][INFO] - Starting 'Chrome' driver

2019-01-22 17:38:16 - [MESSAGE][PASSED] - Browser is opened with url: ''

2019-01-22 17:38:16 - [TEST_STEP][PASSED] - maximizeWindow(): Current window maximized

2019-01-22 17:38:17 - [MESSAGE][PASSED] - Current window maximized

2019-01-22 17:38:17 - [TEST_STEP][PASSED] - navigateToUrl(UAT): Navigate to 'https://uat.advancedpricing.com' successfully

2019-01-22 17:38:19 - [MESSAGE][PASSED] - Navigate to 'https://uat.advancedpricing.com' successfully

2019-01-22 17:38:19 - [TEST_STEP][PASSED] - waitForPageLoad(5): Wait for page load successfully

2019-01-22 17:38:19 - [MESSAGE][PASSED] - Wait for page load successfully

2019-01-22 17:38:19 - [TEST_STEP][PASSED] - setText(findTestObject("UI/Client/Claim Services/input_userCode"), USER): Text 'qaAuto' is set on object 'Object Repository/UI/Client/Claim Services/input_userCode'

2019-01-22 17:38:19 - [MESSAGE][PASSED] - Text 'qaAuto' is set on object 'Object Repository/UI/Client/Claim Services/input_userCode'

2019-01-22 17:38:19 - [TEST_STEP][PASSED] - setText(findTestObject("UI/Client/Claim Services/input_userPassword"), PASSWD): Text 'a9yk100dD' is set on object 'Object Repository/UI/Client/Claim Services/input_userPassword'

2019-01-22 17:38:19 - [MESSAGE][PASSED] - Text 'a9yk100dD' is set on object 'Object Repository/UI/Client/Claim Services/input_userPassword'

2019-01-22 17:38:19 - [TEST_STEP][PASSED] - waitForElementClickable(findTestObject("UI/Client/Claim Services/input_loginButton"), 5): Object 'Object Repository/UI/Client/Claim Services/input_loginButton' is clickable

2019-01-22 17:38:19 - [MESSAGE][PASSED] - Object 'Object Repository/UI/Client/Claim Services/input_loginButton' is clickable

2019-01-22 17:38:19 - [TEST_STEP][PASSED] - click(findTestObject("UI/Client/Claim Services/input_loginButton")): Object: 'Object Repository/UI/Client/Claim Services/input_loginButton' is clicked on

2019-01-22 17:38:19 - [MESSAGE][PASSED] - Object: 'Object Repository/UI/Client/Claim Services/input_loginButton' is clicked on

2019-01-22 17:38:19 - [TEST_STEP][PASSED] - waitForPageLoad(5): Wait for page load successfully

2019-01-22 17:38:19 - [MESSAGE][PASSED] - Wait for page load successfully

2019-01-22 17:38:19 - [TEST_STEP][PASSED] - waitForElementClickable(findTestObject("UI/Client/Claim Services/span_ABMSClient"), 5): Object 'Object Repository/UI/Client/Claim Services/span_ABMSClient' is clickable

2019-01-22 17:38:20 - [MESSAGE][PASSED] - Object 'Object Repository/UI/Client/Claim Services/span_ABMSClient' is clickable

2019-01-22 17:38:20 - [TEST_STEP][PASSED] - click(findTestObject("UI/Client/Claim Services/span_ABMSClient")): Object: 'Object Repository/UI/Client/Claim Services/span_ABMSClient' is clicked on

2019-01-22 17:38:21 - [MESSAGE][PASSED] - Object: 'Object Repository/UI/Client/Claim Services/span_ABMSClient' is clicked on

2019-01-22 17:38:21 - [TEST_STEP][PASSED] - waitForPageLoad(5): Wait for page load successfully

2019-01-22 17:38:21 - [MESSAGE][PASSED] - Wait for page load successfully

2019-01-22 17:38:21 - [TEST_STEP][PASSED] - verifyElementPresent(findTestObject("UI/Client/Claim Services/span_firstClaim"), 5): Object 'Object Repository/UI/Client/Claim Services/span_firstClaim' is present

2019-01-22 17:38:21 - [MESSAGE][PASSED] - Object 'Object Repository/UI/Client/Claim Services/span_firstClaim' is present

2019-01-22 17:38:21 - [TEST_STEP][PASSED] - verifyElementPresent(findTestObject("UI/Client/Claim Services/span_secondClaim"), 5): Object 'Object Repository/UI/Client/Claim Services/span_secondClaim' is present

2019-01-22 17:38:21 - [MESSAGE][PASSED] - Object 'Object Repository/UI/Client/Claim Services/span_secondClaim' is present

2019-01-22 17:38:21 - [TEST_STEP][PASSED] - verifyElementPresent(findTestObject("UI/Client/Claim Services/li_pageTwo"), 5): Object 'Object Repository/UI/Client/Claim Services/li_pageTwo' is present

2019-01-22 17:38:21 - [MESSAGE][PASSED] - Object 'Object Repository/UI/Client/Claim Services/li_pageTwo' is present

2019-01-22 17:38:21 - [TEST_STEP][PASSED] - CLAIM = getText(findTestObject("UI/Client/Claim Services/span_firstClaim")): Text of object 'Object Repository/UI/Client/Claim Services/span_firstClaim' is: '1084792'

2019-01-22 17:38:21 - [MESSAGE][PASSED] - Text of object 'Object Repository/UI/Client/Claim Services/span_firstClaim' is: '1084792'

2019-01-22 17:38:21 - [TEST_STEP][PASSED] - waitForElementVisible(findTestObject("UI/Client/Claim Services/input_ampsClaimID"), 5): Object 'Object Repository/UI/Client/Claim Services/input_ampsClaimID' is visible

2019-01-22 17:38:21 - [MESSAGE][PASSED] - Object 'Object Repository/UI/Client/Claim Services/input_ampsClaimID' is visible

2019-01-22 17:38:21 - [TEST_STEP][PASSED] - setText(findTestObject("UI/Client/Claim Services/input_ampsClaimID"), CLAIM): Text '1084792' is set on object 'Object Repository/UI/Client/Claim Services/input_ampsClaimID'

2019-01-22 17:38:21 - [MESSAGE][PASSED] - Text '1084792' is set on object 'Object Repository/UI/Client/Claim Services/input_ampsClaimID'

2019-01-22 17:38:21 - [TEST_STEP][PASSED] - delay(2): Delayed 2 second(s)

2019-01-22 17:38:23 - [MESSAGE][PASSED] - Delayed 2 second(s)

2019-01-22 17:38:23 - [TEST_STEP][PASSED] - waitForElementClickable(findTestObject("UI/Client/Claim Services/button_filter"), 5): Object 'Object Repository/UI/Client/Claim Services/button_filter' is clickable

2019-01-22 17:38:23 - [MESSAGE][PASSED] - Object 'Object Repository/UI/Client/Claim Services/button_filter' is clickable

2019-01-22 17:38:23 - [TEST_STEP][PASSED] - click(findTestObject("UI/Client/Claim Services/button_filter")): Object: 'Object Repository/UI/Client/Claim Services/button_filter' is clicked on

2019-01-22 17:38:24 - [MESSAGE][PASSED] - Object: 'Object Repository/UI/Client/Claim Services/button_filter' is clicked on

2019-01-22 17:38:24 - [TEST_STEP][PASSED] - waitForPageLoad(5): Wait for page load successfully

2019-01-22 17:38:24 - [MESSAGE][PASSED] - Wait for page load successfully

2019-01-22 17:38:24 - [TEST_STEP][PASSED] - verifyElementPresent(findTestObject("UI/Client/Claim Services/span_firstClaim"), 5): Object 'Object Repository/UI/Client/Claim Services/span_firstClaim' is present

2019-01-22 17:38:24 - [MESSAGE][PASSED] - Object 'Object Repository/UI/Client/Claim Services/span_firstClaim' is present

2019-01-22 17:38:24 - [TEST_STEP][PASSED] - verifyElementNotPresent(findTestObject("UI/Client/Claim Services/span_secondClaim"), 5): Web element with id: 'Object Repository/UI/Client/Claim Services/span_secondClaim' located by 'By.xpath: //*[@id="content"]//table/tbody/tr[2]/td[1]/a/span' is not present after '5' second(s)

2019-01-22 17:38:24 - [MESSAGE][PASSED] - Web element with id: 'Object Repository/UI/Client/Claim Services/span_secondClaim' located by 'By.xpath: //*[@id="content"]//table/tbody/tr[2]/td[1]/a/span' is not present after '5' second(s)

2019-01-22 17:38:24 - [TEST_STEP][PASSED] - verifyElementNotPresent(findTestObject("UI/Client/Claim Services/li_pageTwo"), 5): Web element with id: 'Object Repository/UI/Client/Claim Services/li_pageTwo' located by 'By.xpath: //*[@class="pagination"]/li[3]/a[contains(text(), "2")]' is not present after '5' second(s)

2019-01-22 17:38:24 - [MESSAGE][PASSED] - Web element with id: 'Object Repository/UI/Client/Claim Services/li_pageTwo' located by 'By.xpath: //*[@class="pagination"]/li[3]/a[contains(text(), "2")]' is not present after '5' second(s)

2019-01-22 17:38:24 - [TEST_STEP][PASSED] - waitForElementVisible(findTestObject("UI/Client/Claim Services/li_nextPage"), 5): Object 'Object Repository/UI/Client/Claim Services/li_nextPage' is visible

2019-01-22 17:38:24 - [MESSAGE][PASSED] - Object 'Object Repository/UI/Client/Claim Services/li_nextPage' is visible

2019-01-22 17:38:24 - [TEST_STEP][PASSED] - verifyElementVisible(findTestObject("UI/Client/Claim Services/li_nextPage")): Object 'Object Repository/UI/Client/Claim Services/li_nextPage' is visible

2019-01-22 17:38:24 - [MESSAGE][PASSED] - Object 'Object Repository/UI/Client/Claim Services/li_nextPage' is visible

2019-01-22 17:38:24 - [TEST_STEP][PASSED] - delay(3): Delayed 3 second(s)

2019-01-22 17:38:27 - [MESSAGE][PASSED] - Delayed 3 second(s)

2019-01-22 17:38:27 - [TEST_STEP][PASSED] - waitForElementClickable(findTestObject("UI/Client/Claim Services/button_clear"), 5): Object 'Object Repository/UI/Client/Claim Services/button_clear' is clickable

2019-01-22 17:38:27 - [MESSAGE][PASSED] - Object 'Object Repository/UI/Client/Claim Services/button_clear' is clickable

2019-01-22 17:38:27 - [TEST_STEP][PASSED] - click(findTestObject("UI/Client/Claim Services/button_clear")): Object: 'Object Repository/UI/Client/Claim Services/button_clear' is clicked on

2019-01-22 17:38:27 - [MESSAGE][PASSED] - Object: 'Object Repository/UI/Client/Claim Services/button_clear' is clicked on

2019-01-22 17:38:27 - [TEST_STEP][PASSED] - waitForPageLoad(5): Wait for page load successfully

2019-01-22 17:38:27 - [MESSAGE][PASSED] - Wait for page load successfully

2019-01-22 17:38:27 - [TEST_STEP][PASSED] - verifyElementPresent(findTestObject("UI/Client/Claim Services/span_firstClaim"), 5): Object 'Object Repository/UI/Client/Claim Services/span_firstClaim' is present

2019-01-22 17:38:27 - [MESSAGE][PASSED] - Object 'Object Repository/UI/Client/Claim Services/span_firstClaim' is present

2019-01-22 17:38:27 - [TEST_STEP][PASSED] - verifyElementPresent(findTestObject("UI/Client/Claim Services/span_secondClaim"), 5): Object 'Object Repository/UI/Client/Claim Services/span_secondClaim' is present

2019-01-22 17:38:29 - [MESSAGE][PASSED] - Object 'Object Repository/UI/Client/Claim Services/span_secondClaim' is present

2019-01-22 17:38:29 - [TEST_STEP][PASSED] - verifyElementPresent(findTestObject("UI/Client/Claim Services/li_pageTwo"), 5): Object 'Object Repository/UI/Client/Claim Services/li_pageTwo' is present

2019-01-22 17:38:29 - [MESSAGE][PASSED] - Object 'Object Repository/UI/Client/Claim Services/li_pageTwo' is present

2019-01-22 17:38:29 - [TEST_STEP][PASSED] - waitForElementClickable(findTestObject("UI/General/Log/span_logoutAsClient"), 5): Object 'Object Repository/UI/General/Log/span_logoutAsClient' is clickable

2019-01-22 17:38:29 - [MESSAGE][PASSED] - Object 'Object Repository/UI/General/Log/span_logoutAsClient' is clickable

2019-01-22 17:38:29 - [TEST_STEP][PASSED] - click(findTestObject("UI/General/Log/span_logoutAsClient")): Object: 'Object Repository/UI/General/Log/span_logoutAsClient' is clicked on

2019-01-22 17:38:29 - [MESSAGE][PASSED] - Object: 'Object Repository/UI/General/Log/span_logoutAsClient' is clicked on

2019-01-22 17:38:29 - [TEST_STEP][PASSED] - delay(1): Delayed 1 second(s)

2019-01-22 17:38:30 - [MESSAGE][PASSED] - Delayed 1 second(s)

2019-01-22 17:38:30 - [TEST_STEP][PASSED] - waitForElementClickable(findTestObject("UI/General/Log/a_userAvatar"), 5): Object 'Object Repository/UI/General/Log/a_userAvatar' is clickable

2019-01-22 17:38:30 - [MESSAGE][PASSED] - Object 'Object Repository/UI/General/Log/a_userAvatar' is clickable

2019-01-22 17:38:30 - [TEST_STEP][PASSED] - click(findTestObject("UI/General/Log/a_userAvatar")): Object: 'Object Repository/UI/General/Log/a_userAvatar' is clicked on

2019-01-22 17:38:30 - [MESSAGE][PASSED] - Object: 'Object Repository/UI/General/Log/a_userAvatar' is clicked on

2019-01-22 17:38:30 - [TEST_STEP][PASSED] - delay(1): Delayed 1 second(s)

2019-01-22 17:38:31 - [MESSAGE][PASSED] - Delayed 1 second(s)

2019-01-22 17:38:31 - [TEST_STEP][PASSED] - waitForElementClickable(findTestObject("UI/General/Log/a_signOutAMPS"), 5): Object 'Object Repository/UI/General/Log/a_signOutAMPS' is clickable

2019-01-22 17:38:31 - [MESSAGE][PASSED] - Object 'Object Repository/UI/General/Log/a_signOutAMPS' is clickable

2019-01-22 17:38:31 - [TEST_STEP][PASSED] - click(findTestObject("UI/General/Log/a_signOutAMPS")): Object: 'Object Repository/UI/General/Log/a_signOutAMPS' is clicked on

2019-01-22 17:38:32 - [MESSAGE][PASSED] - Object: 'Object Repository/UI/General/Log/a_signOutAMPS' is clicked on

2019-01-22 17:38:32 - [TEST_STEP][PASSED] - delay(1): Delayed 1 second(s)

2019-01-22 17:38:33 - [MESSAGE][PASSED] - Delayed 1 second(s)

2019-01-22 17:38:33 - [TEST_STEP][PASSED] - closeBrowser(): Browser is closed

2019-01-22 17:38:33 - [MESSAGE][PASSED] - Browser is closed]]></system-out>
         <system-err><![CDATA[]]></system-err>
      </testcase>
      <testcase name="Test Cases/UI/Client/Claim Services/Search_Unsuccessful" classname="Test Cases/UI/Client/Claim Services/Search_Unsuccessful" status="PASSED">
         <system-out><![CDATA[2019-01-22 17:38:33 - [TEST_CASE][PASSED] - Test Cases/UI/Client/Claim Services/Search_Unsuccessful: Test Cases/UI/Client/Claim Services/Search_Unsuccessful

2019-01-22 17:38:33 - [TEST_STEP][PASSED] - UAT = "https://uat.advancedpricing.com": null

2019-01-22 17:38:33 - [TEST_STEP][PASSED] - USER = "qaAuto": null

2019-01-22 17:38:33 - [TEST_STEP][PASSED] - PASSWD = "a9yk100dD": null

2019-01-22 17:38:33 - [TEST_STEP][PASSED] - UPFILE = "C:\uploadAMPS\UpFile.txt": null

2019-01-22 17:38:33 - [TEST_STEP][PASSED] - INVALIDCLAIM = "0000000": null

2019-01-22 17:38:33 - [TEST_STEP][PASSED] - openBrowser(""): Browser is opened with url: ''

2019-01-22 17:38:33 - [MESSAGE][INFO] - Starting 'Chrome' driver

2019-01-22 17:38:35 - [MESSAGE][PASSED] - Browser is opened with url: ''

2019-01-22 17:38:35 - [TEST_STEP][PASSED] - maximizeWindow(): Current window maximized

2019-01-22 17:38:37 - [MESSAGE][PASSED] - Current window maximized

2019-01-22 17:38:37 - [TEST_STEP][PASSED] - navigateToUrl(UAT): Navigate to 'https://uat.advancedpricing.com' successfully

2019-01-22 17:38:39 - [MESSAGE][PASSED] - Navigate to 'https://uat.advancedpricing.com' successfully

2019-01-22 17:38:39 - [TEST_STEP][PASSED] - waitForPageLoad(5): Wait for page load successfully

2019-01-22 17:38:39 - [MESSAGE][PASSED] - Wait for page load successfully

2019-01-22 17:38:39 - [TEST_STEP][PASSED] - setText(findTestObject("UI/Client/Claim Services/input_userCode"), USER): Text 'qaAuto' is set on object 'Object Repository/UI/Client/Claim Services/input_userCode'

2019-01-22 17:38:39 - [MESSAGE][PASSED] - Text 'qaAuto' is set on object 'Object Repository/UI/Client/Claim Services/input_userCode'

2019-01-22 17:38:39 - [TEST_STEP][PASSED] - setText(findTestObject("UI/Client/Claim Services/input_userPassword"), PASSWD): Text 'a9yk100dD' is set on object 'Object Repository/UI/Client/Claim Services/input_userPassword'

2019-01-22 17:38:39 - [MESSAGE][PASSED] - Text 'a9yk100dD' is set on object 'Object Repository/UI/Client/Claim Services/input_userPassword'

2019-01-22 17:38:39 - [TEST_STEP][PASSED] - waitForElementClickable(findTestObject("UI/Client/Claim Services/input_loginButton"), 5): Object 'Object Repository/UI/Client/Claim Services/input_loginButton' is clickable

2019-01-22 17:38:39 - [MESSAGE][PASSED] - Object 'Object Repository/UI/Client/Claim Services/input_loginButton' is clickable

2019-01-22 17:38:39 - [TEST_STEP][PASSED] - click(findTestObject("UI/Client/Claim Services/input_loginButton")): Object: 'Object Repository/UI/Client/Claim Services/input_loginButton' is clicked on

2019-01-22 17:38:39 - [MESSAGE][PASSED] - Object: 'Object Repository/UI/Client/Claim Services/input_loginButton' is clicked on

2019-01-22 17:38:39 - [TEST_STEP][PASSED] - waitForPageLoad(5): Wait for page load successfully

2019-01-22 17:38:39 - [MESSAGE][PASSED] - Wait for page load successfully

2019-01-22 17:38:39 - [TEST_STEP][PASSED] - waitForElementClickable(findTestObject("UI/Client/Claim Services/span_ABMSClient"), 5): Object 'Object Repository/UI/Client/Claim Services/span_ABMSClient' is clickable

2019-01-22 17:38:40 - [MESSAGE][PASSED] - Object 'Object Repository/UI/Client/Claim Services/span_ABMSClient' is clickable

2019-01-22 17:38:40 - [TEST_STEP][PASSED] - click(findTestObject("UI/Client/Claim Services/span_ABMSClient")): Object: 'Object Repository/UI/Client/Claim Services/span_ABMSClient' is clicked on

2019-01-22 17:38:40 - [MESSAGE][PASSED] - Object: 'Object Repository/UI/Client/Claim Services/span_ABMSClient' is clicked on

2019-01-22 17:38:40 - [TEST_STEP][PASSED] - waitForPageLoad(5): Wait for page load successfully

2019-01-22 17:38:40 - [MESSAGE][PASSED] - Wait for page load successfully

2019-01-22 17:38:40 - [TEST_STEP][PASSED] - verifyElementPresent(findTestObject("UI/Client/Claim Services/span_firstClaim"), 5): Object 'Object Repository/UI/Client/Claim Services/span_firstClaim' is present

2019-01-22 17:38:41 - [MESSAGE][PASSED] - Object 'Object Repository/UI/Client/Claim Services/span_firstClaim' is present

2019-01-22 17:38:41 - [TEST_STEP][PASSED] - verifyElementPresent(findTestObject("UI/Client/Claim Services/span_secondClaim"), 5): Object 'Object Repository/UI/Client/Claim Services/span_secondClaim' is present

2019-01-22 17:38:41 - [MESSAGE][PASSED] - Object 'Object Repository/UI/Client/Claim Services/span_secondClaim' is present

2019-01-22 17:38:41 - [TEST_STEP][PASSED] - verifyElementPresent(findTestObject("UI/Client/Claim Services/li_pageTwo"), 5): Object 'Object Repository/UI/Client/Claim Services/li_pageTwo' is present

2019-01-22 17:38:41 - [MESSAGE][PASSED] - Object 'Object Repository/UI/Client/Claim Services/li_pageTwo' is present

2019-01-22 17:38:41 - [TEST_STEP][PASSED] - waitForElementVisible(findTestObject("UI/Client/Claim Services/input_ampsClaimID"), 5): Object 'Object Repository/UI/Client/Claim Services/input_ampsClaimID' is visible

2019-01-22 17:38:41 - [MESSAGE][PASSED] - Object 'Object Repository/UI/Client/Claim Services/input_ampsClaimID' is visible

2019-01-22 17:38:41 - [TEST_STEP][PASSED] - setText(findTestObject("UI/Client/Claim Services/input_ampsClaimID"), INVALIDCLAIM): Text '0000000' is set on object 'Object Repository/UI/Client/Claim Services/input_ampsClaimID'

2019-01-22 17:38:41 - [MESSAGE][PASSED] - Text '0000000' is set on object 'Object Repository/UI/Client/Claim Services/input_ampsClaimID'

2019-01-22 17:38:41 - [TEST_STEP][PASSED] - delay(3): Delayed 3 second(s)

2019-01-22 17:38:44 - [MESSAGE][PASSED] - Delayed 3 second(s)

2019-01-22 17:38:44 - [TEST_STEP][PASSED] - waitForElementClickable(findTestObject("UI/Client/Claim Services/button_filter"), 5): Object 'Object Repository/UI/Client/Claim Services/button_filter' is clickable

2019-01-22 17:38:44 - [MESSAGE][PASSED] - Object 'Object Repository/UI/Client/Claim Services/button_filter' is clickable

2019-01-22 17:38:44 - [TEST_STEP][PASSED] - click(findTestObject("UI/Client/Claim Services/button_filter")): Object: 'Object Repository/UI/Client/Claim Services/button_filter' is clicked on

2019-01-22 17:38:44 - [MESSAGE][PASSED] - Object: 'Object Repository/UI/Client/Claim Services/button_filter' is clicked on

2019-01-22 17:38:44 - [TEST_STEP][PASSED] - waitForPageLoad(5): Wait for page load successfully

2019-01-22 17:38:44 - [MESSAGE][PASSED] - Wait for page load successfully

2019-01-22 17:38:44 - [TEST_STEP][PASSED] - verifyElementVisible(findTestObject("UI/Client/Claim Services/div_noDataMessage")): Object 'Object Repository/UI/Client/Claim Services/div_noDataMessage' is visible

2019-01-22 17:38:45 - [MESSAGE][PASSED] - Object 'Object Repository/UI/Client/Claim Services/div_noDataMessage' is visible

2019-01-22 17:38:45 - [TEST_STEP][PASSED] - verifyElementNotPresent(findTestObject("UI/Client/Claim Services/span_firstClaim"), 5): Web element with id: 'Object Repository/UI/Client/Claim Services/span_firstClaim' located by 'By.xpath: //*[@id="content"]//table/tbody/tr[1]/td[1]/a/span' is not present after '5' second(s)

2019-01-22 17:38:45 - [MESSAGE][PASSED] - Web element with id: 'Object Repository/UI/Client/Claim Services/span_firstClaim' located by 'By.xpath: //*[@id="content"]//table/tbody/tr[1]/td[1]/a/span' is not present after '5' second(s)

2019-01-22 17:38:45 - [TEST_STEP][PASSED] - verifyElementNotPresent(findTestObject("UI/Client/Claim Services/span_secondClaim"), 5): Web element with id: 'Object Repository/UI/Client/Claim Services/span_secondClaim' located by 'By.xpath: //*[@id="content"]//table/tbody/tr[2]/td[1]/a/span' is not present after '5' second(s)

2019-01-22 17:38:45 - [MESSAGE][PASSED] - Web element with id: 'Object Repository/UI/Client/Claim Services/span_secondClaim' located by 'By.xpath: //*[@id="content"]//table/tbody/tr[2]/td[1]/a/span' is not present after '5' second(s)

2019-01-22 17:38:45 - [TEST_STEP][PASSED] - delay(3): Delayed 3 second(s)

2019-01-22 17:38:48 - [MESSAGE][PASSED] - Delayed 3 second(s)

2019-01-22 17:38:48 - [TEST_STEP][PASSED] - waitForElementClickable(findTestObject("UI/Client/Claim Services/button_clear"), 5): Object 'Object Repository/UI/Client/Claim Services/button_clear' is clickable

2019-01-22 17:38:48 - [MESSAGE][PASSED] - Object 'Object Repository/UI/Client/Claim Services/button_clear' is clickable

2019-01-22 17:38:48 - [TEST_STEP][PASSED] - click(findTestObject("UI/Client/Claim Services/button_clear")): Object: 'Object Repository/UI/Client/Claim Services/button_clear' is clicked on

2019-01-22 17:38:48 - [MESSAGE][PASSED] - Object: 'Object Repository/UI/Client/Claim Services/button_clear' is clicked on

2019-01-22 17:38:48 - [TEST_STEP][PASSED] - waitForPageLoad(5): Wait for page load successfully

2019-01-22 17:38:48 - [MESSAGE][PASSED] - Wait for page load successfully

2019-01-22 17:38:48 - [TEST_STEP][PASSED] - verifyElementPresent(findTestObject("UI/Client/Claim Services/span_firstClaim"), 5): Object 'Object Repository/UI/Client/Claim Services/span_firstClaim' is present

2019-01-22 17:38:50 - [MESSAGE][PASSED] - Object 'Object Repository/UI/Client/Claim Services/span_firstClaim' is present

2019-01-22 17:38:50 - [TEST_STEP][PASSED] - verifyElementPresent(findTestObject("UI/Client/Claim Services/span_secondClaim"), 5): Object 'Object Repository/UI/Client/Claim Services/span_secondClaim' is present

2019-01-22 17:38:50 - [MESSAGE][PASSED] - Object 'Object Repository/UI/Client/Claim Services/span_secondClaim' is present

2019-01-22 17:38:50 - [TEST_STEP][PASSED] - verifyElementPresent(findTestObject("UI/Client/Claim Services/li_pageTwo"), 5): Object 'Object Repository/UI/Client/Claim Services/li_pageTwo' is present

2019-01-22 17:38:50 - [MESSAGE][PASSED] - Object 'Object Repository/UI/Client/Claim Services/li_pageTwo' is present

2019-01-22 17:38:50 - [TEST_STEP][PASSED] - waitForElementClickable(findTestObject("UI/General/Log/span_logoutAsClient"), 5): Object 'Object Repository/UI/General/Log/span_logoutAsClient' is clickable

2019-01-22 17:38:50 - [MESSAGE][PASSED] - Object 'Object Repository/UI/General/Log/span_logoutAsClient' is clickable

2019-01-22 17:38:50 - [TEST_STEP][PASSED] - click(findTestObject("UI/General/Log/span_logoutAsClient")): Object: 'Object Repository/UI/General/Log/span_logoutAsClient' is clicked on

2019-01-22 17:38:50 - [MESSAGE][PASSED] - Object: 'Object Repository/UI/General/Log/span_logoutAsClient' is clicked on

2019-01-22 17:38:50 - [TEST_STEP][PASSED] - delay(1): Delayed 1 second(s)

2019-01-22 17:38:51 - [MESSAGE][PASSED] - Delayed 1 second(s)

2019-01-22 17:38:51 - [TEST_STEP][PASSED] - waitForElementClickable(findTestObject("UI/General/Log/a_userAvatar"), 5): Object 'Object Repository/UI/General/Log/a_userAvatar' is clickable

2019-01-22 17:38:51 - [MESSAGE][PASSED] - Object 'Object Repository/UI/General/Log/a_userAvatar' is clickable

2019-01-22 17:38:51 - [TEST_STEP][PASSED] - click(findTestObject("UI/General/Log/a_userAvatar")): Object: 'Object Repository/UI/General/Log/a_userAvatar' is clicked on

2019-01-22 17:38:51 - [MESSAGE][PASSED] - Object: 'Object Repository/UI/General/Log/a_userAvatar' is clicked on

2019-01-22 17:38:51 - [TEST_STEP][PASSED] - delay(1): Delayed 1 second(s)

2019-01-22 17:38:52 - [MESSAGE][PASSED] - Delayed 1 second(s)

2019-01-22 17:38:52 - [TEST_STEP][PASSED] - waitForElementClickable(findTestObject("UI/General/Log/a_signOutAMPS"), 5): Object 'Object Repository/UI/General/Log/a_signOutAMPS' is clickable

2019-01-22 17:38:52 - [MESSAGE][PASSED] - Object 'Object Repository/UI/General/Log/a_signOutAMPS' is clickable

2019-01-22 17:38:52 - [TEST_STEP][PASSED] - click(findTestObject("UI/General/Log/a_signOutAMPS")): Object: 'Object Repository/UI/General/Log/a_signOutAMPS' is clicked on

2019-01-22 17:38:52 - [MESSAGE][PASSED] - Object: 'Object Repository/UI/General/Log/a_signOutAMPS' is clicked on

2019-01-22 17:38:52 - [TEST_STEP][PASSED] - delay(1): Delayed 1 second(s)

2019-01-22 17:38:53 - [MESSAGE][PASSED] - Delayed 1 second(s)

2019-01-22 17:38:53 - [TEST_STEP][PASSED] - closeBrowser(): Browser is closed

2019-01-22 17:38:54 - [MESSAGE][PASSED] - Browser is closed]]></system-out>
         <system-err><![CDATA[]]></system-err>
      </testcase>
      <testcase name="Test Cases/UI/Client/Claim Services/UploadFile_MedicalRecords" classname="Test Cases/UI/Client/Claim Services/UploadFile_MedicalRecords" status="PASSED">
         <system-out><![CDATA[2019-01-22 17:38:54 - [TEST_CASE][PASSED] - Test Cases/UI/Client/Claim Services/UploadFile_MedicalRecords: Test Cases/UI/Client/Claim Services/UploadFile_MedicalRecords

2019-01-22 17:38:54 - [TEST_STEP][PASSED] - UAT = "https://uat.advancedpricing.com": null

2019-01-22 17:38:54 - [TEST_STEP][PASSED] - USER = "qaAuto": null

2019-01-22 17:38:54 - [TEST_STEP][PASSED] - PASSWD = "a9yk100dD": null

2019-01-22 17:38:54 - [TEST_STEP][PASSED] - UPFILE = "C:\uploadAMPS\Upload-Demo.txt": null

2019-01-22 17:38:54 - [TEST_STEP][PASSED] - openBrowser(""): Browser is opened with url: ''

2019-01-22 17:38:54 - [MESSAGE][INFO] - Starting 'Chrome' driver

2019-01-22 17:38:56 - [MESSAGE][PASSED] - Browser is opened with url: ''

2019-01-22 17:38:56 - [TEST_STEP][PASSED] - maximizeWindow(): Current window maximized

2019-01-22 17:38:58 - [MESSAGE][PASSED] - Current window maximized

2019-01-22 17:38:58 - [TEST_STEP][PASSED] - navigateToUrl(UAT): Navigate to 'https://uat.advancedpricing.com' successfully

2019-01-22 17:38:59 - [MESSAGE][PASSED] - Navigate to 'https://uat.advancedpricing.com' successfully

2019-01-22 17:38:59 - [TEST_STEP][PASSED] - waitForPageLoad(5): Wait for page load successfully

2019-01-22 17:38:59 - [MESSAGE][PASSED] - Wait for page load successfully

2019-01-22 17:38:59 - [TEST_STEP][PASSED] - setText(findTestObject("UI/Client/Claim Services/input_userCode"), USER): Text 'qaAuto' is set on object 'Object Repository/UI/Client/Claim Services/input_userCode'

2019-01-22 17:38:59 - [MESSAGE][PASSED] - Text 'qaAuto' is set on object 'Object Repository/UI/Client/Claim Services/input_userCode'

2019-01-22 17:38:59 - [TEST_STEP][PASSED] - setText(findTestObject("UI/Client/Claim Services/input_userPassword"), PASSWD): Text 'a9yk100dD' is set on object 'Object Repository/UI/Client/Claim Services/input_userPassword'

2019-01-22 17:38:59 - [MESSAGE][PASSED] - Text 'a9yk100dD' is set on object 'Object Repository/UI/Client/Claim Services/input_userPassword'

2019-01-22 17:38:59 - [TEST_STEP][PASSED] - waitForElementClickable(findTestObject("UI/Client/Claim Services/input_loginButton"), 5): Object 'Object Repository/UI/Client/Claim Services/input_loginButton' is clickable

2019-01-22 17:38:59 - [MESSAGE][PASSED] - Object 'Object Repository/UI/Client/Claim Services/input_loginButton' is clickable

2019-01-22 17:38:59 - [TEST_STEP][PASSED] - click(findTestObject("UI/Client/Claim Services/input_loginButton")): Object: 'Object Repository/UI/Client/Claim Services/input_loginButton' is clicked on

2019-01-22 17:39:00 - [MESSAGE][PASSED] - Object: 'Object Repository/UI/Client/Claim Services/input_loginButton' is clicked on

2019-01-22 17:39:00 - [TEST_STEP][PASSED] - waitForPageLoad(5): Wait for page load successfully

2019-01-22 17:39:00 - [MESSAGE][PASSED] - Wait for page load successfully

2019-01-22 17:39:00 - [TEST_STEP][PASSED] - waitForElementClickable(findTestObject("UI/Client/Claim Services/span_ABMSClient"), 5): Object 'Object Repository/UI/Client/Claim Services/span_ABMSClient' is clickable

2019-01-22 17:39:01 - [MESSAGE][PASSED] - Object 'Object Repository/UI/Client/Claim Services/span_ABMSClient' is clickable

2019-01-22 17:39:01 - [TEST_STEP][PASSED] - click(findTestObject("UI/Client/Claim Services/span_ABMSClient")): Object: 'Object Repository/UI/Client/Claim Services/span_ABMSClient' is clicked on

2019-01-22 17:39:01 - [MESSAGE][PASSED] - Object: 'Object Repository/UI/Client/Claim Services/span_ABMSClient' is clicked on

2019-01-22 17:39:01 - [TEST_STEP][PASSED] - waitForPageLoad(5): Wait for page load successfully

2019-01-22 17:39:01 - [MESSAGE][PASSED] - Wait for page load successfully

2019-01-22 17:39:01 - [TEST_STEP][PASSED] - waitForElementClickable(findTestObject("UI/Client/Claim Services/span_secondClaim"), 5): Object 'Object Repository/UI/Client/Claim Services/span_secondClaim' is clickable

2019-01-22 17:39:02 - [MESSAGE][PASSED] - Object 'Object Repository/UI/Client/Claim Services/span_secondClaim' is clickable

2019-01-22 17:39:02 - [TEST_STEP][PASSED] - click(findTestObject("UI/Client/Claim Services/span_secondClaim")): Object: 'Object Repository/UI/Client/Claim Services/span_secondClaim' is clicked on

2019-01-22 17:39:02 - [MESSAGE][PASSED] - Object: 'Object Repository/UI/Client/Claim Services/span_secondClaim' is clicked on

2019-01-22 17:39:02 - [TEST_STEP][PASSED] - waitForPageLoad(5): Wait for page load successfully

2019-01-22 17:39:02 - [MESSAGE][PASSED] - Wait for page load successfully

2019-01-22 17:39:02 - [TEST_STEP][PASSED] - waitForElementClickable(findTestObject("UI/Client/Claim Services/a_FilesTab"), 5): Object 'Object Repository/UI/Client/Claim Services/a_FilesTab' is clickable

2019-01-22 17:39:02 - [MESSAGE][PASSED] - Object 'Object Repository/UI/Client/Claim Services/a_FilesTab' is clickable

2019-01-22 17:39:02 - [TEST_STEP][PASSED] - click(findTestObject("UI/Client/Claim Services/a_FilesTab")): Object: 'Object Repository/UI/Client/Claim Services/a_FilesTab' is clicked on

2019-01-22 17:39:02 - [MESSAGE][PASSED] - Object: 'Object Repository/UI/Client/Claim Services/a_FilesTab' is clicked on

2019-01-22 17:39:02 - [TEST_STEP][PASSED] - waitForPageLoad(5): Wait for page load successfully

2019-01-22 17:39:02 - [MESSAGE][PASSED] - Wait for page load successfully

2019-01-22 17:39:02 - [TEST_STEP][PASSED] - waitForElementPresent(findTestObject("UI/Client/Claim Services/input_NewFile"), 5): Object 'Object Repository/UI/Client/Claim Services/input_NewFile' is present

2019-01-22 17:39:02 - [MESSAGE][PASSED] - Object 'Object Repository/UI/Client/Claim Services/input_NewFile' is present

2019-01-22 17:39:02 - [TEST_STEP][PASSED] - uploadFile(findTestObject("UI/Client/Claim Services/input_NewFile"), UPFILE): File 'C:\uploadAMPS\Upload-Demo.txt' sent to object: 'Object Repository/UI/Client/Claim Services/input_NewFile'

2019-01-22 17:39:02 - [MESSAGE][PASSED] - File 'C:\uploadAMPS\Upload-Demo.txt' sent to object: 'Object Repository/UI/Client/Claim Services/input_NewFile'

2019-01-22 17:39:02 - [TEST_STEP][PASSED] - delay(3): Delayed 3 second(s)

2019-01-22 17:39:05 - [MESSAGE][PASSED] - Delayed 3 second(s)

2019-01-22 17:39:05 - [TEST_STEP][PASSED] - waitForElementClickable(findTestObject("UI/Client/Claim Services/selectFileNameDropDown"), 5): Object 'Object Repository/UI/Client/Claim Services/selectFileNameDropDown' is clickable

2019-01-22 17:39:05 - [MESSAGE][PASSED] - Object 'Object Repository/UI/Client/Claim Services/selectFileNameDropDown' is clickable

2019-01-22 17:39:05 - [TEST_STEP][PASSED] - click(findTestObject("UI/Client/Claim Services/selectFileNameDropDown")): Object: 'Object Repository/UI/Client/Claim Services/selectFileNameDropDown' is clicked on

2019-01-22 17:39:06 - [MESSAGE][PASSED] - Object: 'Object Repository/UI/Client/Claim Services/selectFileNameDropDown' is clicked on

2019-01-22 17:39:06 - [TEST_STEP][PASSED] - delay(2): Delayed 2 second(s)

2019-01-22 17:39:08 - [MESSAGE][PASSED] - Delayed 2 second(s)

2019-01-22 17:39:08 - [TEST_STEP][PASSED] - click(findTestObject("UI/Client/Claim Services/option_providerSignOff")): Object: 'Object Repository/UI/Client/Claim Services/option_providerSignOff' is clicked on

2019-01-22 17:39:08 - [MESSAGE][PASSED] - Object: 'Object Repository/UI/Client/Claim Services/option_providerSignOff' is clicked on

2019-01-22 17:39:08 - [TEST_STEP][PASSED] - delay(2): Delayed 2 second(s)

2019-01-22 17:39:10 - [MESSAGE][PASSED] - Delayed 2 second(s)

2019-01-22 17:39:10 - [TEST_STEP][PASSED] - waitForElementClickable(findTestObject("UI/Client/Claim Services/buttonSaveUpload"), 5): Object 'Object Repository/UI/Client/Claim Services/buttonSaveUpload' is clickable

2019-01-22 17:39:10 - [MESSAGE][PASSED] - Object 'Object Repository/UI/Client/Claim Services/buttonSaveUpload' is clickable

2019-01-22 17:39:10 - [TEST_STEP][PASSED] - click(findTestObject("UI/Client/Claim Services/buttonSaveUpload")): Object: 'Object Repository/UI/Client/Claim Services/buttonSaveUpload' is clicked on

2019-01-22 17:39:10 - [MESSAGE][PASSED] - Object: 'Object Repository/UI/Client/Claim Services/buttonSaveUpload' is clicked on

2019-01-22 17:39:10 - [TEST_STEP][PASSED] - waitForPageLoad(5): Wait for page load successfully

2019-01-22 17:39:10 - [MESSAGE][PASSED] - Wait for page load successfully

2019-01-22 17:39:10 - [TEST_STEP][PASSED] - verifyElementVisible(findTestObject("UI/Client/Claim Services/strong_uploadedFileMessage")): Object 'Object Repository/UI/Client/Claim Services/strong_uploadedFileMessage' is visible

2019-01-22 17:39:10 - [MESSAGE][PASSED] - Object 'Object Repository/UI/Client/Claim Services/strong_uploadedFileMessage' is visible

2019-01-22 17:39:10 - [TEST_STEP][PASSED] - waitForPageLoad(5): Wait for page load successfully

2019-01-22 17:39:10 - [MESSAGE][PASSED] - Wait for page load successfully

2019-01-22 17:39:10 - [TEST_STEP][PASSED] - waitForElementClickable(findTestObject("UI/General/Log/span_logoutAsClient"), 5): Object 'Object Repository/UI/General/Log/span_logoutAsClient' is clickable

2019-01-22 17:39:10 - [MESSAGE][PASSED] - Object 'Object Repository/UI/General/Log/span_logoutAsClient' is clickable

2019-01-22 17:39:10 - [TEST_STEP][PASSED] - click(findTestObject("UI/General/Log/span_logoutAsClient")): Object: 'Object Repository/UI/General/Log/span_logoutAsClient' is clicked on

2019-01-22 17:39:11 - [MESSAGE][PASSED] - Object: 'Object Repository/UI/General/Log/span_logoutAsClient' is clicked on

2019-01-22 17:39:11 - [TEST_STEP][PASSED] - delay(1): Delayed 1 second(s)

2019-01-22 17:39:12 - [MESSAGE][PASSED] - Delayed 1 second(s)

2019-01-22 17:39:12 - [TEST_STEP][PASSED] - waitForElementClickable(findTestObject("UI/General/Log/a_userAvatar"), 5): Object 'Object Repository/UI/General/Log/a_userAvatar' is clickable

2019-01-22 17:39:12 - [MESSAGE][PASSED] - Object 'Object Repository/UI/General/Log/a_userAvatar' is clickable

2019-01-22 17:39:12 - [TEST_STEP][PASSED] - click(findTestObject("UI/General/Log/a_userAvatar")): Object: 'Object Repository/UI/General/Log/a_userAvatar' is clicked on

2019-01-22 17:39:12 - [MESSAGE][PASSED] - Object: 'Object Repository/UI/General/Log/a_userAvatar' is clicked on

2019-01-22 17:39:12 - [TEST_STEP][PASSED] - delay(1): Delayed 1 second(s)

2019-01-22 17:39:13 - [MESSAGE][PASSED] - Delayed 1 second(s)

2019-01-22 17:39:13 - [TEST_STEP][PASSED] - waitForElementClickable(findTestObject("UI/General/Log/a_signOutAMPS"), 5): Object 'Object Repository/UI/General/Log/a_signOutAMPS' is clickable

2019-01-22 17:39:13 - [MESSAGE][PASSED] - Object 'Object Repository/UI/General/Log/a_signOutAMPS' is clickable

2019-01-22 17:39:13 - [TEST_STEP][PASSED] - click(findTestObject("UI/General/Log/a_signOutAMPS")): Object: 'Object Repository/UI/General/Log/a_signOutAMPS' is clicked on

2019-01-22 17:39:13 - [MESSAGE][PASSED] - Object: 'Object Repository/UI/General/Log/a_signOutAMPS' is clicked on

2019-01-22 17:39:13 - [TEST_STEP][PASSED] - delay(1): Delayed 1 second(s)

2019-01-22 17:39:14 - [MESSAGE][PASSED] - Delayed 1 second(s)

2019-01-22 17:39:14 - [TEST_STEP][PASSED] - closeBrowser(): Browser is closed

2019-01-22 17:39:15 - [MESSAGE][PASSED] - Browser is closed]]></system-out>
         <system-err><![CDATA[]]></system-err>
      </testcase>
      <testcase name="Test Cases/UI/Client/Claim Services/UploadFile_Other" classname="Test Cases/UI/Client/Claim Services/UploadFile_Other" status="PASSED">
         <system-out><![CDATA[2019-01-22 17:39:15 - [TEST_CASE][PASSED] - Test Cases/UI/Client/Claim Services/UploadFile_Other: Test Cases/UI/Client/Claim Services/UploadFile_Other

2019-01-22 17:39:15 - [TEST_STEP][PASSED] - UAT = "https://uat.advancedpricing.com": null

2019-01-22 17:39:15 - [TEST_STEP][PASSED] - USER = "qaAuto": null

2019-01-22 17:39:15 - [TEST_STEP][PASSED] - PASSWD = "a9yk100dD": null

2019-01-22 17:39:15 - [TEST_STEP][PASSED] - UPFILE = "C:\uploadAMPS\Upload-Demo.txt": null

2019-01-22 17:39:15 - [TEST_STEP][PASSED] - openBrowser(""): Browser is opened with url: ''

2019-01-22 17:39:15 - [MESSAGE][INFO] - Starting 'Chrome' driver

2019-01-22 17:39:17 - [MESSAGE][PASSED] - Browser is opened with url: ''

2019-01-22 17:39:17 - [TEST_STEP][PASSED] - maximizeWindow(): Current window maximized

2019-01-22 17:39:18 - [MESSAGE][PASSED] - Current window maximized

2019-01-22 17:39:18 - [TEST_STEP][PASSED] - navigateToUrl(UAT): Navigate to 'https://uat.advancedpricing.com' successfully

2019-01-22 17:39:20 - [MESSAGE][PASSED] - Navigate to 'https://uat.advancedpricing.com' successfully

2019-01-22 17:39:20 - [TEST_STEP][PASSED] - waitForPageLoad(5): Wait for page load successfully

2019-01-22 17:39:20 - [MESSAGE][PASSED] - Wait for page load successfully

2019-01-22 17:39:20 - [TEST_STEP][PASSED] - setText(findTestObject("UI/Client/Claim Services/input_userCode"), USER): Text 'qaAuto' is set on object 'Object Repository/UI/Client/Claim Services/input_userCode'

2019-01-22 17:39:20 - [MESSAGE][PASSED] - Text 'qaAuto' is set on object 'Object Repository/UI/Client/Claim Services/input_userCode'

2019-01-22 17:39:20 - [TEST_STEP][PASSED] - setText(findTestObject("UI/Client/Claim Services/input_userPassword"), PASSWD): Text 'a9yk100dD' is set on object 'Object Repository/UI/Client/Claim Services/input_userPassword'

2019-01-22 17:39:20 - [MESSAGE][PASSED] - Text 'a9yk100dD' is set on object 'Object Repository/UI/Client/Claim Services/input_userPassword'

2019-01-22 17:39:20 - [TEST_STEP][PASSED] - waitForElementClickable(findTestObject("UI/Client/Claim Services/input_loginButton"), 5): Object 'Object Repository/UI/Client/Claim Services/input_loginButton' is clickable

2019-01-22 17:39:20 - [MESSAGE][PASSED] - Object 'Object Repository/UI/Client/Claim Services/input_loginButton' is clickable

2019-01-22 17:39:20 - [TEST_STEP][PASSED] - click(findTestObject("UI/Client/Claim Services/input_loginButton")): Object: 'Object Repository/UI/Client/Claim Services/input_loginButton' is clicked on

2019-01-22 17:39:20 - [MESSAGE][PASSED] - Object: 'Object Repository/UI/Client/Claim Services/input_loginButton' is clicked on

2019-01-22 17:39:20 - [TEST_STEP][PASSED] - waitForPageLoad(5): Wait for page load successfully

2019-01-22 17:39:20 - [MESSAGE][PASSED] - Wait for page load successfully

2019-01-22 17:39:20 - [TEST_STEP][PASSED] - waitForElementClickable(findTestObject("UI/Client/Claim Services/span_ABMSClient"), 5): Object 'Object Repository/UI/Client/Claim Services/span_ABMSClient' is clickable

2019-01-22 17:39:21 - [MESSAGE][PASSED] - Object 'Object Repository/UI/Client/Claim Services/span_ABMSClient' is clickable

2019-01-22 17:39:21 - [TEST_STEP][PASSED] - click(findTestObject("UI/Client/Claim Services/span_ABMSClient")): Object: 'Object Repository/UI/Client/Claim Services/span_ABMSClient' is clicked on

2019-01-22 17:39:21 - [MESSAGE][PASSED] - Object: 'Object Repository/UI/Client/Claim Services/span_ABMSClient' is clicked on

2019-01-22 17:39:21 - [TEST_STEP][PASSED] - waitForPageLoad(5): Wait for page load successfully

2019-01-22 17:39:21 - [MESSAGE][PASSED] - Wait for page load successfully

2019-01-22 17:39:21 - [TEST_STEP][PASSED] - waitForElementClickable(findTestObject("UI/Client/Claim Services/span_firstClaim"), 5): Object 'Object Repository/UI/Client/Claim Services/span_firstClaim' is clickable

2019-01-22 17:39:22 - [MESSAGE][PASSED] - Object 'Object Repository/UI/Client/Claim Services/span_firstClaim' is clickable

2019-01-22 17:39:22 - [TEST_STEP][PASSED] - click(findTestObject("UI/Client/Claim Services/span_firstClaim")): Object: 'Object Repository/UI/Client/Claim Services/span_firstClaim' is clicked on

2019-01-22 17:39:23 - [MESSAGE][PASSED] - Object: 'Object Repository/UI/Client/Claim Services/span_firstClaim' is clicked on

2019-01-22 17:39:23 - [TEST_STEP][PASSED] - waitForPageLoad(5): Wait for page load successfully

2019-01-22 17:39:23 - [MESSAGE][PASSED] - Wait for page load successfully

2019-01-22 17:39:23 - [TEST_STEP][PASSED] - waitForElementClickable(findTestObject("UI/Client/Claim Services/a_FilesTab"), 5): Object 'Object Repository/UI/Client/Claim Services/a_FilesTab' is clickable

2019-01-22 17:39:23 - [MESSAGE][PASSED] - Object 'Object Repository/UI/Client/Claim Services/a_FilesTab' is clickable

2019-01-22 17:39:23 - [TEST_STEP][PASSED] - click(findTestObject("UI/Client/Claim Services/a_FilesTab")): Object: 'Object Repository/UI/Client/Claim Services/a_FilesTab' is clicked on

2019-01-22 17:39:23 - [MESSAGE][PASSED] - Object: 'Object Repository/UI/Client/Claim Services/a_FilesTab' is clicked on

2019-01-22 17:39:23 - [TEST_STEP][PASSED] - waitForPageLoad(5): Wait for page load successfully

2019-01-22 17:39:23 - [MESSAGE][PASSED] - Wait for page load successfully

2019-01-22 17:39:23 - [TEST_STEP][PASSED] - uploadFile(findTestObject("UI/Client/Claim Services/input_NewFile"), UPFILE): File 'C:\uploadAMPS\Upload-Demo.txt' sent to object: 'Object Repository/UI/Client/Claim Services/input_NewFile'

2019-01-22 17:39:23 - [MESSAGE][PASSED] - File 'C:\uploadAMPS\Upload-Demo.txt' sent to object: 'Object Repository/UI/Client/Claim Services/input_NewFile'

2019-01-22 17:39:23 - [TEST_STEP][PASSED] - delay(3): Delayed 3 second(s)

2019-01-22 17:39:26 - [MESSAGE][PASSED] - Delayed 3 second(s)

2019-01-22 17:39:26 - [TEST_STEP][PASSED] - waitForElementClickable(findTestObject("UI/Client/Claim Services/selectFileNameDropDown"), 5): Object 'Object Repository/UI/Client/Claim Services/selectFileNameDropDown' is clickable

2019-01-22 17:39:26 - [MESSAGE][PASSED] - Object 'Object Repository/UI/Client/Claim Services/selectFileNameDropDown' is clickable

2019-01-22 17:39:26 - [TEST_STEP][PASSED] - click(findTestObject("UI/Client/Claim Services/selectFileNameDropDown")): Object: 'Object Repository/UI/Client/Claim Services/selectFileNameDropDown' is clicked on

2019-01-22 17:39:26 - [MESSAGE][PASSED] - Object: 'Object Repository/UI/Client/Claim Services/selectFileNameDropDown' is clicked on

2019-01-22 17:39:26 - [TEST_STEP][PASSED] - delay(2): Delayed 2 second(s)

2019-01-22 17:39:28 - [MESSAGE][PASSED] - Delayed 2 second(s)

2019-01-22 17:39:28 - [TEST_STEP][PASSED] - click(findTestObject("UI/Client/Claim Services/option_otherFile")): Object: 'Object Repository/UI/Client/Claim Services/option_otherFile' is clicked on

2019-01-22 17:39:28 - [MESSAGE][PASSED] - Object: 'Object Repository/UI/Client/Claim Services/option_otherFile' is clicked on

2019-01-22 17:39:28 - [TEST_STEP][PASSED] - delay(3): Delayed 3 second(s)

2019-01-22 17:39:31 - [MESSAGE][PASSED] - Delayed 3 second(s)

2019-01-22 17:39:31 - [TEST_STEP][PASSED] - waitForElementClickable(findTestObject("UI/Client/Claim Services/buttonSaveUpload"), 5): Object 'Object Repository/UI/Client/Claim Services/buttonSaveUpload' is clickable

2019-01-22 17:39:31 - [MESSAGE][PASSED] - Object 'Object Repository/UI/Client/Claim Services/buttonSaveUpload' is clickable

2019-01-22 17:39:31 - [TEST_STEP][PASSED] - click(findTestObject("UI/Client/Claim Services/buttonSaveUpload")): Object: 'Object Repository/UI/Client/Claim Services/buttonSaveUpload' is clicked on

2019-01-22 17:39:31 - [MESSAGE][PASSED] - Object: 'Object Repository/UI/Client/Claim Services/buttonSaveUpload' is clicked on

2019-01-22 17:39:31 - [TEST_STEP][PASSED] - waitForPageLoad(5): Wait for page load successfully

2019-01-22 17:39:31 - [MESSAGE][PASSED] - Wait for page load successfully

2019-01-22 17:39:31 - [TEST_STEP][PASSED] - verifyElementVisible(findTestObject("UI/Client/Claim Services/strong_uploadedFileMessage")): Object 'Object Repository/UI/Client/Claim Services/strong_uploadedFileMessage' is visible

2019-01-22 17:39:32 - [MESSAGE][PASSED] - Object 'Object Repository/UI/Client/Claim Services/strong_uploadedFileMessage' is visible

2019-01-22 17:39:32 - [TEST_STEP][PASSED] - waitForElementClickable(findTestObject("UI/General/Log/span_logoutAsClient"), 5): Object 'Object Repository/UI/General/Log/span_logoutAsClient' is clickable

2019-01-22 17:39:32 - [MESSAGE][PASSED] - Object 'Object Repository/UI/General/Log/span_logoutAsClient' is clickable

2019-01-22 17:39:32 - [TEST_STEP][PASSED] - click(findTestObject("UI/General/Log/span_logoutAsClient")): Object: 'Object Repository/UI/General/Log/span_logoutAsClient' is clicked on

2019-01-22 17:39:32 - [MESSAGE][PASSED] - Object: 'Object Repository/UI/General/Log/span_logoutAsClient' is clicked on

2019-01-22 17:39:32 - [TEST_STEP][PASSED] - delay(1): Delayed 1 second(s)

2019-01-22 17:39:33 - [MESSAGE][PASSED] - Delayed 1 second(s)

2019-01-22 17:39:33 - [TEST_STEP][PASSED] - waitForElementClickable(findTestObject("UI/General/Log/a_userAvatar"), 5): Object 'Object Repository/UI/General/Log/a_userAvatar' is clickable

2019-01-22 17:39:33 - [MESSAGE][PASSED] - Object 'Object Repository/UI/General/Log/a_userAvatar' is clickable

2019-01-22 17:39:33 - [TEST_STEP][PASSED] - click(findTestObject("UI/General/Log/a_userAvatar")): Object: 'Object Repository/UI/General/Log/a_userAvatar' is clicked on

2019-01-22 17:39:33 - [MESSAGE][PASSED] - Object: 'Object Repository/UI/General/Log/a_userAvatar' is clicked on

2019-01-22 17:39:33 - [TEST_STEP][PASSED] - delay(1): Delayed 1 second(s)

2019-01-22 17:39:34 - [MESSAGE][PASSED] - Delayed 1 second(s)

2019-01-22 17:39:34 - [TEST_STEP][PASSED] - waitForElementClickable(findTestObject("UI/General/Log/a_signOutAMPS"), 5): Object 'Object Repository/UI/General/Log/a_signOutAMPS' is clickable

2019-01-22 17:39:34 - [MESSAGE][PASSED] - Object 'Object Repository/UI/General/Log/a_signOutAMPS' is clickable

2019-01-22 17:39:34 - [TEST_STEP][PASSED] - click(findTestObject("UI/General/Log/a_signOutAMPS")): Object: 'Object Repository/UI/General/Log/a_signOutAMPS' is clicked on

2019-01-22 17:39:34 - [MESSAGE][PASSED] - Object: 'Object Repository/UI/General/Log/a_signOutAMPS' is clicked on

2019-01-22 17:39:34 - [TEST_STEP][PASSED] - delay(1): Delayed 1 second(s)

2019-01-22 17:39:35 - [MESSAGE][PASSED] - Delayed 1 second(s)

2019-01-22 17:39:35 - [TEST_STEP][PASSED] - closeBrowser(): Browser is closed

2019-01-22 17:39:36 - [MESSAGE][PASSED] - Browser is closed]]></system-out>
         <system-err><![CDATA[]]></system-err>
      </testcase>
      <system-out><![CDATA[2019-01-22 17:36:37 - [TEST_SUITE][FAILED] - Claim Services: Test Cases/UI/Client/Claim Services/Download_successful FAILED.
Reason:
com.kms.katalon.core.exception.StepFailedException: Unable to verify match between actual text 'Upload-Demo.txt' and expected text 'MedRecords-Demo.png' (Root cause: com.kms.katalon.core.exception.StepFailedException: Actual text 'Upload-Demo.txt' and expected text 'MedRecords-Demo.png' are not matched)
	at com.kms.katalon.core.keyword.internal.KeywordMain.stepFailed(KeywordMain.groovy:36)
	at com.kms.katalon.core.keyword.internal.KeywordMain.stepFailed(KeywordMain.groovy)
	at com.kms.katalon.core.keyword.internal.KeywordMain.runKeyword(KeywordMain.groovy:56)
	at com.kms.katalon.core.keyword.builtin.VerifyMatchKeyword.verifyMatch(VerifyMatchKeyword.groovy:60)
	at com.kms.katalon.core.keyword.builtin.VerifyMatchKeyword.execute(VerifyMatchKeyword.groovy:45)
	at com.kms.katalon.core.keyword.internal.KeywordExecutor.executeKeywordForPlatform(KeywordExecutor.groovy:53)
	at com.kms.katalon.core.keyword.BuiltinKeywords.verifyMatch(BuiltinKeywords.groovy:73)
	at Download_successful.run(Download_successful:61)
	at com.kms.katalon.core.main.ScriptEngine.run(ScriptEngine.java:194)
	at com.kms.katalon.core.main.ScriptEngine.runScriptAsRawText(ScriptEngine.java:119)
	at com.kms.katalon.core.main.TestCaseExecutor.runScript(TestCaseExecutor.java:328)
	at com.kms.katalon.core.main.TestCaseExecutor.doExecute(TestCaseExecutor.java:319)
	at com.kms.katalon.core.main.TestCaseExecutor.processExecutionPhase(TestCaseExecutor.java:298)
	at com.kms.katalon.core.main.TestCaseExecutor.accessMainPhase(TestCaseExecutor.java:290)
	at com.kms.katalon.core.main.TestCaseExecutor.execute(TestCaseExecutor.java:224)
	at com.kms.katalon.core.main.TestSuiteExecutor.accessTestCaseMainPhase(TestSuiteExecutor.java:129)
	at com.kms.katalon.core.main.TestSuiteExecutor.accessTestSuiteMainPhase(TestSuiteExecutor.java:112)
	at com.kms.katalon.core.main.TestSuiteExecutor.execute(TestSuiteExecutor.java:81)
	at com.kms.katalon.core.main.TestCaseMain.startTestSuite(TestCaseMain.java:149)
	at com.kms.katalon.core.main.TestCaseMain$startTestSuite$0.call(Unknown Source)
	at TempTestSuite1548200196373.run(TempTestSuite1548200196373.groovy:36)]]></system-out>
      <system-err><![CDATA[2019-01-22 17:36:37 - [TEST_SUITE][FAILED] - Claim Services: Test Cases/UI/Client/Claim Services/Download_successful FAILED.
Reason:
com.kms.katalon.core.exception.StepFailedException: Unable to verify match between actual text 'Upload-Demo.txt' and expected text 'MedRecords-Demo.png' (Root cause: com.kms.katalon.core.exception.StepFailedException: Actual text 'Upload-Demo.txt' and expected text 'MedRecords-Demo.png' are not matched)
	at com.kms.katalon.core.keyword.internal.KeywordMain.stepFailed(KeywordMain.groovy:36)
	at com.kms.katalon.core.keyword.internal.KeywordMain.stepFailed(KeywordMain.groovy)
	at com.kms.katalon.core.keyword.internal.KeywordMain.runKeyword(KeywordMain.groovy:56)
	at com.kms.katalon.core.keyword.builtin.VerifyMatchKeyword.verifyMatch(VerifyMatchKeyword.groovy:60)
	at com.kms.katalon.core.keyword.builtin.VerifyMatchKeyword.execute(VerifyMatchKeyword.groovy:45)
	at com.kms.katalon.core.keyword.internal.KeywordExecutor.executeKeywordForPlatform(KeywordExecutor.groovy:53)
	at com.kms.katalon.core.keyword.BuiltinKeywords.verifyMatch(BuiltinKeywords.groovy:73)
	at Download_successful.run(Download_successful:61)
	at com.kms.katalon.core.main.ScriptEngine.run(ScriptEngine.java:194)
	at com.kms.katalon.core.main.ScriptEngine.runScriptAsRawText(ScriptEngine.java:119)
	at com.kms.katalon.core.main.TestCaseExecutor.runScript(TestCaseExecutor.java:328)
	at com.kms.katalon.core.main.TestCaseExecutor.doExecute(TestCaseExecutor.java:319)
	at com.kms.katalon.core.main.TestCaseExecutor.processExecutionPhase(TestCaseExecutor.java:298)
	at com.kms.katalon.core.main.TestCaseExecutor.accessMainPhase(TestCaseExecutor.java:290)
	at com.kms.katalon.core.main.TestCaseExecutor.execute(TestCaseExecutor.java:224)
	at com.kms.katalon.core.main.TestSuiteExecutor.accessTestCaseMainPhase(TestSuiteExecutor.java:129)
	at com.kms.katalon.core.main.TestSuiteExecutor.accessTestSuiteMainPhase(TestSuiteExecutor.java:112)
	at com.kms.katalon.core.main.TestSuiteExecutor.execute(TestSuiteExecutor.java:81)
	at com.kms.katalon.core.main.TestCaseMain.startTestSuite(TestCaseMain.java:149)
	at com.kms.katalon.core.main.TestCaseMain$startTestSuite$0.call(Unknown Source)
	at TempTestSuite1548200196373.run(TempTestSuite1548200196373.groovy:36)]]></system-err>
   </testsuite>
</testsuites>
