<?xml version="1.0" encoding="UTF-8"?>
<testsuites name="Rule Editor" time="268" tests="6" failures="0" errors="0">
   <testsuite name="Rule Editor" tests="6" failures="0" errors="0" time="268" timestamp="2019-01-23 22:31:45" hostname="rogelio medrano - TDG-MBL-MTY0325.tiempodev.local" id="Test Suites/UI/Rule Editor/Rule Editor">
      <properties>
         <property name="deviceName" value=""/>
         <property name="devicePlatform" value=""/>
         <property name="logFolder" value="C:\\Users\\rogelio medrano\\git\\AMPSAutRegression\\Reports\\UI\\Rule Editor\\Rule Editor\\20190123_223144"/>
         <property name="logFiles" value="C:\\Users\\rogelio medrano\\git\\AMPSAutRegression\\Reports\\UI\\Rule Editor\\Rule Editor\\20190123_223144\\execution0.log"/>
         <property name="attachments" value=""/>
         <property name="hostName" value="rogelio medrano - TDG-MBL-MTY0325.tiempodev.local"/>
         <property name="os" value="Windows 10 64bit"/>
         <property name="katalonVersion" value="5.10.1.1"/>
         <property name="browser" value="Chrome 71.0.3578.98"/>
         <property name="hostAddress" value="192.168.0.103"/>
         <property name="sessionId" value="ade73c9a0c661eceab0e95329aa9e117"/>
         <property name="seleniumVersion" value="3.7.1"/>
         <property name="proxyInformation" value="ProxyInformation{proxyOption=NO_PROXY, proxyServerType=HTTP, password=, proxyServerAddress=, proxyServerPort=0}"/>
         <property name="platform" value="Windows 10"/>
      </properties>
      <testcase name="Test Cases/UI/Client/Rule Editor/Create New Rule Set Empty" classname="Test Cases/UI/Client/Rule Editor/Create New Rule Set Empty" status="PASSED">
         <system-out><![CDATA[2019-01-23 22:31:45 - [TEST_CASE][PASSED] - Test Cases/UI/Client/Rule Editor/Create New Rule Set Empty: Test Cases/UI/Client/Rule Editor/Create New Rule Set Empty

2019-01-23 22:31:46 - [TEST_STEP][PASSED] - UAT = "https://uat.advancedpricing.com": null

2019-01-23 22:31:46 - [TEST_STEP][PASSED] - USER = "qaAuto": null

2019-01-23 22:31:46 - [TEST_STEP][PASSED] - PASSWD = "a9yk100dD": null

2019-01-23 22:31:46 - [TEST_STEP][PASSED] - RULESETNAME = "AAAAAAN Empty Rule Set": null

2019-01-23 22:31:46 - [TEST_STEP][PASSED] - VALIDFROM = "01/18/2019": null

2019-01-23 22:31:46 - [TEST_STEP][PASSED] - VALIDTO = "01/30/2019": null

2019-01-23 22:31:46 - [TEST_STEP][PASSED] - RULESETTYPE = "Claim": null

2019-01-23 22:31:46 - [TEST_STEP][PASSED] - openBrowser(""): Browser is opened with url: ''

2019-01-23 22:31:46 - [MESSAGE][INFO] - Starting 'Chrome' driver

2019-01-23 22:31:46 - [MESSAGE][INFO] - Action delay is set to 0 seconds

2019-01-23 22:31:49 - [MESSAGE][PASSED] - Browser is opened with url: ''

2019-01-23 22:31:49 - [TEST_STEP][PASSED] - maximizeWindow(): Current window maximized

2019-01-23 22:31:50 - [MESSAGE][PASSED] - Current window maximized

2019-01-23 22:31:50 - [TEST_STEP][PASSED] - navigateToUrl(UAT): Navigate to 'https://uat.advancedpricing.com' successfully

2019-01-23 22:31:52 - [MESSAGE][PASSED] - Navigate to 'https://uat.advancedpricing.com' successfully

2019-01-23 22:31:52 - [TEST_STEP][PASSED] - waitForPageLoad(5): Wait for page load successfully

2019-01-23 22:31:52 - [MESSAGE][PASSED] - Wait for page load successfully

2019-01-23 22:31:52 - [TEST_STEP][PASSED] - setText(findTestObject("UI/Client/Claim Services/input_userCode"), USER): Text 'qaAuto' is set on object 'Object Repository/UI/Client/Claim Services/input_userCode'

2019-01-23 22:31:52 - [MESSAGE][PASSED] - Text 'qaAuto' is set on object 'Object Repository/UI/Client/Claim Services/input_userCode'

2019-01-23 22:31:52 - [TEST_STEP][PASSED] - setText(findTestObject("UI/Client/Claim Services/input_userPassword"), PASSWD): Text 'a9yk100dD' is set on object 'Object Repository/UI/Client/Claim Services/input_userPassword'

2019-01-23 22:31:52 - [MESSAGE][PASSED] - Text 'a9yk100dD' is set on object 'Object Repository/UI/Client/Claim Services/input_userPassword'

2019-01-23 22:31:52 - [TEST_STEP][PASSED] - waitForElementClickable(findTestObject("UI/Client/Claim Services/input_loginButton"), 5): Object 'Object Repository/UI/Client/Claim Services/input_loginButton' is clickable

2019-01-23 22:31:52 - [MESSAGE][PASSED] - Object 'Object Repository/UI/Client/Claim Services/input_loginButton' is clickable

2019-01-23 22:31:52 - [TEST_STEP][PASSED] - click(findTestObject("UI/Client/Claim Services/input_loginButton")): Object: 'Object Repository/UI/Client/Claim Services/input_loginButton' is clicked on

2019-01-23 22:31:52 - [MESSAGE][PASSED] - Object: 'Object Repository/UI/Client/Claim Services/input_loginButton' is clicked on

2019-01-23 22:31:52 - [TEST_STEP][PASSED] - delay(1): Delayed 1 second(s)

2019-01-23 22:31:53 - [MESSAGE][PASSED] - Delayed 1 second(s)

2019-01-23 22:31:53 - [TEST_STEP][PASSED] - waitForPageLoad(5): Wait for page load successfully

2019-01-23 22:31:53 - [MESSAGE][PASSED] - Wait for page load successfully

2019-01-23 22:31:53 - [TEST_STEP][PASSED] - waitForElementPresent(findTestObject("UI/Client/Rule Editor/h1_Clients"), 5): Object 'Object Repository/UI/Client/Rule Editor/h1_Clients' is present

2019-01-23 22:31:53 - [MESSAGE][PASSED] - Object 'Object Repository/UI/Client/Rule Editor/h1_Clients' is present

2019-01-23 22:31:53 - [TEST_STEP][PASSED] - pageTitle = getText(findTestObject("UI/Client/Rule Editor/h1_Clients")): Text of object 'Object Repository/UI/Client/Rule Editor/h1_Clients' is: 'Clients'

2019-01-23 22:31:53 - [MESSAGE][PASSED] - Text of object 'Object Repository/UI/Client/Rule Editor/h1_Clients' is: 'Clients'

2019-01-23 22:31:53 - [TEST_STEP][PASSED] - verifyMatch(pageTitle, "Clients", false): Actual text 'Clients' and expected text 'Clients' are matched 

2019-01-23 22:31:53 - [MESSAGE][PASSED] - Actual text 'Clients' and expected text 'Clients' are matched 

2019-01-23 22:31:53 - [TEST_STEP][PASSED] - delay(3): Delayed 3 second(s)

2019-01-23 22:31:56 - [MESSAGE][PASSED] - Delayed 3 second(s)

2019-01-23 22:31:56 - [TEST_STEP][PASSED] - waitForElementClickable(findTestObject("UI/Client/Rule Editor/span_ruleEditorMenu"), 5): Object 'Object Repository/UI/Client/Rule Editor/span_ruleEditorMenu' is clickable

2019-01-23 22:31:56 - [MESSAGE][PASSED] - Object 'Object Repository/UI/Client/Rule Editor/span_ruleEditorMenu' is clickable

2019-01-23 22:31:56 - [TEST_STEP][PASSED] - click(findTestObject("UI/Client/Rule Editor/span_ruleEditorMenu")): Object: 'Object Repository/UI/Client/Rule Editor/span_ruleEditorMenu' is clicked on

2019-01-23 22:31:57 - [MESSAGE][PASSED] - Object: 'Object Repository/UI/Client/Rule Editor/span_ruleEditorMenu' is clicked on

2019-01-23 22:31:57 - [TEST_STEP][PASSED] - delay(1): Delayed 1 second(s)

2019-01-23 22:31:58 - [MESSAGE][PASSED] - Delayed 1 second(s)

2019-01-23 22:31:58 - [TEST_STEP][PASSED] - waitForPageLoad(5): Wait for page load successfully

2019-01-23 22:31:58 - [MESSAGE][PASSED] - Wait for page load successfully

2019-01-23 22:31:58 - [TEST_STEP][PASSED] - waitForElementPresent(findTestObject("UI/Client/Rule Editor/h1_ruleEditor"), 5): Object 'Object Repository/UI/Client/Rule Editor/h1_ruleEditor' is present

2019-01-23 22:31:58 - [MESSAGE][PASSED] - Object 'Object Repository/UI/Client/Rule Editor/h1_ruleEditor' is present

2019-01-23 22:31:58 - [TEST_STEP][PASSED] - pageTitle = getText(findTestObject("UI/Client/Rule Editor/h1_ruleEditor")): Text of object 'Object Repository/UI/Client/Rule Editor/h1_ruleEditor' is: 'Rule Editor'

2019-01-23 22:31:58 - [MESSAGE][PASSED] - Text of object 'Object Repository/UI/Client/Rule Editor/h1_ruleEditor' is: 'Rule Editor'

2019-01-23 22:31:58 - [TEST_STEP][PASSED] - verifyMatch(pageTitle, "Rule Editor", false): Actual text 'Rule Editor' and expected text 'Rule Editor' are matched 

2019-01-23 22:31:58 - [MESSAGE][PASSED] - Actual text 'Rule Editor' and expected text 'Rule Editor' are matched 

2019-01-23 22:31:58 - [TEST_STEP][PASSED] - delay(3): Delayed 3 second(s)

2019-01-23 22:32:01 - [MESSAGE][PASSED] - Delayed 3 second(s)

2019-01-23 22:32:01 - [TEST_STEP][PASSED] - waitForElementClickable(findTestObject("UI/Client/Rule Editor/Create Rule Set/a_createNewRuleSet"), 5): Object 'Object Repository/UI/Client/Rule Editor/Create Rule Set/a_createNewRuleSet' is clickable

2019-01-23 22:32:01 - [MESSAGE][PASSED] - Object 'Object Repository/UI/Client/Rule Editor/Create Rule Set/a_createNewRuleSet' is clickable

2019-01-23 22:32:01 - [TEST_STEP][PASSED] - click(findTestObject("UI/Client/Rule Editor/Create Rule Set/a_createNewRuleSet")): Object: 'Object Repository/UI/Client/Rule Editor/Create Rule Set/a_createNewRuleSet' is clicked on

2019-01-23 22:32:01 - [MESSAGE][PASSED] - Object: 'Object Repository/UI/Client/Rule Editor/Create Rule Set/a_createNewRuleSet' is clicked on

2019-01-23 22:32:01 - [TEST_STEP][PASSED] - delay(1): Delayed 1 second(s)

2019-01-23 22:32:02 - [MESSAGE][PASSED] - Delayed 1 second(s)

2019-01-23 22:32:02 - [TEST_STEP][PASSED] - waitForPageLoad(5): Wait for page load successfully

2019-01-23 22:32:02 - [MESSAGE][PASSED] - Wait for page load successfully

2019-01-23 22:32:02 - [TEST_STEP][PASSED] - waitForElementPresent(findTestObject("UI/Client/Rule Editor/Create Rule Set/h2_newRulesetForm"), 5): Object 'Object Repository/UI/Client/Rule Editor/Create Rule Set/h2_newRulesetForm' is present

2019-01-23 22:32:02 - [MESSAGE][PASSED] - Object 'Object Repository/UI/Client/Rule Editor/Create Rule Set/h2_newRulesetForm' is present

2019-01-23 22:32:02 - [TEST_STEP][PASSED] - formTitle = getText(findTestObject("UI/Client/Rule Editor/Create Rule Set/h2_newRulesetForm")): Text of object 'Object Repository/UI/Client/Rule Editor/Create Rule Set/h2_newRulesetForm' is: 'New Ruleset'

2019-01-23 22:32:02 - [MESSAGE][PASSED] - Text of object 'Object Repository/UI/Client/Rule Editor/Create Rule Set/h2_newRulesetForm' is: 'New Ruleset'

2019-01-23 22:32:02 - [TEST_STEP][PASSED] - verifyMatch(formTitle, "New Ruleset", false): Actual text 'New Ruleset' and expected text 'New Ruleset' are matched 

2019-01-23 22:32:02 - [MESSAGE][PASSED] - Actual text 'New Ruleset' and expected text 'New Ruleset' are matched 

2019-01-23 22:32:02 - [TEST_STEP][PASSED] - delay(3): Delayed 3 second(s)

2019-01-23 22:32:05 - [MESSAGE][PASSED] - Delayed 3 second(s)

2019-01-23 22:32:05 - [TEST_STEP][PASSED] - waitForElementVisible(findTestObject("UI/Client/Rule Editor/Create Rule Set/input_ruleSetName"), 5): Object 'Object Repository/UI/Client/Rule Editor/Create Rule Set/input_ruleSetName' is visible

2019-01-23 22:32:05 - [MESSAGE][PASSED] - Object 'Object Repository/UI/Client/Rule Editor/Create Rule Set/input_ruleSetName' is visible

2019-01-23 22:32:05 - [TEST_STEP][PASSED] - setText(findTestObject("UI/Client/Rule Editor/Create Rule Set/input_ruleSetName"), RULESETNAME): Text 'AAAAAAN Empty Rule Set' is set on object 'Object Repository/UI/Client/Rule Editor/Create Rule Set/input_ruleSetName'

2019-01-23 22:32:05 - [MESSAGE][PASSED] - Text 'AAAAAAN Empty Rule Set' is set on object 'Object Repository/UI/Client/Rule Editor/Create Rule Set/input_ruleSetName'

2019-01-23 22:32:05 - [TEST_STEP][PASSED] - delay(2): Delayed 2 second(s)

2019-01-23 22:32:07 - [MESSAGE][PASSED] - Delayed 2 second(s)

2019-01-23 22:32:07 - [TEST_STEP][PASSED] - waitForElementVisible(findTestObject("UI/Client/Rule Editor/Create Rule Set/input_validFromDate"), 5): Object 'Object Repository/UI/Client/Rule Editor/Create Rule Set/input_validFromDate' is visible

2019-01-23 22:32:07 - [MESSAGE][PASSED] - Object 'Object Repository/UI/Client/Rule Editor/Create Rule Set/input_validFromDate' is visible

2019-01-23 22:32:07 - [TEST_STEP][PASSED] - setText(findTestObject("UI/Client/Rule Editor/Create Rule Set/input_validFromDate"), VALIDFROM): Text '01/18/2019' is set on object 'Object Repository/UI/Client/Rule Editor/Create Rule Set/input_validFromDate'

2019-01-23 22:32:08 - [MESSAGE][PASSED] - Text '01/18/2019' is set on object 'Object Repository/UI/Client/Rule Editor/Create Rule Set/input_validFromDate'

2019-01-23 22:32:08 - [TEST_STEP][PASSED] - delay(2): Delayed 2 second(s)

2019-01-23 22:32:10 - [MESSAGE][PASSED] - Delayed 2 second(s)

2019-01-23 22:32:10 - [TEST_STEP][PASSED] - waitForElementVisible(findTestObject("UI/Client/Rule Editor/Create Rule Set/input_validToDate"), 5): Object 'Object Repository/UI/Client/Rule Editor/Create Rule Set/input_validToDate' is visible

2019-01-23 22:32:10 - [MESSAGE][PASSED] - Object 'Object Repository/UI/Client/Rule Editor/Create Rule Set/input_validToDate' is visible

2019-01-23 22:32:10 - [TEST_STEP][PASSED] - setText(findTestObject("UI/Client/Rule Editor/Create Rule Set/input_validToDate"), VALIDTO): Text '01/30/2019' is set on object 'Object Repository/UI/Client/Rule Editor/Create Rule Set/input_validToDate'

2019-01-23 22:32:10 - [MESSAGE][PASSED] - Text '01/30/2019' is set on object 'Object Repository/UI/Client/Rule Editor/Create Rule Set/input_validToDate'

2019-01-23 22:32:10 - [TEST_STEP][PASSED] - delay(2): Delayed 2 second(s)

2019-01-23 22:32:12 - [MESSAGE][PASSED] - Delayed 2 second(s)

2019-01-23 22:32:12 - [TEST_STEP][PASSED] - waitForElementClickable(findTestObject("UI/Client/Rule Editor/Create Rule Set/select_ruleSetType"), 5): Object 'Object Repository/UI/Client/Rule Editor/Create Rule Set/select_ruleSetType' is clickable

2019-01-23 22:32:12 - [MESSAGE][PASSED] - Object 'Object Repository/UI/Client/Rule Editor/Create Rule Set/select_ruleSetType' is clickable

2019-01-23 22:32:12 - [TEST_STEP][PASSED] - click(findTestObject("UI/Client/Rule Editor/Create Rule Set/select_ruleSetType")): Object: 'Object Repository/UI/Client/Rule Editor/Create Rule Set/select_ruleSetType' is clicked on

2019-01-23 22:32:12 - [MESSAGE][PASSED] - Object: 'Object Repository/UI/Client/Rule Editor/Create Rule Set/select_ruleSetType' is clicked on

2019-01-23 22:32:12 - [TEST_STEP][PASSED] - delay(2): Delayed 2 second(s)

2019-01-23 22:32:14 - [MESSAGE][PASSED] - Delayed 2 second(s)

2019-01-23 22:32:14 - [TEST_STEP][PASSED] - waitForElementPresent(findTestObject("UI/Client/Rule Editor/Create Rule Set/option_claimType"), 5): Object 'Object Repository/UI/Client/Rule Editor/Create Rule Set/option_claimType' is present

2019-01-23 22:32:14 - [MESSAGE][PASSED] - Object 'Object Repository/UI/Client/Rule Editor/Create Rule Set/option_claimType' is present

2019-01-23 22:32:14 - [TEST_STEP][PASSED] - waitForElementVisible(findTestObject("UI/Client/Rule Editor/Create Rule Set/option_claimType"), 5): Object 'Object Repository/UI/Client/Rule Editor/Create Rule Set/option_claimType' is visible

2019-01-23 22:32:14 - [MESSAGE][PASSED] - Object 'Object Repository/UI/Client/Rule Editor/Create Rule Set/option_claimType' is visible

2019-01-23 22:32:14 - [TEST_STEP][PASSED] - sendKeys(findTestObject("UI/Client/Rule Editor/Create Rule Set/option_claimType"), Keys.chord(ENTER)): Keys 'ENTER + ' sent to object: 'Object Repository/UI/Client/Rule Editor/Create Rule Set/option_claimType'

2019-01-23 22:32:14 - [MESSAGE][PASSED] - Keys 'ENTER + ' sent to object: 'Object Repository/UI/Client/Rule Editor/Create Rule Set/option_claimType'

2019-01-23 22:32:14 - [TEST_STEP][PASSED] - delay(2): Delayed 2 second(s)

2019-01-23 22:32:16 - [MESSAGE][PASSED] - Delayed 2 second(s)

2019-01-23 22:32:16 - [TEST_STEP][PASSED] - waitForElementClickable(findTestObject("UI/Client/Rule Editor/Create Rule Set/button_saveRuleSet"), 5): Object 'Object Repository/UI/Client/Rule Editor/Create Rule Set/button_saveRuleSet' is clickable

2019-01-23 22:32:16 - [MESSAGE][PASSED] - Object 'Object Repository/UI/Client/Rule Editor/Create Rule Set/button_saveRuleSet' is clickable

2019-01-23 22:32:16 - [TEST_STEP][PASSED] - click(findTestObject("UI/Client/Rule Editor/Create Rule Set/button_saveRuleSet")): Object: 'Object Repository/UI/Client/Rule Editor/Create Rule Set/button_saveRuleSet' is clicked on

2019-01-23 22:32:16 - [MESSAGE][PASSED] - Object: 'Object Repository/UI/Client/Rule Editor/Create Rule Set/button_saveRuleSet' is clicked on

2019-01-23 22:32:16 - [TEST_STEP][PASSED] - delay(1): Delayed 1 second(s)

2019-01-23 22:32:17 - [MESSAGE][PASSED] - Delayed 1 second(s)

2019-01-23 22:32:17 - [TEST_STEP][PASSED] - waitForPageLoad(5): Wait for page load successfully

2019-01-23 22:32:17 - [MESSAGE][PASSED] - Wait for page load successfully

2019-01-23 22:32:17 - [TEST_STEP][PASSED] - waitForElementPresent(findTestObject("UI/Client/Rule Editor/Create Rule Set/div_alertRuleSetSaved"), 5): Object 'Object Repository/UI/Client/Rule Editor/Create Rule Set/div_alertRuleSetSaved' is present

2019-01-23 22:32:17 - [MESSAGE][PASSED] - Object 'Object Repository/UI/Client/Rule Editor/Create Rule Set/div_alertRuleSetSaved' is present

2019-01-23 22:32:17 - [TEST_STEP][PASSED] - waitForElementVisible(findTestObject("UI/Client/Rule Editor/Create Rule Set/div_alertRuleSetSaved"), 5): Object 'Object Repository/UI/Client/Rule Editor/Create Rule Set/div_alertRuleSetSaved' is visible

2019-01-23 22:32:17 - [MESSAGE][PASSED] - Object 'Object Repository/UI/Client/Rule Editor/Create Rule Set/div_alertRuleSetSaved' is visible

2019-01-23 22:32:17 - [TEST_STEP][PASSED] - focus(findTestObject("UI/Client/Rule Editor/Create Rule Set/div_alertRuleSetSaved")): Object: 'Object Repository/UI/Client/Rule Editor/Create Rule Set/div_alertRuleSetSaved' is focused

2019-01-23 22:32:18 - [MESSAGE][PASSED] - Object: 'Object Repository/UI/Client/Rule Editor/Create Rule Set/div_alertRuleSetSaved' is focused

2019-01-23 22:32:18 - [TEST_STEP][PASSED] - click(findTestObject("UI/Client/Rule Editor/Create Rule Set/button_acceptRuleSetSavedPopUp")): Object: 'Object Repository/UI/Client/Rule Editor/Create Rule Set/button_acceptRuleSetSavedPopUp' is clicked on

2019-01-23 22:32:18 - [MESSAGE][PASSED] - Object: 'Object Repository/UI/Client/Rule Editor/Create Rule Set/button_acceptRuleSetSavedPopUp' is clicked on

2019-01-23 22:32:18 - [TEST_STEP][PASSED] - delay(3): Delayed 3 second(s)

2019-01-23 22:32:21 - [MESSAGE][PASSED] - Delayed 3 second(s)

2019-01-23 22:32:21 - [TEST_STEP][PASSED] - waitForPageLoad(5): Wait for page load successfully

2019-01-23 22:32:21 - [MESSAGE][PASSED] - Wait for page load successfully

2019-01-23 22:32:21 - [TEST_STEP][PASSED] - waitForElementPresent(findTestObject("UI/Client/Rule Editor/Create Rule Set/h2_editRulesetForm"), 5): Object 'Object Repository/UI/Client/Rule Editor/Create Rule Set/h2_editRulesetForm' is present

2019-01-23 22:32:21 - [MESSAGE][PASSED] - Object 'Object Repository/UI/Client/Rule Editor/Create Rule Set/h2_editRulesetForm' is present

2019-01-23 22:32:21 - [TEST_STEP][PASSED] - formTitle = getText(findTestObject("UI/Client/Rule Editor/Create Rule Set/h2_editRulesetForm")): Text of object 'Object Repository/UI/Client/Rule Editor/Create Rule Set/h2_editRulesetForm' is: 'Edit Ruleset'

2019-01-23 22:32:21 - [MESSAGE][PASSED] - Text of object 'Object Repository/UI/Client/Rule Editor/Create Rule Set/h2_editRulesetForm' is: 'Edit Ruleset'

2019-01-23 22:32:21 - [TEST_STEP][PASSED] - verifyMatch(formTitle, "Edit Ruleset", false): Actual text 'Edit Ruleset' and expected text 'Edit Ruleset' are matched 

2019-01-23 22:32:21 - [MESSAGE][PASSED] - Actual text 'Edit Ruleset' and expected text 'Edit Ruleset' are matched 

2019-01-23 22:32:21 - [TEST_STEP][PASSED] - delay(3): Delayed 3 second(s)

2019-01-23 22:32:24 - [MESSAGE][PASSED] - Delayed 3 second(s)

2019-01-23 22:32:24 - [TEST_STEP][PASSED] - waitForElementClickable(findTestObject("UI/General/Log/a_userAvatar"), 5): Object 'Object Repository/UI/General/Log/a_userAvatar' is clickable

2019-01-23 22:32:24 - [MESSAGE][PASSED] - Object 'Object Repository/UI/General/Log/a_userAvatar' is clickable

2019-01-23 22:32:24 - [TEST_STEP][PASSED] - click(findTestObject("UI/General/Log/a_userAvatar")): Object: 'Object Repository/UI/General/Log/a_userAvatar' is clicked on

2019-01-23 22:32:24 - [MESSAGE][PASSED] - Object: 'Object Repository/UI/General/Log/a_userAvatar' is clicked on

2019-01-23 22:32:24 - [TEST_STEP][PASSED] - delay(1): Delayed 1 second(s)

2019-01-23 22:32:25 - [MESSAGE][PASSED] - Delayed 1 second(s)

2019-01-23 22:32:25 - [TEST_STEP][PASSED] - waitForElementClickable(findTestObject("UI/General/Log/a_signOutAMPS"), 5): Object 'Object Repository/UI/General/Log/a_signOutAMPS' is clickable

2019-01-23 22:32:25 - [MESSAGE][PASSED] - Object 'Object Repository/UI/General/Log/a_signOutAMPS' is clickable

2019-01-23 22:32:25 - [TEST_STEP][PASSED] - click(findTestObject("UI/General/Log/a_signOutAMPS")): Object: 'Object Repository/UI/General/Log/a_signOutAMPS' is clicked on

2019-01-23 22:32:25 - [MESSAGE][PASSED] - Object: 'Object Repository/UI/General/Log/a_signOutAMPS' is clicked on

2019-01-23 22:32:25 - [TEST_STEP][PASSED] - delay(1): Delayed 1 second(s)

2019-01-23 22:32:26 - [MESSAGE][PASSED] - Delayed 1 second(s)

2019-01-23 22:32:26 - [TEST_STEP][PASSED] - closeBrowser(): Browser is closed

2019-01-23 22:32:27 - [MESSAGE][PASSED] - Browser is closed]]></system-out>
         <system-err><![CDATA[]]></system-err>
      </testcase>
      <testcase name="Test Cases/UI/Client/Rule Editor/Edit Rule Set To Execute" classname="Test Cases/UI/Client/Rule Editor/Edit Rule Set To Execute" status="PASSED">
         <system-out><![CDATA[2019-01-23 22:32:27 - [TEST_CASE][PASSED] - Test Cases/UI/Client/Rule Editor/Edit Rule Set To Execute: Test Cases/UI/Client/Rule Editor/Edit Rule Set To Execute

2019-01-23 22:32:27 - [TEST_STEP][PASSED] - UAT = "https://uat.advancedpricing.com": null

2019-01-23 22:32:27 - [TEST_STEP][PASSED] - USER = "qaAuto": null

2019-01-23 22:32:27 - [TEST_STEP][PASSED] - PASSWD = "a9yk100dD": null

2019-01-23 22:32:27 - [TEST_STEP][PASSED] - VALIDTO = "12/31/2019": null

2019-01-23 22:32:27 - [TEST_STEP][PASSED] - RULENAME = "Date Creation Rule": null

2019-01-23 22:32:27 - [TEST_STEP][PASSED] - CONDITION = "Claim: Create Date": null

2019-01-23 22:32:27 - [TEST_STEP][PASSED] - CREATEDATE = "08/27/2018": null

2019-01-23 22:32:27 - [TEST_STEP][PASSED] - ACTION = "Generic: Log a Debug Message": null

2019-01-23 22:32:27 - [TEST_STEP][PASSED] - MESSAGE = "Testing Execution of Rules": null

2019-01-23 22:32:27 - [TEST_STEP][PASSED] - CLAIMID = "1027963": null

2019-01-23 22:32:27 - [TEST_STEP][PASSED] - openBrowser(""): Browser is opened with url: ''

2019-01-23 22:32:27 - [MESSAGE][INFO] - Starting 'Chrome' driver

2019-01-23 22:32:29 - [MESSAGE][PASSED] - Browser is opened with url: ''

2019-01-23 22:32:29 - [TEST_STEP][PASSED] - maximizeWindow(): Current window maximized

2019-01-23 22:32:30 - [MESSAGE][PASSED] - Current window maximized

2019-01-23 22:32:30 - [TEST_STEP][PASSED] - navigateToUrl(UAT): Navigate to 'https://uat.advancedpricing.com' successfully

2019-01-23 22:32:32 - [MESSAGE][PASSED] - Navigate to 'https://uat.advancedpricing.com' successfully

2019-01-23 22:32:32 - [TEST_STEP][PASSED] - waitForPageLoad(5): Wait for page load successfully

2019-01-23 22:32:32 - [MESSAGE][PASSED] - Wait for page load successfully

2019-01-23 22:32:32 - [TEST_STEP][PASSED] - setText(findTestObject("UI/Client/Claim Services/input_userCode"), USER): Text 'qaAuto' is set on object 'Object Repository/UI/Client/Claim Services/input_userCode'

2019-01-23 22:32:32 - [MESSAGE][PASSED] - Text 'qaAuto' is set on object 'Object Repository/UI/Client/Claim Services/input_userCode'

2019-01-23 22:32:32 - [TEST_STEP][PASSED] - setText(findTestObject("UI/Client/Claim Services/input_userPassword"), PASSWD): Text 'a9yk100dD' is set on object 'Object Repository/UI/Client/Claim Services/input_userPassword'

2019-01-23 22:32:32 - [MESSAGE][PASSED] - Text 'a9yk100dD' is set on object 'Object Repository/UI/Client/Claim Services/input_userPassword'

2019-01-23 22:32:32 - [TEST_STEP][PASSED] - waitForElementClickable(findTestObject("UI/Client/Claim Services/input_loginButton"), 5): Object 'Object Repository/UI/Client/Claim Services/input_loginButton' is clickable

2019-01-23 22:32:32 - [MESSAGE][PASSED] - Object 'Object Repository/UI/Client/Claim Services/input_loginButton' is clickable

2019-01-23 22:32:32 - [TEST_STEP][PASSED] - click(findTestObject("UI/Client/Claim Services/input_loginButton")): Object: 'Object Repository/UI/Client/Claim Services/input_loginButton' is clicked on

2019-01-23 22:32:32 - [MESSAGE][PASSED] - Object: 'Object Repository/UI/Client/Claim Services/input_loginButton' is clicked on

2019-01-23 22:32:32 - [TEST_STEP][PASSED] - delay(1): Delayed 1 second(s)

2019-01-23 22:32:33 - [MESSAGE][PASSED] - Delayed 1 second(s)

2019-01-23 22:32:33 - [TEST_STEP][PASSED] - waitForPageLoad(5): Wait for page load successfully

2019-01-23 22:32:33 - [MESSAGE][PASSED] - Wait for page load successfully

2019-01-23 22:32:33 - [TEST_STEP][PASSED] - waitForElementPresent(findTestObject("UI/Client/Rule Editor/h1_Clients"), 5): Object 'Object Repository/UI/Client/Rule Editor/h1_Clients' is present

2019-01-23 22:32:33 - [MESSAGE][PASSED] - Object 'Object Repository/UI/Client/Rule Editor/h1_Clients' is present

2019-01-23 22:32:33 - [TEST_STEP][PASSED] - pageTitle = getText(findTestObject("UI/Client/Rule Editor/h1_Clients")): Text of object 'Object Repository/UI/Client/Rule Editor/h1_Clients' is: 'Clients'

2019-01-23 22:32:33 - [MESSAGE][PASSED] - Text of object 'Object Repository/UI/Client/Rule Editor/h1_Clients' is: 'Clients'

2019-01-23 22:32:33 - [TEST_STEP][PASSED] - verifyMatch(pageTitle, "Clients", false): Actual text 'Clients' and expected text 'Clients' are matched 

2019-01-23 22:32:33 - [MESSAGE][PASSED] - Actual text 'Clients' and expected text 'Clients' are matched 

2019-01-23 22:32:33 - [TEST_STEP][PASSED] - delay(3): Delayed 3 second(s)

2019-01-23 22:32:36 - [MESSAGE][PASSED] - Delayed 3 second(s)

2019-01-23 22:32:36 - [TEST_STEP][PASSED] - waitForElementClickable(findTestObject("UI/Client/Rule Editor/span_ruleEditorMenu"), 5): Object 'Object Repository/UI/Client/Rule Editor/span_ruleEditorMenu' is clickable

2019-01-23 22:32:36 - [MESSAGE][PASSED] - Object 'Object Repository/UI/Client/Rule Editor/span_ruleEditorMenu' is clickable

2019-01-23 22:32:36 - [TEST_STEP][PASSED] - click(findTestObject("UI/Client/Rule Editor/span_ruleEditorMenu")): Object: 'Object Repository/UI/Client/Rule Editor/span_ruleEditorMenu' is clicked on

2019-01-23 22:32:37 - [MESSAGE][PASSED] - Object: 'Object Repository/UI/Client/Rule Editor/span_ruleEditorMenu' is clicked on

2019-01-23 22:32:37 - [TEST_STEP][PASSED] - delay(1): Delayed 1 second(s)

2019-01-23 22:32:38 - [MESSAGE][PASSED] - Delayed 1 second(s)

2019-01-23 22:32:38 - [TEST_STEP][PASSED] - waitForPageLoad(5): Wait for page load successfully

2019-01-23 22:32:38 - [MESSAGE][PASSED] - Wait for page load successfully

2019-01-23 22:32:38 - [TEST_STEP][PASSED] - waitForElementPresent(findTestObject("UI/Client/Rule Editor/h1_ruleEditor"), 5): Object 'Object Repository/UI/Client/Rule Editor/h1_ruleEditor' is present

2019-01-23 22:32:38 - [MESSAGE][PASSED] - Object 'Object Repository/UI/Client/Rule Editor/h1_ruleEditor' is present

2019-01-23 22:32:38 - [TEST_STEP][PASSED] - pageTitle = getText(findTestObject("UI/Client/Rule Editor/h1_ruleEditor")): Text of object 'Object Repository/UI/Client/Rule Editor/h1_ruleEditor' is: 'Rule Editor'

2019-01-23 22:32:38 - [MESSAGE][PASSED] - Text of object 'Object Repository/UI/Client/Rule Editor/h1_ruleEditor' is: 'Rule Editor'

2019-01-23 22:32:38 - [TEST_STEP][PASSED] - verifyMatch(pageTitle, "Rule Editor", false): Actual text 'Rule Editor' and expected text 'Rule Editor' are matched 

2019-01-23 22:32:38 - [MESSAGE][PASSED] - Actual text 'Rule Editor' and expected text 'Rule Editor' are matched 

2019-01-23 22:32:38 - [TEST_STEP][PASSED] - delay(3): Delayed 3 second(s)

2019-01-23 22:32:41 - [MESSAGE][PASSED] - Delayed 3 second(s)

2019-01-23 22:32:41 - [TEST_STEP][PASSED] - waitForElementClickable(findTestObject("UI/Client/Rule Editor/Edit Rule Set/a_editRuleSetIcon"), 5): Object 'Object Repository/UI/Client/Rule Editor/Edit Rule Set/a_editRuleSetIcon' is clickable

2019-01-23 22:32:41 - [MESSAGE][PASSED] - Object 'Object Repository/UI/Client/Rule Editor/Edit Rule Set/a_editRuleSetIcon' is clickable

2019-01-23 22:32:41 - [TEST_STEP][PASSED] - click(findTestObject("UI/Client/Rule Editor/Edit Rule Set/a_editRuleSetIcon")): Object: 'Object Repository/UI/Client/Rule Editor/Edit Rule Set/a_editRuleSetIcon' is clicked on

2019-01-23 22:32:41 - [MESSAGE][PASSED] - Object: 'Object Repository/UI/Client/Rule Editor/Edit Rule Set/a_editRuleSetIcon' is clicked on

2019-01-23 22:32:41 - [TEST_STEP][PASSED] - delay(1): Delayed 1 second(s)

2019-01-23 22:32:42 - [MESSAGE][PASSED] - Delayed 1 second(s)

2019-01-23 22:32:42 - [TEST_STEP][PASSED] - waitForPageLoad(5): Wait for page load successfully

2019-01-23 22:32:42 - [MESSAGE][PASSED] - Wait for page load successfully

2019-01-23 22:32:42 - [TEST_STEP][PASSED] - click(findTestObject("UI/Client/Rule Editor/Edit Rule Set/span_clearValidTo")): Object: 'Object Repository/UI/Client/Rule Editor/Edit Rule Set/span_clearValidTo' is clicked on

2019-01-23 22:32:42 - [MESSAGE][PASSED] - Object: 'Object Repository/UI/Client/Rule Editor/Edit Rule Set/span_clearValidTo' is clicked on

2019-01-23 22:32:42 - [TEST_STEP][PASSED] - delay(1): Delayed 1 second(s)

2019-01-23 22:32:43 - [MESSAGE][PASSED] - Delayed 1 second(s)

2019-01-23 22:32:43 - [TEST_STEP][PASSED] - waitForElementVisible(findTestObject("UI/Client/Rule Editor/Create Rule Set/input_validToDate"), 5): Object 'Object Repository/UI/Client/Rule Editor/Create Rule Set/input_validToDate' is visible

2019-01-23 22:32:43 - [MESSAGE][PASSED] - Object 'Object Repository/UI/Client/Rule Editor/Create Rule Set/input_validToDate' is visible

2019-01-23 22:32:43 - [TEST_STEP][PASSED] - setText(findTestObject("UI/Client/Rule Editor/Create Rule Set/input_validToDate"), VALIDTO): Text '12/31/2019' is set on object 'Object Repository/UI/Client/Rule Editor/Create Rule Set/input_validToDate'

2019-01-23 22:32:43 - [MESSAGE][PASSED] - Text '12/31/2019' is set on object 'Object Repository/UI/Client/Rule Editor/Create Rule Set/input_validToDate'

2019-01-23 22:32:43 - [TEST_STEP][PASSED] - delay(2): Delayed 2 second(s)

2019-01-23 22:32:45 - [MESSAGE][PASSED] - Delayed 2 second(s)

2019-01-23 22:32:45 - [TEST_STEP][PASSED] - waitForElementPresent(findTestObject("Object Repository/UI/Client/Rule Editor/Create Rule Set/a_addRuleToRuleSet"), 5): Object 'Object Repository/UI/Client/Rule Editor/Create Rule Set/a_addRuleToRuleSet' is present

2019-01-23 22:32:45 - [MESSAGE][PASSED] - Object 'Object Repository/UI/Client/Rule Editor/Create Rule Set/a_addRuleToRuleSet' is present

2019-01-23 22:32:45 - [TEST_STEP][PASSED] - waitForElementClickable(findTestObject("UI/Client/Rule Editor/Create Rule Set/a_addRuleToRuleSet"), 5): Object 'Object Repository/UI/Client/Rule Editor/Create Rule Set/a_addRuleToRuleSet' is clickable

2019-01-23 22:32:45 - [MESSAGE][PASSED] - Object 'Object Repository/UI/Client/Rule Editor/Create Rule Set/a_addRuleToRuleSet' is clickable

2019-01-23 22:32:45 - [TEST_STEP][PASSED] - click(findTestObject("UI/Client/Rule Editor/Create Rule Set/a_addRuleToRuleSet")): Object: 'Object Repository/UI/Client/Rule Editor/Create Rule Set/a_addRuleToRuleSet' is clicked on

2019-01-23 22:32:46 - [MESSAGE][PASSED] - Object: 'Object Repository/UI/Client/Rule Editor/Create Rule Set/a_addRuleToRuleSet' is clicked on

2019-01-23 22:32:46 - [TEST_STEP][PASSED] - delay(1): Delayed 1 second(s)

2019-01-23 22:32:47 - [MESSAGE][PASSED] - Delayed 1 second(s)

2019-01-23 22:32:47 - [TEST_STEP][PASSED] - waitForPageLoad(5): Wait for page load successfully

2019-01-23 22:32:47 - [MESSAGE][PASSED] - Wait for page load successfully

2019-01-23 22:32:47 - [TEST_STEP][PASSED] - waitForElementPresent(findTestObject("UI/Client/Rule Editor/Create Rule Set/h2_newRulesForm"), 5): Object 'Object Repository/UI/Client/Rule Editor/Create Rule Set/h2_newRulesForm' is present

2019-01-23 22:32:47 - [MESSAGE][PASSED] - Object 'Object Repository/UI/Client/Rule Editor/Create Rule Set/h2_newRulesForm' is present

2019-01-23 22:32:47 - [TEST_STEP][PASSED] - formTitle = getText(findTestObject("UI/Client/Rule Editor/Create Rule Set/h2_newRulesForm")): Text of object 'Object Repository/UI/Client/Rule Editor/Create Rule Set/h2_newRulesForm' is: 'New Rules'

2019-01-23 22:32:47 - [MESSAGE][PASSED] - Text of object 'Object Repository/UI/Client/Rule Editor/Create Rule Set/h2_newRulesForm' is: 'New Rules'

2019-01-23 22:32:47 - [TEST_STEP][PASSED] - verifyMatch(formTitle, "New Rules", false): Actual text 'New Rules' and expected text 'New Rules' are matched 

2019-01-23 22:32:47 - [MESSAGE][PASSED] - Actual text 'New Rules' and expected text 'New Rules' are matched 

2019-01-23 22:32:47 - [TEST_STEP][PASSED] - delay(3): Delayed 3 second(s)

2019-01-23 22:32:50 - [MESSAGE][PASSED] - Delayed 3 second(s)

2019-01-23 22:32:50 - [TEST_STEP][PASSED] - waitForElementVisible(findTestObject("UI/Client/Rule Editor/Create Rule Set/input_ruleName"), 5): Object 'Object Repository/UI/Client/Rule Editor/Create Rule Set/input_ruleName' is visible

2019-01-23 22:32:50 - [MESSAGE][PASSED] - Object 'Object Repository/UI/Client/Rule Editor/Create Rule Set/input_ruleName' is visible

2019-01-23 22:32:50 - [TEST_STEP][PASSED] - setText(findTestObject("UI/Client/Rule Editor/Create Rule Set/input_ruleName"), RULENAME): Text 'Date Creation Rule' is set on object 'Object Repository/UI/Client/Rule Editor/Create Rule Set/input_ruleName'

2019-01-23 22:32:50 - [MESSAGE][PASSED] - Text 'Date Creation Rule' is set on object 'Object Repository/UI/Client/Rule Editor/Create Rule Set/input_ruleName'

2019-01-23 22:32:50 - [TEST_STEP][PASSED] - delay(2): Delayed 2 second(s)

2019-01-23 22:32:52 - [MESSAGE][PASSED] - Delayed 2 second(s)

2019-01-23 22:32:52 - [TEST_STEP][PASSED] - waitForElementClickable(findTestObject("UI/Client/Rule Editor/Create Rule Set/select_addCondition"), 5): Object 'Object Repository/UI/Client/Rule Editor/Create Rule Set/select_addCondition' is clickable

2019-01-23 22:32:52 - [MESSAGE][PASSED] - Object 'Object Repository/UI/Client/Rule Editor/Create Rule Set/select_addCondition' is clickable

2019-01-23 22:32:52 - [TEST_STEP][PASSED] - click(findTestObject("UI/Client/Rule Editor/Create Rule Set/select_focusAddCondition")): Object: 'Object Repository/UI/Client/Rule Editor/Create Rule Set/select_focusAddCondition' is clicked on

2019-01-23 22:32:52 - [MESSAGE][PASSED] - Object: 'Object Repository/UI/Client/Rule Editor/Create Rule Set/select_focusAddCondition' is clicked on

2019-01-23 22:32:52 - [TEST_STEP][PASSED] - delay(1): Delayed 1 second(s)

2019-01-23 22:32:53 - [MESSAGE][PASSED] - Delayed 1 second(s)

2019-01-23 22:32:53 - [TEST_STEP][PASSED] - for ([i = 0, i < 12, (i++)]): Delayed 1 second(s)

2019-01-23 22:32:53 - [TEST_STEP][PASSED] - sendKeys(findTestObject("UI/Client/Rule Editor/Create Rule Set/select_addCondition"), Keys.chord(ARROW_DOWN)): Keys 'DOWN + ' sent to object: 'Object Repository/UI/Client/Rule Editor/Create Rule Set/select_addCondition'

2019-01-23 22:32:53 - [MESSAGE][PASSED] - Keys 'DOWN + ' sent to object: 'Object Repository/UI/Client/Rule Editor/Create Rule Set/select_addCondition'

2019-01-23 22:32:53 - [TEST_STEP][PASSED] - delay(1): Delayed 1 second(s)

2019-01-23 22:32:54 - [MESSAGE][PASSED] - Delayed 1 second(s)

2019-01-23 22:32:54 - [TEST_STEP][PASSED] - sendKeys(findTestObject("UI/Client/Rule Editor/Create Rule Set/select_addCondition"), Keys.chord(ARROW_DOWN)): Keys 'DOWN + ' sent to object: 'Object Repository/UI/Client/Rule Editor/Create Rule Set/select_addCondition'

2019-01-23 22:32:54 - [MESSAGE][PASSED] - Keys 'DOWN + ' sent to object: 'Object Repository/UI/Client/Rule Editor/Create Rule Set/select_addCondition'

2019-01-23 22:32:54 - [TEST_STEP][PASSED] - delay(1): Delayed 1 second(s)

2019-01-23 22:32:55 - [MESSAGE][PASSED] - Delayed 1 second(s)

2019-01-23 22:32:55 - [TEST_STEP][PASSED] - sendKeys(findTestObject("UI/Client/Rule Editor/Create Rule Set/select_addCondition"), Keys.chord(ARROW_DOWN)): Keys 'DOWN + ' sent to object: 'Object Repository/UI/Client/Rule Editor/Create Rule Set/select_addCondition'

2019-01-23 22:32:55 - [MESSAGE][PASSED] - Keys 'DOWN + ' sent to object: 'Object Repository/UI/Client/Rule Editor/Create Rule Set/select_addCondition'

2019-01-23 22:32:55 - [TEST_STEP][PASSED] - delay(1): Delayed 1 second(s)

2019-01-23 22:32:56 - [MESSAGE][PASSED] - Delayed 1 second(s)

2019-01-23 22:32:56 - [TEST_STEP][PASSED] - sendKeys(findTestObject("UI/Client/Rule Editor/Create Rule Set/select_addCondition"), Keys.chord(ARROW_DOWN)): Keys 'DOWN + ' sent to object: 'Object Repository/UI/Client/Rule Editor/Create Rule Set/select_addCondition'

2019-01-23 22:32:57 - [MESSAGE][PASSED] - Keys 'DOWN + ' sent to object: 'Object Repository/UI/Client/Rule Editor/Create Rule Set/select_addCondition'

2019-01-23 22:32:57 - [TEST_STEP][PASSED] - delay(1): Delayed 1 second(s)

2019-01-23 22:32:58 - [MESSAGE][PASSED] - Delayed 1 second(s)

2019-01-23 22:32:58 - [TEST_STEP][PASSED] - sendKeys(findTestObject("UI/Client/Rule Editor/Create Rule Set/select_addCondition"), Keys.chord(ARROW_DOWN)): Keys 'DOWN + ' sent to object: 'Object Repository/UI/Client/Rule Editor/Create Rule Set/select_addCondition'

2019-01-23 22:32:58 - [MESSAGE][PASSED] - Keys 'DOWN + ' sent to object: 'Object Repository/UI/Client/Rule Editor/Create Rule Set/select_addCondition'

2019-01-23 22:32:58 - [TEST_STEP][PASSED] - delay(1): Delayed 1 second(s)

2019-01-23 22:32:59 - [MESSAGE][PASSED] - Delayed 1 second(s)

2019-01-23 22:32:59 - [TEST_STEP][PASSED] - sendKeys(findTestObject("UI/Client/Rule Editor/Create Rule Set/select_addCondition"), Keys.chord(ARROW_DOWN)): Keys 'DOWN + ' sent to object: 'Object Repository/UI/Client/Rule Editor/Create Rule Set/select_addCondition'

2019-01-23 22:32:59 - [MESSAGE][PASSED] - Keys 'DOWN + ' sent to object: 'Object Repository/UI/Client/Rule Editor/Create Rule Set/select_addCondition'

2019-01-23 22:32:59 - [TEST_STEP][PASSED] - delay(1): Delayed 1 second(s)

2019-01-23 22:33:00 - [MESSAGE][PASSED] - Delayed 1 second(s)

2019-01-23 22:33:00 - [TEST_STEP][PASSED] - sendKeys(findTestObject("UI/Client/Rule Editor/Create Rule Set/select_addCondition"), Keys.chord(ARROW_DOWN)): Keys 'DOWN + ' sent to object: 'Object Repository/UI/Client/Rule Editor/Create Rule Set/select_addCondition'

2019-01-23 22:33:00 - [MESSAGE][PASSED] - Keys 'DOWN + ' sent to object: 'Object Repository/UI/Client/Rule Editor/Create Rule Set/select_addCondition'

2019-01-23 22:33:00 - [TEST_STEP][PASSED] - delay(1): Delayed 1 second(s)

2019-01-23 22:33:01 - [MESSAGE][PASSED] - Delayed 1 second(s)

2019-01-23 22:33:01 - [TEST_STEP][PASSED] - sendKeys(findTestObject("UI/Client/Rule Editor/Create Rule Set/select_addCondition"), Keys.chord(ARROW_DOWN)): Keys 'DOWN + ' sent to object: 'Object Repository/UI/Client/Rule Editor/Create Rule Set/select_addCondition'

2019-01-23 22:33:01 - [MESSAGE][PASSED] - Keys 'DOWN + ' sent to object: 'Object Repository/UI/Client/Rule Editor/Create Rule Set/select_addCondition'

2019-01-23 22:33:01 - [TEST_STEP][PASSED] - delay(1): Delayed 1 second(s)

2019-01-23 22:33:02 - [MESSAGE][PASSED] - Delayed 1 second(s)

2019-01-23 22:33:02 - [TEST_STEP][PASSED] - sendKeys(findTestObject("UI/Client/Rule Editor/Create Rule Set/select_addCondition"), Keys.chord(ARROW_DOWN)): Keys 'DOWN + ' sent to object: 'Object Repository/UI/Client/Rule Editor/Create Rule Set/select_addCondition'

2019-01-23 22:33:02 - [MESSAGE][PASSED] - Keys 'DOWN + ' sent to object: 'Object Repository/UI/Client/Rule Editor/Create Rule Set/select_addCondition'

2019-01-23 22:33:02 - [TEST_STEP][PASSED] - delay(1): Delayed 1 second(s)

2019-01-23 22:33:03 - [MESSAGE][PASSED] - Delayed 1 second(s)

2019-01-23 22:33:03 - [TEST_STEP][PASSED] - sendKeys(findTestObject("UI/Client/Rule Editor/Create Rule Set/select_addCondition"), Keys.chord(ARROW_DOWN)): Keys 'DOWN + ' sent to object: 'Object Repository/UI/Client/Rule Editor/Create Rule Set/select_addCondition'

2019-01-23 22:33:03 - [MESSAGE][PASSED] - Keys 'DOWN + ' sent to object: 'Object Repository/UI/Client/Rule Editor/Create Rule Set/select_addCondition'

2019-01-23 22:33:03 - [TEST_STEP][PASSED] - delay(1): Delayed 1 second(s)

2019-01-23 22:33:04 - [MESSAGE][PASSED] - Delayed 1 second(s)

2019-01-23 22:33:04 - [TEST_STEP][PASSED] - sendKeys(findTestObject("UI/Client/Rule Editor/Create Rule Set/select_addCondition"), Keys.chord(ARROW_DOWN)): Keys 'DOWN + ' sent to object: 'Object Repository/UI/Client/Rule Editor/Create Rule Set/select_addCondition'

2019-01-23 22:33:04 - [MESSAGE][PASSED] - Keys 'DOWN + ' sent to object: 'Object Repository/UI/Client/Rule Editor/Create Rule Set/select_addCondition'

2019-01-23 22:33:04 - [TEST_STEP][PASSED] - delay(1): Delayed 1 second(s)

2019-01-23 22:33:05 - [MESSAGE][PASSED] - Delayed 1 second(s)

2019-01-23 22:33:05 - [TEST_STEP][PASSED] - sendKeys(findTestObject("UI/Client/Rule Editor/Create Rule Set/select_addCondition"), Keys.chord(ARROW_DOWN)): Keys 'DOWN + ' sent to object: 'Object Repository/UI/Client/Rule Editor/Create Rule Set/select_addCondition'

2019-01-23 22:33:05 - [MESSAGE][PASSED] - Keys 'DOWN + ' sent to object: 'Object Repository/UI/Client/Rule Editor/Create Rule Set/select_addCondition'

2019-01-23 22:33:05 - [TEST_STEP][PASSED] - delay(1): Delayed 1 second(s)

2019-01-23 22:33:06 - [MESSAGE][PASSED] - Delayed 1 second(s)

2019-01-23 22:33:06 - [TEST_STEP][PASSED] - sendKeys(findTestObject("UI/Client/Rule Editor/Create Rule Set/select_addCondition"), Keys.chord(ENTER)): Keys 'ENTER + ' sent to object: 'Object Repository/UI/Client/Rule Editor/Create Rule Set/select_addCondition'

2019-01-23 22:33:06 - [MESSAGE][PASSED] - Keys 'ENTER + ' sent to object: 'Object Repository/UI/Client/Rule Editor/Create Rule Set/select_addCondition'

2019-01-23 22:33:06 - [TEST_STEP][PASSED] - delay(1): Delayed 1 second(s)

2019-01-23 22:33:07 - [MESSAGE][PASSED] - Delayed 1 second(s)

2019-01-23 22:33:07 - [TEST_STEP][PASSED] - waitForElementClickable(findTestObject("Object Repository/UI/Client/Rule Editor/Edit Rule Set/a_addConditionLogic"), 5): Object 'Object Repository/UI/Client/Rule Editor/Edit Rule Set/a_addConditionLogic' is clickable

2019-01-23 22:33:07 - [MESSAGE][PASSED] - Object 'Object Repository/UI/Client/Rule Editor/Edit Rule Set/a_addConditionLogic' is clickable

2019-01-23 22:33:07 - [TEST_STEP][PASSED] - click(findTestObject("Object Repository/UI/Client/Rule Editor/Edit Rule Set/a_addConditionLogic")): Object: 'Object Repository/UI/Client/Rule Editor/Edit Rule Set/a_addConditionLogic' is clicked on

2019-01-23 22:33:07 - [MESSAGE][PASSED] - Object: 'Object Repository/UI/Client/Rule Editor/Edit Rule Set/a_addConditionLogic' is clicked on

2019-01-23 22:33:07 - [TEST_STEP][PASSED] - delay(1): Delayed 1 second(s)

2019-01-23 22:33:08 - [MESSAGE][PASSED] - Delayed 1 second(s)

2019-01-23 22:33:08 - [TEST_STEP][PASSED] - waitForElementPresent(findTestObject("Object Repository/UI/Client/Rule Editor/Edit Rule Set/div_conditionForm"), 5): Object 'Object Repository/UI/Client/Rule Editor/Edit Rule Set/div_conditionForm' is present

2019-01-23 22:33:08 - [MESSAGE][PASSED] - Object 'Object Repository/UI/Client/Rule Editor/Edit Rule Set/div_conditionForm' is present

2019-01-23 22:33:08 - [TEST_STEP][PASSED] - formTitle = getText(findTestObject("Object Repository/UI/Client/Rule Editor/Edit Rule Set/div_conditionForm")): Text of object 'Object Repository/UI/Client/Rule Editor/Edit Rule Set/div_conditionForm' is: 'Claim: Create Date'

2019-01-23 22:33:08 - [MESSAGE][PASSED] - Text of object 'Object Repository/UI/Client/Rule Editor/Edit Rule Set/div_conditionForm' is: 'Claim: Create Date'

2019-01-23 22:33:08 - [TEST_STEP][PASSED] - verifyMatch(formTitle, CONDITION, false): Actual text 'Claim: Create Date' and expected text 'Claim: Create Date' are matched 

2019-01-23 22:33:08 - [MESSAGE][PASSED] - Actual text 'Claim: Create Date' and expected text 'Claim: Create Date' are matched 

2019-01-23 22:33:08 - [TEST_STEP][PASSED] - waitForElementClickable(findTestObject("Object Repository/UI/Client/Rule Editor/Edit Rule Set/span_clearDate"), 5): Object 'Object Repository/UI/Client/Rule Editor/Edit Rule Set/span_clearDate' is clickable

2019-01-23 22:33:09 - [MESSAGE][PASSED] - Object 'Object Repository/UI/Client/Rule Editor/Edit Rule Set/span_clearDate' is clickable

2019-01-23 22:33:09 - [TEST_STEP][PASSED] - click(findTestObject("Object Repository/UI/Client/Rule Editor/Edit Rule Set/span_clearDate")): Object: 'Object Repository/UI/Client/Rule Editor/Edit Rule Set/span_clearDate' is clicked on

2019-01-23 22:33:09 - [MESSAGE][PASSED] - Object: 'Object Repository/UI/Client/Rule Editor/Edit Rule Set/span_clearDate' is clicked on

2019-01-23 22:33:09 - [TEST_STEP][PASSED] - delay(1): Delayed 1 second(s)

2019-01-23 22:33:10 - [MESSAGE][PASSED] - Delayed 1 second(s)

2019-01-23 22:33:10 - [TEST_STEP][PASSED] - setText(findTestObject("Object Repository/UI/Client/Rule Editor/Edit Rule Set/input_dateCreated"), CREATEDATE): Text '08/27/2018' is set on object 'Object Repository/UI/Client/Rule Editor/Edit Rule Set/input_dateCreated'

2019-01-23 22:33:10 - [MESSAGE][PASSED] - Text '08/27/2018' is set on object 'Object Repository/UI/Client/Rule Editor/Edit Rule Set/input_dateCreated'

2019-01-23 22:33:10 - [TEST_STEP][PASSED] - sendKeys(findTestObject("UI/Client/Rule Editor/Edit Rule Set/input_dateCreated"), Keys.chord(TAB)): Keys 'TAB + ' sent to object: 'Object Repository/UI/Client/Rule Editor/Edit Rule Set/input_dateCreated'

2019-01-23 22:33:10 - [MESSAGE][PASSED] - Keys 'TAB + ' sent to object: 'Object Repository/UI/Client/Rule Editor/Edit Rule Set/input_dateCreated'

2019-01-23 22:33:10 - [TEST_STEP][PASSED] - delay(1): Delayed 1 second(s)

2019-01-23 22:33:11 - [MESSAGE][PASSED] - Delayed 1 second(s)

2019-01-23 22:33:11 - [TEST_STEP][PASSED] - waitForElementClickable(findTestObject("UI/Client/Rule Editor/Create Rule Set/select_addAction"), 5): Object 'Object Repository/UI/Client/Rule Editor/Create Rule Set/select_addAction' is clickable

2019-01-23 22:33:11 - [MESSAGE][PASSED] - Object 'Object Repository/UI/Client/Rule Editor/Create Rule Set/select_addAction' is clickable

2019-01-23 22:33:11 - [TEST_STEP][PASSED] - click(findTestObject("UI/Client/Rule Editor/Create Rule Set/select_addAction")): Object: 'Object Repository/UI/Client/Rule Editor/Create Rule Set/select_addAction' is clicked on

2019-01-23 22:33:11 - [MESSAGE][PASSED] - Object: 'Object Repository/UI/Client/Rule Editor/Create Rule Set/select_addAction' is clicked on

2019-01-23 22:33:11 - [TEST_STEP][PASSED] - delay(1): Delayed 1 second(s)

2019-01-23 22:33:12 - [MESSAGE][PASSED] - Delayed 1 second(s)

2019-01-23 22:33:12 - [TEST_STEP][PASSED] - for ([i = 0, i < 16, (i++)]): Delayed 1 second(s)

2019-01-23 22:33:12 - [TEST_STEP][PASSED] - sendKeys(findTestObject("UI/Client/Rule Editor/Create Rule Set/select_focusAddAction"), Keys.chord(ARROW_DOWN)): Keys 'DOWN + ' sent to object: 'Object Repository/UI/Client/Rule Editor/Create Rule Set/select_focusAddAction'

2019-01-23 22:33:12 - [MESSAGE][PASSED] - Keys 'DOWN + ' sent to object: 'Object Repository/UI/Client/Rule Editor/Create Rule Set/select_focusAddAction'

2019-01-23 22:33:12 - [TEST_STEP][PASSED] - delay(1): Delayed 1 second(s)

2019-01-23 22:33:13 - [MESSAGE][PASSED] - Delayed 1 second(s)

2019-01-23 22:33:13 - [TEST_STEP][PASSED] - sendKeys(findTestObject("UI/Client/Rule Editor/Create Rule Set/select_focusAddAction"), Keys.chord(ARROW_DOWN)): Keys 'DOWN + ' sent to object: 'Object Repository/UI/Client/Rule Editor/Create Rule Set/select_focusAddAction'

2019-01-23 22:33:13 - [MESSAGE][PASSED] - Keys 'DOWN + ' sent to object: 'Object Repository/UI/Client/Rule Editor/Create Rule Set/select_focusAddAction'

2019-01-23 22:33:13 - [TEST_STEP][PASSED] - delay(1): Delayed 1 second(s)

2019-01-23 22:33:14 - [MESSAGE][PASSED] - Delayed 1 second(s)

2019-01-23 22:33:14 - [TEST_STEP][PASSED] - sendKeys(findTestObject("UI/Client/Rule Editor/Create Rule Set/select_focusAddAction"), Keys.chord(ARROW_DOWN)): Keys 'DOWN + ' sent to object: 'Object Repository/UI/Client/Rule Editor/Create Rule Set/select_focusAddAction'

2019-01-23 22:33:14 - [MESSAGE][PASSED] - Keys 'DOWN + ' sent to object: 'Object Repository/UI/Client/Rule Editor/Create Rule Set/select_focusAddAction'

2019-01-23 22:33:14 - [TEST_STEP][PASSED] - delay(1): Delayed 1 second(s)

2019-01-23 22:33:15 - [MESSAGE][PASSED] - Delayed 1 second(s)

2019-01-23 22:33:15 - [TEST_STEP][PASSED] - sendKeys(findTestObject("UI/Client/Rule Editor/Create Rule Set/select_focusAddAction"), Keys.chord(ARROW_DOWN)): Keys 'DOWN + ' sent to object: 'Object Repository/UI/Client/Rule Editor/Create Rule Set/select_focusAddAction'

2019-01-23 22:33:15 - [MESSAGE][PASSED] - Keys 'DOWN + ' sent to object: 'Object Repository/UI/Client/Rule Editor/Create Rule Set/select_focusAddAction'

2019-01-23 22:33:15 - [TEST_STEP][PASSED] - delay(1): Delayed 1 second(s)

2019-01-23 22:33:16 - [MESSAGE][PASSED] - Delayed 1 second(s)

2019-01-23 22:33:16 - [TEST_STEP][PASSED] - sendKeys(findTestObject("UI/Client/Rule Editor/Create Rule Set/select_focusAddAction"), Keys.chord(ARROW_DOWN)): Keys 'DOWN + ' sent to object: 'Object Repository/UI/Client/Rule Editor/Create Rule Set/select_focusAddAction'

2019-01-23 22:33:16 - [MESSAGE][PASSED] - Keys 'DOWN + ' sent to object: 'Object Repository/UI/Client/Rule Editor/Create Rule Set/select_focusAddAction'

2019-01-23 22:33:16 - [TEST_STEP][PASSED] - delay(1): Delayed 1 second(s)

2019-01-23 22:33:17 - [MESSAGE][PASSED] - Delayed 1 second(s)

2019-01-23 22:33:17 - [TEST_STEP][PASSED] - sendKeys(findTestObject("UI/Client/Rule Editor/Create Rule Set/select_focusAddAction"), Keys.chord(ARROW_DOWN)): Keys 'DOWN + ' sent to object: 'Object Repository/UI/Client/Rule Editor/Create Rule Set/select_focusAddAction'

2019-01-23 22:33:17 - [MESSAGE][PASSED] - Keys 'DOWN + ' sent to object: 'Object Repository/UI/Client/Rule Editor/Create Rule Set/select_focusAddAction'

2019-01-23 22:33:17 - [TEST_STEP][PASSED] - delay(1): Delayed 1 second(s)

2019-01-23 22:33:18 - [MESSAGE][PASSED] - Delayed 1 second(s)

2019-01-23 22:33:18 - [TEST_STEP][PASSED] - sendKeys(findTestObject("UI/Client/Rule Editor/Create Rule Set/select_focusAddAction"), Keys.chord(ARROW_DOWN)): Keys 'DOWN + ' sent to object: 'Object Repository/UI/Client/Rule Editor/Create Rule Set/select_focusAddAction'

2019-01-23 22:33:18 - [MESSAGE][PASSED] - Keys 'DOWN + ' sent to object: 'Object Repository/UI/Client/Rule Editor/Create Rule Set/select_focusAddAction'

2019-01-23 22:33:18 - [TEST_STEP][PASSED] - delay(1): Delayed 1 second(s)

2019-01-23 22:33:19 - [MESSAGE][PASSED] - Delayed 1 second(s)

2019-01-23 22:33:19 - [TEST_STEP][PASSED] - sendKeys(findTestObject("UI/Client/Rule Editor/Create Rule Set/select_focusAddAction"), Keys.chord(ARROW_DOWN)): Keys 'DOWN + ' sent to object: 'Object Repository/UI/Client/Rule Editor/Create Rule Set/select_focusAddAction'

2019-01-23 22:33:20 - [MESSAGE][PASSED] - Keys 'DOWN + ' sent to object: 'Object Repository/UI/Client/Rule Editor/Create Rule Set/select_focusAddAction'

2019-01-23 22:33:20 - [TEST_STEP][PASSED] - delay(1): Delayed 1 second(s)

2019-01-23 22:33:21 - [MESSAGE][PASSED] - Delayed 1 second(s)

2019-01-23 22:33:21 - [TEST_STEP][PASSED] - sendKeys(findTestObject("UI/Client/Rule Editor/Create Rule Set/select_focusAddAction"), Keys.chord(ARROW_DOWN)): Keys 'DOWN + ' sent to object: 'Object Repository/UI/Client/Rule Editor/Create Rule Set/select_focusAddAction'

2019-01-23 22:33:21 - [MESSAGE][PASSED] - Keys 'DOWN + ' sent to object: 'Object Repository/UI/Client/Rule Editor/Create Rule Set/select_focusAddAction'

2019-01-23 22:33:21 - [TEST_STEP][PASSED] - delay(1): Delayed 1 second(s)

2019-01-23 22:33:22 - [MESSAGE][PASSED] - Delayed 1 second(s)

2019-01-23 22:33:22 - [TEST_STEP][PASSED] - sendKeys(findTestObject("UI/Client/Rule Editor/Create Rule Set/select_focusAddAction"), Keys.chord(ARROW_DOWN)): Keys 'DOWN + ' sent to object: 'Object Repository/UI/Client/Rule Editor/Create Rule Set/select_focusAddAction'

2019-01-23 22:33:22 - [MESSAGE][PASSED] - Keys 'DOWN + ' sent to object: 'Object Repository/UI/Client/Rule Editor/Create Rule Set/select_focusAddAction'

2019-01-23 22:33:22 - [TEST_STEP][PASSED] - delay(1): Delayed 1 second(s)

2019-01-23 22:33:23 - [MESSAGE][PASSED] - Delayed 1 second(s)

2019-01-23 22:33:23 - [TEST_STEP][PASSED] - sendKeys(findTestObject("UI/Client/Rule Editor/Create Rule Set/select_focusAddAction"), Keys.chord(ARROW_DOWN)): Keys 'DOWN + ' sent to object: 'Object Repository/UI/Client/Rule Editor/Create Rule Set/select_focusAddAction'

2019-01-23 22:33:23 - [MESSAGE][PASSED] - Keys 'DOWN + ' sent to object: 'Object Repository/UI/Client/Rule Editor/Create Rule Set/select_focusAddAction'

2019-01-23 22:33:23 - [TEST_STEP][PASSED] - delay(1): Delayed 1 second(s)

2019-01-23 22:33:24 - [MESSAGE][PASSED] - Delayed 1 second(s)

2019-01-23 22:33:24 - [TEST_STEP][PASSED] - sendKeys(findTestObject("UI/Client/Rule Editor/Create Rule Set/select_focusAddAction"), Keys.chord(ARROW_DOWN)): Keys 'DOWN + ' sent to object: 'Object Repository/UI/Client/Rule Editor/Create Rule Set/select_focusAddAction'

2019-01-23 22:33:24 - [MESSAGE][PASSED] - Keys 'DOWN + ' sent to object: 'Object Repository/UI/Client/Rule Editor/Create Rule Set/select_focusAddAction'

2019-01-23 22:33:24 - [TEST_STEP][PASSED] - delay(1): Delayed 1 second(s)

2019-01-23 22:33:25 - [MESSAGE][PASSED] - Delayed 1 second(s)

2019-01-23 22:33:25 - [TEST_STEP][PASSED] - sendKeys(findTestObject("UI/Client/Rule Editor/Create Rule Set/select_focusAddAction"), Keys.chord(ARROW_DOWN)): Keys 'DOWN + ' sent to object: 'Object Repository/UI/Client/Rule Editor/Create Rule Set/select_focusAddAction'

2019-01-23 22:33:25 - [MESSAGE][PASSED] - Keys 'DOWN + ' sent to object: 'Object Repository/UI/Client/Rule Editor/Create Rule Set/select_focusAddAction'

2019-01-23 22:33:25 - [TEST_STEP][PASSED] - delay(1): Delayed 1 second(s)

2019-01-23 22:33:26 - [MESSAGE][PASSED] - Delayed 1 second(s)

2019-01-23 22:33:26 - [TEST_STEP][PASSED] - sendKeys(findTestObject("UI/Client/Rule Editor/Create Rule Set/select_focusAddAction"), Keys.chord(ARROW_DOWN)): Keys 'DOWN + ' sent to object: 'Object Repository/UI/Client/Rule Editor/Create Rule Set/select_focusAddAction'

2019-01-23 22:33:26 - [MESSAGE][PASSED] - Keys 'DOWN + ' sent to object: 'Object Repository/UI/Client/Rule Editor/Create Rule Set/select_focusAddAction'

2019-01-23 22:33:26 - [TEST_STEP][PASSED] - delay(1): Delayed 1 second(s)

2019-01-23 22:33:27 - [MESSAGE][PASSED] - Delayed 1 second(s)

2019-01-23 22:33:27 - [TEST_STEP][PASSED] - sendKeys(findTestObject("UI/Client/Rule Editor/Create Rule Set/select_focusAddAction"), Keys.chord(ARROW_DOWN)): Keys 'DOWN + ' sent to object: 'Object Repository/UI/Client/Rule Editor/Create Rule Set/select_focusAddAction'

2019-01-23 22:33:27 - [MESSAGE][PASSED] - Keys 'DOWN + ' sent to object: 'Object Repository/UI/Client/Rule Editor/Create Rule Set/select_focusAddAction'

2019-01-23 22:33:27 - [TEST_STEP][PASSED] - delay(1): Delayed 1 second(s)

2019-01-23 22:33:28 - [MESSAGE][PASSED] - Delayed 1 second(s)

2019-01-23 22:33:28 - [TEST_STEP][PASSED] - sendKeys(findTestObject("UI/Client/Rule Editor/Create Rule Set/select_focusAddAction"), Keys.chord(ARROW_DOWN)): Keys 'DOWN + ' sent to object: 'Object Repository/UI/Client/Rule Editor/Create Rule Set/select_focusAddAction'

2019-01-23 22:33:28 - [MESSAGE][PASSED] - Keys 'DOWN + ' sent to object: 'Object Repository/UI/Client/Rule Editor/Create Rule Set/select_focusAddAction'

2019-01-23 22:33:28 - [TEST_STEP][PASSED] - delay(1): Delayed 1 second(s)

2019-01-23 22:33:29 - [MESSAGE][PASSED] - Delayed 1 second(s)

2019-01-23 22:33:29 - [TEST_STEP][PASSED] - sendKeys(findTestObject("UI/Client/Rule Editor/Create Rule Set/select_focusAddAction"), Keys.chord(ENTER)): Keys 'ENTER + ' sent to object: 'Object Repository/UI/Client/Rule Editor/Create Rule Set/select_focusAddAction'

2019-01-23 22:33:29 - [MESSAGE][PASSED] - Keys 'ENTER + ' sent to object: 'Object Repository/UI/Client/Rule Editor/Create Rule Set/select_focusAddAction'

2019-01-23 22:33:29 - [TEST_STEP][PASSED] - delay(3): Delayed 3 second(s)

2019-01-23 22:33:32 - [MESSAGE][PASSED] - Delayed 3 second(s)

2019-01-23 22:33:32 - [TEST_STEP][PASSED] - waitForElementClickable(findTestObject("Object Repository/UI/Client/Rule Editor/Edit Rule Set/a_addAction"), 5): Object 'Object Repository/UI/Client/Rule Editor/Edit Rule Set/a_addAction' is clickable

2019-01-23 22:33:32 - [MESSAGE][PASSED] - Object 'Object Repository/UI/Client/Rule Editor/Edit Rule Set/a_addAction' is clickable

2019-01-23 22:33:32 - [TEST_STEP][PASSED] - click(findTestObject("Object Repository/UI/Client/Rule Editor/Edit Rule Set/a_addAction")): Object: 'Object Repository/UI/Client/Rule Editor/Edit Rule Set/a_addAction' is clicked on

2019-01-23 22:33:32 - [MESSAGE][PASSED] - Object: 'Object Repository/UI/Client/Rule Editor/Edit Rule Set/a_addAction' is clicked on

2019-01-23 22:33:32 - [TEST_STEP][PASSED] - delay(3): Delayed 3 second(s)

2019-01-23 22:33:35 - [MESSAGE][PASSED] - Delayed 3 second(s)

2019-01-23 22:33:35 - [TEST_STEP][PASSED] - waitForElementPresent(findTestObject("Object Repository/UI/Client/Rule Editor/Edit Rule Set/div_actionForm"), 5): Object 'Object Repository/UI/Client/Rule Editor/Edit Rule Set/div_actionForm' is present

2019-01-23 22:33:35 - [MESSAGE][PASSED] - Object 'Object Repository/UI/Client/Rule Editor/Edit Rule Set/div_actionForm' is present

2019-01-23 22:33:35 - [TEST_STEP][PASSED] - formTitle = getText(findTestObject("Object Repository/UI/Client/Rule Editor/Edit Rule Set/div_actionForm")): Text of object 'Object Repository/UI/Client/Rule Editor/Edit Rule Set/div_actionForm' is: 'Generic: Log a Debug Message'

2019-01-23 22:33:35 - [MESSAGE][PASSED] - Text of object 'Object Repository/UI/Client/Rule Editor/Edit Rule Set/div_actionForm' is: 'Generic: Log a Debug Message'

2019-01-23 22:33:35 - [TEST_STEP][PASSED] - waitForElementVisible(findTestObject("Object Repository/UI/Client/Rule Editor/Edit Rule Set/input_debugMessage"), 5): Object 'Object Repository/UI/Client/Rule Editor/Edit Rule Set/input_debugMessage' is visible

2019-01-23 22:33:36 - [MESSAGE][PASSED] - Object 'Object Repository/UI/Client/Rule Editor/Edit Rule Set/input_debugMessage' is visible

2019-01-23 22:33:36 - [TEST_STEP][PASSED] - setText(findTestObject("Object Repository/UI/Client/Rule Editor/Edit Rule Set/input_debugMessage"), MESSAGE): Text 'Testing Execution of Rules' is set on object 'Object Repository/UI/Client/Rule Editor/Edit Rule Set/input_debugMessage'

2019-01-23 22:33:36 - [MESSAGE][PASSED] - Text 'Testing Execution of Rules' is set on object 'Object Repository/UI/Client/Rule Editor/Edit Rule Set/input_debugMessage'

2019-01-23 22:33:36 - [TEST_STEP][PASSED] - delay(1): Delayed 1 second(s)

2019-01-23 22:33:37 - [MESSAGE][PASSED] - Delayed 1 second(s)

2019-01-23 22:33:37 - [TEST_STEP][PASSED] - waitForElementClickable(findTestObject("UI/Client/Rule Editor/Create Rule Set/button_saveRule"), 5): Object 'Object Repository/UI/Client/Rule Editor/Create Rule Set/button_saveRule' is clickable

2019-01-23 22:33:37 - [MESSAGE][PASSED] - Object 'Object Repository/UI/Client/Rule Editor/Create Rule Set/button_saveRule' is clickable

2019-01-23 22:33:37 - [TEST_STEP][PASSED] - click(findTestObject("UI/Client/Rule Editor/Create Rule Set/button_saveRule")): Object: 'Object Repository/UI/Client/Rule Editor/Create Rule Set/button_saveRule' is clicked on

2019-01-23 22:33:37 - [MESSAGE][PASSED] - Object: 'Object Repository/UI/Client/Rule Editor/Create Rule Set/button_saveRule' is clicked on

2019-01-23 22:33:37 - [TEST_STEP][PASSED] - delay(1): Delayed 1 second(s)

2019-01-23 22:33:38 - [MESSAGE][PASSED] - Delayed 1 second(s)

2019-01-23 22:33:38 - [TEST_STEP][PASSED] - waitForPageLoad(5): Wait for page load successfully

2019-01-23 22:33:38 - [MESSAGE][PASSED] - Wait for page load successfully

2019-01-23 22:33:38 - [TEST_STEP][PASSED] - verifyElementPresent(findTestObject("UI/Client/Rule Editor/Create Rule Set/span_firstRule"), 5): Object 'Object Repository/UI/Client/Rule Editor/Create Rule Set/span_firstRule' is present

2019-01-23 22:33:38 - [MESSAGE][PASSED] - Object 'Object Repository/UI/Client/Rule Editor/Create Rule Set/span_firstRule' is present

2019-01-23 22:33:38 - [TEST_STEP][PASSED] - delay(2): Delayed 2 second(s)

2019-01-23 22:33:40 - [MESSAGE][PASSED] - Delayed 2 second(s)

2019-01-23 22:33:40 - [TEST_STEP][PASSED] - waitForElementClickable(findTestObject("UI/Client/Rule Editor/Create Rule Set/button_saveRuleSet"), 5): Object 'Object Repository/UI/Client/Rule Editor/Create Rule Set/button_saveRuleSet' is clickable

2019-01-23 22:33:40 - [MESSAGE][PASSED] - Object 'Object Repository/UI/Client/Rule Editor/Create Rule Set/button_saveRuleSet' is clickable

2019-01-23 22:33:40 - [TEST_STEP][PASSED] - click(findTestObject("UI/Client/Rule Editor/Create Rule Set/button_saveRuleSet")): Object: 'Object Repository/UI/Client/Rule Editor/Create Rule Set/button_saveRuleSet' is clicked on

2019-01-23 22:33:40 - [MESSAGE][PASSED] - Object: 'Object Repository/UI/Client/Rule Editor/Create Rule Set/button_saveRuleSet' is clicked on

2019-01-23 22:33:40 - [TEST_STEP][PASSED] - delay(1): Delayed 1 second(s)

2019-01-23 22:33:41 - [MESSAGE][PASSED] - Delayed 1 second(s)

2019-01-23 22:33:41 - [TEST_STEP][PASSED] - waitForPageLoad(5): Wait for page load successfully

2019-01-23 22:33:41 - [MESSAGE][PASSED] - Wait for page load successfully

2019-01-23 22:33:41 - [TEST_STEP][PASSED] - waitForElementPresent(findTestObject("UI/Client/Rule Editor/Create Rule Set/div_alertRuleAdded"), 5): Object 'Object Repository/UI/Client/Rule Editor/Create Rule Set/div_alertRuleAdded' is present

2019-01-23 22:33:41 - [MESSAGE][PASSED] - Object 'Object Repository/UI/Client/Rule Editor/Create Rule Set/div_alertRuleAdded' is present

2019-01-23 22:33:41 - [TEST_STEP][PASSED] - waitForElementVisible(findTestObject("UI/Client/Rule Editor/Create Rule Set/div_alertRuleAdded"), 5): Object 'Object Repository/UI/Client/Rule Editor/Create Rule Set/div_alertRuleAdded' is visible

2019-01-23 22:33:42 - [MESSAGE][PASSED] - Object 'Object Repository/UI/Client/Rule Editor/Create Rule Set/div_alertRuleAdded' is visible

2019-01-23 22:33:42 - [TEST_STEP][PASSED] - focus(findTestObject("UI/Client/Rule Editor/Create Rule Set/div_alertRuleAdded")): Object: 'Object Repository/UI/Client/Rule Editor/Create Rule Set/div_alertRuleAdded' is focused

2019-01-23 22:33:42 - [MESSAGE][PASSED] - Object: 'Object Repository/UI/Client/Rule Editor/Create Rule Set/div_alertRuleAdded' is focused

2019-01-23 22:33:42 - [TEST_STEP][PASSED] - click(findTestObject("UI/Client/Rule Editor/Create Rule Set/button_acceptRuleAddedPopUp")): Object: 'Object Repository/UI/Client/Rule Editor/Create Rule Set/button_acceptRuleAddedPopUp' is clicked on

2019-01-23 22:33:42 - [MESSAGE][PASSED] - Object: 'Object Repository/UI/Client/Rule Editor/Create Rule Set/button_acceptRuleAddedPopUp' is clicked on

2019-01-23 22:33:42 - [TEST_STEP][PASSED] - delay(1): Delayed 1 second(s)

2019-01-23 22:33:43 - [MESSAGE][PASSED] - Delayed 1 second(s)

2019-01-23 22:33:43 - [TEST_STEP][PASSED] - waitForPageLoad(5): Wait for page load successfully

2019-01-23 22:33:43 - [MESSAGE][PASSED] - Wait for page load successfully

2019-01-23 22:33:43 - [TEST_STEP][PASSED] - delay(3): Delayed 3 second(s)

2019-01-23 22:33:46 - [MESSAGE][PASSED] - Delayed 3 second(s)

2019-01-23 22:33:46 - [TEST_STEP][PASSED] - waitForElementClickable(findTestObject("UI/General/Log/a_userAvatar"), 5): Object 'Object Repository/UI/General/Log/a_userAvatar' is clickable

2019-01-23 22:33:46 - [MESSAGE][PASSED] - Object 'Object Repository/UI/General/Log/a_userAvatar' is clickable

2019-01-23 22:33:46 - [TEST_STEP][PASSED] - click(findTestObject("UI/General/Log/a_userAvatar")): Object: 'Object Repository/UI/General/Log/a_userAvatar' is clicked on

2019-01-23 22:33:46 - [MESSAGE][PASSED] - Object: 'Object Repository/UI/General/Log/a_userAvatar' is clicked on

2019-01-23 22:33:46 - [TEST_STEP][PASSED] - delay(1): Delayed 1 second(s)

2019-01-23 22:33:47 - [MESSAGE][PASSED] - Delayed 1 second(s)

2019-01-23 22:33:47 - [TEST_STEP][PASSED] - waitForElementClickable(findTestObject("UI/General/Log/a_signOutAMPS"), 5): Object 'Object Repository/UI/General/Log/a_signOutAMPS' is clickable

2019-01-23 22:33:47 - [MESSAGE][PASSED] - Object 'Object Repository/UI/General/Log/a_signOutAMPS' is clickable

2019-01-23 22:33:47 - [TEST_STEP][PASSED] - click(findTestObject("UI/General/Log/a_signOutAMPS")): Object: 'Object Repository/UI/General/Log/a_signOutAMPS' is clicked on

2019-01-23 22:33:47 - [MESSAGE][PASSED] - Object: 'Object Repository/UI/General/Log/a_signOutAMPS' is clicked on

2019-01-23 22:33:47 - [TEST_STEP][PASSED] - delay(1): Delayed 1 second(s)

2019-01-23 22:33:48 - [MESSAGE][PASSED] - Delayed 1 second(s)

2019-01-23 22:33:48 - [TEST_STEP][PASSED] - closeBrowser(): Browser is closed

2019-01-23 22:33:49 - [MESSAGE][PASSED] - Browser is closed]]></system-out>
         <system-err><![CDATA[]]></system-err>
      </testcase>
      <testcase name="Test Cases/UI/Client/Rule Editor/Execute Rule Set Successful" classname="Test Cases/UI/Client/Rule Editor/Execute Rule Set Successful" status="PASSED">
         <system-out><![CDATA[2019-01-23 22:33:49 - [TEST_CASE][PASSED] - Test Cases/UI/Client/Rule Editor/Execute Rule Set Successful: Test Cases/UI/Client/Rule Editor/Execute Rule Set Successful

2019-01-23 22:33:49 - [TEST_STEP][PASSED] - UAT = "https://uat.advancedpricing.com": null

2019-01-23 22:33:49 - [TEST_STEP][PASSED] - USER = "qaAuto": null

2019-01-23 22:33:49 - [TEST_STEP][PASSED] - PASSWD = "a9yk100dD": null

2019-01-23 22:33:49 - [TEST_STEP][PASSED] - RULENAME = "Date Creation Rule": null

2019-01-23 22:33:49 - [TEST_STEP][PASSED] - CLAIMID = "1027963": null

2019-01-23 22:33:49 - [TEST_STEP][PASSED] - openBrowser(""): Browser is opened with url: ''

2019-01-23 22:33:49 - [MESSAGE][INFO] - Starting 'Chrome' driver

2019-01-23 22:33:51 - [MESSAGE][PASSED] - Browser is opened with url: ''

2019-01-23 22:33:51 - [TEST_STEP][PASSED] - maximizeWindow(): Current window maximized

2019-01-23 22:33:52 - [MESSAGE][PASSED] - Current window maximized

2019-01-23 22:33:52 - [TEST_STEP][PASSED] - navigateToUrl(UAT): Navigate to 'https://uat.advancedpricing.com' successfully

2019-01-23 22:33:54 - [MESSAGE][PASSED] - Navigate to 'https://uat.advancedpricing.com' successfully

2019-01-23 22:33:54 - [TEST_STEP][PASSED] - waitForPageLoad(5): Wait for page load successfully

2019-01-23 22:33:54 - [MESSAGE][PASSED] - Wait for page load successfully

2019-01-23 22:33:54 - [TEST_STEP][PASSED] - setText(findTestObject("UI/Client/Claim Services/input_userCode"), USER): Text 'qaAuto' is set on object 'Object Repository/UI/Client/Claim Services/input_userCode'

2019-01-23 22:33:54 - [MESSAGE][PASSED] - Text 'qaAuto' is set on object 'Object Repository/UI/Client/Claim Services/input_userCode'

2019-01-23 22:33:54 - [TEST_STEP][PASSED] - setText(findTestObject("UI/Client/Claim Services/input_userPassword"), PASSWD): Text 'a9yk100dD' is set on object 'Object Repository/UI/Client/Claim Services/input_userPassword'

2019-01-23 22:33:54 - [MESSAGE][PASSED] - Text 'a9yk100dD' is set on object 'Object Repository/UI/Client/Claim Services/input_userPassword'

2019-01-23 22:33:54 - [TEST_STEP][PASSED] - waitForElementClickable(findTestObject("UI/Client/Claim Services/input_loginButton"), 5): Object 'Object Repository/UI/Client/Claim Services/input_loginButton' is clickable

2019-01-23 22:33:54 - [MESSAGE][PASSED] - Object 'Object Repository/UI/Client/Claim Services/input_loginButton' is clickable

2019-01-23 22:33:54 - [TEST_STEP][PASSED] - click(findTestObject("UI/Client/Claim Services/input_loginButton")): Object: 'Object Repository/UI/Client/Claim Services/input_loginButton' is clicked on

2019-01-23 22:33:54 - [MESSAGE][PASSED] - Object: 'Object Repository/UI/Client/Claim Services/input_loginButton' is clicked on

2019-01-23 22:33:54 - [TEST_STEP][PASSED] - delay(1): Delayed 1 second(s)

2019-01-23 22:33:55 - [MESSAGE][PASSED] - Delayed 1 second(s)

2019-01-23 22:33:55 - [TEST_STEP][PASSED] - waitForPageLoad(5): Wait for page load successfully

2019-01-23 22:33:55 - [MESSAGE][PASSED] - Wait for page load successfully

2019-01-23 22:33:55 - [TEST_STEP][PASSED] - waitForElementPresent(findTestObject("UI/Client/Rule Editor/h1_Clients"), 5): Object 'Object Repository/UI/Client/Rule Editor/h1_Clients' is present

2019-01-23 22:33:55 - [MESSAGE][PASSED] - Object 'Object Repository/UI/Client/Rule Editor/h1_Clients' is present

2019-01-23 22:33:55 - [TEST_STEP][PASSED] - pageTitle = getText(findTestObject("UI/Client/Rule Editor/h1_Clients")): Text of object 'Object Repository/UI/Client/Rule Editor/h1_Clients' is: 'Clients'

2019-01-23 22:33:55 - [MESSAGE][PASSED] - Text of object 'Object Repository/UI/Client/Rule Editor/h1_Clients' is: 'Clients'

2019-01-23 22:33:55 - [TEST_STEP][PASSED] - verifyMatch(pageTitle, "Clients", false): Actual text 'Clients' and expected text 'Clients' are matched 

2019-01-23 22:33:55 - [MESSAGE][PASSED] - Actual text 'Clients' and expected text 'Clients' are matched 

2019-01-23 22:33:55 - [TEST_STEP][PASSED] - delay(3): Delayed 3 second(s)

2019-01-23 22:33:58 - [MESSAGE][PASSED] - Delayed 3 second(s)

2019-01-23 22:33:58 - [TEST_STEP][PASSED] - waitForElementClickable(findTestObject("UI/Client/Rule Editor/span_ruleEditorMenu"), 5): Object 'Object Repository/UI/Client/Rule Editor/span_ruleEditorMenu' is clickable

2019-01-23 22:33:58 - [MESSAGE][PASSED] - Object 'Object Repository/UI/Client/Rule Editor/span_ruleEditorMenu' is clickable

2019-01-23 22:33:58 - [TEST_STEP][PASSED] - click(findTestObject("UI/Client/Rule Editor/span_ruleEditorMenu")): Object: 'Object Repository/UI/Client/Rule Editor/span_ruleEditorMenu' is clicked on

2019-01-23 22:33:59 - [MESSAGE][PASSED] - Object: 'Object Repository/UI/Client/Rule Editor/span_ruleEditorMenu' is clicked on

2019-01-23 22:33:59 - [TEST_STEP][PASSED] - delay(1): Delayed 1 second(s)

2019-01-23 22:34:00 - [MESSAGE][PASSED] - Delayed 1 second(s)

2019-01-23 22:34:00 - [TEST_STEP][PASSED] - waitForPageLoad(5): Wait for page load successfully

2019-01-23 22:34:00 - [MESSAGE][PASSED] - Wait for page load successfully

2019-01-23 22:34:00 - [TEST_STEP][PASSED] - waitForElementPresent(findTestObject("UI/Client/Rule Editor/h1_ruleEditor"), 5): Object 'Object Repository/UI/Client/Rule Editor/h1_ruleEditor' is present

2019-01-23 22:34:00 - [MESSAGE][PASSED] - Object 'Object Repository/UI/Client/Rule Editor/h1_ruleEditor' is present

2019-01-23 22:34:00 - [TEST_STEP][PASSED] - pageTitle = getText(findTestObject("UI/Client/Rule Editor/h1_ruleEditor")): Text of object 'Object Repository/UI/Client/Rule Editor/h1_ruleEditor' is: 'Rule Editor'

2019-01-23 22:34:00 - [MESSAGE][PASSED] - Text of object 'Object Repository/UI/Client/Rule Editor/h1_ruleEditor' is: 'Rule Editor'

2019-01-23 22:34:00 - [TEST_STEP][PASSED] - verifyMatch(pageTitle, "Rule Editor", false): Actual text 'Rule Editor' and expected text 'Rule Editor' are matched 

2019-01-23 22:34:00 - [MESSAGE][PASSED] - Actual text 'Rule Editor' and expected text 'Rule Editor' are matched 

2019-01-23 22:34:00 - [TEST_STEP][PASSED] - delay(3): Delayed 3 second(s)

2019-01-23 22:34:03 - [MESSAGE][PASSED] - Delayed 3 second(s)

2019-01-23 22:34:03 - [TEST_STEP][PASSED] - waitForElementVisible(findTestObject("Object Repository/UI/Client/Rule Editor/Execute Rule Set/td_expandRuleSet"), 5): Object 'Object Repository/UI/Client/Rule Editor/Execute Rule Set/td_expandRuleSet' is visible

2019-01-23 22:34:03 - [MESSAGE][PASSED] - Object 'Object Repository/UI/Client/Rule Editor/Execute Rule Set/td_expandRuleSet' is visible

2019-01-23 22:34:03 - [TEST_STEP][PASSED] - click(findTestObject("Object Repository/UI/Client/Rule Editor/Execute Rule Set/td_expandRuleSet")): Object: 'Object Repository/UI/Client/Rule Editor/Execute Rule Set/td_expandRuleSet' is clicked on

2019-01-23 22:34:03 - [MESSAGE][PASSED] - Object: 'Object Repository/UI/Client/Rule Editor/Execute Rule Set/td_expandRuleSet' is clicked on

2019-01-23 22:34:03 - [TEST_STEP][PASSED] - waitForPageLoad(5): Wait for page load successfully

2019-01-23 22:34:03 - [MESSAGE][PASSED] - Wait for page load successfully

2019-01-23 22:34:03 - [TEST_STEP][PASSED] - delay(3): Delayed 3 second(s)

2019-01-23 22:34:06 - [MESSAGE][PASSED] - Delayed 3 second(s)

2019-01-23 22:34:06 - [TEST_STEP][PASSED] - waitForElementPresent(findTestObject("Object Repository/UI/Client/Rule Editor/Execute Rule Set/input_claimID"), 5): Object 'Object Repository/UI/Client/Rule Editor/Execute Rule Set/input_claimID' is present

2019-01-23 22:34:06 - [MESSAGE][PASSED] - Object 'Object Repository/UI/Client/Rule Editor/Execute Rule Set/input_claimID' is present

2019-01-23 22:34:06 - [TEST_STEP][PASSED] - waitForElementVisible(findTestObject("Object Repository/UI/Client/Rule Editor/Execute Rule Set/input_claimID"), 5): Object 'Object Repository/UI/Client/Rule Editor/Execute Rule Set/input_claimID' is visible

2019-01-23 22:34:06 - [MESSAGE][PASSED] - Object 'Object Repository/UI/Client/Rule Editor/Execute Rule Set/input_claimID' is visible

2019-01-23 22:34:06 - [TEST_STEP][PASSED] - setText(findTestObject("Object Repository/UI/Client/Rule Editor/Execute Rule Set/input_claimID"), CLAIMID): Text '1027963' is set on object 'Object Repository/UI/Client/Rule Editor/Execute Rule Set/input_claimID'

2019-01-23 22:34:06 - [MESSAGE][PASSED] - Text '1027963' is set on object 'Object Repository/UI/Client/Rule Editor/Execute Rule Set/input_claimID'

2019-01-23 22:34:06 - [TEST_STEP][PASSED] - delay(3): Delayed 3 second(s)

2019-01-23 22:34:09 - [MESSAGE][PASSED] - Delayed 3 second(s)

2019-01-23 22:34:09 - [TEST_STEP][PASSED] - waitForElementClickable(findTestObject("Object Repository/UI/Client/Rule Editor/Execute Rule Set/button_runButton"), 5): Object 'Object Repository/UI/Client/Rule Editor/Execute Rule Set/button_runButton' is clickable

2019-01-23 22:34:09 - [MESSAGE][PASSED] - Object 'Object Repository/UI/Client/Rule Editor/Execute Rule Set/button_runButton' is clickable

2019-01-23 22:34:09 - [TEST_STEP][PASSED] - click(findTestObject("Object Repository/UI/Client/Rule Editor/Execute Rule Set/button_runButton")): Object: 'Object Repository/UI/Client/Rule Editor/Execute Rule Set/button_runButton' is clicked on

2019-01-23 22:34:09 - [MESSAGE][PASSED] - Object: 'Object Repository/UI/Client/Rule Editor/Execute Rule Set/button_runButton' is clicked on

2019-01-23 22:34:09 - [TEST_STEP][PASSED] - delay(1): Delayed 1 second(s)

2019-01-23 22:34:10 - [MESSAGE][PASSED] - Delayed 1 second(s)

2019-01-23 22:34:10 - [TEST_STEP][PASSED] - waitForPageLoad(5): Wait for page load successfully

2019-01-23 22:34:10 - [MESSAGE][PASSED] - Wait for page load successfully

2019-01-23 22:34:10 - [TEST_STEP][PASSED] - waitForElementPresent(findTestObject("Object Repository/UI/Client/Rule Editor/Execute Rule Set/label_scriptOutputTable"), 5): Object 'Object Repository/UI/Client/Rule Editor/Execute Rule Set/label_scriptOutputTable' is present

2019-01-23 22:34:10 - [MESSAGE][PASSED] - Object 'Object Repository/UI/Client/Rule Editor/Execute Rule Set/label_scriptOutputTable' is present

2019-01-23 22:34:10 - [TEST_STEP][PASSED] - formTitle = getText(findTestObject("Object Repository/UI/Client/Rule Editor/Execute Rule Set/label_scriptOutputTable")): Text of object 'Object Repository/UI/Client/Rule Editor/Execute Rule Set/label_scriptOutputTable' is: 'Script Output'

2019-01-23 22:34:10 - [MESSAGE][PASSED] - Text of object 'Object Repository/UI/Client/Rule Editor/Execute Rule Set/label_scriptOutputTable' is: 'Script Output'

2019-01-23 22:34:10 - [TEST_STEP][PASSED] - verifyMatch(formTitle, "Script Output", false): Actual text 'Script Output' and expected text 'Script Output' are matched 

2019-01-23 22:34:10 - [MESSAGE][PASSED] - Actual text 'Script Output' and expected text 'Script Output' are matched 

2019-01-23 22:34:10 - [TEST_STEP][PASSED] - waitForElementPresent(findTestObject("Object Repository/UI/Client/Rule Editor/Execute Rule Set/td_executedRuleTable"), 5): Object 'Object Repository/UI/Client/Rule Editor/Execute Rule Set/td_executedRuleTable' is present

2019-01-23 22:34:10 - [MESSAGE][PASSED] - Object 'Object Repository/UI/Client/Rule Editor/Execute Rule Set/td_executedRuleTable' is present

2019-01-23 22:34:10 - [TEST_STEP][PASSED] - formTitle = getText(findTestObject("Object Repository/UI/Client/Rule Editor/Execute Rule Set/td_executedRuleTable")): Text of object 'Object Repository/UI/Client/Rule Editor/Execute Rule Set/td_executedRuleTable' is: 'Date Creation Rule'

2019-01-23 22:34:10 - [MESSAGE][PASSED] - Text of object 'Object Repository/UI/Client/Rule Editor/Execute Rule Set/td_executedRuleTable' is: 'Date Creation Rule'

2019-01-23 22:34:10 - [TEST_STEP][PASSED] - verifyMatch(formTitle, RULENAME, false): Actual text 'Date Creation Rule' and expected text 'Date Creation Rule' are matched 

2019-01-23 22:34:10 - [MESSAGE][PASSED] - Actual text 'Date Creation Rule' and expected text 'Date Creation Rule' are matched 

2019-01-23 22:34:10 - [TEST_STEP][PASSED] - delay(3): Delayed 3 second(s)

2019-01-23 22:34:13 - [MESSAGE][PASSED] - Delayed 3 second(s)

2019-01-23 22:34:13 - [TEST_STEP][PASSED] - waitForElementClickable(findTestObject("UI/General/Log/a_userAvatar"), 5): Object 'Object Repository/UI/General/Log/a_userAvatar' is clickable

2019-01-23 22:34:14 - [MESSAGE][PASSED] - Object 'Object Repository/UI/General/Log/a_userAvatar' is clickable

2019-01-23 22:34:14 - [TEST_STEP][PASSED] - click(findTestObject("UI/General/Log/a_userAvatar")): Object: 'Object Repository/UI/General/Log/a_userAvatar' is clicked on

2019-01-23 22:34:14 - [MESSAGE][PASSED] - Object: 'Object Repository/UI/General/Log/a_userAvatar' is clicked on

2019-01-23 22:34:14 - [TEST_STEP][PASSED] - delay(1): Delayed 1 second(s)

2019-01-23 22:34:15 - [MESSAGE][PASSED] - Delayed 1 second(s)

2019-01-23 22:34:15 - [TEST_STEP][PASSED] - waitForElementClickable(findTestObject("UI/General/Log/a_signOutAMPS"), 5): Object 'Object Repository/UI/General/Log/a_signOutAMPS' is clickable

2019-01-23 22:34:15 - [MESSAGE][PASSED] - Object 'Object Repository/UI/General/Log/a_signOutAMPS' is clickable

2019-01-23 22:34:15 - [TEST_STEP][PASSED] - click(findTestObject("UI/General/Log/a_signOutAMPS")): Object: 'Object Repository/UI/General/Log/a_signOutAMPS' is clicked on

2019-01-23 22:34:15 - [MESSAGE][PASSED] - Object: 'Object Repository/UI/General/Log/a_signOutAMPS' is clicked on

2019-01-23 22:34:15 - [TEST_STEP][PASSED] - delay(1): Delayed 1 second(s)

2019-01-23 22:34:16 - [MESSAGE][PASSED] - Delayed 1 second(s)

2019-01-23 22:34:16 - [TEST_STEP][PASSED] - closeBrowser(): Browser is closed

2019-01-23 22:34:16 - [MESSAGE][PASSED] - Browser is closed]]></system-out>
         <system-err><![CDATA[]]></system-err>
      </testcase>
      <testcase name="Test Cases/UI/Client/Rule Editor/Execute Rule Set Unsuccessful" classname="Test Cases/UI/Client/Rule Editor/Execute Rule Set Unsuccessful" status="PASSED">
         <system-out><![CDATA[2019-01-23 22:34:16 - [TEST_CASE][PASSED] - Test Cases/UI/Client/Rule Editor/Execute Rule Set Unsuccessful: Test Cases/UI/Client/Rule Editor/Execute Rule Set Unsuccessful

2019-01-23 22:34:17 - [TEST_STEP][PASSED] - UAT = "https://uat.advancedpricing.com": null

2019-01-23 22:34:17 - [TEST_STEP][PASSED] - USER = "qaAuto": null

2019-01-23 22:34:17 - [TEST_STEP][PASSED] - PASSWD = "a9yk100dD": null

2019-01-23 22:34:17 - [TEST_STEP][PASSED] - RULENAME = "Date Creation Rule": null

2019-01-23 22:34:17 - [TEST_STEP][PASSED] - CLAIMID = "000000": null

2019-01-23 22:34:17 - [TEST_STEP][PASSED] - openBrowser(""): Browser is opened with url: ''

2019-01-23 22:34:17 - [MESSAGE][INFO] - Starting 'Chrome' driver

2019-01-23 22:34:19 - [MESSAGE][PASSED] - Browser is opened with url: ''

2019-01-23 22:34:19 - [TEST_STEP][PASSED] - maximizeWindow(): Current window maximized

2019-01-23 22:34:20 - [MESSAGE][PASSED] - Current window maximized

2019-01-23 22:34:20 - [TEST_STEP][PASSED] - navigateToUrl(UAT): Navigate to 'https://uat.advancedpricing.com' successfully

2019-01-23 22:34:22 - [MESSAGE][PASSED] - Navigate to 'https://uat.advancedpricing.com' successfully

2019-01-23 22:34:22 - [TEST_STEP][PASSED] - waitForPageLoad(5): Wait for page load successfully

2019-01-23 22:34:22 - [MESSAGE][PASSED] - Wait for page load successfully

2019-01-23 22:34:22 - [TEST_STEP][PASSED] - setText(findTestObject("UI/Client/Claim Services/input_userCode"), USER): Text 'qaAuto' is set on object 'Object Repository/UI/Client/Claim Services/input_userCode'

2019-01-23 22:34:22 - [MESSAGE][PASSED] - Text 'qaAuto' is set on object 'Object Repository/UI/Client/Claim Services/input_userCode'

2019-01-23 22:34:22 - [TEST_STEP][PASSED] - setText(findTestObject("UI/Client/Claim Services/input_userPassword"), PASSWD): Text 'a9yk100dD' is set on object 'Object Repository/UI/Client/Claim Services/input_userPassword'

2019-01-23 22:34:22 - [MESSAGE][PASSED] - Text 'a9yk100dD' is set on object 'Object Repository/UI/Client/Claim Services/input_userPassword'

2019-01-23 22:34:22 - [TEST_STEP][PASSED] - waitForElementClickable(findTestObject("UI/Client/Claim Services/input_loginButton"), 5): Object 'Object Repository/UI/Client/Claim Services/input_loginButton' is clickable

2019-01-23 22:34:22 - [MESSAGE][PASSED] - Object 'Object Repository/UI/Client/Claim Services/input_loginButton' is clickable

2019-01-23 22:34:22 - [TEST_STEP][PASSED] - click(findTestObject("UI/Client/Claim Services/input_loginButton")): Object: 'Object Repository/UI/Client/Claim Services/input_loginButton' is clicked on

2019-01-23 22:34:22 - [MESSAGE][PASSED] - Object: 'Object Repository/UI/Client/Claim Services/input_loginButton' is clicked on

2019-01-23 22:34:22 - [TEST_STEP][PASSED] - delay(1): Delayed 1 second(s)

2019-01-23 22:34:23 - [MESSAGE][PASSED] - Delayed 1 second(s)

2019-01-23 22:34:23 - [TEST_STEP][PASSED] - waitForPageLoad(5): Wait for page load successfully

2019-01-23 22:34:23 - [MESSAGE][PASSED] - Wait for page load successfully

2019-01-23 22:34:23 - [TEST_STEP][PASSED] - waitForElementPresent(findTestObject("UI/Client/Rule Editor/h1_Clients"), 5): Object 'Object Repository/UI/Client/Rule Editor/h1_Clients' is present

2019-01-23 22:34:23 - [MESSAGE][PASSED] - Object 'Object Repository/UI/Client/Rule Editor/h1_Clients' is present

2019-01-23 22:34:23 - [TEST_STEP][PASSED] - pageTitle = getText(findTestObject("UI/Client/Rule Editor/h1_Clients")): Text of object 'Object Repository/UI/Client/Rule Editor/h1_Clients' is: 'Clients'

2019-01-23 22:34:23 - [MESSAGE][PASSED] - Text of object 'Object Repository/UI/Client/Rule Editor/h1_Clients' is: 'Clients'

2019-01-23 22:34:23 - [TEST_STEP][PASSED] - verifyMatch(pageTitle, "Clients", false): Actual text 'Clients' and expected text 'Clients' are matched 

2019-01-23 22:34:23 - [MESSAGE][PASSED] - Actual text 'Clients' and expected text 'Clients' are matched 

2019-01-23 22:34:23 - [TEST_STEP][PASSED] - delay(3): Delayed 3 second(s)

2019-01-23 22:34:26 - [MESSAGE][PASSED] - Delayed 3 second(s)

2019-01-23 22:34:26 - [TEST_STEP][PASSED] - waitForElementClickable(findTestObject("UI/Client/Rule Editor/span_ruleEditorMenu"), 5): Object 'Object Repository/UI/Client/Rule Editor/span_ruleEditorMenu' is clickable

2019-01-23 22:34:27 - [MESSAGE][PASSED] - Object 'Object Repository/UI/Client/Rule Editor/span_ruleEditorMenu' is clickable

2019-01-23 22:34:27 - [TEST_STEP][PASSED] - click(findTestObject("UI/Client/Rule Editor/span_ruleEditorMenu")): Object: 'Object Repository/UI/Client/Rule Editor/span_ruleEditorMenu' is clicked on

2019-01-23 22:34:27 - [MESSAGE][PASSED] - Object: 'Object Repository/UI/Client/Rule Editor/span_ruleEditorMenu' is clicked on

2019-01-23 22:34:27 - [TEST_STEP][PASSED] - delay(1): Delayed 1 second(s)

2019-01-23 22:34:28 - [MESSAGE][PASSED] - Delayed 1 second(s)

2019-01-23 22:34:28 - [TEST_STEP][PASSED] - waitForPageLoad(5): Wait for page load successfully

2019-01-23 22:34:28 - [MESSAGE][PASSED] - Wait for page load successfully

2019-01-23 22:34:28 - [TEST_STEP][PASSED] - waitForElementPresent(findTestObject("UI/Client/Rule Editor/h1_ruleEditor"), 5): Object 'Object Repository/UI/Client/Rule Editor/h1_ruleEditor' is present

2019-01-23 22:34:28 - [MESSAGE][PASSED] - Object 'Object Repository/UI/Client/Rule Editor/h1_ruleEditor' is present

2019-01-23 22:34:28 - [TEST_STEP][PASSED] - pageTitle = getText(findTestObject("UI/Client/Rule Editor/h1_ruleEditor")): Text of object 'Object Repository/UI/Client/Rule Editor/h1_ruleEditor' is: 'Rule Editor'

2019-01-23 22:34:28 - [MESSAGE][PASSED] - Text of object 'Object Repository/UI/Client/Rule Editor/h1_ruleEditor' is: 'Rule Editor'

2019-01-23 22:34:28 - [TEST_STEP][PASSED] - verifyMatch(pageTitle, "Rule Editor", false): Actual text 'Rule Editor' and expected text 'Rule Editor' are matched 

2019-01-23 22:34:28 - [MESSAGE][PASSED] - Actual text 'Rule Editor' and expected text 'Rule Editor' are matched 

2019-01-23 22:34:28 - [TEST_STEP][PASSED] - delay(3): Delayed 3 second(s)

2019-01-23 22:34:31 - [MESSAGE][PASSED] - Delayed 3 second(s)

2019-01-23 22:34:31 - [TEST_STEP][PASSED] - waitForElementVisible(findTestObject("Object Repository/UI/Client/Rule Editor/Execute Rule Set/td_expandRuleSet"), 5): Object 'Object Repository/UI/Client/Rule Editor/Execute Rule Set/td_expandRuleSet' is visible

2019-01-23 22:34:31 - [MESSAGE][PASSED] - Object 'Object Repository/UI/Client/Rule Editor/Execute Rule Set/td_expandRuleSet' is visible

2019-01-23 22:34:31 - [TEST_STEP][PASSED] - click(findTestObject("Object Repository/UI/Client/Rule Editor/Execute Rule Set/td_expandRuleSet")): Object: 'Object Repository/UI/Client/Rule Editor/Execute Rule Set/td_expandRuleSet' is clicked on

2019-01-23 22:34:31 - [MESSAGE][PASSED] - Object: 'Object Repository/UI/Client/Rule Editor/Execute Rule Set/td_expandRuleSet' is clicked on

2019-01-23 22:34:31 - [TEST_STEP][PASSED] - delay(3): Delayed 3 second(s)

2019-01-23 22:34:34 - [MESSAGE][PASSED] - Delayed 3 second(s)

2019-01-23 22:34:34 - [TEST_STEP][PASSED] - waitForElementVisible(findTestObject("Object Repository/UI/Client/Rule Editor/Execute Rule Set/input_claimID"), 5): Object 'Object Repository/UI/Client/Rule Editor/Execute Rule Set/input_claimID' is visible

2019-01-23 22:34:34 - [MESSAGE][PASSED] - Object 'Object Repository/UI/Client/Rule Editor/Execute Rule Set/input_claimID' is visible

2019-01-23 22:34:34 - [TEST_STEP][PASSED] - setText(findTestObject("Object Repository/UI/Client/Rule Editor/Execute Rule Set/input_claimID"), CLAIMID): Text '000000' is set on object 'Object Repository/UI/Client/Rule Editor/Execute Rule Set/input_claimID'

2019-01-23 22:34:34 - [MESSAGE][PASSED] - Text '000000' is set on object 'Object Repository/UI/Client/Rule Editor/Execute Rule Set/input_claimID'

2019-01-23 22:34:34 - [TEST_STEP][PASSED] - delay(3): Delayed 3 second(s)

2019-01-23 22:34:37 - [MESSAGE][PASSED] - Delayed 3 second(s)

2019-01-23 22:34:37 - [TEST_STEP][PASSED] - waitForElementClickable(findTestObject("Object Repository/UI/Client/Rule Editor/Execute Rule Set/button_runButton"), 5): Object 'Object Repository/UI/Client/Rule Editor/Execute Rule Set/button_runButton' is clickable

2019-01-23 22:34:37 - [MESSAGE][PASSED] - Object 'Object Repository/UI/Client/Rule Editor/Execute Rule Set/button_runButton' is clickable

2019-01-23 22:34:37 - [TEST_STEP][PASSED] - click(findTestObject("Object Repository/UI/Client/Rule Editor/Execute Rule Set/button_runButton")): Object: 'Object Repository/UI/Client/Rule Editor/Execute Rule Set/button_runButton' is clicked on

2019-01-23 22:34:37 - [MESSAGE][PASSED] - Object: 'Object Repository/UI/Client/Rule Editor/Execute Rule Set/button_runButton' is clicked on

2019-01-23 22:34:37 - [TEST_STEP][PASSED] - delay(1): Delayed 1 second(s)

2019-01-23 22:34:38 - [MESSAGE][PASSED] - Delayed 1 second(s)

2019-01-23 22:34:38 - [TEST_STEP][PASSED] - waitForPageLoad(5): Wait for page load successfully

2019-01-23 22:34:38 - [MESSAGE][PASSED] - Wait for page load successfully

2019-01-23 22:34:38 - [TEST_STEP][PASSED] - waitForElementPresent(findTestObject("UI/Client/Rule Editor/Create Rule Set/div_alertRuleSetSaved"), 5): Object 'Object Repository/UI/Client/Rule Editor/Create Rule Set/div_alertRuleSetSaved' is present

2019-01-23 22:34:38 - [MESSAGE][PASSED] - Object 'Object Repository/UI/Client/Rule Editor/Create Rule Set/div_alertRuleSetSaved' is present

2019-01-23 22:34:38 - [TEST_STEP][PASSED] - waitForElementVisible(findTestObject("UI/Client/Rule Editor/Create Rule Set/div_alertRuleSetSaved"), 5): Object 'Object Repository/UI/Client/Rule Editor/Create Rule Set/div_alertRuleSetSaved' is visible

2019-01-23 22:34:38 - [MESSAGE][PASSED] - Object 'Object Repository/UI/Client/Rule Editor/Create Rule Set/div_alertRuleSetSaved' is visible

2019-01-23 22:34:38 - [TEST_STEP][PASSED] - focus(findTestObject("UI/Client/Rule Editor/Create Rule Set/div_alertRuleSetSaved")): Object: 'Object Repository/UI/Client/Rule Editor/Create Rule Set/div_alertRuleSetSaved' is focused

2019-01-23 22:34:39 - [MESSAGE][PASSED] - Object: 'Object Repository/UI/Client/Rule Editor/Create Rule Set/div_alertRuleSetSaved' is focused

2019-01-23 22:34:39 - [TEST_STEP][PASSED] - click(findTestObject("UI/Client/Rule Editor/Create Rule Set/button_acceptRuleSetSavedPopUp")): Object: 'Object Repository/UI/Client/Rule Editor/Create Rule Set/button_acceptRuleSetSavedPopUp' is clicked on

2019-01-23 22:34:39 - [MESSAGE][PASSED] - Object: 'Object Repository/UI/Client/Rule Editor/Create Rule Set/button_acceptRuleSetSavedPopUp' is clicked on

2019-01-23 22:34:39 - [TEST_STEP][PASSED] - delay(3): Delayed 3 second(s)

2019-01-23 22:34:42 - [MESSAGE][PASSED] - Delayed 3 second(s)

2019-01-23 22:34:42 - [TEST_STEP][PASSED] - waitForPageLoad(5): Wait for page load successfully

2019-01-23 22:34:42 - [MESSAGE][PASSED] - Wait for page load successfully

2019-01-23 22:34:42 - [TEST_STEP][PASSED] - waitForElementClickable(findTestObject("UI/General/Log/a_userAvatar"), 5): Object 'Object Repository/UI/General/Log/a_userAvatar' is clickable

2019-01-23 22:34:42 - [MESSAGE][PASSED] - Object 'Object Repository/UI/General/Log/a_userAvatar' is clickable

2019-01-23 22:34:42 - [TEST_STEP][PASSED] - click(findTestObject("UI/General/Log/a_userAvatar")): Object: 'Object Repository/UI/General/Log/a_userAvatar' is clicked on

2019-01-23 22:34:42 - [MESSAGE][PASSED] - Object: 'Object Repository/UI/General/Log/a_userAvatar' is clicked on

2019-01-23 22:34:42 - [TEST_STEP][PASSED] - delay(1): Delayed 1 second(s)

2019-01-23 22:34:43 - [MESSAGE][PASSED] - Delayed 1 second(s)

2019-01-23 22:34:43 - [TEST_STEP][PASSED] - waitForElementClickable(findTestObject("UI/General/Log/a_signOutAMPS"), 5): Object 'Object Repository/UI/General/Log/a_signOutAMPS' is clickable

2019-01-23 22:34:43 - [MESSAGE][PASSED] - Object 'Object Repository/UI/General/Log/a_signOutAMPS' is clickable

2019-01-23 22:34:43 - [TEST_STEP][PASSED] - click(findTestObject("UI/General/Log/a_signOutAMPS")): Object: 'Object Repository/UI/General/Log/a_signOutAMPS' is clicked on

2019-01-23 22:34:43 - [MESSAGE][PASSED] - Object: 'Object Repository/UI/General/Log/a_signOutAMPS' is clicked on

2019-01-23 22:34:43 - [TEST_STEP][PASSED] - delay(1): Delayed 1 second(s)

2019-01-23 22:34:44 - [MESSAGE][PASSED] - Delayed 1 second(s)

2019-01-23 22:34:44 - [TEST_STEP][PASSED] - closeBrowser(): Browser is closed

2019-01-23 22:34:45 - [MESSAGE][PASSED] - Browser is closed]]></system-out>
         <system-err><![CDATA[]]></system-err>
      </testcase>
      <testcase name="Test Cases/UI/Client/Rule Editor/Search for Rule Set" classname="Test Cases/UI/Client/Rule Editor/Search for Rule Set" status="PASSED">
         <system-out><![CDATA[2019-01-23 22:34:45 - [TEST_CASE][PASSED] - Test Cases/UI/Client/Rule Editor/Search for Rule Set: Test Cases/UI/Client/Rule Editor/Search for Rule Set

2019-01-23 22:34:45 - [TEST_STEP][PASSED] - UAT = "https://uat.advancedpricing.com": null

2019-01-23 22:34:45 - [TEST_STEP][PASSED] - USER = "qaAuto": null

2019-01-23 22:34:45 - [TEST_STEP][PASSED] - PASSWD = "a9yk100dD": null

2019-01-23 22:34:45 - [TEST_STEP][PASSED] - CLEAR = "": null

2019-01-23 22:34:45 - [TEST_STEP][PASSED] - RULESETNAME = "empty rule": null

2019-01-23 22:34:45 - [TEST_STEP][PASSED] - RULESETNAME2 = "AA": null

2019-01-23 22:34:45 - [TEST_STEP][PASSED] - INVALIDNAME = "QWERTY": null

2019-01-23 22:34:45 - [TEST_STEP][PASSED] - INVALIDNAME2 = "0000": null

2019-01-23 22:34:45 - [TEST_STEP][PASSED] - openBrowser(""): Browser is opened with url: ''

2019-01-23 22:34:45 - [MESSAGE][INFO] - Starting 'Chrome' driver

2019-01-23 22:34:47 - [MESSAGE][PASSED] - Browser is opened with url: ''

2019-01-23 22:34:47 - [TEST_STEP][PASSED] - maximizeWindow(): Current window maximized

2019-01-23 22:34:48 - [MESSAGE][PASSED] - Current window maximized

2019-01-23 22:34:48 - [TEST_STEP][PASSED] - navigateToUrl(UAT): Navigate to 'https://uat.advancedpricing.com' successfully

2019-01-23 22:34:50 - [MESSAGE][PASSED] - Navigate to 'https://uat.advancedpricing.com' successfully

2019-01-23 22:34:50 - [TEST_STEP][PASSED] - waitForPageLoad(5): Wait for page load successfully

2019-01-23 22:34:50 - [MESSAGE][PASSED] - Wait for page load successfully

2019-01-23 22:34:50 - [TEST_STEP][PASSED] - setText(findTestObject("UI/Client/Claim Services/input_userCode"), USER): Text 'qaAuto' is set on object 'Object Repository/UI/Client/Claim Services/input_userCode'

2019-01-23 22:34:50 - [MESSAGE][PASSED] - Text 'qaAuto' is set on object 'Object Repository/UI/Client/Claim Services/input_userCode'

2019-01-23 22:34:50 - [TEST_STEP][PASSED] - setText(findTestObject("UI/Client/Claim Services/input_userPassword"), PASSWD): Text 'a9yk100dD' is set on object 'Object Repository/UI/Client/Claim Services/input_userPassword'

2019-01-23 22:34:50 - [MESSAGE][PASSED] - Text 'a9yk100dD' is set on object 'Object Repository/UI/Client/Claim Services/input_userPassword'

2019-01-23 22:34:50 - [TEST_STEP][PASSED] - waitForElementClickable(findTestObject("UI/Client/Claim Services/input_loginButton"), 5): Object 'Object Repository/UI/Client/Claim Services/input_loginButton' is clickable

2019-01-23 22:34:50 - [MESSAGE][PASSED] - Object 'Object Repository/UI/Client/Claim Services/input_loginButton' is clickable

2019-01-23 22:34:50 - [TEST_STEP][PASSED] - click(findTestObject("UI/Client/Claim Services/input_loginButton")): Object: 'Object Repository/UI/Client/Claim Services/input_loginButton' is clicked on

2019-01-23 22:34:50 - [MESSAGE][PASSED] - Object: 'Object Repository/UI/Client/Claim Services/input_loginButton' is clicked on

2019-01-23 22:34:50 - [TEST_STEP][PASSED] - delay(1): Delayed 1 second(s)

2019-01-23 22:34:51 - [MESSAGE][PASSED] - Delayed 1 second(s)

2019-01-23 22:34:51 - [TEST_STEP][PASSED] - waitForPageLoad(5): Wait for page load successfully

2019-01-23 22:34:51 - [MESSAGE][PASSED] - Wait for page load successfully

2019-01-23 22:34:51 - [TEST_STEP][PASSED] - waitForElementPresent(findTestObject("UI/Client/Rule Editor/h1_Clients"), 5): Object 'Object Repository/UI/Client/Rule Editor/h1_Clients' is present

2019-01-23 22:34:52 - [MESSAGE][PASSED] - Object 'Object Repository/UI/Client/Rule Editor/h1_Clients' is present

2019-01-23 22:34:52 - [TEST_STEP][PASSED] - pageTitle = getText(findTestObject("UI/Client/Rule Editor/h1_Clients")): Text of object 'Object Repository/UI/Client/Rule Editor/h1_Clients' is: 'Clients'

2019-01-23 22:34:52 - [MESSAGE][PASSED] - Text of object 'Object Repository/UI/Client/Rule Editor/h1_Clients' is: 'Clients'

2019-01-23 22:34:52 - [TEST_STEP][PASSED] - verifyMatch(pageTitle, "Clients", false): Actual text 'Clients' and expected text 'Clients' are matched 

2019-01-23 22:34:52 - [MESSAGE][PASSED] - Actual text 'Clients' and expected text 'Clients' are matched 

2019-01-23 22:34:52 - [TEST_STEP][PASSED] - delay(3): Delayed 3 second(s)

2019-01-23 22:34:55 - [MESSAGE][PASSED] - Delayed 3 second(s)

2019-01-23 22:34:55 - [TEST_STEP][PASSED] - waitForElementClickable(findTestObject("UI/Client/Rule Editor/span_ruleEditorMenu"), 5): Object 'Object Repository/UI/Client/Rule Editor/span_ruleEditorMenu' is clickable

2019-01-23 22:34:55 - [MESSAGE][PASSED] - Object 'Object Repository/UI/Client/Rule Editor/span_ruleEditorMenu' is clickable

2019-01-23 22:34:55 - [TEST_STEP][PASSED] - click(findTestObject("UI/Client/Rule Editor/span_ruleEditorMenu")): Object: 'Object Repository/UI/Client/Rule Editor/span_ruleEditorMenu' is clicked on

2019-01-23 22:34:55 - [MESSAGE][PASSED] - Object: 'Object Repository/UI/Client/Rule Editor/span_ruleEditorMenu' is clicked on

2019-01-23 22:34:55 - [TEST_STEP][PASSED] - delay(1): Delayed 1 second(s)

2019-01-23 22:34:56 - [MESSAGE][PASSED] - Delayed 1 second(s)

2019-01-23 22:34:56 - [TEST_STEP][PASSED] - waitForPageLoad(5): Wait for page load successfully

2019-01-23 22:34:56 - [MESSAGE][PASSED] - Wait for page load successfully

2019-01-23 22:34:56 - [TEST_STEP][PASSED] - waitForElementPresent(findTestObject("UI/Client/Rule Editor/h1_ruleEditor"), 5): Object 'Object Repository/UI/Client/Rule Editor/h1_ruleEditor' is present

2019-01-23 22:34:56 - [MESSAGE][PASSED] - Object 'Object Repository/UI/Client/Rule Editor/h1_ruleEditor' is present

2019-01-23 22:34:56 - [TEST_STEP][PASSED] - pageTitle = getText(findTestObject("UI/Client/Rule Editor/h1_ruleEditor")): Text of object 'Object Repository/UI/Client/Rule Editor/h1_ruleEditor' is: 'Rule Editor'

2019-01-23 22:34:56 - [MESSAGE][PASSED] - Text of object 'Object Repository/UI/Client/Rule Editor/h1_ruleEditor' is: 'Rule Editor'

2019-01-23 22:34:56 - [TEST_STEP][PASSED] - verifyMatch(pageTitle, "Rule Editor", false): Actual text 'Rule Editor' and expected text 'Rule Editor' are matched 

2019-01-23 22:34:56 - [MESSAGE][PASSED] - Actual text 'Rule Editor' and expected text 'Rule Editor' are matched 

2019-01-23 22:34:56 - [TEST_STEP][PASSED] - delay(3): Delayed 3 second(s)

2019-01-23 22:34:59 - [MESSAGE][PASSED] - Delayed 3 second(s)

2019-01-23 22:34:59 - [TEST_STEP][PASSED] - waitForElementVisible(findTestObject("UI/Client/Rule Editor/Search Rule Set/input_searchRuleSet"), 5): Object 'Object Repository/UI/Client/Rule Editor/Search Rule Set/input_searchRuleSet' is visible

2019-01-23 22:34:59 - [MESSAGE][PASSED] - Object 'Object Repository/UI/Client/Rule Editor/Search Rule Set/input_searchRuleSet' is visible

2019-01-23 22:34:59 - [TEST_STEP][PASSED] - setText(findTestObject("UI/Client/Rule Editor/Search Rule Set/input_searchRuleSet"), RULESETNAME): Text 'empty rule' is set on object 'Object Repository/UI/Client/Rule Editor/Search Rule Set/input_searchRuleSet'

2019-01-23 22:34:59 - [MESSAGE][PASSED] - Text 'empty rule' is set on object 'Object Repository/UI/Client/Rule Editor/Search Rule Set/input_searchRuleSet'

2019-01-23 22:34:59 - [TEST_STEP][PASSED] - delay(3): Delayed 3 second(s)

2019-01-23 22:35:02 - [MESSAGE][PASSED] - Delayed 3 second(s)

2019-01-23 22:35:02 - [TEST_STEP][PASSED] - verifyElementNotPresent(findTestObject("UI/Client/Rule Editor/Search Rule Set/div_noSearchResults"), 5): Web element with id: 'Object Repository/UI/Client/Rule Editor/Search Rule Set/div_noSearchResults' located by 'By.xpath: //*[@id="content"]//div[contains(text(), "No Data")]' is not present after '5' second(s)

2019-01-23 22:35:02 - [MESSAGE][PASSED] - Web element with id: 'Object Repository/UI/Client/Rule Editor/Search Rule Set/div_noSearchResults' located by 'By.xpath: //*[@id="content"]//div[contains(text(), "No Data")]' is not present after '5' second(s)

2019-01-23 22:35:02 - [TEST_STEP][PASSED] - setText(findTestObject("UI/Client/Rule Editor/Search Rule Set/input_searchRuleSet"), CLEAR): Text '' is set on object 'Object Repository/UI/Client/Rule Editor/Search Rule Set/input_searchRuleSet'

2019-01-23 22:35:02 - [MESSAGE][PASSED] - Text '' is set on object 'Object Repository/UI/Client/Rule Editor/Search Rule Set/input_searchRuleSet'

2019-01-23 22:35:02 - [TEST_STEP][PASSED] - delay(3): Delayed 3 second(s)

2019-01-23 22:35:05 - [MESSAGE][PASSED] - Delayed 3 second(s)

2019-01-23 22:35:05 - [TEST_STEP][PASSED] - setText(findTestObject("UI/Client/Rule Editor/Search Rule Set/input_searchRuleSet"), RULESETNAME2): Text 'AA' is set on object 'Object Repository/UI/Client/Rule Editor/Search Rule Set/input_searchRuleSet'

2019-01-23 22:35:05 - [MESSAGE][PASSED] - Text 'AA' is set on object 'Object Repository/UI/Client/Rule Editor/Search Rule Set/input_searchRuleSet'

2019-01-23 22:35:05 - [TEST_STEP][PASSED] - delay(3): Delayed 3 second(s)

2019-01-23 22:35:08 - [MESSAGE][PASSED] - Delayed 3 second(s)

2019-01-23 22:35:08 - [TEST_STEP][PASSED] - verifyElementNotPresent(findTestObject("UI/Client/Rule Editor/Search Rule Set/div_noSearchResults"), 5): Web element with id: 'Object Repository/UI/Client/Rule Editor/Search Rule Set/div_noSearchResults' located by 'By.xpath: //*[@id="content"]//div[contains(text(), "No Data")]' is not present after '5' second(s)

2019-01-23 22:35:09 - [MESSAGE][PASSED] - Web element with id: 'Object Repository/UI/Client/Rule Editor/Search Rule Set/div_noSearchResults' located by 'By.xpath: //*[@id="content"]//div[contains(text(), "No Data")]' is not present after '5' second(s)

2019-01-23 22:35:09 - [TEST_STEP][PASSED] - setText(findTestObject("UI/Client/Rule Editor/Search Rule Set/input_searchRuleSet"), CLEAR): Text '' is set on object 'Object Repository/UI/Client/Rule Editor/Search Rule Set/input_searchRuleSet'

2019-01-23 22:35:09 - [MESSAGE][PASSED] - Text '' is set on object 'Object Repository/UI/Client/Rule Editor/Search Rule Set/input_searchRuleSet'

2019-01-23 22:35:09 - [TEST_STEP][PASSED] - delay(3): Delayed 3 second(s)

2019-01-23 22:35:12 - [MESSAGE][PASSED] - Delayed 3 second(s)

2019-01-23 22:35:12 - [TEST_STEP][PASSED] - setText(findTestObject("UI/Client/Rule Editor/Search Rule Set/input_searchRuleSet"), INVALIDNAME): Text 'QWERTY' is set on object 'Object Repository/UI/Client/Rule Editor/Search Rule Set/input_searchRuleSet'

2019-01-23 22:35:12 - [MESSAGE][PASSED] - Text 'QWERTY' is set on object 'Object Repository/UI/Client/Rule Editor/Search Rule Set/input_searchRuleSet'

2019-01-23 22:35:12 - [TEST_STEP][PASSED] - delay(3): Delayed 3 second(s)

2019-01-23 22:35:15 - [MESSAGE][PASSED] - Delayed 3 second(s)

2019-01-23 22:35:15 - [TEST_STEP][PASSED] - verifyElementPresent(findTestObject("UI/Client/Rule Editor/Search Rule Set/div_noSearchResults"), 5): Object 'Object Repository/UI/Client/Rule Editor/Search Rule Set/div_noSearchResults' is present

2019-01-23 22:35:15 - [MESSAGE][PASSED] - Object 'Object Repository/UI/Client/Rule Editor/Search Rule Set/div_noSearchResults' is present

2019-01-23 22:35:15 - [TEST_STEP][PASSED] - setText(findTestObject("UI/Client/Rule Editor/Search Rule Set/input_searchRuleSet"), CLEAR): Text '' is set on object 'Object Repository/UI/Client/Rule Editor/Search Rule Set/input_searchRuleSet'

2019-01-23 22:35:15 - [MESSAGE][PASSED] - Text '' is set on object 'Object Repository/UI/Client/Rule Editor/Search Rule Set/input_searchRuleSet'

2019-01-23 22:35:15 - [TEST_STEP][PASSED] - delay(3): Delayed 3 second(s)

2019-01-23 22:35:18 - [MESSAGE][PASSED] - Delayed 3 second(s)

2019-01-23 22:35:18 - [TEST_STEP][PASSED] - setText(findTestObject("UI/Client/Rule Editor/Search Rule Set/input_searchRuleSet"), INVALIDNAME2): Text '0000' is set on object 'Object Repository/UI/Client/Rule Editor/Search Rule Set/input_searchRuleSet'

2019-01-23 22:35:18 - [MESSAGE][PASSED] - Text '0000' is set on object 'Object Repository/UI/Client/Rule Editor/Search Rule Set/input_searchRuleSet'

2019-01-23 22:35:18 - [TEST_STEP][PASSED] - delay(3): Delayed 3 second(s)

2019-01-23 22:35:21 - [MESSAGE][PASSED] - Delayed 3 second(s)

2019-01-23 22:35:21 - [TEST_STEP][PASSED] - verifyElementPresent(findTestObject("UI/Client/Rule Editor/Search Rule Set/div_noSearchResults"), 5): Object 'Object Repository/UI/Client/Rule Editor/Search Rule Set/div_noSearchResults' is present

2019-01-23 22:35:21 - [MESSAGE][PASSED] - Object 'Object Repository/UI/Client/Rule Editor/Search Rule Set/div_noSearchResults' is present

2019-01-23 22:35:21 - [TEST_STEP][PASSED] - setText(findTestObject("UI/Client/Rule Editor/Search Rule Set/input_searchRuleSet"), CLEAR): Text '' is set on object 'Object Repository/UI/Client/Rule Editor/Search Rule Set/input_searchRuleSet'

2019-01-23 22:35:21 - [MESSAGE][PASSED] - Text '' is set on object 'Object Repository/UI/Client/Rule Editor/Search Rule Set/input_searchRuleSet'

2019-01-23 22:35:21 - [TEST_STEP][PASSED] - delay(3): Delayed 3 second(s)

2019-01-23 22:35:24 - [MESSAGE][PASSED] - Delayed 3 second(s)

2019-01-23 22:35:24 - [TEST_STEP][PASSED] - waitForElementClickable(findTestObject("UI/General/Log/a_userAvatar"), 5): Object 'Object Repository/UI/General/Log/a_userAvatar' is clickable

2019-01-23 22:35:24 - [MESSAGE][PASSED] - Object 'Object Repository/UI/General/Log/a_userAvatar' is clickable

2019-01-23 22:35:24 - [TEST_STEP][PASSED] - click(findTestObject("UI/General/Log/a_userAvatar")): Object: 'Object Repository/UI/General/Log/a_userAvatar' is clicked on

2019-01-23 22:35:24 - [MESSAGE][PASSED] - Object: 'Object Repository/UI/General/Log/a_userAvatar' is clicked on

2019-01-23 22:35:24 - [TEST_STEP][PASSED] - delay(1): Delayed 1 second(s)

2019-01-23 22:35:25 - [MESSAGE][PASSED] - Delayed 1 second(s)

2019-01-23 22:35:25 - [TEST_STEP][PASSED] - waitForElementClickable(findTestObject("UI/General/Log/a_signOutAMPS"), 5): Object 'Object Repository/UI/General/Log/a_signOutAMPS' is clickable

2019-01-23 22:35:25 - [MESSAGE][PASSED] - Object 'Object Repository/UI/General/Log/a_signOutAMPS' is clickable

2019-01-23 22:35:25 - [TEST_STEP][PASSED] - click(findTestObject("UI/General/Log/a_signOutAMPS")): Object: 'Object Repository/UI/General/Log/a_signOutAMPS' is clicked on

2019-01-23 22:35:25 - [MESSAGE][PASSED] - Object: 'Object Repository/UI/General/Log/a_signOutAMPS' is clicked on

2019-01-23 22:35:25 - [TEST_STEP][PASSED] - delay(1): Delayed 1 second(s)

2019-01-23 22:35:26 - [MESSAGE][PASSED] - Delayed 1 second(s)

2019-01-23 22:35:26 - [TEST_STEP][PASSED] - closeBrowser(): Browser is closed

2019-01-23 22:35:27 - [MESSAGE][PASSED] - Browser is closed]]></system-out>
         <system-err><![CDATA[]]></system-err>
      </testcase>
      <testcase name="Test Cases/UI/Client/Rule Editor/Delete Rule Set" classname="Test Cases/UI/Client/Rule Editor/Delete Rule Set" status="PASSED">
         <system-out><![CDATA[2019-01-23 22:35:27 - [TEST_CASE][PASSED] - Test Cases/UI/Client/Rule Editor/Delete Rule Set: Test Cases/UI/Client/Rule Editor/Delete Rule Set

2019-01-23 22:35:27 - [TEST_STEP][PASSED] - UAT = "https://uat.advancedpricing.com": null

2019-01-23 22:35:27 - [TEST_STEP][PASSED] - USER = "qaAuto": null

2019-01-23 22:35:27 - [TEST_STEP][PASSED] - PASSWD = "a9yk100dD": null

2019-01-23 22:35:27 - [TEST_STEP][PASSED] - RULESETNAME = "AAAAAAN Empty Rule Set": null

2019-01-23 22:35:27 - [TEST_STEP][PASSED] - VALIDFROM = "01/02/2019": null

2019-01-23 22:35:27 - [TEST_STEP][PASSED] - VALIDTO = "12/31/2019": null

2019-01-23 22:35:27 - [TEST_STEP][PASSED] - RULESETTYPE = "Claim": null

2019-01-23 22:35:27 - [TEST_STEP][PASSED] - RULENAME = "Second Rule": null

2019-01-23 22:35:27 - [TEST_STEP][PASSED] - openBrowser(""): Browser is opened with url: ''

2019-01-23 22:35:27 - [MESSAGE][INFO] - Starting 'Chrome' driver

2019-01-23 22:35:29 - [MESSAGE][PASSED] - Browser is opened with url: ''

2019-01-23 22:35:29 - [TEST_STEP][PASSED] - maximizeWindow(): Current window maximized

2019-01-23 22:35:31 - [MESSAGE][PASSED] - Current window maximized

2019-01-23 22:35:31 - [TEST_STEP][PASSED] - navigateToUrl(UAT): Navigate to 'https://uat.advancedpricing.com' successfully

2019-01-23 22:35:32 - [MESSAGE][PASSED] - Navigate to 'https://uat.advancedpricing.com' successfully

2019-01-23 22:35:32 - [TEST_STEP][PASSED] - waitForPageLoad(5): Wait for page load successfully

2019-01-23 22:35:32 - [MESSAGE][PASSED] - Wait for page load successfully

2019-01-23 22:35:32 - [TEST_STEP][PASSED] - setText(findTestObject("UI/Client/Claim Services/input_userCode"), USER): Text 'qaAuto' is set on object 'Object Repository/UI/Client/Claim Services/input_userCode'

2019-01-23 22:35:33 - [MESSAGE][PASSED] - Text 'qaAuto' is set on object 'Object Repository/UI/Client/Claim Services/input_userCode'

2019-01-23 22:35:33 - [TEST_STEP][PASSED] - setText(findTestObject("UI/Client/Claim Services/input_userPassword"), PASSWD): Text 'a9yk100dD' is set on object 'Object Repository/UI/Client/Claim Services/input_userPassword'

2019-01-23 22:35:33 - [MESSAGE][PASSED] - Text 'a9yk100dD' is set on object 'Object Repository/UI/Client/Claim Services/input_userPassword'

2019-01-23 22:35:33 - [TEST_STEP][PASSED] - waitForElementClickable(findTestObject("UI/Client/Claim Services/input_loginButton"), 5): Object 'Object Repository/UI/Client/Claim Services/input_loginButton' is clickable

2019-01-23 22:35:33 - [MESSAGE][PASSED] - Object 'Object Repository/UI/Client/Claim Services/input_loginButton' is clickable

2019-01-23 22:35:33 - [TEST_STEP][PASSED] - click(findTestObject("UI/Client/Claim Services/input_loginButton")): Object: 'Object Repository/UI/Client/Claim Services/input_loginButton' is clicked on

2019-01-23 22:35:33 - [MESSAGE][PASSED] - Object: 'Object Repository/UI/Client/Claim Services/input_loginButton' is clicked on

2019-01-23 22:35:33 - [TEST_STEP][PASSED] - delay(1): Delayed 1 second(s)

2019-01-23 22:35:34 - [MESSAGE][PASSED] - Delayed 1 second(s)

2019-01-23 22:35:34 - [TEST_STEP][PASSED] - waitForPageLoad(5): Wait for page load successfully

2019-01-23 22:35:34 - [MESSAGE][PASSED] - Wait for page load successfully

2019-01-23 22:35:34 - [TEST_STEP][PASSED] - waitForElementPresent(findTestObject("UI/Client/Rule Editor/h1_Clients"), 5): Object 'Object Repository/UI/Client/Rule Editor/h1_Clients' is present

2019-01-23 22:35:34 - [MESSAGE][PASSED] - Object 'Object Repository/UI/Client/Rule Editor/h1_Clients' is present

2019-01-23 22:35:34 - [TEST_STEP][PASSED] - pageTitle = getText(findTestObject("UI/Client/Rule Editor/h1_Clients")): Text of object 'Object Repository/UI/Client/Rule Editor/h1_Clients' is: 'Clients'

2019-01-23 22:35:34 - [MESSAGE][PASSED] - Text of object 'Object Repository/UI/Client/Rule Editor/h1_Clients' is: 'Clients'

2019-01-23 22:35:34 - [TEST_STEP][PASSED] - verifyMatch(pageTitle, "Clients", false): Actual text 'Clients' and expected text 'Clients' are matched 

2019-01-23 22:35:34 - [MESSAGE][PASSED] - Actual text 'Clients' and expected text 'Clients' are matched 

2019-01-23 22:35:34 - [TEST_STEP][PASSED] - delay(3): Delayed 3 second(s)

2019-01-23 22:35:37 - [MESSAGE][PASSED] - Delayed 3 second(s)

2019-01-23 22:35:37 - [TEST_STEP][PASSED] - waitForElementClickable(findTestObject("UI/Client/Rule Editor/span_ruleEditorMenu"), 5): Object 'Object Repository/UI/Client/Rule Editor/span_ruleEditorMenu' is clickable

2019-01-23 22:35:37 - [MESSAGE][PASSED] - Object 'Object Repository/UI/Client/Rule Editor/span_ruleEditorMenu' is clickable

2019-01-23 22:35:37 - [TEST_STEP][PASSED] - click(findTestObject("UI/Client/Rule Editor/span_ruleEditorMenu")): Object: 'Object Repository/UI/Client/Rule Editor/span_ruleEditorMenu' is clicked on

2019-01-23 22:35:37 - [MESSAGE][PASSED] - Object: 'Object Repository/UI/Client/Rule Editor/span_ruleEditorMenu' is clicked on

2019-01-23 22:35:37 - [TEST_STEP][PASSED] - delay(1): Delayed 1 second(s)

2019-01-23 22:35:38 - [MESSAGE][PASSED] - Delayed 1 second(s)

2019-01-23 22:35:38 - [TEST_STEP][PASSED] - waitForPageLoad(5): Wait for page load successfully

2019-01-23 22:35:38 - [MESSAGE][PASSED] - Wait for page load successfully

2019-01-23 22:35:38 - [TEST_STEP][PASSED] - waitForElementPresent(findTestObject("UI/Client/Rule Editor/h1_ruleEditor"), 5): Object 'Object Repository/UI/Client/Rule Editor/h1_ruleEditor' is present

2019-01-23 22:35:38 - [MESSAGE][PASSED] - Object 'Object Repository/UI/Client/Rule Editor/h1_ruleEditor' is present

2019-01-23 22:35:38 - [TEST_STEP][PASSED] - pageTitle = getText(findTestObject("UI/Client/Rule Editor/h1_ruleEditor")): Text of object 'Object Repository/UI/Client/Rule Editor/h1_ruleEditor' is: 'Rule Editor'

2019-01-23 22:35:38 - [MESSAGE][PASSED] - Text of object 'Object Repository/UI/Client/Rule Editor/h1_ruleEditor' is: 'Rule Editor'

2019-01-23 22:35:38 - [TEST_STEP][PASSED] - verifyMatch(pageTitle, "Rule Editor", false): Actual text 'Rule Editor' and expected text 'Rule Editor' are matched 

2019-01-23 22:35:38 - [MESSAGE][PASSED] - Actual text 'Rule Editor' and expected text 'Rule Editor' are matched 

2019-01-23 22:35:38 - [TEST_STEP][PASSED] - delay(3): Delayed 3 second(s)

2019-01-23 22:35:41 - [MESSAGE][PASSED] - Delayed 3 second(s)

2019-01-23 22:35:41 - [TEST_STEP][PASSED] - waitForElementClickable(findTestObject("UI/Client/Rule Editor/Edit Rule Set/a_editRuleSetIcon"), 5): Object 'Object Repository/UI/Client/Rule Editor/Edit Rule Set/a_editRuleSetIcon' is clickable

2019-01-23 22:35:41 - [MESSAGE][PASSED] - Object 'Object Repository/UI/Client/Rule Editor/Edit Rule Set/a_editRuleSetIcon' is clickable

2019-01-23 22:35:41 - [TEST_STEP][PASSED] - click(findTestObject("UI/Client/Rule Editor/Edit Rule Set/a_editRuleSetIcon")): Object: 'Object Repository/UI/Client/Rule Editor/Edit Rule Set/a_editRuleSetIcon' is clicked on

2019-01-23 22:35:42 - [MESSAGE][PASSED] - Object: 'Object Repository/UI/Client/Rule Editor/Edit Rule Set/a_editRuleSetIcon' is clicked on

2019-01-23 22:35:42 - [TEST_STEP][PASSED] - delay(1): Delayed 1 second(s)

2019-01-23 22:35:43 - [MESSAGE][PASSED] - Delayed 1 second(s)

2019-01-23 22:35:43 - [TEST_STEP][PASSED] - waitForPageLoad(5): Wait for page load successfully

2019-01-23 22:35:43 - [MESSAGE][PASSED] - Wait for page load successfully

2019-01-23 22:35:43 - [TEST_STEP][PASSED] - waitForElementClickable(findTestObject("UI/Client/Rule Editor/Delete Rule Set/div_deleteRule"), 5): Object 'Object Repository/UI/Client/Rule Editor/Delete Rule Set/div_deleteRule' is clickable

2019-01-23 22:35:43 - [MESSAGE][PASSED] - Object 'Object Repository/UI/Client/Rule Editor/Delete Rule Set/div_deleteRule' is clickable

2019-01-23 22:35:43 - [TEST_STEP][PASSED] - click(findTestObject("UI/Client/Rule Editor/Delete Rule Set/div_deleteRule")): Object: 'Object Repository/UI/Client/Rule Editor/Delete Rule Set/div_deleteRule' is clicked on

2019-01-23 22:35:43 - [MESSAGE][PASSED] - Object: 'Object Repository/UI/Client/Rule Editor/Delete Rule Set/div_deleteRule' is clicked on

2019-01-23 22:35:43 - [TEST_STEP][PASSED] - delay(1): Delayed 1 second(s)

2019-01-23 22:35:44 - [MESSAGE][PASSED] - Delayed 1 second(s)

2019-01-23 22:35:44 - [TEST_STEP][PASSED] - waitForPageLoad(5): Wait for page load successfully

2019-01-23 22:35:44 - [MESSAGE][PASSED] - Wait for page load successfully

2019-01-23 22:35:44 - [TEST_STEP][PASSED] - waitForElementPresent(findTestObject("UI/Client/Rule Editor/Delete Rule Set/div_alertDeleteRule"), 5): Object 'Object Repository/UI/Client/Rule Editor/Delete Rule Set/div_alertDeleteRule' is present

2019-01-23 22:35:44 - [MESSAGE][PASSED] - Object 'Object Repository/UI/Client/Rule Editor/Delete Rule Set/div_alertDeleteRule' is present

2019-01-23 22:35:44 - [TEST_STEP][PASSED] - waitForElementVisible(findTestObject("UI/Client/Rule Editor/Delete Rule Set/div_alertDeleteRule"), 5): Object 'Object Repository/UI/Client/Rule Editor/Delete Rule Set/div_alertDeleteRule' is visible

2019-01-23 22:35:44 - [MESSAGE][PASSED] - Object 'Object Repository/UI/Client/Rule Editor/Delete Rule Set/div_alertDeleteRule' is visible

2019-01-23 22:35:44 - [TEST_STEP][PASSED] - focus(findTestObject("UI/Client/Rule Editor/Delete Rule Set/div_alertDeleteRule")): Object: 'Object Repository/UI/Client/Rule Editor/Delete Rule Set/div_alertDeleteRule' is focused

2019-01-23 22:35:44 - [MESSAGE][PASSED] - Object: 'Object Repository/UI/Client/Rule Editor/Delete Rule Set/div_alertDeleteRule' is focused

2019-01-23 22:35:44 - [TEST_STEP][PASSED] - click(findTestObject("UI/Client/Rule Editor/Delete Rule Set/button_confirmDeleteRule")): Object: 'Object Repository/UI/Client/Rule Editor/Delete Rule Set/button_confirmDeleteRule' is clicked on

2019-01-23 22:35:44 - [MESSAGE][PASSED] - Object: 'Object Repository/UI/Client/Rule Editor/Delete Rule Set/button_confirmDeleteRule' is clicked on

2019-01-23 22:35:44 - [TEST_STEP][PASSED] - delay(1): Delayed 1 second(s)

2019-01-23 22:35:45 - [MESSAGE][PASSED] - Delayed 1 second(s)

2019-01-23 22:35:45 - [TEST_STEP][PASSED] - waitForPageLoad(5): Wait for page load successfully

2019-01-23 22:35:45 - [MESSAGE][PASSED] - Wait for page load successfully

2019-01-23 22:35:45 - [TEST_STEP][PASSED] - delay(3): Delayed 3 second(s)

2019-01-23 22:35:48 - [MESSAGE][PASSED] - Delayed 3 second(s)

2019-01-23 22:35:48 - [TEST_STEP][PASSED] - verifyElementNotPresent(findTestObject("UI/Client/Rule Editor/Create Rule Set/span_firstRule"), 5): Web element with id: 'Object Repository/UI/Client/Rule Editor/Create Rule Set/span_firstRule' located by 'By.xpath: //*[@class="panel panel-primary"]//table/tbody/tr[1]/td[1]/span[contains(@class, "handle")]' is not present after '5' second(s)

2019-01-23 22:35:48 - [MESSAGE][PASSED] - Web element with id: 'Object Repository/UI/Client/Rule Editor/Create Rule Set/span_firstRule' located by 'By.xpath: //*[@class="panel panel-primary"]//table/tbody/tr[1]/td[1]/span[contains(@class, "handle")]' is not present after '5' second(s)

2019-01-23 22:35:48 - [TEST_STEP][PASSED] - delay(2): Delayed 2 second(s)

2019-01-23 22:35:50 - [MESSAGE][PASSED] - Delayed 2 second(s)

2019-01-23 22:35:50 - [TEST_STEP][PASSED] - waitForElementClickable(findTestObject("UI/Client/Rule Editor/Create Rule Set/button_saveRuleSet"), 5): Object 'Object Repository/UI/Client/Rule Editor/Create Rule Set/button_saveRuleSet' is clickable

2019-01-23 22:35:50 - [MESSAGE][PASSED] - Object 'Object Repository/UI/Client/Rule Editor/Create Rule Set/button_saveRuleSet' is clickable

2019-01-23 22:35:50 - [TEST_STEP][PASSED] - click(findTestObject("UI/Client/Rule Editor/Create Rule Set/button_saveRuleSet")): Object: 'Object Repository/UI/Client/Rule Editor/Create Rule Set/button_saveRuleSet' is clicked on

2019-01-23 22:35:50 - [MESSAGE][PASSED] - Object: 'Object Repository/UI/Client/Rule Editor/Create Rule Set/button_saveRuleSet' is clicked on

2019-01-23 22:35:50 - [TEST_STEP][PASSED] - delay(1): Delayed 1 second(s)

2019-01-23 22:35:51 - [MESSAGE][PASSED] - Delayed 1 second(s)

2019-01-23 22:35:51 - [TEST_STEP][PASSED] - waitForPageLoad(5): Wait for page load successfully

2019-01-23 22:35:51 - [MESSAGE][PASSED] - Wait for page load successfully

2019-01-23 22:35:51 - [TEST_STEP][PASSED] - waitForElementPresent(findTestObject("UI/Client/Rule Editor/Create Rule Set/div_alertRuleAdded"), 5): Object 'Object Repository/UI/Client/Rule Editor/Create Rule Set/div_alertRuleAdded' is present

2019-01-23 22:35:51 - [MESSAGE][PASSED] - Object 'Object Repository/UI/Client/Rule Editor/Create Rule Set/div_alertRuleAdded' is present

2019-01-23 22:35:51 - [TEST_STEP][PASSED] - waitForElementVisible(findTestObject("UI/Client/Rule Editor/Create Rule Set/div_alertRuleAdded"), 5): Object 'Object Repository/UI/Client/Rule Editor/Create Rule Set/div_alertRuleAdded' is visible

2019-01-23 22:35:51 - [MESSAGE][PASSED] - Object 'Object Repository/UI/Client/Rule Editor/Create Rule Set/div_alertRuleAdded' is visible

2019-01-23 22:35:51 - [TEST_STEP][PASSED] - focus(findTestObject("UI/Client/Rule Editor/Create Rule Set/div_alertRuleAdded")): Object: 'Object Repository/UI/Client/Rule Editor/Create Rule Set/div_alertRuleAdded' is focused

2019-01-23 22:35:51 - [MESSAGE][PASSED] - Object: 'Object Repository/UI/Client/Rule Editor/Create Rule Set/div_alertRuleAdded' is focused

2019-01-23 22:35:51 - [TEST_STEP][PASSED] - click(findTestObject("UI/Client/Rule Editor/Create Rule Set/button_acceptRuleSetSavedPopUp")): Object: 'Object Repository/UI/Client/Rule Editor/Create Rule Set/button_acceptRuleSetSavedPopUp' is clicked on

2019-01-23 22:35:51 - [MESSAGE][PASSED] - Object: 'Object Repository/UI/Client/Rule Editor/Create Rule Set/button_acceptRuleSetSavedPopUp' is clicked on

2019-01-23 22:35:51 - [TEST_STEP][PASSED] - delay(1): Delayed 1 second(s)

2019-01-23 22:35:52 - [MESSAGE][PASSED] - Delayed 1 second(s)

2019-01-23 22:35:52 - [TEST_STEP][PASSED] - waitForPageLoad(5): Wait for page load successfully

2019-01-23 22:35:52 - [MESSAGE][PASSED] - Wait for page load successfully

2019-01-23 22:35:52 - [TEST_STEP][PASSED] - delay(3): Delayed 3 second(s)

2019-01-23 22:35:55 - [MESSAGE][PASSED] - Delayed 3 second(s)

2019-01-23 22:35:55 - [TEST_STEP][PASSED] - waitForElementPresent(findTestObject("UI/Client/Rule Editor/Create Rule Set/td_ruleSetAddedList"), 5): Object 'Object Repository/UI/Client/Rule Editor/Create Rule Set/td_ruleSetAddedList' is present

2019-01-23 22:35:55 - [MESSAGE][PASSED] - Object 'Object Repository/UI/Client/Rule Editor/Create Rule Set/td_ruleSetAddedList' is present

2019-01-23 22:35:55 - [TEST_STEP][PASSED] - firstRuleSetName = getText(findTestObject("UI/Client/Rule Editor/Create Rule Set/td_ruleSetAddedList")): Text of object 'Object Repository/UI/Client/Rule Editor/Create Rule Set/td_ruleSetAddedList' is: 'AAAAAAN Empty Rule Set'

2019-01-23 22:35:55 - [MESSAGE][PASSED] - Text of object 'Object Repository/UI/Client/Rule Editor/Create Rule Set/td_ruleSetAddedList' is: 'AAAAAAN Empty Rule Set'

2019-01-23 22:35:55 - [TEST_STEP][PASSED] - verifyMatch(firstRuleSetName, RULESETNAME, false): Actual text 'AAAAAAN Empty Rule Set' and expected text 'AAAAAAN Empty Rule Set' are matched 

2019-01-23 22:35:55 - [MESSAGE][PASSED] - Actual text 'AAAAAAN Empty Rule Set' and expected text 'AAAAAAN Empty Rule Set' are matched 

2019-01-23 22:35:55 - [TEST_STEP][PASSED] - delay(3): Delayed 3 second(s)

2019-01-23 22:35:58 - [MESSAGE][PASSED] - Delayed 3 second(s)

2019-01-23 22:35:58 - [TEST_STEP][PASSED] - waitForElementClickable(findTestObject("UI/Client/Rule Editor/Delete Rule Set/div_deleteRuleSet"), 5): Object 'Object Repository/UI/Client/Rule Editor/Delete Rule Set/div_deleteRuleSet' is clickable

2019-01-23 22:35:58 - [MESSAGE][PASSED] - Object 'Object Repository/UI/Client/Rule Editor/Delete Rule Set/div_deleteRuleSet' is clickable

2019-01-23 22:35:58 - [TEST_STEP][PASSED] - click(findTestObject("UI/Client/Rule Editor/Delete Rule Set/div_deleteRuleSet")): Object: 'Object Repository/UI/Client/Rule Editor/Delete Rule Set/div_deleteRuleSet' is clicked on

2019-01-23 22:35:59 - [MESSAGE][PASSED] - Object: 'Object Repository/UI/Client/Rule Editor/Delete Rule Set/div_deleteRuleSet' is clicked on

2019-01-23 22:35:59 - [TEST_STEP][PASSED] - delay(1): Delayed 1 second(s)

2019-01-23 22:36:00 - [MESSAGE][PASSED] - Delayed 1 second(s)

2019-01-23 22:36:00 - [TEST_STEP][PASSED] - waitForPageLoad(5): Wait for page load successfully

2019-01-23 22:36:00 - [MESSAGE][PASSED] - Wait for page load successfully

2019-01-23 22:36:00 - [TEST_STEP][PASSED] - waitForElementPresent(findTestObject("UI/Client/Rule Editor/Delete Rule Set/div_alertDeleteRule"), 5): Object 'Object Repository/UI/Client/Rule Editor/Delete Rule Set/div_alertDeleteRule' is present

2019-01-23 22:36:00 - [MESSAGE][PASSED] - Object 'Object Repository/UI/Client/Rule Editor/Delete Rule Set/div_alertDeleteRule' is present

2019-01-23 22:36:00 - [TEST_STEP][PASSED] - waitForElementVisible(findTestObject("UI/Client/Rule Editor/Delete Rule Set/div_alertDeleteRule"), 5): Object 'Object Repository/UI/Client/Rule Editor/Delete Rule Set/div_alertDeleteRule' is visible

2019-01-23 22:36:00 - [MESSAGE][PASSED] - Object 'Object Repository/UI/Client/Rule Editor/Delete Rule Set/div_alertDeleteRule' is visible

2019-01-23 22:36:00 - [TEST_STEP][PASSED] - focus(findTestObject("UI/Client/Rule Editor/Delete Rule Set/div_alertDeleteRule")): Object: 'Object Repository/UI/Client/Rule Editor/Delete Rule Set/div_alertDeleteRule' is focused

2019-01-23 22:36:00 - [MESSAGE][PASSED] - Object: 'Object Repository/UI/Client/Rule Editor/Delete Rule Set/div_alertDeleteRule' is focused

2019-01-23 22:36:00 - [TEST_STEP][PASSED] - click(findTestObject("UI/Client/Rule Editor/Delete Rule Set/button_confirmDeleteRule")): Object: 'Object Repository/UI/Client/Rule Editor/Delete Rule Set/button_confirmDeleteRule' is clicked on

2019-01-23 22:36:00 - [MESSAGE][PASSED] - Object: 'Object Repository/UI/Client/Rule Editor/Delete Rule Set/button_confirmDeleteRule' is clicked on

2019-01-23 22:36:00 - [TEST_STEP][PASSED] - delay(1): Delayed 1 second(s)

2019-01-23 22:36:01 - [MESSAGE][PASSED] - Delayed 1 second(s)

2019-01-23 22:36:01 - [TEST_STEP][PASSED] - waitForPageLoad(5): Wait for page load successfully

2019-01-23 22:36:01 - [MESSAGE][PASSED] - Wait for page load successfully

2019-01-23 22:36:01 - [TEST_STEP][PASSED] - delay(3): Delayed 3 second(s)

2019-01-23 22:36:04 - [MESSAGE][PASSED] - Delayed 3 second(s)

2019-01-23 22:36:04 - [TEST_STEP][PASSED] - waitForElementPresent(findTestObject("UI/Client/Rule Editor/Create Rule Set/td_ruleSetAddedList"), 5): Object 'Object Repository/UI/Client/Rule Editor/Create Rule Set/td_ruleSetAddedList' is present

2019-01-23 22:36:04 - [MESSAGE][PASSED] - Object 'Object Repository/UI/Client/Rule Editor/Create Rule Set/td_ruleSetAddedList' is present

2019-01-23 22:36:04 - [TEST_STEP][PASSED] - firstRuleSetName = getText(findTestObject("UI/Client/Rule Editor/Create Rule Set/td_ruleSetAddedList")): Text of object 'Object Repository/UI/Client/Rule Editor/Create Rule Set/td_ruleSetAddedList' is: 'CBS Claim Load'

2019-01-23 22:36:04 - [MESSAGE][PASSED] - Text of object 'Object Repository/UI/Client/Rule Editor/Create Rule Set/td_ruleSetAddedList' is: 'CBS Claim Load'

2019-01-23 22:36:04 - [TEST_STEP][PASSED] - verifyNotMatch(firstRuleSetName, RULESETNAME, false): Actual text 'CBS Claim Load' and expected text 'AAAAAAN Empty Rule Set' are not matched 

2019-01-23 22:36:04 - [MESSAGE][PASSED] - Actual text 'CBS Claim Load' and expected text 'AAAAAAN Empty Rule Set' are not matched 

2019-01-23 22:36:04 - [TEST_STEP][PASSED] - delay(3): Delayed 3 second(s)

2019-01-23 22:36:07 - [MESSAGE][PASSED] - Delayed 3 second(s)

2019-01-23 22:36:07 - [TEST_STEP][PASSED] - waitForElementPresent(findTestObject("UI/Client/Rule Editor/Delete Rule Set/div_alertDeleteRule"), 5): Object 'Object Repository/UI/Client/Rule Editor/Delete Rule Set/div_alertDeleteRule' is present

2019-01-23 22:36:07 - [MESSAGE][PASSED] - Object 'Object Repository/UI/Client/Rule Editor/Delete Rule Set/div_alertDeleteRule' is present

2019-01-23 22:36:07 - [TEST_STEP][PASSED] - waitForElementVisible(findTestObject("UI/Client/Rule Editor/Delete Rule Set/div_alertDeleteRule"), 5): Object 'Object Repository/UI/Client/Rule Editor/Delete Rule Set/div_alertDeleteRule' is visible

2019-01-23 22:36:07 - [MESSAGE][PASSED] - Object 'Object Repository/UI/Client/Rule Editor/Delete Rule Set/div_alertDeleteRule' is visible

2019-01-23 22:36:07 - [TEST_STEP][PASSED] - focus(findTestObject("UI/Client/Rule Editor/Delete Rule Set/div_alertDeleteRule")): Object: 'Object Repository/UI/Client/Rule Editor/Delete Rule Set/div_alertDeleteRule' is focused

2019-01-23 22:36:07 - [MESSAGE][PASSED] - Object: 'Object Repository/UI/Client/Rule Editor/Delete Rule Set/div_alertDeleteRule' is focused

2019-01-23 22:36:07 - [TEST_STEP][PASSED] - click(findTestObject("UI/Client/Rule Editor/Delete Rule Set/button_confirmDeleteRule")): Object: 'Object Repository/UI/Client/Rule Editor/Delete Rule Set/button_confirmDeleteRule' is clicked on

2019-01-23 22:36:07 - [MESSAGE][PASSED] - Object: 'Object Repository/UI/Client/Rule Editor/Delete Rule Set/button_confirmDeleteRule' is clicked on

2019-01-23 22:36:07 - [TEST_STEP][PASSED] - delay(1): Delayed 1 second(s)

2019-01-23 22:36:08 - [MESSAGE][PASSED] - Delayed 1 second(s)

2019-01-23 22:36:08 - [TEST_STEP][PASSED] - waitForPageLoad(5): Wait for page load successfully

2019-01-23 22:36:08 - [MESSAGE][PASSED] - Wait for page load successfully

2019-01-23 22:36:08 - [TEST_STEP][PASSED] - delay(3): Delayed 3 second(s)

2019-01-23 22:36:11 - [MESSAGE][PASSED] - Delayed 3 second(s)

2019-01-23 22:36:11 - [TEST_STEP][PASSED] - waitForElementClickable(findTestObject("UI/General/Log/a_userAvatar"), 5): Object 'Object Repository/UI/General/Log/a_userAvatar' is clickable

2019-01-23 22:36:11 - [MESSAGE][PASSED] - Object 'Object Repository/UI/General/Log/a_userAvatar' is clickable

2019-01-23 22:36:11 - [TEST_STEP][PASSED] - click(findTestObject("UI/General/Log/a_userAvatar")): Object: 'Object Repository/UI/General/Log/a_userAvatar' is clicked on

2019-01-23 22:36:11 - [MESSAGE][PASSED] - Object: 'Object Repository/UI/General/Log/a_userAvatar' is clicked on

2019-01-23 22:36:11 - [TEST_STEP][PASSED] - delay(1): Delayed 1 second(s)

2019-01-23 22:36:12 - [MESSAGE][PASSED] - Delayed 1 second(s)

2019-01-23 22:36:12 - [TEST_STEP][PASSED] - waitForElementClickable(findTestObject("UI/General/Log/a_signOutAMPS"), 5): Object 'Object Repository/UI/General/Log/a_signOutAMPS' is clickable

2019-01-23 22:36:12 - [MESSAGE][PASSED] - Object 'Object Repository/UI/General/Log/a_signOutAMPS' is clickable

2019-01-23 22:36:12 - [TEST_STEP][PASSED] - click(findTestObject("UI/General/Log/a_signOutAMPS")): Object: 'Object Repository/UI/General/Log/a_signOutAMPS' is clicked on

2019-01-23 22:36:12 - [MESSAGE][PASSED] - Object: 'Object Repository/UI/General/Log/a_signOutAMPS' is clicked on

2019-01-23 22:36:12 - [TEST_STEP][PASSED] - delay(1): Delayed 1 second(s)

2019-01-23 22:36:13 - [MESSAGE][PASSED] - Delayed 1 second(s)

2019-01-23 22:36:13 - [TEST_STEP][PASSED] - closeBrowser(): Browser is closed

2019-01-23 22:36:14 - [MESSAGE][PASSED] - Browser is closed]]></system-out>
         <system-err><![CDATA[]]></system-err>
      </testcase>
      <system-out><![CDATA[2019-01-23 22:31:45 - [TEST_SUITE][PASSED] - Rule Editor: Test Cases/UI/Client/Rule Editor/Delete Rule Set]]></system-out>
      <system-err><![CDATA[]]></system-err>
   </testsuite>
</testsuites>
